#
# A fatal error has been detected by the Java Runtime Environment:
#
#  SIGSEGV (0xb) at pc=0x7a9cbd5a, pid=9039, tid=2060450672
#
# JRE version: 6.0_26-b03
# Java VM: Java HotSpot(TM) Server VM (20.1-b02 mixed mode linux-x86 )
# Problematic frame:
# C  [libOpenNI.so+0x33d5a]  long long+0x1a
#
# If you would like to submit a bug report, please visit:
#   http://java.sun.com/webapps/bugreport/crash.jsp
# The crash happened outside the Java Virtual Machine in native code.
# See problematic frame for where to report the bug.
#

---------------  T H R E A D  ---------------

Current thread (0x09b59c00):  JavaThread "Animation Thread" [_thread_in_native, id=9065, stack(0x7acaf000,0x7ad00000)]

siginfo:si_signo=SIGSEGV: si_errno=0, si_code=1 (SEGV_MAPERR), si_addr=0x00000000

Registers:
EAX=0x00000000, EBX=0x7aa15ff4, ECX=0x00000001, EDX=0x09abb860
ESP=0x7acfec40, EBP=0x7acfec68, ESI=0x00000000, EDI=0x09b59c00
EIP=0x7a9cbd5a, EFLAGS=0x00010202, CR2=0x00000000

Top of Stack: (sp=0x7acfec40)
0x7acfec40:   7a99adec 7aafcff4 7cb96270 09b59c00
0x7acfec50:   7acfec88 b7745c30 09abb860 7a9cbd40
0x7acfec60:   7aafcff4 7cb96270 7acfec88 7aab298c
0x7acfec70:   00000000 09abb860 09abb860 7aab2966
0x7acfec80:   09abb7f0 7aafcff4 7acfecb8 7aab96f1
0x7acfec90:   09abb7f0 09abb860 00000000 00000000
0x7acfeca0:   7acfecd8 b7745c30 09b59c00 7aab9601
0x7acfecb0:   7aafcff4 7cb96270 7acfecd8 7aab9825 

Instructions: (pc=0x7a9cbd5a)
0x7a9cbd3a:   bc 27 00 00 00 00 55 89 e5 83 ec 28 89 75 fc 8b
0x7a9cbd4a:   75 08 89 5d f8 e8 13 a8 fd ff 81 c3 a0 a2 04 00
0x7a9cbd5a:   8b 06 8b 50 08 85 d2 74 0c 8b 40 04 8b 00 a9 00
0x7a9cbd6a:   00 01 00 75 11 8b 5d f8 b8 12 00 01 00 8b 75 fc 

Register to memory mapping:

EAX=0x00000000 is an unknown value
EBX=0x7aa15ff4: <offset 0x7dff4> in /usr/lib/libOpenNI.so at 0x7a998000
ECX=0x00000001 is an unknown value
EDX=0x09abb860 is an unknown value
ESP=0x7acfec40 is pointing into the stack for thread: 0x09b59c00
EBP=0x7acfec68 is pointing into the stack for thread: 0x09b59c00
ESI=0x00000000 is an unknown value
EDI=0x09b59c00 is a thread


Stack: [0x7acaf000,0x7ad00000],  sp=0x7acfec40,  free space=319k
Native frames: (J=compiled Java code, j=interpreted, Vv=VM code, C=native code)
C  [libOpenNI.so+0x33d5a]  long long+0x1a
C  [libSimpleOpenNI.so+0x9a98c]  xn::MapGenerator::SetMapOutputMode(XnMapOutputMode const&)+0x26
C  [libSimpleOpenNI.so+0xa16f1]  sOpenNI::ContextWrapper::createDepth(bool)+0xdb
C  [libSimpleOpenNI.so+0xa1825]  sOpenNI::ContextWrapper::enableDepth()+0x6b
C  [libSimpleOpenNI.so+0x848c6]  Java_SimpleOpenNI_SimpleOpenNIJNI_ContextWrapper_1enableDepthSwigExplicitContextWrapper_1_1SWIG_10+0x3c
j  SimpleOpenNI.SimpleOpenNIJNI.ContextWrapper_enableDepthSwigExplicitContextWrapper__SWIG_0(JLSimpleOpenNI/ContextWrapper;)Z+0
j  SimpleOpenNI.ContextWrapper.enableDepth()Z+26
j  SimpleOpenNI.SimpleOpenNI.enableDepth()Z+1
j  remixlab.devices.Kinect.<init>(Lprocessing/core/PApplet;Lremixlab/proscene/Scene;)V+56
j  devices3d.Devices3d.setup()V+302
j  processing.core.PApplet.handleDraw()V+65
j  processing.core.PApplet.run()V+72
j  java.lang.Thread.run()V+11
v  ~StubRoutines::call_stub
V  [libjvm.so+0x3dff01]  JavaCalls::call_helper(JavaValue*, methodHandle*, JavaCallArguments*, Thread*)+0x1c1
V  [libjvm.so+0x5e1298]  os::os_exception_wrapper(void (*)(JavaValue*, methodHandle*, JavaCallArguments*, Thread*), JavaValue*, methodHandle*, JavaCallArguments*, Thread*)+0x18
V  [libjvm.so+0x3df775]  JavaCalls::call_virtual(JavaValue*, KlassHandle, symbolHandle, symbolHandle, JavaCallArguments*, Thread*)+0xc5
V  [libjvm.so+0x3df838]  JavaCalls::call_virtual(JavaValue*, Handle, KlassHandle, symbolHandle, symbolHandle, Thread*)+0x58
V  [libjvm.so+0x4642d7]  thread_entry(JavaThread*, Thread*)+0xa7
V  [libjvm.so+0x6e16bf]  JavaThread::run()+0x11f
V  [libjvm.so+0x5e2aee]  java_start(Thread*)+0x14e
C  [libpthread.so.0+0x6d31]  short+0xd1

Java frames: (J=compiled Java code, j=interpreted, Vv=VM code)
j  SimpleOpenNI.SimpleOpenNIJNI.ContextWrapper_enableDepthSwigExplicitContextWrapper__SWIG_0(JLSimpleOpenNI/ContextWrapper;)Z+0
j  SimpleOpenNI.ContextWrapper.enableDepth()Z+26
j  SimpleOpenNI.SimpleOpenNI.enableDepth()Z+1
j  remixlab.devices.Kinect.<init>(Lprocessing/core/PApplet;Lremixlab/proscene/Scene;)V+56
j  devices3d.Devices3d.setup()V+302
j  processing.core.PApplet.handleDraw()V+65
j  processing.core.PApplet.run()V+72
j  java.lang.Thread.run()V+11
v  ~StubRoutines::call_stub

---------------  P R O C E S S  ---------------

Java Threads: ( => current thread )
  0x7bddc000 JavaThread "process reaper" daemon [_thread_in_native, id=9070, stack(0x7ac5e000,0x7acaf000)]
=>0x09b59c00 JavaThread "Animation Thread" [_thread_in_native, id=9065, stack(0x7acaf000,0x7ad00000)]
  0x09874c00 JavaThread "AWT-EventQueue-1" [_thread_blocked, id=9064, stack(0x7ae07000,0x7ae58000)]
  0x7ab15000 JavaThread "DestroyJavaVM" [_thread_blocked, id=9044, stack(0xb68cd000,0xb691e000)]
  0x7adfa800 JavaThread "AWT-EventQueue-0" [_thread_blocked, id=9062, stack(0x7ae58000,0x7aea9000)]
  0x7adfa400 JavaThread "AWT-Shutdown" [_thread_blocked, id=9061, stack(0x7aea9000,0x7aefa000)]
  0x09aafc00 JavaThread "thread applet-devices3d.Devices3d.class" [_thread_blocked, id=9060, stack(0x7b095000,0x7b0e6000)]
  0x09aa8c00 JavaThread "AWT-XAWT" daemon [_thread_in_native, id=9058, stack(0x7b0e6000,0x7b137000)]
  0x09a0d400 JavaThread "Java2D Disposer" daemon [_thread_blocked, id=9057, stack(0x7b18b000,0x7b1dc000)]
  0x0992f800 JavaThread "Low Memory Detector" daemon [_thread_blocked, id=9055, stack(0x7b58d000,0x7b5de000)]
  0x0992dc00 JavaThread "C2 CompilerThread1" daemon [_thread_blocked, id=9054, stack(0x7b5de000,0x7b65f000)]
  0x0992bc00 JavaThread "C2 CompilerThread0" daemon [_thread_blocked, id=9053, stack(0x7b65f000,0x7b6e0000)]
  0x0992a400 JavaThread "Signal Dispatcher" daemon [_thread_blocked, id=9052, stack(0x7b6e0000,0x7b731000)]
  0x0991c000 JavaThread "Finalizer" daemon [_thread_blocked, id=9051, stack(0x7be4e000,0x7be9f000)]
  0x09917400 JavaThread "Reference Handler" daemon [_thread_blocked, id=9050, stack(0x7ba62000,0x7bab3000)]

Other Threads:
  0x09913800 VMThread [stack: 0x7bab3000,0x7bb34000] [id=9049]
  0x09939800 WatcherThread [stack: 0x7b50c000,0x7b58d000] [id=9056]

VM state:not at safepoint (normal execution)

VM Mutex/Monitor currently owned by a thread: None

Heap
 PSYoungGen      total 15296K, used 10368K [0xa2640000, 0xa4420000, 0xb3790000)
  eden space 13120K, 66% used [0xa2640000,0xa2ecbc88,0xa3310000)
  from space 2176K, 74% used [0xa3310000,0xa34a4698,0xa3530000)
  to   space 2176K, 0% used [0xa4200000,0xa4200000,0xa4420000)
 PSOldGen        total 35008K, used 5968K [0x80390000, 0x825c0000, 0xa2640000)
  object space 35008K, 17% used [0x80390000,0x80964310,0x825c0000)
 PSPermGen       total 16384K, used 8335K [0x7c390000, 0x7d390000, 0x80390000)
  object space 16384K, 50% used [0x7c390000,0x7cbb3f68,0x7d390000)

Code Cache  [0xb3851000, 0xb3a91000, 0xb6851000)
 total_blobs=329 nmethods=40 adapters=244 free_code_cache=49886976 largest_free_block=11776

Dynamic libraries:
08048000-08052000 r-xp 00000000 08:08 1181081    /usr/lib/jvm/java-6-sun-1.6.0.26/jre/bin/java
08052000-08053000 rwxp 00009000 08:08 1181081    /usr/lib/jvm/java-6-sun-1.6.0.26/jre/bin/java
0986e000-09bd0000 rwxp 00000000 00:00 0          [heap]
7928c000-79315000 r-xp 00000000 08:08 1070238    /usr/lib/libXnDeviceSensorV2KM.so
79315000-7931e000 r-xp 00088000 08:08 1070238    /usr/lib/libXnDeviceSensorV2KM.so
7931e000-7931f000 rwxp 00091000 08:08 1070238    /usr/lib/libXnDeviceSensorV2KM.so
7931f000-793ff000 r-xp 00000000 08:08 1064091    /usr/lib/libXnVHandGenerator_1_5_0.so
793ff000-79402000 r-xp 000df000 08:08 1064091    /usr/lib/libXnVHandGenerator_1_5_0.so
79402000-79403000 rwxp 000e2000 08:08 1064091    /usr/lib/libXnVHandGenerator_1_5_0.so
79403000-7940f000 rwxp 00000000 00:00 0 
7940f000-79802000 r-xp 00000000 08:08 1064087    /usr/lib/libXnVFeatures_1_5_0.so
79802000-79803000 ---p 003f3000 08:08 1064087    /usr/lib/libXnVFeatures_1_5_0.so
79803000-7980b000 r-xp 003f3000 08:08 1064087    /usr/lib/libXnVFeatures_1_5_0.so
7980b000-7980c000 rwxp 003fb000 08:08 1064087    /usr/lib/libXnVFeatures_1_5_0.so
7980c000-79820000 rwxp 00000000 00:00 0 
79820000-7984d000 r-xp 00000000 08:08 1064003    /usr/lib/libXnDeviceFile.so
7984d000-7984e000 r-xp 0002d000 08:08 1064003    /usr/lib/libXnDeviceFile.so
7984e000-7984f000 rwxp 0002e000 08:08 1064003    /usr/lib/libXnDeviceFile.so
7984f000-798a1000 r-xp 00000000 08:08 1064002    /usr/lib/libXnDDK.so
798a1000-798a3000 r-xp 00051000 08:08 1064002    /usr/lib/libXnDDK.so
798a3000-798a4000 rwxp 00053000 08:08 1064002    /usr/lib/libXnDDK.so
798a4000-798c8000 r-xp 00000000 08:08 1064005    /usr/lib/libXnFormats.so
798c8000-798c9000 r-xp 00023000 08:08 1064005    /usr/lib/libXnFormats.so
798c9000-798ca000 rwxp 00024000 08:08 1064005    /usr/lib/libXnFormats.so
798ca000-798ea000 rwxp 00000000 00:00 0 
79906000-7999f000 r-xp 00000000 08:08 1064004    /usr/lib/libXnDeviceSensorV2.so
7999f000-799a8000 r-xp 00098000 08:08 1064004    /usr/lib/libXnDeviceSensorV2.so
799a8000-799a9000 rwxp 000a1000 08:08 1064004    /usr/lib/libXnDeviceSensorV2.so
799a9000-79a8c000 r-xp 00000000 08:08 1064000    /usr/lib/libXnVHandGenerator_1_5_2.so
79a8c000-79a8f000 r-xp 000e3000 08:08 1064000    /usr/lib/libXnVHandGenerator_1_5_2.so
79a8f000-79a90000 rwxp 000e6000 08:08 1064000    /usr/lib/libXnVHandGenerator_1_5_2.so
79a90000-79a9c000 rwxp 00000000 00:00 0 
79a9c000-79b71000 r-xp 00000000 08:08 1063997    /usr/lib/libXnVHandGenerator_1_4_2.so
79b71000-79b72000 ---p 000d5000 08:08 1063997    /usr/lib/libXnVHandGenerator_1_4_2.so
79b72000-79b74000 r-xp 000d5000 08:08 1063997    /usr/lib/libXnVHandGenerator_1_4_2.so
79b74000-79b75000 rwxp 000d7000 08:08 1063997    /usr/lib/libXnVHandGenerator_1_4_2.so
79b75000-79b77000 rwxp 00000000 00:00 0 
79b77000-79c4b000 r-xp 00000000 08:08 1063994    /usr/lib/libXnVHandGenerator_1_4_1.so
79c4b000-79c4c000 ---p 000d4000 08:08 1063994    /usr/lib/libXnVHandGenerator_1_4_1.so
79c4c000-79c4e000 r-xp 000d4000 08:08 1063994    /usr/lib/libXnVHandGenerator_1_4_1.so
79c4e000-79c4f000 rwxp 000d6000 08:08 1063994    /usr/lib/libXnVHandGenerator_1_4_1.so
79c4f000-79c51000 rwxp 00000000 00:00 0 
79c51000-79d2f000 r-xp 00000000 08:08 1063991    /usr/lib/libXnVHandGenerator_1_3_1.so
79d2f000-79d32000 r-xp 000dd000 08:08 1063991    /usr/lib/libXnVHandGenerator_1_3_1.so
79d32000-79d33000 rwxp 000e0000 08:08 1063991    /usr/lib/libXnVHandGenerator_1_3_1.so
79d33000-79d35000 rwxp 00000000 00:00 0 
79d35000-7a136000 r-xp 00000000 08:08 1063984    /usr/lib/libXnVFeatures_1_5_2.so
7a136000-7a137000 ---p 00401000 08:08 1063984    /usr/lib/libXnVFeatures_1_5_2.so
7a137000-7a13f000 r-xp 00401000 08:08 1063984    /usr/lib/libXnVFeatures_1_5_2.so
7a13f000-7a140000 rwxp 00409000 08:08 1063984    /usr/lib/libXnVFeatures_1_5_2.so
7a140000-7a154000 rwxp 00000000 00:00 0 
7a154000-7a33b000 r-xp 00000000 08:08 1063973    /usr/lib/libXnVFeatures_1_4_2.so
7a33b000-7a33e000 r-xp 001e6000 08:08 1063973    /usr/lib/libXnVFeatures_1_4_2.so
7a33e000-7a33f000 rwxp 001e9000 08:08 1063973    /usr/lib/libXnVFeatures_1_4_2.so
7a33f000-7a344000 rwxp 00000000 00:00 0 
7a344000-7a52b000 r-xp 00000000 08:08 1063968    /usr/lib/libXnVFeatures_1_4_1.so
7a52b000-7a52e000 r-xp 001e6000 08:08 1063968    /usr/lib/libXnVFeatures_1_4_1.so
7a52e000-7a52f000 rwxp 001e9000 08:08 1063968    /usr/lib/libXnVFeatures_1_4_1.so
7a52f000-7a534000 rwxp 00000000 00:00 0 
7a534000-7a752000 r-xp 00000000 08:08 1063963    /usr/lib/libXnVFeatures_1_3_1.so
7a752000-7a753000 ---p 0021e000 08:08 1063963    /usr/lib/libXnVFeatures_1_3_1.so
7a753000-7a756000 r-xp 0021e000 08:08 1063963    /usr/lib/libXnVFeatures_1_3_1.so
7a756000-7a757000 rwxp 00221000 08:08 1063963    /usr/lib/libXnVFeatures_1_3_1.so
7a757000-7a75c000 rwxp 00000000 00:00 0 
7a75c000-7a77f000 r-xp 00000000 08:08 1063813    /usr/lib/libnimRecorder.so
7a77f000-7a780000 r-xp 00023000 08:08 1063813    /usr/lib/libnimRecorder.so
7a780000-7a781000 rwxp 00024000 08:08 1063813    /usr/lib/libnimRecorder.so
7a781000-7a7b5000 r-xp 00000000 08:08 1063811    /usr/lib/libnimCodecs.so
7a7b5000-7a7b6000 ---p 00034000 08:08 1063811    /usr/lib/libnimCodecs.so
7a7b6000-7a7b8000 r-xp 00034000 08:08 1063811    /usr/lib/libnimCodecs.so
7a7b8000-7a7b9000 rwxp 00036000 08:08 1063811    /usr/lib/libnimCodecs.so
7a7b9000-7a7d9000 rwxp 00000000 00:00 0 
7a7d9000-7a8b7000 r-xp 00000000 08:08 1056768    /usr/lib/i386-linux-gnu/libstdc++.so.6.0.16
7a8b7000-7a8b8000 ---p 000de000 08:08 1056768    /usr/lib/i386-linux-gnu/libstdc++.so.6.0.16
7a8b8000-7a8bc000 r-xp 000de000 08:08 1056768    /usr/lib/i386-linux-gnu/libstdc++.so.6.0.16
7a8bc000-7a8bd000 rwxp 000e2000 08:08 1056768    /usr/lib/i386-linux-gnu/libstdc++.so.6.0.16
7a8bd000-7a8c4000 rwxp 00000000 00:00 0 
7a8c4000-7a994000 r-xp 00000000 08:08 1063882    /usr/lib/libXnVNite_1_3_1.so
7a994000-7a997000 r-xp 000cf000 08:08 1063882    /usr/lib/libXnVNite_1_3_1.so
7a997000-7a998000 rwxp 000d2000 08:08 1063882    /usr/lib/libXnVNite_1_3_1.so
7a998000-7aa14000 r-xp 00000000 08:08 1063815    /usr/lib/libOpenNI.so
7aa14000-7aa16000 r-xp 0007c000 08:08 1063815    /usr/lib/libOpenNI.so
7aa16000-7aa18000 rwxp 0007e000 08:08 1063815    /usr/lib/libOpenNI.so
7aa18000-7aafa000 r-xp 00000000 08:08 1199735    /home/alejo/Dropbox/code/devices3d/lib/user/SimpleOpenNI/libSimpleOpenNI.so
7aafa000-7aafb000 ---p 000e2000 08:08 1199735    /home/alejo/Dropbox/code/devices3d/lib/user/SimpleOpenNI/libSimpleOpenNI.so
7aafb000-7aafd000 r-xp 000e2000 08:08 1199735    /home/alejo/Dropbox/code/devices3d/lib/user/SimpleOpenNI/libSimpleOpenNI.so
7aafd000-7ab00000 rwxp 000e4000 08:08 1199735    /home/alejo/Dropbox/code/devices3d/lib/user/SimpleOpenNI/libSimpleOpenNI.so
7ab00000-7ac00000 rwxp 00000000 00:00 0 
7ac08000-7ac39000 r-xp 00000000 08:08 1063812    /usr/lib/libnimMockNodes.so
7ac39000-7ac3f000 r-xp 00031000 08:08 1063812    /usr/lib/libnimMockNodes.so
7ac3f000-7ac40000 rwxp 00037000 08:08 1063812    /usr/lib/libnimMockNodes.so
7ac40000-7ac5c000 r-xp 00000000 08:08 1573816    /lib/i386-linux-gnu/libgcc_s.so.1
7ac5c000-7ac5d000 r-xp 0001b000 08:08 1573816    /lib/i386-linux-gnu/libgcc_s.so.1
7ac5d000-7ac5e000 rwxp 0001c000 08:08 1573816    /lib/i386-linux-gnu/libgcc_s.so.1
7ac5e000-7ac61000 ---p 00000000 00:00 0 
7ac61000-7acaf000 rwxp 00000000 00:00 0 
7acaf000-7acb2000 ---p 00000000 00:00 0 
7acb2000-7ad00000 rwxp 00000000 00:00 0 
7ad00000-7adfb000 rwxp 00000000 00:00 0 
7adfb000-7ae00000 ---p 00000000 00:00 0 
7ae07000-7ae0a000 ---p 00000000 00:00 0 
7ae0a000-7ae58000 rwxp 00000000 00:00 0 
7ae58000-7ae5b000 ---p 00000000 00:00 0 
7ae5b000-7aea9000 rwxp 00000000 00:00 0 
7aea9000-7aeac000 ---p 00000000 00:00 0 
7aeac000-7aefa000 rwxp 00000000 00:00 0 
7aefa000-7af00000 r-xs 00000000 08:08 1188892    /var/cache/fontconfig/945677eb7aeaf62f1d50efc3fb3ec7d8-le32d4.cache-3
7af00000-7affb000 rwxp 00000000 00:00 0 
7affb000-7b000000 ---p 00000000 00:00 0 
7b004000-7b006000 r-xs 00000000 08:08 1188893    /var/cache/fontconfig/99e8ed0e538f840c565b6ed5dad60d56-le32d4.cache-3
7b006000-7b009000 r-xs 00000000 08:08 1206717    /var/cache/fontconfig/e383d7ea5fbe662a33d9b44caf393297-le32d4.cache-3
7b009000-7b00c000 r-xs 00000000 08:08 1188879    /var/cache/fontconfig/2cd17615ca594fa2959ae173292e504c-le32d4.cache-3
7b00c000-7b00e000 r-xs 00000000 08:08 1191776    /var/cache/fontconfig/b5ea634b0fb353b8ea17632d1f9ef766-le32d4.cache-3
7b00e000-7b012000 r-xs 00000000 08:08 1188889    /var/cache/fontconfig/6eb3985aa4124903f6ff08ba781cd364-le32d4.cache-3
7b012000-7b016000 r-xs 00000000 08:08 1188894    /var/cache/fontconfig/a755afe4a08bf5b97852ceb7400b47bc-le32d4.cache-3
7b016000-7b01a000 r-xs 00000000 08:08 1188884    /var/cache/fontconfig/515ca1ebc4b18308bea979be5704f9db-le32d4.cache-3
7b01a000-7b021000 r-xs 00000000 08:08 1188888    /var/cache/fontconfig/6d41288fd70b0be22e8c3a91e032eec0-le32d4.cache-3
7b021000-7b02c000 r-xs 00000000 08:08 1188877    /var/cache/fontconfig/0f34bcd4b6ee430af32735b75db7f02b-le32d4.cache-3
7b02c000-7b02f000 r-xs 00000000 08:08 1188900    /var/cache/fontconfig/d60319d88cac85ba9e1a07bd06cfbb8c-le32d4.cache-3
7b02f000-7b051000 r-xs 00000000 08:08 1206716    /var/cache/fontconfig/365b55f210c0a22e9a19e35191240f32-le32d4.cache-3
7b051000-7b05e000 r-xs 00000000 08:08 1188899    /var/cache/fontconfig/d52a8644073d54c13679302ca1180695-le32d4.cache-3
7b05e000-7b064000 r-xs 00000000 08:08 1206713    /var/cache/fontconfig/153bb866d4d26e7cd19eee2129f8d8d2-le32d4.cache-3
7b065000-7b070000 r-xp 00000000 08:08 408705     /opt/microchip/mplabx/mplab_ide/mplablibs/modules/lib/libusb-1.0.so.0.0.0
7b070000-7b071000 rwxp 0000a000 08:08 408705     /opt/microchip/mplabx/mplab_ide/mplablibs/modules/lib/libusb-1.0.so.0.0.0
7b08c000-7b08d000 rwxp 00000000 00:00 0 
7b08d000-7b094000 r-xp 00000000 08:08 1181319    /usr/lib/jvm/java-6-sun-1.6.0.26/jre/lib/i386/libnio.so
7b094000-7b095000 rwxp 00006000 08:08 1181319    /usr/lib/jvm/java-6-sun-1.6.0.26/jre/lib/i386/libnio.so
7b095000-7b098000 ---p 00000000 00:00 0 
7b098000-7b0e6000 rwxp 00000000 00:00 0 
7b0e6000-7b0e9000 ---p 00000000 00:00 0 
7b0e9000-7b137000 rwxp 00000000 00:00 0 
7b137000-7b13b000 r-xp 00000000 08:08 1056426    /usr/lib/i386-linux-gnu/libXfixes.so.3.1.0
7b13b000-7b13c000 r-xp 00003000 08:08 1056426    /usr/lib/i386-linux-gnu/libXfixes.so.3.1.0
7b13c000-7b13d000 rwxp 00004000 08:08 1056426    /usr/lib/i386-linux-gnu/libXfixes.so.3.1.0
7b13d000-7b146000 r-xp 00000000 08:08 1056446    /usr/lib/i386-linux-gnu/libXrender.so.1.3.0
7b146000-7b147000 r-xp 00008000 08:08 1056446    /usr/lib/i386-linux-gnu/libXrender.so.1.3.0
7b147000-7b148000 rwxp 00009000 08:08 1056446    /usr/lib/i386-linux-gnu/libXrender.so.1.3.0
7b148000-7b151000 r-xp 00000000 08:08 1056410    /usr/lib/i386-linux-gnu/libXcursor.so.1.0.2
7b151000-7b152000 r-xp 00008000 08:08 1056410    /usr/lib/i386-linux-gnu/libXcursor.so.1.0.2
7b152000-7b153000 rwxp 00009000 08:08 1056410    /usr/lib/i386-linux-gnu/libXcursor.so.1.0.2
7b153000-7b156000 r-xp 00000000 08:08 1064001    /usr/lib/libXnCore.so
7b156000-7b157000 r-xp 00002000 08:08 1064001    /usr/lib/libXnCore.so
7b157000-7b158000 rwxp 00003000 08:08 1064001    /usr/lib/libXnCore.so
7b158000-7b159000 r-xp 00000000 08:08 1181308    /usr/lib/jvm/java-6-sun-1.6.0.26/jre/lib/i386/libjawt.so
7b159000-7b15a000 rwxp 00000000 08:08 1181308    /usr/lib/jvm/java-6-sun-1.6.0.26/jre/lib/i386/libjawt.so
7b15a000-7b16e000 r-xp 00000000 08:08 1181318    /usr/lib/jvm/java-6-sun-1.6.0.26/jre/lib/i386/libnet.so
7b16e000-7b16f000 rwxp 00013000 08:08 1181318    /usr/lib/jvm/java-6-sun-1.6.0.26/jre/lib/i386/libnet.so
7b16f000-7b17d000 r-xs 00000000 08:08 1190496    /var/cache/fontconfig/e13b20fdb08344e0e664864cc2ede53d-le32d4.cache-3
7b17d000-7b18b000 r-xs 00000000 08:08 1190505    /var/cache/fontconfig/865f88548240fee46819705c6468c165-le32d4.cache-3
7b18b000-7b18e000 ---p 00000000 00:00 0 
7b18e000-7b1dc000 rwxp 00000000 00:00 0 
7b1dc000-7b255000 r-xp 00000000 08:08 1181295    /usr/lib/jvm/java-6-sun-1.6.0.26/jre/lib/i386/libfontmanager.so
7b255000-7b25f000 rwxp 00078000 08:08 1181295    /usr/lib/jvm/java-6-sun-1.6.0.26/jre/lib/i386/libfontmanager.so
7b25f000-7b264000 rwxp 00000000 00:00 0 
7b264000-7b27b000 r-xs 0015b000 08:08 1199687    /home/alejo/Dropbox/code/devices3d/lib/base/core/ant.jar
7b27b000-7b280000 r-xp 00000000 08:08 1056418    /usr/lib/i386-linux-gnu/libXdmcp.so.6.0.0
7b280000-7b281000 r-xp 00004000 08:08 1056418    /usr/lib/i386-linux-gnu/libXdmcp.so.6.0.0
7b281000-7b282000 rwxp 00005000 08:08 1056418    /usr/lib/i386-linux-gnu/libXdmcp.so.6.0.0
7b282000-7b29f000 r-xp 00000000 08:08 1056813    /usr/lib/i386-linux-gnu/libxcb.so.1.1.0
7b29f000-7b2a0000 r-xp 0001c000 08:08 1056813    /usr/lib/i386-linux-gnu/libxcb.so.1.1.0
7b2a0000-7b2a1000 rwxp 0001d000 08:08 1056813    /usr/lib/i386-linux-gnu/libxcb.so.1.1.0
7b2a1000-7b2af000 r-xp 00000000 08:08 1056434    /usr/lib/i386-linux-gnu/libXi.so.6.1.0
7b2af000-7b2b0000 r-xp 0000d000 08:08 1056434    /usr/lib/i386-linux-gnu/libXi.so.6.1.0
7b2b0000-7b2b1000 rwxp 0000e000 08:08 1056434    /usr/lib/i386-linux-gnu/libXi.so.6.1.0
7b2b1000-7b3e2000 r-xp 00000000 08:08 1056398    /usr/lib/i386-linux-gnu/libX11.so.6.3.0
7b3e2000-7b3e3000 ---p 00131000 08:08 1056398    /usr/lib/i386-linux-gnu/libX11.so.6.3.0
7b3e3000-7b3e4000 r-xp 00131000 08:08 1056398    /usr/lib/i386-linux-gnu/libX11.so.6.3.0
7b3e4000-7b3e6000 rwxp 00132000 08:08 1056398    /usr/lib/i386-linux-gnu/libX11.so.6.3.0
7b3e6000-7b3e7000 rwxp 00000000 00:00 0 
7b3e7000-7b3f8000 r-xp 00000000 08:08 1056422    /usr/lib/i386-linux-gnu/libXext.so.6.4.0
7b3f8000-7b3f9000 r-xp 00010000 08:08 1056422    /usr/lib/i386-linux-gnu/libXext.so.6.4.0
7b3f9000-7b3fa000 rwxp 00011000 08:08 1056422    /usr/lib/i386-linux-gnu/libXext.so.6.4.0
7b3fa000-7b3fb000 r-xs 00000000 08:08 1188895    /var/cache/fontconfig/c05880de57d1f5e948fdfacc138775d9-le32d4.cache-3
7b3fb000-7b3fc000 r-xs 00000000 08:08 1188903    /var/cache/fontconfig/e7071f4a29fa870f4323321c154eba04-le32d4.cache-3
7b3fc000-7b3ff000 r-xs 00000000 08:08 1206715    /var/cache/fontconfig/7ef2298fde41cc6eeb7af42e48b7d293-le32d4.cache-3
7b3ff000-7b402000 r-xs 00017000 08:08 1199756    /home/alejo/Dropbox/code/devices3d/lib/user/proscene/proscene.jar
7b402000-7b404000 r-xs 00003000 08:08 1199742    /home/alejo/Dropbox/code/devices3d/lib/user/fullscreen/fullscreen.jar
7b404000-7b408000 r-xs 00020000 08:08 1199717    /home/alejo/Dropbox/code/devices3d/lib/user/SimpleOpenNI/SimpleOpenNI.jar
7b408000-7b40b000 r-xs 00029000 08:08 2123900    /home/alejo/Dropbox/code/devices3d/lib/user/procontroll/procontroll.jar
7b40b000-7b416000 r-xs 00108000 08:08 1326150    /home/alejo/Dropbox/code/devices3d/lib/base/opengl/jogl.jar
7b416000-7b459000 r-xp 00000000 08:08 1181341    /usr/lib/jvm/java-6-sun-1.6.0.26/jre/lib/i386/xawt/libmawt.so
7b459000-7b45b000 rwxp 00043000 08:08 1181341    /usr/lib/jvm/java-6-sun-1.6.0.26/jre/lib/i386/xawt/libmawt.so
7b45b000-7b45c000 rwxp 00000000 00:00 0 
7b45c000-7b4e1000 r-xp 00000000 08:08 1181290    /usr/lib/jvm/java-6-sun-1.6.0.26/jre/lib/i386/libawt.so
7b4e1000-7b4e8000 rwxp 00085000 08:08 1181290    /usr/lib/jvm/java-6-sun-1.6.0.26/jre/lib/i386/libawt.so
7b4e8000-7b50c000 rwxp 00000000 00:00 0 
7b50c000-7b50d000 ---p 00000000 00:00 0 
7b50d000-7b58d000 rwxp 00000000 00:00 0 
7b58d000-7b590000 ---p 00000000 00:00 0 
7b590000-7b5de000 rwxp 00000000 00:00 0 
7b5de000-7b5e1000 ---p 00000000 00:00 0 
7b5e1000-7b65f000 rwxp 00000000 00:00 0 
7b65f000-7b662000 ---p 00000000 00:00 0 
7b662000-7b6e0000 rwxp 00000000 00:00 0 
7b6e0000-7b6e3000 ---p 00000000 00:00 0 
7b6e3000-7b731000 rwxp 00000000 00:00 0 
7b731000-7b862000 r-xp 0043d000 08:08 1057169    /usr/lib/locale/locale-archive
7b862000-7ba62000 r-xp 00000000 08:08 1057169    /usr/lib/locale/locale-archive
7ba62000-7ba65000 ---p 00000000 00:00 0 
7ba65000-7bab3000 rwxp 00000000 00:00 0 
7bab3000-7bab4000 ---p 00000000 00:00 0 
7bab4000-7bb68000 rwxp 00000000 00:00 0 
7bb68000-7bd00000 r-xs 03029000 08:08 1181157    /usr/lib/jvm/java-6-sun-1.6.0.26/jre/lib/rt.jar
7bd00000-7be00000 rwxp 00000000 00:00 0 
7be00000-7be01000 r-xs 00000000 08:08 1188883    /var/cache/fontconfig/4c73fe0c47614734b17d736dbde7580a-le32d4.cache-3
7be01000-7be03000 r-xs 0002b000 08:08 1199690    /home/alejo/Dropbox/code/devices3d/lib/base/core/core.jar
7be03000-7be05000 r-xp 00000000 08:08 1056402    /usr/lib/i386-linux-gnu/libXau.so.6.0.0
7be05000-7be06000 r-xp 00001000 08:08 1056402    /usr/lib/i386-linux-gnu/libXau.so.6.0.0
7be06000-7be07000 rwxp 00002000 08:08 1056402    /usr/lib/i386-linux-gnu/libXau.so.6.0.0
7be07000-7be0c000 r-xp 00000000 08:08 1052626    /usr/lib/libXtst.so.6.1.0
7be0c000-7be0d000 r-xp 00004000 08:08 1052626    /usr/lib/libXtst.so.6.1.0
7be0d000-7be0e000 rwxp 00005000 08:08 1052626    /usr/lib/libXtst.so.6.1.0
7be0e000-7be4e000 r-xp 002bd000 08:08 1057169    /usr/lib/locale/locale-archive
7be4e000-7be51000 ---p 00000000 00:00 0 
7be51000-7be9f000 rwxp 00000000 00:00 0 
7be9f000-7bea0000 ---p 00000000 00:00 0 
7bea0000-7bf20000 rwxp 00000000 00:00 0 
7bf20000-7bf21000 ---p 00000000 00:00 0 
7bf21000-7bfa1000 rwxp 00000000 00:00 0 
7bfa1000-7bfa2000 ---p 00000000 00:00 0 
7bfa2000-7c022000 rwxp 00000000 00:00 0 
7c022000-7c023000 ---p 00000000 00:00 0 
7c023000-7c0ab000 rwxp 00000000 00:00 0 
7c0ab000-7c0c3000 rwxp 00000000 00:00 0 
7c0c3000-7c0d5000 rwxp 00000000 00:00 0 
7c0d5000-7c1d5000 rwxp 00000000 00:00 0 
7c1d5000-7c1dd000 rwxp 00000000 00:00 0 
7c1dd000-7c1f5000 rwxp 00000000 00:00 0 
7c1f5000-7c207000 rwxp 00000000 00:00 0 
7c207000-7c306000 rwxp 00000000 00:00 0 
7c306000-7c316000 rwxp 00000000 00:00 0 
7c316000-7c38f000 rwxp 00000000 00:00 0 
7c38f000-7d390000 rwxp 00000000 00:00 0 
7d390000-80390000 rwxp 00000000 00:00 0 
80390000-825c0000 rwxp 00000000 00:00 0 
825c0000-a2640000 rwxp 00000000 00:00 0 
a2640000-a4420000 rwxp 00000000 00:00 0 
a4420000-b3790000 rwxp 00000000 00:00 0 
b3790000-b3791000 r-xs 00000000 08:08 1188876    /var/cache/fontconfig/0d8c3b2ac0904cb8a57a757ad11a4a08-le32d4.cache-3
b3791000-b379a000 rwxp 00000000 00:00 0 
b379a000-b3851000 rwxp 00000000 00:00 0 
b3851000-b3a91000 rwxp 00000000 00:00 0 
b3a91000-b6851000 rwxp 00000000 00:00 0 
b6851000-b685c000 r-xp 00000000 08:08 1573836    /lib/i386-linux-gnu/libnss_files-2.13.so
b685c000-b685d000 r-xp 0000a000 08:08 1573836    /lib/i386-linux-gnu/libnss_files-2.13.so
b685d000-b685e000 rwxp 0000b000 08:08 1573836    /lib/i386-linux-gnu/libnss_files-2.13.so
b685e000-b6868000 r-xp 00000000 08:08 1573840    /lib/i386-linux-gnu/libnss_nis-2.13.so
b6868000-b6869000 r-xp 00009000 08:08 1573840    /lib/i386-linux-gnu/libnss_nis-2.13.so
b6869000-b686a000 rwxp 0000a000 08:08 1573840    /lib/i386-linux-gnu/libnss_nis-2.13.so
b686a000-b687f000 r-xp 00000000 08:08 1573830    /lib/i386-linux-gnu/libnsl-2.13.so
b687f000-b6880000 r-xp 00015000 08:08 1573830    /lib/i386-linux-gnu/libnsl-2.13.so
b6880000-b6881000 rwxp 00016000 08:08 1573830    /lib/i386-linux-gnu/libnsl-2.13.so
b6881000-b6883000 rwxp 00000000 00:00 0 
b6883000-b6884000 r-xs 00000000 08:08 1188887    /var/cache/fontconfig/6a53c69dea097a2d716e069445527da8-le32d4.cache-3
b6884000-b6886000 r-xs 00002000 08:08 1199642    /home/alejo/Dropbox/code/devices3d/lib/base/core/ant-launcher.jar
b6886000-b6895000 r-xp 00000000 08:08 1181329    /usr/lib/jvm/java-6-sun-1.6.0.26/jre/lib/i386/libzip.so
b6895000-b6897000 rwxp 0000e000 08:08 1181329    /usr/lib/jvm/java-6-sun-1.6.0.26/jre/lib/i386/libzip.so
b6897000-b689f000 rwxs 00000000 08:08 411597     /tmp/hsperfdata_alejo/9039
b689f000-b68c2000 r-xp 00000000 08:08 1181303    /usr/lib/jvm/java-6-sun-1.6.0.26/jre/lib/i386/libjava.so
b68c2000-b68c4000 rwxp 00023000 08:08 1181303    /usr/lib/jvm/java-6-sun-1.6.0.26/jre/lib/i386/libjava.so
b68c4000-b68cb000 r-xp 00000000 08:08 1573859    /lib/i386-linux-gnu/librt-2.13.so
b68cb000-b68cc000 r-xp 00006000 08:08 1573859    /lib/i386-linux-gnu/librt-2.13.so
b68cc000-b68cd000 rwxp 00007000 08:08 1573859    /lib/i386-linux-gnu/librt-2.13.so
b68cd000-b68d0000 ---p 00000000 00:00 0 
b68d0000-b691e000 rwxp 00000000 00:00 0 
b691e000-b6946000 r-xp 00000000 08:08 1573825    /lib/i386-linux-gnu/libm-2.13.so
b6946000-b6947000 r-xp 00028000 08:08 1573825    /lib/i386-linux-gnu/libm-2.13.so
b6947000-b6948000 rwxp 00029000 08:08 1573825    /lib/i386-linux-gnu/libm-2.13.so
b6948000-b70fa000 r-xp 00000000 08:08 1181340    /usr/lib/jvm/java-6-sun-1.6.0.26/jre/lib/i386/server/libjvm.so
b70fa000-b714e000 rwxp 007b1000 08:08 1181340    /usr/lib/jvm/java-6-sun-1.6.0.26/jre/lib/i386/server/libjvm.so
b714e000-b756d000 rwxp 00000000 00:00 0 
b756d000-b76e3000 r-xp 00000000 08:08 1573795    /lib/i386-linux-gnu/libc-2.13.so
b76e3000-b76e5000 r-xp 00176000 08:08 1573795    /lib/i386-linux-gnu/libc-2.13.so
b76e5000-b76e6000 rwxp 00178000 08:08 1573795    /lib/i386-linux-gnu/libc-2.13.so
b76e6000-b76e9000 rwxp 00000000 00:00 0 
b76e9000-b76ec000 r-xp 00000000 08:08 1573806    /lib/i386-linux-gnu/libdl-2.13.so
b76ec000-b76ed000 r-xp 00002000 08:08 1573806    /lib/i386-linux-gnu/libdl-2.13.so
b76ed000-b76ee000 rwxp 00003000 08:08 1573806    /lib/i386-linux-gnu/libdl-2.13.so
b76ee000-b76f5000 r-xp 00000000 08:08 1181335    /usr/lib/jvm/java-6-sun-1.6.0.26/jre/lib/i386/jli/libjli.so
b76f5000-b76f7000 rwxp 00006000 08:08 1181335    /usr/lib/jvm/java-6-sun-1.6.0.26/jre/lib/i386/jli/libjli.so
b76f7000-b76f8000 rwxp 00000000 00:00 0 
b76f8000-b770f000 r-xp 00000000 08:08 1573855    /lib/i386-linux-gnu/libpthread-2.13.so
b770f000-b7710000 r-xp 00016000 08:08 1573855    /lib/i386-linux-gnu/libpthread-2.13.so
b7710000-b7711000 rwxp 00017000 08:08 1573855    /lib/i386-linux-gnu/libpthread-2.13.so
b7711000-b7713000 rwxp 00000000 00:00 0 
b7713000-b7714000 r-xs 00000000 08:08 1193307    /var/cache/fontconfig/4794a0821666d79190d59a36cb4f44b5-le32d4.cache-3
b7714000-b7715000 r-xs 00004000 08:08 1326149    /home/alejo/Dropbox/code/devices3d/lib/base/opengl/gluegen-rt.jar
b7715000-b7716000 r-xs 00003000 08:08 1326148    /home/alejo/Dropbox/code/devices3d/lib/base/opengl/opengl.jar
b7716000-b7717000 r-xp 00571000 08:08 1057169    /usr/lib/locale/locale-archive
b7717000-b771f000 r-xp 00000000 08:08 1573832    /lib/i386-linux-gnu/libnss_compat-2.13.so
b771f000-b7720000 r-xp 00007000 08:08 1573832    /lib/i386-linux-gnu/libnss_compat-2.13.so
b7720000-b7721000 rwxp 00008000 08:08 1573832    /lib/i386-linux-gnu/libnss_compat-2.13.so
b7721000-b7722000 rwxp 00000000 00:00 0 
b7722000-b7723000 r-xp 00000000 00:00 0 
b7723000-b772e000 r-xp 00000000 08:08 1181328    /usr/lib/jvm/java-6-sun-1.6.0.26/jre/lib/i386/libverify.so
b772e000-b772f000 rwxp 0000b000 08:08 1181328    /usr/lib/jvm/java-6-sun-1.6.0.26/jre/lib/i386/libverify.so
b772f000-b7731000 rwxp 00000000 00:00 0 
b7731000-b7732000 r-xp 00000000 00:00 0          [vdso]
b7732000-b7750000 r-xp 00000000 08:08 1573782    /lib/i386-linux-gnu/ld-2.13.so
b7750000-b7751000 r-xp 0001d000 08:08 1573782    /lib/i386-linux-gnu/ld-2.13.so
b7751000-b7752000 rwxp 0001e000 08:08 1573782    /lib/i386-linux-gnu/ld-2.13.so
bf916000-bf937000 rwxp 00000000 00:00 0          [stack]

VM Arguments:
jvm_args: -Djava.library.path=/home/alejo/Dropbox/code/devices3d/lib/base/opengl:/home/alejo/Dropbox/code/devices3d/lib/base/opengl:/home/alejo/Dropbox/code/devices3d/lib/base/opengl:/home/alejo/Dropbox/code/devices3d/lib/base/core:/home/alejo/Dropbox/code/devices3d/lib/base/core:/home/alejo/Dropbox/code/devices3d/lib/base/core:/home/alejo/Dropbox/code/devices3d/lib/user/procontroll:/home/alejo/Dropbox/code/devices3d/lib/user/SimpleOpenNI:/home/alejo/Dropbox/code/devices3d/lib/user/fullscreen:/home/alejo/Dropbox/code/devices3d/lib/user/proscene -Djava.security.policy=java.policy.applet -Dfile.encoding=UTF-8 
java_command: sun.applet.AppletViewer devices3d.Devices3d1333678295901.html
Launcher Type: SUN_STANDARD

Environment Variables:
PATH=/opt/microchip/mplabc32/v2.02/bin:/opt/microchip/mplabc30/v3.30c/bin:/usr/lib/lightdm/lightdm:/usr/local/sbin:/usr/local/bin:/usr/sbin:/usr/bin:/sbin:/bin:/usr/games
USERNAME=alejo
LD_LIBRARY_PATH=/usr/lib/jvm/java-6-sun-1.6.0.26/jre/lib/i386/server:/usr/lib/jvm/java-6-sun-1.6.0.26/jre/lib/i386:/usr/lib/jvm/java-6-sun-1.6.0.26/jre/../lib/i386:/usr/lib/jvm/java-6-sun-1.6.0.26/jre/lib/i386/client:/usr/lib/jvm/java-6-sun-1.6.0.26/jre/lib/i386:
SHELL=/bin/bash
DISPLAY=:0.0

Signal Handlers:
SIGSEGV: [libjvm.so+0x725510], sa_mask[0]=0x7ffbfeff, sa_flags=0x10000004
SIGBUS: [libjvm.so+0x725510], sa_mask[0]=0x7ffbfeff, sa_flags=0x10000004
SIGFPE: [libjvm.so+0x5dff20], sa_mask[0]=0x7ffbfeff, sa_flags=0x10000004
SIGPIPE: [libjvm.so+0x5dff20], sa_mask[0]=0x7ffbfeff, sa_flags=0x10000004
SIGXFSZ: [libjvm.so+0x5dff20], sa_mask[0]=0x7ffbfeff, sa_flags=0x10000004
SIGILL: [libjvm.so+0x5dff20], sa_mask[0]=0x7ffbfeff, sa_flags=0x10000004
SIGUSR1: SIG_DFL, sa_mask[0]=0x00000000, sa_flags=0x00000000
SIGUSR2: [libjvm.so+0x5e3160], sa_mask[0]=0x00000004, sa_flags=0x10000004
SIGHUP: [libjvm.so+0x5e2d40], sa_mask[0]=0x7ffbfeff, sa_flags=0x10000004
SIGINT: [libjvm.so+0x5e2d40], sa_mask[0]=0x7ffbfeff, sa_flags=0x10000004
SIGTERM: [libjvm.so+0x5e2d40], sa_mask[0]=0x7ffbfeff, sa_flags=0x10000004
SIGQUIT: [libjvm.so+0x5e2d40], sa_mask[0]=0x7ffbfeff, sa_flags=0x10000004


---------------  S Y S T E M  ---------------

OS:wheezy/sid

uname:Linux 3.0.0-12-generic #20-Ubuntu SMP Fri Oct 7 14:50:42 UTC 2011 i686
libc:glibc 2.13 NPTL 2.13 
rlimit: STACK 8192k, CORE 0k, NPROC 26110, NOFILE 4096, AS infinity
load average:0.10 0.16 0.15

/proc/meminfo:
MemTotal:        3356112 kB
MemFree:          343832 kB
Buffers:          370944 kB
Cached:          1093700 kB
SwapCached:            0 kB
Active:          1562676 kB
Inactive:        1090704 kB
Active(anon):    1191040 kB
Inactive(anon):    11972 kB
Active(file):     371636 kB
Inactive(file):  1078732 kB
Unevictable:          16 kB
Mlocked:              16 kB
HighTotal:       2497096 kB
HighFree:          30984 kB
LowTotal:         859016 kB
LowFree:          312848 kB
SwapTotal:      14645240 kB
SwapFree:       14645240 kB
Dirty:               264 kB
Writeback:            12 kB
AnonPages:       1188732 kB
Mapped:           324184 kB
Shmem:             14280 kB
Slab:              99552 kB
SReclaimable:      77776 kB
SUnreclaim:        21776 kB
KernelStack:        4496 kB
PageTables:        22048 kB
NFS_Unstable:          0 kB
Bounce:                0 kB
WritebackTmp:          0 kB
CommitLimit:    16323296 kB
Committed_AS:    4335868 kB
VmallocTotal:     122880 kB
VmallocUsed:       59252 kB
VmallocChunk:      58104 kB
HardwareCorrupted:     0 kB
AnonHugePages:         0 kB
HugePages_Total:       0
HugePages_Free:        0
HugePages_Rsvd:        0
HugePages_Surp:        0
Hugepagesize:       4096 kB
DirectMap4k:       12280 kB
DirectMap4M:      897024 kB


CPU:total 4 (4 cores per cpu, 1 threads per core) family 16 model 4 stepping 3, cmov, cx8, fxsr, mmx, sse, sse2, sse3, popcnt, mmxext, 3dnow, 3dnowext, lzcnt, sse4a

/proc/cpuinfo:
processor	: 0
vendor_id	: AuthenticAMD
cpu family	: 16
model		: 4
model name	: AMD Phenom(tm) II X4 945 Processor
stepping	: 3
cpu MHz		: 3010.822
cache size	: 512 KB
physical id	: 0
siblings	: 4
core id		: 0
cpu cores	: 4
apicid		: 0
initial apicid	: 0
fdiv_bug	: no
hlt_bug		: no
f00f_bug	: no
coma_bug	: no
fpu		: yes
fpu_exception	: yes
cpuid level	: 5
wp		: yes
flags		: fpu vme de pse tsc msr pae mce cx8 apic mtrr pge mca cmov pat pse36 clflush mmx fxsr sse sse2 ht syscall nx mmxext fxsr_opt pdpe1gb rdtscp lm 3dnowext 3dnow constant_tsc nonstop_tsc extd_apicid pni monitor cx16 popcnt lahf_lm cmp_legacy svm extapic cr8_legacy abm sse4a misalignsse 3dnowprefetch osvw ibs skinit wdt npt lbrv svm_lock nrip_save
bogomips	: 6021.64
clflush size	: 64
cache_alignment	: 64
address sizes	: 48 bits physical, 48 bits virtual
power management: ts ttp tm stc 100mhzsteps hwpstate

processor	: 1
vendor_id	: AuthenticAMD
cpu family	: 16
model		: 4
model name	: AMD Phenom(tm) II X4 945 Processor
stepping	: 3
cpu MHz		: 3010.822
cache size	: 512 KB
physical id	: 0
siblings	: 4
core id		: 1
cpu cores	: 4
apicid		: 1
initial apicid	: 1
fdiv_bug	: no
hlt_bug		: no
f00f_bug	: no
coma_bug	: no
fpu		: yes
fpu_exception	: yes
cpuid level	: 5
wp		: yes
flags		: fpu vme de pse tsc msr pae mce cx8 apic mtrr pge mca cmov pat pse36 clflush mmx fxsr sse sse2 ht syscall nx mmxext fxsr_opt pdpe1gb rdtscp lm 3dnowext 3dnow constant_tsc nonstop_tsc extd_apicid pni monitor cx16 popcnt lahf_lm cmp_legacy svm extapic cr8_legacy abm sse4a misalignsse 3dnowprefetch osvw ibs skinit wdt npt lbrv svm_lock nrip_save
bogomips	: 6020.55
clflush size	: 64
cache_alignment	: 64
address sizes	: 48 bits physical, 48 bits virtual
power management: ts ttp tm stc 100mhzsteps hwpstate

processor	: 2
vendor_id	: AuthenticAMD
cpu family	: 16
model		: 4
model name	: AMD Phenom(tm) II X4 945 Processor
stepping	: 3
cpu MHz		: 3010.822
cache size	: 512 KB
physical id	: 0
siblings	: 4
core id		: 2
cpu cores	: 4
apicid		: 2
initial apicid	: 2
fdiv_bug	: no
hlt_bug		: no
f00f_bug	: no
coma_bug	: no
fpu		: yes
fpu_exception	: yes
cpuid level	: 5
wp		: yes
flags		: fpu vme de pse tsc msr pae mce cx8 apic mtrr pge mca cmov pat pse36 clflush mmx fxsr sse sse2 ht syscall nx mmxext fxsr_opt pdpe1gb rdtscp lm 3dnowext 3dnow constant_tsc nonstop_tsc extd_apicid pni monitor cx16 popcnt lahf_lm cmp_legacy svm extapic cr8_legacy abm sse4a misalignsse 3dnowprefetch osvw ibs skinit wdt npt lbrv svm_lock nrip_save
bogomips	: 6020.55
clflush size	: 64
cache_alignment	: 64
address sizes	: 48 bits physical, 48 bits virtual
power management: ts ttp tm stc 100mhzsteps hwpstate

processor	: 3
vendor_id	: AuthenticAMD
cpu family	: 16
model		: 4
model name	: AMD Phenom(tm) II X4 945 Processor
stepping	: 3
cpu MHz		: 3010.822
cache size	: 512 KB
physical id	: 0
siblings	: 4
core id		: 3
cpu cores	: 4
apicid		: 3
initial apicid	: 3
fdiv_bug	: no
hlt_bug		: no
f00f_bug	: no
coma_bug	: no
fpu		: yes
fpu_exception	: yes
cpuid level	: 5
wp		: yes
flags		: fpu vme de pse tsc msr pae mce cx8 apic mtrr pge mca cmov pat pse36 clflush mmx fxsr sse sse2 ht syscall nx mmxext fxsr_opt pdpe1gb rdtscp lm 3dnowext 3dnow constant_tsc nonstop_tsc extd_apicid pni monitor cx16 popcnt lahf_lm cmp_legacy svm extapic cr8_legacy abm sse4a misalignsse 3dnowprefetch osvw ibs skinit wdt npt lbrv svm_lock nrip_save
bogomips	: 6020.55
clflush size	: 64
cache_alignment	: 64
address sizes	: 48 bits physical, 48 bits virtual
power management: ts ttp tm stc 100mhzsteps hwpstate



Memory: 4k page, physical 3356112k(343832k free), swap 14645240k(14645240k free)

vm_info: Java HotSpot(TM) Server VM (20.1-b02) for linux-x86 JRE (1.6.0_26-b03), built on May  4 2011 01:04:10 by "java_re" with gcc 3.2.1-7a (J2SE release)

time: Thu Apr  5 21:11:36 2012
elapsed time: 0 seconds

