#
# A fatal error has been detected by the Java Runtime Environment:
#
#  SIGSEGV (0xb) at pc=0x7aa87d5a, pid=7316, tid=2059787120
#
# JRE version: 6.0_26-b03
# Java VM: Java HotSpot(TM) Server VM (20.1-b02 mixed mode linux-x86 )
# Problematic frame:
# C  [libOpenNI.so+0x33d5a]  long long+0x1a
#
# If you would like to submit a bug report, please visit:
#   http://java.sun.com/webapps/bugreport/crash.jsp
# The crash happened outside the Java Virtual Machine in native code.
# See problematic frame for where to report the bug.
#

---------------  T H R E A D  ---------------

Current thread (0x09150000):  JavaThread "Animation Thread" [_thread_in_native, id=7342, stack(0x7ac0d000,0x7ac5e000)]

siginfo:si_signo=SIGSEGV: si_errno=0, si_code=1 (SEGV_MAPERR), si_addr=0x00000000

Registers:
EAX=0x00000000, EBX=0x7aad1ff4, ECX=0x00000001, EDX=0x0916b358
ESP=0x7ac5cdc0, EBP=0x7ac5cde8, ESI=0x00000000, EDI=0x09150000
EIP=0x7aa87d5a, EFLAGS=0x00010202, CR2=0x00000000

Top of Stack: (sp=0x7ac5cdc0)
0x7ac5cdc0:   7aa56dec 7abb8ff4 7cbe6610 09150000
0x7ac5cdd0:   7ac5ce08 b779dc30 0916b358 7aa87d40
0x7ac5cde0:   7abb8ff4 7cbe6610 7ac5ce08 7ab6e98c
0x7ac5cdf0:   00000000 0916b358 0916b358 7ab6e966
0x7ac5ce00:   0916b2e8 7abb8ff4 7ac5ce38 7ab756f1
0x7ac5ce10:   0916b2e8 0916b358 00000000 00000000
0x7ac5ce20:   7ac5ce58 b779dc30 09150000 7ab75601
0x7ac5ce30:   7abb8ff4 7cbe6610 7ac5ce58 7ab75825 

Instructions: (pc=0x7aa87d5a)
0x7aa87d3a:   bc 27 00 00 00 00 55 89 e5 83 ec 28 89 75 fc 8b
0x7aa87d4a:   75 08 89 5d f8 e8 13 a8 fd ff 81 c3 a0 a2 04 00
0x7aa87d5a:   8b 06 8b 50 08 85 d2 74 0c 8b 40 04 8b 00 a9 00
0x7aa87d6a:   00 01 00 75 11 8b 5d f8 b8 12 00 01 00 8b 75 fc 

Register to memory mapping:

EAX=0x00000000 is an unknown value
EBX=0x7aad1ff4: <offset 0x7dff4> in /usr/lib/libOpenNI.so at 0x7aa54000
ECX=0x00000001 is an unknown value
EDX=0x0916b358 is an unknown value
ESP=0x7ac5cdc0 is pointing into the stack for thread: 0x09150000
EBP=0x7ac5cde8 is pointing into the stack for thread: 0x09150000
ESI=0x00000000 is an unknown value
EDI=0x09150000 is a thread


Stack: [0x7ac0d000,0x7ac5e000],  sp=0x7ac5cdc0,  free space=319k
Native frames: (J=compiled Java code, j=interpreted, Vv=VM code, C=native code)
C  [libOpenNI.so+0x33d5a]  long long+0x1a
C  [libSimpleOpenNI.so+0x9a98c]  xn::MapGenerator::SetMapOutputMode(XnMapOutputMode const&)+0x26
C  [libSimpleOpenNI.so+0xa16f1]  sOpenNI::ContextWrapper::createDepth(bool)+0xdb
C  [libSimpleOpenNI.so+0xa1825]  sOpenNI::ContextWrapper::enableDepth()+0x6b
C  [libSimpleOpenNI.so+0x848c6]  Java_SimpleOpenNI_SimpleOpenNIJNI_ContextWrapper_1enableDepthSwigExplicitContextWrapper_1_1SWIG_10+0x3c
j  SimpleOpenNI.SimpleOpenNIJNI.ContextWrapper_enableDepthSwigExplicitContextWrapper__SWIG_0(JLSimpleOpenNI/ContextWrapper;)Z+0
j  SimpleOpenNI.ContextWrapper.enableDepth()Z+26
j  SimpleOpenNI.SimpleOpenNI.enableDepth()Z+1
j  remixlab.devices.Kinect.<init>(Lprocessing/core/PApplet;Lremixlab/proscene/Scene;)V+56
j  devices3d.Devices3d.setup()V+242
j  processing.core.PApplet.handleDraw()V+65
j  processing.core.PApplet.run()V+72
j  java.lang.Thread.run()V+11
v  ~StubRoutines::call_stub
V  [libjvm.so+0x3dff01]  JavaCalls::call_helper(JavaValue*, methodHandle*, JavaCallArguments*, Thread*)+0x1c1
V  [libjvm.so+0x5e1298]  os::os_exception_wrapper(void (*)(JavaValue*, methodHandle*, JavaCallArguments*, Thread*), JavaValue*, methodHandle*, JavaCallArguments*, Thread*)+0x18
V  [libjvm.so+0x3df775]  JavaCalls::call_virtual(JavaValue*, KlassHandle, symbolHandle, symbolHandle, JavaCallArguments*, Thread*)+0xc5
V  [libjvm.so+0x3df838]  JavaCalls::call_virtual(JavaValue*, Handle, KlassHandle, symbolHandle, symbolHandle, Thread*)+0x58
V  [libjvm.so+0x4642d7]  thread_entry(JavaThread*, Thread*)+0xa7
V  [libjvm.so+0x6e16bf]  JavaThread::run()+0x11f
V  [libjvm.so+0x5e2aee]  java_start(Thread*)+0x14e
C  [libpthread.so.0+0x6d31]  short+0xd1

Java frames: (J=compiled Java code, j=interpreted, Vv=VM code)
j  SimpleOpenNI.SimpleOpenNIJNI.ContextWrapper_enableDepthSwigExplicitContextWrapper__SWIG_0(JLSimpleOpenNI/ContextWrapper;)Z+0
j  SimpleOpenNI.ContextWrapper.enableDepth()Z+26
j  SimpleOpenNI.SimpleOpenNI.enableDepth()Z+1
j  remixlab.devices.Kinect.<init>(Lprocessing/core/PApplet;Lremixlab/proscene/Scene;)V+56
j  devices3d.Devices3d.setup()V+242
j  processing.core.PApplet.handleDraw()V+65
j  processing.core.PApplet.run()V+72
j  java.lang.Thread.run()V+11
v  ~StubRoutines::call_stub

---------------  P R O C E S S  ---------------

Java Threads: ( => current thread )
=>0x09150000 JavaThread "Animation Thread" [_thread_in_native, id=7342, stack(0x7ac0d000,0x7ac5e000)]
  0x08e10c00 JavaThread "AWT-EventQueue-1" [_thread_blocked, id=7341, stack(0x7ac5e000,0x7acaf000)]
  0x7aff9c00 JavaThread "DestroyJavaVM" [_thread_blocked, id=7321, stack(0xb6925000,0xb6976000)]
  0x0905c000 JavaThread "AWT-EventQueue-0" [_thread_blocked, id=7339, stack(0x7acaf000,0x7ad00000)]
  0x0905a000 JavaThread "AWT-Shutdown" [_thread_blocked, id=7338, stack(0x7b005000,0x7b056000)]
  0x09053000 JavaThread "thread applet-devices3d.Devices3d.class" [_thread_blocked, id=7337, stack(0x7b0f2000,0x7b143000)]
  0x0904c800 JavaThread "AWT-XAWT" daemon [_thread_in_native, id=7335, stack(0x7b143000,0x7b194000)]
  0x08fec000 JavaThread "Java2D Disposer" daemon [_thread_blocked, id=7334, stack(0x7b1e8000,0x7b239000)]
  0x08ec8400 JavaThread "Low Memory Detector" daemon [_thread_blocked, id=7332, stack(0x7b5ea000,0x7b63b000)]
  0x08ec6800 JavaThread "C2 CompilerThread1" daemon [_thread_blocked, id=7331, stack(0x7b63b000,0x7b6bc000)]
  0x08ec4800 JavaThread "C2 CompilerThread0" daemon [_thread_blocked, id=7330, stack(0x7b6bc000,0x7b73d000)]
  0x08ec3000 JavaThread "Signal Dispatcher" daemon [_thread_blocked, id=7329, stack(0x7b73d000,0x7b78e000)]
  0x08eb4c00 JavaThread "Finalizer" daemon [_thread_blocked, id=7328, stack(0x7bc00000,0x7bc51000)]
  0x08eb3400 JavaThread "Reference Handler" daemon [_thread_blocked, id=7327, stack(0x7bc51000,0x7bca2000)]

Other Threads:
  0x08eaf800 VMThread [stack: 0x7bca2000,0x7bd23000] [id=7326]
  0x08ed2400 WatcherThread [stack: 0x7b569000,0x7b5ea000] [id=7333]

VM state:not at safepoint (normal execution)

VM Mutex/Monitor currently owned by a thread: None

Heap
 PSYoungGen      total 15296K, used 10120K [0xa2690000, 0xa4470000, 0xb37e0000)
  eden space 13120K, 64% used [0xa2690000,0xa2edfef0,0xa3360000)
  from space 2176K, 73% used [0xa3360000,0xa34f22a0,0xa3580000)
  to   space 2176K, 0% used [0xa4250000,0xa4250000,0xa4470000)
 PSOldGen        total 35008K, used 5968K [0x803e0000, 0x82610000, 0xa2690000)
  object space 35008K, 17% used [0x803e0000,0x809b4310,0x82610000)
 PSPermGen       total 16384K, used 8336K [0x7c3e0000, 0x7d3e0000, 0x803e0000)
  object space 16384K, 50% used [0x7c3e0000,0x7cc04308,0x7d3e0000)

Code Cache  [0xb38a9000, 0xb3ae9000, 0xb68a9000)
 total_blobs=329 nmethods=40 adapters=244 free_code_cache=49886848 largest_free_block=11776

Dynamic libraries:
08048000-08052000 r-xp 00000000 08:08 1181081    /usr/lib/jvm/java-6-sun-1.6.0.26/jre/bin/java
08052000-08053000 rwxp 00009000 08:08 1181081    /usr/lib/jvm/java-6-sun-1.6.0.26/jre/bin/java
08e0a000-091e2000 rwxp 00000000 00:00 0          [heap]
792f2000-7937b000 r-xp 00000000 08:08 1070238    /usr/lib/libXnDeviceSensorV2KM.so
7937b000-79384000 r-xp 00088000 08:08 1070238    /usr/lib/libXnDeviceSensorV2KM.so
79384000-79385000 rwxp 00091000 08:08 1070238    /usr/lib/libXnDeviceSensorV2KM.so
79385000-79465000 r-xp 00000000 08:08 1064091    /usr/lib/libXnVHandGenerator_1_5_0.so
79465000-79468000 r-xp 000df000 08:08 1064091    /usr/lib/libXnVHandGenerator_1_5_0.so
79468000-79469000 rwxp 000e2000 08:08 1064091    /usr/lib/libXnVHandGenerator_1_5_0.so
79469000-79475000 rwxp 00000000 00:00 0 
79475000-79868000 r-xp 00000000 08:08 1064087    /usr/lib/libXnVFeatures_1_5_0.so
79868000-79869000 ---p 003f3000 08:08 1064087    /usr/lib/libXnVFeatures_1_5_0.so
79869000-79871000 r-xp 003f3000 08:08 1064087    /usr/lib/libXnVFeatures_1_5_0.so
79871000-79872000 rwxp 003fb000 08:08 1064087    /usr/lib/libXnVFeatures_1_5_0.so
79872000-79886000 rwxp 00000000 00:00 0 
79886000-798b3000 r-xp 00000000 08:08 1064003    /usr/lib/libXnDeviceFile.so
798b3000-798b4000 r-xp 0002d000 08:08 1064003    /usr/lib/libXnDeviceFile.so
798b4000-798b5000 rwxp 0002e000 08:08 1064003    /usr/lib/libXnDeviceFile.so
798b5000-79907000 r-xp 00000000 08:08 1064002    /usr/lib/libXnDDK.so
79907000-79909000 r-xp 00051000 08:08 1064002    /usr/lib/libXnDDK.so
79909000-7990a000 rwxp 00053000 08:08 1064002    /usr/lib/libXnDDK.so
7990a000-7992e000 r-xp 00000000 08:08 1064005    /usr/lib/libXnFormats.so
7992e000-7992f000 r-xp 00023000 08:08 1064005    /usr/lib/libXnFormats.so
7992f000-79930000 rwxp 00024000 08:08 1064005    /usr/lib/libXnFormats.so
79930000-79950000 rwxp 00000000 00:00 0 
7996c000-79a05000 r-xp 00000000 08:08 1064004    /usr/lib/libXnDeviceSensorV2.so
79a05000-79a0e000 r-xp 00098000 08:08 1064004    /usr/lib/libXnDeviceSensorV2.so
79a0e000-79a0f000 rwxp 000a1000 08:08 1064004    /usr/lib/libXnDeviceSensorV2.so
79a0f000-79af2000 r-xp 00000000 08:08 1064000    /usr/lib/libXnVHandGenerator_1_5_2.so
79af2000-79af5000 r-xp 000e3000 08:08 1064000    /usr/lib/libXnVHandGenerator_1_5_2.so
79af5000-79af6000 rwxp 000e6000 08:08 1064000    /usr/lib/libXnVHandGenerator_1_5_2.so
79af6000-79b02000 rwxp 00000000 00:00 0 
79b02000-79bd7000 r-xp 00000000 08:08 1063997    /usr/lib/libXnVHandGenerator_1_4_2.so
79bd7000-79bd8000 ---p 000d5000 08:08 1063997    /usr/lib/libXnVHandGenerator_1_4_2.so
79bd8000-79bda000 r-xp 000d5000 08:08 1063997    /usr/lib/libXnVHandGenerator_1_4_2.so
79bda000-79bdb000 rwxp 000d7000 08:08 1063997    /usr/lib/libXnVHandGenerator_1_4_2.so
79bdb000-79bdd000 rwxp 00000000 00:00 0 
79bdd000-79cb1000 r-xp 00000000 08:08 1063994    /usr/lib/libXnVHandGenerator_1_4_1.so
79cb1000-79cb2000 ---p 000d4000 08:08 1063994    /usr/lib/libXnVHandGenerator_1_4_1.so
79cb2000-79cb4000 r-xp 000d4000 08:08 1063994    /usr/lib/libXnVHandGenerator_1_4_1.so
79cb4000-79cb5000 rwxp 000d6000 08:08 1063994    /usr/lib/libXnVHandGenerator_1_4_1.so
79cb5000-79cb7000 rwxp 00000000 00:00 0 
79cb7000-79d95000 r-xp 00000000 08:08 1063991    /usr/lib/libXnVHandGenerator_1_3_1.so
79d95000-79d98000 r-xp 000dd000 08:08 1063991    /usr/lib/libXnVHandGenerator_1_3_1.so
79d98000-79d99000 rwxp 000e0000 08:08 1063991    /usr/lib/libXnVHandGenerator_1_3_1.so
79d99000-79d9b000 rwxp 00000000 00:00 0 
79d9b000-7a19c000 r-xp 00000000 08:08 1063984    /usr/lib/libXnVFeatures_1_5_2.so
7a19c000-7a19d000 ---p 00401000 08:08 1063984    /usr/lib/libXnVFeatures_1_5_2.so
7a19d000-7a1a5000 r-xp 00401000 08:08 1063984    /usr/lib/libXnVFeatures_1_5_2.so
7a1a5000-7a1a6000 rwxp 00409000 08:08 1063984    /usr/lib/libXnVFeatures_1_5_2.so
7a1a6000-7a1ba000 rwxp 00000000 00:00 0 
7a1ba000-7a3a1000 r-xp 00000000 08:08 1063973    /usr/lib/libXnVFeatures_1_4_2.so
7a3a1000-7a3a4000 r-xp 001e6000 08:08 1063973    /usr/lib/libXnVFeatures_1_4_2.so
7a3a4000-7a3a5000 rwxp 001e9000 08:08 1063973    /usr/lib/libXnVFeatures_1_4_2.so
7a3a5000-7a3aa000 rwxp 00000000 00:00 0 
7a3aa000-7a591000 r-xp 00000000 08:08 1063968    /usr/lib/libXnVFeatures_1_4_1.so
7a591000-7a594000 r-xp 001e6000 08:08 1063968    /usr/lib/libXnVFeatures_1_4_1.so
7a594000-7a595000 rwxp 001e9000 08:08 1063968    /usr/lib/libXnVFeatures_1_4_1.so
7a595000-7a59a000 rwxp 00000000 00:00 0 
7a59a000-7a7b8000 r-xp 00000000 08:08 1063963    /usr/lib/libXnVFeatures_1_3_1.so
7a7b8000-7a7b9000 ---p 0021e000 08:08 1063963    /usr/lib/libXnVFeatures_1_3_1.so
7a7b9000-7a7bc000 r-xp 0021e000 08:08 1063963    /usr/lib/libXnVFeatures_1_3_1.so
7a7bc000-7a7bd000 rwxp 00221000 08:08 1063963    /usr/lib/libXnVFeatures_1_3_1.so
7a7bd000-7a7c2000 rwxp 00000000 00:00 0 
7a7c2000-7a7e5000 r-xp 00000000 08:08 1063813    /usr/lib/libnimRecorder.so
7a7e5000-7a7e6000 r-xp 00023000 08:08 1063813    /usr/lib/libnimRecorder.so
7a7e6000-7a7e7000 rwxp 00024000 08:08 1063813    /usr/lib/libnimRecorder.so
7a7e7000-7a81b000 r-xp 00000000 08:08 1063811    /usr/lib/libnimCodecs.so
7a81b000-7a81c000 ---p 00034000 08:08 1063811    /usr/lib/libnimCodecs.so
7a81c000-7a81e000 r-xp 00034000 08:08 1063811    /usr/lib/libnimCodecs.so
7a81e000-7a81f000 rwxp 00036000 08:08 1063811    /usr/lib/libnimCodecs.so
7a81f000-7a83f000 rwxp 00000000 00:00 0 
7a83f000-7a870000 r-xp 00000000 08:08 1063812    /usr/lib/libnimMockNodes.so
7a870000-7a876000 r-xp 00031000 08:08 1063812    /usr/lib/libnimMockNodes.so
7a876000-7a877000 rwxp 00037000 08:08 1063812    /usr/lib/libnimMockNodes.so
7a877000-7a893000 r-xp 00000000 08:08 1573816    /lib/i386-linux-gnu/libgcc_s.so.1
7a893000-7a894000 r-xp 0001b000 08:08 1573816    /lib/i386-linux-gnu/libgcc_s.so.1
7a894000-7a895000 rwxp 0001c000 08:08 1573816    /lib/i386-linux-gnu/libgcc_s.so.1
7a895000-7a973000 r-xp 00000000 08:08 1056768    /usr/lib/i386-linux-gnu/libstdc++.so.6.0.16
7a973000-7a974000 ---p 000de000 08:08 1056768    /usr/lib/i386-linux-gnu/libstdc++.so.6.0.16
7a974000-7a978000 r-xp 000de000 08:08 1056768    /usr/lib/i386-linux-gnu/libstdc++.so.6.0.16
7a978000-7a979000 rwxp 000e2000 08:08 1056768    /usr/lib/i386-linux-gnu/libstdc++.so.6.0.16
7a979000-7a980000 rwxp 00000000 00:00 0 
7a980000-7aa50000 r-xp 00000000 08:08 1063882    /usr/lib/libXnVNite_1_3_1.so
7aa50000-7aa53000 r-xp 000cf000 08:08 1063882    /usr/lib/libXnVNite_1_3_1.so
7aa53000-7aa54000 rwxp 000d2000 08:08 1063882    /usr/lib/libXnVNite_1_3_1.so
7aa54000-7aad0000 r-xp 00000000 08:08 1063815    /usr/lib/libOpenNI.so
7aad0000-7aad2000 r-xp 0007c000 08:08 1063815    /usr/lib/libOpenNI.so
7aad2000-7aad4000 rwxp 0007e000 08:08 1063815    /usr/lib/libOpenNI.so
7aad4000-7abb6000 r-xp 00000000 08:08 1199735    /home/alejo/Dropbox/code/devices3d/lib/user/SimpleOpenNI/libSimpleOpenNI.so
7abb6000-7abb7000 ---p 000e2000 08:08 1199735    /home/alejo/Dropbox/code/devices3d/lib/user/SimpleOpenNI/libSimpleOpenNI.so
7abb7000-7abb9000 r-xp 000e2000 08:08 1199735    /home/alejo/Dropbox/code/devices3d/lib/user/SimpleOpenNI/libSimpleOpenNI.so
7abb9000-7abbc000 rwxp 000e4000 08:08 1199735    /home/alejo/Dropbox/code/devices3d/lib/user/SimpleOpenNI/libSimpleOpenNI.so
7abbc000-7abbf000 ---p 00000000 00:00 0 
7abbf000-7ac0d000 rwxp 00000000 00:00 0 
7ac0d000-7ac10000 ---p 00000000 00:00 0 
7ac10000-7ac5e000 rwxp 00000000 00:00 0 
7ac5e000-7ac61000 ---p 00000000 00:00 0 
7ac61000-7acaf000 rwxp 00000000 00:00 0 
7acaf000-7acb2000 ---p 00000000 00:00 0 
7acb2000-7ad00000 rwxp 00000000 00:00 0 
7ad00000-7adfb000 rwxp 00000000 00:00 0 
7adfb000-7ae00000 ---p 00000000 00:00 0 
7ae00000-7af00000 rwxp 00000000 00:00 0 
7af00000-7affc000 rwxp 00000000 00:00 0 
7affc000-7b000000 ---p 00000000 00:00 0 
7b005000-7b008000 ---p 00000000 00:00 0 
7b008000-7b056000 rwxp 00000000 00:00 0 
7b056000-7b05c000 r-xs 00000000 08:08 1188892    /var/cache/fontconfig/945677eb7aeaf62f1d50efc3fb3ec7d8-le32d4.cache-3
7b05c000-7b05e000 r-xs 00000000 08:08 1188893    /var/cache/fontconfig/99e8ed0e538f840c565b6ed5dad60d56-le32d4.cache-3
7b05e000-7b061000 r-xs 00000000 08:08 1206717    /var/cache/fontconfig/e383d7ea5fbe662a33d9b44caf393297-le32d4.cache-3
7b061000-7b064000 r-xs 00000000 08:08 1188879    /var/cache/fontconfig/2cd17615ca594fa2959ae173292e504c-le32d4.cache-3
7b064000-7b066000 r-xs 00000000 08:08 1191776    /var/cache/fontconfig/b5ea634b0fb353b8ea17632d1f9ef766-le32d4.cache-3
7b066000-7b06a000 r-xs 00000000 08:08 1188889    /var/cache/fontconfig/6eb3985aa4124903f6ff08ba781cd364-le32d4.cache-3
7b06a000-7b06e000 r-xs 00000000 08:08 1188894    /var/cache/fontconfig/a755afe4a08bf5b97852ceb7400b47bc-le32d4.cache-3
7b06e000-7b072000 r-xs 00000000 08:08 1188884    /var/cache/fontconfig/515ca1ebc4b18308bea979be5704f9db-le32d4.cache-3
7b072000-7b079000 r-xs 00000000 08:08 1188888    /var/cache/fontconfig/6d41288fd70b0be22e8c3a91e032eec0-le32d4.cache-3
7b079000-7b084000 r-xs 00000000 08:08 1188877    /var/cache/fontconfig/0f34bcd4b6ee430af32735b75db7f02b-le32d4.cache-3
7b084000-7b0a6000 r-xs 00000000 08:08 1206716    /var/cache/fontconfig/365b55f210c0a22e9a19e35191240f32-le32d4.cache-3
7b0a6000-7b0b3000 r-xs 00000000 08:08 1188899    /var/cache/fontconfig/d52a8644073d54c13679302ca1180695-le32d4.cache-3
7b0b3000-7b0c1000 r-xs 00000000 08:08 1190496    /var/cache/fontconfig/e13b20fdb08344e0e664864cc2ede53d-le32d4.cache-3
7b0c2000-7b0cd000 r-xp 00000000 08:08 408705     /opt/microchip/mplabx/mplab_ide/mplablibs/modules/lib/libusb-1.0.so.0.0.0
7b0cd000-7b0ce000 rwxp 0000a000 08:08 408705     /opt/microchip/mplabx/mplab_ide/mplablibs/modules/lib/libusb-1.0.so.0.0.0
7b0e9000-7b0ea000 rwxp 00000000 00:00 0 
7b0ea000-7b0f1000 r-xp 00000000 08:08 1181319    /usr/lib/jvm/java-6-sun-1.6.0.26/jre/lib/i386/libnio.so
7b0f1000-7b0f2000 rwxp 00006000 08:08 1181319    /usr/lib/jvm/java-6-sun-1.6.0.26/jre/lib/i386/libnio.so
7b0f2000-7b0f5000 ---p 00000000 00:00 0 
7b0f5000-7b143000 rwxp 00000000 00:00 0 
7b143000-7b146000 ---p 00000000 00:00 0 
7b146000-7b194000 rwxp 00000000 00:00 0 
7b194000-7b198000 r-xp 00000000 08:08 1056426    /usr/lib/i386-linux-gnu/libXfixes.so.3.1.0
7b198000-7b199000 r-xp 00003000 08:08 1056426    /usr/lib/i386-linux-gnu/libXfixes.so.3.1.0
7b199000-7b19a000 rwxp 00004000 08:08 1056426    /usr/lib/i386-linux-gnu/libXfixes.so.3.1.0
7b19a000-7b1a3000 r-xp 00000000 08:08 1056446    /usr/lib/i386-linux-gnu/libXrender.so.1.3.0
7b1a3000-7b1a4000 r-xp 00008000 08:08 1056446    /usr/lib/i386-linux-gnu/libXrender.so.1.3.0
7b1a4000-7b1a5000 rwxp 00009000 08:08 1056446    /usr/lib/i386-linux-gnu/libXrender.so.1.3.0
7b1a5000-7b1ae000 r-xp 00000000 08:08 1056410    /usr/lib/i386-linux-gnu/libXcursor.so.1.0.2
7b1ae000-7b1af000 r-xp 00008000 08:08 1056410    /usr/lib/i386-linux-gnu/libXcursor.so.1.0.2
7b1af000-7b1b0000 rwxp 00009000 08:08 1056410    /usr/lib/i386-linux-gnu/libXcursor.so.1.0.2
7b1b0000-7b1b3000 r-xp 00000000 08:08 1064001    /usr/lib/libXnCore.so
7b1b3000-7b1b4000 r-xp 00002000 08:08 1064001    /usr/lib/libXnCore.so
7b1b4000-7b1b5000 rwxp 00003000 08:08 1064001    /usr/lib/libXnCore.so
7b1b5000-7b1b6000 r-xp 00000000 08:08 1181308    /usr/lib/jvm/java-6-sun-1.6.0.26/jre/lib/i386/libjawt.so
7b1b6000-7b1b7000 rwxp 00000000 08:08 1181308    /usr/lib/jvm/java-6-sun-1.6.0.26/jre/lib/i386/libjawt.so
7b1b7000-7b1cb000 r-xp 00000000 08:08 1181318    /usr/lib/jvm/java-6-sun-1.6.0.26/jre/lib/i386/libnet.so
7b1cb000-7b1cc000 rwxp 00013000 08:08 1181318    /usr/lib/jvm/java-6-sun-1.6.0.26/jre/lib/i386/libnet.so
7b1cc000-7b1cd000 r-xs 00000000 08:08 1188895    /var/cache/fontconfig/c05880de57d1f5e948fdfacc138775d9-le32d4.cache-3
7b1cd000-7b1ce000 r-xs 00000000 08:08 1188903    /var/cache/fontconfig/e7071f4a29fa870f4323321c154eba04-le32d4.cache-3
7b1ce000-7b1cf000 r-xs 00000000 08:08 1188883    /var/cache/fontconfig/4c73fe0c47614734b17d736dbde7580a-le32d4.cache-3
7b1cf000-7b1d0000 r-xs 00000000 08:08 1188876    /var/cache/fontconfig/0d8c3b2ac0904cb8a57a757ad11a4a08-le32d4.cache-3
7b1d0000-7b1d1000 r-xs 00000000 08:08 1188887    /var/cache/fontconfig/6a53c69dea097a2d716e069445527da8-le32d4.cache-3
7b1d1000-7b1d7000 r-xs 00000000 08:08 1206713    /var/cache/fontconfig/153bb866d4d26e7cd19eee2129f8d8d2-le32d4.cache-3
7b1d7000-7b1da000 r-xs 00000000 08:08 1206715    /var/cache/fontconfig/7ef2298fde41cc6eeb7af42e48b7d293-le32d4.cache-3
7b1da000-7b1e8000 r-xs 00000000 08:08 1190505    /var/cache/fontconfig/865f88548240fee46819705c6468c165-le32d4.cache-3
7b1e8000-7b1eb000 ---p 00000000 00:00 0 
7b1eb000-7b239000 rwxp 00000000 00:00 0 
7b239000-7b2b2000 r-xp 00000000 08:08 1181295    /usr/lib/jvm/java-6-sun-1.6.0.26/jre/lib/i386/libfontmanager.so
7b2b2000-7b2bc000 rwxp 00078000 08:08 1181295    /usr/lib/jvm/java-6-sun-1.6.0.26/jre/lib/i386/libfontmanager.so
7b2bc000-7b2c1000 rwxp 00000000 00:00 0 
7b2c1000-7b2d8000 r-xs 0015b000 08:08 1199687    /home/alejo/Dropbox/code/devices3d/lib/base/core/ant.jar
7b2d8000-7b2dd000 r-xp 00000000 08:08 1056418    /usr/lib/i386-linux-gnu/libXdmcp.so.6.0.0
7b2dd000-7b2de000 r-xp 00004000 08:08 1056418    /usr/lib/i386-linux-gnu/libXdmcp.so.6.0.0
7b2de000-7b2df000 rwxp 00005000 08:08 1056418    /usr/lib/i386-linux-gnu/libXdmcp.so.6.0.0
7b2df000-7b2fc000 r-xp 00000000 08:08 1056813    /usr/lib/i386-linux-gnu/libxcb.so.1.1.0
7b2fc000-7b2fd000 r-xp 0001c000 08:08 1056813    /usr/lib/i386-linux-gnu/libxcb.so.1.1.0
7b2fd000-7b2fe000 rwxp 0001d000 08:08 1056813    /usr/lib/i386-linux-gnu/libxcb.so.1.1.0
7b2fe000-7b30c000 r-xp 00000000 08:08 1056434    /usr/lib/i386-linux-gnu/libXi.so.6.1.0
7b30c000-7b30d000 r-xp 0000d000 08:08 1056434    /usr/lib/i386-linux-gnu/libXi.so.6.1.0
7b30d000-7b30e000 rwxp 0000e000 08:08 1056434    /usr/lib/i386-linux-gnu/libXi.so.6.1.0
7b30e000-7b43f000 r-xp 00000000 08:08 1056398    /usr/lib/i386-linux-gnu/libX11.so.6.3.0
7b43f000-7b440000 ---p 00131000 08:08 1056398    /usr/lib/i386-linux-gnu/libX11.so.6.3.0
7b440000-7b441000 r-xp 00131000 08:08 1056398    /usr/lib/i386-linux-gnu/libX11.so.6.3.0
7b441000-7b443000 rwxp 00132000 08:08 1056398    /usr/lib/i386-linux-gnu/libX11.so.6.3.0
7b443000-7b444000 rwxp 00000000 00:00 0 
7b444000-7b455000 r-xp 00000000 08:08 1056422    /usr/lib/i386-linux-gnu/libXext.so.6.4.0
7b455000-7b456000 r-xp 00010000 08:08 1056422    /usr/lib/i386-linux-gnu/libXext.so.6.4.0
7b456000-7b457000 rwxp 00011000 08:08 1056422    /usr/lib/i386-linux-gnu/libXext.so.6.4.0
7b457000-7b45a000 r-xs 00000000 08:08 1188900    /var/cache/fontconfig/d60319d88cac85ba9e1a07bd06cfbb8c-le32d4.cache-3
7b45a000-7b45d000 r-xs 00017000 08:08 1199756    /home/alejo/Dropbox/code/devices3d/lib/user/proscene/proscene.jar
7b45d000-7b45f000 r-xs 00003000 08:08 1199742    /home/alejo/Dropbox/code/devices3d/lib/user/fullscreen/fullscreen.jar
7b45f000-7b463000 r-xs 00020000 08:08 1199717    /home/alejo/Dropbox/code/devices3d/lib/user/SimpleOpenNI/SimpleOpenNI.jar
7b463000-7b466000 r-xs 00029000 08:08 2123900    /home/alejo/Dropbox/code/devices3d/lib/user/procontroll/procontroll.jar
7b466000-7b471000 r-xs 00108000 08:08 1326150    /home/alejo/Dropbox/code/devices3d/lib/base/opengl/jogl.jar
7b471000-7b472000 r-xs 00004000 08:08 1326149    /home/alejo/Dropbox/code/devices3d/lib/base/opengl/gluegen-rt.jar
7b472000-7b473000 r-xs 00003000 08:08 1326148    /home/alejo/Dropbox/code/devices3d/lib/base/opengl/opengl.jar
7b473000-7b4b6000 r-xp 00000000 08:08 1181341    /usr/lib/jvm/java-6-sun-1.6.0.26/jre/lib/i386/xawt/libmawt.so
7b4b6000-7b4b8000 rwxp 00043000 08:08 1181341    /usr/lib/jvm/java-6-sun-1.6.0.26/jre/lib/i386/xawt/libmawt.so
7b4b8000-7b4b9000 rwxp 00000000 00:00 0 
7b4b9000-7b53e000 r-xp 00000000 08:08 1181290    /usr/lib/jvm/java-6-sun-1.6.0.26/jre/lib/i386/libawt.so
7b53e000-7b545000 rwxp 00085000 08:08 1181290    /usr/lib/jvm/java-6-sun-1.6.0.26/jre/lib/i386/libawt.so
7b545000-7b569000 rwxp 00000000 00:00 0 
7b569000-7b56a000 ---p 00000000 00:00 0 
7b56a000-7b5ea000 rwxp 00000000 00:00 0 
7b5ea000-7b5ed000 ---p 00000000 00:00 0 
7b5ed000-7b63b000 rwxp 00000000 00:00 0 
7b63b000-7b63e000 ---p 00000000 00:00 0 
7b63e000-7b6bc000 rwxp 00000000 00:00 0 
7b6bc000-7b6bf000 ---p 00000000 00:00 0 
7b6bf000-7b73d000 rwxp 00000000 00:00 0 
7b73d000-7b740000 ---p 00000000 00:00 0 
7b740000-7b78e000 rwxp 00000000 00:00 0 
7b78e000-7b78f000 r-xp 00571000 08:08 1057169    /usr/lib/locale/locale-archive
7b78f000-7b8c0000 r-xp 0043d000 08:08 1057169    /usr/lib/locale/locale-archive
7b8c0000-7b900000 r-xp 002bd000 08:08 1057169    /usr/lib/locale/locale-archive
7b900000-7bb00000 r-xp 00000000 08:08 1057169    /usr/lib/locale/locale-archive
7bb00000-7bbfe000 rwxp 00000000 00:00 0 
7bbfe000-7bc00000 ---p 00000000 00:00 0 
7bc00000-7bc03000 ---p 00000000 00:00 0 
7bc03000-7bc51000 rwxp 00000000 00:00 0 
7bc51000-7bc54000 ---p 00000000 00:00 0 
7bc54000-7bca2000 rwxp 00000000 00:00 0 
7bca2000-7bca3000 ---p 00000000 00:00 0 
7bca3000-7bd57000 rwxp 00000000 00:00 0 
7bd57000-7beef000 r-xs 03029000 08:08 1181157    /usr/lib/jvm/java-6-sun-1.6.0.26/jre/lib/rt.jar
7beef000-7bef0000 ---p 00000000 00:00 0 
7bef0000-7bf70000 rwxp 00000000 00:00 0 
7bf70000-7bf71000 ---p 00000000 00:00 0 
7bf71000-7bff1000 rwxp 00000000 00:00 0 
7bff1000-7bff2000 ---p 00000000 00:00 0 
7bff2000-7c072000 rwxp 00000000 00:00 0 
7c072000-7c073000 ---p 00000000 00:00 0 
7c073000-7c0fb000 rwxp 00000000 00:00 0 
7c0fb000-7c113000 rwxp 00000000 00:00 0 
7c113000-7c125000 rwxp 00000000 00:00 0 
7c125000-7c225000 rwxp 00000000 00:00 0 
7c225000-7c22d000 rwxp 00000000 00:00 0 
7c22d000-7c245000 rwxp 00000000 00:00 0 
7c245000-7c257000 rwxp 00000000 00:00 0 
7c257000-7c356000 rwxp 00000000 00:00 0 
7c356000-7c366000 rwxp 00000000 00:00 0 
7c366000-7c3df000 rwxp 00000000 00:00 0 
7c3df000-7d3e0000 rwxp 00000000 00:00 0 
7d3e0000-803e0000 rwxp 00000000 00:00 0 
803e0000-82610000 rwxp 00000000 00:00 0 
82610000-a2690000 rwxp 00000000 00:00 0 
a2690000-a4470000 rwxp 00000000 00:00 0 
a4470000-b37e0000 rwxp 00000000 00:00 0 
b37e0000-b37e2000 r-xs 0002b000 08:08 1199690    /home/alejo/Dropbox/code/devices3d/lib/base/core/core.jar
b37e2000-b37e7000 r-xp 00000000 08:08 1052626    /usr/lib/libXtst.so.6.1.0
b37e7000-b37e8000 r-xp 00004000 08:08 1052626    /usr/lib/libXtst.so.6.1.0
b37e8000-b37e9000 rwxp 00005000 08:08 1052626    /usr/lib/libXtst.so.6.1.0
b37e9000-b37f2000 rwxp 00000000 00:00 0 
b37f2000-b38a9000 rwxp 00000000 00:00 0 
b38a9000-b3ae9000 rwxp 00000000 00:00 0 
b3ae9000-b68a9000 rwxp 00000000 00:00 0 
b68a9000-b68b4000 r-xp 00000000 08:08 1573836    /lib/i386-linux-gnu/libnss_files-2.13.so
b68b4000-b68b5000 r-xp 0000a000 08:08 1573836    /lib/i386-linux-gnu/libnss_files-2.13.so
b68b5000-b68b6000 rwxp 0000b000 08:08 1573836    /lib/i386-linux-gnu/libnss_files-2.13.so
b68b6000-b68c0000 r-xp 00000000 08:08 1573840    /lib/i386-linux-gnu/libnss_nis-2.13.so
b68c0000-b68c1000 r-xp 00009000 08:08 1573840    /lib/i386-linux-gnu/libnss_nis-2.13.so
b68c1000-b68c2000 rwxp 0000a000 08:08 1573840    /lib/i386-linux-gnu/libnss_nis-2.13.so
b68c2000-b68d7000 r-xp 00000000 08:08 1573830    /lib/i386-linux-gnu/libnsl-2.13.so
b68d7000-b68d8000 r-xp 00015000 08:08 1573830    /lib/i386-linux-gnu/libnsl-2.13.so
b68d8000-b68d9000 rwxp 00016000 08:08 1573830    /lib/i386-linux-gnu/libnsl-2.13.so
b68d9000-b68db000 rwxp 00000000 00:00 0 
b68db000-b68dc000 r-xs 00000000 08:08 1193307    /var/cache/fontconfig/4794a0821666d79190d59a36cb4f44b5-le32d4.cache-3
b68dc000-b68de000 r-xs 00002000 08:08 1199642    /home/alejo/Dropbox/code/devices3d/lib/base/core/ant-launcher.jar
b68de000-b68ed000 r-xp 00000000 08:08 1181329    /usr/lib/jvm/java-6-sun-1.6.0.26/jre/lib/i386/libzip.so
b68ed000-b68ef000 rwxp 0000e000 08:08 1181329    /usr/lib/jvm/java-6-sun-1.6.0.26/jre/lib/i386/libzip.so
b68ef000-b68f7000 rwxs 00000000 08:08 407533     /tmp/hsperfdata_alejo/7316
b68f7000-b691a000 r-xp 00000000 08:08 1181303    /usr/lib/jvm/java-6-sun-1.6.0.26/jre/lib/i386/libjava.so
b691a000-b691c000 rwxp 00023000 08:08 1181303    /usr/lib/jvm/java-6-sun-1.6.0.26/jre/lib/i386/libjava.so
b691c000-b6923000 r-xp 00000000 08:08 1573859    /lib/i386-linux-gnu/librt-2.13.so
b6923000-b6924000 r-xp 00006000 08:08 1573859    /lib/i386-linux-gnu/librt-2.13.so
b6924000-b6925000 rwxp 00007000 08:08 1573859    /lib/i386-linux-gnu/librt-2.13.so
b6925000-b6928000 ---p 00000000 00:00 0 
b6928000-b6976000 rwxp 00000000 00:00 0 
b6976000-b699e000 r-xp 00000000 08:08 1573825    /lib/i386-linux-gnu/libm-2.13.so
b699e000-b699f000 r-xp 00028000 08:08 1573825    /lib/i386-linux-gnu/libm-2.13.so
b699f000-b69a0000 rwxp 00029000 08:08 1573825    /lib/i386-linux-gnu/libm-2.13.so
b69a0000-b7152000 r-xp 00000000 08:08 1181340    /usr/lib/jvm/java-6-sun-1.6.0.26/jre/lib/i386/server/libjvm.so
b7152000-b71a6000 rwxp 007b1000 08:08 1181340    /usr/lib/jvm/java-6-sun-1.6.0.26/jre/lib/i386/server/libjvm.so
b71a6000-b75c5000 rwxp 00000000 00:00 0 
b75c5000-b773b000 r-xp 00000000 08:08 1573795    /lib/i386-linux-gnu/libc-2.13.so
b773b000-b773d000 r-xp 00176000 08:08 1573795    /lib/i386-linux-gnu/libc-2.13.so
b773d000-b773e000 rwxp 00178000 08:08 1573795    /lib/i386-linux-gnu/libc-2.13.so
b773e000-b7741000 rwxp 00000000 00:00 0 
b7741000-b7744000 r-xp 00000000 08:08 1573806    /lib/i386-linux-gnu/libdl-2.13.so
b7744000-b7745000 r-xp 00002000 08:08 1573806    /lib/i386-linux-gnu/libdl-2.13.so
b7745000-b7746000 rwxp 00003000 08:08 1573806    /lib/i386-linux-gnu/libdl-2.13.so
b7746000-b774d000 r-xp 00000000 08:08 1181335    /usr/lib/jvm/java-6-sun-1.6.0.26/jre/lib/i386/jli/libjli.so
b774d000-b774f000 rwxp 00006000 08:08 1181335    /usr/lib/jvm/java-6-sun-1.6.0.26/jre/lib/i386/jli/libjli.so
b774f000-b7750000 rwxp 00000000 00:00 0 
b7750000-b7767000 r-xp 00000000 08:08 1573855    /lib/i386-linux-gnu/libpthread-2.13.so
b7767000-b7768000 r-xp 00016000 08:08 1573855    /lib/i386-linux-gnu/libpthread-2.13.so
b7768000-b7769000 rwxp 00017000 08:08 1573855    /lib/i386-linux-gnu/libpthread-2.13.so
b7769000-b776b000 rwxp 00000000 00:00 0 
b776b000-b776d000 r-xp 00000000 08:08 1056402    /usr/lib/i386-linux-gnu/libXau.so.6.0.0
b776d000-b776e000 r-xp 00001000 08:08 1056402    /usr/lib/i386-linux-gnu/libXau.so.6.0.0
b776e000-b776f000 rwxp 00002000 08:08 1056402    /usr/lib/i386-linux-gnu/libXau.so.6.0.0
b776f000-b7777000 r-xp 00000000 08:08 1573832    /lib/i386-linux-gnu/libnss_compat-2.13.so
b7777000-b7778000 r-xp 00007000 08:08 1573832    /lib/i386-linux-gnu/libnss_compat-2.13.so
b7778000-b7779000 rwxp 00008000 08:08 1573832    /lib/i386-linux-gnu/libnss_compat-2.13.so
b7779000-b777a000 rwxp 00000000 00:00 0 
b777a000-b777b000 r-xp 00000000 00:00 0 
b777b000-b7786000 r-xp 00000000 08:08 1181328    /usr/lib/jvm/java-6-sun-1.6.0.26/jre/lib/i386/libverify.so
b7786000-b7787000 rwxp 0000b000 08:08 1181328    /usr/lib/jvm/java-6-sun-1.6.0.26/jre/lib/i386/libverify.so
b7787000-b7789000 rwxp 00000000 00:00 0 
b7789000-b778a000 r-xp 00000000 00:00 0          [vdso]
b778a000-b77a8000 r-xp 00000000 08:08 1573782    /lib/i386-linux-gnu/ld-2.13.so
b77a8000-b77a9000 r-xp 0001d000 08:08 1573782    /lib/i386-linux-gnu/ld-2.13.so
b77a9000-b77aa000 rwxp 0001e000 08:08 1573782    /lib/i386-linux-gnu/ld-2.13.so
bfda5000-bfdc6000 rwxp 00000000 00:00 0          [stack]

VM Arguments:
jvm_args: -Djava.library.path=/home/alejo/Dropbox/code/devices3d/lib/base/opengl:/home/alejo/Dropbox/code/devices3d/lib/base/opengl:/home/alejo/Dropbox/code/devices3d/lib/base/opengl:/home/alejo/Dropbox/code/devices3d/lib/base/core:/home/alejo/Dropbox/code/devices3d/lib/base/core:/home/alejo/Dropbox/code/devices3d/lib/base/core:/home/alejo/Dropbox/code/devices3d/lib/user/procontroll:/home/alejo/Dropbox/code/devices3d/lib/user/SimpleOpenNI:/home/alejo/Dropbox/code/devices3d/lib/user/fullscreen:/home/alejo/Dropbox/code/devices3d/lib/user/proscene -Djava.security.policy=java.policy.applet -Dfile.encoding=UTF-8 
java_command: sun.applet.AppletViewer devices3d.Devices3d1333676507485.html
Launcher Type: SUN_STANDARD

Environment Variables:
PATH=/opt/microchip/mplabc32/v2.02/bin:/opt/microchip/mplabc30/v3.30c/bin:/usr/lib/lightdm/lightdm:/usr/local/sbin:/usr/local/bin:/usr/sbin:/usr/bin:/sbin:/bin:/usr/games
USERNAME=alejo
LD_LIBRARY_PATH=/usr/lib/jvm/java-6-sun-1.6.0.26/jre/lib/i386/server:/usr/lib/jvm/java-6-sun-1.6.0.26/jre/lib/i386:/usr/lib/jvm/java-6-sun-1.6.0.26/jre/../lib/i386:/usr/lib/jvm/java-6-sun-1.6.0.26/jre/lib/i386/client:/usr/lib/jvm/java-6-sun-1.6.0.26/jre/lib/i386:
SHELL=/bin/bash
DISPLAY=:0.0

Signal Handlers:
SIGSEGV: [libjvm.so+0x725510], sa_mask[0]=0x7ffbfeff, sa_flags=0x10000004
SIGBUS: [libjvm.so+0x725510], sa_mask[0]=0x7ffbfeff, sa_flags=0x10000004
SIGFPE: [libjvm.so+0x5dff20], sa_mask[0]=0x7ffbfeff, sa_flags=0x10000004
SIGPIPE: [libjvm.so+0x5dff20], sa_mask[0]=0x7ffbfeff, sa_flags=0x10000004
SIGXFSZ: [libjvm.so+0x5dff20], sa_mask[0]=0x7ffbfeff, sa_flags=0x10000004
SIGILL: [libjvm.so+0x5dff20], sa_mask[0]=0x7ffbfeff, sa_flags=0x10000004
SIGUSR1: SIG_DFL, sa_mask[0]=0x00000000, sa_flags=0x00000000
SIGUSR2: [libjvm.so+0x5e3160], sa_mask[0]=0x00000004, sa_flags=0x10000004
SIGHUP: [libjvm.so+0x5e2d40], sa_mask[0]=0x7ffbfeff, sa_flags=0x10000004
SIGINT: [libjvm.so+0x5e2d40], sa_mask[0]=0x7ffbfeff, sa_flags=0x10000004
SIGTERM: [libjvm.so+0x5e2d40], sa_mask[0]=0x7ffbfeff, sa_flags=0x10000004
SIGQUIT: [libjvm.so+0x5e2d40], sa_mask[0]=0x7ffbfeff, sa_flags=0x10000004


---------------  S Y S T E M  ---------------

OS:wheezy/sid

uname:Linux 3.0.0-12-generic #20-Ubuntu SMP Fri Oct 7 14:50:42 UTC 2011 i686
libc:glibc 2.13 NPTL 2.13 
rlimit: STACK 8192k, CORE 0k, NPROC 26110, NOFILE 4096, AS infinity
load average:0.21 0.15 0.14

/proc/meminfo:
MemTotal:        3356112 kB
MemFree:          481552 kB
Buffers:          323364 kB
Cached:          1053840 kB
SwapCached:            0 kB
Active:          1513332 kB
Inactive:        1013304 kB
Active(anon):    1151832 kB
Inactive(anon):    11584 kB
Active(file):     361500 kB
Inactive(file):  1001720 kB
Unevictable:          16 kB
Mlocked:              16 kB
HighTotal:       2497096 kB
HighFree:          99308 kB
LowTotal:         859016 kB
LowFree:          382244 kB
SwapTotal:      14645240 kB
SwapFree:       14645240 kB
Dirty:               496 kB
Writeback:             0 kB
AnonPages:       1149328 kB
Mapped:           318692 kB
Shmem:             13976 kB
Slab:              98268 kB
SReclaimable:      76696 kB
SUnreclaim:        21572 kB
KernelStack:        4320 kB
PageTables:        21020 kB
NFS_Unstable:          0 kB
Bounce:                0 kB
WritebackTmp:          0 kB
CommitLimit:    16323296 kB
Committed_AS:    4177664 kB
VmallocTotal:     122880 kB
VmallocUsed:       59252 kB
VmallocChunk:      58104 kB
HardwareCorrupted:     0 kB
AnonHugePages:         0 kB
HugePages_Total:       0
HugePages_Free:        0
HugePages_Rsvd:        0
HugePages_Surp:        0
Hugepagesize:       4096 kB
DirectMap4k:       12280 kB
DirectMap4M:      897024 kB


CPU:total 4 (4 cores per cpu, 1 threads per core) family 16 model 4 stepping 3, cmov, cx8, fxsr, mmx, sse, sse2, sse3, popcnt, mmxext, 3dnow, 3dnowext, lzcnt, sse4a

/proc/cpuinfo:
processor	: 0
vendor_id	: AuthenticAMD
cpu family	: 16
model		: 4
model name	: AMD Phenom(tm) II X4 945 Processor
stepping	: 3
cpu MHz		: 3010.822
cache size	: 512 KB
physical id	: 0
siblings	: 4
core id		: 0
cpu cores	: 4
apicid		: 0
initial apicid	: 0
fdiv_bug	: no
hlt_bug		: no
f00f_bug	: no
coma_bug	: no
fpu		: yes
fpu_exception	: yes
cpuid level	: 5
wp		: yes
flags		: fpu vme de pse tsc msr pae mce cx8 apic mtrr pge mca cmov pat pse36 clflush mmx fxsr sse sse2 ht syscall nx mmxext fxsr_opt pdpe1gb rdtscp lm 3dnowext 3dnow constant_tsc nonstop_tsc extd_apicid pni monitor cx16 popcnt lahf_lm cmp_legacy svm extapic cr8_legacy abm sse4a misalignsse 3dnowprefetch osvw ibs skinit wdt npt lbrv svm_lock nrip_save
bogomips	: 6021.64
clflush size	: 64
cache_alignment	: 64
address sizes	: 48 bits physical, 48 bits virtual
power management: ts ttp tm stc 100mhzsteps hwpstate

processor	: 1
vendor_id	: AuthenticAMD
cpu family	: 16
model		: 4
model name	: AMD Phenom(tm) II X4 945 Processor
stepping	: 3
cpu MHz		: 3010.822
cache size	: 512 KB
physical id	: 0
siblings	: 4
core id		: 1
cpu cores	: 4
apicid		: 1
initial apicid	: 1
fdiv_bug	: no
hlt_bug		: no
f00f_bug	: no
coma_bug	: no
fpu		: yes
fpu_exception	: yes
cpuid level	: 5
wp		: yes
flags		: fpu vme de pse tsc msr pae mce cx8 apic mtrr pge mca cmov pat pse36 clflush mmx fxsr sse sse2 ht syscall nx mmxext fxsr_opt pdpe1gb rdtscp lm 3dnowext 3dnow constant_tsc nonstop_tsc extd_apicid pni monitor cx16 popcnt lahf_lm cmp_legacy svm extapic cr8_legacy abm sse4a misalignsse 3dnowprefetch osvw ibs skinit wdt npt lbrv svm_lock nrip_save
bogomips	: 6020.55
clflush size	: 64
cache_alignment	: 64
address sizes	: 48 bits physical, 48 bits virtual
power management: ts ttp tm stc 100mhzsteps hwpstate

processor	: 2
vendor_id	: AuthenticAMD
cpu family	: 16
model		: 4
model name	: AMD Phenom(tm) II X4 945 Processor
stepping	: 3
cpu MHz		: 3010.822
cache size	: 512 KB
physical id	: 0
siblings	: 4
core id		: 2
cpu cores	: 4
apicid		: 2
initial apicid	: 2
fdiv_bug	: no
hlt_bug		: no
f00f_bug	: no
coma_bug	: no
fpu		: yes
fpu_exception	: yes
cpuid level	: 5
wp		: yes
flags		: fpu vme de pse tsc msr pae mce cx8 apic mtrr pge mca cmov pat pse36 clflush mmx fxsr sse sse2 ht syscall nx mmxext fxsr_opt pdpe1gb rdtscp lm 3dnowext 3dnow constant_tsc nonstop_tsc extd_apicid pni monitor cx16 popcnt lahf_lm cmp_legacy svm extapic cr8_legacy abm sse4a misalignsse 3dnowprefetch osvw ibs skinit wdt npt lbrv svm_lock nrip_save
bogomips	: 6020.55
clflush size	: 64
cache_alignment	: 64
address sizes	: 48 bits physical, 48 bits virtual
power management: ts ttp tm stc 100mhzsteps hwpstate

processor	: 3
vendor_id	: AuthenticAMD
cpu family	: 16
model		: 4
model name	: AMD Phenom(tm) II X4 945 Processor
stepping	: 3
cpu MHz		: 3010.822
cache size	: 512 KB
physical id	: 0
siblings	: 4
core id		: 3
cpu cores	: 4
apicid		: 3
initial apicid	: 3
fdiv_bug	: no
hlt_bug		: no
f00f_bug	: no
coma_bug	: no
fpu		: yes
fpu_exception	: yes
cpuid level	: 5
wp		: yes
flags		: fpu vme de pse tsc msr pae mce cx8 apic mtrr pge mca cmov pat pse36 clflush mmx fxsr sse sse2 ht syscall nx mmxext fxsr_opt pdpe1gb rdtscp lm 3dnowext 3dnow constant_tsc nonstop_tsc extd_apicid pni monitor cx16 popcnt lahf_lm cmp_legacy svm extapic cr8_legacy abm sse4a misalignsse 3dnowprefetch osvw ibs skinit wdt npt lbrv svm_lock nrip_save
bogomips	: 6020.55
clflush size	: 64
cache_alignment	: 64
address sizes	: 48 bits physical, 48 bits virtual
power management: ts ttp tm stc 100mhzsteps hwpstate



Memory: 4k page, physical 3356112k(481552k free), swap 14645240k(14645240k free)

vm_info: Java HotSpot(TM) Server VM (20.1-b02) for linux-x86 JRE (1.6.0_26-b03), built on May  4 2011 01:04:10 by "java_re" with gcc 3.2.1-7a (J2SE release)

time: Thu Apr  5 20:41:47 2012
elapsed time: 0 seconds

