#
# A fatal error has been detected by the Java Runtime Environment:
#
#  SIGSEGV (0xb) at pc=0x7abcbd5a, pid=8599, tid=2062216048
#
# JRE version: 6.0_26-b03
# Java VM: Java HotSpot(TM) Server VM (20.1-b02 mixed mode linux-x86 )
# Problematic frame:
# C  [libOpenNI.so+0x33d5a]  long long+0x1a
#
# If you would like to submit a bug report, please visit:
#   http://java.sun.com/webapps/bugreport/crash.jsp
# The crash happened outside the Java Virtual Machine in native code.
# See problematic frame for where to report the bug.
#

---------------  T H R E A D  ---------------

Current thread (0x09c0ec00):  JavaThread "Animation Thread" [_thread_in_native, id=8625, stack(0x7ae5e000,0x7aeaf000)]

siginfo:si_signo=SIGSEGV: si_errno=0, si_code=1 (SEGV_MAPERR), si_addr=0x00000000

Registers:
EAX=0x00000000, EBX=0x7ac15ff4, ECX=0x00000001, EDX=0x09b88968
ESP=0x7aeadc40, EBP=0x7aeadc68, ESI=0x00000000, EDI=0x09c0ec00
EIP=0x7abcbd5a, EFLAGS=0x00010202, CR2=0x00000000

Top of Stack: (sp=0x7aeadc40)
0x7aeadc40:   7ab9adec 7acfcff4 7cc860c8 09c0ec00
0x7aeadc50:   7aeadc88 b7839c30 09b88968 7abcbd40
0x7aeadc60:   7acfcff4 7cc860c8 7aeadc88 7acb298c
0x7aeadc70:   00000000 09b88968 09b88968 7acb2966
0x7aeadc80:   09b888f8 7acfcff4 7aeadcb8 7acb96f1
0x7aeadc90:   09b888f8 09b88968 00000000 00000000
0x7aeadca0:   7aeadcd8 b7839c30 09c0ec00 7acb9601
0x7aeadcb0:   7acfcff4 7cc860c8 7aeadcd8 7acb9825 

Instructions: (pc=0x7abcbd5a)
0x7abcbd3a:   bc 27 00 00 00 00 55 89 e5 83 ec 28 89 75 fc 8b
0x7abcbd4a:   75 08 89 5d f8 e8 13 a8 fd ff 81 c3 a0 a2 04 00
0x7abcbd5a:   8b 06 8b 50 08 85 d2 74 0c 8b 40 04 8b 00 a9 00
0x7abcbd6a:   00 01 00 75 11 8b 5d f8 b8 12 00 01 00 8b 75 fc 

Register to memory mapping:

EAX=0x00000000 is an unknown value
EBX=0x7ac15ff4: <offset 0x7dff4> in /usr/lib/libOpenNI.so at 0x7ab98000
ECX=0x00000001 is an unknown value
EDX=0x09b88968 is an unknown value
ESP=0x7aeadc40 is pointing into the stack for thread: 0x09c0ec00
EBP=0x7aeadc68 is pointing into the stack for thread: 0x09c0ec00
ESI=0x00000000 is an unknown value
EDI=0x09c0ec00 is a thread


Stack: [0x7ae5e000,0x7aeaf000],  sp=0x7aeadc40,  free space=319k
Native frames: (J=compiled Java code, j=interpreted, Vv=VM code, C=native code)
C  [libOpenNI.so+0x33d5a]  long long+0x1a
C  [libSimpleOpenNI.so+0x9a98c]  xn::MapGenerator::SetMapOutputMode(XnMapOutputMode const&)+0x26
C  [libSimpleOpenNI.so+0xa16f1]  sOpenNI::ContextWrapper::createDepth(bool)+0xdb
C  [libSimpleOpenNI.so+0xa1825]  sOpenNI::ContextWrapper::enableDepth()+0x6b
C  [libSimpleOpenNI.so+0x848c6]  Java_SimpleOpenNI_SimpleOpenNIJNI_ContextWrapper_1enableDepthSwigExplicitContextWrapper_1_1SWIG_10+0x3c
j  SimpleOpenNI.SimpleOpenNIJNI.ContextWrapper_enableDepthSwigExplicitContextWrapper__SWIG_0(JLSimpleOpenNI/ContextWrapper;)Z+0
j  SimpleOpenNI.ContextWrapper.enableDepth()Z+26
j  SimpleOpenNI.SimpleOpenNI.enableDepth()Z+1
j  remixlab.devices.Kinect.<init>(Lprocessing/core/PApplet;Lremixlab/proscene/Scene;)V+56
j  devices3d.Devices3d.setup()V+290
j  processing.core.PApplet.handleDraw()V+65
j  processing.core.PApplet.run()V+72
j  java.lang.Thread.run()V+11
v  ~StubRoutines::call_stub
V  [libjvm.so+0x3dff01]  JavaCalls::call_helper(JavaValue*, methodHandle*, JavaCallArguments*, Thread*)+0x1c1
V  [libjvm.so+0x5e1298]  os::os_exception_wrapper(void (*)(JavaValue*, methodHandle*, JavaCallArguments*, Thread*), JavaValue*, methodHandle*, JavaCallArguments*, Thread*)+0x18
V  [libjvm.so+0x3df775]  JavaCalls::call_virtual(JavaValue*, KlassHandle, symbolHandle, symbolHandle, JavaCallArguments*, Thread*)+0xc5
V  [libjvm.so+0x3df838]  JavaCalls::call_virtual(JavaValue*, Handle, KlassHandle, symbolHandle, symbolHandle, Thread*)+0x58
V  [libjvm.so+0x4642d7]  thread_entry(JavaThread*, Thread*)+0xa7
V  [libjvm.so+0x6e16bf]  JavaThread::run()+0x11f
V  [libjvm.so+0x5e2aee]  java_start(Thread*)+0x14e
C  [libpthread.so.0+0x6d31]  short+0xd1

Java frames: (J=compiled Java code, j=interpreted, Vv=VM code)
j  SimpleOpenNI.SimpleOpenNIJNI.ContextWrapper_enableDepthSwigExplicitContextWrapper__SWIG_0(JLSimpleOpenNI/ContextWrapper;)Z+0
j  SimpleOpenNI.ContextWrapper.enableDepth()Z+26
j  SimpleOpenNI.SimpleOpenNI.enableDepth()Z+1
j  remixlab.devices.Kinect.<init>(Lprocessing/core/PApplet;Lremixlab/proscene/Scene;)V+56
j  devices3d.Devices3d.setup()V+290
j  processing.core.PApplet.handleDraw()V+65
j  processing.core.PApplet.run()V+72
j  java.lang.Thread.run()V+11
v  ~StubRoutines::call_stub

---------------  P R O C E S S  ---------------

Java Threads: ( => current thread )
  0x09b79c00 JavaThread "process reaper" daemon [_thread_in_native, id=8630, stack(0x7ae0d000,0x7ae5e000)]
=>0x09c0ec00 JavaThread "Animation Thread" [_thread_in_native, id=8625, stack(0x7ae5e000,0x7aeaf000)]
  0x09b52000 JavaThread "AWT-EventQueue-1" [_thread_blocked, id=8624, stack(0x7aeaf000,0x7af00000)]
  0x09791c00 JavaThread "DestroyJavaVM" [_thread_blocked, id=8604, stack(0xb69c1000,0xb6a12000)]
  0x7affb400 JavaThread "AWT-EventQueue-0" [_thread_blocked, id=8622, stack(0x7b04f000,0x7b0a0000)]
  0x7aff9000 JavaThread "AWT-Shutdown" [_thread_blocked, id=8621, stack(0x7b0a0000,0x7b0f1000)]
  0x7be94c00 JavaThread "thread applet-devices3d.Devices3d.class" [_thread_blocked, id=8620, stack(0x7b18c000,0x7b1dd000)]
  0x7be92000 JavaThread "AWT-XAWT" daemon [_thread_in_native, id=8618, stack(0x7b1dd000,0x7b22e000)]
  0x09970000 JavaThread "Java2D Disposer" daemon [_thread_blocked, id=8617, stack(0x7b281000,0x7b2d2000)]
  0x0984c800 JavaThread "Low Memory Detector" daemon [_thread_blocked, id=8615, stack(0x7b64d000,0x7b69e000)]
  0x0984ac00 JavaThread "C2 CompilerThread1" daemon [_thread_blocked, id=8614, stack(0x7b69e000,0x7b71f000)]
  0x09848c00 JavaThread "C2 CompilerThread0" daemon [_thread_blocked, id=8613, stack(0x7b71f000,0x7b7a0000)]
  0x09847400 JavaThread "Signal Dispatcher" daemon [_thread_blocked, id=8612, stack(0x7b7a0000,0x7b7f1000)]
  0x09839000 JavaThread "Finalizer" daemon [_thread_blocked, id=8611, stack(0x7bf3e000,0x7bf8f000)]
  0x09834400 JavaThread "Reference Handler" daemon [_thread_blocked, id=8610, stack(0x7bb62000,0x7bbb3000)]

Other Threads:
  0x09830800 VMThread [stack: 0x7bbb3000,0x7bc34000] [id=8609]
  0x09856800 WatcherThread [stack: 0x7b5cc000,0x7b64d000] [id=8616]

VM state:not at safepoint (normal execution)

VM Mutex/Monitor currently owned by a thread: None

Heap
 PSYoungGen      total 15296K, used 10376K [0xa2730000, 0xa4510000, 0xb3880000)
  eden space 13120K, 66% used [0xa2730000,0xa2fbbcd0,0xa3400000)
  from space 2176K, 74% used [0xa3400000,0xa35966a8,0xa3620000)
  to   space 2176K, 0% used [0xa42f0000,0xa42f0000,0xa4510000)
 PSOldGen        total 35008K, used 5968K [0x80480000, 0x826b0000, 0xa2730000)
  object space 35008K, 17% used [0x80480000,0x80a54310,0x826b0000)
 PSPermGen       total 16384K, used 8335K [0x7c480000, 0x7d480000, 0x80480000)
  object space 16384K, 50% used [0x7c480000,0x7cca3dc0,0x7d480000)

Code Cache  [0xb3945000, 0xb3b85000, 0xb6945000)
 total_blobs=329 nmethods=40 adapters=244 free_code_cache=49886720 largest_free_block=11776

Dynamic libraries:
08048000-08052000 r-xp 00000000 08:08 1181081    /usr/lib/jvm/java-6-sun-1.6.0.26/jre/bin/java
08052000-08053000 rwxp 00009000 08:08 1181081    /usr/lib/jvm/java-6-sun-1.6.0.26/jre/bin/java
0978b000-09ca0000 rwxp 00000000 00:00 0          [heap]
79479000-79502000 r-xp 00000000 08:08 1070238    /usr/lib/libXnDeviceSensorV2KM.so
79502000-7950b000 r-xp 00088000 08:08 1070238    /usr/lib/libXnDeviceSensorV2KM.so
7950b000-7950c000 rwxp 00091000 08:08 1070238    /usr/lib/libXnDeviceSensorV2KM.so
7950c000-795ec000 r-xp 00000000 08:08 1064091    /usr/lib/libXnVHandGenerator_1_5_0.so
795ec000-795ef000 r-xp 000df000 08:08 1064091    /usr/lib/libXnVHandGenerator_1_5_0.so
795ef000-795f0000 rwxp 000e2000 08:08 1064091    /usr/lib/libXnVHandGenerator_1_5_0.so
795f0000-795fc000 rwxp 00000000 00:00 0 
795fc000-799ef000 r-xp 00000000 08:08 1064087    /usr/lib/libXnVFeatures_1_5_0.so
799ef000-799f0000 ---p 003f3000 08:08 1064087    /usr/lib/libXnVFeatures_1_5_0.so
799f0000-799f8000 r-xp 003f3000 08:08 1064087    /usr/lib/libXnVFeatures_1_5_0.so
799f8000-799f9000 rwxp 003fb000 08:08 1064087    /usr/lib/libXnVFeatures_1_5_0.so
799f9000-79a0d000 rwxp 00000000 00:00 0 
79a0d000-79a3a000 r-xp 00000000 08:08 1064003    /usr/lib/libXnDeviceFile.so
79a3a000-79a3b000 r-xp 0002d000 08:08 1064003    /usr/lib/libXnDeviceFile.so
79a3b000-79a3c000 rwxp 0002e000 08:08 1064003    /usr/lib/libXnDeviceFile.so
79a3c000-79a8e000 r-xp 00000000 08:08 1064002    /usr/lib/libXnDDK.so
79a8e000-79a90000 r-xp 00051000 08:08 1064002    /usr/lib/libXnDDK.so
79a90000-79a91000 rwxp 00053000 08:08 1064002    /usr/lib/libXnDDK.so
79a91000-79ab5000 r-xp 00000000 08:08 1064005    /usr/lib/libXnFormats.so
79ab5000-79ab6000 r-xp 00023000 08:08 1064005    /usr/lib/libXnFormats.so
79ab6000-79ab7000 rwxp 00024000 08:08 1064005    /usr/lib/libXnFormats.so
79ab7000-79ad7000 rwxp 00000000 00:00 0 
79af3000-79b8c000 r-xp 00000000 08:08 1064004    /usr/lib/libXnDeviceSensorV2.so
79b8c000-79b95000 r-xp 00098000 08:08 1064004    /usr/lib/libXnDeviceSensorV2.so
79b95000-79b96000 rwxp 000a1000 08:08 1064004    /usr/lib/libXnDeviceSensorV2.so
79b96000-79c79000 r-xp 00000000 08:08 1064000    /usr/lib/libXnVHandGenerator_1_5_2.so
79c79000-79c7c000 r-xp 000e3000 08:08 1064000    /usr/lib/libXnVHandGenerator_1_5_2.so
79c7c000-79c7d000 rwxp 000e6000 08:08 1064000    /usr/lib/libXnVHandGenerator_1_5_2.so
79c7d000-79c89000 rwxp 00000000 00:00 0 
79c89000-79d5e000 r-xp 00000000 08:08 1063997    /usr/lib/libXnVHandGenerator_1_4_2.so
79d5e000-79d5f000 ---p 000d5000 08:08 1063997    /usr/lib/libXnVHandGenerator_1_4_2.so
79d5f000-79d61000 r-xp 000d5000 08:08 1063997    /usr/lib/libXnVHandGenerator_1_4_2.so
79d61000-79d62000 rwxp 000d7000 08:08 1063997    /usr/lib/libXnVHandGenerator_1_4_2.so
79d62000-79d64000 rwxp 00000000 00:00 0 
79d64000-79e38000 r-xp 00000000 08:08 1063994    /usr/lib/libXnVHandGenerator_1_4_1.so
79e38000-79e39000 ---p 000d4000 08:08 1063994    /usr/lib/libXnVHandGenerator_1_4_1.so
79e39000-79e3b000 r-xp 000d4000 08:08 1063994    /usr/lib/libXnVHandGenerator_1_4_1.so
79e3b000-79e3c000 rwxp 000d6000 08:08 1063994    /usr/lib/libXnVHandGenerator_1_4_1.so
79e3c000-79e3e000 rwxp 00000000 00:00 0 
79e3e000-79f1c000 r-xp 00000000 08:08 1063991    /usr/lib/libXnVHandGenerator_1_3_1.so
79f1c000-79f1f000 r-xp 000dd000 08:08 1063991    /usr/lib/libXnVHandGenerator_1_3_1.so
79f1f000-79f20000 rwxp 000e0000 08:08 1063991    /usr/lib/libXnVHandGenerator_1_3_1.so
79f20000-79f22000 rwxp 00000000 00:00 0 
79f22000-7a323000 r-xp 00000000 08:08 1063984    /usr/lib/libXnVFeatures_1_5_2.so
7a323000-7a324000 ---p 00401000 08:08 1063984    /usr/lib/libXnVFeatures_1_5_2.so
7a324000-7a32c000 r-xp 00401000 08:08 1063984    /usr/lib/libXnVFeatures_1_5_2.so
7a32c000-7a32d000 rwxp 00409000 08:08 1063984    /usr/lib/libXnVFeatures_1_5_2.so
7a32d000-7a341000 rwxp 00000000 00:00 0 
7a341000-7a528000 r-xp 00000000 08:08 1063973    /usr/lib/libXnVFeatures_1_4_2.so
7a528000-7a52b000 r-xp 001e6000 08:08 1063973    /usr/lib/libXnVFeatures_1_4_2.so
7a52b000-7a52c000 rwxp 001e9000 08:08 1063973    /usr/lib/libXnVFeatures_1_4_2.so
7a52c000-7a531000 rwxp 00000000 00:00 0 
7a531000-7a718000 r-xp 00000000 08:08 1063968    /usr/lib/libXnVFeatures_1_4_1.so
7a718000-7a71b000 r-xp 001e6000 08:08 1063968    /usr/lib/libXnVFeatures_1_4_1.so
7a71b000-7a71c000 rwxp 001e9000 08:08 1063968    /usr/lib/libXnVFeatures_1_4_1.so
7a71c000-7a721000 rwxp 00000000 00:00 0 
7a721000-7a93f000 r-xp 00000000 08:08 1063963    /usr/lib/libXnVFeatures_1_3_1.so
7a93f000-7a940000 ---p 0021e000 08:08 1063963    /usr/lib/libXnVFeatures_1_3_1.so
7a940000-7a943000 r-xp 0021e000 08:08 1063963    /usr/lib/libXnVFeatures_1_3_1.so
7a943000-7a944000 rwxp 00221000 08:08 1063963    /usr/lib/libXnVFeatures_1_3_1.so
7a944000-7a949000 rwxp 00000000 00:00 0 
7a949000-7a97d000 r-xp 00000000 08:08 1063811    /usr/lib/libnimCodecs.so
7a97d000-7a97e000 ---p 00034000 08:08 1063811    /usr/lib/libnimCodecs.so
7a97e000-7a980000 r-xp 00034000 08:08 1063811    /usr/lib/libnimCodecs.so
7a980000-7a981000 rwxp 00036000 08:08 1063811    /usr/lib/libnimCodecs.so
7a981000-7a9a1000 rwxp 00000000 00:00 0 
7a9a1000-7a9d2000 r-xp 00000000 08:08 1063812    /usr/lib/libnimMockNodes.so
7a9d2000-7a9d8000 r-xp 00031000 08:08 1063812    /usr/lib/libnimMockNodes.so
7a9d8000-7a9d9000 rwxp 00037000 08:08 1063812    /usr/lib/libnimMockNodes.so
7a9d9000-7aab7000 r-xp 00000000 08:08 1056768    /usr/lib/i386-linux-gnu/libstdc++.so.6.0.16
7aab7000-7aab8000 ---p 000de000 08:08 1056768    /usr/lib/i386-linux-gnu/libstdc++.so.6.0.16
7aab8000-7aabc000 r-xp 000de000 08:08 1056768    /usr/lib/i386-linux-gnu/libstdc++.so.6.0.16
7aabc000-7aabd000 rwxp 000e2000 08:08 1056768    /usr/lib/i386-linux-gnu/libstdc++.so.6.0.16
7aabd000-7aac4000 rwxp 00000000 00:00 0 
7aac4000-7ab94000 r-xp 00000000 08:08 1063882    /usr/lib/libXnVNite_1_3_1.so
7ab94000-7ab97000 r-xp 000cf000 08:08 1063882    /usr/lib/libXnVNite_1_3_1.so
7ab97000-7ab98000 rwxp 000d2000 08:08 1063882    /usr/lib/libXnVNite_1_3_1.so
7ab98000-7ac14000 r-xp 00000000 08:08 1063815    /usr/lib/libOpenNI.so
7ac14000-7ac16000 r-xp 0007c000 08:08 1063815    /usr/lib/libOpenNI.so
7ac16000-7ac18000 rwxp 0007e000 08:08 1063815    /usr/lib/libOpenNI.so
7ac18000-7acfa000 r-xp 00000000 08:08 1199735    /home/alejo/Dropbox/code/devices3d/lib/user/SimpleOpenNI/libSimpleOpenNI.so
7acfa000-7acfb000 ---p 000e2000 08:08 1199735    /home/alejo/Dropbox/code/devices3d/lib/user/SimpleOpenNI/libSimpleOpenNI.so
7acfb000-7acfd000 r-xp 000e2000 08:08 1199735    /home/alejo/Dropbox/code/devices3d/lib/user/SimpleOpenNI/libSimpleOpenNI.so
7acfd000-7ad00000 rwxp 000e4000 08:08 1199735    /home/alejo/Dropbox/code/devices3d/lib/user/SimpleOpenNI/libSimpleOpenNI.so
7ad00000-7adb1000 rwxp 00000000 00:00 0 
7adb1000-7ae00000 ---p 00000000 00:00 0 
7ae0d000-7ae10000 ---p 00000000 00:00 0 
7ae10000-7ae5e000 rwxp 00000000 00:00 0 
7ae5e000-7ae61000 ---p 00000000 00:00 0 
7ae61000-7aeaf000 rwxp 00000000 00:00 0 
7aeaf000-7aeb2000 ---p 00000000 00:00 0 
7aeb2000-7af00000 rwxp 00000000 00:00 0 
7af00000-7affc000 rwxp 00000000 00:00 0 
7affc000-7b000000 ---p 00000000 00:00 0 
7b00c000-7b02f000 r-xp 00000000 08:08 1063813    /usr/lib/libnimRecorder.so
7b02f000-7b030000 r-xp 00023000 08:08 1063813    /usr/lib/libnimRecorder.so
7b030000-7b031000 rwxp 00024000 08:08 1063813    /usr/lib/libnimRecorder.so
7b031000-7b04d000 r-xp 00000000 08:08 1573816    /lib/i386-linux-gnu/libgcc_s.so.1
7b04d000-7b04e000 r-xp 0001b000 08:08 1573816    /lib/i386-linux-gnu/libgcc_s.so.1
7b04e000-7b04f000 rwxp 0001c000 08:08 1573816    /lib/i386-linux-gnu/libgcc_s.so.1
7b04f000-7b052000 ---p 00000000 00:00 0 
7b052000-7b0a0000 rwxp 00000000 00:00 0 
7b0a0000-7b0a3000 ---p 00000000 00:00 0 
7b0a3000-7b0f1000 rwxp 00000000 00:00 0 
7b0f1000-7b0f2000 r-xs 00000000 08:08 1188895    /var/cache/fontconfig/c05880de57d1f5e948fdfacc138775d9-le32d4.cache-3
7b0f2000-7b0f8000 r-xs 00000000 08:08 1188892    /var/cache/fontconfig/945677eb7aeaf62f1d50efc3fb3ec7d8-le32d4.cache-3
7b0f8000-7b0fa000 r-xs 00000000 08:08 1188893    /var/cache/fontconfig/99e8ed0e538f840c565b6ed5dad60d56-le32d4.cache-3
7b0fa000-7b0fd000 r-xs 00000000 08:08 1206717    /var/cache/fontconfig/e383d7ea5fbe662a33d9b44caf393297-le32d4.cache-3
7b0fd000-7b100000 r-xs 00000000 08:08 1188879    /var/cache/fontconfig/2cd17615ca594fa2959ae173292e504c-le32d4.cache-3
7b100000-7b101000 r-xs 00000000 08:08 1188903    /var/cache/fontconfig/e7071f4a29fa870f4323321c154eba04-le32d4.cache-3
7b101000-7b103000 r-xs 00000000 08:08 1191776    /var/cache/fontconfig/b5ea634b0fb353b8ea17632d1f9ef766-le32d4.cache-3
7b103000-7b107000 r-xs 00000000 08:08 1188894    /var/cache/fontconfig/a755afe4a08bf5b97852ceb7400b47bc-le32d4.cache-3
7b107000-7b10b000 r-xs 00000000 08:08 1188884    /var/cache/fontconfig/515ca1ebc4b18308bea979be5704f9db-le32d4.cache-3
7b10b000-7b112000 r-xs 00000000 08:08 1188888    /var/cache/fontconfig/6d41288fd70b0be22e8c3a91e032eec0-le32d4.cache-3
7b112000-7b11d000 r-xs 00000000 08:08 1188877    /var/cache/fontconfig/0f34bcd4b6ee430af32735b75db7f02b-le32d4.cache-3
7b11d000-7b13f000 r-xs 00000000 08:08 1206716    /var/cache/fontconfig/365b55f210c0a22e9a19e35191240f32-le32d4.cache-3
7b13f000-7b14c000 r-xs 00000000 08:08 1188899    /var/cache/fontconfig/d52a8644073d54c13679302ca1180695-le32d4.cache-3
7b14c000-7b15a000 r-xs 00000000 08:08 1190496    /var/cache/fontconfig/e13b20fdb08344e0e664864cc2ede53d-le32d4.cache-3
7b15c000-7b167000 r-xp 00000000 08:08 408705     /opt/microchip/mplabx/mplab_ide/mplablibs/modules/lib/libusb-1.0.so.0.0.0
7b167000-7b168000 rwxp 0000a000 08:08 408705     /opt/microchip/mplabx/mplab_ide/mplablibs/modules/lib/libusb-1.0.so.0.0.0
7b183000-7b184000 rwxp 00000000 00:00 0 
7b184000-7b18b000 r-xp 00000000 08:08 1181319    /usr/lib/jvm/java-6-sun-1.6.0.26/jre/lib/i386/libnio.so
7b18b000-7b18c000 rwxp 00006000 08:08 1181319    /usr/lib/jvm/java-6-sun-1.6.0.26/jre/lib/i386/libnio.so
7b18c000-7b18f000 ---p 00000000 00:00 0 
7b18f000-7b1dd000 rwxp 00000000 00:00 0 
7b1dd000-7b1e0000 ---p 00000000 00:00 0 
7b1e0000-7b22e000 rwxp 00000000 00:00 0 
7b22e000-7b232000 r-xp 00000000 08:08 1056426    /usr/lib/i386-linux-gnu/libXfixes.so.3.1.0
7b232000-7b233000 r-xp 00003000 08:08 1056426    /usr/lib/i386-linux-gnu/libXfixes.so.3.1.0
7b233000-7b234000 rwxp 00004000 08:08 1056426    /usr/lib/i386-linux-gnu/libXfixes.so.3.1.0
7b234000-7b23d000 r-xp 00000000 08:08 1056446    /usr/lib/i386-linux-gnu/libXrender.so.1.3.0
7b23d000-7b23e000 r-xp 00008000 08:08 1056446    /usr/lib/i386-linux-gnu/libXrender.so.1.3.0
7b23e000-7b23f000 rwxp 00009000 08:08 1056446    /usr/lib/i386-linux-gnu/libXrender.so.1.3.0
7b23f000-7b248000 r-xp 00000000 08:08 1056410    /usr/lib/i386-linux-gnu/libXcursor.so.1.0.2
7b248000-7b249000 r-xp 00008000 08:08 1056410    /usr/lib/i386-linux-gnu/libXcursor.so.1.0.2
7b249000-7b24a000 rwxp 00009000 08:08 1056410    /usr/lib/i386-linux-gnu/libXcursor.so.1.0.2
7b24a000-7b24d000 r-xp 00000000 08:08 1064001    /usr/lib/libXnCore.so
7b24d000-7b24e000 r-xp 00002000 08:08 1064001    /usr/lib/libXnCore.so
7b24e000-7b24f000 rwxp 00003000 08:08 1064001    /usr/lib/libXnCore.so
7b24f000-7b250000 r-xp 00000000 08:08 1181308    /usr/lib/jvm/java-6-sun-1.6.0.26/jre/lib/i386/libjawt.so
7b250000-7b251000 rwxp 00000000 08:08 1181308    /usr/lib/jvm/java-6-sun-1.6.0.26/jre/lib/i386/libjawt.so
7b251000-7b265000 r-xp 00000000 08:08 1181318    /usr/lib/jvm/java-6-sun-1.6.0.26/jre/lib/i386/libnet.so
7b265000-7b266000 rwxp 00013000 08:08 1181318    /usr/lib/jvm/java-6-sun-1.6.0.26/jre/lib/i386/libnet.so
7b266000-7b26a000 r-xs 00000000 08:08 1188889    /var/cache/fontconfig/6eb3985aa4124903f6ff08ba781cd364-le32d4.cache-3
7b26a000-7b270000 r-xs 00000000 08:08 1206713    /var/cache/fontconfig/153bb866d4d26e7cd19eee2129f8d8d2-le32d4.cache-3
7b270000-7b273000 r-xs 00000000 08:08 1206715    /var/cache/fontconfig/7ef2298fde41cc6eeb7af42e48b7d293-le32d4.cache-3
7b273000-7b281000 r-xs 00000000 08:08 1190505    /var/cache/fontconfig/865f88548240fee46819705c6468c165-le32d4.cache-3
7b281000-7b284000 ---p 00000000 00:00 0 
7b284000-7b2d2000 rwxp 00000000 00:00 0 
7b2d2000-7b34b000 r-xp 00000000 08:08 1181295    /usr/lib/jvm/java-6-sun-1.6.0.26/jre/lib/i386/libfontmanager.so
7b34b000-7b355000 rwxp 00078000 08:08 1181295    /usr/lib/jvm/java-6-sun-1.6.0.26/jre/lib/i386/libfontmanager.so
7b355000-7b35a000 rwxp 00000000 00:00 0 
7b35a000-7b371000 r-xs 0015b000 08:08 1199687    /home/alejo/Dropbox/code/devices3d/lib/base/core/ant.jar
7b371000-7b38e000 r-xp 00000000 08:08 1056813    /usr/lib/i386-linux-gnu/libxcb.so.1.1.0
7b38e000-7b38f000 r-xp 0001c000 08:08 1056813    /usr/lib/i386-linux-gnu/libxcb.so.1.1.0
7b38f000-7b390000 rwxp 0001d000 08:08 1056813    /usr/lib/i386-linux-gnu/libxcb.so.1.1.0
7b390000-7b39e000 r-xp 00000000 08:08 1056434    /usr/lib/i386-linux-gnu/libXi.so.6.1.0
7b39e000-7b39f000 r-xp 0000d000 08:08 1056434    /usr/lib/i386-linux-gnu/libXi.so.6.1.0
7b39f000-7b3a0000 rwxp 0000e000 08:08 1056434    /usr/lib/i386-linux-gnu/libXi.so.6.1.0
7b3a0000-7b4d1000 r-xp 00000000 08:08 1056398    /usr/lib/i386-linux-gnu/libX11.so.6.3.0
7b4d1000-7b4d2000 ---p 00131000 08:08 1056398    /usr/lib/i386-linux-gnu/libX11.so.6.3.0
7b4d2000-7b4d3000 r-xp 00131000 08:08 1056398    /usr/lib/i386-linux-gnu/libX11.so.6.3.0
7b4d3000-7b4d5000 rwxp 00132000 08:08 1056398    /usr/lib/i386-linux-gnu/libX11.so.6.3.0
7b4d5000-7b4d6000 rwxp 00000000 00:00 0 
7b4d6000-7b519000 r-xp 00000000 08:08 1181341    /usr/lib/jvm/java-6-sun-1.6.0.26/jre/lib/i386/xawt/libmawt.so
7b519000-7b51b000 rwxp 00043000 08:08 1181341    /usr/lib/jvm/java-6-sun-1.6.0.26/jre/lib/i386/xawt/libmawt.so
7b51b000-7b51c000 rwxp 00000000 00:00 0 
7b51c000-7b5a1000 r-xp 00000000 08:08 1181290    /usr/lib/jvm/java-6-sun-1.6.0.26/jre/lib/i386/libawt.so
7b5a1000-7b5a8000 rwxp 00085000 08:08 1181290    /usr/lib/jvm/java-6-sun-1.6.0.26/jre/lib/i386/libawt.so
7b5a8000-7b5cc000 rwxp 00000000 00:00 0 
7b5cc000-7b5cd000 ---p 00000000 00:00 0 
7b5cd000-7b64d000 rwxp 00000000 00:00 0 
7b64d000-7b650000 ---p 00000000 00:00 0 
7b650000-7b69e000 rwxp 00000000 00:00 0 
7b69e000-7b6a1000 ---p 00000000 00:00 0 
7b6a1000-7b71f000 rwxp 00000000 00:00 0 
7b71f000-7b722000 ---p 00000000 00:00 0 
7b722000-7b7a0000 rwxp 00000000 00:00 0 
7b7a0000-7b7a3000 ---p 00000000 00:00 0 
7b7a3000-7b7f1000 rwxp 00000000 00:00 0 
7b7f1000-7b922000 r-xp 0043d000 08:08 1057169    /usr/lib/locale/locale-archive
7b922000-7b962000 r-xp 002bd000 08:08 1057169    /usr/lib/locale/locale-archive
7b962000-7bb62000 r-xp 00000000 08:08 1057169    /usr/lib/locale/locale-archive
7bb62000-7bb65000 ---p 00000000 00:00 0 
7bb65000-7bbb3000 rwxp 00000000 00:00 0 
7bbb3000-7bbb4000 ---p 00000000 00:00 0 
7bbb4000-7bc68000 rwxp 00000000 00:00 0 
7bc68000-7be00000 r-xs 03029000 08:08 1181157    /usr/lib/jvm/java-6-sun-1.6.0.26/jre/lib/rt.jar
7be00000-7befa000 rwxp 00000000 00:00 0 
7befa000-7bf00000 ---p 00000000 00:00 0 
7bf00000-7bf01000 r-xs 00000000 08:08 1188883    /var/cache/fontconfig/4c73fe0c47614734b17d736dbde7580a-le32d4.cache-3
7bf01000-7bf06000 r-xp 00000000 08:08 1056418    /usr/lib/i386-linux-gnu/libXdmcp.so.6.0.0
7bf06000-7bf07000 r-xp 00004000 08:08 1056418    /usr/lib/i386-linux-gnu/libXdmcp.so.6.0.0
7bf07000-7bf08000 rwxp 00005000 08:08 1056418    /usr/lib/i386-linux-gnu/libXdmcp.so.6.0.0
7bf08000-7bf0d000 r-xp 00000000 08:08 1052626    /usr/lib/libXtst.so.6.1.0
7bf0d000-7bf0e000 r-xp 00004000 08:08 1052626    /usr/lib/libXtst.so.6.1.0
7bf0e000-7bf0f000 rwxp 00005000 08:08 1052626    /usr/lib/libXtst.so.6.1.0
7bf0f000-7bf20000 r-xp 00000000 08:08 1056422    /usr/lib/i386-linux-gnu/libXext.so.6.4.0
7bf20000-7bf21000 r-xp 00010000 08:08 1056422    /usr/lib/i386-linux-gnu/libXext.so.6.4.0
7bf21000-7bf22000 rwxp 00011000 08:08 1056422    /usr/lib/i386-linux-gnu/libXext.so.6.4.0
7bf22000-7bf25000 r-xs 00000000 08:08 1188900    /var/cache/fontconfig/d60319d88cac85ba9e1a07bd06cfbb8c-le32d4.cache-3
7bf25000-7bf28000 r-xs 00017000 08:08 1199756    /home/alejo/Dropbox/code/devices3d/lib/user/proscene/proscene.jar
7bf28000-7bf2a000 r-xs 00003000 08:08 1199742    /home/alejo/Dropbox/code/devices3d/lib/user/fullscreen/fullscreen.jar
7bf2a000-7bf2e000 r-xs 00020000 08:08 1199717    /home/alejo/Dropbox/code/devices3d/lib/user/SimpleOpenNI/SimpleOpenNI.jar
7bf2e000-7bf31000 r-xs 00029000 08:08 2123900    /home/alejo/Dropbox/code/devices3d/lib/user/procontroll/procontroll.jar
7bf31000-7bf33000 r-xs 0002b000 08:08 1199690    /home/alejo/Dropbox/code/devices3d/lib/base/core/core.jar
7bf33000-7bf3e000 r-xs 00108000 08:08 1326150    /home/alejo/Dropbox/code/devices3d/lib/base/opengl/jogl.jar
7bf3e000-7bf41000 ---p 00000000 00:00 0 
7bf41000-7bf8f000 rwxp 00000000 00:00 0 
7bf8f000-7bf90000 ---p 00000000 00:00 0 
7bf90000-7c010000 rwxp 00000000 00:00 0 
7c010000-7c011000 ---p 00000000 00:00 0 
7c011000-7c091000 rwxp 00000000 00:00 0 
7c091000-7c092000 ---p 00000000 00:00 0 
7c092000-7c112000 rwxp 00000000 00:00 0 
7c112000-7c113000 ---p 00000000 00:00 0 
7c113000-7c19b000 rwxp 00000000 00:00 0 
7c19b000-7c1b3000 rwxp 00000000 00:00 0 
7c1b3000-7c1c5000 rwxp 00000000 00:00 0 
7c1c5000-7c2c5000 rwxp 00000000 00:00 0 
7c2c5000-7c2cd000 rwxp 00000000 00:00 0 
7c2cd000-7c2e5000 rwxp 00000000 00:00 0 
7c2e5000-7c2f7000 rwxp 00000000 00:00 0 
7c2f7000-7c3f6000 rwxp 00000000 00:00 0 
7c3f6000-7c406000 rwxp 00000000 00:00 0 
7c406000-7c47f000 rwxp 00000000 00:00 0 
7c47f000-7d480000 rwxp 00000000 00:00 0 
7d480000-80480000 rwxp 00000000 00:00 0 
80480000-826b0000 rwxp 00000000 00:00 0 
826b0000-a2730000 rwxp 00000000 00:00 0 
a2730000-a4510000 rwxp 00000000 00:00 0 
a4510000-b3880000 rwxp 00000000 00:00 0 
b3880000-b3881000 r-xs 00000000 08:08 1188876    /var/cache/fontconfig/0d8c3b2ac0904cb8a57a757ad11a4a08-le32d4.cache-3
b3881000-b3883000 r-xp 00000000 08:08 1056402    /usr/lib/i386-linux-gnu/libXau.so.6.0.0
b3883000-b3884000 r-xp 00001000 08:08 1056402    /usr/lib/i386-linux-gnu/libXau.so.6.0.0
b3884000-b3885000 rwxp 00002000 08:08 1056402    /usr/lib/i386-linux-gnu/libXau.so.6.0.0
b3885000-b388e000 rwxp 00000000 00:00 0 
b388e000-b3945000 rwxp 00000000 00:00 0 
b3945000-b3b85000 rwxp 00000000 00:00 0 
b3b85000-b6945000 rwxp 00000000 00:00 0 
b6945000-b6950000 r-xp 00000000 08:08 1573836    /lib/i386-linux-gnu/libnss_files-2.13.so
b6950000-b6951000 r-xp 0000a000 08:08 1573836    /lib/i386-linux-gnu/libnss_files-2.13.so
b6951000-b6952000 rwxp 0000b000 08:08 1573836    /lib/i386-linux-gnu/libnss_files-2.13.so
b6952000-b695c000 r-xp 00000000 08:08 1573840    /lib/i386-linux-gnu/libnss_nis-2.13.so
b695c000-b695d000 r-xp 00009000 08:08 1573840    /lib/i386-linux-gnu/libnss_nis-2.13.so
b695d000-b695e000 rwxp 0000a000 08:08 1573840    /lib/i386-linux-gnu/libnss_nis-2.13.so
b695e000-b6973000 r-xp 00000000 08:08 1573830    /lib/i386-linux-gnu/libnsl-2.13.so
b6973000-b6974000 r-xp 00015000 08:08 1573830    /lib/i386-linux-gnu/libnsl-2.13.so
b6974000-b6975000 rwxp 00016000 08:08 1573830    /lib/i386-linux-gnu/libnsl-2.13.so
b6975000-b6977000 rwxp 00000000 00:00 0 
b6977000-b6978000 r-xs 00000000 08:08 1188887    /var/cache/fontconfig/6a53c69dea097a2d716e069445527da8-le32d4.cache-3
b6978000-b697a000 r-xs 00002000 08:08 1199642    /home/alejo/Dropbox/code/devices3d/lib/base/core/ant-launcher.jar
b697a000-b6989000 r-xp 00000000 08:08 1181329    /usr/lib/jvm/java-6-sun-1.6.0.26/jre/lib/i386/libzip.so
b6989000-b698b000 rwxp 0000e000 08:08 1181329    /usr/lib/jvm/java-6-sun-1.6.0.26/jre/lib/i386/libzip.so
b698b000-b6993000 rwxs 00000000 08:08 407532     /tmp/hsperfdata_alejo/8599
b6993000-b69b6000 r-xp 00000000 08:08 1181303    /usr/lib/jvm/java-6-sun-1.6.0.26/jre/lib/i386/libjava.so
b69b6000-b69b8000 rwxp 00023000 08:08 1181303    /usr/lib/jvm/java-6-sun-1.6.0.26/jre/lib/i386/libjava.so
b69b8000-b69bf000 r-xp 00000000 08:08 1573859    /lib/i386-linux-gnu/librt-2.13.so
b69bf000-b69c0000 r-xp 00006000 08:08 1573859    /lib/i386-linux-gnu/librt-2.13.so
b69c0000-b69c1000 rwxp 00007000 08:08 1573859    /lib/i386-linux-gnu/librt-2.13.so
b69c1000-b69c4000 ---p 00000000 00:00 0 
b69c4000-b6a12000 rwxp 00000000 00:00 0 
b6a12000-b6a3a000 r-xp 00000000 08:08 1573825    /lib/i386-linux-gnu/libm-2.13.so
b6a3a000-b6a3b000 r-xp 00028000 08:08 1573825    /lib/i386-linux-gnu/libm-2.13.so
b6a3b000-b6a3c000 rwxp 00029000 08:08 1573825    /lib/i386-linux-gnu/libm-2.13.so
b6a3c000-b71ee000 r-xp 00000000 08:08 1181340    /usr/lib/jvm/java-6-sun-1.6.0.26/jre/lib/i386/server/libjvm.so
b71ee000-b7242000 rwxp 007b1000 08:08 1181340    /usr/lib/jvm/java-6-sun-1.6.0.26/jre/lib/i386/server/libjvm.so
b7242000-b7661000 rwxp 00000000 00:00 0 
b7661000-b77d7000 r-xp 00000000 08:08 1573795    /lib/i386-linux-gnu/libc-2.13.so
b77d7000-b77d9000 r-xp 00176000 08:08 1573795    /lib/i386-linux-gnu/libc-2.13.so
b77d9000-b77da000 rwxp 00178000 08:08 1573795    /lib/i386-linux-gnu/libc-2.13.so
b77da000-b77dd000 rwxp 00000000 00:00 0 
b77dd000-b77e0000 r-xp 00000000 08:08 1573806    /lib/i386-linux-gnu/libdl-2.13.so
b77e0000-b77e1000 r-xp 00002000 08:08 1573806    /lib/i386-linux-gnu/libdl-2.13.so
b77e1000-b77e2000 rwxp 00003000 08:08 1573806    /lib/i386-linux-gnu/libdl-2.13.so
b77e2000-b77e9000 r-xp 00000000 08:08 1181335    /usr/lib/jvm/java-6-sun-1.6.0.26/jre/lib/i386/jli/libjli.so
b77e9000-b77eb000 rwxp 00006000 08:08 1181335    /usr/lib/jvm/java-6-sun-1.6.0.26/jre/lib/i386/jli/libjli.so
b77eb000-b77ec000 rwxp 00000000 00:00 0 
b77ec000-b7803000 r-xp 00000000 08:08 1573855    /lib/i386-linux-gnu/libpthread-2.13.so
b7803000-b7804000 r-xp 00016000 08:08 1573855    /lib/i386-linux-gnu/libpthread-2.13.so
b7804000-b7805000 rwxp 00017000 08:08 1573855    /lib/i386-linux-gnu/libpthread-2.13.so
b7805000-b7807000 rwxp 00000000 00:00 0 
b7807000-b7808000 r-xs 00000000 08:08 1193307    /var/cache/fontconfig/4794a0821666d79190d59a36cb4f44b5-le32d4.cache-3
b7808000-b7809000 r-xs 00004000 08:08 1326149    /home/alejo/Dropbox/code/devices3d/lib/base/opengl/gluegen-rt.jar
b7809000-b780a000 r-xs 00003000 08:08 1326148    /home/alejo/Dropbox/code/devices3d/lib/base/opengl/opengl.jar
b780a000-b780b000 r-xp 00571000 08:08 1057169    /usr/lib/locale/locale-archive
b780b000-b7813000 r-xp 00000000 08:08 1573832    /lib/i386-linux-gnu/libnss_compat-2.13.so
b7813000-b7814000 r-xp 00007000 08:08 1573832    /lib/i386-linux-gnu/libnss_compat-2.13.so
b7814000-b7815000 rwxp 00008000 08:08 1573832    /lib/i386-linux-gnu/libnss_compat-2.13.so
b7815000-b7816000 rwxp 00000000 00:00 0 
b7816000-b7817000 r-xp 00000000 00:00 0 
b7817000-b7822000 r-xp 00000000 08:08 1181328    /usr/lib/jvm/java-6-sun-1.6.0.26/jre/lib/i386/libverify.so
b7822000-b7823000 rwxp 0000b000 08:08 1181328    /usr/lib/jvm/java-6-sun-1.6.0.26/jre/lib/i386/libverify.so
b7823000-b7825000 rwxp 00000000 00:00 0 
b7825000-b7826000 r-xp 00000000 00:00 0          [vdso]
b7826000-b7844000 r-xp 00000000 08:08 1573782    /lib/i386-linux-gnu/ld-2.13.so
b7844000-b7845000 r-xp 0001d000 08:08 1573782    /lib/i386-linux-gnu/ld-2.13.so
b7845000-b7846000 rwxp 0001e000 08:08 1573782    /lib/i386-linux-gnu/ld-2.13.so
bfcd8000-bfcf9000 rwxp 00000000 00:00 0          [stack]

VM Arguments:
jvm_args: -Djava.library.path=/home/alejo/Dropbox/code/devices3d/lib/base/opengl:/home/alejo/Dropbox/code/devices3d/lib/base/opengl:/home/alejo/Dropbox/code/devices3d/lib/base/opengl:/home/alejo/Dropbox/code/devices3d/lib/base/core:/home/alejo/Dropbox/code/devices3d/lib/base/core:/home/alejo/Dropbox/code/devices3d/lib/base/core:/home/alejo/Dropbox/code/devices3d/lib/user/procontroll:/home/alejo/Dropbox/code/devices3d/lib/user/SimpleOpenNI:/home/alejo/Dropbox/code/devices3d/lib/user/fullscreen:/home/alejo/Dropbox/code/devices3d/lib/user/proscene -Djava.security.policy=java.policy.applet -Dfile.encoding=UTF-8 
java_command: sun.applet.AppletViewer devices3d.Devices3d1333677870729.html
Launcher Type: SUN_STANDARD

Environment Variables:
PATH=/opt/microchip/mplabc32/v2.02/bin:/opt/microchip/mplabc30/v3.30c/bin:/usr/lib/lightdm/lightdm:/usr/local/sbin:/usr/local/bin:/usr/sbin:/usr/bin:/sbin:/bin:/usr/games
USERNAME=alejo
LD_LIBRARY_PATH=/usr/lib/jvm/java-6-sun-1.6.0.26/jre/lib/i386/server:/usr/lib/jvm/java-6-sun-1.6.0.26/jre/lib/i386:/usr/lib/jvm/java-6-sun-1.6.0.26/jre/../lib/i386:/usr/lib/jvm/java-6-sun-1.6.0.26/jre/lib/i386/client:/usr/lib/jvm/java-6-sun-1.6.0.26/jre/lib/i386:
SHELL=/bin/bash
DISPLAY=:0.0

Signal Handlers:
SIGSEGV: [libjvm.so+0x725510], sa_mask[0]=0x7ffbfeff, sa_flags=0x10000004
SIGBUS: [libjvm.so+0x725510], sa_mask[0]=0x7ffbfeff, sa_flags=0x10000004
SIGFPE: [libjvm.so+0x5dff20], sa_mask[0]=0x7ffbfeff, sa_flags=0x10000004
SIGPIPE: [libjvm.so+0x5dff20], sa_mask[0]=0x7ffbfeff, sa_flags=0x10000004
SIGXFSZ: [libjvm.so+0x5dff20], sa_mask[0]=0x7ffbfeff, sa_flags=0x10000004
SIGILL: [libjvm.so+0x5dff20], sa_mask[0]=0x7ffbfeff, sa_flags=0x10000004
SIGUSR1: SIG_DFL, sa_mask[0]=0x00000000, sa_flags=0x00000000
SIGUSR2: [libjvm.so+0x5e3160], sa_mask[0]=0x00000004, sa_flags=0x10000004
SIGHUP: [libjvm.so+0x5e2d40], sa_mask[0]=0x7ffbfeff, sa_flags=0x10000004
SIGINT: [libjvm.so+0x5e2d40], sa_mask[0]=0x7ffbfeff, sa_flags=0x10000004
SIGTERM: [libjvm.so+0x5e2d40], sa_mask[0]=0x7ffbfeff, sa_flags=0x10000004
SIGQUIT: [libjvm.so+0x5e2d40], sa_mask[0]=0x7ffbfeff, sa_flags=0x10000004


---------------  S Y S T E M  ---------------

OS:wheezy/sid

uname:Linux 3.0.0-12-generic #20-Ubuntu SMP Fri Oct 7 14:50:42 UTC 2011 i686
libc:glibc 2.13 NPTL 2.13 
rlimit: STACK 8192k, CORE 0k, NPROC 26110, NOFILE 4096, AS infinity
load average:0.11 0.11 0.13

/proc/meminfo:
MemTotal:        3356112 kB
MemFree:          399504 kB
Buffers:          361332 kB
Cached:          1085928 kB
SwapCached:            0 kB
Active:          1515536 kB
Inactive:        1076036 kB
Active(anon):    1146848 kB
Inactive(anon):    11872 kB
Active(file):     368688 kB
Inactive(file):  1064164 kB
Unevictable:          16 kB
Mlocked:              16 kB
HighTotal:       2497096 kB
HighFree:          57892 kB
LowTotal:         859016 kB
LowFree:          341612 kB
SwapTotal:      14645240 kB
SwapFree:       14645240 kB
Dirty:              7820 kB
Writeback:             0 kB
AnonPages:       1144552 kB
Mapped:           335752 kB
Shmem:             14408 kB
Slab:              99236 kB
SReclaimable:      77504 kB
SUnreclaim:        21732 kB
KernelStack:        4328 kB
PageTables:        20824 kB
NFS_Unstable:          0 kB
Bounce:                0 kB
WritebackTmp:          0 kB
CommitLimit:    16323296 kB
Committed_AS:    4173480 kB
VmallocTotal:     122880 kB
VmallocUsed:       59252 kB
VmallocChunk:      58104 kB
HardwareCorrupted:     0 kB
AnonHugePages:         0 kB
HugePages_Total:       0
HugePages_Free:        0
HugePages_Rsvd:        0
HugePages_Surp:        0
Hugepagesize:       4096 kB
DirectMap4k:       12280 kB
DirectMap4M:      897024 kB


CPU:total 4 (4 cores per cpu, 1 threads per core) family 16 model 4 stepping 3, cmov, cx8, fxsr, mmx, sse, sse2, sse3, popcnt, mmxext, 3dnow, 3dnowext, lzcnt, sse4a

/proc/cpuinfo:
processor	: 0
vendor_id	: AuthenticAMD
cpu family	: 16
model		: 4
model name	: AMD Phenom(tm) II X4 945 Processor
stepping	: 3
cpu MHz		: 3010.822
cache size	: 512 KB
physical id	: 0
siblings	: 4
core id		: 0
cpu cores	: 4
apicid		: 0
initial apicid	: 0
fdiv_bug	: no
hlt_bug		: no
f00f_bug	: no
coma_bug	: no
fpu		: yes
fpu_exception	: yes
cpuid level	: 5
wp		: yes
flags		: fpu vme de pse tsc msr pae mce cx8 apic mtrr pge mca cmov pat pse36 clflush mmx fxsr sse sse2 ht syscall nx mmxext fxsr_opt pdpe1gb rdtscp lm 3dnowext 3dnow constant_tsc nonstop_tsc extd_apicid pni monitor cx16 popcnt lahf_lm cmp_legacy svm extapic cr8_legacy abm sse4a misalignsse 3dnowprefetch osvw ibs skinit wdt npt lbrv svm_lock nrip_save
bogomips	: 6021.64
clflush size	: 64
cache_alignment	: 64
address sizes	: 48 bits physical, 48 bits virtual
power management: ts ttp tm stc 100mhzsteps hwpstate

processor	: 1
vendor_id	: AuthenticAMD
cpu family	: 16
model		: 4
model name	: AMD Phenom(tm) II X4 945 Processor
stepping	: 3
cpu MHz		: 3010.822
cache size	: 512 KB
physical id	: 0
siblings	: 4
core id		: 1
cpu cores	: 4
apicid		: 1
initial apicid	: 1
fdiv_bug	: no
hlt_bug		: no
f00f_bug	: no
coma_bug	: no
fpu		: yes
fpu_exception	: yes
cpuid level	: 5
wp		: yes
flags		: fpu vme de pse tsc msr pae mce cx8 apic mtrr pge mca cmov pat pse36 clflush mmx fxsr sse sse2 ht syscall nx mmxext fxsr_opt pdpe1gb rdtscp lm 3dnowext 3dnow constant_tsc nonstop_tsc extd_apicid pni monitor cx16 popcnt lahf_lm cmp_legacy svm extapic cr8_legacy abm sse4a misalignsse 3dnowprefetch osvw ibs skinit wdt npt lbrv svm_lock nrip_save
bogomips	: 6020.55
clflush size	: 64
cache_alignment	: 64
address sizes	: 48 bits physical, 48 bits virtual
power management: ts ttp tm stc 100mhzsteps hwpstate

processor	: 2
vendor_id	: AuthenticAMD
cpu family	: 16
model		: 4
model name	: AMD Phenom(tm) II X4 945 Processor
stepping	: 3
cpu MHz		: 3010.822
cache size	: 512 KB
physical id	: 0
siblings	: 4
core id		: 2
cpu cores	: 4
apicid		: 2
initial apicid	: 2
fdiv_bug	: no
hlt_bug		: no
f00f_bug	: no
coma_bug	: no
fpu		: yes
fpu_exception	: yes
cpuid level	: 5
wp		: yes
flags		: fpu vme de pse tsc msr pae mce cx8 apic mtrr pge mca cmov pat pse36 clflush mmx fxsr sse sse2 ht syscall nx mmxext fxsr_opt pdpe1gb rdtscp lm 3dnowext 3dnow constant_tsc nonstop_tsc extd_apicid pni monitor cx16 popcnt lahf_lm cmp_legacy svm extapic cr8_legacy abm sse4a misalignsse 3dnowprefetch osvw ibs skinit wdt npt lbrv svm_lock nrip_save
bogomips	: 6020.55
clflush size	: 64
cache_alignment	: 64
address sizes	: 48 bits physical, 48 bits virtual
power management: ts ttp tm stc 100mhzsteps hwpstate

processor	: 3
vendor_id	: AuthenticAMD
cpu family	: 16
model		: 4
model name	: AMD Phenom(tm) II X4 945 Processor
stepping	: 3
cpu MHz		: 3010.822
cache size	: 512 KB
physical id	: 0
siblings	: 4
core id		: 3
cpu cores	: 4
apicid		: 3
initial apicid	: 3
fdiv_bug	: no
hlt_bug		: no
f00f_bug	: no
coma_bug	: no
fpu		: yes
fpu_exception	: yes
cpuid level	: 5
wp		: yes
flags		: fpu vme de pse tsc msr pae mce cx8 apic mtrr pge mca cmov pat pse36 clflush mmx fxsr sse sse2 ht syscall nx mmxext fxsr_opt pdpe1gb rdtscp lm 3dnowext 3dnow constant_tsc nonstop_tsc extd_apicid pni monitor cx16 popcnt lahf_lm cmp_legacy svm extapic cr8_legacy abm sse4a misalignsse 3dnowprefetch osvw ibs skinit wdt npt lbrv svm_lock nrip_save
bogomips	: 6020.55
clflush size	: 64
cache_alignment	: 64
address sizes	: 48 bits physical, 48 bits virtual
power management: ts ttp tm stc 100mhzsteps hwpstate



Memory: 4k page, physical 3356112k(399504k free), swap 14645240k(14645240k free)

vm_info: Java HotSpot(TM) Server VM (20.1-b02) for linux-x86 JRE (1.6.0_26-b03), built on May  4 2011 01:04:10 by "java_re" with gcc 3.2.1-7a (J2SE release)

time: Thu Apr  5 21:04:31 2012
elapsed time: 0 seconds

