#
# A fatal error has been detected by the Java Runtime Environment:
#
#  SIGSEGV (0xb) at pc=0x79b63e0f, pid=15021, tid=2061167472
#
# JRE version: 6.0_26-b03
# Java VM: Java HotSpot(TM) Server VM (20.1-b02 mixed mode linux-x86 )
# Problematic frame:
# C  [libXnVHandGenerator_1_5_2.so+0x95e0f]  NAFarfield::Feedback(Box2D<int>&)+0x3df
#
# If you would like to submit a bug report, please visit:
#   http://java.sun.com/webapps/bugreport/crash.jsp
# The crash happened outside the Java Virtual Machine in native code.
# See problematic frame for where to report the bug.
#

---------------  T H R E A D  ---------------

Current thread (0x09cf2c00):  JavaThread "Animation Thread" [_thread_in_native, id=15047, stack(0x7ad5e000,0x7adaf000)]

siginfo:si_signo=SIGSEGV: si_errno=0, si_code=1 (SEGV_MAPERR), si_addr=0x4165d9ef

Registers:
EAX=0x4165d9ef, EBX=0x79bb3ff4, ECX=0x0000000c, EDX=0x00000000
ESP=0x7adac8d0, EBP=0x7adac978, ESI=0x0a913fe8, EDI=0x0a39acb4
EIP=0x79b63e0f, EFLAGS=0x00010202, CR2=0x4165d9ef

Top of Stack: (sp=0x7adac8d0)
0x7adac8d0:   0a39acb4 0a39ba38 0000009f 0000005a
0x7adac8e0:   00000077 00000000 0abed8c0 0abd1630
0x7adac8f0:   0ac13180 0abf6ef0 0a5c2700 0a5c4b40
0x7adac900:   0a5c4b40 00000045 7adac958 7aaefc9a
0x7adac910:   7adac938 0a5ea600 0a3b693c 0a5bb680
0x7adac920:   0a3b693c 000000a0 00000045 01eeb6db
0x7adac930:   00000063 0a39b344 00000066 0000005c
0x7adac940:   000000b8 0a5c3600 0abec380 0abd00f0 

Instructions: (pc=0x79b63e0f)
0x79b63def:   e0 2b 45 c4 8b 8f d4 bc 01 00 89 45 e4 8b 87 5c
0x79b63dff:   be 01 00 8b 77 38 db 45 e4 0f b7 14 10 8b 46 38
0x79b63e0f:   d8 0c 90 8b 45 c0 2b 45 b8 89 45 e4 db 45 e4 de
0x79b63e1f:   c9 db 4d e4 8b 45 e4 01 84 8f d8 bc 01 00 83 45 

Register to memory mapping:

EAX=0x4165d9ef is an unknown value
EBX=0x79bb3ff4: <offset 0xe5ff4> in /usr/lib/libXnVHandGenerator_1_5_2.so at 0x79ace000
ECX=0x0000000c is an unknown value
EDX=0x00000000 is an unknown value
ESP=0x7adac8d0 is pointing into the stack for thread: 0x09cf2c00
EBP=0x7adac978 is pointing into the stack for thread: 0x09cf2c00
ESI=0x0a913fe8 is an unknown value
EDI=0x0a39acb4 is an unknown value


Stack: [0x7ad5e000,0x7adaf000],  sp=0x7adac8d0,  free space=314k
Native frames: (J=compiled Java code, j=interpreted, Vv=VM code, C=native code)
C  [libXnVHandGenerator_1_5_2.so+0x95e0f]  NAFarfield::Feedback(Box2D<int>&)+0x3df
C  [libXnVHandGenerator_1_5_2.so+0x99952]  NAFarfield::Update(xn::DepthMetaData const**, Array2D<unsigned short> const**, unsigned, SensorTime, Box2D<int> const&)+0xee2
C  [libXnVHandGenerator_1_5_2.so+0x379f4]  NHAFocusBackgroundModel::Update(xn::DepthGenerator const*, xn::DepthMetaData const*, xn::DepthMetaData const**, Array2D<unsigned short> const**, unsigned, SensorTime, unsigned short*, Box2D<int>*, int)+0xf4
C  [libXnVHandGenerator_1_5_2.so+0x49a5e]  NHAGestureRecognizerManager::Update(xn::DepthGenerator const&, xn::DepthMetaData const&)+0x5de
C  [libXnVHandGenerator_1_5_2.so+0xc5a9]  XnVGestureGenerator::UpdateData()+0x89
C  [libXnVHandGenerator_1_5_2.so+0x197b7]  __ModuleUpdateData(void*)+0x47
C  [libOpenNI.so+0x3528f]  _ZL16xnUpdateDataImplP18XnInternalNodeData+0x5f
C  [libOpenNI.so+0x374a0]  _ZL16xnUpdateTreeImplP20XnProductionNodesSetPK10XnNodeInfo+0x390
C  [libOpenNI.so+0x3a939]  _ZL11xnUpdateAllP9XnContext+0x239
C  [libOpenNI.so+0x3af5f]  long long+0x7f
C  [libSimpleOpenNI.so+0xa7eb3]  xn::Context::WaitAndUpdateAll()+0x1f
C  [libSimpleOpenNI.so+0xa3216]  sOpenNI::ContextWrapper::updateSub()+0x86
C  [libSimpleOpenNI.so+0xa3153]  sOpenNI::ContextWrapper::update()+0x13f
C  [libSimpleOpenNI.so+0x85338]  Java_SimpleOpenNI_SimpleOpenNIJNI_ContextWrapper_1updateSwigExplicitContextWrapper_1_1SWIG_10+0x38
j  SimpleOpenNI.SimpleOpenNIJNI.ContextWrapper_updateSwigExplicitContextWrapper__SWIG_0(JLSimpleOpenNI/ContextWrapper;)V+0
j  SimpleOpenNI.ContextWrapper.update()V+26
j  SimpleOpenNI.SimpleOpenNI.update()V+1
j  devices3d.Devices3d.draw()V+12
j  processing.core.PApplet.handleDraw()V+145
j  processing.core.PApplet.run()V+72
j  java.lang.Thread.run()V+11
v  ~StubRoutines::call_stub
V  [libjvm.so+0x3dff01]  JavaCalls::call_helper(JavaValue*, methodHandle*, JavaCallArguments*, Thread*)+0x1c1
V  [libjvm.so+0x5e1298]  os::os_exception_wrapper(void (*)(JavaValue*, methodHandle*, JavaCallArguments*, Thread*), JavaValue*, methodHandle*, JavaCallArguments*, Thread*)+0x18
V  [libjvm.so+0x3df775]  JavaCalls::call_virtual(JavaValue*, KlassHandle, symbolHandle, symbolHandle, JavaCallArguments*, Thread*)+0xc5
V  [libjvm.so+0x3df838]  JavaCalls::call_virtual(JavaValue*, Handle, KlassHandle, symbolHandle, symbolHandle, Thread*)+0x58
V  [libjvm.so+0x4642d7]  thread_entry(JavaThread*, Thread*)+0xa7
V  [libjvm.so+0x6e16bf]  JavaThread::run()+0x11f
V  [libjvm.so+0x5e2aee]  java_start(Thread*)+0x14e
C  [libpthread.so.0+0x6d31]  short+0xd1

Java frames: (J=compiled Java code, j=interpreted, Vv=VM code)
j  SimpleOpenNI.SimpleOpenNIJNI.ContextWrapper_updateSwigExplicitContextWrapper__SWIG_0(JLSimpleOpenNI/ContextWrapper;)V+0
j  SimpleOpenNI.ContextWrapper.update()V+26
j  SimpleOpenNI.SimpleOpenNI.update()V+1
j  devices3d.Devices3d.draw()V+12
j  processing.core.PApplet.handleDraw()V+145
j  processing.core.PApplet.run()V+72
j  java.lang.Thread.run()V+11
v  ~StubRoutines::call_stub

---------------  P R O C E S S  ---------------

Java Threads: ( => current thread )
=>0x09cf2c00 JavaThread "Animation Thread" [_thread_in_native, id=15047, stack(0x7ad5e000,0x7adaf000)]
  0x09ce7800 JavaThread "AWT-EventQueue-1" [_thread_blocked, id=15046, stack(0x7adaf000,0x7ae00000)]
  0x7aea5800 JavaThread "DestroyJavaVM" [_thread_blocked, id=15026, stack(0xb69a4000,0xb69f5000)]
  0x09ce4800 JavaThread "AWT-EventQueue-0" [_thread_blocked, id=15044, stack(0x7af43000,0x7af94000)]
  0x09e94000 JavaThread "AWT-Shutdown" [_thread_blocked, id=15043, stack(0x7af94000,0x7afe5000)]
  0x09cab400 JavaThread "thread applet-devices3d.Devices3d.class" [_thread_blocked, id=15042, stack(0x7b080000,0x7b0d1000)]
  0x09ca6400 JavaThread "AWT-XAWT" daemon [_thread_in_native, id=15040, stack(0x7b0d1000,0x7b122000)]
  0x7b475c00 JavaThread "Java2D Disposer" daemon [_thread_blocked, id=15039, stack(0x7b175000,0x7b1c6000)]
  0x7beab000 JavaThread "Low Memory Detector" daemon [_thread_blocked, id=15037, stack(0x7b64c000,0x7b69d000)]
  0x7bea9000 JavaThread "C2 CompilerThread1" daemon [_thread_blocked, id=15036, stack(0x7b69d000,0x7b71e000)]
  0x7bea7000 JavaThread "C2 CompilerThread0" daemon [_thread_blocked, id=15035, stack(0x7b71e000,0x7b79f000)]
  0x7bea5800 JavaThread "Signal Dispatcher" daemon [_thread_blocked, id=15034, stack(0x7b79f000,0x7b7f0000)]
  0x7be97400 JavaThread "Finalizer" daemon [_thread_blocked, id=15033, stack(0x7bf1e000,0x7bf6f000)]
  0x7be95c00 JavaThread "Reference Handler" daemon [_thread_blocked, id=15032, stack(0x7bb62000,0x7bbb3000)]

Other Threads:
  0x7be92000 VMThread [stack: 0x7bbb3000,0x7bc34000] [id=15031]
  0x7beb5000 WatcherThread [stack: 0x7b5cb000,0x7b64c000] [id=15038]

VM state:not at safepoint (normal execution)

VM Mutex/Monitor currently owned by a thread: None

Heap
 PSYoungGen      total 28416K, used 17642K [0xa2710000, 0xa5410000, 0xb3860000)
  eden space 26240K, 67% used [0xa2710000,0xa384a9b0,0xa40b0000)
  from space 2176K, 0% used [0xa40b0000,0xa40b0000,0xa42d0000)
  to   space 2176K, 0% used [0xa51f0000,0xa51f0000,0xa5410000)
 PSOldGen        total 105984K, used 48894K [0x80460000, 0x86be0000, 0xa2710000)
  object space 105984K, 46% used [0x80460000,0x8341faa8,0x86be0000)
 PSPermGen       total 17664K, used 7889K [0x7c460000, 0x7d5a0000, 0x80460000)
  object space 17664K, 44% used [0x7c460000,0x7cc14498,0x7d5a0000)

Code Cache  [0xb3928000, 0xb3b68000, 0xb6928000)
 total_blobs=335 nmethods=56 adapters=234 free_code_cache=49858048 largest_free_block=6464

Dynamic libraries:
08048000-08052000 r-xp 00000000 08:08 1181081    /usr/lib/jvm/java-6-sun-1.6.0.26/jre/bin/java
08052000-08053000 rwxp 00009000 08:08 1181081    /usr/lib/jvm/java-6-sun-1.6.0.26/jre/bin/java
09bbb000-0bbc8000 rwxp 00000000 00:00 0          [heap]
74ea5000-75100000 rwxp 00000000 00:00 0 
75100000-7512d000 rwxp 00000000 00:00 0 
7512d000-75200000 ---p 00000000 00:00 0 
75208000-75334000 rwxs 00000000 00:04 111968278  /SYSV00000000 (deleted)
75334000-75fdb000 rwxp 00000000 00:00 0 
75fdb000-7635f000 r-xs 00000000 00:12 171613     /run/shm/14873_045e.02ae@1.7_Depth
7635f000-763f6000 rwxp 00000000 00:00 0 
763f6000-763f7000 ---p 00000000 00:00 0 
763f7000-783b0000 rwxp 00000000 00:00 0 
783b0000-78734000 r-xs 00000000 00:12 171613     /run/shm/14873_045e.02ae@1.7_Depth
78734000-787cb000 rwxp 00000000 00:00 0 
787cb000-787cc000 ---p 00000000 00:00 0 
787cc000-793cd000 rwxp 00000000 00:00 0 
793cd000-79456000 r-xp 00000000 08:08 1070238    /usr/lib/libXnDeviceSensorV2KM.so
79456000-7945f000 r-xp 00088000 08:08 1070238    /usr/lib/libXnDeviceSensorV2KM.so
7945f000-79460000 rwxp 00091000 08:08 1070238    /usr/lib/libXnDeviceSensorV2KM.so
79460000-79540000 r-xp 00000000 08:08 1064091    /usr/lib/libXnVHandGenerator_1_5_0.so
79540000-79543000 r-xp 000df000 08:08 1064091    /usr/lib/libXnVHandGenerator_1_5_0.so
79543000-79544000 rwxp 000e2000 08:08 1064091    /usr/lib/libXnVHandGenerator_1_5_0.so
79544000-79550000 rwxp 00000000 00:00 0 
79550000-79943000 r-xp 00000000 08:08 1064087    /usr/lib/libXnVFeatures_1_5_0.so
79943000-79944000 ---p 003f3000 08:08 1064087    /usr/lib/libXnVFeatures_1_5_0.so
79944000-7994c000 r-xp 003f3000 08:08 1064087    /usr/lib/libXnVFeatures_1_5_0.so
7994c000-7994d000 rwxp 003fb000 08:08 1064087    /usr/lib/libXnVFeatures_1_5_0.so
7994d000-79961000 rwxp 00000000 00:00 0 
79961000-7998e000 r-xp 00000000 08:08 1064003    /usr/lib/libXnDeviceFile.so
7998e000-7998f000 r-xp 0002d000 08:08 1064003    /usr/lib/libXnDeviceFile.so
7998f000-79990000 rwxp 0002e000 08:08 1064003    /usr/lib/libXnDeviceFile.so
79990000-799e2000 r-xp 00000000 08:08 1064002    /usr/lib/libXnDDK.so
799e2000-799e4000 r-xp 00051000 08:08 1064002    /usr/lib/libXnDDK.so
799e4000-799e5000 rwxp 00053000 08:08 1064002    /usr/lib/libXnDDK.so
799e5000-79a09000 r-xp 00000000 08:08 1064005    /usr/lib/libXnFormats.so
79a09000-79a0a000 r-xp 00023000 08:08 1064005    /usr/lib/libXnFormats.so
79a0a000-79a0b000 rwxp 00024000 08:08 1064005    /usr/lib/libXnFormats.so
79a0b000-79a2b000 rwxp 00000000 00:00 0 
79a2b000-79ac4000 r-xp 00000000 08:08 1064004    /usr/lib/libXnDeviceSensorV2.so
79ac4000-79acd000 r-xp 00098000 08:08 1064004    /usr/lib/libXnDeviceSensorV2.so
79acd000-79ace000 rwxp 000a1000 08:08 1064004    /usr/lib/libXnDeviceSensorV2.so
79ace000-79bb1000 r-xp 00000000 08:08 1064000    /usr/lib/libXnVHandGenerator_1_5_2.so
79bb1000-79bb4000 r-xp 000e3000 08:08 1064000    /usr/lib/libXnVHandGenerator_1_5_2.so
79bb4000-79bb5000 rwxp 000e6000 08:08 1064000    /usr/lib/libXnVHandGenerator_1_5_2.so
79bb5000-79bc1000 rwxp 00000000 00:00 0 
79bc1000-79c96000 r-xp 00000000 08:08 1063997    /usr/lib/libXnVHandGenerator_1_4_2.so
79c96000-79c97000 ---p 000d5000 08:08 1063997    /usr/lib/libXnVHandGenerator_1_4_2.so
79c97000-79c99000 r-xp 000d5000 08:08 1063997    /usr/lib/libXnVHandGenerator_1_4_2.so
79c99000-79c9a000 rwxp 000d7000 08:08 1063997    /usr/lib/libXnVHandGenerator_1_4_2.so
79c9a000-79c9c000 rwxp 00000000 00:00 0 
79c9c000-79d70000 r-xp 00000000 08:08 1063994    /usr/lib/libXnVHandGenerator_1_4_1.so
79d70000-79d71000 ---p 000d4000 08:08 1063994    /usr/lib/libXnVHandGenerator_1_4_1.so
79d71000-79d73000 r-xp 000d4000 08:08 1063994    /usr/lib/libXnVHandGenerator_1_4_1.so
79d73000-79d74000 rwxp 000d6000 08:08 1063994    /usr/lib/libXnVHandGenerator_1_4_1.so
79d74000-79d76000 rwxp 00000000 00:00 0 
79d76000-79e54000 r-xp 00000000 08:08 1063991    /usr/lib/libXnVHandGenerator_1_3_1.so
79e54000-79e57000 r-xp 000dd000 08:08 1063991    /usr/lib/libXnVHandGenerator_1_3_1.so
79e57000-79e58000 rwxp 000e0000 08:08 1063991    /usr/lib/libXnVHandGenerator_1_3_1.so
79e58000-79e5a000 rwxp 00000000 00:00 0 
79e5a000-7a25b000 r-xp 00000000 08:08 1063984    /usr/lib/libXnVFeatures_1_5_2.so
7a25b000-7a25c000 ---p 00401000 08:08 1063984    /usr/lib/libXnVFeatures_1_5_2.so
7a25c000-7a264000 r-xp 00401000 08:08 1063984    /usr/lib/libXnVFeatures_1_5_2.so
7a264000-7a265000 rwxp 00409000 08:08 1063984    /usr/lib/libXnVFeatures_1_5_2.so
7a265000-7a279000 rwxp 00000000 00:00 0 
7a279000-7a460000 r-xp 00000000 08:08 1063973    /usr/lib/libXnVFeatures_1_4_2.so
7a460000-7a463000 r-xp 001e6000 08:08 1063973    /usr/lib/libXnVFeatures_1_4_2.so
7a463000-7a464000 rwxp 001e9000 08:08 1063973    /usr/lib/libXnVFeatures_1_4_2.so
7a464000-7a469000 rwxp 00000000 00:00 0 
7a469000-7a650000 r-xp 00000000 08:08 1063968    /usr/lib/libXnVFeatures_1_4_1.so
7a650000-7a653000 r-xp 001e6000 08:08 1063968    /usr/lib/libXnVFeatures_1_4_1.so
7a653000-7a654000 rwxp 001e9000 08:08 1063968    /usr/lib/libXnVFeatures_1_4_1.so
7a654000-7a659000 rwxp 00000000 00:00 0 
7a659000-7a877000 r-xp 00000000 08:08 1063963    /usr/lib/libXnVFeatures_1_3_1.so
7a877000-7a878000 ---p 0021e000 08:08 1063963    /usr/lib/libXnVFeatures_1_3_1.so
7a878000-7a87b000 r-xp 0021e000 08:08 1063963    /usr/lib/libXnVFeatures_1_3_1.so
7a87b000-7a87c000 rwxp 00221000 08:08 1063963    /usr/lib/libXnVFeatures_1_3_1.so
7a87c000-7a881000 rwxp 00000000 00:00 0 
7a881000-7a8b5000 r-xp 00000000 08:08 1063811    /usr/lib/libnimCodecs.so
7a8b5000-7a8b6000 ---p 00034000 08:08 1063811    /usr/lib/libnimCodecs.so
7a8b6000-7a8b8000 r-xp 00034000 08:08 1063811    /usr/lib/libnimCodecs.so
7a8b8000-7a8b9000 rwxp 00036000 08:08 1063811    /usr/lib/libnimCodecs.so
7a8b9000-7a8d9000 rwxp 00000000 00:00 0 
7a8d9000-7a9b7000 r-xp 00000000 08:08 1056768    /usr/lib/i386-linux-gnu/libstdc++.so.6.0.16
7a9b7000-7a9b8000 ---p 000de000 08:08 1056768    /usr/lib/i386-linux-gnu/libstdc++.so.6.0.16
7a9b8000-7a9bc000 r-xp 000de000 08:08 1056768    /usr/lib/i386-linux-gnu/libstdc++.so.6.0.16
7a9bc000-7a9bd000 rwxp 000e2000 08:08 1056768    /usr/lib/i386-linux-gnu/libstdc++.so.6.0.16
7a9bd000-7a9c4000 rwxp 00000000 00:00 0 
7a9c4000-7aa94000 r-xp 00000000 08:08 1063882    /usr/lib/libXnVNite_1_3_1.so
7aa94000-7aa97000 r-xp 000cf000 08:08 1063882    /usr/lib/libXnVNite_1_3_1.so
7aa97000-7aa98000 rwxp 000d2000 08:08 1063882    /usr/lib/libXnVNite_1_3_1.so
7aa98000-7ab14000 r-xp 00000000 08:08 1063815    /usr/lib/libOpenNI.so
7ab14000-7ab16000 r-xp 0007c000 08:08 1063815    /usr/lib/libOpenNI.so
7ab16000-7ab18000 rwxp 0007e000 08:08 1063815    /usr/lib/libOpenNI.so
7ab18000-7abfa000 r-xp 00000000 08:08 1588310    /home/alejo/Dropbox/code/devices3d/lib/user/SimpleOpenNI/libSimpleOpenNI.so
7abfa000-7abfb000 ---p 000e2000 08:08 1588310    /home/alejo/Dropbox/code/devices3d/lib/user/SimpleOpenNI/libSimpleOpenNI.so
7abfb000-7abfd000 r-xp 000e2000 08:08 1588310    /home/alejo/Dropbox/code/devices3d/lib/user/SimpleOpenNI/libSimpleOpenNI.so
7abfd000-7ac00000 rwxp 000e4000 08:08 1588310    /home/alejo/Dropbox/code/devices3d/lib/user/SimpleOpenNI/libSimpleOpenNI.so
7ac00000-7acf9000 rwxp 00000000 00:00 0 
7acf9000-7ad00000 ---p 00000000 00:00 0 
7ad26000-7ad57000 r-xp 00000000 08:08 1063812    /usr/lib/libnimMockNodes.so
7ad57000-7ad5d000 r-xp 00031000 08:08 1063812    /usr/lib/libnimMockNodes.so
7ad5d000-7ad5e000 rwxp 00037000 08:08 1063812    /usr/lib/libnimMockNodes.so
7ad5e000-7ad61000 ---p 00000000 00:00 0 
7ad61000-7adaf000 rwxp 00000000 00:00 0 
7adaf000-7adb2000 ---p 00000000 00:00 0 
7adb2000-7ae00000 rwxp 00000000 00:00 0 
7ae00000-7aeff000 rwxp 00000000 00:00 0 
7aeff000-7af00000 ---p 00000000 00:00 0 
7af00000-7af23000 r-xp 00000000 08:08 1063813    /usr/lib/libnimRecorder.so
7af23000-7af24000 r-xp 00023000 08:08 1063813    /usr/lib/libnimRecorder.so
7af24000-7af25000 rwxp 00024000 08:08 1063813    /usr/lib/libnimRecorder.so
7af25000-7af41000 r-xp 00000000 08:08 1573816    /lib/i386-linux-gnu/libgcc_s.so.1
7af41000-7af42000 r-xp 0001b000 08:08 1573816    /lib/i386-linux-gnu/libgcc_s.so.1
7af42000-7af43000 rwxp 0001c000 08:08 1573816    /lib/i386-linux-gnu/libgcc_s.so.1
7af43000-7af46000 ---p 00000000 00:00 0 
7af46000-7af94000 rwxp 00000000 00:00 0 
7af94000-7af97000 ---p 00000000 00:00 0 
7af97000-7afe5000 rwxp 00000000 00:00 0 
7afe5000-7afe6000 r-xs 00000000 08:08 1188895    /var/cache/fontconfig/c05880de57d1f5e948fdfacc138775d9-le32d4.cache-3
7afe6000-7afec000 r-xs 00000000 08:08 1188892    /var/cache/fontconfig/945677eb7aeaf62f1d50efc3fb3ec7d8-le32d4.cache-3
7afec000-7afee000 r-xs 00000000 08:08 1188893    /var/cache/fontconfig/99e8ed0e538f840c565b6ed5dad60d56-le32d4.cache-3
7afee000-7aff1000 r-xs 00000000 08:08 1206717    /var/cache/fontconfig/e383d7ea5fbe662a33d9b44caf393297-le32d4.cache-3
7aff1000-7aff4000 r-xs 00000000 08:08 1188879    /var/cache/fontconfig/2cd17615ca594fa2959ae173292e504c-le32d4.cache-3
7aff4000-7aff5000 r-xs 00000000 08:08 1188903    /var/cache/fontconfig/e7071f4a29fa870f4323321c154eba04-le32d4.cache-3
7aff5000-7aff7000 r-xs 00000000 08:08 1191776    /var/cache/fontconfig/b5ea634b0fb353b8ea17632d1f9ef766-le32d4.cache-3
7aff7000-7affb000 r-xs 00000000 08:08 1188894    /var/cache/fontconfig/a755afe4a08bf5b97852ceb7400b47bc-le32d4.cache-3
7affb000-7afff000 r-xs 00000000 08:08 1188884    /var/cache/fontconfig/515ca1ebc4b18308bea979be5704f9db-le32d4.cache-3
7afff000-7b006000 r-xs 00000000 08:08 1188888    /var/cache/fontconfig/6d41288fd70b0be22e8c3a91e032eec0-le32d4.cache-3
7b006000-7b011000 r-xs 00000000 08:08 1188877    /var/cache/fontconfig/0f34bcd4b6ee430af32735b75db7f02b-le32d4.cache-3
7b011000-7b033000 r-xs 00000000 08:08 1206716    /var/cache/fontconfig/365b55f210c0a22e9a19e35191240f32-le32d4.cache-3
7b033000-7b040000 r-xs 00000000 08:08 1188899    /var/cache/fontconfig/d52a8644073d54c13679302ca1180695-le32d4.cache-3
7b040000-7b04e000 r-xs 00000000 08:08 1190496    /var/cache/fontconfig/e13b20fdb08344e0e664864cc2ede53d-le32d4.cache-3
7b050000-7b05b000 r-xp 00000000 08:08 408705     /opt/microchip/mplabx/mplab_ide/mplablibs/modules/lib/libusb-1.0.so.0.0.0
7b05b000-7b05c000 rwxp 0000a000 08:08 408705     /opt/microchip/mplabx/mplab_ide/mplablibs/modules/lib/libusb-1.0.so.0.0.0
7b077000-7b078000 rwxp 00000000 00:00 0 
7b078000-7b07f000 r-xp 00000000 08:08 1181319    /usr/lib/jvm/java-6-sun-1.6.0.26/jre/lib/i386/libnio.so
7b07f000-7b080000 rwxp 00006000 08:08 1181319    /usr/lib/jvm/java-6-sun-1.6.0.26/jre/lib/i386/libnio.so
7b080000-7b083000 ---p 00000000 00:00 0 
7b083000-7b0d1000 rwxp 00000000 00:00 0 
7b0d1000-7b0d4000 ---p 00000000 00:00 0 
7b0d4000-7b122000 rwxp 00000000 00:00 0 
7b122000-7b126000 r-xp 00000000 08:08 1056426    /usr/lib/i386-linux-gnu/libXfixes.so.3.1.0
7b126000-7b127000 r-xp 00003000 08:08 1056426    /usr/lib/i386-linux-gnu/libXfixes.so.3.1.0
7b127000-7b128000 rwxp 00004000 08:08 1056426    /usr/lib/i386-linux-gnu/libXfixes.so.3.1.0
7b128000-7b131000 r-xp 00000000 08:08 1056446    /usr/lib/i386-linux-gnu/libXrender.so.1.3.0
7b131000-7b132000 r-xp 00008000 08:08 1056446    /usr/lib/i386-linux-gnu/libXrender.so.1.3.0
7b132000-7b133000 rwxp 00009000 08:08 1056446    /usr/lib/i386-linux-gnu/libXrender.so.1.3.0
7b133000-7b13c000 r-xp 00000000 08:08 1056410    /usr/lib/i386-linux-gnu/libXcursor.so.1.0.2
7b13c000-7b13d000 r-xp 00008000 08:08 1056410    /usr/lib/i386-linux-gnu/libXcursor.so.1.0.2
7b13d000-7b13e000 rwxp 00009000 08:08 1056410    /usr/lib/i386-linux-gnu/libXcursor.so.1.0.2
7b13e000-7b141000 r-xp 00000000 08:08 1064001    /usr/lib/libXnCore.so
7b141000-7b142000 r-xp 00002000 08:08 1064001    /usr/lib/libXnCore.so
7b142000-7b143000 rwxp 00003000 08:08 1064001    /usr/lib/libXnCore.so
7b143000-7b144000 r-xp 00000000 08:08 1181308    /usr/lib/jvm/java-6-sun-1.6.0.26/jre/lib/i386/libjawt.so
7b144000-7b145000 rwxp 00000000 08:08 1181308    /usr/lib/jvm/java-6-sun-1.6.0.26/jre/lib/i386/libjawt.so
7b145000-7b159000 r-xp 00000000 08:08 1181318    /usr/lib/jvm/java-6-sun-1.6.0.26/jre/lib/i386/libnet.so
7b159000-7b15a000 rwxp 00013000 08:08 1181318    /usr/lib/jvm/java-6-sun-1.6.0.26/jre/lib/i386/libnet.so
7b15a000-7b15e000 r-xs 00000000 08:08 1188889    /var/cache/fontconfig/6eb3985aa4124903f6ff08ba781cd364-le32d4.cache-3
7b15e000-7b164000 r-xs 00000000 08:08 1206713    /var/cache/fontconfig/153bb866d4d26e7cd19eee2129f8d8d2-le32d4.cache-3
7b164000-7b167000 r-xs 00000000 08:08 1206715    /var/cache/fontconfig/7ef2298fde41cc6eeb7af42e48b7d293-le32d4.cache-3
7b167000-7b175000 r-xs 00000000 08:08 1190505    /var/cache/fontconfig/865f88548240fee46819705c6468c165-le32d4.cache-3
7b175000-7b178000 ---p 00000000 00:00 0 
7b178000-7b1c6000 rwxp 00000000 00:00 0 
7b1c6000-7b23f000 r-xp 00000000 08:08 1181295    /usr/lib/jvm/java-6-sun-1.6.0.26/jre/lib/i386/libfontmanager.so
7b23f000-7b249000 rwxp 00078000 08:08 1181295    /usr/lib/jvm/java-6-sun-1.6.0.26/jre/lib/i386/libfontmanager.so
7b249000-7b24e000 rwxp 00000000 00:00 0 
7b24e000-7b251000 r-xs 00017000 08:08 1588322    /home/alejo/Dropbox/code/devices3d/lib/user/proscene/proscene.jar
7b251000-7b255000 r-xs 00020000 08:08 1588311    /home/alejo/Dropbox/code/devices3d/lib/user/SimpleOpenNI/SimpleOpenNI.jar
7b255000-7b272000 r-xp 00000000 08:08 1056813    /usr/lib/i386-linux-gnu/libxcb.so.1.1.0
7b272000-7b273000 r-xp 0001c000 08:08 1056813    /usr/lib/i386-linux-gnu/libxcb.so.1.1.0
7b273000-7b274000 rwxp 0001d000 08:08 1056813    /usr/lib/i386-linux-gnu/libxcb.so.1.1.0
7b274000-7b282000 r-xp 00000000 08:08 1056434    /usr/lib/i386-linux-gnu/libXi.so.6.1.0
7b282000-7b283000 r-xp 0000d000 08:08 1056434    /usr/lib/i386-linux-gnu/libXi.so.6.1.0
7b283000-7b284000 rwxp 0000e000 08:08 1056434    /usr/lib/i386-linux-gnu/libXi.so.6.1.0
7b284000-7b3b5000 r-xp 00000000 08:08 1056398    /usr/lib/i386-linux-gnu/libX11.so.6.3.0
7b3b5000-7b3b6000 ---p 00131000 08:08 1056398    /usr/lib/i386-linux-gnu/libX11.so.6.3.0
7b3b6000-7b3b7000 r-xp 00131000 08:08 1056398    /usr/lib/i386-linux-gnu/libX11.so.6.3.0
7b3b7000-7b3b9000 rwxp 00132000 08:08 1056398    /usr/lib/i386-linux-gnu/libX11.so.6.3.0
7b3b9000-7b3ba000 rwxp 00000000 00:00 0 
7b3ba000-7b3fd000 r-xp 00000000 08:08 1181341    /usr/lib/jvm/java-6-sun-1.6.0.26/jre/lib/i386/xawt/libmawt.so
7b3fd000-7b3ff000 rwxp 00043000 08:08 1181341    /usr/lib/jvm/java-6-sun-1.6.0.26/jre/lib/i386/xawt/libmawt.so
7b3ff000-7b400000 rwxp 00000000 00:00 0 
7b400000-7b500000 rwxp 00000000 00:00 0 
7b501000-7b506000 r-xp 00000000 08:08 1056418    /usr/lib/i386-linux-gnu/libXdmcp.so.6.0.0
7b506000-7b507000 r-xp 00004000 08:08 1056418    /usr/lib/i386-linux-gnu/libXdmcp.so.6.0.0
7b507000-7b508000 rwxp 00005000 08:08 1056418    /usr/lib/i386-linux-gnu/libXdmcp.so.6.0.0
7b508000-7b519000 r-xp 00000000 08:08 1056422    /usr/lib/i386-linux-gnu/libXext.so.6.4.0
7b519000-7b51a000 r-xp 00010000 08:08 1056422    /usr/lib/i386-linux-gnu/libXext.so.6.4.0
7b51a000-7b51b000 rwxp 00011000 08:08 1056422    /usr/lib/i386-linux-gnu/libXext.so.6.4.0
7b51b000-7b5a0000 r-xp 00000000 08:08 1181290    /usr/lib/jvm/java-6-sun-1.6.0.26/jre/lib/i386/libawt.so
7b5a0000-7b5a7000 rwxp 00085000 08:08 1181290    /usr/lib/jvm/java-6-sun-1.6.0.26/jre/lib/i386/libawt.so
7b5a7000-7b5cb000 rwxp 00000000 00:00 0 
7b5cb000-7b5cc000 ---p 00000000 00:00 0 
7b5cc000-7b64c000 rwxp 00000000 00:00 0 
7b64c000-7b64f000 ---p 00000000 00:00 0 
7b64f000-7b69d000 rwxp 00000000 00:00 0 
7b69d000-7b6a0000 ---p 00000000 00:00 0 
7b6a0000-7b71e000 rwxp 00000000 00:00 0 
7b71e000-7b721000 ---p 00000000 00:00 0 
7b721000-7b79f000 rwxp 00000000 00:00 0 
7b79f000-7b7a2000 ---p 00000000 00:00 0 
7b7a2000-7b7f0000 rwxp 00000000 00:00 0 
7b7f0000-7b7f1000 r-xp 00571000 08:08 1057169    /usr/lib/locale/locale-archive
7b7f1000-7b922000 r-xp 0043d000 08:08 1057169    /usr/lib/locale/locale-archive
7b922000-7b962000 r-xp 002bd000 08:08 1057169    /usr/lib/locale/locale-archive
7b962000-7bb62000 r-xp 00000000 08:08 1057169    /usr/lib/locale/locale-archive
7bb62000-7bb65000 ---p 00000000 00:00 0 
7bb65000-7bbb3000 rwxp 00000000 00:00 0 
7bbb3000-7bbb4000 ---p 00000000 00:00 0 
7bbb4000-7bc68000 rwxp 00000000 00:00 0 
7bc68000-7be00000 r-xs 03029000 08:08 1181157    /usr/lib/jvm/java-6-sun-1.6.0.26/jre/lib/rt.jar
7be00000-7bf00000 rwxp 00000000 00:00 0 
7bf00000-7bf03000 r-xs 00000000 08:08 1188900    /var/cache/fontconfig/d60319d88cac85ba9e1a07bd06cfbb8c-le32d4.cache-3
7bf03000-7bf05000 r-xs 0002b000 08:08 1588308    /home/alejo/Dropbox/code/devices3d/lib/base/core/core.jar
7bf05000-7bf07000 r-xs 00002000 08:08 1588307    /home/alejo/Dropbox/code/devices3d/lib/base/core/ant-launcher.jar
7bf07000-7bf1e000 r-xs 0015b000 08:08 1588306    /home/alejo/Dropbox/code/devices3d/lib/base/core/ant.jar
7bf1e000-7bf21000 ---p 00000000 00:00 0 
7bf21000-7bf6f000 rwxp 00000000 00:00 0 
7bf6f000-7bf70000 ---p 00000000 00:00 0 
7bf70000-7bff0000 rwxp 00000000 00:00 0 
7bff0000-7bff1000 ---p 00000000 00:00 0 
7bff1000-7c071000 rwxp 00000000 00:00 0 
7c071000-7c072000 ---p 00000000 00:00 0 
7c072000-7c0f2000 rwxp 00000000 00:00 0 
7c0f2000-7c0f3000 ---p 00000000 00:00 0 
7c0f3000-7c17c000 rwxp 00000000 00:00 0 
7c17c000-7c193000 rwxp 00000000 00:00 0 
7c193000-7c1c7000 rwxp 00000000 00:00 0 
7c1c7000-7c2a5000 rwxp 00000000 00:00 0 
7c2a5000-7c2ae000 rwxp 00000000 00:00 0 
7c2ae000-7c2c5000 rwxp 00000000 00:00 0 
7c2c5000-7c2f9000 rwxp 00000000 00:00 0 
7c2f9000-7c3d6000 rwxp 00000000 00:00 0 
7c3d6000-7c3ed000 rwxp 00000000 00:00 0 
7c3ed000-7c45f000 rwxp 00000000 00:00 0 
7c45f000-7d5a0000 rwxp 00000000 00:00 0 
7d5a0000-80460000 rwxp 00000000 00:00 0 
80460000-86be0000 rwxp 00000000 00:00 0 
86be0000-a2710000 rwxp 00000000 00:00 0 
a2710000-a5410000 rwxp 00000000 00:00 0 
a5410000-b3860000 rwxp 00000000 00:00 0 
b3860000-b3861000 r-xs 00000000 08:08 1188883    /var/cache/fontconfig/4c73fe0c47614734b17d736dbde7580a-le32d4.cache-3
b3861000-b3866000 r-xp 00000000 08:08 1052626    /usr/lib/libXtst.so.6.1.0
b3866000-b3867000 r-xp 00004000 08:08 1052626    /usr/lib/libXtst.so.6.1.0
b3867000-b3868000 rwxp 00005000 08:08 1052626    /usr/lib/libXtst.so.6.1.0
b3868000-b3871000 rwxp 00000000 00:00 0 
b3871000-b3928000 rwxp 00000000 00:00 0 
b3928000-b3b68000 rwxp 00000000 00:00 0 
b3b68000-b6928000 rwxp 00000000 00:00 0 
b6928000-b6933000 r-xp 00000000 08:08 1573836    /lib/i386-linux-gnu/libnss_files-2.13.so
b6933000-b6934000 r-xp 0000a000 08:08 1573836    /lib/i386-linux-gnu/libnss_files-2.13.so
b6934000-b6935000 rwxp 0000b000 08:08 1573836    /lib/i386-linux-gnu/libnss_files-2.13.so
b6935000-b693f000 r-xp 00000000 08:08 1573840    /lib/i386-linux-gnu/libnss_nis-2.13.so
b693f000-b6940000 r-xp 00009000 08:08 1573840    /lib/i386-linux-gnu/libnss_nis-2.13.so
b6940000-b6941000 rwxp 0000a000 08:08 1573840    /lib/i386-linux-gnu/libnss_nis-2.13.so
b6941000-b6956000 r-xp 00000000 08:08 1573830    /lib/i386-linux-gnu/libnsl-2.13.so
b6956000-b6957000 r-xp 00015000 08:08 1573830    /lib/i386-linux-gnu/libnsl-2.13.so
b6957000-b6958000 rwxp 00016000 08:08 1573830    /lib/i386-linux-gnu/libnsl-2.13.so
b6958000-b695a000 rwxp 00000000 00:00 0 
b695a000-b695b000 r-xs 00000000 08:08 1188876    /var/cache/fontconfig/0d8c3b2ac0904cb8a57a757ad11a4a08-le32d4.cache-3
b695b000-b695c000 r-xs 00000000 08:08 1188887    /var/cache/fontconfig/6a53c69dea097a2d716e069445527da8-le32d4.cache-3
b695c000-b695d000 r-xs 00000000 08:08 1193307    /var/cache/fontconfig/4794a0821666d79190d59a36cb4f44b5-le32d4.cache-3
b695d000-b696c000 r-xp 00000000 08:08 1181329    /usr/lib/jvm/java-6-sun-1.6.0.26/jre/lib/i386/libzip.so
b696c000-b696e000 rwxp 0000e000 08:08 1181329    /usr/lib/jvm/java-6-sun-1.6.0.26/jre/lib/i386/libzip.so
b696e000-b6976000 rwxs 00000000 08:08 411610     /tmp/hsperfdata_alejo/15021
b6976000-b6999000 r-xp 00000000 08:08 1181303    /usr/lib/jvm/java-6-sun-1.6.0.26/jre/lib/i386/libjava.so
b6999000-b699b000 rwxp 00023000 08:08 1181303    /usr/lib/jvm/java-6-sun-1.6.0.26/jre/lib/i386/libjava.so
b699b000-b69a2000 r-xp 00000000 08:08 1573859    /lib/i386-linux-gnu/librt-2.13.so
b69a2000-b69a3000 r-xp 00006000 08:08 1573859    /lib/i386-linux-gnu/librt-2.13.so
b69a3000-b69a4000 rwxp 00007000 08:08 1573859    /lib/i386-linux-gnu/librt-2.13.so
b69a4000-b69a7000 ---p 00000000 00:00 0 
b69a7000-b69f5000 rwxp 00000000 00:00 0 
b69f5000-b6a1d000 r-xp 00000000 08:08 1573825    /lib/i386-linux-gnu/libm-2.13.so
b6a1d000-b6a1e000 r-xp 00028000 08:08 1573825    /lib/i386-linux-gnu/libm-2.13.so
b6a1e000-b6a1f000 rwxp 00029000 08:08 1573825    /lib/i386-linux-gnu/libm-2.13.so
b6a1f000-b71d1000 r-xp 00000000 08:08 1181340    /usr/lib/jvm/java-6-sun-1.6.0.26/jre/lib/i386/server/libjvm.so
b71d1000-b7225000 rwxp 007b1000 08:08 1181340    /usr/lib/jvm/java-6-sun-1.6.0.26/jre/lib/i386/server/libjvm.so
b7225000-b7644000 rwxp 00000000 00:00 0 
b7644000-b77ba000 r-xp 00000000 08:08 1573795    /lib/i386-linux-gnu/libc-2.13.so
b77ba000-b77bc000 r-xp 00176000 08:08 1573795    /lib/i386-linux-gnu/libc-2.13.so
b77bc000-b77bd000 rwxp 00178000 08:08 1573795    /lib/i386-linux-gnu/libc-2.13.so
b77bd000-b77c0000 rwxp 00000000 00:00 0 
b77c0000-b77c3000 r-xp 00000000 08:08 1573806    /lib/i386-linux-gnu/libdl-2.13.so
b77c3000-b77c4000 r-xp 00002000 08:08 1573806    /lib/i386-linux-gnu/libdl-2.13.so
b77c4000-b77c5000 rwxp 00003000 08:08 1573806    /lib/i386-linux-gnu/libdl-2.13.so
b77c5000-b77cc000 r-xp 00000000 08:08 1181335    /usr/lib/jvm/java-6-sun-1.6.0.26/jre/lib/i386/jli/libjli.so
b77cc000-b77ce000 rwxp 00006000 08:08 1181335    /usr/lib/jvm/java-6-sun-1.6.0.26/jre/lib/i386/jli/libjli.so
b77ce000-b77cf000 rwxp 00000000 00:00 0 
b77cf000-b77e6000 r-xp 00000000 08:08 1573855    /lib/i386-linux-gnu/libpthread-2.13.so
b77e6000-b77e7000 r-xp 00016000 08:08 1573855    /lib/i386-linux-gnu/libpthread-2.13.so
b77e7000-b77e8000 rwxp 00017000 08:08 1573855    /lib/i386-linux-gnu/libpthread-2.13.so
b77e8000-b77ea000 rwxp 00000000 00:00 0 
b77ea000-b77ec000 r-xp 00000000 08:08 1056402    /usr/lib/i386-linux-gnu/libXau.so.6.0.0
b77ec000-b77ed000 r-xp 00001000 08:08 1056402    /usr/lib/i386-linux-gnu/libXau.so.6.0.0
b77ed000-b77ee000 rwxp 00002000 08:08 1056402    /usr/lib/i386-linux-gnu/libXau.so.6.0.0
b77ee000-b77f6000 r-xp 00000000 08:08 1573832    /lib/i386-linux-gnu/libnss_compat-2.13.so
b77f6000-b77f7000 r-xp 00007000 08:08 1573832    /lib/i386-linux-gnu/libnss_compat-2.13.so
b77f7000-b77f8000 rwxp 00008000 08:08 1573832    /lib/i386-linux-gnu/libnss_compat-2.13.so
b77f8000-b77f9000 rwxp 00000000 00:00 0 
b77f9000-b77fa000 r-xp 00000000 00:00 0 
b77fa000-b7805000 r-xp 00000000 08:08 1181328    /usr/lib/jvm/java-6-sun-1.6.0.26/jre/lib/i386/libverify.so
b7805000-b7806000 rwxp 0000b000 08:08 1181328    /usr/lib/jvm/java-6-sun-1.6.0.26/jre/lib/i386/libverify.so
b7806000-b7808000 rwxp 00000000 00:00 0 
b7808000-b7809000 r-xp 00000000 00:00 0          [vdso]
b7809000-b7827000 r-xp 00000000 08:08 1573782    /lib/i386-linux-gnu/ld-2.13.so
b7827000-b7828000 r-xp 0001d000 08:08 1573782    /lib/i386-linux-gnu/ld-2.13.so
b7828000-b7829000 rwxp 0001e000 08:08 1573782    /lib/i386-linux-gnu/ld-2.13.so
bfa46000-bfa67000 rwxp 00000000 00:00 0          [stack]

VM Arguments:
jvm_args: -Djava.library.path=/home/alejo/Dropbox/code/devices3d/lib/base/core:/home/alejo/Dropbox/code/devices3d/lib/base/core:/home/alejo/Dropbox/code/devices3d/lib/base/core:/home/alejo/Dropbox/code/devices3d/lib/user/SimpleOpenNI:/home/alejo/Dropbox/code/devices3d/lib/user/proscene -Djava.security.policy=java.policy.applet -Dfile.encoding=UTF-8 
java_command: sun.applet.AppletViewer devices3d.Devices3d1333335825017.html
Launcher Type: SUN_STANDARD

Environment Variables:
PATH=/opt/microchip/mplabc32/v2.02/bin:/opt/microchip/mplabc30/v3.30c/bin:/usr/lib/lightdm/lightdm:/usr/local/sbin:/usr/local/bin:/usr/sbin:/usr/bin:/sbin:/bin:/usr/games
USERNAME=alejo
LD_LIBRARY_PATH=/usr/lib/jvm/java-6-sun-1.6.0.26/jre/lib/i386/server:/usr/lib/jvm/java-6-sun-1.6.0.26/jre/lib/i386:/usr/lib/jvm/java-6-sun-1.6.0.26/jre/../lib/i386:/usr/lib/jvm/java-6-sun-1.6.0.26/jre/lib/i386/client:/usr/lib/jvm/java-6-sun-1.6.0.26/jre/lib/i386:
SHELL=/bin/bash
DISPLAY=:0.0

Signal Handlers:
SIGSEGV: [libjvm.so+0x725510], sa_mask[0]=0x7ffbfeff, sa_flags=0x10000004
SIGBUS: [libjvm.so+0x725510], sa_mask[0]=0x7ffbfeff, sa_flags=0x10000004
SIGFPE: [libjvm.so+0x5dff20], sa_mask[0]=0x7ffbfeff, sa_flags=0x10000004
SIGPIPE: [libjvm.so+0x5dff20], sa_mask[0]=0x7ffbfeff, sa_flags=0x10000004
SIGXFSZ: [libjvm.so+0x5dff20], sa_mask[0]=0x7ffbfeff, sa_flags=0x10000004
SIGILL: [libjvm.so+0x5dff20], sa_mask[0]=0x7ffbfeff, sa_flags=0x10000004
SIGUSR1: SIG_DFL, sa_mask[0]=0x00000000, sa_flags=0x00000000
SIGUSR2: [libjvm.so+0x5e3160], sa_mask[0]=0x00000004, sa_flags=0x10000004
SIGHUP: [libjvm.so+0x5e2d40], sa_mask[0]=0x7ffbfeff, sa_flags=0x10000004
SIGINT: [libjvm.so+0x5e2d40], sa_mask[0]=0x7ffbfeff, sa_flags=0x10000004
SIGTERM: [libjvm.so+0x5e2d40], sa_mask[0]=0x7ffbfeff, sa_flags=0x10000004
SIGQUIT: [libjvm.so+0x5e2d40], sa_mask[0]=0x7ffbfeff, sa_flags=0x10000004


---------------  S Y S T E M  ---------------

OS:wheezy/sid

uname:Linux 3.0.0-12-generic #20-Ubuntu SMP Fri Oct 7 14:50:42 UTC 2011 i686
libc:glibc 2.13 NPTL 2.13 
rlimit: STACK 8192k, CORE 0k, NPROC 26110, NOFILE 4096, AS infinity
load average:0.18 0.12 0.11

/proc/meminfo:
MemTotal:        3356112 kB
MemFree:          180508 kB
Buffers:          307580 kB
Cached:           614764 kB
SwapCached:         4532 kB
Active:          1805372 kB
Inactive:         962960 kB
Active(anon):    1443840 kB
Inactive(anon):   422980 kB
Active(file):     361532 kB
Inactive(file):   539980 kB
Unevictable:          16 kB
Mlocked:              16 kB
HighTotal:       2497096 kB
HighFree:          31108 kB
LowTotal:         859016 kB
LowFree:          149400 kB
SwapTotal:      14645240 kB
SwapFree:       14612736 kB
Dirty:               228 kB
Writeback:             0 kB
AnonPages:       1841512 kB
Mapped:           290796 kB
Shmem:             20832 kB
Slab:              86948 kB
SReclaimable:      65908 kB
SUnreclaim:        21040 kB
KernelStack:        5352 kB
PageTables:        21908 kB
NFS_Unstable:          0 kB
Bounce:                0 kB
WritebackTmp:          0 kB
CommitLimit:    16323296 kB
Committed_AS:    5056900 kB
VmallocTotal:     122880 kB
VmallocUsed:       59164 kB
VmallocChunk:      58104 kB
HardwareCorrupted:     0 kB
AnonHugePages:         0 kB
HugePages_Total:       0
HugePages_Free:        0
HugePages_Rsvd:        0
HugePages_Surp:        0
Hugepagesize:       4096 kB
DirectMap4k:       12280 kB
DirectMap4M:      897024 kB


CPU:total 4 (4 cores per cpu, 1 threads per core) family 16 model 4 stepping 3, cmov, cx8, fxsr, mmx, sse, sse2, sse3, popcnt, mmxext, 3dnow, 3dnowext, lzcnt, sse4a

/proc/cpuinfo:
processor	: 0
vendor_id	: AuthenticAMD
cpu family	: 16
model		: 4
model name	: AMD Phenom(tm) II X4 945 Processor
stepping	: 3
cpu MHz		: 3010.708
cache size	: 512 KB
physical id	: 0
siblings	: 4
core id		: 0
cpu cores	: 4
apicid		: 0
initial apicid	: 0
fdiv_bug	: no
hlt_bug		: no
f00f_bug	: no
coma_bug	: no
fpu		: yes
fpu_exception	: yes
cpuid level	: 5
wp		: yes
flags		: fpu vme de pse tsc msr pae mce cx8 apic mtrr pge mca cmov pat pse36 clflush mmx fxsr sse sse2 ht syscall nx mmxext fxsr_opt pdpe1gb rdtscp lm 3dnowext 3dnow constant_tsc nonstop_tsc extd_apicid pni monitor cx16 popcnt lahf_lm cmp_legacy svm extapic cr8_legacy abm sse4a misalignsse 3dnowprefetch osvw ibs skinit wdt npt lbrv svm_lock nrip_save
bogomips	: 6021.41
clflush size	: 64
cache_alignment	: 64
address sizes	: 48 bits physical, 48 bits virtual
power management: ts ttp tm stc 100mhzsteps hwpstate

processor	: 1
vendor_id	: AuthenticAMD
cpu family	: 16
model		: 4
model name	: AMD Phenom(tm) II X4 945 Processor
stepping	: 3
cpu MHz		: 3010.708
cache size	: 512 KB
physical id	: 0
siblings	: 4
core id		: 1
cpu cores	: 4
apicid		: 1
initial apicid	: 1
fdiv_bug	: no
hlt_bug		: no
f00f_bug	: no
coma_bug	: no
fpu		: yes
fpu_exception	: yes
cpuid level	: 5
wp		: yes
flags		: fpu vme de pse tsc msr pae mce cx8 apic mtrr pge mca cmov pat pse36 clflush mmx fxsr sse sse2 ht syscall nx mmxext fxsr_opt pdpe1gb rdtscp lm 3dnowext 3dnow constant_tsc nonstop_tsc extd_apicid pni monitor cx16 popcnt lahf_lm cmp_legacy svm extapic cr8_legacy abm sse4a misalignsse 3dnowprefetch osvw ibs skinit wdt npt lbrv svm_lock nrip_save
bogomips	: 6020.55
clflush size	: 64
cache_alignment	: 64
address sizes	: 48 bits physical, 48 bits virtual
power management: ts ttp tm stc 100mhzsteps hwpstate

processor	: 2
vendor_id	: AuthenticAMD
cpu family	: 16
model		: 4
model name	: AMD Phenom(tm) II X4 945 Processor
stepping	: 3
cpu MHz		: 3010.708
cache size	: 512 KB
physical id	: 0
siblings	: 4
core id		: 2
cpu cores	: 4
apicid		: 2
initial apicid	: 2
fdiv_bug	: no
hlt_bug		: no
f00f_bug	: no
coma_bug	: no
fpu		: yes
fpu_exception	: yes
cpuid level	: 5
wp		: yes
flags		: fpu vme de pse tsc msr pae mce cx8 apic mtrr pge mca cmov pat pse36 clflush mmx fxsr sse sse2 ht syscall nx mmxext fxsr_opt pdpe1gb rdtscp lm 3dnowext 3dnow constant_tsc nonstop_tsc extd_apicid pni monitor cx16 popcnt lahf_lm cmp_legacy svm extapic cr8_legacy abm sse4a misalignsse 3dnowprefetch osvw ibs skinit wdt npt lbrv svm_lock nrip_save
bogomips	: 6020.54
clflush size	: 64
cache_alignment	: 64
address sizes	: 48 bits physical, 48 bits virtual
power management: ts ttp tm stc 100mhzsteps hwpstate

processor	: 3
vendor_id	: AuthenticAMD
cpu family	: 16
model		: 4
model name	: AMD Phenom(tm) II X4 945 Processor
stepping	: 3
cpu MHz		: 3010.708
cache size	: 512 KB
physical id	: 0
siblings	: 4
core id		: 3
cpu cores	: 4
apicid		: 3
initial apicid	: 3
fdiv_bug	: no
hlt_bug		: no
f00f_bug	: no
coma_bug	: no
fpu		: yes
fpu_exception	: yes
cpuid level	: 5
wp		: yes
flags		: fpu vme de pse tsc msr pae mce cx8 apic mtrr pge mca cmov pat pse36 clflush mmx fxsr sse sse2 ht syscall nx mmxext fxsr_opt pdpe1gb rdtscp lm 3dnowext 3dnow constant_tsc nonstop_tsc extd_apicid pni monitor cx16 popcnt lahf_lm cmp_legacy svm extapic cr8_legacy abm sse4a misalignsse 3dnowprefetch osvw ibs skinit wdt npt lbrv svm_lock nrip_save
bogomips	: 6020.55
clflush size	: 64
cache_alignment	: 64
address sizes	: 48 bits physical, 48 bits virtual
power management: ts ttp tm stc 100mhzsteps hwpstate



Memory: 4k page, physical 3356112k(180508k free), swap 14645240k(14612736k free)

vm_info: Java HotSpot(TM) Server VM (20.1-b02) for linux-x86 JRE (1.6.0_26-b03), built on May  4 2011 01:04:10 by "java_re" with gcc 3.2.1-7a (J2SE release)

time: Sun Apr  1 22:03:47 2012
elapsed time: 2 seconds

