#
# A fatal error has been detected by the Java Runtime Environment:
#
#  SIGSEGV (0xb) at pc=0x7aacbd5a, pid=7894, tid=2061552496
#
# JRE version: 6.0_26-b03
# Java VM: Java HotSpot(TM) Server VM (20.1-b02 mixed mode linux-x86 )
# Problematic frame:
# C  [libOpenNI.so+0x33d5a]  long long+0x1a
#
# If you would like to submit a bug report, please visit:
#   http://java.sun.com/webapps/bugreport/crash.jsp
# The crash happened outside the Java Virtual Machine in native code.
# See problematic frame for where to report the bug.
#

---------------  T H R E A D  ---------------

Current thread (0x7b29f000):  JavaThread "Animation Thread" [_thread_in_native, id=7920, stack(0x7adbc000,0x7ae0d000)]

siginfo:si_signo=SIGSEGV: si_errno=0, si_code=1 (SEGV_MAPERR), si_addr=0x00000000

Registers:
EAX=0x00000000, EBX=0x7ab15ff4, ECX=0x00000001, EDX=0x7afd00e8
ESP=0x7ae0bcc0, EBP=0x7ae0bce8, ESI=0x00000000, EDI=0x7b29f000
EIP=0x7aacbd5a, EFLAGS=0x00010202, CR2=0x00000000

Top of Stack: (sp=0x7ae0bcc0)
0x7ae0bcc0:   7aa9adec 7abfcff4 7ccb8818 7b29f000
0x7ae0bcd0:   7ae0bd08 b7872c30 7afd00e8 7aacbd40
0x7ae0bce0:   7abfcff4 7ccb8818 7ae0bd08 7abb298c
0x7ae0bcf0:   00000000 7afd00e8 7afd00e8 7abb2966
0x7ae0bd00:   7afd0078 7abfcff4 7ae0bd38 7abb96f1
0x7ae0bd10:   7afd0078 7afd00e8 00000000 00000000
0x7ae0bd20:   7ae0bd58 b7872c30 7b29f000 7abb9601
0x7ae0bd30:   7abfcff4 7ccb8818 7ae0bd58 7abb9825 

Instructions: (pc=0x7aacbd5a)
0x7aacbd3a:   bc 27 00 00 00 00 55 89 e5 83 ec 28 89 75 fc 8b
0x7aacbd4a:   75 08 89 5d f8 e8 13 a8 fd ff 81 c3 a0 a2 04 00
0x7aacbd5a:   8b 06 8b 50 08 85 d2 74 0c 8b 40 04 8b 00 a9 00
0x7aacbd6a:   00 01 00 75 11 8b 5d f8 b8 12 00 01 00 8b 75 fc 

Register to memory mapping:

EAX=0x00000000 is an unknown value
EBX=0x7ab15ff4: <offset 0x7dff4> in /usr/lib/libOpenNI.so at 0x7aa98000
ECX=0x00000001 is an unknown value
EDX=0x7afd00e8 is an unknown value
ESP=0x7ae0bcc0 is pointing into the stack for thread: 0x7b29f000
EBP=0x7ae0bce8 is pointing into the stack for thread: 0x7b29f000
ESI=0x00000000 is an unknown value
EDI=0x7b29f000 is a thread


Stack: [0x7adbc000,0x7ae0d000],  sp=0x7ae0bcc0,  free space=319k
Native frames: (J=compiled Java code, j=interpreted, Vv=VM code, C=native code)
C  [libOpenNI.so+0x33d5a]  long long+0x1a
C  [libSimpleOpenNI.so+0x9a98c]  xn::MapGenerator::SetMapOutputMode(XnMapOutputMode const&)+0x26
C  [libSimpleOpenNI.so+0xa16f1]  sOpenNI::ContextWrapper::createDepth(bool)+0xdb
C  [libSimpleOpenNI.so+0xa1825]  sOpenNI::ContextWrapper::enableDepth()+0x6b
C  [libSimpleOpenNI.so+0x848c6]  Java_SimpleOpenNI_SimpleOpenNIJNI_ContextWrapper_1enableDepthSwigExplicitContextWrapper_1_1SWIG_10+0x3c
j  SimpleOpenNI.SimpleOpenNIJNI.ContextWrapper_enableDepthSwigExplicitContextWrapper__SWIG_0(JLSimpleOpenNI/ContextWrapper;)Z+0
j  SimpleOpenNI.ContextWrapper.enableDepth()Z+26
j  SimpleOpenNI.SimpleOpenNI.enableDepth()Z+1
j  remixlab.devices.Kinect.<init>(Lprocessing/core/PApplet;Lremixlab/proscene/Scene;)V+56
j  devices3d.Devices3d.setup()V+266
j  processing.core.PApplet.handleDraw()V+65
j  processing.core.PApplet.run()V+72
j  java.lang.Thread.run()V+11
v  ~StubRoutines::call_stub
V  [libjvm.so+0x3dff01]  JavaCalls::call_helper(JavaValue*, methodHandle*, JavaCallArguments*, Thread*)+0x1c1
V  [libjvm.so+0x5e1298]  os::os_exception_wrapper(void (*)(JavaValue*, methodHandle*, JavaCallArguments*, Thread*), JavaValue*, methodHandle*, JavaCallArguments*, Thread*)+0x18
V  [libjvm.so+0x3df775]  JavaCalls::call_virtual(JavaValue*, KlassHandle, symbolHandle, symbolHandle, JavaCallArguments*, Thread*)+0xc5
V  [libjvm.so+0x3df838]  JavaCalls::call_virtual(JavaValue*, Handle, KlassHandle, symbolHandle, symbolHandle, Thread*)+0x58
V  [libjvm.so+0x4642d7]  thread_entry(JavaThread*, Thread*)+0xa7
V  [libjvm.so+0x6e16bf]  JavaThread::run()+0x11f
V  [libjvm.so+0x5e2aee]  java_start(Thread*)+0x14e
C  [libpthread.so.0+0x6d31]  short+0xd1

Java frames: (J=compiled Java code, j=interpreted, Vv=VM code)
j  SimpleOpenNI.SimpleOpenNIJNI.ContextWrapper_enableDepthSwigExplicitContextWrapper__SWIG_0(JLSimpleOpenNI/ContextWrapper;)Z+0
j  SimpleOpenNI.ContextWrapper.enableDepth()Z+26
j  SimpleOpenNI.SimpleOpenNI.enableDepth()Z+1
j  remixlab.devices.Kinect.<init>(Lprocessing/core/PApplet;Lremixlab/proscene/Scene;)V+56
j  devices3d.Devices3d.setup()V+266
j  processing.core.PApplet.handleDraw()V+65
j  processing.core.PApplet.run()V+72
j  java.lang.Thread.run()V+11
v  ~StubRoutines::call_stub

---------------  P R O C E S S  ---------------

Java Threads: ( => current thread )
=>0x7b29f000 JavaThread "Animation Thread" [_thread_in_native, id=7920, stack(0x7adbc000,0x7ae0d000)]
  0x09a1e400 JavaThread "AWT-EventQueue-1" [_thread_blocked, id=7919, stack(0x7ae0d000,0x7ae5e000)]
  0x09715c00 JavaThread "DestroyJavaVM" [_thread_blocked, id=7899, stack(0xb69fa000,0xb6a4b000)]
  0x099b3c00 JavaThread "AWT-EventQueue-0" [_thread_blocked, id=7917, stack(0x7ae5e000,0x7aeaf000)]
  0x099b2000 JavaThread "AWT-Shutdown" [_thread_blocked, id=7916, stack(0x7aeaf000,0x7af00000)]
  0x0991b000 JavaThread "thread applet-devices3d.Devices3d.class" [_thread_blocked, id=7915, stack(0x7b0b9000,0x7b10a000)]
  0x09917000 JavaThread "AWT-XAWT" daemon [_thread_in_native, id=7913, stack(0x7b10a000,0x7b15b000)]
  0x7b21a800 JavaThread "Java2D Disposer" daemon [_thread_blocked, id=7912, stack(0x7b1af000,0x7b200000)]
  0x7bc04c00 JavaThread "Low Memory Detector" daemon [_thread_blocked, id=7910, stack(0x7b69a000,0x7b6eb000)]
  0x7bc02800 JavaThread "C2 CompilerThread1" daemon [_thread_blocked, id=7909, stack(0x7b6eb000,0x7b76c000)]
  0x7bc00800 JavaThread "C2 CompilerThread0" daemon [_thread_blocked, id=7908, stack(0x7b76c000,0x7b7ed000)]
  0x097cb400 JavaThread "Signal Dispatcher" daemon [_thread_blocked, id=7907, stack(0x7b7ed000,0x7b83e000)]
  0x097bd000 JavaThread "Finalizer" daemon [_thread_blocked, id=7906, stack(0x7bbaf000,0x7bc00000)]
  0x097b8400 JavaThread "Reference Handler" daemon [_thread_blocked, id=7905, stack(0x7bd21000,0x7bd72000)]

Other Threads:
  0x097b4800 VMThread [stack: 0x7bd72000,0x7bdf3000] [id=7904]
  0x7bc0ec00 WatcherThread [stack: 0x7b619000,0x7b69a000] [id=7911]

VM state:not at safepoint (normal execution)

VM Mutex/Monitor currently owned by a thread: None

Heap
 PSYoungGen      total 15296K, used 10293K [0xa2760000, 0xa4540000, 0xb38b0000)
  eden space 13120K, 66% used [0xa2760000,0xa2fd9060,0xa3430000)
  from space 2176K, 74% used [0xa3430000,0xa35c46b8,0xa3650000)
  to   space 2176K, 0% used [0xa4320000,0xa4320000,0xa4540000)
 PSOldGen        total 35008K, used 5968K [0x804b0000, 0x826e0000, 0xa2760000)
  object space 35008K, 17% used [0x804b0000,0x80a84310,0x826e0000)
 PSPermGen       total 16384K, used 8346K [0x7c4b0000, 0x7d4b0000, 0x804b0000)
  object space 16384K, 50% used [0x7c4b0000,0x7ccd6a88,0x7d4b0000)

Code Cache  [0xb397e000, 0xb3bbe000, 0xb697e000)
 total_blobs=329 nmethods=40 adapters=244 free_code_cache=49887168 largest_free_block=11776

Dynamic libraries:
08048000-08052000 r-xp 00000000 08:08 1181081    /usr/lib/jvm/java-6-sun-1.6.0.26/jre/bin/java
08052000-08053000 rwxp 00009000 08:08 1181081    /usr/lib/jvm/java-6-sun-1.6.0.26/jre/bin/java
0970f000-09b67000 rwxp 00000000 00:00 0          [heap]
793b1000-7943a000 r-xp 00000000 08:08 1070238    /usr/lib/libXnDeviceSensorV2KM.so
7943a000-79443000 r-xp 00088000 08:08 1070238    /usr/lib/libXnDeviceSensorV2KM.so
79443000-79444000 rwxp 00091000 08:08 1070238    /usr/lib/libXnDeviceSensorV2KM.so
79444000-79524000 r-xp 00000000 08:08 1064091    /usr/lib/libXnVHandGenerator_1_5_0.so
79524000-79527000 r-xp 000df000 08:08 1064091    /usr/lib/libXnVHandGenerator_1_5_0.so
79527000-79528000 rwxp 000e2000 08:08 1064091    /usr/lib/libXnVHandGenerator_1_5_0.so
79528000-79534000 rwxp 00000000 00:00 0 
79534000-79927000 r-xp 00000000 08:08 1064087    /usr/lib/libXnVFeatures_1_5_0.so
79927000-79928000 ---p 003f3000 08:08 1064087    /usr/lib/libXnVFeatures_1_5_0.so
79928000-79930000 r-xp 003f3000 08:08 1064087    /usr/lib/libXnVFeatures_1_5_0.so
79930000-79931000 rwxp 003fb000 08:08 1064087    /usr/lib/libXnVFeatures_1_5_0.so
79931000-79945000 rwxp 00000000 00:00 0 
79945000-79972000 r-xp 00000000 08:08 1064003    /usr/lib/libXnDeviceFile.so
79972000-79973000 r-xp 0002d000 08:08 1064003    /usr/lib/libXnDeviceFile.so
79973000-79974000 rwxp 0002e000 08:08 1064003    /usr/lib/libXnDeviceFile.so
79974000-799c6000 r-xp 00000000 08:08 1064002    /usr/lib/libXnDDK.so
799c6000-799c8000 r-xp 00051000 08:08 1064002    /usr/lib/libXnDDK.so
799c8000-799c9000 rwxp 00053000 08:08 1064002    /usr/lib/libXnDDK.so
799c9000-799ed000 r-xp 00000000 08:08 1064005    /usr/lib/libXnFormats.so
799ed000-799ee000 r-xp 00023000 08:08 1064005    /usr/lib/libXnFormats.so
799ee000-799ef000 rwxp 00024000 08:08 1064005    /usr/lib/libXnFormats.so
799ef000-79a0f000 rwxp 00000000 00:00 0 
79a2b000-79ac4000 r-xp 00000000 08:08 1064004    /usr/lib/libXnDeviceSensorV2.so
79ac4000-79acd000 r-xp 00098000 08:08 1064004    /usr/lib/libXnDeviceSensorV2.so
79acd000-79ace000 rwxp 000a1000 08:08 1064004    /usr/lib/libXnDeviceSensorV2.so
79ace000-79bb1000 r-xp 00000000 08:08 1064000    /usr/lib/libXnVHandGenerator_1_5_2.so
79bb1000-79bb4000 r-xp 000e3000 08:08 1064000    /usr/lib/libXnVHandGenerator_1_5_2.so
79bb4000-79bb5000 rwxp 000e6000 08:08 1064000    /usr/lib/libXnVHandGenerator_1_5_2.so
79bb5000-79bc1000 rwxp 00000000 00:00 0 
79bc1000-79c96000 r-xp 00000000 08:08 1063997    /usr/lib/libXnVHandGenerator_1_4_2.so
79c96000-79c97000 ---p 000d5000 08:08 1063997    /usr/lib/libXnVHandGenerator_1_4_2.so
79c97000-79c99000 r-xp 000d5000 08:08 1063997    /usr/lib/libXnVHandGenerator_1_4_2.so
79c99000-79c9a000 rwxp 000d7000 08:08 1063997    /usr/lib/libXnVHandGenerator_1_4_2.so
79c9a000-79c9c000 rwxp 00000000 00:00 0 
79c9c000-79d70000 r-xp 00000000 08:08 1063994    /usr/lib/libXnVHandGenerator_1_4_1.so
79d70000-79d71000 ---p 000d4000 08:08 1063994    /usr/lib/libXnVHandGenerator_1_4_1.so
79d71000-79d73000 r-xp 000d4000 08:08 1063994    /usr/lib/libXnVHandGenerator_1_4_1.so
79d73000-79d74000 rwxp 000d6000 08:08 1063994    /usr/lib/libXnVHandGenerator_1_4_1.so
79d74000-79d76000 rwxp 00000000 00:00 0 
79d76000-79e54000 r-xp 00000000 08:08 1063991    /usr/lib/libXnVHandGenerator_1_3_1.so
79e54000-79e57000 r-xp 000dd000 08:08 1063991    /usr/lib/libXnVHandGenerator_1_3_1.so
79e57000-79e58000 rwxp 000e0000 08:08 1063991    /usr/lib/libXnVHandGenerator_1_3_1.so
79e58000-79e5a000 rwxp 00000000 00:00 0 
79e5a000-7a25b000 r-xp 00000000 08:08 1063984    /usr/lib/libXnVFeatures_1_5_2.so
7a25b000-7a25c000 ---p 00401000 08:08 1063984    /usr/lib/libXnVFeatures_1_5_2.so
7a25c000-7a264000 r-xp 00401000 08:08 1063984    /usr/lib/libXnVFeatures_1_5_2.so
7a264000-7a265000 rwxp 00409000 08:08 1063984    /usr/lib/libXnVFeatures_1_5_2.so
7a265000-7a279000 rwxp 00000000 00:00 0 
7a279000-7a460000 r-xp 00000000 08:08 1063973    /usr/lib/libXnVFeatures_1_4_2.so
7a460000-7a463000 r-xp 001e6000 08:08 1063973    /usr/lib/libXnVFeatures_1_4_2.so
7a463000-7a464000 rwxp 001e9000 08:08 1063973    /usr/lib/libXnVFeatures_1_4_2.so
7a464000-7a469000 rwxp 00000000 00:00 0 
7a469000-7a650000 r-xp 00000000 08:08 1063968    /usr/lib/libXnVFeatures_1_4_1.so
7a650000-7a653000 r-xp 001e6000 08:08 1063968    /usr/lib/libXnVFeatures_1_4_1.so
7a653000-7a654000 rwxp 001e9000 08:08 1063968    /usr/lib/libXnVFeatures_1_4_1.so
7a654000-7a659000 rwxp 00000000 00:00 0 
7a659000-7a877000 r-xp 00000000 08:08 1063963    /usr/lib/libXnVFeatures_1_3_1.so
7a877000-7a878000 ---p 0021e000 08:08 1063963    /usr/lib/libXnVFeatures_1_3_1.so
7a878000-7a87b000 r-xp 0021e000 08:08 1063963    /usr/lib/libXnVFeatures_1_3_1.so
7a87b000-7a87c000 rwxp 00221000 08:08 1063963    /usr/lib/libXnVFeatures_1_3_1.so
7a87c000-7a881000 rwxp 00000000 00:00 0 
7a881000-7a8b5000 r-xp 00000000 08:08 1063811    /usr/lib/libnimCodecs.so
7a8b5000-7a8b6000 ---p 00034000 08:08 1063811    /usr/lib/libnimCodecs.so
7a8b6000-7a8b8000 r-xp 00034000 08:08 1063811    /usr/lib/libnimCodecs.so
7a8b8000-7a8b9000 rwxp 00036000 08:08 1063811    /usr/lib/libnimCodecs.so
7a8b9000-7a8d9000 rwxp 00000000 00:00 0 
7a8d9000-7a9b7000 r-xp 00000000 08:08 1056768    /usr/lib/i386-linux-gnu/libstdc++.so.6.0.16
7a9b7000-7a9b8000 ---p 000de000 08:08 1056768    /usr/lib/i386-linux-gnu/libstdc++.so.6.0.16
7a9b8000-7a9bc000 r-xp 000de000 08:08 1056768    /usr/lib/i386-linux-gnu/libstdc++.so.6.0.16
7a9bc000-7a9bd000 rwxp 000e2000 08:08 1056768    /usr/lib/i386-linux-gnu/libstdc++.so.6.0.16
7a9bd000-7a9c4000 rwxp 00000000 00:00 0 
7a9c4000-7aa94000 r-xp 00000000 08:08 1063882    /usr/lib/libXnVNite_1_3_1.so
7aa94000-7aa97000 r-xp 000cf000 08:08 1063882    /usr/lib/libXnVNite_1_3_1.so
7aa97000-7aa98000 rwxp 000d2000 08:08 1063882    /usr/lib/libXnVNite_1_3_1.so
7aa98000-7ab14000 r-xp 00000000 08:08 1063815    /usr/lib/libOpenNI.so
7ab14000-7ab16000 r-xp 0007c000 08:08 1063815    /usr/lib/libOpenNI.so
7ab16000-7ab18000 rwxp 0007e000 08:08 1063815    /usr/lib/libOpenNI.so
7ab18000-7abfa000 r-xp 00000000 08:08 1199735    /home/alejo/Dropbox/code/devices3d/lib/user/SimpleOpenNI/libSimpleOpenNI.so
7abfa000-7abfb000 ---p 000e2000 08:08 1199735    /home/alejo/Dropbox/code/devices3d/lib/user/SimpleOpenNI/libSimpleOpenNI.so
7abfb000-7abfd000 r-xp 000e2000 08:08 1199735    /home/alejo/Dropbox/code/devices3d/lib/user/SimpleOpenNI/libSimpleOpenNI.so
7abfd000-7ac00000 rwxp 000e4000 08:08 1199735    /home/alejo/Dropbox/code/devices3d/lib/user/SimpleOpenNI/libSimpleOpenNI.so
7ac00000-7ac57000 rwxp 00000000 00:00 0 
7ac57000-7ad00000 ---p 00000000 00:00 0 
7ad0e000-7ad31000 r-xp 00000000 08:08 1063813    /usr/lib/libnimRecorder.so
7ad31000-7ad32000 r-xp 00023000 08:08 1063813    /usr/lib/libnimRecorder.so
7ad32000-7ad33000 rwxp 00024000 08:08 1063813    /usr/lib/libnimRecorder.so
7ad33000-7ad64000 r-xp 00000000 08:08 1063812    /usr/lib/libnimMockNodes.so
7ad64000-7ad6a000 r-xp 00031000 08:08 1063812    /usr/lib/libnimMockNodes.so
7ad6a000-7ad6b000 rwxp 00037000 08:08 1063812    /usr/lib/libnimMockNodes.so
7ad6b000-7ad6e000 ---p 00000000 00:00 0 
7ad6e000-7adbc000 rwxp 00000000 00:00 0 
7adbc000-7adbf000 ---p 00000000 00:00 0 
7adbf000-7ae0d000 rwxp 00000000 00:00 0 
7ae0d000-7ae10000 ---p 00000000 00:00 0 
7ae10000-7ae5e000 rwxp 00000000 00:00 0 
7ae5e000-7ae61000 ---p 00000000 00:00 0 
7ae61000-7aeaf000 rwxp 00000000 00:00 0 
7aeaf000-7aeb2000 ---p 00000000 00:00 0 
7aeb2000-7af00000 rwxp 00000000 00:00 0 
7af00000-7b000000 rwxp 00000000 00:00 0 
7b00c000-7b028000 r-xp 00000000 08:08 1573816    /lib/i386-linux-gnu/libgcc_s.so.1
7b028000-7b029000 r-xp 0001b000 08:08 1573816    /lib/i386-linux-gnu/libgcc_s.so.1
7b029000-7b02a000 rwxp 0001c000 08:08 1573816    /lib/i386-linux-gnu/libgcc_s.so.1
7b02a000-7b02b000 r-xs 00000000 08:08 1188895    /var/cache/fontconfig/c05880de57d1f5e948fdfacc138775d9-le32d4.cache-3
7b02b000-7b031000 r-xs 00000000 08:08 1188892    /var/cache/fontconfig/945677eb7aeaf62f1d50efc3fb3ec7d8-le32d4.cache-3
7b031000-7b033000 r-xs 00000000 08:08 1188893    /var/cache/fontconfig/99e8ed0e538f840c565b6ed5dad60d56-le32d4.cache-3
7b033000-7b036000 r-xs 00000000 08:08 1206717    /var/cache/fontconfig/e383d7ea5fbe662a33d9b44caf393297-le32d4.cache-3
7b036000-7b039000 r-xs 00000000 08:08 1188879    /var/cache/fontconfig/2cd17615ca594fa2959ae173292e504c-le32d4.cache-3
7b039000-7b03a000 r-xs 00000000 08:08 1188903    /var/cache/fontconfig/e7071f4a29fa870f4323321c154eba04-le32d4.cache-3
7b03a000-7b03c000 r-xs 00000000 08:08 1191776    /var/cache/fontconfig/b5ea634b0fb353b8ea17632d1f9ef766-le32d4.cache-3
7b03c000-7b040000 r-xs 00000000 08:08 1188894    /var/cache/fontconfig/a755afe4a08bf5b97852ceb7400b47bc-le32d4.cache-3
7b040000-7b044000 r-xs 00000000 08:08 1188884    /var/cache/fontconfig/515ca1ebc4b18308bea979be5704f9db-le32d4.cache-3
7b044000-7b04b000 r-xs 00000000 08:08 1188888    /var/cache/fontconfig/6d41288fd70b0be22e8c3a91e032eec0-le32d4.cache-3
7b04b000-7b06d000 r-xs 00000000 08:08 1206716    /var/cache/fontconfig/365b55f210c0a22e9a19e35191240f32-le32d4.cache-3
7b06d000-7b07a000 r-xs 00000000 08:08 1188899    /var/cache/fontconfig/d52a8644073d54c13679302ca1180695-le32d4.cache-3
7b07a000-7b088000 r-xs 00000000 08:08 1190496    /var/cache/fontconfig/e13b20fdb08344e0e664864cc2ede53d-le32d4.cache-3
7b089000-7b094000 r-xp 00000000 08:08 408705     /opt/microchip/mplabx/mplab_ide/mplablibs/modules/lib/libusb-1.0.so.0.0.0
7b094000-7b095000 rwxp 0000a000 08:08 408705     /opt/microchip/mplabx/mplab_ide/mplablibs/modules/lib/libusb-1.0.so.0.0.0
7b0b0000-7b0b1000 rwxp 00000000 00:00 0 
7b0b1000-7b0b8000 r-xp 00000000 08:08 1181319    /usr/lib/jvm/java-6-sun-1.6.0.26/jre/lib/i386/libnio.so
7b0b8000-7b0b9000 rwxp 00006000 08:08 1181319    /usr/lib/jvm/java-6-sun-1.6.0.26/jre/lib/i386/libnio.so
7b0b9000-7b0bc000 ---p 00000000 00:00 0 
7b0bc000-7b10a000 rwxp 00000000 00:00 0 
7b10a000-7b10d000 ---p 00000000 00:00 0 
7b10d000-7b15b000 rwxp 00000000 00:00 0 
7b15b000-7b15f000 r-xp 00000000 08:08 1056426    /usr/lib/i386-linux-gnu/libXfixes.so.3.1.0
7b15f000-7b160000 r-xp 00003000 08:08 1056426    /usr/lib/i386-linux-gnu/libXfixes.so.3.1.0
7b160000-7b161000 rwxp 00004000 08:08 1056426    /usr/lib/i386-linux-gnu/libXfixes.so.3.1.0
7b161000-7b16a000 r-xp 00000000 08:08 1056446    /usr/lib/i386-linux-gnu/libXrender.so.1.3.0
7b16a000-7b16b000 r-xp 00008000 08:08 1056446    /usr/lib/i386-linux-gnu/libXrender.so.1.3.0
7b16b000-7b16c000 rwxp 00009000 08:08 1056446    /usr/lib/i386-linux-gnu/libXrender.so.1.3.0
7b16c000-7b175000 r-xp 00000000 08:08 1056410    /usr/lib/i386-linux-gnu/libXcursor.so.1.0.2
7b175000-7b176000 r-xp 00008000 08:08 1056410    /usr/lib/i386-linux-gnu/libXcursor.so.1.0.2
7b176000-7b177000 rwxp 00009000 08:08 1056410    /usr/lib/i386-linux-gnu/libXcursor.so.1.0.2
7b177000-7b17a000 r-xp 00000000 08:08 1064001    /usr/lib/libXnCore.so
7b17a000-7b17b000 r-xp 00002000 08:08 1064001    /usr/lib/libXnCore.so
7b17b000-7b17c000 rwxp 00003000 08:08 1064001    /usr/lib/libXnCore.so
7b17c000-7b17d000 r-xp 00000000 08:08 1181308    /usr/lib/jvm/java-6-sun-1.6.0.26/jre/lib/i386/libjawt.so
7b17d000-7b17e000 rwxp 00000000 08:08 1181308    /usr/lib/jvm/java-6-sun-1.6.0.26/jre/lib/i386/libjawt.so
7b17e000-7b192000 r-xp 00000000 08:08 1181318    /usr/lib/jvm/java-6-sun-1.6.0.26/jre/lib/i386/libnet.so
7b192000-7b193000 rwxp 00013000 08:08 1181318    /usr/lib/jvm/java-6-sun-1.6.0.26/jre/lib/i386/libnet.so
7b193000-7b19e000 r-xs 00000000 08:08 1188877    /var/cache/fontconfig/0f34bcd4b6ee430af32735b75db7f02b-le32d4.cache-3
7b19e000-7b1a1000 r-xs 00000000 08:08 1206715    /var/cache/fontconfig/7ef2298fde41cc6eeb7af42e48b7d293-le32d4.cache-3
7b1a1000-7b1af000 r-xs 00000000 08:08 1190505    /var/cache/fontconfig/865f88548240fee46819705c6468c165-le32d4.cache-3
7b1af000-7b1b2000 ---p 00000000 00:00 0 
7b1b2000-7b200000 rwxp 00000000 00:00 0 
7b200000-7b2fc000 rwxp 00000000 00:00 0 
7b2fc000-7b300000 ---p 00000000 00:00 0 
7b301000-7b305000 r-xs 00000000 08:08 1188889    /var/cache/fontconfig/6eb3985aa4124903f6ff08ba781cd364-le32d4.cache-3
7b305000-7b37e000 r-xp 00000000 08:08 1181295    /usr/lib/jvm/java-6-sun-1.6.0.26/jre/lib/i386/libfontmanager.so
7b37e000-7b388000 rwxp 00078000 08:08 1181295    /usr/lib/jvm/java-6-sun-1.6.0.26/jre/lib/i386/libfontmanager.so
7b388000-7b38d000 rwxp 00000000 00:00 0 
7b38d000-7b3a4000 r-xs 0015b000 08:08 1199687    /home/alejo/Dropbox/code/devices3d/lib/base/core/ant.jar
7b3a4000-7b3a9000 r-xp 00000000 08:08 1056418    /usr/lib/i386-linux-gnu/libXdmcp.so.6.0.0
7b3a9000-7b3aa000 r-xp 00004000 08:08 1056418    /usr/lib/i386-linux-gnu/libXdmcp.so.6.0.0
7b3aa000-7b3ab000 rwxp 00005000 08:08 1056418    /usr/lib/i386-linux-gnu/libXdmcp.so.6.0.0
7b3ab000-7b3c8000 r-xp 00000000 08:08 1056813    /usr/lib/i386-linux-gnu/libxcb.so.1.1.0
7b3c8000-7b3c9000 r-xp 0001c000 08:08 1056813    /usr/lib/i386-linux-gnu/libxcb.so.1.1.0
7b3c9000-7b3ca000 rwxp 0001d000 08:08 1056813    /usr/lib/i386-linux-gnu/libxcb.so.1.1.0
7b3ca000-7b3d8000 r-xp 00000000 08:08 1056434    /usr/lib/i386-linux-gnu/libXi.so.6.1.0
7b3d8000-7b3d9000 r-xp 0000d000 08:08 1056434    /usr/lib/i386-linux-gnu/libXi.so.6.1.0
7b3d9000-7b3da000 rwxp 0000e000 08:08 1056434    /usr/lib/i386-linux-gnu/libXi.so.6.1.0
7b3da000-7b50b000 r-xp 00000000 08:08 1056398    /usr/lib/i386-linux-gnu/libX11.so.6.3.0
7b50b000-7b50c000 ---p 00131000 08:08 1056398    /usr/lib/i386-linux-gnu/libX11.so.6.3.0
7b50c000-7b50d000 r-xp 00131000 08:08 1056398    /usr/lib/i386-linux-gnu/libX11.so.6.3.0
7b50d000-7b50f000 rwxp 00132000 08:08 1056398    /usr/lib/i386-linux-gnu/libX11.so.6.3.0
7b50f000-7b510000 rwxp 00000000 00:00 0 
7b510000-7b521000 r-xp 00000000 08:08 1056422    /usr/lib/i386-linux-gnu/libXext.so.6.4.0
7b521000-7b522000 r-xp 00010000 08:08 1056422    /usr/lib/i386-linux-gnu/libXext.so.6.4.0
7b522000-7b523000 rwxp 00011000 08:08 1056422    /usr/lib/i386-linux-gnu/libXext.so.6.4.0
7b523000-7b566000 r-xp 00000000 08:08 1181341    /usr/lib/jvm/java-6-sun-1.6.0.26/jre/lib/i386/xawt/libmawt.so
7b566000-7b568000 rwxp 00043000 08:08 1181341    /usr/lib/jvm/java-6-sun-1.6.0.26/jre/lib/i386/xawt/libmawt.so
7b568000-7b569000 rwxp 00000000 00:00 0 
7b569000-7b5ee000 r-xp 00000000 08:08 1181290    /usr/lib/jvm/java-6-sun-1.6.0.26/jre/lib/i386/libawt.so
7b5ee000-7b5f5000 rwxp 00085000 08:08 1181290    /usr/lib/jvm/java-6-sun-1.6.0.26/jre/lib/i386/libawt.so
7b5f5000-7b619000 rwxp 00000000 00:00 0 
7b619000-7b61a000 ---p 00000000 00:00 0 
7b61a000-7b69a000 rwxp 00000000 00:00 0 
7b69a000-7b69d000 ---p 00000000 00:00 0 
7b69d000-7b6eb000 rwxp 00000000 00:00 0 
7b6eb000-7b6ee000 ---p 00000000 00:00 0 
7b6ee000-7b76c000 rwxp 00000000 00:00 0 
7b76c000-7b76f000 ---p 00000000 00:00 0 
7b76f000-7b7ed000 rwxp 00000000 00:00 0 
7b7ed000-7b7f0000 ---p 00000000 00:00 0 
7b7f0000-7b83e000 rwxp 00000000 00:00 0 
7b83e000-7b96f000 r-xp 0043d000 08:08 1057169    /usr/lib/locale/locale-archive
7b96f000-7b9af000 r-xp 002bd000 08:08 1057169    /usr/lib/locale/locale-archive
7b9af000-7bbaf000 r-xp 00000000 08:08 1057169    /usr/lib/locale/locale-archive
7bbaf000-7bbb2000 ---p 00000000 00:00 0 
7bbb2000-7bc00000 rwxp 00000000 00:00 0 
7bc00000-7bcff000 rwxp 00000000 00:00 0 
7bcff000-7bd00000 ---p 00000000 00:00 0 
7bd00000-7bd01000 r-xs 00000000 08:08 1188883    /var/cache/fontconfig/4c73fe0c47614734b17d736dbde7580a-le32d4.cache-3
7bd01000-7bd04000 r-xs 00000000 08:08 1188900    /var/cache/fontconfig/d60319d88cac85ba9e1a07bd06cfbb8c-le32d4.cache-3
7bd04000-7bd0a000 r-xs 00000000 08:08 1206713    /var/cache/fontconfig/153bb866d4d26e7cd19eee2129f8d8d2-le32d4.cache-3
7bd0a000-7bd0d000 r-xs 00017000 08:08 1199756    /home/alejo/Dropbox/code/devices3d/lib/user/proscene/proscene.jar
7bd0d000-7bd0f000 r-xs 00003000 08:08 1199742    /home/alejo/Dropbox/code/devices3d/lib/user/fullscreen/fullscreen.jar
7bd0f000-7bd13000 r-xs 00020000 08:08 1199717    /home/alejo/Dropbox/code/devices3d/lib/user/SimpleOpenNI/SimpleOpenNI.jar
7bd13000-7bd16000 r-xs 00029000 08:08 2123900    /home/alejo/Dropbox/code/devices3d/lib/user/procontroll/procontroll.jar
7bd16000-7bd21000 r-xs 00108000 08:08 1326150    /home/alejo/Dropbox/code/devices3d/lib/base/opengl/jogl.jar
7bd21000-7bd24000 ---p 00000000 00:00 0 
7bd24000-7bd72000 rwxp 00000000 00:00 0 
7bd72000-7bd73000 ---p 00000000 00:00 0 
7bd73000-7be27000 rwxp 00000000 00:00 0 
7be27000-7bfbf000 r-xs 03029000 08:08 1181157    /usr/lib/jvm/java-6-sun-1.6.0.26/jre/lib/rt.jar
7bfbf000-7bfc0000 ---p 00000000 00:00 0 
7bfc0000-7c040000 rwxp 00000000 00:00 0 
7c040000-7c041000 ---p 00000000 00:00 0 
7c041000-7c0c1000 rwxp 00000000 00:00 0 
7c0c1000-7c0c2000 ---p 00000000 00:00 0 
7c0c2000-7c142000 rwxp 00000000 00:00 0 
7c142000-7c143000 ---p 00000000 00:00 0 
7c143000-7c1cb000 rwxp 00000000 00:00 0 
7c1cb000-7c1e3000 rwxp 00000000 00:00 0 
7c1e3000-7c1f5000 rwxp 00000000 00:00 0 
7c1f5000-7c2f5000 rwxp 00000000 00:00 0 
7c2f5000-7c2fd000 rwxp 00000000 00:00 0 
7c2fd000-7c315000 rwxp 00000000 00:00 0 
7c315000-7c327000 rwxp 00000000 00:00 0 
7c327000-7c426000 rwxp 00000000 00:00 0 
7c426000-7c436000 rwxp 00000000 00:00 0 
7c436000-7c4af000 rwxp 00000000 00:00 0 
7c4af000-7d4b0000 rwxp 00000000 00:00 0 
7d4b0000-804b0000 rwxp 00000000 00:00 0 
804b0000-826e0000 rwxp 00000000 00:00 0 
826e0000-a2760000 rwxp 00000000 00:00 0 
a2760000-a4540000 rwxp 00000000 00:00 0 
a4540000-b38b0000 rwxp 00000000 00:00 0 
b38b0000-b38b1000 r-xs 00000000 08:08 1188876    /var/cache/fontconfig/0d8c3b2ac0904cb8a57a757ad11a4a08-le32d4.cache-3
b38b1000-b38b3000 r-xs 0002b000 08:08 1199690    /home/alejo/Dropbox/code/devices3d/lib/base/core/core.jar
b38b3000-b38b5000 r-xp 00000000 08:08 1056402    /usr/lib/i386-linux-gnu/libXau.so.6.0.0
b38b5000-b38b6000 r-xp 00001000 08:08 1056402    /usr/lib/i386-linux-gnu/libXau.so.6.0.0
b38b6000-b38b7000 rwxp 00002000 08:08 1056402    /usr/lib/i386-linux-gnu/libXau.so.6.0.0
b38b7000-b38bc000 r-xp 00000000 08:08 1052626    /usr/lib/libXtst.so.6.1.0
b38bc000-b38bd000 r-xp 00004000 08:08 1052626    /usr/lib/libXtst.so.6.1.0
b38bd000-b38be000 rwxp 00005000 08:08 1052626    /usr/lib/libXtst.so.6.1.0
b38be000-b38c7000 rwxp 00000000 00:00 0 
b38c7000-b397e000 rwxp 00000000 00:00 0 
b397e000-b3bbe000 rwxp 00000000 00:00 0 
b3bbe000-b697e000 rwxp 00000000 00:00 0 
b697e000-b6989000 r-xp 00000000 08:08 1573836    /lib/i386-linux-gnu/libnss_files-2.13.so
b6989000-b698a000 r-xp 0000a000 08:08 1573836    /lib/i386-linux-gnu/libnss_files-2.13.so
b698a000-b698b000 rwxp 0000b000 08:08 1573836    /lib/i386-linux-gnu/libnss_files-2.13.so
b698b000-b6995000 r-xp 00000000 08:08 1573840    /lib/i386-linux-gnu/libnss_nis-2.13.so
b6995000-b6996000 r-xp 00009000 08:08 1573840    /lib/i386-linux-gnu/libnss_nis-2.13.so
b6996000-b6997000 rwxp 0000a000 08:08 1573840    /lib/i386-linux-gnu/libnss_nis-2.13.so
b6997000-b69ac000 r-xp 00000000 08:08 1573830    /lib/i386-linux-gnu/libnsl-2.13.so
b69ac000-b69ad000 r-xp 00015000 08:08 1573830    /lib/i386-linux-gnu/libnsl-2.13.so
b69ad000-b69ae000 rwxp 00016000 08:08 1573830    /lib/i386-linux-gnu/libnsl-2.13.so
b69ae000-b69b0000 rwxp 00000000 00:00 0 
b69b0000-b69b1000 r-xs 00000000 08:08 1188887    /var/cache/fontconfig/6a53c69dea097a2d716e069445527da8-le32d4.cache-3
b69b1000-b69b3000 r-xs 00002000 08:08 1199642    /home/alejo/Dropbox/code/devices3d/lib/base/core/ant-launcher.jar
b69b3000-b69c2000 r-xp 00000000 08:08 1181329    /usr/lib/jvm/java-6-sun-1.6.0.26/jre/lib/i386/libzip.so
b69c2000-b69c4000 rwxp 0000e000 08:08 1181329    /usr/lib/jvm/java-6-sun-1.6.0.26/jre/lib/i386/libzip.so
b69c4000-b69cc000 rwxs 00000000 08:08 411590     /tmp/hsperfdata_alejo/7894
b69cc000-b69ef000 r-xp 00000000 08:08 1181303    /usr/lib/jvm/java-6-sun-1.6.0.26/jre/lib/i386/libjava.so
b69ef000-b69f1000 rwxp 00023000 08:08 1181303    /usr/lib/jvm/java-6-sun-1.6.0.26/jre/lib/i386/libjava.so
b69f1000-b69f8000 r-xp 00000000 08:08 1573859    /lib/i386-linux-gnu/librt-2.13.so
b69f8000-b69f9000 r-xp 00006000 08:08 1573859    /lib/i386-linux-gnu/librt-2.13.so
b69f9000-b69fa000 rwxp 00007000 08:08 1573859    /lib/i386-linux-gnu/librt-2.13.so
b69fa000-b69fd000 ---p 00000000 00:00 0 
b69fd000-b6a4b000 rwxp 00000000 00:00 0 
b6a4b000-b6a73000 r-xp 00000000 08:08 1573825    /lib/i386-linux-gnu/libm-2.13.so
b6a73000-b6a74000 r-xp 00028000 08:08 1573825    /lib/i386-linux-gnu/libm-2.13.so
b6a74000-b6a75000 rwxp 00029000 08:08 1573825    /lib/i386-linux-gnu/libm-2.13.so
b6a75000-b7227000 r-xp 00000000 08:08 1181340    /usr/lib/jvm/java-6-sun-1.6.0.26/jre/lib/i386/server/libjvm.so
b7227000-b727b000 rwxp 007b1000 08:08 1181340    /usr/lib/jvm/java-6-sun-1.6.0.26/jre/lib/i386/server/libjvm.so
b727b000-b769a000 rwxp 00000000 00:00 0 
b769a000-b7810000 r-xp 00000000 08:08 1573795    /lib/i386-linux-gnu/libc-2.13.so
b7810000-b7812000 r-xp 00176000 08:08 1573795    /lib/i386-linux-gnu/libc-2.13.so
b7812000-b7813000 rwxp 00178000 08:08 1573795    /lib/i386-linux-gnu/libc-2.13.so
b7813000-b7816000 rwxp 00000000 00:00 0 
b7816000-b7819000 r-xp 00000000 08:08 1573806    /lib/i386-linux-gnu/libdl-2.13.so
b7819000-b781a000 r-xp 00002000 08:08 1573806    /lib/i386-linux-gnu/libdl-2.13.so
b781a000-b781b000 rwxp 00003000 08:08 1573806    /lib/i386-linux-gnu/libdl-2.13.so
b781b000-b7822000 r-xp 00000000 08:08 1181335    /usr/lib/jvm/java-6-sun-1.6.0.26/jre/lib/i386/jli/libjli.so
b7822000-b7824000 rwxp 00006000 08:08 1181335    /usr/lib/jvm/java-6-sun-1.6.0.26/jre/lib/i386/jli/libjli.so
b7824000-b7825000 rwxp 00000000 00:00 0 
b7825000-b783c000 r-xp 00000000 08:08 1573855    /lib/i386-linux-gnu/libpthread-2.13.so
b783c000-b783d000 r-xp 00016000 08:08 1573855    /lib/i386-linux-gnu/libpthread-2.13.so
b783d000-b783e000 rwxp 00017000 08:08 1573855    /lib/i386-linux-gnu/libpthread-2.13.so
b783e000-b7840000 rwxp 00000000 00:00 0 
b7840000-b7841000 r-xs 00000000 08:08 1193307    /var/cache/fontconfig/4794a0821666d79190d59a36cb4f44b5-le32d4.cache-3
b7841000-b7842000 r-xs 00004000 08:08 1326149    /home/alejo/Dropbox/code/devices3d/lib/base/opengl/gluegen-rt.jar
b7842000-b7843000 r-xs 00003000 08:08 1326148    /home/alejo/Dropbox/code/devices3d/lib/base/opengl/opengl.jar
b7843000-b7844000 r-xp 00571000 08:08 1057169    /usr/lib/locale/locale-archive
b7844000-b784c000 r-xp 00000000 08:08 1573832    /lib/i386-linux-gnu/libnss_compat-2.13.so
b784c000-b784d000 r-xp 00007000 08:08 1573832    /lib/i386-linux-gnu/libnss_compat-2.13.so
b784d000-b784e000 rwxp 00008000 08:08 1573832    /lib/i386-linux-gnu/libnss_compat-2.13.so
b784e000-b784f000 rwxp 00000000 00:00 0 
b784f000-b7850000 r-xp 00000000 00:00 0 
b7850000-b785b000 r-xp 00000000 08:08 1181328    /usr/lib/jvm/java-6-sun-1.6.0.26/jre/lib/i386/libverify.so
b785b000-b785c000 rwxp 0000b000 08:08 1181328    /usr/lib/jvm/java-6-sun-1.6.0.26/jre/lib/i386/libverify.so
b785c000-b785e000 rwxp 00000000 00:00 0 
b785e000-b785f000 r-xp 00000000 00:00 0          [vdso]
b785f000-b787d000 r-xp 00000000 08:08 1573782    /lib/i386-linux-gnu/ld-2.13.so
b787d000-b787e000 r-xp 0001d000 08:08 1573782    /lib/i386-linux-gnu/ld-2.13.so
b787e000-b787f000 rwxp 0001e000 08:08 1573782    /lib/i386-linux-gnu/ld-2.13.so
bfcad000-bfcce000 rwxp 00000000 00:00 0          [stack]

VM Arguments:
jvm_args: -Djava.library.path=/home/alejo/Dropbox/code/devices3d/lib/base/opengl:/home/alejo/Dropbox/code/devices3d/lib/base/opengl:/home/alejo/Dropbox/code/devices3d/lib/base/opengl:/home/alejo/Dropbox/code/devices3d/lib/base/core:/home/alejo/Dropbox/code/devices3d/lib/base/core:/home/alejo/Dropbox/code/devices3d/lib/base/core:/home/alejo/Dropbox/code/devices3d/lib/user/procontroll:/home/alejo/Dropbox/code/devices3d/lib/user/SimpleOpenNI:/home/alejo/Dropbox/code/devices3d/lib/user/fullscreen:/home/alejo/Dropbox/code/devices3d/lib/user/proscene -Djava.security.policy=java.policy.applet -Dfile.encoding=UTF-8 
java_command: sun.applet.AppletViewer devices3d.Devices3d1333677099077.html
Launcher Type: SUN_STANDARD

Environment Variables:
PATH=/opt/microchip/mplabc32/v2.02/bin:/opt/microchip/mplabc30/v3.30c/bin:/usr/lib/lightdm/lightdm:/usr/local/sbin:/usr/local/bin:/usr/sbin:/usr/bin:/sbin:/bin:/usr/games
USERNAME=alejo
LD_LIBRARY_PATH=/usr/lib/jvm/java-6-sun-1.6.0.26/jre/lib/i386/server:/usr/lib/jvm/java-6-sun-1.6.0.26/jre/lib/i386:/usr/lib/jvm/java-6-sun-1.6.0.26/jre/../lib/i386:/usr/lib/jvm/java-6-sun-1.6.0.26/jre/lib/i386/client:/usr/lib/jvm/java-6-sun-1.6.0.26/jre/lib/i386:
SHELL=/bin/bash
DISPLAY=:0.0

Signal Handlers:
SIGSEGV: [libjvm.so+0x725510], sa_mask[0]=0x7ffbfeff, sa_flags=0x10000004
SIGBUS: [libjvm.so+0x725510], sa_mask[0]=0x7ffbfeff, sa_flags=0x10000004
SIGFPE: [libjvm.so+0x5dff20], sa_mask[0]=0x7ffbfeff, sa_flags=0x10000004
SIGPIPE: [libjvm.so+0x5dff20], sa_mask[0]=0x7ffbfeff, sa_flags=0x10000004
SIGXFSZ: [libjvm.so+0x5dff20], sa_mask[0]=0x7ffbfeff, sa_flags=0x10000004
SIGILL: [libjvm.so+0x5dff20], sa_mask[0]=0x7ffbfeff, sa_flags=0x10000004
SIGUSR1: SIG_DFL, sa_mask[0]=0x00000000, sa_flags=0x00000000
SIGUSR2: [libjvm.so+0x5e3160], sa_mask[0]=0x00000004, sa_flags=0x10000004
SIGHUP: [libjvm.so+0x5e2d40], sa_mask[0]=0x7ffbfeff, sa_flags=0x10000004
SIGINT: [libjvm.so+0x5e2d40], sa_mask[0]=0x7ffbfeff, sa_flags=0x10000004
SIGTERM: [libjvm.so+0x5e2d40], sa_mask[0]=0x7ffbfeff, sa_flags=0x10000004
SIGQUIT: [libjvm.so+0x5e2d40], sa_mask[0]=0x7ffbfeff, sa_flags=0x10000004


---------------  S Y S T E M  ---------------

OS:wheezy/sid

uname:Linux 3.0.0-12-generic #20-Ubuntu SMP Fri Oct 7 14:50:42 UTC 2011 i686
libc:glibc 2.13 NPTL 2.13 
rlimit: STACK 8192k, CORE 0k, NPROC 26110, NOFILE 4096, AS infinity
load average:0.12 0.10 0.13

/proc/meminfo:
MemTotal:        3356112 kB
MemFree:          419780 kB
Buffers:          343172 kB
Cached:          1071540 kB
SwapCached:            0 kB
Active:          1525600 kB
Inactive:        1046520 kB
Active(anon):    1159868 kB
Inactive(anon):    11564 kB
Active(file):     365732 kB
Inactive(file):  1034956 kB
Unevictable:          16 kB
Mlocked:              16 kB
HighTotal:       2497096 kB
HighFree:          57272 kB
LowTotal:         859016 kB
LowFree:          362508 kB
SwapTotal:      14645240 kB
SwapFree:       14645240 kB
Dirty:               368 kB
Writeback:             0 kB
AnonPages:       1157556 kB
Mapped:           335208 kB
Shmem:             13956 kB
Slab:              98792 kB
SReclaimable:      77112 kB
SUnreclaim:        21680 kB
KernelStack:        4568 kB
PageTables:        21816 kB
NFS_Unstable:          0 kB
Bounce:                0 kB
WritebackTmp:          0 kB
CommitLimit:    16323296 kB
Committed_AS:    4234556 kB
VmallocTotal:     122880 kB
VmallocUsed:       59252 kB
VmallocChunk:      58104 kB
HardwareCorrupted:     0 kB
AnonHugePages:         0 kB
HugePages_Total:       0
HugePages_Free:        0
HugePages_Rsvd:        0
HugePages_Surp:        0
Hugepagesize:       4096 kB
DirectMap4k:       12280 kB
DirectMap4M:      897024 kB


CPU:total 4 (4 cores per cpu, 1 threads per core) family 16 model 4 stepping 3, cmov, cx8, fxsr, mmx, sse, sse2, sse3, popcnt, mmxext, 3dnow, 3dnowext, lzcnt, sse4a

/proc/cpuinfo:
processor	: 0
vendor_id	: AuthenticAMD
cpu family	: 16
model		: 4
model name	: AMD Phenom(tm) II X4 945 Processor
stepping	: 3
cpu MHz		: 3010.822
cache size	: 512 KB
physical id	: 0
siblings	: 4
core id		: 0
cpu cores	: 4
apicid		: 0
initial apicid	: 0
fdiv_bug	: no
hlt_bug		: no
f00f_bug	: no
coma_bug	: no
fpu		: yes
fpu_exception	: yes
cpuid level	: 5
wp		: yes
flags		: fpu vme de pse tsc msr pae mce cx8 apic mtrr pge mca cmov pat pse36 clflush mmx fxsr sse sse2 ht syscall nx mmxext fxsr_opt pdpe1gb rdtscp lm 3dnowext 3dnow constant_tsc nonstop_tsc extd_apicid pni monitor cx16 popcnt lahf_lm cmp_legacy svm extapic cr8_legacy abm sse4a misalignsse 3dnowprefetch osvw ibs skinit wdt npt lbrv svm_lock nrip_save
bogomips	: 6021.64
clflush size	: 64
cache_alignment	: 64
address sizes	: 48 bits physical, 48 bits virtual
power management: ts ttp tm stc 100mhzsteps hwpstate

processor	: 1
vendor_id	: AuthenticAMD
cpu family	: 16
model		: 4
model name	: AMD Phenom(tm) II X4 945 Processor
stepping	: 3
cpu MHz		: 3010.822
cache size	: 512 KB
physical id	: 0
siblings	: 4
core id		: 1
cpu cores	: 4
apicid		: 1
initial apicid	: 1
fdiv_bug	: no
hlt_bug		: no
f00f_bug	: no
coma_bug	: no
fpu		: yes
fpu_exception	: yes
cpuid level	: 5
wp		: yes
flags		: fpu vme de pse tsc msr pae mce cx8 apic mtrr pge mca cmov pat pse36 clflush mmx fxsr sse sse2 ht syscall nx mmxext fxsr_opt pdpe1gb rdtscp lm 3dnowext 3dnow constant_tsc nonstop_tsc extd_apicid pni monitor cx16 popcnt lahf_lm cmp_legacy svm extapic cr8_legacy abm sse4a misalignsse 3dnowprefetch osvw ibs skinit wdt npt lbrv svm_lock nrip_save
bogomips	: 6020.55
clflush size	: 64
cache_alignment	: 64
address sizes	: 48 bits physical, 48 bits virtual
power management: ts ttp tm stc 100mhzsteps hwpstate

processor	: 2
vendor_id	: AuthenticAMD
cpu family	: 16
model		: 4
model name	: AMD Phenom(tm) II X4 945 Processor
stepping	: 3
cpu MHz		: 3010.822
cache size	: 512 KB
physical id	: 0
siblings	: 4
core id		: 2
cpu cores	: 4
apicid		: 2
initial apicid	: 2
fdiv_bug	: no
hlt_bug		: no
f00f_bug	: no
coma_bug	: no
fpu		: yes
fpu_exception	: yes
cpuid level	: 5
wp		: yes
flags		: fpu vme de pse tsc msr pae mce cx8 apic mtrr pge mca cmov pat pse36 clflush mmx fxsr sse sse2 ht syscall nx mmxext fxsr_opt pdpe1gb rdtscp lm 3dnowext 3dnow constant_tsc nonstop_tsc extd_apicid pni monitor cx16 popcnt lahf_lm cmp_legacy svm extapic cr8_legacy abm sse4a misalignsse 3dnowprefetch osvw ibs skinit wdt npt lbrv svm_lock nrip_save
bogomips	: 6020.55
clflush size	: 64
cache_alignment	: 64
address sizes	: 48 bits physical, 48 bits virtual
power management: ts ttp tm stc 100mhzsteps hwpstate

processor	: 3
vendor_id	: AuthenticAMD
cpu family	: 16
model		: 4
model name	: AMD Phenom(tm) II X4 945 Processor
stepping	: 3
cpu MHz		: 3010.822
cache size	: 512 KB
physical id	: 0
siblings	: 4
core id		: 3
cpu cores	: 4
apicid		: 3
initial apicid	: 3
fdiv_bug	: no
hlt_bug		: no
f00f_bug	: no
coma_bug	: no
fpu		: yes
fpu_exception	: yes
cpuid level	: 5
wp		: yes
flags		: fpu vme de pse tsc msr pae mce cx8 apic mtrr pge mca cmov pat pse36 clflush mmx fxsr sse sse2 ht syscall nx mmxext fxsr_opt pdpe1gb rdtscp lm 3dnowext 3dnow constant_tsc nonstop_tsc extd_apicid pni monitor cx16 popcnt lahf_lm cmp_legacy svm extapic cr8_legacy abm sse4a misalignsse 3dnowprefetch osvw ibs skinit wdt npt lbrv svm_lock nrip_save
bogomips	: 6020.55
clflush size	: 64
cache_alignment	: 64
address sizes	: 48 bits physical, 48 bits virtual
power management: ts ttp tm stc 100mhzsteps hwpstate



Memory: 4k page, physical 3356112k(419780k free), swap 14645240k(14645240k free)

vm_info: Java HotSpot(TM) Server VM (20.1-b02) for linux-x86 JRE (1.6.0_26-b03), built on May  4 2011 01:04:10 by "java_re" with gcc 3.2.1-7a (J2SE release)

time: Thu Apr  5 20:51:39 2012
elapsed time: 0 seconds

