#
# A fatal error has been detected by the Java Runtime Environment:
#
#  SIGSEGV (0xb) at pc=0x7a862d5a, pid=9091, tid=2058791792
#
# JRE version: 6.0_26-b03
# Java VM: Java HotSpot(TM) Server VM (20.1-b02 mixed mode linux-x86 )
# Problematic frame:
# C  [libOpenNI.so+0x33d5a]  long long+0x1a
#
# If you would like to submit a bug report, please visit:
#   http://java.sun.com/webapps/bugreport/crash.jsp
# The crash happened outside the Java Virtual Machine in native code.
# See problematic frame for where to report the bug.
#

---------------  T H R E A D  ---------------

Current thread (0x08613800):  JavaThread "Animation Thread" [_thread_in_native, id=9117, stack(0x7ab1a000,0x7ab6b000)]

siginfo:si_signo=SIGSEGV: si_errno=0, si_code=1 (SEGV_MAPERR), si_addr=0x00000000

Registers:
EAX=0x00000000, EBX=0x7a8acff4, ECX=0x00000001, EDX=0x7a9899b0
ESP=0x7ab69a40, EBP=0x7ab69a68, ESI=0x00000000, EDI=0x08613800
EIP=0x7a862d5a, EFLAGS=0x00010202, CR2=0x00000000

Top of Stack: (sp=0x7ab69a40)
0x7ab69a40:   7a831dec 7ab16ff4 7cbf6a58 08613800
0x7ab69a50:   7ab69a88 b77b2c30 7a9899b0 7a862d40
0x7ab69a60:   7ab16ff4 7cbf6a58 7ab69a88 7aacc98c
0x7ab69a70:   00000000 7a9899b0 7a9899b0 7aacc966
0x7ab69a80:   7a989940 7ab16ff4 7ab69ab8 7aad36f1
0x7ab69a90:   7a989940 7a9899b0 00000000 00000000
0x7ab69aa0:   7ab69ad8 b77b2c30 08613800 7aad3601
0x7ab69ab0:   7ab16ff4 7cbf6a58 7ab69ad8 7aad3825 

Instructions: (pc=0x7a862d5a)
0x7a862d3a:   bc 27 00 00 00 00 55 89 e5 83 ec 28 89 75 fc 8b
0x7a862d4a:   75 08 89 5d f8 e8 13 a8 fd ff 81 c3 a0 a2 04 00
0x7a862d5a:   8b 06 8b 50 08 85 d2 74 0c 8b 40 04 8b 00 a9 00
0x7a862d6a:   00 01 00 75 11 8b 5d f8 b8 12 00 01 00 8b 75 fc 

Register to memory mapping:

EAX=0x00000000 is an unknown value
EBX=0x7a8acff4: <offset 0x7dff4> in /usr/lib/libOpenNI.so at 0x7a82f000
ECX=0x00000001 is an unknown value
EDX=0x7a9899b0 is an unknown value
ESP=0x7ab69a40 is pointing into the stack for thread: 0x08613800
EBP=0x7ab69a68 is pointing into the stack for thread: 0x08613800
ESI=0x00000000 is an unknown value
EDI=0x08613800 is a thread


Stack: [0x7ab1a000,0x7ab6b000],  sp=0x7ab69a40,  free space=318k
Native frames: (J=compiled Java code, j=interpreted, Vv=VM code, C=native code)
C  [libOpenNI.so+0x33d5a]  long long+0x1a
C  [libSimpleOpenNI.so+0x9a98c]  xn::MapGenerator::SetMapOutputMode(XnMapOutputMode const&)+0x26
C  [libSimpleOpenNI.so+0xa16f1]  sOpenNI::ContextWrapper::createDepth(bool)+0xdb
C  [libSimpleOpenNI.so+0xa1825]  sOpenNI::ContextWrapper::enableDepth()+0x6b
C  [libSimpleOpenNI.so+0x848c6]  Java_SimpleOpenNI_SimpleOpenNIJNI_ContextWrapper_1enableDepthSwigExplicitContextWrapper_1_1SWIG_10+0x3c
j  SimpleOpenNI.SimpleOpenNIJNI.ContextWrapper_enableDepthSwigExplicitContextWrapper__SWIG_0(JLSimpleOpenNI/ContextWrapper;)Z+0
j  SimpleOpenNI.ContextWrapper.enableDepth()Z+26
j  SimpleOpenNI.SimpleOpenNI.enableDepth()Z+1
j  remixlab.devices.Kinect.<init>(Lprocessing/core/PApplet;Lremixlab/proscene/Scene;)V+56
j  devices3d.Devices3d.setup()V+302
j  processing.core.PApplet.handleDraw()V+65
j  processing.core.PApplet.run()V+72
j  java.lang.Thread.run()V+11
v  ~StubRoutines::call_stub
V  [libjvm.so+0x3dff01]  JavaCalls::call_helper(JavaValue*, methodHandle*, JavaCallArguments*, Thread*)+0x1c1
V  [libjvm.so+0x5e1298]  os::os_exception_wrapper(void (*)(JavaValue*, methodHandle*, JavaCallArguments*, Thread*), JavaValue*, methodHandle*, JavaCallArguments*, Thread*)+0x18
V  [libjvm.so+0x3df775]  JavaCalls::call_virtual(JavaValue*, KlassHandle, symbolHandle, symbolHandle, JavaCallArguments*, Thread*)+0xc5
V  [libjvm.so+0x3df838]  JavaCalls::call_virtual(JavaValue*, Handle, KlassHandle, symbolHandle, symbolHandle, Thread*)+0x58
V  [libjvm.so+0x4642d7]  thread_entry(JavaThread*, Thread*)+0xa7
V  [libjvm.so+0x6e16bf]  JavaThread::run()+0x11f
V  [libjvm.so+0x5e2aee]  java_start(Thread*)+0x14e
C  [libpthread.so.0+0x6d31]  short+0xd1

Java frames: (J=compiled Java code, j=interpreted, Vv=VM code)
j  SimpleOpenNI.SimpleOpenNIJNI.ContextWrapper_enableDepthSwigExplicitContextWrapper__SWIG_0(JLSimpleOpenNI/ContextWrapper;)Z+0
j  SimpleOpenNI.ContextWrapper.enableDepth()Z+26
j  SimpleOpenNI.SimpleOpenNI.enableDepth()Z+1
j  remixlab.devices.Kinect.<init>(Lprocessing/core/PApplet;Lremixlab/proscene/Scene;)V+56
j  devices3d.Devices3d.setup()V+302
j  processing.core.PApplet.handleDraw()V+65
j  processing.core.PApplet.run()V+72
j  java.lang.Thread.run()V+11
v  ~StubRoutines::call_stub

---------------  P R O C E S S  ---------------

Java Threads: ( => current thread )
  0x7b0e2800 JavaThread "process reaper" daemon [_thread_in_native, id=9122, stack(0x7a8af000,0x7a900000)]
=>0x08613800 JavaThread "Animation Thread" [_thread_in_native, id=9117, stack(0x7ab1a000,0x7ab6b000)]
  0x0845fc00 JavaThread "AWT-EventQueue-1" [_thread_blocked, id=9116, stack(0x7ab6b000,0x7abbc000)]
  0x7b0b4800 JavaThread "DestroyJavaVM" [_thread_blocked, id=9096, stack(0xb693a000,0xb698b000)]
  0x7b07b000 JavaThread "AWT-EventQueue-0" [_thread_blocked, id=9114, stack(0x7abbc000,0x7ac0d000)]
  0x7b079000 JavaThread "AWT-Shutdown" [_thread_blocked, id=9113, stack(0x7ac0d000,0x7ac5e000)]
  0x7b075000 JavaThread "thread applet-devices3d.Devices3d.class" [_thread_blocked, id=9112, stack(0x7ac5e000,0x7acaf000)]
  0x7b06e400 JavaThread "AWT-XAWT" daemon [_thread_in_native, id=9110, stack(0x7acaf000,0x7ad00000)]
  0x7b015c00 JavaThread "Java2D Disposer" daemon [_thread_blocked, id=9109, stack(0x7afaf000,0x7b000000)]
  0x7bdab000 JavaThread "Low Memory Detector" daemon [_thread_blocked, id=9107, stack(0x7b5f1000,0x7b642000)]
  0x7bda9400 JavaThread "C2 CompilerThread1" daemon [_thread_blocked, id=9106, stack(0x7b642000,0x7b6c3000)]
  0x7bda7400 JavaThread "C2 CompilerThread0" daemon [_thread_blocked, id=9105, stack(0x7b6c3000,0x7b744000)]
  0x7bda5c00 JavaThread "Signal Dispatcher" daemon [_thread_blocked, id=9104, stack(0x7b744000,0x7b795000)]
  0x7bd97800 JavaThread "Finalizer" daemon [_thread_blocked, id=9103, stack(0x7bac6000,0x7bb17000)]
  0x7bd96000 JavaThread "Reference Handler" daemon [_thread_blocked, id=9102, stack(0x7bb17000,0x7bb68000)]

Other Threads:
  0x7bd92400 VMThread [stack: 0x7be4a000,0x7becb000] [id=9101]
  0x7b401000 WatcherThread [stack: 0x7b570000,0x7b5f1000] [id=9108]

VM state:not at safepoint (normal execution)

VM Mutex/Monitor currently owned by a thread: None

Heap
 PSYoungGen      total 15296K, used 10375K [0xa26a0000, 0xa4480000, 0xb37f0000)
  eden space 13120K, 66% used [0xa26a0000,0xa2f2bc88,0xa3370000)
  from space 2176K, 74% used [0xa3370000,0xa35062a0,0xa3590000)
  to   space 2176K, 0% used [0xa4260000,0xa4260000,0xa4480000)
 PSOldGen        total 35008K, used 5968K [0x803f0000, 0x82620000, 0xa26a0000)
  object space 35008K, 17% used [0x803f0000,0x809c4310,0x82620000)
 PSPermGen       total 16384K, used 8337K [0x7c3f0000, 0x7d3f0000, 0x803f0000)
  object space 16384K, 50% used [0x7c3f0000,0x7cc14750,0x7d3f0000)

Code Cache  [0xb38be000, 0xb3afe000, 0xb68be000)
 total_blobs=329 nmethods=40 adapters=244 free_code_cache=49886720 largest_free_block=11776

Dynamic libraries:
08048000-08052000 r-xp 00000000 08:08 1181081    /usr/lib/jvm/java-6-sun-1.6.0.26/jre/bin/java
08052000-08053000 rwxp 00009000 08:08 1181081    /usr/lib/jvm/java-6-sun-1.6.0.26/jre/bin/java
08459000-0868e000 rwxp 00000000 00:00 0          [heap]
78fe1000-7906a000 r-xp 00000000 08:08 1070238    /usr/lib/libXnDeviceSensorV2KM.so
7906a000-79073000 r-xp 00088000 08:08 1070238    /usr/lib/libXnDeviceSensorV2KM.so
79073000-79074000 rwxp 00091000 08:08 1070238    /usr/lib/libXnDeviceSensorV2KM.so
79074000-79154000 r-xp 00000000 08:08 1064091    /usr/lib/libXnVHandGenerator_1_5_0.so
79154000-79157000 r-xp 000df000 08:08 1064091    /usr/lib/libXnVHandGenerator_1_5_0.so
79157000-79158000 rwxp 000e2000 08:08 1064091    /usr/lib/libXnVHandGenerator_1_5_0.so
79158000-79164000 rwxp 00000000 00:00 0 
79164000-79557000 r-xp 00000000 08:08 1064087    /usr/lib/libXnVFeatures_1_5_0.so
79557000-79558000 ---p 003f3000 08:08 1064087    /usr/lib/libXnVFeatures_1_5_0.so
79558000-79560000 r-xp 003f3000 08:08 1064087    /usr/lib/libXnVFeatures_1_5_0.so
79560000-79561000 rwxp 003fb000 08:08 1064087    /usr/lib/libXnVFeatures_1_5_0.so
79561000-79575000 rwxp 00000000 00:00 0 
79575000-795a2000 r-xp 00000000 08:08 1064003    /usr/lib/libXnDeviceFile.so
795a2000-795a3000 r-xp 0002d000 08:08 1064003    /usr/lib/libXnDeviceFile.so
795a3000-795a4000 rwxp 0002e000 08:08 1064003    /usr/lib/libXnDeviceFile.so
795a4000-795f6000 r-xp 00000000 08:08 1064002    /usr/lib/libXnDDK.so
795f6000-795f8000 r-xp 00051000 08:08 1064002    /usr/lib/libXnDDK.so
795f8000-795f9000 rwxp 00053000 08:08 1064002    /usr/lib/libXnDDK.so
795f9000-7961d000 r-xp 00000000 08:08 1064005    /usr/lib/libXnFormats.so
7961d000-7961e000 r-xp 00023000 08:08 1064005    /usr/lib/libXnFormats.so
7961e000-7961f000 rwxp 00024000 08:08 1064005    /usr/lib/libXnFormats.so
7961f000-7963f000 rwxp 00000000 00:00 0 
7965b000-796f4000 r-xp 00000000 08:08 1064004    /usr/lib/libXnDeviceSensorV2.so
796f4000-796fd000 r-xp 00098000 08:08 1064004    /usr/lib/libXnDeviceSensorV2.so
796fd000-796fe000 rwxp 000a1000 08:08 1064004    /usr/lib/libXnDeviceSensorV2.so
796fe000-797e1000 r-xp 00000000 08:08 1064000    /usr/lib/libXnVHandGenerator_1_5_2.so
797e1000-797e4000 r-xp 000e3000 08:08 1064000    /usr/lib/libXnVHandGenerator_1_5_2.so
797e4000-797e5000 rwxp 000e6000 08:08 1064000    /usr/lib/libXnVHandGenerator_1_5_2.so
797e5000-797f1000 rwxp 00000000 00:00 0 
797f1000-798c6000 r-xp 00000000 08:08 1063997    /usr/lib/libXnVHandGenerator_1_4_2.so
798c6000-798c7000 ---p 000d5000 08:08 1063997    /usr/lib/libXnVHandGenerator_1_4_2.so
798c7000-798c9000 r-xp 000d5000 08:08 1063997    /usr/lib/libXnVHandGenerator_1_4_2.so
798c9000-798ca000 rwxp 000d7000 08:08 1063997    /usr/lib/libXnVHandGenerator_1_4_2.so
798ca000-798cc000 rwxp 00000000 00:00 0 
798cc000-799a0000 r-xp 00000000 08:08 1063994    /usr/lib/libXnVHandGenerator_1_4_1.so
799a0000-799a1000 ---p 000d4000 08:08 1063994    /usr/lib/libXnVHandGenerator_1_4_1.so
799a1000-799a3000 r-xp 000d4000 08:08 1063994    /usr/lib/libXnVHandGenerator_1_4_1.so
799a3000-799a4000 rwxp 000d6000 08:08 1063994    /usr/lib/libXnVHandGenerator_1_4_1.so
799a4000-799a6000 rwxp 00000000 00:00 0 
799a6000-79a84000 r-xp 00000000 08:08 1063991    /usr/lib/libXnVHandGenerator_1_3_1.so
79a84000-79a87000 r-xp 000dd000 08:08 1063991    /usr/lib/libXnVHandGenerator_1_3_1.so
79a87000-79a88000 rwxp 000e0000 08:08 1063991    /usr/lib/libXnVHandGenerator_1_3_1.so
79a88000-79a8a000 rwxp 00000000 00:00 0 
79a8a000-79e8b000 r-xp 00000000 08:08 1063984    /usr/lib/libXnVFeatures_1_5_2.so
79e8b000-79e8c000 ---p 00401000 08:08 1063984    /usr/lib/libXnVFeatures_1_5_2.so
79e8c000-79e94000 r-xp 00401000 08:08 1063984    /usr/lib/libXnVFeatures_1_5_2.so
79e94000-79e95000 rwxp 00409000 08:08 1063984    /usr/lib/libXnVFeatures_1_5_2.so
79e95000-79ea9000 rwxp 00000000 00:00 0 
79ea9000-7a090000 r-xp 00000000 08:08 1063973    /usr/lib/libXnVFeatures_1_4_2.so
7a090000-7a093000 r-xp 001e6000 08:08 1063973    /usr/lib/libXnVFeatures_1_4_2.so
7a093000-7a094000 rwxp 001e9000 08:08 1063973    /usr/lib/libXnVFeatures_1_4_2.so
7a094000-7a099000 rwxp 00000000 00:00 0 
7a099000-7a280000 r-xp 00000000 08:08 1063968    /usr/lib/libXnVFeatures_1_4_1.so
7a280000-7a283000 r-xp 001e6000 08:08 1063968    /usr/lib/libXnVFeatures_1_4_1.so
7a283000-7a284000 rwxp 001e9000 08:08 1063968    /usr/lib/libXnVFeatures_1_4_1.so
7a284000-7a289000 rwxp 00000000 00:00 0 
7a289000-7a4a7000 r-xp 00000000 08:08 1063963    /usr/lib/libXnVFeatures_1_3_1.so
7a4a7000-7a4a8000 ---p 0021e000 08:08 1063963    /usr/lib/libXnVFeatures_1_3_1.so
7a4a8000-7a4ab000 r-xp 0021e000 08:08 1063963    /usr/lib/libXnVFeatures_1_3_1.so
7a4ab000-7a4ac000 rwxp 00221000 08:08 1063963    /usr/lib/libXnVFeatures_1_3_1.so
7a4ac000-7a4b1000 rwxp 00000000 00:00 0 
7a4b1000-7a4e5000 r-xp 00000000 08:08 1063811    /usr/lib/libnimCodecs.so
7a4e5000-7a4e6000 ---p 00034000 08:08 1063811    /usr/lib/libnimCodecs.so
7a4e6000-7a4e8000 r-xp 00034000 08:08 1063811    /usr/lib/libnimCodecs.so
7a4e8000-7a4e9000 rwxp 00036000 08:08 1063811    /usr/lib/libnimCodecs.so
7a4e9000-7a509000 rwxp 00000000 00:00 0 
7a509000-7a53a000 r-xp 00000000 08:08 1063812    /usr/lib/libnimMockNodes.so
7a53a000-7a540000 r-xp 00031000 08:08 1063812    /usr/lib/libnimMockNodes.so
7a540000-7a541000 rwxp 00037000 08:08 1063812    /usr/lib/libnimMockNodes.so
7a541000-7a61f000 r-xp 00000000 08:08 1056768    /usr/lib/i386-linux-gnu/libstdc++.so.6.0.16
7a61f000-7a620000 ---p 000de000 08:08 1056768    /usr/lib/i386-linux-gnu/libstdc++.so.6.0.16
7a620000-7a624000 r-xp 000de000 08:08 1056768    /usr/lib/i386-linux-gnu/libstdc++.so.6.0.16
7a624000-7a625000 rwxp 000e2000 08:08 1056768    /usr/lib/i386-linux-gnu/libstdc++.so.6.0.16
7a625000-7a62c000 rwxp 00000000 00:00 0 
7a62c000-7a6fc000 r-xp 00000000 08:08 1063882    /usr/lib/libXnVNite_1_3_1.so
7a6fc000-7a6ff000 r-xp 000cf000 08:08 1063882    /usr/lib/libXnVNite_1_3_1.so
7a6ff000-7a700000 rwxp 000d2000 08:08 1063882    /usr/lib/libXnVNite_1_3_1.so
7a700000-7a739000 rwxp 00000000 00:00 0 
7a739000-7a800000 ---p 00000000 00:00 0 
7a80a000-7a82d000 r-xp 00000000 08:08 1063813    /usr/lib/libnimRecorder.so
7a82d000-7a82e000 r-xp 00023000 08:08 1063813    /usr/lib/libnimRecorder.so
7a82e000-7a82f000 rwxp 00024000 08:08 1063813    /usr/lib/libnimRecorder.so
7a82f000-7a8ab000 r-xp 00000000 08:08 1063815    /usr/lib/libOpenNI.so
7a8ab000-7a8ad000 r-xp 0007c000 08:08 1063815    /usr/lib/libOpenNI.so
7a8ad000-7a8af000 rwxp 0007e000 08:08 1063815    /usr/lib/libOpenNI.so
7a8af000-7a8b2000 ---p 00000000 00:00 0 
7a8b2000-7a900000 rwxp 00000000 00:00 0 
7a900000-7a9f5000 rwxp 00000000 00:00 0 
7a9f5000-7aa00000 ---p 00000000 00:00 0 
7aa14000-7aa30000 r-xp 00000000 08:08 1573816    /lib/i386-linux-gnu/libgcc_s.so.1
7aa30000-7aa31000 r-xp 0001b000 08:08 1573816    /lib/i386-linux-gnu/libgcc_s.so.1
7aa31000-7aa32000 rwxp 0001c000 08:08 1573816    /lib/i386-linux-gnu/libgcc_s.so.1
7aa32000-7ab14000 r-xp 00000000 08:08 1199735    /home/alejo/Dropbox/code/devices3d/lib/user/SimpleOpenNI/libSimpleOpenNI.so
7ab14000-7ab15000 ---p 000e2000 08:08 1199735    /home/alejo/Dropbox/code/devices3d/lib/user/SimpleOpenNI/libSimpleOpenNI.so
7ab15000-7ab17000 r-xp 000e2000 08:08 1199735    /home/alejo/Dropbox/code/devices3d/lib/user/SimpleOpenNI/libSimpleOpenNI.so
7ab17000-7ab1a000 rwxp 000e4000 08:08 1199735    /home/alejo/Dropbox/code/devices3d/lib/user/SimpleOpenNI/libSimpleOpenNI.so
7ab1a000-7ab1d000 ---p 00000000 00:00 0 
7ab1d000-7ab6b000 rwxp 00000000 00:00 0 
7ab6b000-7ab6e000 ---p 00000000 00:00 0 
7ab6e000-7abbc000 rwxp 00000000 00:00 0 
7abbc000-7abbf000 ---p 00000000 00:00 0 
7abbf000-7ac0d000 rwxp 00000000 00:00 0 
7ac0d000-7ac10000 ---p 00000000 00:00 0 
7ac10000-7ac5e000 rwxp 00000000 00:00 0 
7ac5e000-7ac61000 ---p 00000000 00:00 0 
7ac61000-7acaf000 rwxp 00000000 00:00 0 
7acaf000-7acb2000 ---p 00000000 00:00 0 
7acb2000-7ad00000 rwxp 00000000 00:00 0 
7ad00000-7ad97000 rwxp 00000000 00:00 0 
7ad97000-7ae00000 ---p 00000000 00:00 0 
7ae00000-7aefd000 rwxp 00000000 00:00 0 
7aefd000-7af00000 ---p 00000000 00:00 0 
7af00000-7af06000 r-xs 00000000 08:08 1188892    /var/cache/fontconfig/945677eb7aeaf62f1d50efc3fb3ec7d8-le32d4.cache-3
7af06000-7af08000 r-xs 00000000 08:08 1188893    /var/cache/fontconfig/99e8ed0e538f840c565b6ed5dad60d56-le32d4.cache-3
7af08000-7af0b000 r-xs 00000000 08:08 1206717    /var/cache/fontconfig/e383d7ea5fbe662a33d9b44caf393297-le32d4.cache-3
7af0b000-7af0e000 r-xs 00000000 08:08 1188879    /var/cache/fontconfig/2cd17615ca594fa2959ae173292e504c-le32d4.cache-3
7af0e000-7af12000 r-xs 00000000 08:08 1188894    /var/cache/fontconfig/a755afe4a08bf5b97852ceb7400b47bc-le32d4.cache-3
7af12000-7af16000 r-xs 00000000 08:08 1188884    /var/cache/fontconfig/515ca1ebc4b18308bea979be5704f9db-le32d4.cache-3
7af16000-7af1d000 r-xs 00000000 08:08 1188888    /var/cache/fontconfig/6d41288fd70b0be22e8c3a91e032eec0-le32d4.cache-3
7af1d000-7af28000 r-xs 00000000 08:08 1188877    /var/cache/fontconfig/0f34bcd4b6ee430af32735b75db7f02b-le32d4.cache-3
7af28000-7af4a000 r-xs 00000000 08:08 1206716    /var/cache/fontconfig/365b55f210c0a22e9a19e35191240f32-le32d4.cache-3
7af4a000-7af57000 r-xs 00000000 08:08 1188899    /var/cache/fontconfig/d52a8644073d54c13679302ca1180695-le32d4.cache-3
7af57000-7af65000 r-xs 00000000 08:08 1190496    /var/cache/fontconfig/e13b20fdb08344e0e664864cc2ede53d-le32d4.cache-3
7af6e000-7af79000 r-xp 00000000 08:08 408705     /opt/microchip/mplabx/mplab_ide/mplablibs/modules/lib/libusb-1.0.so.0.0.0
7af79000-7af7a000 rwxp 0000a000 08:08 408705     /opt/microchip/mplabx/mplab_ide/mplablibs/modules/lib/libusb-1.0.so.0.0.0
7af95000-7af96000 rwxp 00000000 00:00 0 
7af96000-7af9d000 r-xp 00000000 08:08 1181319    /usr/lib/jvm/java-6-sun-1.6.0.26/jre/lib/i386/libnio.so
7af9d000-7af9e000 rwxp 00006000 08:08 1181319    /usr/lib/jvm/java-6-sun-1.6.0.26/jre/lib/i386/libnio.so
7af9e000-7afa2000 r-xp 00000000 08:08 1056426    /usr/lib/i386-linux-gnu/libXfixes.so.3.1.0
7afa2000-7afa3000 r-xp 00003000 08:08 1056426    /usr/lib/i386-linux-gnu/libXfixes.so.3.1.0
7afa3000-7afa4000 rwxp 00004000 08:08 1056426    /usr/lib/i386-linux-gnu/libXfixes.so.3.1.0
7afa4000-7afad000 r-xp 00000000 08:08 1056446    /usr/lib/i386-linux-gnu/libXrender.so.1.3.0
7afad000-7afae000 r-xp 00008000 08:08 1056446    /usr/lib/i386-linux-gnu/libXrender.so.1.3.0
7afae000-7afaf000 rwxp 00009000 08:08 1056446    /usr/lib/i386-linux-gnu/libXrender.so.1.3.0
7afaf000-7afb2000 ---p 00000000 00:00 0 
7afb2000-7b000000 rwxp 00000000 00:00 0 
7b000000-7b0fb000 rwxp 00000000 00:00 0 
7b0fb000-7b100000 ---p 00000000 00:00 0 
7b101000-7b103000 r-xs 00000000 08:08 1191776    /var/cache/fontconfig/b5ea634b0fb353b8ea17632d1f9ef766-le32d4.cache-3
7b103000-7b107000 r-xs 00000000 08:08 1188889    /var/cache/fontconfig/6eb3985aa4124903f6ff08ba781cd364-le32d4.cache-3
7b10b000-7b114000 r-xp 00000000 08:08 1056410    /usr/lib/i386-linux-gnu/libXcursor.so.1.0.2
7b114000-7b115000 r-xp 00008000 08:08 1056410    /usr/lib/i386-linux-gnu/libXcursor.so.1.0.2
7b115000-7b116000 rwxp 00009000 08:08 1056410    /usr/lib/i386-linux-gnu/libXcursor.so.1.0.2
7b116000-7b119000 r-xp 00000000 08:08 1064001    /usr/lib/libXnCore.so
7b119000-7b11a000 r-xp 00002000 08:08 1064001    /usr/lib/libXnCore.so
7b11a000-7b11b000 rwxp 00003000 08:08 1064001    /usr/lib/libXnCore.so
7b11b000-7b11c000 r-xp 00000000 08:08 1181308    /usr/lib/jvm/java-6-sun-1.6.0.26/jre/lib/i386/libjawt.so
7b11c000-7b11d000 rwxp 00000000 08:08 1181308    /usr/lib/jvm/java-6-sun-1.6.0.26/jre/lib/i386/libjawt.so
7b11d000-7b131000 r-xp 00000000 08:08 1181318    /usr/lib/jvm/java-6-sun-1.6.0.26/jre/lib/i386/libnet.so
7b131000-7b132000 rwxp 00013000 08:08 1181318    /usr/lib/jvm/java-6-sun-1.6.0.26/jre/lib/i386/libnet.so
7b132000-7b133000 r-xs 00000000 08:08 1188895    /var/cache/fontconfig/c05880de57d1f5e948fdfacc138775d9-le32d4.cache-3
7b133000-7b136000 r-xs 00000000 08:08 1188900    /var/cache/fontconfig/d60319d88cac85ba9e1a07bd06cfbb8c-le32d4.cache-3
7b136000-7b13c000 r-xs 00000000 08:08 1206713    /var/cache/fontconfig/153bb866d4d26e7cd19eee2129f8d8d2-le32d4.cache-3
7b13c000-7b13f000 r-xs 00000000 08:08 1206715    /var/cache/fontconfig/7ef2298fde41cc6eeb7af42e48b7d293-le32d4.cache-3
7b13f000-7b14d000 r-xs 00000000 08:08 1190505    /var/cache/fontconfig/865f88548240fee46819705c6468c165-le32d4.cache-3
7b14d000-7b1c6000 r-xp 00000000 08:08 1181295    /usr/lib/jvm/java-6-sun-1.6.0.26/jre/lib/i386/libfontmanager.so
7b1c6000-7b1d0000 rwxp 00078000 08:08 1181295    /usr/lib/jvm/java-6-sun-1.6.0.26/jre/lib/i386/libfontmanager.so
7b1d0000-7b1d5000 rwxp 00000000 00:00 0 
7b1d5000-7b1d8000 r-xs 00017000 08:08 1199756    /home/alejo/Dropbox/code/devices3d/lib/user/proscene/proscene.jar
7b1d8000-7b1f5000 r-xp 00000000 08:08 1056813    /usr/lib/i386-linux-gnu/libxcb.so.1.1.0
7b1f5000-7b1f6000 r-xp 0001c000 08:08 1056813    /usr/lib/i386-linux-gnu/libxcb.so.1.1.0
7b1f6000-7b1f7000 rwxp 0001d000 08:08 1056813    /usr/lib/i386-linux-gnu/libxcb.so.1.1.0
7b1f7000-7b205000 r-xp 00000000 08:08 1056434    /usr/lib/i386-linux-gnu/libXi.so.6.1.0
7b205000-7b206000 r-xp 0000d000 08:08 1056434    /usr/lib/i386-linux-gnu/libXi.so.6.1.0
7b206000-7b207000 rwxp 0000e000 08:08 1056434    /usr/lib/i386-linux-gnu/libXi.so.6.1.0
7b207000-7b338000 r-xp 00000000 08:08 1056398    /usr/lib/i386-linux-gnu/libX11.so.6.3.0
7b338000-7b339000 ---p 00131000 08:08 1056398    /usr/lib/i386-linux-gnu/libX11.so.6.3.0
7b339000-7b33a000 r-xp 00131000 08:08 1056398    /usr/lib/i386-linux-gnu/libX11.so.6.3.0
7b33a000-7b33c000 rwxp 00132000 08:08 1056398    /usr/lib/i386-linux-gnu/libX11.so.6.3.0
7b33c000-7b33d000 rwxp 00000000 00:00 0 
7b33d000-7b34e000 r-xp 00000000 08:08 1056422    /usr/lib/i386-linux-gnu/libXext.so.6.4.0
7b34e000-7b34f000 r-xp 00010000 08:08 1056422    /usr/lib/i386-linux-gnu/libXext.so.6.4.0
7b34f000-7b350000 rwxp 00011000 08:08 1056422    /usr/lib/i386-linux-gnu/libXext.so.6.4.0
7b350000-7b3d5000 r-xp 00000000 08:08 1181290    /usr/lib/jvm/java-6-sun-1.6.0.26/jre/lib/i386/libawt.so
7b3d5000-7b3dc000 rwxp 00085000 08:08 1181290    /usr/lib/jvm/java-6-sun-1.6.0.26/jre/lib/i386/libawt.so
7b3dc000-7b400000 rwxp 00000000 00:00 0 
7b400000-7b4fd000 rwxp 00000000 00:00 0 
7b4fd000-7b500000 ---p 00000000 00:00 0 
7b500000-7b501000 r-xs 00000000 08:08 1188903    /var/cache/fontconfig/e7071f4a29fa870f4323321c154eba04-le32d4.cache-3
7b501000-7b502000 r-xs 00000000 08:08 1188883    /var/cache/fontconfig/4c73fe0c47614734b17d736dbde7580a-le32d4.cache-3
7b502000-7b504000 r-xs 00003000 08:08 1199742    /home/alejo/Dropbox/code/devices3d/lib/user/fullscreen/fullscreen.jar
7b504000-7b508000 r-xs 00020000 08:08 1199717    /home/alejo/Dropbox/code/devices3d/lib/user/SimpleOpenNI/SimpleOpenNI.jar
7b508000-7b51f000 r-xs 0015b000 08:08 1199687    /home/alejo/Dropbox/code/devices3d/lib/base/core/ant.jar
7b51f000-7b52a000 r-xs 00108000 08:08 1326150    /home/alejo/Dropbox/code/devices3d/lib/base/opengl/jogl.jar
7b52a000-7b56d000 r-xp 00000000 08:08 1181341    /usr/lib/jvm/java-6-sun-1.6.0.26/jre/lib/i386/xawt/libmawt.so
7b56d000-7b56f000 rwxp 00043000 08:08 1181341    /usr/lib/jvm/java-6-sun-1.6.0.26/jre/lib/i386/xawt/libmawt.so
7b56f000-7b570000 rwxp 00000000 00:00 0 
7b570000-7b571000 ---p 00000000 00:00 0 
7b571000-7b5f1000 rwxp 00000000 00:00 0 
7b5f1000-7b5f4000 ---p 00000000 00:00 0 
7b5f4000-7b642000 rwxp 00000000 00:00 0 
7b642000-7b645000 ---p 00000000 00:00 0 
7b645000-7b6c3000 rwxp 00000000 00:00 0 
7b6c3000-7b6c6000 ---p 00000000 00:00 0 
7b6c6000-7b744000 rwxp 00000000 00:00 0 
7b744000-7b747000 ---p 00000000 00:00 0 
7b747000-7b795000 rwxp 00000000 00:00 0 
7b795000-7b8c6000 r-xp 0043d000 08:08 1057169    /usr/lib/locale/locale-archive
7b8c6000-7bac6000 r-xp 00000000 08:08 1057169    /usr/lib/locale/locale-archive
7bac6000-7bac9000 ---p 00000000 00:00 0 
7bac9000-7bb17000 rwxp 00000000 00:00 0 
7bb17000-7bb1a000 ---p 00000000 00:00 0 
7bb1a000-7bb68000 rwxp 00000000 00:00 0 
7bb68000-7bd00000 r-xs 03029000 08:08 1181157    /usr/lib/jvm/java-6-sun-1.6.0.26/jre/lib/rt.jar
7bd00000-7bdfd000 rwxp 00000000 00:00 0 
7bdfd000-7be00000 ---p 00000000 00:00 0 
7be00000-7be03000 r-xs 00029000 08:08 2123900    /home/alejo/Dropbox/code/devices3d/lib/user/procontroll/procontroll.jar
7be03000-7be08000 r-xp 00000000 08:08 1056418    /usr/lib/i386-linux-gnu/libXdmcp.so.6.0.0
7be08000-7be09000 r-xp 00004000 08:08 1056418    /usr/lib/i386-linux-gnu/libXdmcp.so.6.0.0
7be09000-7be0a000 rwxp 00005000 08:08 1056418    /usr/lib/i386-linux-gnu/libXdmcp.so.6.0.0
7be0a000-7be4a000 r-xp 002bd000 08:08 1057169    /usr/lib/locale/locale-archive
7be4a000-7be4b000 ---p 00000000 00:00 0 
7be4b000-7beff000 rwxp 00000000 00:00 0 
7beff000-7bf00000 ---p 00000000 00:00 0 
7bf00000-7bf80000 rwxp 00000000 00:00 0 
7bf80000-7bf81000 ---p 00000000 00:00 0 
7bf81000-7c001000 rwxp 00000000 00:00 0 
7c001000-7c002000 ---p 00000000 00:00 0 
7c002000-7c082000 rwxp 00000000 00:00 0 
7c082000-7c083000 ---p 00000000 00:00 0 
7c083000-7c10b000 rwxp 00000000 00:00 0 
7c10b000-7c123000 rwxp 00000000 00:00 0 
7c123000-7c135000 rwxp 00000000 00:00 0 
7c135000-7c235000 rwxp 00000000 00:00 0 
7c235000-7c23d000 rwxp 00000000 00:00 0 
7c23d000-7c255000 rwxp 00000000 00:00 0 
7c255000-7c267000 rwxp 00000000 00:00 0 
7c267000-7c366000 rwxp 00000000 00:00 0 
7c366000-7c376000 rwxp 00000000 00:00 0 
7c376000-7c3ef000 rwxp 00000000 00:00 0 
7c3ef000-7d3f0000 rwxp 00000000 00:00 0 
7d3f0000-803f0000 rwxp 00000000 00:00 0 
803f0000-82620000 rwxp 00000000 00:00 0 
82620000-a26a0000 rwxp 00000000 00:00 0 
a26a0000-a4480000 rwxp 00000000 00:00 0 
a4480000-b37f0000 rwxp 00000000 00:00 0 
b37f0000-b37f1000 r-xs 00000000 08:08 1188876    /var/cache/fontconfig/0d8c3b2ac0904cb8a57a757ad11a4a08-le32d4.cache-3
b37f1000-b37f3000 r-xs 0002b000 08:08 1199690    /home/alejo/Dropbox/code/devices3d/lib/base/core/core.jar
b37f3000-b37f5000 r-xp 00000000 08:08 1056402    /usr/lib/i386-linux-gnu/libXau.so.6.0.0
b37f5000-b37f6000 r-xp 00001000 08:08 1056402    /usr/lib/i386-linux-gnu/libXau.so.6.0.0
b37f6000-b37f7000 rwxp 00002000 08:08 1056402    /usr/lib/i386-linux-gnu/libXau.so.6.0.0
b37f7000-b37fc000 r-xp 00000000 08:08 1052626    /usr/lib/libXtst.so.6.1.0
b37fc000-b37fd000 r-xp 00004000 08:08 1052626    /usr/lib/libXtst.so.6.1.0
b37fd000-b37fe000 rwxp 00005000 08:08 1052626    /usr/lib/libXtst.so.6.1.0
b37fe000-b3807000 rwxp 00000000 00:00 0 
b3807000-b38be000 rwxp 00000000 00:00 0 
b38be000-b3afe000 rwxp 00000000 00:00 0 
b3afe000-b68be000 rwxp 00000000 00:00 0 
b68be000-b68c9000 r-xp 00000000 08:08 1573836    /lib/i386-linux-gnu/libnss_files-2.13.so
b68c9000-b68ca000 r-xp 0000a000 08:08 1573836    /lib/i386-linux-gnu/libnss_files-2.13.so
b68ca000-b68cb000 rwxp 0000b000 08:08 1573836    /lib/i386-linux-gnu/libnss_files-2.13.so
b68cb000-b68d5000 r-xp 00000000 08:08 1573840    /lib/i386-linux-gnu/libnss_nis-2.13.so
b68d5000-b68d6000 r-xp 00009000 08:08 1573840    /lib/i386-linux-gnu/libnss_nis-2.13.so
b68d6000-b68d7000 rwxp 0000a000 08:08 1573840    /lib/i386-linux-gnu/libnss_nis-2.13.so
b68d7000-b68ec000 r-xp 00000000 08:08 1573830    /lib/i386-linux-gnu/libnsl-2.13.so
b68ec000-b68ed000 r-xp 00015000 08:08 1573830    /lib/i386-linux-gnu/libnsl-2.13.so
b68ed000-b68ee000 rwxp 00016000 08:08 1573830    /lib/i386-linux-gnu/libnsl-2.13.so
b68ee000-b68f0000 rwxp 00000000 00:00 0 
b68f0000-b68f1000 r-xs 00000000 08:08 1188887    /var/cache/fontconfig/6a53c69dea097a2d716e069445527da8-le32d4.cache-3
b68f1000-b68f3000 r-xs 00002000 08:08 1199642    /home/alejo/Dropbox/code/devices3d/lib/base/core/ant-launcher.jar
b68f3000-b6902000 r-xp 00000000 08:08 1181329    /usr/lib/jvm/java-6-sun-1.6.0.26/jre/lib/i386/libzip.so
b6902000-b6904000 rwxp 0000e000 08:08 1181329    /usr/lib/jvm/java-6-sun-1.6.0.26/jre/lib/i386/libzip.so
b6904000-b690c000 rwxs 00000000 08:08 411597     /tmp/hsperfdata_alejo/9091
b690c000-b692f000 r-xp 00000000 08:08 1181303    /usr/lib/jvm/java-6-sun-1.6.0.26/jre/lib/i386/libjava.so
b692f000-b6931000 rwxp 00023000 08:08 1181303    /usr/lib/jvm/java-6-sun-1.6.0.26/jre/lib/i386/libjava.so
b6931000-b6938000 r-xp 00000000 08:08 1573859    /lib/i386-linux-gnu/librt-2.13.so
b6938000-b6939000 r-xp 00006000 08:08 1573859    /lib/i386-linux-gnu/librt-2.13.so
b6939000-b693a000 rwxp 00007000 08:08 1573859    /lib/i386-linux-gnu/librt-2.13.so
b693a000-b693d000 ---p 00000000 00:00 0 
b693d000-b698b000 rwxp 00000000 00:00 0 
b698b000-b69b3000 r-xp 00000000 08:08 1573825    /lib/i386-linux-gnu/libm-2.13.so
b69b3000-b69b4000 r-xp 00028000 08:08 1573825    /lib/i386-linux-gnu/libm-2.13.so
b69b4000-b69b5000 rwxp 00029000 08:08 1573825    /lib/i386-linux-gnu/libm-2.13.so
b69b5000-b7167000 r-xp 00000000 08:08 1181340    /usr/lib/jvm/java-6-sun-1.6.0.26/jre/lib/i386/server/libjvm.so
b7167000-b71bb000 rwxp 007b1000 08:08 1181340    /usr/lib/jvm/java-6-sun-1.6.0.26/jre/lib/i386/server/libjvm.so
b71bb000-b75da000 rwxp 00000000 00:00 0 
b75da000-b7750000 r-xp 00000000 08:08 1573795    /lib/i386-linux-gnu/libc-2.13.so
b7750000-b7752000 r-xp 00176000 08:08 1573795    /lib/i386-linux-gnu/libc-2.13.so
b7752000-b7753000 rwxp 00178000 08:08 1573795    /lib/i386-linux-gnu/libc-2.13.so
b7753000-b7756000 rwxp 00000000 00:00 0 
b7756000-b7759000 r-xp 00000000 08:08 1573806    /lib/i386-linux-gnu/libdl-2.13.so
b7759000-b775a000 r-xp 00002000 08:08 1573806    /lib/i386-linux-gnu/libdl-2.13.so
b775a000-b775b000 rwxp 00003000 08:08 1573806    /lib/i386-linux-gnu/libdl-2.13.so
b775b000-b7762000 r-xp 00000000 08:08 1181335    /usr/lib/jvm/java-6-sun-1.6.0.26/jre/lib/i386/jli/libjli.so
b7762000-b7764000 rwxp 00006000 08:08 1181335    /usr/lib/jvm/java-6-sun-1.6.0.26/jre/lib/i386/jli/libjli.so
b7764000-b7765000 rwxp 00000000 00:00 0 
b7765000-b777c000 r-xp 00000000 08:08 1573855    /lib/i386-linux-gnu/libpthread-2.13.so
b777c000-b777d000 r-xp 00016000 08:08 1573855    /lib/i386-linux-gnu/libpthread-2.13.so
b777d000-b777e000 rwxp 00017000 08:08 1573855    /lib/i386-linux-gnu/libpthread-2.13.so
b777e000-b7780000 rwxp 00000000 00:00 0 
b7780000-b7781000 r-xs 00000000 08:08 1193307    /var/cache/fontconfig/4794a0821666d79190d59a36cb4f44b5-le32d4.cache-3
b7781000-b7782000 r-xs 00004000 08:08 1326149    /home/alejo/Dropbox/code/devices3d/lib/base/opengl/gluegen-rt.jar
b7782000-b7783000 r-xs 00003000 08:08 1326148    /home/alejo/Dropbox/code/devices3d/lib/base/opengl/opengl.jar
b7783000-b7784000 r-xp 00571000 08:08 1057169    /usr/lib/locale/locale-archive
b7784000-b778c000 r-xp 00000000 08:08 1573832    /lib/i386-linux-gnu/libnss_compat-2.13.so
b778c000-b778d000 r-xp 00007000 08:08 1573832    /lib/i386-linux-gnu/libnss_compat-2.13.so
b778d000-b778e000 rwxp 00008000 08:08 1573832    /lib/i386-linux-gnu/libnss_compat-2.13.so
b778e000-b778f000 rwxp 00000000 00:00 0 
b778f000-b7790000 r-xp 00000000 00:00 0 
b7790000-b779b000 r-xp 00000000 08:08 1181328    /usr/lib/jvm/java-6-sun-1.6.0.26/jre/lib/i386/libverify.so
b779b000-b779c000 rwxp 0000b000 08:08 1181328    /usr/lib/jvm/java-6-sun-1.6.0.26/jre/lib/i386/libverify.so
b779c000-b779e000 rwxp 00000000 00:00 0 
b779e000-b779f000 r-xp 00000000 00:00 0          [vdso]
b779f000-b77bd000 r-xp 00000000 08:08 1573782    /lib/i386-linux-gnu/ld-2.13.so
b77bd000-b77be000 r-xp 0001d000 08:08 1573782    /lib/i386-linux-gnu/ld-2.13.so
b77be000-b77bf000 rwxp 0001e000 08:08 1573782    /lib/i386-linux-gnu/ld-2.13.so
bff3e000-bff5f000 rwxp 00000000 00:00 0          [stack]

VM Arguments:
jvm_args: -Djava.library.path=/home/alejo/Dropbox/code/devices3d/lib/base/opengl:/home/alejo/Dropbox/code/devices3d/lib/base/opengl:/home/alejo/Dropbox/code/devices3d/lib/base/opengl:/home/alejo/Dropbox/code/devices3d/lib/base/core:/home/alejo/Dropbox/code/devices3d/lib/base/core:/home/alejo/Dropbox/code/devices3d/lib/base/core:/home/alejo/Dropbox/code/devices3d/lib/user/procontroll:/home/alejo/Dropbox/code/devices3d/lib/user/SimpleOpenNI:/home/alejo/Dropbox/code/devices3d/lib/user/fullscreen:/home/alejo/Dropbox/code/devices3d/lib/user/proscene -Djava.security.policy=java.policy.applet -Dfile.encoding=UTF-8 
java_command: sun.applet.AppletViewer devices3d.Devices3d1333678339638.html
Launcher Type: SUN_STANDARD

Environment Variables:
PATH=/opt/microchip/mplabc32/v2.02/bin:/opt/microchip/mplabc30/v3.30c/bin:/usr/lib/lightdm/lightdm:/usr/local/sbin:/usr/local/bin:/usr/sbin:/usr/bin:/sbin:/bin:/usr/games
USERNAME=alejo
LD_LIBRARY_PATH=/usr/lib/jvm/java-6-sun-1.6.0.26/jre/lib/i386/server:/usr/lib/jvm/java-6-sun-1.6.0.26/jre/lib/i386:/usr/lib/jvm/java-6-sun-1.6.0.26/jre/../lib/i386:/usr/lib/jvm/java-6-sun-1.6.0.26/jre/lib/i386/client:/usr/lib/jvm/java-6-sun-1.6.0.26/jre/lib/i386:
SHELL=/bin/bash
DISPLAY=:0.0

Signal Handlers:
SIGSEGV: [libjvm.so+0x725510], sa_mask[0]=0x7ffbfeff, sa_flags=0x10000004
SIGBUS: [libjvm.so+0x725510], sa_mask[0]=0x7ffbfeff, sa_flags=0x10000004
SIGFPE: [libjvm.so+0x5dff20], sa_mask[0]=0x7ffbfeff, sa_flags=0x10000004
SIGPIPE: [libjvm.so+0x5dff20], sa_mask[0]=0x7ffbfeff, sa_flags=0x10000004
SIGXFSZ: [libjvm.so+0x5dff20], sa_mask[0]=0x7ffbfeff, sa_flags=0x10000004
SIGILL: [libjvm.so+0x5dff20], sa_mask[0]=0x7ffbfeff, sa_flags=0x10000004
SIGUSR1: SIG_DFL, sa_mask[0]=0x00000000, sa_flags=0x00000000
SIGUSR2: [libjvm.so+0x5e3160], sa_mask[0]=0x00000004, sa_flags=0x10000004
SIGHUP: [libjvm.so+0x5e2d40], sa_mask[0]=0x7ffbfeff, sa_flags=0x10000004
SIGINT: [libjvm.so+0x5e2d40], sa_mask[0]=0x7ffbfeff, sa_flags=0x10000004
SIGTERM: [libjvm.so+0x5e2d40], sa_mask[0]=0x7ffbfeff, sa_flags=0x10000004
SIGQUIT: [libjvm.so+0x5e2d40], sa_mask[0]=0x7ffbfeff, sa_flags=0x10000004


---------------  S Y S T E M  ---------------

OS:wheezy/sid

uname:Linux 3.0.0-12-generic #20-Ubuntu SMP Fri Oct 7 14:50:42 UTC 2011 i686
libc:glibc 2.13 NPTL 2.13 
rlimit: STACK 8192k, CORE 0k, NPROC 26110, NOFILE 4096, AS infinity
load average:0.17 0.17 0.15

/proc/meminfo:
MemTotal:        3356112 kB
MemFree:          340892 kB
Buffers:          372676 kB
Cached:          1095056 kB
SwapCached:            0 kB
Active:          1562420 kB
Inactive:        1093268 kB
Active(anon):    1190488 kB
Inactive(anon):    11824 kB
Active(file):     371932 kB
Inactive(file):  1081444 kB
Unevictable:          16 kB
Mlocked:              16 kB
HighTotal:       2497096 kB
HighFree:          31108 kB
LowTotal:         859016 kB
LowFree:          309784 kB
SwapTotal:      14645240 kB
SwapFree:       14645240 kB
Dirty:               184 kB
Writeback:             0 kB
AnonPages:       1188664 kB
Mapped:           324336 kB
Shmem:             14312 kB
Slab:              99484 kB
SReclaimable:      77788 kB
SUnreclaim:        21696 kB
KernelStack:        4424 kB
PageTables:        22164 kB
NFS_Unstable:          0 kB
Bounce:                0 kB
WritebackTmp:          0 kB
CommitLimit:    16323296 kB
Committed_AS:    4334192 kB
VmallocTotal:     122880 kB
VmallocUsed:       59252 kB
VmallocChunk:      58104 kB
HardwareCorrupted:     0 kB
AnonHugePages:         0 kB
HugePages_Total:       0
HugePages_Free:        0
HugePages_Rsvd:        0
HugePages_Surp:        0
Hugepagesize:       4096 kB
DirectMap4k:       12280 kB
DirectMap4M:      897024 kB


CPU:total 4 (4 cores per cpu, 1 threads per core) family 16 model 4 stepping 3, cmov, cx8, fxsr, mmx, sse, sse2, sse3, popcnt, mmxext, 3dnow, 3dnowext, lzcnt, sse4a

/proc/cpuinfo:
processor	: 0
vendor_id	: AuthenticAMD
cpu family	: 16
model		: 4
model name	: AMD Phenom(tm) II X4 945 Processor
stepping	: 3
cpu MHz		: 3010.822
cache size	: 512 KB
physical id	: 0
siblings	: 4
core id		: 0
cpu cores	: 4
apicid		: 0
initial apicid	: 0
fdiv_bug	: no
hlt_bug		: no
f00f_bug	: no
coma_bug	: no
fpu		: yes
fpu_exception	: yes
cpuid level	: 5
wp		: yes
flags		: fpu vme de pse tsc msr pae mce cx8 apic mtrr pge mca cmov pat pse36 clflush mmx fxsr sse sse2 ht syscall nx mmxext fxsr_opt pdpe1gb rdtscp lm 3dnowext 3dnow constant_tsc nonstop_tsc extd_apicid pni monitor cx16 popcnt lahf_lm cmp_legacy svm extapic cr8_legacy abm sse4a misalignsse 3dnowprefetch osvw ibs skinit wdt npt lbrv svm_lock nrip_save
bogomips	: 6021.64
clflush size	: 64
cache_alignment	: 64
address sizes	: 48 bits physical, 48 bits virtual
power management: ts ttp tm stc 100mhzsteps hwpstate

processor	: 1
vendor_id	: AuthenticAMD
cpu family	: 16
model		: 4
model name	: AMD Phenom(tm) II X4 945 Processor
stepping	: 3
cpu MHz		: 3010.822
cache size	: 512 KB
physical id	: 0
siblings	: 4
core id		: 1
cpu cores	: 4
apicid		: 1
initial apicid	: 1
fdiv_bug	: no
hlt_bug		: no
f00f_bug	: no
coma_bug	: no
fpu		: yes
fpu_exception	: yes
cpuid level	: 5
wp		: yes
flags		: fpu vme de pse tsc msr pae mce cx8 apic mtrr pge mca cmov pat pse36 clflush mmx fxsr sse sse2 ht syscall nx mmxext fxsr_opt pdpe1gb rdtscp lm 3dnowext 3dnow constant_tsc nonstop_tsc extd_apicid pni monitor cx16 popcnt lahf_lm cmp_legacy svm extapic cr8_legacy abm sse4a misalignsse 3dnowprefetch osvw ibs skinit wdt npt lbrv svm_lock nrip_save
bogomips	: 6020.55
clflush size	: 64
cache_alignment	: 64
address sizes	: 48 bits physical, 48 bits virtual
power management: ts ttp tm stc 100mhzsteps hwpstate

processor	: 2
vendor_id	: AuthenticAMD
cpu family	: 16
model		: 4
model name	: AMD Phenom(tm) II X4 945 Processor
stepping	: 3
cpu MHz		: 3010.822
cache size	: 512 KB
physical id	: 0
siblings	: 4
core id		: 2
cpu cores	: 4
apicid		: 2
initial apicid	: 2
fdiv_bug	: no
hlt_bug		: no
f00f_bug	: no
coma_bug	: no
fpu		: yes
fpu_exception	: yes
cpuid level	: 5
wp		: yes
flags		: fpu vme de pse tsc msr pae mce cx8 apic mtrr pge mca cmov pat pse36 clflush mmx fxsr sse sse2 ht syscall nx mmxext fxsr_opt pdpe1gb rdtscp lm 3dnowext 3dnow constant_tsc nonstop_tsc extd_apicid pni monitor cx16 popcnt lahf_lm cmp_legacy svm extapic cr8_legacy abm sse4a misalignsse 3dnowprefetch osvw ibs skinit wdt npt lbrv svm_lock nrip_save
bogomips	: 6020.55
clflush size	: 64
cache_alignment	: 64
address sizes	: 48 bits physical, 48 bits virtual
power management: ts ttp tm stc 100mhzsteps hwpstate

processor	: 3
vendor_id	: AuthenticAMD
cpu family	: 16
model		: 4
model name	: AMD Phenom(tm) II X4 945 Processor
stepping	: 3
cpu MHz		: 3010.822
cache size	: 512 KB
physical id	: 0
siblings	: 4
core id		: 3
cpu cores	: 4
apicid		: 3
initial apicid	: 3
fdiv_bug	: no
hlt_bug		: no
f00f_bug	: no
coma_bug	: no
fpu		: yes
fpu_exception	: yes
cpuid level	: 5
wp		: yes
flags		: fpu vme de pse tsc msr pae mce cx8 apic mtrr pge mca cmov pat pse36 clflush mmx fxsr sse sse2 ht syscall nx mmxext fxsr_opt pdpe1gb rdtscp lm 3dnowext 3dnow constant_tsc nonstop_tsc extd_apicid pni monitor cx16 popcnt lahf_lm cmp_legacy svm extapic cr8_legacy abm sse4a misalignsse 3dnowprefetch osvw ibs skinit wdt npt lbrv svm_lock nrip_save
bogomips	: 6020.55
clflush size	: 64
cache_alignment	: 64
address sizes	: 48 bits physical, 48 bits virtual
power management: ts ttp tm stc 100mhzsteps hwpstate



Memory: 4k page, physical 3356112k(341004k free), swap 14645240k(14645240k free)

vm_info: Java HotSpot(TM) Server VM (20.1-b02) for linux-x86 JRE (1.6.0_26-b03), built on May  4 2011 01:04:10 by "java_re" with gcc 3.2.1-7a (J2SE release)

time: Thu Apr  5 21:12:20 2012
elapsed time: 0 seconds

