#
# A fatal error has been detected by the Java Runtime Environment:
#
#  SIGSEGV (0xb) at pc=0x7a354d5a, pid=2476, tid=2060118896
#
# JRE version: 6.0_26-b03
# Java VM: Java HotSpot(TM) Server VM (20.1-b02 mixed mode linux-x86 )
# Problematic frame:
# C  [libOpenNI.so+0x33d5a]  long long+0x1a
#
# If you would like to submit a bug report, please visit:
#   http://java.sun.com/webapps/bugreport/crash.jsp
# The crash happened outside the Java Virtual Machine in native code.
# See problematic frame for where to report the bug.
#

---------------  T H R E A D  ---------------

Current thread (0x095f7400):  JavaThread "Animation Thread" [_thread_in_native, id=2503, stack(0x7ac5e000,0x7acaf000)]

siginfo:si_signo=SIGSEGV: si_errno=0, si_code=1 (SEGV_MAPERR), si_addr=0x00000000

Registers:
EAX=0x00000000, EBX=0x7a39eff4, ECX=0x00000001, EDX=0x7ab634b0
ESP=0x7acad410, EBP=0x7acad438, ESI=0x00000000, EDI=0x095f7400
EIP=0x7a354d5a, EFLAGS=0x00010202, CR2=0x00000000

Top of Stack: (sp=0x7acad410)
0x7acad410:   7a323dec 7a485ff4 7cd70ed0 095f7400
0x7acad420:   7acad458 b7818c30 7ab634b0 7a354d40
0x7acad430:   7a485ff4 7cd70ed0 7acad458 7a43b98c
0x7acad440:   00000000 7ab634b0 7ab634b0 7a43b966
0x7acad450:   7ab63440 7a485ff4 7acad488 7a4426f1
0x7acad460:   7ab63440 7ab634b0 00000000 00000000
0x7acad470:   7acad4a8 b7818c30 095f7400 7a442601
0x7acad480:   7a485ff4 7cd70ed0 7acad4a8 7a442825 

Instructions: (pc=0x7a354d5a)
0x7a354d3a:   bc 27 00 00 00 00 55 89 e5 83 ec 28 89 75 fc 8b
0x7a354d4a:   75 08 89 5d f8 e8 13 a8 fd ff 81 c3 a0 a2 04 00
0x7a354d5a:   8b 06 8b 50 08 85 d2 74 0c 8b 40 04 8b 00 a9 00
0x7a354d6a:   00 01 00 75 11 8b 5d f8 b8 12 00 01 00 8b 75 fc 

Register to memory mapping:

EAX=0x00000000 is an unknown value
EBX=0x7a39eff4: <offset 0x7dff4> in /usr/lib/libOpenNI.so at 0x7a321000
ECX=0x00000001 is an unknown value
EDX=0x7ab634b0 is an unknown value
ESP=0x7acad410 is pointing into the stack for thread: 0x095f7400
EBP=0x7acad438 is pointing into the stack for thread: 0x095f7400
ESI=0x00000000 is an unknown value
EDI=0x095f7400 is a thread


Stack: [0x7ac5e000,0x7acaf000],  sp=0x7acad410,  free space=317k
Native frames: (J=compiled Java code, j=interpreted, Vv=VM code, C=native code)
C  [libOpenNI.so+0x33d5a]  long long+0x1a
C  [libSimpleOpenNI.so+0x9a98c]  xn::MapGenerator::SetMapOutputMode(XnMapOutputMode const&)+0x26
C  [libSimpleOpenNI.so+0xa16f1]  sOpenNI::ContextWrapper::createDepth(bool)+0xdb
C  [libSimpleOpenNI.so+0xa1825]  sOpenNI::ContextWrapper::enableDepth()+0x6b
C  [libSimpleOpenNI.so+0x848c6]  Java_SimpleOpenNI_SimpleOpenNIJNI_ContextWrapper_1enableDepthSwigExplicitContextWrapper_1_1SWIG_10+0x3c
j  SimpleOpenNI.SimpleOpenNIJNI.ContextWrapper_enableDepthSwigExplicitContextWrapper__SWIG_0(JLSimpleOpenNI/ContextWrapper;)Z+0
j  SimpleOpenNI.ContextWrapper.enableDepth()Z+26
j  SimpleOpenNI.SimpleOpenNI.enableDepth()Z+1
j  remixlab.devices.Kinect.<init>(Lprocessing/core/PApplet;Lremixlab/proscene/Scene;)V+60
j  remixlab.experiments.Experiment.initDevice(Lremixlab/experiments/Experiment$Device;)V+139
j  remixlab.experiments.Experiment.<init>(Lprocessing/core/PApplet;Lremixlab/experiments/Sketch;)V+89
j  remixlab.experiments.Sketch.init()V+100
j  remixlab.proscene.Scene.<init>(Lprocessing/core/PApplet;Lprocessing/core/PGraphics3D;II)V+340
j  remixlab.proscene.Scene.<init>(Lprocessing/core/PApplet;Lprocessing/core/PGraphics3D;)V+5
j  remixlab.proscene.Scene.<init>(Lprocessing/core/PApplet;)V+9
j  remixlab.experiments.Sketch.<init>(Lprocessing/core/PApplet;)V+2
j  devices3d.Devices3d.identif(Ljava/lang/String;)V+14
v  ~StubRoutines::call_stub
V  [libjvm.so+0x3dff01]  JavaCalls::call_helper(JavaValue*, methodHandle*, JavaCallArguments*, Thread*)+0x1c1
V  [libjvm.so+0x5e1298]  os::os_exception_wrapper(void (*)(JavaValue*, methodHandle*, JavaCallArguments*, Thread*), JavaValue*, methodHandle*, JavaCallArguments*, Thread*)+0x18
V  [libjvm.so+0x3dfd2f]  JavaCalls::call(JavaValue*, methodHandle, JavaCallArguments*, Thread*)+0x2f
V  [libjvm.so+0x6383b5]  Reflection::invoke(instanceKlassHandle, methodHandle, Handle, bool, objArrayHandle, BasicType, objArrayHandle, bool, Thread*)+0x445
V  [libjvm.so+0x63b777]  Reflection::invoke_method(oopDesc*, Handle, objArrayHandle, Thread*)+0x127
V  [libjvm.so+0x45f93f]  JVM_InvokeMethod+0x1ff
C  [libjava.so+0x151f4]  Java_sun_reflect_NativeMethodAccessorImpl_invoke0+0x34
j  sun.reflect.NativeMethodAccessorImpl.invoke0(Ljava/lang/reflect/Method;Ljava/lang/Object;[Ljava/lang/Object;)Ljava/lang/Object;+0
j  sun.reflect.NativeMethodAccessorImpl.invoke(Ljava/lang/Object;[Ljava/lang/Object;)Ljava/lang/Object;+87
j  sun.reflect.DelegatingMethodAccessorImpl.invoke(Ljava/lang/Object;[Ljava/lang/Object;)Ljava/lang/Object;+6
j  java.lang.reflect.Method.invoke(Ljava/lang/Object;[Ljava/lang/Object;)Ljava/lang/Object;+161
j  controlP5.ControlBroadcaster.invokeMethod(Ljava/lang/Object;Ljava/lang/reflect/Method;[Ljava/lang/Object;)V+22
j  controlP5.ControlBroadcaster.callTarget(LcontrolP5/ControllerPlug;Ljava/lang/String;)V+25
j  controlP5.ControlBroadcaster.broadcast(LcontrolP5/ControlEvent;I)V+113
j  controlP5.Controller.broadcast(I)V+78
j  controlP5.Textfield.setValue(Ljava/lang/String;)V+51
j  controlP5.Textfield.update()V+16
j  controlP5.Textfield.submit()V+26
j  controlP5.Textfield.keyEvent(Ljava/awt/event/KeyEvent;)V+349
j  controlP5.ControllerGroup.keyEvent(Ljava/awt/event/KeyEvent;)V+22
j  controlP5.ControlWindow.keyEvent(Ljava/awt/event/KeyEvent;)V+22
j  controlP5.ControlWindowKeyHandler.keyEvent(Ljava/awt/event/KeyEvent;LcontrolP5/ControlWindow;Z)V+343
j  controlP5.ControlWindowKeyListener.keyEvent(Ljava/awt/event/KeyEvent;)V+12
j  sun.reflect.GeneratedMethodAccessor5.invoke(Ljava/lang/Object;[Ljava/lang/Object;)Ljava/lang/Object;+40
j  sun.reflect.DelegatingMethodAccessorImpl.invoke(Ljava/lang/Object;[Ljava/lang/Object;)Ljava/lang/Object;+6
j  java.lang.reflect.Method.invoke(Ljava/lang/Object;[Ljava/lang/Object;)Ljava/lang/Object;+161
j  processing.core.PApplet$RegisteredMethods.handle([Ljava/lang/Object;)V+23
j  processing.core.PApplet.handleKeyEvent(Ljava/awt/event/KeyEvent;)V+33
j  processing.core.PApplet.dequeueKeyEvents()V+32
j  processing.core.PApplet.handleDraw()V+169
j  processing.core.PApplet.run()V+72
j  java.lang.Thread.run()V+11
v  ~StubRoutines::call_stub
V  [libjvm.so+0x3dff01]  JavaCalls::call_helper(JavaValue*, methodHandle*, JavaCallArguments*, Thread*)+0x1c1
V  [libjvm.so+0x5e1298]  os::os_exception_wrapper(void (*)(JavaValue*, methodHandle*, JavaCallArguments*, Thread*), JavaValue*, methodHandle*, JavaCallArguments*, Thread*)+0x18
V  [libjvm.so+0x3df775]  JavaCalls::call_virtual(JavaValue*, KlassHandle, symbolHandle, symbolHandle, JavaCallArguments*, Thread*)+0xc5
V  [libjvm.so+0x3df838]  JavaCalls::call_virtual(JavaValue*, Handle, KlassHandle, symbolHandle, symbolHandle, Thread*)+0x58
V  [libjvm.so+0x4642d7]  thread_entry(JavaThread*, Thread*)+0xa7
V  [libjvm.so+0x6e16bf]  JavaThread::run()+0x11f
V  [libjvm.so+0x5e2aee]  java_start(Thread*)+0x14e
C  [libpthread.so.0+0x6d31]  short+0xd1

Java frames: (J=compiled Java code, j=interpreted, Vv=VM code)
j  SimpleOpenNI.SimpleOpenNIJNI.ContextWrapper_enableDepthSwigExplicitContextWrapper__SWIG_0(JLSimpleOpenNI/ContextWrapper;)Z+0
j  SimpleOpenNI.ContextWrapper.enableDepth()Z+26
j  SimpleOpenNI.SimpleOpenNI.enableDepth()Z+1
j  remixlab.devices.Kinect.<init>(Lprocessing/core/PApplet;Lremixlab/proscene/Scene;)V+60
j  remixlab.experiments.Experiment.initDevice(Lremixlab/experiments/Experiment$Device;)V+139
j  remixlab.experiments.Experiment.<init>(Lprocessing/core/PApplet;Lremixlab/experiments/Sketch;)V+89
j  remixlab.experiments.Sketch.init()V+100
j  remixlab.proscene.Scene.<init>(Lprocessing/core/PApplet;Lprocessing/core/PGraphics3D;II)V+340
j  remixlab.proscene.Scene.<init>(Lprocessing/core/PApplet;Lprocessing/core/PGraphics3D;)V+5
j  remixlab.proscene.Scene.<init>(Lprocessing/core/PApplet;)V+9
j  remixlab.experiments.Sketch.<init>(Lprocessing/core/PApplet;)V+2
j  devices3d.Devices3d.identif(Ljava/lang/String;)V+14
v  ~StubRoutines::call_stub
j  sun.reflect.NativeMethodAccessorImpl.invoke0(Ljava/lang/reflect/Method;Ljava/lang/Object;[Ljava/lang/Object;)Ljava/lang/Object;+0
j  sun.reflect.NativeMethodAccessorImpl.invoke(Ljava/lang/Object;[Ljava/lang/Object;)Ljava/lang/Object;+87
j  sun.reflect.DelegatingMethodAccessorImpl.invoke(Ljava/lang/Object;[Ljava/lang/Object;)Ljava/lang/Object;+6
j  java.lang.reflect.Method.invoke(Ljava/lang/Object;[Ljava/lang/Object;)Ljava/lang/Object;+161
j  controlP5.ControlBroadcaster.invokeMethod(Ljava/lang/Object;Ljava/lang/reflect/Method;[Ljava/lang/Object;)V+22
j  controlP5.ControlBroadcaster.callTarget(LcontrolP5/ControllerPlug;Ljava/lang/String;)V+25
j  controlP5.ControlBroadcaster.broadcast(LcontrolP5/ControlEvent;I)V+113
j  controlP5.Controller.broadcast(I)V+78
j  controlP5.Textfield.setValue(Ljava/lang/String;)V+51
j  controlP5.Textfield.update()V+16
j  controlP5.Textfield.submit()V+26
j  controlP5.Textfield.keyEvent(Ljava/awt/event/KeyEvent;)V+349
j  controlP5.ControllerGroup.keyEvent(Ljava/awt/event/KeyEvent;)V+22
j  controlP5.ControlWindow.keyEvent(Ljava/awt/event/KeyEvent;)V+22
j  controlP5.ControlWindowKeyHandler.keyEvent(Ljava/awt/event/KeyEvent;LcontrolP5/ControlWindow;Z)V+343
j  controlP5.ControlWindowKeyListener.keyEvent(Ljava/awt/event/KeyEvent;)V+12
j  sun.reflect.GeneratedMethodAccessor5.invoke(Ljava/lang/Object;[Ljava/lang/Object;)Ljava/lang/Object;+40
j  sun.reflect.DelegatingMethodAccessorImpl.invoke(Ljava/lang/Object;[Ljava/lang/Object;)Ljava/lang/Object;+6
j  java.lang.reflect.Method.invoke(Ljava/lang/Object;[Ljava/lang/Object;)Ljava/lang/Object;+161
j  processing.core.PApplet$RegisteredMethods.handle([Ljava/lang/Object;)V+23
j  processing.core.PApplet.handleKeyEvent(Ljava/awt/event/KeyEvent;)V+33
j  processing.core.PApplet.dequeueKeyEvents()V+32
j  processing.core.PApplet.handleDraw()V+169
j  processing.core.PApplet.run()V+72
j  java.lang.Thread.run()V+11
v  ~StubRoutines::call_stub

---------------  P R O C E S S  ---------------

Java Threads: ( => current thread )
  0x7ab40400 JavaThread "process reaper" daemon [_thread_in_native, id=2509, stack(0x7a489000,0x7a4da000)]
  0x7add6400 JavaThread "Image Fetcher 0" daemon [_thread_blocked, id=2504, stack(0x7ac0d000,0x7ac5e000)]
=>0x095f7400 JavaThread "Animation Thread" [_thread_in_native, id=2503, stack(0x7ac5e000,0x7acaf000)]
  0x0941dc00 JavaThread "AWT-EventQueue-1" [_thread_blocked, id=2502, stack(0x7acaf000,0x7ad00000)]
  0x7b021800 JavaThread "DestroyJavaVM" [_thread_blocked, id=2481, stack(0xb69a0000,0xb69f1000)]
  0x7b045800 JavaThread "AWT-EventQueue-0" [_thread_blocked, id=2499, stack(0x7ae2a000,0x7ae7b000)]
  0x7b043c00 JavaThread "AWT-Shutdown" [_thread_blocked, id=2498, stack(0x7ae7b000,0x7aecc000)]
  0x095e9c00 JavaThread "thread applet-devices3d.Devices3d.class" [_thread_blocked, id=2497, stack(0x7af37000,0x7af88000)]
  0x095c2800 JavaThread "AWT-XAWT" daemon [_thread_in_native, id=2495, stack(0x7af88000,0x7afd9000)]
  0x09452400 JavaThread "Java2D Disposer" daemon [_thread_blocked, id=2494, stack(0x7b127000,0x7b178000)]
  0x0942f400 JavaThread "Low Memory Detector" daemon [_thread_blocked, id=2492, stack(0x7b64c000,0x7b69d000)]
  0x7bea9400 JavaThread "C2 CompilerThread1" daemon [_thread_blocked, id=2491, stack(0x7b69d000,0x7b71e000)]
  0x7bea7400 JavaThread "C2 CompilerThread0" daemon [_thread_blocked, id=2490, stack(0x7b71e000,0x7b79f000)]
  0x7bea5c00 JavaThread "Signal Dispatcher" daemon [_thread_blocked, id=2489, stack(0x7b79f000,0x7b7f0000)]
  0x7be97800 JavaThread "Finalizer" daemon [_thread_blocked, id=2488, stack(0x7bf1e000,0x7bf6f000)]
  0x7be96000 JavaThread "Reference Handler" daemon [_thread_blocked, id=2487, stack(0x7bb62000,0x7bbb3000)]

Other Threads:
  0x7be92400 VMThread [stack: 0x7bbb3000,0x7bc34000] [id=2486]
  0x7beb3c00 WatcherThread [stack: 0x7b5cb000,0x7b64c000] [id=2493]

VM state:not at safepoint (normal execution)

VM Mutex/Monitor currently owned by a thread: None

Heap
 PSYoungGen      total 28416K, used 12326K [0xa2710000, 0xa44f0000, 0xb3860000)
  eden space 26240K, 39% used [0xa2710000,0xa3136760,0xa40b0000)
  from space 2176K, 88% used [0xa42d0000,0xa44b3258,0xa44f0000)
  to   space 2176K, 0% used [0xa40b0000,0xa40b0000,0xa42d0000)
 PSOldGen        total 35008K, used 17906K [0x80460000, 0x82690000, 0xa2710000)
  object space 35008K, 51% used [0x80460000,0x815dc930,0x82690000)
 PSPermGen       total 16384K, used 9403K [0x7c460000, 0x7d460000, 0x80460000)
  object space 16384K, 57% used [0x7c460000,0x7cd8ec18,0x7d460000)

Code Cache  [0xb3924000, 0xb3b64000, 0xb6924000)
 total_blobs=364 nmethods=61 adapters=258 free_code_cache=49827136 largest_free_block=6464

Dynamic libraries:
08048000-08052000 r-xp 00000000 08:08 1181081    /usr/lib/jvm/java-6-sun-1.6.0.26/jre/bin/java
08052000-08053000 rwxp 00009000 08:08 1181081    /usr/lib/jvm/java-6-sun-1.6.0.26/jre/bin/java
09417000-09765000 rwxp 00000000 00:00 0          [heap]
78c02000-78c8b000 r-xp 00000000 08:08 1070238    /usr/lib/libXnDeviceSensorV2KM.so
78c8b000-78c94000 r-xp 00088000 08:08 1070238    /usr/lib/libXnDeviceSensorV2KM.so
78c94000-78c95000 rwxp 00091000 08:08 1070238    /usr/lib/libXnDeviceSensorV2KM.so
78c95000-78d75000 r-xp 00000000 08:08 1064091    /usr/lib/libXnVHandGenerator_1_5_0.so
78d75000-78d78000 r-xp 000df000 08:08 1064091    /usr/lib/libXnVHandGenerator_1_5_0.so
78d78000-78d79000 rwxp 000e2000 08:08 1064091    /usr/lib/libXnVHandGenerator_1_5_0.so
78d79000-78d85000 rwxp 00000000 00:00 0 
78d85000-79178000 r-xp 00000000 08:08 1064087    /usr/lib/libXnVFeatures_1_5_0.so
79178000-79179000 ---p 003f3000 08:08 1064087    /usr/lib/libXnVFeatures_1_5_0.so
79179000-79181000 r-xp 003f3000 08:08 1064087    /usr/lib/libXnVFeatures_1_5_0.so
79181000-79182000 rwxp 003fb000 08:08 1064087    /usr/lib/libXnVFeatures_1_5_0.so
79182000-79196000 rwxp 00000000 00:00 0 
79196000-791c3000 r-xp 00000000 08:08 1064003    /usr/lib/libXnDeviceFile.so
791c3000-791c4000 r-xp 0002d000 08:08 1064003    /usr/lib/libXnDeviceFile.so
791c4000-791c5000 rwxp 0002e000 08:08 1064003    /usr/lib/libXnDeviceFile.so
791c5000-79217000 r-xp 00000000 08:08 1064002    /usr/lib/libXnDDK.so
79217000-79219000 r-xp 00051000 08:08 1064002    /usr/lib/libXnDDK.so
79219000-7921a000 rwxp 00053000 08:08 1064002    /usr/lib/libXnDDK.so
7921a000-7923e000 r-xp 00000000 08:08 1064005    /usr/lib/libXnFormats.so
7923e000-7923f000 r-xp 00023000 08:08 1064005    /usr/lib/libXnFormats.so
7923f000-79240000 rwxp 00024000 08:08 1064005    /usr/lib/libXnFormats.so
79240000-79260000 rwxp 00000000 00:00 0 
7927c000-79315000 r-xp 00000000 08:08 1064004    /usr/lib/libXnDeviceSensorV2.so
79315000-7931e000 r-xp 00098000 08:08 1064004    /usr/lib/libXnDeviceSensorV2.so
7931e000-7931f000 rwxp 000a1000 08:08 1064004    /usr/lib/libXnDeviceSensorV2.so
7931f000-79402000 r-xp 00000000 08:08 1064000    /usr/lib/libXnVHandGenerator_1_5_2.so
79402000-79405000 r-xp 000e3000 08:08 1064000    /usr/lib/libXnVHandGenerator_1_5_2.so
79405000-79406000 rwxp 000e6000 08:08 1064000    /usr/lib/libXnVHandGenerator_1_5_2.so
79406000-79412000 rwxp 00000000 00:00 0 
79412000-794e7000 r-xp 00000000 08:08 1063997    /usr/lib/libXnVHandGenerator_1_4_2.so
794e7000-794e8000 ---p 000d5000 08:08 1063997    /usr/lib/libXnVHandGenerator_1_4_2.so
794e8000-794ea000 r-xp 000d5000 08:08 1063997    /usr/lib/libXnVHandGenerator_1_4_2.so
794ea000-794eb000 rwxp 000d7000 08:08 1063997    /usr/lib/libXnVHandGenerator_1_4_2.so
794eb000-794ed000 rwxp 00000000 00:00 0 
794ed000-795c1000 r-xp 00000000 08:08 1063994    /usr/lib/libXnVHandGenerator_1_4_1.so
795c1000-795c2000 ---p 000d4000 08:08 1063994    /usr/lib/libXnVHandGenerator_1_4_1.so
795c2000-795c4000 r-xp 000d4000 08:08 1063994    /usr/lib/libXnVHandGenerator_1_4_1.so
795c4000-795c5000 rwxp 000d6000 08:08 1063994    /usr/lib/libXnVHandGenerator_1_4_1.so
795c5000-795c7000 rwxp 00000000 00:00 0 
795c7000-796a5000 r-xp 00000000 08:08 1063991    /usr/lib/libXnVHandGenerator_1_3_1.so
796a5000-796a8000 r-xp 000dd000 08:08 1063991    /usr/lib/libXnVHandGenerator_1_3_1.so
796a8000-796a9000 rwxp 000e0000 08:08 1063991    /usr/lib/libXnVHandGenerator_1_3_1.so
796a9000-796ab000 rwxp 00000000 00:00 0 
796ab000-79aac000 r-xp 00000000 08:08 1063984    /usr/lib/libXnVFeatures_1_5_2.so
79aac000-79aad000 ---p 00401000 08:08 1063984    /usr/lib/libXnVFeatures_1_5_2.so
79aad000-79ab5000 r-xp 00401000 08:08 1063984    /usr/lib/libXnVFeatures_1_5_2.so
79ab5000-79ab6000 rwxp 00409000 08:08 1063984    /usr/lib/libXnVFeatures_1_5_2.so
79ab6000-79aca000 rwxp 00000000 00:00 0 
79aca000-79cb1000 r-xp 00000000 08:08 1063973    /usr/lib/libXnVFeatures_1_4_2.so
79cb1000-79cb4000 r-xp 001e6000 08:08 1063973    /usr/lib/libXnVFeatures_1_4_2.so
79cb4000-79cb5000 rwxp 001e9000 08:08 1063973    /usr/lib/libXnVFeatures_1_4_2.so
79cb5000-79cba000 rwxp 00000000 00:00 0 
79cba000-79ea1000 r-xp 00000000 08:08 1063968    /usr/lib/libXnVFeatures_1_4_1.so
79ea1000-79ea4000 r-xp 001e6000 08:08 1063968    /usr/lib/libXnVFeatures_1_4_1.so
79ea4000-79ea5000 rwxp 001e9000 08:08 1063968    /usr/lib/libXnVFeatures_1_4_1.so
79ea5000-79eaa000 rwxp 00000000 00:00 0 
79eaa000-7a0c8000 r-xp 00000000 08:08 1063963    /usr/lib/libXnVFeatures_1_3_1.so
7a0c8000-7a0c9000 ---p 0021e000 08:08 1063963    /usr/lib/libXnVFeatures_1_3_1.so
7a0c9000-7a0cc000 r-xp 0021e000 08:08 1063963    /usr/lib/libXnVFeatures_1_3_1.so
7a0cc000-7a0cd000 rwxp 00221000 08:08 1063963    /usr/lib/libXnVFeatures_1_3_1.so
7a0cd000-7a0d2000 rwxp 00000000 00:00 0 
7a0d2000-7a106000 r-xp 00000000 08:08 1063811    /usr/lib/libnimCodecs.so
7a106000-7a107000 ---p 00034000 08:08 1063811    /usr/lib/libnimCodecs.so
7a107000-7a109000 r-xp 00034000 08:08 1063811    /usr/lib/libnimCodecs.so
7a109000-7a10a000 rwxp 00036000 08:08 1063811    /usr/lib/libnimCodecs.so
7a10a000-7a12a000 rwxp 00000000 00:00 0 
7a12a000-7a15b000 r-xp 00000000 08:08 1063812    /usr/lib/libnimMockNodes.so
7a15b000-7a161000 r-xp 00031000 08:08 1063812    /usr/lib/libnimMockNodes.so
7a161000-7a162000 rwxp 00037000 08:08 1063812    /usr/lib/libnimMockNodes.so
7a162000-7a240000 r-xp 00000000 08:08 1056768    /usr/lib/i386-linux-gnu/libstdc++.so.6.0.16
7a240000-7a241000 ---p 000de000 08:08 1056768    /usr/lib/i386-linux-gnu/libstdc++.so.6.0.16
7a241000-7a245000 r-xp 000de000 08:08 1056768    /usr/lib/i386-linux-gnu/libstdc++.so.6.0.16
7a245000-7a246000 rwxp 000e2000 08:08 1056768    /usr/lib/i386-linux-gnu/libstdc++.so.6.0.16
7a246000-7a24d000 rwxp 00000000 00:00 0 
7a24d000-7a31d000 r-xp 00000000 08:08 1063882    /usr/lib/libXnVNite_1_3_1.so
7a31d000-7a320000 r-xp 000cf000 08:08 1063882    /usr/lib/libXnVNite_1_3_1.so
7a320000-7a321000 rwxp 000d2000 08:08 1063882    /usr/lib/libXnVNite_1_3_1.so
7a321000-7a39d000 r-xp 00000000 08:08 1063815    /usr/lib/libOpenNI.so
7a39d000-7a39f000 r-xp 0007c000 08:08 1063815    /usr/lib/libOpenNI.so
7a39f000-7a3a1000 rwxp 0007e000 08:08 1063815    /usr/lib/libOpenNI.so
7a3a1000-7a483000 r-xp 00000000 08:08 1199735    /home/alejo/Dropbox/code/devices3d/lib/user/SimpleOpenNI/libSimpleOpenNI.so
7a483000-7a484000 ---p 000e2000 08:08 1199735    /home/alejo/Dropbox/code/devices3d/lib/user/SimpleOpenNI/libSimpleOpenNI.so
7a484000-7a486000 r-xp 000e2000 08:08 1199735    /home/alejo/Dropbox/code/devices3d/lib/user/SimpleOpenNI/libSimpleOpenNI.so
7a486000-7a489000 rwxp 000e4000 08:08 1199735    /home/alejo/Dropbox/code/devices3d/lib/user/SimpleOpenNI/libSimpleOpenNI.so
7a489000-7a48c000 ---p 00000000 00:00 0 
7a48c000-7a4da000 rwxp 00000000 00:00 0 
7a4da000-7a4dd000 ---p 00000000 00:00 0 
7a4dd000-7a52b000 rwxp 00000000 00:00 0 
7a52b000-7ab00000 rwxs 00000000 00:04 557070     /SYSV00000000 (deleted)
7ab00000-7abff000 rwxp 00000000 00:00 0 
7abff000-7ac00000 ---p 00000000 00:00 0 
7ac0d000-7ac10000 ---p 00000000 00:00 0 
7ac10000-7ac5e000 rwxp 00000000 00:00 0 
7ac5e000-7ac61000 ---p 00000000 00:00 0 
7ac61000-7acaf000 rwxp 00000000 00:00 0 
7acaf000-7acb2000 ---p 00000000 00:00 0 
7acb2000-7ad00000 rwxp 00000000 00:00 0 
7ad00000-7adfa000 rwxp 00000000 00:00 0 
7adfa000-7ae00000 ---p 00000000 00:00 0 
7ae00000-7ae0b000 r-xp 00000000 08:08 408705     /opt/microchip/mplabx/mplab_ide/mplablibs/modules/lib/libusb-1.0.so.0.0.0
7ae0b000-7ae0c000 rwxp 0000a000 08:08 408705     /opt/microchip/mplabx/mplab_ide/mplablibs/modules/lib/libusb-1.0.so.0.0.0
7ae0c000-7ae28000 r-xp 00000000 08:08 1573816    /lib/i386-linux-gnu/libgcc_s.so.1
7ae28000-7ae29000 r-xp 0001b000 08:08 1573816    /lib/i386-linux-gnu/libgcc_s.so.1
7ae29000-7ae2a000 rwxp 0001c000 08:08 1573816    /lib/i386-linux-gnu/libgcc_s.so.1
7ae2a000-7ae2d000 ---p 00000000 00:00 0 
7ae2d000-7ae7b000 rwxp 00000000 00:00 0 
7ae7b000-7ae7e000 ---p 00000000 00:00 0 
7ae7e000-7aecc000 rwxp 00000000 00:00 0 
7aecc000-7aed2000 r-xs 00000000 08:08 1188892    /var/cache/fontconfig/945677eb7aeaf62f1d50efc3fb3ec7d8-le32d4.cache-3
7aed2000-7aed4000 r-xs 00000000 08:08 1188893    /var/cache/fontconfig/99e8ed0e538f840c565b6ed5dad60d56-le32d4.cache-3
7aed4000-7aed7000 r-xs 00000000 08:08 1206717    /var/cache/fontconfig/e383d7ea5fbe662a33d9b44caf393297-le32d4.cache-3
7aed7000-7aeda000 r-xs 00000000 08:08 1188879    /var/cache/fontconfig/2cd17615ca594fa2959ae173292e504c-le32d4.cache-3
7aeda000-7aedc000 r-xs 00000000 08:08 1191776    /var/cache/fontconfig/b5ea634b0fb353b8ea17632d1f9ef766-le32d4.cache-3
7aedc000-7aee0000 r-xs 00000000 08:08 1188889    /var/cache/fontconfig/6eb3985aa4124903f6ff08ba781cd364-le32d4.cache-3
7aee0000-7aee4000 r-xs 00000000 08:08 1188894    /var/cache/fontconfig/a755afe4a08bf5b97852ceb7400b47bc-le32d4.cache-3
7aee4000-7aee8000 r-xs 00000000 08:08 1188884    /var/cache/fontconfig/515ca1ebc4b18308bea979be5704f9db-le32d4.cache-3
7aee8000-7af0a000 r-xs 00000000 08:08 1206716    /var/cache/fontconfig/365b55f210c0a22e9a19e35191240f32-le32d4.cache-3
7af0a000-7af2d000 r-xp 00000000 08:08 1063813    /usr/lib/libnimRecorder.so
7af2d000-7af2e000 r-xp 00023000 08:08 1063813    /usr/lib/libnimRecorder.so
7af2e000-7af2f000 rwxp 00024000 08:08 1063813    /usr/lib/libnimRecorder.so
7af2f000-7af36000 r-xp 00000000 08:08 1181319    /usr/lib/jvm/java-6-sun-1.6.0.26/jre/lib/i386/libnio.so
7af36000-7af37000 rwxp 00006000 08:08 1181319    /usr/lib/jvm/java-6-sun-1.6.0.26/jre/lib/i386/libnio.so
7af37000-7af3a000 ---p 00000000 00:00 0 
7af3a000-7af88000 rwxp 00000000 00:00 0 
7af88000-7af8b000 ---p 00000000 00:00 0 
7af8b000-7afd9000 rwxp 00000000 00:00 0 
7afd9000-7afe2000 r-xp 00000000 08:08 1056410    /usr/lib/i386-linux-gnu/libXcursor.so.1.0.2
7afe2000-7afe3000 r-xp 00008000 08:08 1056410    /usr/lib/i386-linux-gnu/libXcursor.so.1.0.2
7afe3000-7afe4000 rwxp 00009000 08:08 1056410    /usr/lib/i386-linux-gnu/libXcursor.so.1.0.2
7afe4000-7afe7000 r-xp 00000000 08:08 1064001    /usr/lib/libXnCore.so
7afe7000-7afe8000 r-xp 00002000 08:08 1064001    /usr/lib/libXnCore.so
7afe8000-7afe9000 rwxp 00003000 08:08 1064001    /usr/lib/libXnCore.so
7afe9000-7afea000 r-xp 00000000 08:08 1181308    /usr/lib/jvm/java-6-sun-1.6.0.26/jre/lib/i386/libjawt.so
7afea000-7afeb000 rwxp 00000000 08:08 1181308    /usr/lib/jvm/java-6-sun-1.6.0.26/jre/lib/i386/libjawt.so
7afeb000-7afff000 r-xp 00000000 08:08 1181318    /usr/lib/jvm/java-6-sun-1.6.0.26/jre/lib/i386/libnet.so
7afff000-7b000000 rwxp 00013000 08:08 1181318    /usr/lib/jvm/java-6-sun-1.6.0.26/jre/lib/i386/libnet.so
7b000000-7b0fb000 rwxp 00000000 00:00 0 
7b0fb000-7b100000 ---p 00000000 00:00 0 
7b101000-7b10c000 r-xs 00000000 08:08 1188877    /var/cache/fontconfig/0f34bcd4b6ee430af32735b75db7f02b-le32d4.cache-3
7b10c000-7b119000 r-xs 00000000 08:08 1188899    /var/cache/fontconfig/d52a8644073d54c13679302ca1180695-le32d4.cache-3
7b119000-7b127000 r-xs 00000000 08:08 1190496    /var/cache/fontconfig/e13b20fdb08344e0e664864cc2ede53d-le32d4.cache-3
7b127000-7b12a000 ---p 00000000 00:00 0 
7b12a000-7b178000 rwxp 00000000 00:00 0 
7b178000-7b1f1000 r-xp 00000000 08:08 1181295    /usr/lib/jvm/java-6-sun-1.6.0.26/jre/lib/i386/libfontmanager.so
7b1f1000-7b1fb000 rwxp 00078000 08:08 1181295    /usr/lib/jvm/java-6-sun-1.6.0.26/jre/lib/i386/libfontmanager.so
7b1fb000-7b200000 rwxp 00000000 00:00 0 
7b200000-7b2ff000 rwxp 00000000 00:00 0 
7b2ff000-7b300000 ---p 00000000 00:00 0 
7b300000-7b307000 r-xs 00000000 08:08 1188888    /var/cache/fontconfig/6d41288fd70b0be22e8c3a91e032eec0-le32d4.cache-3
7b307000-7b308000 rwxp 00000000 00:00 0 
7b308000-7b30c000 r-xs 000cb000 08:08 1181267    /usr/lib/jvm/java-6-sun-1.6.0.26/jre/lib/ext/localedata.jar
7b30c000-7b310000 r-xp 00000000 08:08 1056426    /usr/lib/i386-linux-gnu/libXfixes.so.3.1.0
7b310000-7b311000 r-xp 00003000 08:08 1056426    /usr/lib/i386-linux-gnu/libXfixes.so.3.1.0
7b311000-7b312000 rwxp 00004000 08:08 1056426    /usr/lib/i386-linux-gnu/libXfixes.so.3.1.0
7b312000-7b31b000 r-xp 00000000 08:08 1056446    /usr/lib/i386-linux-gnu/libXrender.so.1.3.0
7b31b000-7b31c000 r-xp 00008000 08:08 1056446    /usr/lib/i386-linux-gnu/libXrender.so.1.3.0
7b31c000-7b31d000 rwxp 00009000 08:08 1056446    /usr/lib/i386-linux-gnu/libXrender.so.1.3.0
7b31d000-7b31e000 r-xs 00000000 08:08 1188895    /var/cache/fontconfig/c05880de57d1f5e948fdfacc138775d9-le32d4.cache-3
7b31e000-7b321000 r-xs 00000000 08:08 1188900    /var/cache/fontconfig/d60319d88cac85ba9e1a07bd06cfbb8c-le32d4.cache-3
7b321000-7b327000 r-xs 00000000 08:08 1206713    /var/cache/fontconfig/153bb866d4d26e7cd19eee2129f8d8d2-le32d4.cache-3
7b327000-7b32a000 r-xs 00000000 08:08 1206715    /var/cache/fontconfig/7ef2298fde41cc6eeb7af42e48b7d293-le32d4.cache-3
7b32a000-7b338000 r-xs 00000000 08:08 1190505    /var/cache/fontconfig/865f88548240fee46819705c6468c165-le32d4.cache-3
7b338000-7b34f000 r-xs 0015b000 08:08 1199687    /home/alejo/Dropbox/code/devices3d/lib/base/core/ant.jar
7b34f000-7b354000 r-xp 00000000 08:08 1056418    /usr/lib/i386-linux-gnu/libXdmcp.so.6.0.0
7b354000-7b355000 r-xp 00004000 08:08 1056418    /usr/lib/i386-linux-gnu/libXdmcp.so.6.0.0
7b355000-7b356000 rwxp 00005000 08:08 1056418    /usr/lib/i386-linux-gnu/libXdmcp.so.6.0.0
7b356000-7b373000 r-xp 00000000 08:08 1056813    /usr/lib/i386-linux-gnu/libxcb.so.1.1.0
7b373000-7b374000 r-xp 0001c000 08:08 1056813    /usr/lib/i386-linux-gnu/libxcb.so.1.1.0
7b374000-7b375000 rwxp 0001d000 08:08 1056813    /usr/lib/i386-linux-gnu/libxcb.so.1.1.0
7b375000-7b383000 r-xp 00000000 08:08 1056434    /usr/lib/i386-linux-gnu/libXi.so.6.1.0
7b383000-7b384000 r-xp 0000d000 08:08 1056434    /usr/lib/i386-linux-gnu/libXi.so.6.1.0
7b384000-7b385000 rwxp 0000e000 08:08 1056434    /usr/lib/i386-linux-gnu/libXi.so.6.1.0
7b385000-7b38a000 r-xp 00000000 08:08 1052626    /usr/lib/libXtst.so.6.1.0
7b38a000-7b38b000 r-xp 00004000 08:08 1052626    /usr/lib/libXtst.so.6.1.0
7b38b000-7b38c000 rwxp 00005000 08:08 1052626    /usr/lib/libXtst.so.6.1.0
7b38c000-7b4bd000 r-xp 00000000 08:08 1056398    /usr/lib/i386-linux-gnu/libX11.so.6.3.0
7b4bd000-7b4be000 ---p 00131000 08:08 1056398    /usr/lib/i386-linux-gnu/libX11.so.6.3.0
7b4be000-7b4bf000 r-xp 00131000 08:08 1056398    /usr/lib/i386-linux-gnu/libX11.so.6.3.0
7b4bf000-7b4c1000 rwxp 00132000 08:08 1056398    /usr/lib/i386-linux-gnu/libX11.so.6.3.0
7b4c1000-7b4c2000 rwxp 00000000 00:00 0 
7b4c2000-7b4d3000 r-xp 00000000 08:08 1056422    /usr/lib/i386-linux-gnu/libXext.so.6.4.0
7b4d3000-7b4d4000 r-xp 00010000 08:08 1056422    /usr/lib/i386-linux-gnu/libXext.so.6.4.0
7b4d4000-7b4d5000 rwxp 00011000 08:08 1056422    /usr/lib/i386-linux-gnu/libXext.so.6.4.0
7b4d5000-7b518000 r-xp 00000000 08:08 1181341    /usr/lib/jvm/java-6-sun-1.6.0.26/jre/lib/i386/xawt/libmawt.so
7b518000-7b51a000 rwxp 00043000 08:08 1181341    /usr/lib/jvm/java-6-sun-1.6.0.26/jre/lib/i386/xawt/libmawt.so
7b51a000-7b51b000 rwxp 00000000 00:00 0 
7b51b000-7b5a0000 r-xp 00000000 08:08 1181290    /usr/lib/jvm/java-6-sun-1.6.0.26/jre/lib/i386/libawt.so
7b5a0000-7b5a7000 rwxp 00085000 08:08 1181290    /usr/lib/jvm/java-6-sun-1.6.0.26/jre/lib/i386/libawt.so
7b5a7000-7b5cb000 rwxp 00000000 00:00 0 
7b5cb000-7b5cc000 ---p 00000000 00:00 0 
7b5cc000-7b64c000 rwxp 00000000 00:00 0 
7b64c000-7b64f000 ---p 00000000 00:00 0 
7b64f000-7b69d000 rwxp 00000000 00:00 0 
7b69d000-7b6a0000 ---p 00000000 00:00 0 
7b6a0000-7b71e000 rwxp 00000000 00:00 0 
7b71e000-7b721000 ---p 00000000 00:00 0 
7b721000-7b79f000 rwxp 00000000 00:00 0 
7b79f000-7b7a2000 ---p 00000000 00:00 0 
7b7a2000-7b7f0000 rwxp 00000000 00:00 0 
7b7f0000-7b7f1000 r-xp 00571000 08:08 1057169    /usr/lib/locale/locale-archive
7b7f1000-7b922000 r-xp 0043d000 08:08 1057169    /usr/lib/locale/locale-archive
7b922000-7b962000 r-xp 002bd000 08:08 1057169    /usr/lib/locale/locale-archive
7b962000-7bb62000 r-xp 00000000 08:08 1057169    /usr/lib/locale/locale-archive
7bb62000-7bb65000 ---p 00000000 00:00 0 
7bb65000-7bbb3000 rwxp 00000000 00:00 0 
7bbb3000-7bbb4000 ---p 00000000 00:00 0 
7bbb4000-7bc68000 rwxp 00000000 00:00 0 
7bc68000-7be00000 r-xs 03029000 08:08 1181157    /usr/lib/jvm/java-6-sun-1.6.0.26/jre/lib/rt.jar
7be00000-7bf00000 rwxp 00000000 00:00 0 
7bf00000-7bf01000 r-xs 00000000 08:08 1188903    /var/cache/fontconfig/e7071f4a29fa870f4323321c154eba04-le32d4.cache-3
7bf01000-7bf02000 r-xs 00000000 08:08 1188883    /var/cache/fontconfig/4c73fe0c47614734b17d736dbde7580a-le32d4.cache-3
7bf02000-7bf05000 r-xs 00017000 08:08 1199756    /home/alejo/Dropbox/code/devices3d/lib/user/proscene/proscene.jar
7bf05000-7bf07000 r-xs 00003000 08:08 1199742    /home/alejo/Dropbox/code/devices3d/lib/user/fullscreen/fullscreen.jar
7bf07000-7bf0b000 r-xs 00020000 08:08 1199717    /home/alejo/Dropbox/code/devices3d/lib/user/SimpleOpenNI/SimpleOpenNI.jar
7bf0b000-7bf0e000 r-xs 00020000 08:08 1207937    /home/alejo/Dropbox/code/devices3d/lib/user/controlP5/controlP5.jar
7bf0e000-7bf11000 r-xs 00029000 08:08 2123900    /home/alejo/Dropbox/code/devices3d/lib/user/procontroll/procontroll.jar
7bf11000-7bf1c000 r-xs 00108000 08:08 1326150    /home/alejo/Dropbox/code/devices3d/lib/base/opengl/jogl.jar
7bf1c000-7bf1d000 r-xs 00004000 08:08 1326149    /home/alejo/Dropbox/code/devices3d/lib/base/opengl/gluegen-rt.jar
7bf1d000-7bf1e000 r-xs 00003000 08:08 1326148    /home/alejo/Dropbox/code/devices3d/lib/base/opengl/opengl.jar
7bf1e000-7bf21000 ---p 00000000 00:00 0 
7bf21000-7bf6f000 rwxp 00000000 00:00 0 
7bf6f000-7bf70000 ---p 00000000 00:00 0 
7bf70000-7bff0000 rwxp 00000000 00:00 0 
7bff0000-7bff1000 ---p 00000000 00:00 0 
7bff1000-7c071000 rwxp 00000000 00:00 0 
7c071000-7c072000 ---p 00000000 00:00 0 
7c072000-7c0f2000 rwxp 00000000 00:00 0 
7c0f2000-7c0f3000 ---p 00000000 00:00 0 
7c0f3000-7c17b000 rwxp 00000000 00:00 0 
7c17b000-7c193000 rwxp 00000000 00:00 0 
7c193000-7c1a5000 rwxp 00000000 00:00 0 
7c1a5000-7c2a5000 rwxp 00000000 00:00 0 
7c2a5000-7c2ad000 rwxp 00000000 00:00 0 
7c2ad000-7c2c5000 rwxp 00000000 00:00 0 
7c2c5000-7c2d7000 rwxp 00000000 00:00 0 
7c2d7000-7c3d6000 rwxp 00000000 00:00 0 
7c3d6000-7c3e6000 rwxp 00000000 00:00 0 
7c3e6000-7c45f000 rwxp 00000000 00:00 0 
7c45f000-7d460000 rwxp 00000000 00:00 0 
7d460000-80460000 rwxp 00000000 00:00 0 
80460000-82690000 rwxp 00000000 00:00 0 
82690000-a2710000 rwxp 00000000 00:00 0 
a2710000-a44f0000 rwxp 00000000 00:00 0 
a44f0000-b3860000 rwxp 00000000 00:00 0 
b3860000-b3861000 r-xs 00000000 08:08 1188876    /var/cache/fontconfig/0d8c3b2ac0904cb8a57a757ad11a4a08-le32d4.cache-3
b3861000-b3862000 r-xs 00000000 08:08 1188887    /var/cache/fontconfig/6a53c69dea097a2d716e069445527da8-le32d4.cache-3
b3862000-b3864000 r-xs 0002b000 08:08 1199690    /home/alejo/Dropbox/code/devices3d/lib/base/core/core.jar
b3864000-b386d000 rwxp 00000000 00:00 0 
b386d000-b3924000 rwxp 00000000 00:00 0 
b3924000-b3b64000 rwxp 00000000 00:00 0 
b3b64000-b6924000 rwxp 00000000 00:00 0 
b6924000-b692f000 r-xp 00000000 08:08 1573836    /lib/i386-linux-gnu/libnss_files-2.13.so
b692f000-b6930000 r-xp 0000a000 08:08 1573836    /lib/i386-linux-gnu/libnss_files-2.13.so
b6930000-b6931000 rwxp 0000b000 08:08 1573836    /lib/i386-linux-gnu/libnss_files-2.13.so
b6931000-b693b000 r-xp 00000000 08:08 1573840    /lib/i386-linux-gnu/libnss_nis-2.13.so
b693b000-b693c000 r-xp 00009000 08:08 1573840    /lib/i386-linux-gnu/libnss_nis-2.13.so
b693c000-b693d000 rwxp 0000a000 08:08 1573840    /lib/i386-linux-gnu/libnss_nis-2.13.so
b693d000-b6952000 r-xp 00000000 08:08 1573830    /lib/i386-linux-gnu/libnsl-2.13.so
b6952000-b6953000 r-xp 00015000 08:08 1573830    /lib/i386-linux-gnu/libnsl-2.13.so
b6953000-b6954000 rwxp 00016000 08:08 1573830    /lib/i386-linux-gnu/libnsl-2.13.so
b6954000-b6956000 rwxp 00000000 00:00 0 
b6956000-b6957000 r-xs 00000000 08:08 1193307    /var/cache/fontconfig/4794a0821666d79190d59a36cb4f44b5-le32d4.cache-3
b6957000-b6959000 r-xs 00002000 08:08 1199642    /home/alejo/Dropbox/code/devices3d/lib/base/core/ant-launcher.jar
b6959000-b6968000 r-xp 00000000 08:08 1181329    /usr/lib/jvm/java-6-sun-1.6.0.26/jre/lib/i386/libzip.so
b6968000-b696a000 rwxp 0000e000 08:08 1181329    /usr/lib/jvm/java-6-sun-1.6.0.26/jre/lib/i386/libzip.so
b696a000-b6972000 rwxs 00000000 08:08 1087805    /tmp/hsperfdata_alejo/2476
b6972000-b6995000 r-xp 00000000 08:08 1181303    /usr/lib/jvm/java-6-sun-1.6.0.26/jre/lib/i386/libjava.so
b6995000-b6997000 rwxp 00023000 08:08 1181303    /usr/lib/jvm/java-6-sun-1.6.0.26/jre/lib/i386/libjava.so
b6997000-b699e000 r-xp 00000000 08:08 1573859    /lib/i386-linux-gnu/librt-2.13.so
b699e000-b699f000 r-xp 00006000 08:08 1573859    /lib/i386-linux-gnu/librt-2.13.so
b699f000-b69a0000 rwxp 00007000 08:08 1573859    /lib/i386-linux-gnu/librt-2.13.so
b69a0000-b69a3000 ---p 00000000 00:00 0 
b69a3000-b69f1000 rwxp 00000000 00:00 0 
b69f1000-b6a19000 r-xp 00000000 08:08 1573825    /lib/i386-linux-gnu/libm-2.13.so
b6a19000-b6a1a000 r-xp 00028000 08:08 1573825    /lib/i386-linux-gnu/libm-2.13.so
b6a1a000-b6a1b000 rwxp 00029000 08:08 1573825    /lib/i386-linux-gnu/libm-2.13.so
b6a1b000-b71cd000 r-xp 00000000 08:08 1181340    /usr/lib/jvm/java-6-sun-1.6.0.26/jre/lib/i386/server/libjvm.so
b71cd000-b7221000 rwxp 007b1000 08:08 1181340    /usr/lib/jvm/java-6-sun-1.6.0.26/jre/lib/i386/server/libjvm.so
b7221000-b7640000 rwxp 00000000 00:00 0 
b7640000-b77b6000 r-xp 00000000 08:08 1573795    /lib/i386-linux-gnu/libc-2.13.so
b77b6000-b77b8000 r-xp 00176000 08:08 1573795    /lib/i386-linux-gnu/libc-2.13.so
b77b8000-b77b9000 rwxp 00178000 08:08 1573795    /lib/i386-linux-gnu/libc-2.13.so
b77b9000-b77bc000 rwxp 00000000 00:00 0 
b77bc000-b77bf000 r-xp 00000000 08:08 1573806    /lib/i386-linux-gnu/libdl-2.13.so
b77bf000-b77c0000 r-xp 00002000 08:08 1573806    /lib/i386-linux-gnu/libdl-2.13.so
b77c0000-b77c1000 rwxp 00003000 08:08 1573806    /lib/i386-linux-gnu/libdl-2.13.so
b77c1000-b77c8000 r-xp 00000000 08:08 1181335    /usr/lib/jvm/java-6-sun-1.6.0.26/jre/lib/i386/jli/libjli.so
b77c8000-b77ca000 rwxp 00006000 08:08 1181335    /usr/lib/jvm/java-6-sun-1.6.0.26/jre/lib/i386/jli/libjli.so
b77ca000-b77cb000 rwxp 00000000 00:00 0 
b77cb000-b77e2000 r-xp 00000000 08:08 1573855    /lib/i386-linux-gnu/libpthread-2.13.so
b77e2000-b77e3000 r-xp 00016000 08:08 1573855    /lib/i386-linux-gnu/libpthread-2.13.so
b77e3000-b77e4000 rwxp 00017000 08:08 1573855    /lib/i386-linux-gnu/libpthread-2.13.so
b77e4000-b77e6000 rwxp 00000000 00:00 0 
b77e6000-b77e8000 r-xp 00000000 08:08 1056402    /usr/lib/i386-linux-gnu/libXau.so.6.0.0
b77e8000-b77e9000 r-xp 00001000 08:08 1056402    /usr/lib/i386-linux-gnu/libXau.so.6.0.0
b77e9000-b77ea000 rwxp 00002000 08:08 1056402    /usr/lib/i386-linux-gnu/libXau.so.6.0.0
b77ea000-b77f2000 r-xp 00000000 08:08 1573832    /lib/i386-linux-gnu/libnss_compat-2.13.so
b77f2000-b77f3000 r-xp 00007000 08:08 1573832    /lib/i386-linux-gnu/libnss_compat-2.13.so
b77f3000-b77f4000 rwxp 00008000 08:08 1573832    /lib/i386-linux-gnu/libnss_compat-2.13.so
b77f4000-b77f5000 rwxp 00000000 00:00 0 
b77f5000-b77f6000 r-xp 00000000 00:00 0 
b77f6000-b7801000 r-xp 00000000 08:08 1181328    /usr/lib/jvm/java-6-sun-1.6.0.26/jre/lib/i386/libverify.so
b7801000-b7802000 rwxp 0000b000 08:08 1181328    /usr/lib/jvm/java-6-sun-1.6.0.26/jre/lib/i386/libverify.so
b7802000-b7804000 rwxp 00000000 00:00 0 
b7804000-b7805000 r-xp 00000000 00:00 0          [vdso]
b7805000-b7823000 r-xp 00000000 08:08 1573782    /lib/i386-linux-gnu/ld-2.13.so
b7823000-b7824000 r-xp 0001d000 08:08 1573782    /lib/i386-linux-gnu/ld-2.13.so
b7824000-b7825000 rwxp 0001e000 08:08 1573782    /lib/i386-linux-gnu/ld-2.13.so
bfc9e000-bfcbf000 rwxp 00000000 00:00 0          [stack]

VM Arguments:
jvm_args: -Djava.library.path=/home/alejo/Dropbox/code/devices3d/lib/base/opengl:/home/alejo/Dropbox/code/devices3d/lib/base/opengl:/home/alejo/Dropbox/code/devices3d/lib/base/opengl:/home/alejo/Dropbox/code/devices3d/lib/base/core:/home/alejo/Dropbox/code/devices3d/lib/base/core:/home/alejo/Dropbox/code/devices3d/lib/base/core:/home/alejo/Dropbox/code/devices3d/lib/user/procontroll:/home/alejo/Dropbox/code/devices3d/lib/user/controlP5:/home/alejo/Dropbox/code/devices3d/lib/user/SimpleOpenNI:/home/alejo/Dropbox/code/devices3d/lib/user/fullscreen:/home/alejo/Dropbox/code/devices3d/lib/user/proscene -Djava.security.policy=java.policy.applet -Dfile.encoding=UTF-8 
java_command: sun.applet.AppletViewer devices3d.Devices3d1333887163675.html
Launcher Type: SUN_STANDARD

Environment Variables:
PATH=/opt/microchip/mplabc32/v2.02/bin:/opt/microchip/mplabc30/v3.30c/bin:/usr/lib/lightdm/lightdm:/usr/local/sbin:/usr/local/bin:/usr/sbin:/usr/bin:/sbin:/bin:/usr/games
USERNAME=alejo
LD_LIBRARY_PATH=/usr/lib/jvm/java-6-sun-1.6.0.26/jre/lib/i386/server:/usr/lib/jvm/java-6-sun-1.6.0.26/jre/lib/i386:/usr/lib/jvm/java-6-sun-1.6.0.26/jre/../lib/i386:/usr/lib/jvm/java-6-sun-1.6.0.26/jre/lib/i386/client:/usr/lib/jvm/java-6-sun-1.6.0.26/jre/lib/i386:
SHELL=/bin/bash
DISPLAY=:0.0

Signal Handlers:
SIGSEGV: [libjvm.so+0x725510], sa_mask[0]=0x7ffbfeff, sa_flags=0x10000004
SIGBUS: [libjvm.so+0x725510], sa_mask[0]=0x7ffbfeff, sa_flags=0x10000004
SIGFPE: [libjvm.so+0x5dff20], sa_mask[0]=0x7ffbfeff, sa_flags=0x10000004
SIGPIPE: [libjvm.so+0x5dff20], sa_mask[0]=0x7ffbfeff, sa_flags=0x10000004
SIGXFSZ: [libjvm.so+0x5dff20], sa_mask[0]=0x7ffbfeff, sa_flags=0x10000004
SIGILL: [libjvm.so+0x5dff20], sa_mask[0]=0x7ffbfeff, sa_flags=0x10000004
SIGUSR1: SIG_DFL, sa_mask[0]=0x00000000, sa_flags=0x00000000
SIGUSR2: [libjvm.so+0x5e3160], sa_mask[0]=0x00000004, sa_flags=0x10000004
SIGHUP: [libjvm.so+0x5e2d40], sa_mask[0]=0x7ffbfeff, sa_flags=0x10000004
SIGINT: [libjvm.so+0x5e2d40], sa_mask[0]=0x7ffbfeff, sa_flags=0x10000004
SIGTERM: [libjvm.so+0x5e2d40], sa_mask[0]=0x7ffbfeff, sa_flags=0x10000004
SIGQUIT: [libjvm.so+0x5e2d40], sa_mask[0]=0x7ffbfeff, sa_flags=0x10000004


---------------  S Y S T E M  ---------------

OS:wheezy/sid

uname:Linux 3.0.0-12-generic #20-Ubuntu SMP Fri Oct 7 14:50:42 UTC 2011 i686
libc:glibc 2.13 NPTL 2.13 
rlimit: STACK 8192k, CORE 0k, NPROC 26110, NOFILE 4096, AS infinity
load average:0.98 1.07 0.48

/proc/meminfo:
MemTotal:        3356112 kB
MemFree:         2050180 kB
Buffers:          110856 kB
Cached:           517056 kB
SwapCached:            0 kB
Active:           643724 kB
Inactive:         413136 kB
Active(anon):     431164 kB
Inactive(anon):    10080 kB
Active(file):     212560 kB
Inactive(file):   403056 kB
Unevictable:           0 kB
Mlocked:               0 kB
HighTotal:       2497096 kB
HighFree:        1417800 kB
LowTotal:         859016 kB
LowFree:          632380 kB
SwapTotal:      14645240 kB
SwapFree:       14645240 kB
Dirty:               244 kB
Writeback:             0 kB
AnonPages:        428944 kB
Mapped:           153712 kB
Shmem:             12244 kB
Slab:              63848 kB
SReclaimable:      50544 kB
SUnreclaim:        13304 kB
KernelStack:        2856 kB
PageTables:         5580 kB
NFS_Unstable:          0 kB
Bounce:                0 kB
WritebackTmp:          0 kB
CommitLimit:    16323296 kB
Committed_AS:    1504428 kB
VmallocTotal:     122880 kB
VmallocUsed:       59236 kB
VmallocChunk:      58104 kB
HardwareCorrupted:     0 kB
AnonHugePages:         0 kB
HugePages_Total:       0
HugePages_Free:        0
HugePages_Rsvd:        0
HugePages_Surp:        0
Hugepagesize:       4096 kB
DirectMap4k:       12280 kB
DirectMap4M:      897024 kB


CPU:total 4 (4 cores per cpu, 1 threads per core) family 16 model 4 stepping 3, cmov, cx8, fxsr, mmx, sse, sse2, sse3, popcnt, mmxext, 3dnow, 3dnowext, lzcnt, sse4a

/proc/cpuinfo:
processor	: 0
vendor_id	: AuthenticAMD
cpu family	: 16
model		: 4
model name	: AMD Phenom(tm) II X4 945 Processor
stepping	: 3
cpu MHz		: 3010.717
cache size	: 512 KB
physical id	: 0
siblings	: 4
core id		: 0
cpu cores	: 4
apicid		: 0
initial apicid	: 0
fdiv_bug	: no
hlt_bug		: no
f00f_bug	: no
coma_bug	: no
fpu		: yes
fpu_exception	: yes
cpuid level	: 5
wp		: yes
flags		: fpu vme de pse tsc msr pae mce cx8 apic mtrr pge mca cmov pat pse36 clflush mmx fxsr sse sse2 ht syscall nx mmxext fxsr_opt pdpe1gb rdtscp lm 3dnowext 3dnow constant_tsc nonstop_tsc extd_apicid pni monitor cx16 popcnt lahf_lm cmp_legacy svm extapic cr8_legacy abm sse4a misalignsse 3dnowprefetch osvw ibs skinit wdt npt lbrv svm_lock nrip_save
bogomips	: 6021.43
clflush size	: 64
cache_alignment	: 64
address sizes	: 48 bits physical, 48 bits virtual
power management: ts ttp tm stc 100mhzsteps hwpstate

processor	: 1
vendor_id	: AuthenticAMD
cpu family	: 16
model		: 4
model name	: AMD Phenom(tm) II X4 945 Processor
stepping	: 3
cpu MHz		: 3010.717
cache size	: 512 KB
physical id	: 0
siblings	: 4
core id		: 1
cpu cores	: 4
apicid		: 1
initial apicid	: 1
fdiv_bug	: no
hlt_bug		: no
f00f_bug	: no
coma_bug	: no
fpu		: yes
fpu_exception	: yes
cpuid level	: 5
wp		: yes
flags		: fpu vme de pse tsc msr pae mce cx8 apic mtrr pge mca cmov pat pse36 clflush mmx fxsr sse sse2 ht syscall nx mmxext fxsr_opt pdpe1gb rdtscp lm 3dnowext 3dnow constant_tsc nonstop_tsc extd_apicid pni monitor cx16 popcnt lahf_lm cmp_legacy svm extapic cr8_legacy abm sse4a misalignsse 3dnowprefetch osvw ibs skinit wdt npt lbrv svm_lock nrip_save
bogomips	: 6020.55
clflush size	: 64
cache_alignment	: 64
address sizes	: 48 bits physical, 48 bits virtual
power management: ts ttp tm stc 100mhzsteps hwpstate

processor	: 2
vendor_id	: AuthenticAMD
cpu family	: 16
model		: 4
model name	: AMD Phenom(tm) II X4 945 Processor
stepping	: 3
cpu MHz		: 3010.717
cache size	: 512 KB
physical id	: 0
siblings	: 4
core id		: 2
cpu cores	: 4
apicid		: 2
initial apicid	: 2
fdiv_bug	: no
hlt_bug		: no
f00f_bug	: no
coma_bug	: no
fpu		: yes
fpu_exception	: yes
cpuid level	: 5
wp		: yes
flags		: fpu vme de pse tsc msr pae mce cx8 apic mtrr pge mca cmov pat pse36 clflush mmx fxsr sse sse2 ht syscall nx mmxext fxsr_opt pdpe1gb rdtscp lm 3dnowext 3dnow constant_tsc nonstop_tsc extd_apicid pni monitor cx16 popcnt lahf_lm cmp_legacy svm extapic cr8_legacy abm sse4a misalignsse 3dnowprefetch osvw ibs skinit wdt npt lbrv svm_lock nrip_save
bogomips	: 6020.55
clflush size	: 64
cache_alignment	: 64
address sizes	: 48 bits physical, 48 bits virtual
power management: ts ttp tm stc 100mhzsteps hwpstate

processor	: 3
vendor_id	: AuthenticAMD
cpu family	: 16
model		: 4
model name	: AMD Phenom(tm) II X4 945 Processor
stepping	: 3
cpu MHz		: 3010.717
cache size	: 512 KB
physical id	: 0
siblings	: 4
core id		: 3
cpu cores	: 4
apicid		: 3
initial apicid	: 3
fdiv_bug	: no
hlt_bug		: no
f00f_bug	: no
coma_bug	: no
fpu		: yes
fpu_exception	: yes
cpuid level	: 5
wp		: yes
flags		: fpu vme de pse tsc msr pae mce cx8 apic mtrr pge mca cmov pat pse36 clflush mmx fxsr sse sse2 ht syscall nx mmxext fxsr_opt pdpe1gb rdtscp lm 3dnowext 3dnow constant_tsc nonstop_tsc extd_apicid pni monitor cx16 popcnt lahf_lm cmp_legacy svm extapic cr8_legacy abm sse4a misalignsse 3dnowprefetch osvw ibs skinit wdt npt lbrv svm_lock nrip_save
bogomips	: 6020.54
clflush size	: 64
cache_alignment	: 64
address sizes	: 48 bits physical, 48 bits virtual
power management: ts ttp tm stc 100mhzsteps hwpstate



Memory: 4k page, physical 3356112k(2050180k free), swap 14645240k(14645240k free)

vm_info: Java HotSpot(TM) Server VM (20.1-b02) for linux-x86 JRE (1.6.0_26-b03), built on May  4 2011 01:04:10 by "java_re" with gcc 3.2.1-7a (J2SE release)

time: Sun Apr  8 07:12:49 2012
elapsed time: 5 seconds

