#
# A fatal error has been detected by the Java Runtime Environment:
#
#  SIGSEGV (0xb) at pc=0x7ab62d5a, pid=5037, tid=2060835696
#
# JRE version: 6.0_26-b03
# Java VM: Java HotSpot(TM) Server VM (20.1-b02 mixed mode linux-x86 )
# Problematic frame:
# C  [libOpenNI.so+0x33d5a]  long long+0x1a
#
# If you would like to submit a bug report, please visit:
#   http://java.sun.com/webapps/bugreport/crash.jsp
# The crash happened outside the Java Virtual Machine in native code.
# See problematic frame for where to report the bug.
#

---------------  T H R E A D  ---------------

Current thread (0x0891a800):  JavaThread "Animation Thread" [_thread_in_native, id=5064, stack(0x7ad0d000,0x7ad5e000)]

siginfo:si_signo=SIGSEGV: si_errno=0, si_code=1 (SEGV_MAPERR), si_addr=0x00000000

Registers:
EAX=0x00000000, EBX=0x7abacff4, ECX=0x00000001, EDX=0x0894ca60
ESP=0x7ad5cd40, EBP=0x7ad5cd68, ESI=0x00000000, EDI=0x0891a800
EIP=0x7ab62d5a, EFLAGS=0x00010202, CR2=0x00000000

Top of Stack: (sp=0x7ad5cd40)
0x7ad5cd40:   7ab31dec 7a9fcff4 7cd02db8 0891a800
0x7ad5cd50:   7ad5cd88 b78bec30 0894ca60 7ab62d40
0x7ad5cd60:   7a9fcff4 7cd02db8 7ad5cd88 7a9b298c
0x7ad5cd70:   00000000 0894ca60 0894ca60 7a9b2966
0x7ad5cd80:   0894c9f0 7a9fcff4 7ad5cdb8 7a9b96f1
0x7ad5cd90:   0894c9f0 0894ca60 00000000 00000000
0x7ad5cda0:   7ad5cdd8 b78bec30 0891a800 7a9b9601
0x7ad5cdb0:   7a9fcff4 7cd02db8 7ad5cdd8 7a9b9825 

Instructions: (pc=0x7ab62d5a)
0x7ab62d3a:   bc 27 00 00 00 00 55 89 e5 83 ec 28 89 75 fc 8b
0x7ab62d4a:   75 08 89 5d f8 e8 13 a8 fd ff 81 c3 a0 a2 04 00
0x7ab62d5a:   8b 06 8b 50 08 85 d2 74 0c 8b 40 04 8b 00 a9 00
0x7ab62d6a:   00 01 00 75 11 8b 5d f8 b8 12 00 01 00 8b 75 fc 

Register to memory mapping:

EAX=0x00000000 is an unknown value
EBX=0x7abacff4: <offset 0x7dff4> in /usr/lib/libOpenNI.so at 0x7ab2f000
ECX=0x00000001 is an unknown value
EDX=0x0894ca60 is an unknown value
ESP=0x7ad5cd40 is pointing into the stack for thread: 0x0891a800
EBP=0x7ad5cd68 is pointing into the stack for thread: 0x0891a800
ESI=0x00000000 is an unknown value
EDI=0x0891a800 is a thread


Stack: [0x7ad0d000,0x7ad5e000],  sp=0x7ad5cd40,  free space=319k
Native frames: (J=compiled Java code, j=interpreted, Vv=VM code, C=native code)
C  [libOpenNI.so+0x33d5a]  long long+0x1a
C  [libSimpleOpenNI.so+0x9a98c]  xn::MapGenerator::SetMapOutputMode(XnMapOutputMode const&)+0x26
C  [libSimpleOpenNI.so+0xa16f1]  sOpenNI::ContextWrapper::createDepth(bool)+0xdb
C  [libSimpleOpenNI.so+0xa1825]  sOpenNI::ContextWrapper::enableDepth()+0x6b
C  [libSimpleOpenNI.so+0x848c6]  Java_SimpleOpenNI_SimpleOpenNIJNI_ContextWrapper_1enableDepthSwigExplicitContextWrapper_1_1SWIG_10+0x3c
j  SimpleOpenNI.SimpleOpenNIJNI.ContextWrapper_enableDepthSwigExplicitContextWrapper__SWIG_0(JLSimpleOpenNI/ContextWrapper;)Z+0
j  SimpleOpenNI.ContextWrapper.enableDepth()Z+26
j  SimpleOpenNI.SimpleOpenNI.enableDepth()Z+1
j  remixlab.devices.Kinect.<init>(Lprocessing/core/PApplet;Lremixlab/proscene/Scene;)V+56
j  devices3d.Devices3d.setup()V+162
j  processing.core.PApplet.handleDraw()V+65
j  processing.core.PApplet.run()V+72
j  java.lang.Thread.run()V+11
v  ~StubRoutines::call_stub
V  [libjvm.so+0x3dff01]  JavaCalls::call_helper(JavaValue*, methodHandle*, JavaCallArguments*, Thread*)+0x1c1
V  [libjvm.so+0x5e1298]  os::os_exception_wrapper(void (*)(JavaValue*, methodHandle*, JavaCallArguments*, Thread*), JavaValue*, methodHandle*, JavaCallArguments*, Thread*)+0x18
V  [libjvm.so+0x3df775]  JavaCalls::call_virtual(JavaValue*, KlassHandle, symbolHandle, symbolHandle, JavaCallArguments*, Thread*)+0xc5
V  [libjvm.so+0x3df838]  JavaCalls::call_virtual(JavaValue*, Handle, KlassHandle, symbolHandle, symbolHandle, Thread*)+0x58
V  [libjvm.so+0x4642d7]  thread_entry(JavaThread*, Thread*)+0xa7
V  [libjvm.so+0x6e16bf]  JavaThread::run()+0x11f
V  [libjvm.so+0x5e2aee]  java_start(Thread*)+0x14e
C  [libpthread.so.0+0x6d31]  short+0xd1

Java frames: (J=compiled Java code, j=interpreted, Vv=VM code)
j  SimpleOpenNI.SimpleOpenNIJNI.ContextWrapper_enableDepthSwigExplicitContextWrapper__SWIG_0(JLSimpleOpenNI/ContextWrapper;)Z+0
j  SimpleOpenNI.ContextWrapper.enableDepth()Z+26
j  SimpleOpenNI.SimpleOpenNI.enableDepth()Z+1
j  remixlab.devices.Kinect.<init>(Lprocessing/core/PApplet;Lremixlab/proscene/Scene;)V+56
j  devices3d.Devices3d.setup()V+162
j  processing.core.PApplet.handleDraw()V+65
j  processing.core.PApplet.run()V+72
j  java.lang.Thread.run()V+11
v  ~StubRoutines::call_stub

---------------  P R O C E S S  ---------------

Java Threads: ( => current thread )
=>0x0891a800 JavaThread "Animation Thread" [_thread_in_native, id=5064, stack(0x7ad0d000,0x7ad5e000)]
  0x08826c00 JavaThread "AWT-EventQueue-1" [_thread_blocked, id=5063, stack(0x7abaf000,0x7ac00000)]
  0x7ac0a000 JavaThread "DestroyJavaVM" [_thread_blocked, id=5042, stack(0xb6a46000,0xb6a97000)]
  0x7b5fd800 JavaThread "AWT-EventQueue-0" [_thread_blocked, id=5060, stack(0x7ad5e000,0x7adaf000)]
  0x7b012400 JavaThread "AWT-Shutdown" [_thread_blocked, id=5059, stack(0x7adaf000,0x7ae00000)]
  0x08913800 JavaThread "thread applet-devices3d.Devices3d.class" [_thread_blocked, id=5058, stack(0x7af23000,0x7af74000)]
  0x0890c800 JavaThread "AWT-XAWT" daemon [_thread_in_native, id=5056, stack(0x7b156000,0x7b1a7000)]
  0x7b5cec00 JavaThread "Java2D Disposer" daemon [_thread_blocked, id=5055, stack(0x7b1fb000,0x7b24c000)]
  0x7bfab000 JavaThread "Low Memory Detector" daemon [_thread_blocked, id=5053, stack(0x7b6fb000,0x7b74c000)]
  0x7bfa9400 JavaThread "C2 CompilerThread1" daemon [_thread_blocked, id=5052, stack(0x7b74c000,0x7b7cd000)]
  0x7bfa7000 JavaThread "C2 CompilerThread0" daemon [_thread_blocked, id=5051, stack(0x7b7cd000,0x7b84e000)]
  0x7bfa5800 JavaThread "Signal Dispatcher" daemon [_thread_blocked, id=5050, stack(0x7b84e000,0x7b89f000)]
  0x7bf97800 JavaThread "Finalizer" daemon [_thread_blocked, id=5049, stack(0x7bc11000,0x7bc62000)]
  0x7bf96000 JavaThread "Reference Handler" daemon [_thread_blocked, id=5048, stack(0x7bc62000,0x7bcb3000)]

Other Threads:
  0x7bf92400 VMThread [stack: 0x7bcb3000,0x7bd34000] [id=5047]
  0x7bfb5000 WatcherThread [stack: 0x7b67a000,0x7b6fb000] [id=5054]

VM state:not at safepoint (normal execution)

VM Mutex/Monitor currently owned by a thread: None

Heap
 PSYoungGen      total 15296K, used 10364K [0xa27b0000, 0xa4590000, 0xb3900000)
  eden space 13120K, 65% used [0xa27b0000,0xa3011c18,0xa3480000)
  from space 2176K, 81% used [0xa3480000,0xa363d7b8,0xa36a0000)
  to   space 2176K, 0% used [0xa4370000,0xa4370000,0xa4590000)
 PSOldGen        total 35008K, used 5968K [0x80500000, 0x82730000, 0xa27b0000)
  object space 35008K, 17% used [0x80500000,0x80ad4310,0x82730000)
 PSPermGen       total 16384K, used 8322K [0x7c500000, 0x7d500000, 0x80500000)
  object space 16384K, 50% used [0x7c500000,0x7cd20ab0,0x7d500000)

Code Cache  [0xb39ca000, 0xb3c0a000, 0xb69ca000)
 total_blobs=330 nmethods=41 adapters=244 free_code_cache=49881664 largest_free_block=11776

Dynamic libraries:
08048000-08052000 r-xp 00000000 08:08 1181081    /usr/lib/jvm/java-6-sun-1.6.0.26/jre/bin/java
08052000-08053000 rwxp 00009000 08:08 1181081    /usr/lib/jvm/java-6-sun-1.6.0.26/jre/bin/java
08820000-08a01000 rwxp 00000000 00:00 0          [heap]
79244000-792cd000 r-xp 00000000 08:08 1070238    /usr/lib/libXnDeviceSensorV2KM.so
792cd000-792d6000 r-xp 00088000 08:08 1070238    /usr/lib/libXnDeviceSensorV2KM.so
792d6000-792d7000 rwxp 00091000 08:08 1070238    /usr/lib/libXnDeviceSensorV2KM.so
792d7000-793b7000 r-xp 00000000 08:08 1064091    /usr/lib/libXnVHandGenerator_1_5_0.so
793b7000-793ba000 r-xp 000df000 08:08 1064091    /usr/lib/libXnVHandGenerator_1_5_0.so
793ba000-793bb000 rwxp 000e2000 08:08 1064091    /usr/lib/libXnVHandGenerator_1_5_0.so
793bb000-793c7000 rwxp 00000000 00:00 0 
793c7000-797ba000 r-xp 00000000 08:08 1064087    /usr/lib/libXnVFeatures_1_5_0.so
797ba000-797bb000 ---p 003f3000 08:08 1064087    /usr/lib/libXnVFeatures_1_5_0.so
797bb000-797c3000 r-xp 003f3000 08:08 1064087    /usr/lib/libXnVFeatures_1_5_0.so
797c3000-797c4000 rwxp 003fb000 08:08 1064087    /usr/lib/libXnVFeatures_1_5_0.so
797c4000-797d8000 rwxp 00000000 00:00 0 
797d8000-7982a000 r-xp 00000000 08:08 1064002    /usr/lib/libXnDDK.so
7982a000-7982c000 r-xp 00051000 08:08 1064002    /usr/lib/libXnDDK.so
7982c000-7982d000 rwxp 00053000 08:08 1064002    /usr/lib/libXnDDK.so
7982d000-79851000 r-xp 00000000 08:08 1064005    /usr/lib/libXnFormats.so
79851000-79852000 r-xp 00023000 08:08 1064005    /usr/lib/libXnFormats.so
79852000-79853000 rwxp 00024000 08:08 1064005    /usr/lib/libXnFormats.so
79853000-79873000 rwxp 00000000 00:00 0 
79873000-7990c000 r-xp 00000000 08:08 1064004    /usr/lib/libXnDeviceSensorV2.so
7990c000-79915000 r-xp 00098000 08:08 1064004    /usr/lib/libXnDeviceSensorV2.so
79915000-79916000 rwxp 000a1000 08:08 1064004    /usr/lib/libXnDeviceSensorV2.so
79916000-799f9000 r-xp 00000000 08:08 1064000    /usr/lib/libXnVHandGenerator_1_5_2.so
799f9000-799fc000 r-xp 000e3000 08:08 1064000    /usr/lib/libXnVHandGenerator_1_5_2.so
799fc000-799fd000 rwxp 000e6000 08:08 1064000    /usr/lib/libXnVHandGenerator_1_5_2.so
799fd000-79a09000 rwxp 00000000 00:00 0 
79a09000-79ade000 r-xp 00000000 08:08 1063997    /usr/lib/libXnVHandGenerator_1_4_2.so
79ade000-79adf000 ---p 000d5000 08:08 1063997    /usr/lib/libXnVHandGenerator_1_4_2.so
79adf000-79ae1000 r-xp 000d5000 08:08 1063997    /usr/lib/libXnVHandGenerator_1_4_2.so
79ae1000-79ae2000 rwxp 000d7000 08:08 1063997    /usr/lib/libXnVHandGenerator_1_4_2.so
79ae2000-79ae4000 rwxp 00000000 00:00 0 
79ae4000-79bb8000 r-xp 00000000 08:08 1063994    /usr/lib/libXnVHandGenerator_1_4_1.so
79bb8000-79bb9000 ---p 000d4000 08:08 1063994    /usr/lib/libXnVHandGenerator_1_4_1.so
79bb9000-79bbb000 r-xp 000d4000 08:08 1063994    /usr/lib/libXnVHandGenerator_1_4_1.so
79bbb000-79bbc000 rwxp 000d6000 08:08 1063994    /usr/lib/libXnVHandGenerator_1_4_1.so
79bbc000-79bbe000 rwxp 00000000 00:00 0 
79bbe000-79c9c000 r-xp 00000000 08:08 1063991    /usr/lib/libXnVHandGenerator_1_3_1.so
79c9c000-79c9f000 r-xp 000dd000 08:08 1063991    /usr/lib/libXnVHandGenerator_1_3_1.so
79c9f000-79ca0000 rwxp 000e0000 08:08 1063991    /usr/lib/libXnVHandGenerator_1_3_1.so
79ca0000-79ca2000 rwxp 00000000 00:00 0 
79ca2000-7a0a3000 r-xp 00000000 08:08 1063984    /usr/lib/libXnVFeatures_1_5_2.so
7a0a3000-7a0a4000 ---p 00401000 08:08 1063984    /usr/lib/libXnVFeatures_1_5_2.so
7a0a4000-7a0ac000 r-xp 00401000 08:08 1063984    /usr/lib/libXnVFeatures_1_5_2.so
7a0ac000-7a0ad000 rwxp 00409000 08:08 1063984    /usr/lib/libXnVFeatures_1_5_2.so
7a0ad000-7a0c1000 rwxp 00000000 00:00 0 
7a0c1000-7a2a8000 r-xp 00000000 08:08 1063973    /usr/lib/libXnVFeatures_1_4_2.so
7a2a8000-7a2ab000 r-xp 001e6000 08:08 1063973    /usr/lib/libXnVFeatures_1_4_2.so
7a2ab000-7a2ac000 rwxp 001e9000 08:08 1063973    /usr/lib/libXnVFeatures_1_4_2.so
7a2ac000-7a2b1000 rwxp 00000000 00:00 0 
7a2b1000-7a498000 r-xp 00000000 08:08 1063968    /usr/lib/libXnVFeatures_1_4_1.so
7a498000-7a49b000 r-xp 001e6000 08:08 1063968    /usr/lib/libXnVFeatures_1_4_1.so
7a49b000-7a49c000 rwxp 001e9000 08:08 1063968    /usr/lib/libXnVFeatures_1_4_1.so
7a49c000-7a4a1000 rwxp 00000000 00:00 0 
7a4a1000-7a6bf000 r-xp 00000000 08:08 1063963    /usr/lib/libXnVFeatures_1_3_1.so
7a6bf000-7a6c0000 ---p 0021e000 08:08 1063963    /usr/lib/libXnVFeatures_1_3_1.so
7a6c0000-7a6c3000 r-xp 0021e000 08:08 1063963    /usr/lib/libXnVFeatures_1_3_1.so
7a6c3000-7a6c4000 rwxp 00221000 08:08 1063963    /usr/lib/libXnVFeatures_1_3_1.so
7a6c4000-7a6c9000 rwxp 00000000 00:00 0 
7a6c9000-7a6fd000 r-xp 00000000 08:08 1063811    /usr/lib/libnimCodecs.so
7a6fd000-7a6fe000 ---p 00034000 08:08 1063811    /usr/lib/libnimCodecs.so
7a6fe000-7a700000 r-xp 00034000 08:08 1063811    /usr/lib/libnimCodecs.so
7a700000-7a701000 rwxp 00036000 08:08 1063811    /usr/lib/libnimCodecs.so
7a701000-7a721000 rwxp 00000000 00:00 0 
7a721000-7a752000 r-xp 00000000 08:08 1063812    /usr/lib/libnimMockNodes.so
7a752000-7a758000 r-xp 00031000 08:08 1063812    /usr/lib/libnimMockNodes.so
7a758000-7a759000 rwxp 00037000 08:08 1063812    /usr/lib/libnimMockNodes.so
7a759000-7a837000 r-xp 00000000 08:08 1056768    /usr/lib/i386-linux-gnu/libstdc++.so.6.0.16
7a837000-7a838000 ---p 000de000 08:08 1056768    /usr/lib/i386-linux-gnu/libstdc++.so.6.0.16
7a838000-7a83c000 r-xp 000de000 08:08 1056768    /usr/lib/i386-linux-gnu/libstdc++.so.6.0.16
7a83c000-7a83d000 rwxp 000e2000 08:08 1056768    /usr/lib/i386-linux-gnu/libstdc++.so.6.0.16
7a83d000-7a844000 rwxp 00000000 00:00 0 
7a844000-7a914000 r-xp 00000000 08:08 1063882    /usr/lib/libXnVNite_1_3_1.so
7a914000-7a917000 r-xp 000cf000 08:08 1063882    /usr/lib/libXnVNite_1_3_1.so
7a917000-7a918000 rwxp 000d2000 08:08 1063882    /usr/lib/libXnVNite_1_3_1.so
7a918000-7a9fa000 r-xp 00000000 08:08 1199735    /home/alejo/Dropbox/code/devices3d/lib/user/SimpleOpenNI/libSimpleOpenNI.so
7a9fa000-7a9fb000 ---p 000e2000 08:08 1199735    /home/alejo/Dropbox/code/devices3d/lib/user/SimpleOpenNI/libSimpleOpenNI.so
7a9fb000-7a9fd000 r-xp 000e2000 08:08 1199735    /home/alejo/Dropbox/code/devices3d/lib/user/SimpleOpenNI/libSimpleOpenNI.so
7a9fd000-7aa00000 rwxp 000e4000 08:08 1199735    /home/alejo/Dropbox/code/devices3d/lib/user/SimpleOpenNI/libSimpleOpenNI.so
7aa00000-7aadd000 rwxp 00000000 00:00 0 
7aadd000-7ab00000 ---p 00000000 00:00 0 
7ab00000-7ab2d000 r-xp 00000000 08:08 1064003    /usr/lib/libXnDeviceFile.so
7ab2d000-7ab2e000 r-xp 0002d000 08:08 1064003    /usr/lib/libXnDeviceFile.so
7ab2e000-7ab2f000 rwxp 0002e000 08:08 1064003    /usr/lib/libXnDeviceFile.so
7ab2f000-7abab000 r-xp 00000000 08:08 1063815    /usr/lib/libOpenNI.so
7abab000-7abad000 r-xp 0007c000 08:08 1063815    /usr/lib/libOpenNI.so
7abad000-7abaf000 rwxp 0007e000 08:08 1063815    /usr/lib/libOpenNI.so
7abaf000-7abb2000 ---p 00000000 00:00 0 
7abb2000-7ac00000 rwxp 00000000 00:00 0 
7ac00000-7acfd000 rwxp 00000000 00:00 0 
7acfd000-7ad00000 ---p 00000000 00:00 0 
7ad0d000-7ad10000 ---p 00000000 00:00 0 
7ad10000-7ad5e000 rwxp 00000000 00:00 0 
7ad5e000-7ad61000 ---p 00000000 00:00 0 
7ad61000-7adaf000 rwxp 00000000 00:00 0 
7adaf000-7adb2000 ---p 00000000 00:00 0 
7adb2000-7ae00000 rwxp 00000000 00:00 0 
7ae00000-7aef9000 rwxp 00000000 00:00 0 
7aef9000-7af00000 ---p 00000000 00:00 0 
7af23000-7af26000 ---p 00000000 00:00 0 
7af26000-7af74000 rwxp 00000000 00:00 0 
7af74000-7af75000 r-xs 00000000 08:08 1188895    /var/cache/fontconfig/c05880de57d1f5e948fdfacc138775d9-le32d4.cache-3
7af75000-7af7b000 r-xs 00000000 08:08 1188892    /var/cache/fontconfig/945677eb7aeaf62f1d50efc3fb3ec7d8-le32d4.cache-3
7af7b000-7af7d000 r-xs 00000000 08:08 1188893    /var/cache/fontconfig/99e8ed0e538f840c565b6ed5dad60d56-le32d4.cache-3
7af7d000-7af80000 r-xs 00000000 08:08 1206717    /var/cache/fontconfig/e383d7ea5fbe662a33d9b44caf393297-le32d4.cache-3
7af80000-7af83000 r-xs 00000000 08:08 1188879    /var/cache/fontconfig/2cd17615ca594fa2959ae173292e504c-le32d4.cache-3
7af83000-7af87000 r-xs 00000000 08:08 1188894    /var/cache/fontconfig/a755afe4a08bf5b97852ceb7400b47bc-le32d4.cache-3
7af87000-7af8b000 r-xs 00000000 08:08 1188884    /var/cache/fontconfig/515ca1ebc4b18308bea979be5704f9db-le32d4.cache-3
7af8b000-7af92000 r-xs 00000000 08:08 1188888    /var/cache/fontconfig/6d41288fd70b0be22e8c3a91e032eec0-le32d4.cache-3
7af92000-7afb4000 r-xs 00000000 08:08 1206716    /var/cache/fontconfig/365b55f210c0a22e9a19e35191240f32-le32d4.cache-3
7afb4000-7afc1000 r-xs 00000000 08:08 1188899    /var/cache/fontconfig/d52a8644073d54c13679302ca1180695-le32d4.cache-3
7afcf000-7aff2000 r-xp 00000000 08:08 1063813    /usr/lib/libnimRecorder.so
7aff2000-7aff3000 r-xp 00023000 08:08 1063813    /usr/lib/libnimRecorder.so
7aff3000-7aff4000 rwxp 00024000 08:08 1063813    /usr/lib/libnimRecorder.so
7aff4000-7afff000 r-xp 00000000 08:08 408705     /opt/microchip/mplabx/mplab_ide/mplablibs/modules/lib/libusb-1.0.so.0.0.0
7afff000-7b000000 rwxp 0000a000 08:08 408705     /opt/microchip/mplabx/mplab_ide/mplablibs/modules/lib/libusb-1.0.so.0.0.0
7b000000-7b0fd000 rwxp 00000000 00:00 0 
7b0fd000-7b100000 ---p 00000000 00:00 0 
7b102000-7b103000 r-xs 00000000 08:08 1188903    /var/cache/fontconfig/e7071f4a29fa870f4323321c154eba04-le32d4.cache-3
7b103000-7b105000 r-xs 00000000 08:08 1191776    /var/cache/fontconfig/b5ea634b0fb353b8ea17632d1f9ef766-le32d4.cache-3
7b105000-7b113000 r-xs 00000000 08:08 1190496    /var/cache/fontconfig/e13b20fdb08344e0e664864cc2ede53d-le32d4.cache-3
7b114000-7b130000 r-xp 00000000 08:08 1573816    /lib/i386-linux-gnu/libgcc_s.so.1
7b130000-7b131000 r-xp 0001b000 08:08 1573816    /lib/i386-linux-gnu/libgcc_s.so.1
7b131000-7b132000 rwxp 0001c000 08:08 1573816    /lib/i386-linux-gnu/libgcc_s.so.1
7b14d000-7b14e000 rwxp 00000000 00:00 0 
7b14e000-7b155000 r-xp 00000000 08:08 1181319    /usr/lib/jvm/java-6-sun-1.6.0.26/jre/lib/i386/libnio.so
7b155000-7b156000 rwxp 00006000 08:08 1181319    /usr/lib/jvm/java-6-sun-1.6.0.26/jre/lib/i386/libnio.so
7b156000-7b159000 ---p 00000000 00:00 0 
7b159000-7b1a7000 rwxp 00000000 00:00 0 
7b1a7000-7b1ab000 r-xp 00000000 08:08 1056426    /usr/lib/i386-linux-gnu/libXfixes.so.3.1.0
7b1ab000-7b1ac000 r-xp 00003000 08:08 1056426    /usr/lib/i386-linux-gnu/libXfixes.so.3.1.0
7b1ac000-7b1ad000 rwxp 00004000 08:08 1056426    /usr/lib/i386-linux-gnu/libXfixes.so.3.1.0
7b1ad000-7b1b6000 r-xp 00000000 08:08 1056446    /usr/lib/i386-linux-gnu/libXrender.so.1.3.0
7b1b6000-7b1b7000 r-xp 00008000 08:08 1056446    /usr/lib/i386-linux-gnu/libXrender.so.1.3.0
7b1b7000-7b1b8000 rwxp 00009000 08:08 1056446    /usr/lib/i386-linux-gnu/libXrender.so.1.3.0
7b1b8000-7b1c1000 r-xp 00000000 08:08 1056410    /usr/lib/i386-linux-gnu/libXcursor.so.1.0.2
7b1c1000-7b1c2000 r-xp 00008000 08:08 1056410    /usr/lib/i386-linux-gnu/libXcursor.so.1.0.2
7b1c2000-7b1c3000 rwxp 00009000 08:08 1056410    /usr/lib/i386-linux-gnu/libXcursor.so.1.0.2
7b1c3000-7b1c6000 r-xp 00000000 08:08 1064001    /usr/lib/libXnCore.so
7b1c6000-7b1c7000 r-xp 00002000 08:08 1064001    /usr/lib/libXnCore.so
7b1c7000-7b1c8000 rwxp 00003000 08:08 1064001    /usr/lib/libXnCore.so
7b1c8000-7b1c9000 r-xp 00000000 08:08 1181308    /usr/lib/jvm/java-6-sun-1.6.0.26/jre/lib/i386/libjawt.so
7b1c9000-7b1ca000 rwxp 00000000 08:08 1181308    /usr/lib/jvm/java-6-sun-1.6.0.26/jre/lib/i386/libjawt.so
7b1ca000-7b1de000 r-xp 00000000 08:08 1181318    /usr/lib/jvm/java-6-sun-1.6.0.26/jre/lib/i386/libnet.so
7b1de000-7b1df000 rwxp 00013000 08:08 1181318    /usr/lib/jvm/java-6-sun-1.6.0.26/jre/lib/i386/libnet.so
7b1df000-7b1ea000 r-xs 00000000 08:08 1188877    /var/cache/fontconfig/0f34bcd4b6ee430af32735b75db7f02b-le32d4.cache-3
7b1ea000-7b1ed000 r-xs 00000000 08:08 1206715    /var/cache/fontconfig/7ef2298fde41cc6eeb7af42e48b7d293-le32d4.cache-3
7b1ed000-7b1fb000 r-xs 00000000 08:08 1190505    /var/cache/fontconfig/865f88548240fee46819705c6468c165-le32d4.cache-3
7b1fb000-7b1fe000 ---p 00000000 00:00 0 
7b1fe000-7b24c000 rwxp 00000000 00:00 0 
7b24c000-7b2c5000 r-xp 00000000 08:08 1181295    /usr/lib/jvm/java-6-sun-1.6.0.26/jre/lib/i386/libfontmanager.so
7b2c5000-7b2cf000 rwxp 00078000 08:08 1181295    /usr/lib/jvm/java-6-sun-1.6.0.26/jre/lib/i386/libfontmanager.so
7b2cf000-7b2d4000 rwxp 00000000 00:00 0 
7b2d4000-7b2eb000 r-xs 0015b000 08:08 1199687    /home/alejo/Dropbox/code/devices3d/lib/base/core/ant.jar
7b2eb000-7b308000 r-xp 00000000 08:08 1056813    /usr/lib/i386-linux-gnu/libxcb.so.1.1.0
7b308000-7b309000 r-xp 0001c000 08:08 1056813    /usr/lib/i386-linux-gnu/libxcb.so.1.1.0
7b309000-7b30a000 rwxp 0001d000 08:08 1056813    /usr/lib/i386-linux-gnu/libxcb.so.1.1.0
7b30a000-7b318000 r-xp 00000000 08:08 1056434    /usr/lib/i386-linux-gnu/libXi.so.6.1.0
7b318000-7b319000 r-xp 0000d000 08:08 1056434    /usr/lib/i386-linux-gnu/libXi.so.6.1.0
7b319000-7b31a000 rwxp 0000e000 08:08 1056434    /usr/lib/i386-linux-gnu/libXi.so.6.1.0
7b31a000-7b44b000 r-xp 00000000 08:08 1056398    /usr/lib/i386-linux-gnu/libX11.so.6.3.0
7b44b000-7b44c000 ---p 00131000 08:08 1056398    /usr/lib/i386-linux-gnu/libX11.so.6.3.0
7b44c000-7b44d000 r-xp 00131000 08:08 1056398    /usr/lib/i386-linux-gnu/libX11.so.6.3.0
7b44d000-7b44f000 rwxp 00132000 08:08 1056398    /usr/lib/i386-linux-gnu/libX11.so.6.3.0
7b44f000-7b450000 rwxp 00000000 00:00 0 
7b450000-7b4d5000 r-xp 00000000 08:08 1181290    /usr/lib/jvm/java-6-sun-1.6.0.26/jre/lib/i386/libawt.so
7b4d5000-7b4dc000 rwxp 00085000 08:08 1181290    /usr/lib/jvm/java-6-sun-1.6.0.26/jre/lib/i386/libawt.so
7b4dc000-7b500000 rwxp 00000000 00:00 0 
7b500000-7b5fe000 rwxp 00000000 00:00 0 
7b5fe000-7b600000 ---p 00000000 00:00 0 
7b601000-7b605000 r-xs 00000000 08:08 1188889    /var/cache/fontconfig/6eb3985aa4124903f6ff08ba781cd364-le32d4.cache-3
7b605000-7b616000 r-xp 00000000 08:08 1056422    /usr/lib/i386-linux-gnu/libXext.so.6.4.0
7b616000-7b617000 r-xp 00010000 08:08 1056422    /usr/lib/i386-linux-gnu/libXext.so.6.4.0
7b617000-7b618000 rwxp 00011000 08:08 1056422    /usr/lib/i386-linux-gnu/libXext.so.6.4.0
7b618000-7b619000 r-xs 00000000 08:08 1188883    /var/cache/fontconfig/4c73fe0c47614734b17d736dbde7580a-le32d4.cache-3
7b619000-7b61a000 r-xs 00000000 08:08 1188876    /var/cache/fontconfig/0d8c3b2ac0904cb8a57a757ad11a4a08-le32d4.cache-3
7b61a000-7b620000 r-xs 00000000 08:08 1206713    /var/cache/fontconfig/153bb866d4d26e7cd19eee2129f8d8d2-le32d4.cache-3
7b620000-7b623000 r-xs 00017000 08:08 1199756    /home/alejo/Dropbox/code/devices3d/lib/user/proscene/proscene.jar
7b623000-7b625000 r-xs 00003000 08:08 1199742    /home/alejo/Dropbox/code/devices3d/lib/user/fullscreen/fullscreen.jar
7b625000-7b629000 r-xs 00020000 08:08 1199717    /home/alejo/Dropbox/code/devices3d/lib/user/SimpleOpenNI/SimpleOpenNI.jar
7b629000-7b634000 r-xs 00108000 08:08 1326150    /home/alejo/Dropbox/code/devices3d/lib/base/opengl/jogl.jar
7b634000-7b677000 r-xp 00000000 08:08 1181341    /usr/lib/jvm/java-6-sun-1.6.0.26/jre/lib/i386/xawt/libmawt.so
7b677000-7b679000 rwxp 00043000 08:08 1181341    /usr/lib/jvm/java-6-sun-1.6.0.26/jre/lib/i386/xawt/libmawt.so
7b679000-7b67a000 rwxp 00000000 00:00 0 
7b67a000-7b67b000 ---p 00000000 00:00 0 
7b67b000-7b6fb000 rwxp 00000000 00:00 0 
7b6fb000-7b6fe000 ---p 00000000 00:00 0 
7b6fe000-7b74c000 rwxp 00000000 00:00 0 
7b74c000-7b74f000 ---p 00000000 00:00 0 
7b74f000-7b7cd000 rwxp 00000000 00:00 0 
7b7cd000-7b7d0000 ---p 00000000 00:00 0 
7b7d0000-7b84e000 rwxp 00000000 00:00 0 
7b84e000-7b851000 ---p 00000000 00:00 0 
7b851000-7b89f000 rwxp 00000000 00:00 0 
7b89f000-7b8a0000 r-xp 00571000 08:08 1057169    /usr/lib/locale/locale-archive
7b8a0000-7b9d1000 r-xp 0043d000 08:08 1057169    /usr/lib/locale/locale-archive
7b9d1000-7ba11000 r-xp 002bd000 08:08 1057169    /usr/lib/locale/locale-archive
7ba11000-7bc11000 r-xp 00000000 08:08 1057169    /usr/lib/locale/locale-archive
7bc11000-7bc14000 ---p 00000000 00:00 0 
7bc14000-7bc62000 rwxp 00000000 00:00 0 
7bc62000-7bc65000 ---p 00000000 00:00 0 
7bc65000-7bcb3000 rwxp 00000000 00:00 0 
7bcb3000-7bcb4000 ---p 00000000 00:00 0 
7bcb4000-7bd68000 rwxp 00000000 00:00 0 
7bd68000-7bf00000 r-xs 03029000 08:08 1181157    /usr/lib/jvm/java-6-sun-1.6.0.26/jre/lib/rt.jar
7bf00000-7c000000 rwxp 00000000 00:00 0 
7c000000-7c003000 r-xs 00000000 08:08 1188900    /var/cache/fontconfig/d60319d88cac85ba9e1a07bd06cfbb8c-le32d4.cache-3
7c003000-7c006000 r-xs 00029000 08:08 2123900    /home/alejo/Dropbox/code/devices3d/lib/user/procontroll/procontroll.jar
7c006000-7c008000 r-xs 0002b000 08:08 1199690    /home/alejo/Dropbox/code/devices3d/lib/base/core/core.jar
7c008000-7c00d000 r-xp 00000000 08:08 1056418    /usr/lib/i386-linux-gnu/libXdmcp.so.6.0.0
7c00d000-7c00e000 r-xp 00004000 08:08 1056418    /usr/lib/i386-linux-gnu/libXdmcp.so.6.0.0
7c00e000-7c00f000 rwxp 00005000 08:08 1056418    /usr/lib/i386-linux-gnu/libXdmcp.so.6.0.0
7c00f000-7c010000 ---p 00000000 00:00 0 
7c010000-7c090000 rwxp 00000000 00:00 0 
7c090000-7c091000 ---p 00000000 00:00 0 
7c091000-7c111000 rwxp 00000000 00:00 0 
7c111000-7c112000 ---p 00000000 00:00 0 
7c112000-7c192000 rwxp 00000000 00:00 0 
7c192000-7c193000 ---p 00000000 00:00 0 
7c193000-7c21b000 rwxp 00000000 00:00 0 
7c21b000-7c233000 rwxp 00000000 00:00 0 
7c233000-7c245000 rwxp 00000000 00:00 0 
7c245000-7c345000 rwxp 00000000 00:00 0 
7c345000-7c34d000 rwxp 00000000 00:00 0 
7c34d000-7c365000 rwxp 00000000 00:00 0 
7c365000-7c377000 rwxp 00000000 00:00 0 
7c377000-7c476000 rwxp 00000000 00:00 0 
7c476000-7c486000 rwxp 00000000 00:00 0 
7c486000-7c4ff000 rwxp 00000000 00:00 0 
7c4ff000-7d500000 rwxp 00000000 00:00 0 
7d500000-80500000 rwxp 00000000 00:00 0 
80500000-82730000 rwxp 00000000 00:00 0 
82730000-a27b0000 rwxp 00000000 00:00 0 
a27b0000-a4590000 rwxp 00000000 00:00 0 
a4590000-b3900000 rwxp 00000000 00:00 0 
b3900000-b3901000 r-xs 00000000 08:08 1188887    /var/cache/fontconfig/6a53c69dea097a2d716e069445527da8-le32d4.cache-3
b3901000-b3903000 r-xs 00002000 08:08 1199642    /home/alejo/Dropbox/code/devices3d/lib/base/core/ant-launcher.jar
b3903000-b3908000 r-xp 00000000 08:08 1052626    /usr/lib/libXtst.so.6.1.0
b3908000-b3909000 r-xp 00004000 08:08 1052626    /usr/lib/libXtst.so.6.1.0
b3909000-b390a000 rwxp 00005000 08:08 1052626    /usr/lib/libXtst.so.6.1.0
b390a000-b3913000 rwxp 00000000 00:00 0 
b3913000-b39ca000 rwxp 00000000 00:00 0 
b39ca000-b3c0a000 rwxp 00000000 00:00 0 
b3c0a000-b69ca000 rwxp 00000000 00:00 0 
b69ca000-b69d5000 r-xp 00000000 08:08 1573836    /lib/i386-linux-gnu/libnss_files-2.13.so
b69d5000-b69d6000 r-xp 0000a000 08:08 1573836    /lib/i386-linux-gnu/libnss_files-2.13.so
b69d6000-b69d7000 rwxp 0000b000 08:08 1573836    /lib/i386-linux-gnu/libnss_files-2.13.so
b69d7000-b69e1000 r-xp 00000000 08:08 1573840    /lib/i386-linux-gnu/libnss_nis-2.13.so
b69e1000-b69e2000 r-xp 00009000 08:08 1573840    /lib/i386-linux-gnu/libnss_nis-2.13.so
b69e2000-b69e3000 rwxp 0000a000 08:08 1573840    /lib/i386-linux-gnu/libnss_nis-2.13.so
b69e3000-b69f8000 r-xp 00000000 08:08 1573830    /lib/i386-linux-gnu/libnsl-2.13.so
b69f8000-b69f9000 r-xp 00015000 08:08 1573830    /lib/i386-linux-gnu/libnsl-2.13.so
b69f9000-b69fa000 rwxp 00016000 08:08 1573830    /lib/i386-linux-gnu/libnsl-2.13.so
b69fa000-b69fc000 rwxp 00000000 00:00 0 
b69fc000-b69fd000 r-xs 00000000 08:08 1193307    /var/cache/fontconfig/4794a0821666d79190d59a36cb4f44b5-le32d4.cache-3
b69fd000-b69fe000 r-xs 00004000 08:08 1326149    /home/alejo/Dropbox/code/devices3d/lib/base/opengl/gluegen-rt.jar
b69fe000-b69ff000 r-xs 00003000 08:08 1326148    /home/alejo/Dropbox/code/devices3d/lib/base/opengl/opengl.jar
b69ff000-b6a0e000 r-xp 00000000 08:08 1181329    /usr/lib/jvm/java-6-sun-1.6.0.26/jre/lib/i386/libzip.so
b6a0e000-b6a10000 rwxp 0000e000 08:08 1181329    /usr/lib/jvm/java-6-sun-1.6.0.26/jre/lib/i386/libzip.so
b6a10000-b6a18000 rwxs 00000000 08:08 922724     /tmp/hsperfdata_alejo/5037
b6a18000-b6a3b000 r-xp 00000000 08:08 1181303    /usr/lib/jvm/java-6-sun-1.6.0.26/jre/lib/i386/libjava.so
b6a3b000-b6a3d000 rwxp 00023000 08:08 1181303    /usr/lib/jvm/java-6-sun-1.6.0.26/jre/lib/i386/libjava.so
b6a3d000-b6a44000 r-xp 00000000 08:08 1573859    /lib/i386-linux-gnu/librt-2.13.so
b6a44000-b6a45000 r-xp 00006000 08:08 1573859    /lib/i386-linux-gnu/librt-2.13.so
b6a45000-b6a46000 rwxp 00007000 08:08 1573859    /lib/i386-linux-gnu/librt-2.13.so
b6a46000-b6a49000 ---p 00000000 00:00 0 
b6a49000-b6a97000 rwxp 00000000 00:00 0 
b6a97000-b6abf000 r-xp 00000000 08:08 1573825    /lib/i386-linux-gnu/libm-2.13.so
b6abf000-b6ac0000 r-xp 00028000 08:08 1573825    /lib/i386-linux-gnu/libm-2.13.so
b6ac0000-b6ac1000 rwxp 00029000 08:08 1573825    /lib/i386-linux-gnu/libm-2.13.so
b6ac1000-b7273000 r-xp 00000000 08:08 1181340    /usr/lib/jvm/java-6-sun-1.6.0.26/jre/lib/i386/server/libjvm.so
b7273000-b72c7000 rwxp 007b1000 08:08 1181340    /usr/lib/jvm/java-6-sun-1.6.0.26/jre/lib/i386/server/libjvm.so
b72c7000-b76e6000 rwxp 00000000 00:00 0 
b76e6000-b785c000 r-xp 00000000 08:08 1573795    /lib/i386-linux-gnu/libc-2.13.so
b785c000-b785e000 r-xp 00176000 08:08 1573795    /lib/i386-linux-gnu/libc-2.13.so
b785e000-b785f000 rwxp 00178000 08:08 1573795    /lib/i386-linux-gnu/libc-2.13.so
b785f000-b7862000 rwxp 00000000 00:00 0 
b7862000-b7865000 r-xp 00000000 08:08 1573806    /lib/i386-linux-gnu/libdl-2.13.so
b7865000-b7866000 r-xp 00002000 08:08 1573806    /lib/i386-linux-gnu/libdl-2.13.so
b7866000-b7867000 rwxp 00003000 08:08 1573806    /lib/i386-linux-gnu/libdl-2.13.so
b7867000-b786e000 r-xp 00000000 08:08 1181335    /usr/lib/jvm/java-6-sun-1.6.0.26/jre/lib/i386/jli/libjli.so
b786e000-b7870000 rwxp 00006000 08:08 1181335    /usr/lib/jvm/java-6-sun-1.6.0.26/jre/lib/i386/jli/libjli.so
b7870000-b7871000 rwxp 00000000 00:00 0 
b7871000-b7888000 r-xp 00000000 08:08 1573855    /lib/i386-linux-gnu/libpthread-2.13.so
b7888000-b7889000 r-xp 00016000 08:08 1573855    /lib/i386-linux-gnu/libpthread-2.13.so
b7889000-b788a000 rwxp 00017000 08:08 1573855    /lib/i386-linux-gnu/libpthread-2.13.so
b788a000-b788c000 rwxp 00000000 00:00 0 
b788c000-b788e000 r-xp 00000000 08:08 1056402    /usr/lib/i386-linux-gnu/libXau.so.6.0.0
b788e000-b788f000 r-xp 00001000 08:08 1056402    /usr/lib/i386-linux-gnu/libXau.so.6.0.0
b788f000-b7890000 rwxp 00002000 08:08 1056402    /usr/lib/i386-linux-gnu/libXau.so.6.0.0
b7890000-b7898000 r-xp 00000000 08:08 1573832    /lib/i386-linux-gnu/libnss_compat-2.13.so
b7898000-b7899000 r-xp 00007000 08:08 1573832    /lib/i386-linux-gnu/libnss_compat-2.13.so
b7899000-b789a000 rwxp 00008000 08:08 1573832    /lib/i386-linux-gnu/libnss_compat-2.13.so
b789a000-b789b000 rwxp 00000000 00:00 0 
b789b000-b789c000 r-xp 00000000 00:00 0 
b789c000-b78a7000 r-xp 00000000 08:08 1181328    /usr/lib/jvm/java-6-sun-1.6.0.26/jre/lib/i386/libverify.so
b78a7000-b78a8000 rwxp 0000b000 08:08 1181328    /usr/lib/jvm/java-6-sun-1.6.0.26/jre/lib/i386/libverify.so
b78a8000-b78aa000 rwxp 00000000 00:00 0 
b78aa000-b78ab000 r-xp 00000000 00:00 0          [vdso]
b78ab000-b78c9000 r-xp 00000000 08:08 1573782    /lib/i386-linux-gnu/ld-2.13.so
b78c9000-b78ca000 r-xp 0001d000 08:08 1573782    /lib/i386-linux-gnu/ld-2.13.so
b78ca000-b78cb000 rwxp 0001e000 08:08 1573782    /lib/i386-linux-gnu/ld-2.13.so
bfca8000-bfcc9000 rwxp 00000000 00:00 0          [stack]

VM Arguments:
jvm_args: -Djava.library.path=/home/alejo/Dropbox/code/devices3d/lib/base/opengl:/home/alejo/Dropbox/code/devices3d/lib/base/opengl:/home/alejo/Dropbox/code/devices3d/lib/base/opengl:/home/alejo/Dropbox/code/devices3d/lib/base/core:/home/alejo/Dropbox/code/devices3d/lib/base/core:/home/alejo/Dropbox/code/devices3d/lib/base/core:/home/alejo/Dropbox/code/devices3d/lib/user/procontroll:/home/alejo/Dropbox/code/devices3d/lib/user/SimpleOpenNI:/home/alejo/Dropbox/code/devices3d/lib/user/fullscreen:/home/alejo/Dropbox/code/devices3d/lib/user/proscene -Djava.security.policy=java.policy.applet -Dfile.encoding=UTF-8 
java_command: sun.applet.AppletViewer devices3d.Devices3d1333650769704.html
Launcher Type: SUN_STANDARD

Environment Variables:
PATH=/opt/microchip/mplabc32/v2.02/bin:/opt/microchip/mplabc30/v3.30c/bin:/usr/lib/lightdm/lightdm:/usr/local/sbin:/usr/local/bin:/usr/sbin:/usr/bin:/sbin:/bin:/usr/games
USERNAME=alejo
LD_LIBRARY_PATH=/usr/lib/jvm/java-6-sun-1.6.0.26/jre/lib/i386/server:/usr/lib/jvm/java-6-sun-1.6.0.26/jre/lib/i386:/usr/lib/jvm/java-6-sun-1.6.0.26/jre/../lib/i386:/usr/lib/jvm/java-6-sun-1.6.0.26/jre/lib/i386/client:/usr/lib/jvm/java-6-sun-1.6.0.26/jre/lib/i386:
SHELL=/bin/bash
DISPLAY=:0.0

Signal Handlers:
SIGSEGV: [libjvm.so+0x725510], sa_mask[0]=0x7ffbfeff, sa_flags=0x10000004
SIGBUS: [libjvm.so+0x725510], sa_mask[0]=0x7ffbfeff, sa_flags=0x10000004
SIGFPE: [libjvm.so+0x5dff20], sa_mask[0]=0x7ffbfeff, sa_flags=0x10000004
SIGPIPE: [libjvm.so+0x5dff20], sa_mask[0]=0x7ffbfeff, sa_flags=0x10000004
SIGXFSZ: [libjvm.so+0x5dff20], sa_mask[0]=0x7ffbfeff, sa_flags=0x10000004
SIGILL: [libjvm.so+0x5dff20], sa_mask[0]=0x7ffbfeff, sa_flags=0x10000004
SIGUSR1: SIG_DFL, sa_mask[0]=0x00000000, sa_flags=0x00000000
SIGUSR2: [libjvm.so+0x5e3160], sa_mask[0]=0x00000004, sa_flags=0x10000004
SIGHUP: [libjvm.so+0x5e2d40], sa_mask[0]=0x7ffbfeff, sa_flags=0x10000004
SIGINT: [libjvm.so+0x5e2d40], sa_mask[0]=0x7ffbfeff, sa_flags=0x10000004
SIGTERM: [libjvm.so+0x5e2d40], sa_mask[0]=0x7ffbfeff, sa_flags=0x10000004
SIGQUIT: [libjvm.so+0x5e2d40], sa_mask[0]=0x7ffbfeff, sa_flags=0x10000004


---------------  S Y S T E M  ---------------

OS:wheezy/sid

uname:Linux 3.0.0-12-generic #20-Ubuntu SMP Fri Oct 7 14:50:42 UTC 2011 i686
libc:glibc 2.13 NPTL 2.13 
rlimit: STACK 8192k, CORE 0k, NPROC 26110, NOFILE 4096, AS infinity
load average:0.09 0.18 0.28

/proc/meminfo:
MemTotal:        3356112 kB
MemFree:         1307460 kB
Buffers:          252996 kB
Cached:           997684 kB
SwapCached:            0 kB
Active:          1034292 kB
Inactive:         695940 kB
Active(anon):     481680 kB
Inactive(anon):     6432 kB
Active(file):     552612 kB
Inactive(file):   689508 kB
Unevictable:           0 kB
Mlocked:               0 kB
HighTotal:       2497096 kB
HighFree:         867984 kB
LowTotal:         859016 kB
LowFree:          439476 kB
SwapTotal:      14645240 kB
SwapFree:       14645240 kB
Dirty:               232 kB
Writeback:             0 kB
AnonPages:        479364 kB
Mapped:           228472 kB
Shmem:              8536 kB
Slab:             119832 kB
SReclaimable:     102356 kB
SUnreclaim:        17476 kB
KernelStack:        3064 kB
PageTables:         6956 kB
NFS_Unstable:          0 kB
Bounce:                0 kB
WritebackTmp:          0 kB
CommitLimit:    16323296 kB
Committed_AS:    1852148 kB
VmallocTotal:     122880 kB
VmallocUsed:       59192 kB
VmallocChunk:      55548 kB
HardwareCorrupted:     0 kB
AnonHugePages:         0 kB
HugePages_Total:       0
HugePages_Free:        0
HugePages_Rsvd:        0
HugePages_Surp:        0
Hugepagesize:       4096 kB
DirectMap4k:       12280 kB
DirectMap4M:      897024 kB


CPU:total 4 (4 cores per cpu, 1 threads per core) family 16 model 4 stepping 3, cmov, cx8, fxsr, mmx, sse, sse2, sse3, popcnt, mmxext, 3dnow, 3dnowext, lzcnt, sse4a

/proc/cpuinfo:
processor	: 0
vendor_id	: AuthenticAMD
cpu family	: 16
model		: 4
model name	: AMD Phenom(tm) II X4 945 Processor
stepping	: 3
cpu MHz		: 3010.203
cache size	: 512 KB
physical id	: 0
siblings	: 4
core id		: 0
cpu cores	: 4
apicid		: 0
initial apicid	: 0
fdiv_bug	: no
hlt_bug		: no
f00f_bug	: no
coma_bug	: no
fpu		: yes
fpu_exception	: yes
cpuid level	: 5
wp		: yes
flags		: fpu vme de pse tsc msr pae mce cx8 apic mtrr pge mca cmov pat pse36 clflush mmx fxsr sse sse2 ht syscall nx mmxext fxsr_opt pdpe1gb rdtscp lm 3dnowext 3dnow constant_tsc nonstop_tsc extd_apicid pni monitor cx16 popcnt lahf_lm cmp_legacy svm extapic cr8_legacy abm sse4a misalignsse 3dnowprefetch osvw ibs skinit wdt npt lbrv svm_lock nrip_save
bogomips	: 6020.40
clflush size	: 64
cache_alignment	: 64
address sizes	: 48 bits physical, 48 bits virtual
power management: ts ttp tm stc 100mhzsteps hwpstate

processor	: 1
vendor_id	: AuthenticAMD
cpu family	: 16
model		: 4
model name	: AMD Phenom(tm) II X4 945 Processor
stepping	: 3
cpu MHz		: 3010.203
cache size	: 512 KB
physical id	: 0
siblings	: 4
core id		: 1
cpu cores	: 4
apicid		: 1
initial apicid	: 1
fdiv_bug	: no
hlt_bug		: no
f00f_bug	: no
coma_bug	: no
fpu		: yes
fpu_exception	: yes
cpuid level	: 5
wp		: yes
flags		: fpu vme de pse tsc msr pae mce cx8 apic mtrr pge mca cmov pat pse36 clflush mmx fxsr sse sse2 ht syscall nx mmxext fxsr_opt pdpe1gb rdtscp lm 3dnowext 3dnow constant_tsc nonstop_tsc extd_apicid pni monitor cx16 popcnt lahf_lm cmp_legacy svm extapic cr8_legacy abm sse4a misalignsse 3dnowprefetch osvw ibs skinit wdt npt lbrv svm_lock nrip_save
bogomips	: 6020.55
clflush size	: 64
cache_alignment	: 64
address sizes	: 48 bits physical, 48 bits virtual
power management: ts ttp tm stc 100mhzsteps hwpstate

processor	: 2
vendor_id	: AuthenticAMD
cpu family	: 16
model		: 4
model name	: AMD Phenom(tm) II X4 945 Processor
stepping	: 3
cpu MHz		: 3010.203
cache size	: 512 KB
physical id	: 0
siblings	: 4
core id		: 2
cpu cores	: 4
apicid		: 2
initial apicid	: 2
fdiv_bug	: no
hlt_bug		: no
f00f_bug	: no
coma_bug	: no
fpu		: yes
fpu_exception	: yes
cpuid level	: 5
wp		: yes
flags		: fpu vme de pse tsc msr pae mce cx8 apic mtrr pge mca cmov pat pse36 clflush mmx fxsr sse sse2 ht syscall nx mmxext fxsr_opt pdpe1gb rdtscp lm 3dnowext 3dnow constant_tsc nonstop_tsc extd_apicid pni monitor cx16 popcnt lahf_lm cmp_legacy svm extapic cr8_legacy abm sse4a misalignsse 3dnowprefetch osvw ibs skinit wdt npt lbrv svm_lock nrip_save
bogomips	: 6020.55
clflush size	: 64
cache_alignment	: 64
address sizes	: 48 bits physical, 48 bits virtual
power management: ts ttp tm stc 100mhzsteps hwpstate

processor	: 3
vendor_id	: AuthenticAMD
cpu family	: 16
model		: 4
model name	: AMD Phenom(tm) II X4 945 Processor
stepping	: 3
cpu MHz		: 3010.203
cache size	: 512 KB
physical id	: 0
siblings	: 4
core id		: 3
cpu cores	: 4
apicid		: 3
initial apicid	: 3
fdiv_bug	: no
hlt_bug		: no
f00f_bug	: no
coma_bug	: no
fpu		: yes
fpu_exception	: yes
cpuid level	: 5
wp		: yes
flags		: fpu vme de pse tsc msr pae mce cx8 apic mtrr pge mca cmov pat pse36 clflush mmx fxsr sse sse2 ht syscall nx mmxext fxsr_opt pdpe1gb rdtscp lm 3dnowext 3dnow constant_tsc nonstop_tsc extd_apicid pni monitor cx16 popcnt lahf_lm cmp_legacy svm extapic cr8_legacy abm sse4a misalignsse 3dnowprefetch osvw ibs skinit wdt npt lbrv svm_lock nrip_save
bogomips	: 6020.55
clflush size	: 64
cache_alignment	: 64
address sizes	: 48 bits physical, 48 bits virtual
power management: ts ttp tm stc 100mhzsteps hwpstate



Memory: 4k page, physical 3356112k(1307460k free), swap 14645240k(14645240k free)

vm_info: Java HotSpot(TM) Server VM (20.1-b02) for linux-x86 JRE (1.6.0_26-b03), built on May  4 2011 01:04:10 by "java_re" with gcc 3.2.1-7a (J2SE release)

time: Thu Apr  5 13:32:51 2012
elapsed time: 2 seconds

