#
# A fatal error has been detected by the Java Runtime Environment:
#
#  SIGSEGV (0xb) at pc=0x7ab36d5a, pid=6230, tid=2060503920
#
# JRE version: 6.0_26-b03
# Java VM: Java HotSpot(TM) Server VM (20.1-b02 mixed mode linux-x86 )
# Problematic frame:
# C  [libOpenNI.so+0x33d5a]  long long+0x1a
#
# If you would like to submit a bug report, please visit:
#   http://java.sun.com/webapps/bugreport/crash.jsp
# The crash happened outside the Java Virtual Machine in native code.
# See problematic frame for where to report the bug.
#

---------------  T H R E A D  ---------------

Current thread (0x09345800):  JavaThread "Animation Thread" [_thread_in_native, id=6257, stack(0x7acbc000,0x7ad0d000)]

siginfo:si_signo=SIGSEGV: si_errno=0, si_code=1 (SEGV_MAPERR), si_addr=0x00000000

Registers:
EAX=0x00000000, EBX=0x7ab80ff4, ECX=0x00000001, EDX=0x094a7dc0
ESP=0x7ad0bcc0, EBP=0x7ad0bce8, ESI=0x00000000, EDI=0x09345800
EIP=0x7ab36d5a, EFLAGS=0x00010202, CR2=0x00000000

Top of Stack: (sp=0x7ad0bcc0)
0x7ad0bcc0:   7ab05dec 7ac67ff4 7cc98c28 09345800
0x7ad0bcd0:   7ad0bd08 b7851c30 094a7dc0 7ab36d40
0x7ad0bce0:   7ac67ff4 7cc98c28 7ad0bd08 7ac1d98c
0x7ad0bcf0:   00000000 094a7dc0 094a7dc0 7ac1d966
0x7ad0bd00:   094a7d50 7ac67ff4 7ad0bd38 7ac246f1
0x7ad0bd10:   094a7d50 094a7dc0 00000000 00000000
0x7ad0bd20:   7ad0bd58 b7851c30 09345800 7ac24601
0x7ad0bd30:   7ac67ff4 7cc98c28 7ad0bd58 7ac24825 

Instructions: (pc=0x7ab36d5a)
0x7ab36d3a:   bc 27 00 00 00 00 55 89 e5 83 ec 28 89 75 fc 8b
0x7ab36d4a:   75 08 89 5d f8 e8 13 a8 fd ff 81 c3 a0 a2 04 00
0x7ab36d5a:   8b 06 8b 50 08 85 d2 74 0c 8b 40 04 8b 00 a9 00
0x7ab36d6a:   00 01 00 75 11 8b 5d f8 b8 12 00 01 00 8b 75 fc 

Register to memory mapping:

EAX=0x00000000 is an unknown value
EBX=0x7ab80ff4: <offset 0x7dff4> in /usr/lib/libOpenNI.so at 0x7ab03000
ECX=0x00000001 is an unknown value
EDX=0x094a7dc0 is an unknown value
ESP=0x7ad0bcc0 is pointing into the stack for thread: 0x09345800
EBP=0x7ad0bce8 is pointing into the stack for thread: 0x09345800
ESI=0x00000000 is an unknown value
EDI=0x09345800 is a thread


Stack: [0x7acbc000,0x7ad0d000],  sp=0x7ad0bcc0,  free space=319k
Native frames: (J=compiled Java code, j=interpreted, Vv=VM code, C=native code)
C  [libOpenNI.so+0x33d5a]  long long+0x1a
C  [libSimpleOpenNI.so+0x9a98c]  xn::MapGenerator::SetMapOutputMode(XnMapOutputMode const&)+0x26
C  [libSimpleOpenNI.so+0xa16f1]  sOpenNI::ContextWrapper::createDepth(bool)+0xdb
C  [libSimpleOpenNI.so+0xa1825]  sOpenNI::ContextWrapper::enableDepth()+0x6b
C  [libSimpleOpenNI.so+0x848c6]  Java_SimpleOpenNI_SimpleOpenNIJNI_ContextWrapper_1enableDepthSwigExplicitContextWrapper_1_1SWIG_10+0x3c
j  SimpleOpenNI.SimpleOpenNIJNI.ContextWrapper_enableDepthSwigExplicitContextWrapper__SWIG_0(JLSimpleOpenNI/ContextWrapper;)Z+0
j  SimpleOpenNI.ContextWrapper.enableDepth()Z+26
j  SimpleOpenNI.SimpleOpenNI.enableDepth()Z+1
j  remixlab.devices.Kinect.<init>(Lprocessing/core/PApplet;Lremixlab/proscene/Scene;)V+56
j  devices3d.Devices3d.setup()V+218
j  processing.core.PApplet.handleDraw()V+65
j  processing.core.PApplet.run()V+72
j  java.lang.Thread.run()V+11
v  ~StubRoutines::call_stub
V  [libjvm.so+0x3dff01]  JavaCalls::call_helper(JavaValue*, methodHandle*, JavaCallArguments*, Thread*)+0x1c1
V  [libjvm.so+0x5e1298]  os::os_exception_wrapper(void (*)(JavaValue*, methodHandle*, JavaCallArguments*, Thread*), JavaValue*, methodHandle*, JavaCallArguments*, Thread*)+0x18
V  [libjvm.so+0x3df775]  JavaCalls::call_virtual(JavaValue*, KlassHandle, symbolHandle, symbolHandle, JavaCallArguments*, Thread*)+0xc5
V  [libjvm.so+0x3df838]  JavaCalls::call_virtual(JavaValue*, Handle, KlassHandle, symbolHandle, symbolHandle, Thread*)+0x58
V  [libjvm.so+0x4642d7]  thread_entry(JavaThread*, Thread*)+0xa7
V  [libjvm.so+0x6e16bf]  JavaThread::run()+0x11f
V  [libjvm.so+0x5e2aee]  java_start(Thread*)+0x14e
C  [libpthread.so.0+0x6d31]  short+0xd1

Java frames: (J=compiled Java code, j=interpreted, Vv=VM code)
j  SimpleOpenNI.SimpleOpenNIJNI.ContextWrapper_enableDepthSwigExplicitContextWrapper__SWIG_0(JLSimpleOpenNI/ContextWrapper;)Z+0
j  SimpleOpenNI.ContextWrapper.enableDepth()Z+26
j  SimpleOpenNI.SimpleOpenNI.enableDepth()Z+1
j  remixlab.devices.Kinect.<init>(Lprocessing/core/PApplet;Lremixlab/proscene/Scene;)V+56
j  devices3d.Devices3d.setup()V+218
j  processing.core.PApplet.handleDraw()V+65
j  processing.core.PApplet.run()V+72
j  java.lang.Thread.run()V+11
v  ~StubRoutines::call_stub

---------------  P R O C E S S  ---------------

Java Threads: ( => current thread )
=>0x09345800 JavaThread "Animation Thread" [_thread_in_native, id=6257, stack(0x7acbc000,0x7ad0d000)]
  0x0938a400 JavaThread "AWT-EventQueue-1" [_thread_blocked, id=6256, stack(0x7ad0d000,0x7ad5e000)]
  0x7b1cb400 JavaThread "DestroyJavaVM" [_thread_blocked, id=6235, stack(0xb69d9000,0xb6a2a000)]
  0x7b191800 JavaThread "AWT-EventQueue-0" [_thread_blocked, id=6253, stack(0x7ad5e000,0x7adaf000)]
  0x7b18f800 JavaThread "AWT-Shutdown" [_thread_blocked, id=6252, stack(0x7adaf000,0x7ae00000)]
  0x7b18b800 JavaThread "thread applet-devices3d.Devices3d.class" [_thread_blocked, id=6251, stack(0x7af9e000,0x7afef000)]
  0x7b185000 JavaThread "AWT-XAWT" daemon [_thread_in_native, id=6249, stack(0x7afef000,0x7b040000)]
  0x7b125800 JavaThread "Java2D Disposer" daemon [_thread_blocked, id=6248, stack(0x7b225000,0x7b276000)]
  0x7b500c00 JavaThread "Low Memory Detector" daemon [_thread_blocked, id=6246, stack(0x7b68d000,0x7b6de000)]
  0x092e6c00 JavaThread "C2 CompilerThread1" daemon [_thread_blocked, id=6245, stack(0x7b6de000,0x7b75f000)]
  0x092e4c00 JavaThread "C2 CompilerThread0" daemon [_thread_blocked, id=6244, stack(0x7b75f000,0x7b7e0000)]
  0x092e3400 JavaThread "Signal Dispatcher" daemon [_thread_blocked, id=6243, stack(0x7b7e0000,0x7b831000)]
  0x092d5000 JavaThread "Finalizer" daemon [_thread_blocked, id=6242, stack(0x7bf4e000,0x7bf9f000)]
  0x092d0400 JavaThread "Reference Handler" daemon [_thread_blocked, id=6241, stack(0x7bb62000,0x7bbb3000)]

Other Threads:
  0x092cc800 VMThread [stack: 0x7bbb3000,0x7bc34000] [id=6240]
  0x7b50ac00 WatcherThread [stack: 0x7b60c000,0x7b68d000] [id=6247]

VM state:not at safepoint (normal execution)

VM Mutex/Monitor currently owned by a thread: None

Heap
 PSYoungGen      total 15296K, used 10260K [0xa2740000, 0xa4520000, 0xb3890000)
  eden space 13120K, 65% used [0xa2740000,0xa2fb2d18,0xa3410000)
  from space 2176K, 73% used [0xa3410000,0xa35a26a8,0xa3630000)
  to   space 2176K, 0% used [0xa4300000,0xa4300000,0xa4520000)
 PSOldGen        total 35008K, used 5968K [0x80490000, 0x826c0000, 0xa2740000)
  object space 35008K, 17% used [0x80490000,0x80a64310,0x826c0000)
 PSPermGen       total 16384K, used 8346K [0x7c490000, 0x7d490000, 0x80490000)
  object space 16384K, 50% used [0x7c490000,0x7ccb6920,0x7d490000)

Code Cache  [0xb395d000, 0xb3b9d000, 0xb695d000)
 total_blobs=329 nmethods=40 adapters=244 free_code_cache=49886976 largest_free_block=11776

Dynamic libraries:
08048000-08052000 r-xp 00000000 08:08 1181081    /usr/lib/jvm/java-6-sun-1.6.0.26/jre/bin/java
08052000-08053000 rwxp 00009000 08:08 1181081    /usr/lib/jvm/java-6-sun-1.6.0.26/jre/bin/java
09227000-095d6000 rwxp 00000000 00:00 0          [heap]
793bd000-79446000 r-xp 00000000 08:08 1070238    /usr/lib/libXnDeviceSensorV2KM.so
79446000-7944f000 r-xp 00088000 08:08 1070238    /usr/lib/libXnDeviceSensorV2KM.so
7944f000-79450000 rwxp 00091000 08:08 1070238    /usr/lib/libXnDeviceSensorV2KM.so
79450000-79530000 r-xp 00000000 08:08 1064091    /usr/lib/libXnVHandGenerator_1_5_0.so
79530000-79533000 r-xp 000df000 08:08 1064091    /usr/lib/libXnVHandGenerator_1_5_0.so
79533000-79534000 rwxp 000e2000 08:08 1064091    /usr/lib/libXnVHandGenerator_1_5_0.so
79534000-79540000 rwxp 00000000 00:00 0 
79540000-79933000 r-xp 00000000 08:08 1064087    /usr/lib/libXnVFeatures_1_5_0.so
79933000-79934000 ---p 003f3000 08:08 1064087    /usr/lib/libXnVFeatures_1_5_0.so
79934000-7993c000 r-xp 003f3000 08:08 1064087    /usr/lib/libXnVFeatures_1_5_0.so
7993c000-7993d000 rwxp 003fb000 08:08 1064087    /usr/lib/libXnVFeatures_1_5_0.so
7993d000-79951000 rwxp 00000000 00:00 0 
79951000-7997e000 r-xp 00000000 08:08 1064003    /usr/lib/libXnDeviceFile.so
7997e000-7997f000 r-xp 0002d000 08:08 1064003    /usr/lib/libXnDeviceFile.so
7997f000-79980000 rwxp 0002e000 08:08 1064003    /usr/lib/libXnDeviceFile.so
79980000-799d2000 r-xp 00000000 08:08 1064002    /usr/lib/libXnDDK.so
799d2000-799d4000 r-xp 00051000 08:08 1064002    /usr/lib/libXnDDK.so
799d4000-799d5000 rwxp 00053000 08:08 1064002    /usr/lib/libXnDDK.so
799d5000-799f9000 r-xp 00000000 08:08 1064005    /usr/lib/libXnFormats.so
799f9000-799fa000 r-xp 00023000 08:08 1064005    /usr/lib/libXnFormats.so
799fa000-799fb000 rwxp 00024000 08:08 1064005    /usr/lib/libXnFormats.so
799fb000-79a1b000 rwxp 00000000 00:00 0 
79a1b000-79ab4000 r-xp 00000000 08:08 1064004    /usr/lib/libXnDeviceSensorV2.so
79ab4000-79abd000 r-xp 00098000 08:08 1064004    /usr/lib/libXnDeviceSensorV2.so
79abd000-79abe000 rwxp 000a1000 08:08 1064004    /usr/lib/libXnDeviceSensorV2.so
79abe000-79ba1000 r-xp 00000000 08:08 1064000    /usr/lib/libXnVHandGenerator_1_5_2.so
79ba1000-79ba4000 r-xp 000e3000 08:08 1064000    /usr/lib/libXnVHandGenerator_1_5_2.so
79ba4000-79ba5000 rwxp 000e6000 08:08 1064000    /usr/lib/libXnVHandGenerator_1_5_2.so
79ba5000-79bb1000 rwxp 00000000 00:00 0 
79bb1000-79c86000 r-xp 00000000 08:08 1063997    /usr/lib/libXnVHandGenerator_1_4_2.so
79c86000-79c87000 ---p 000d5000 08:08 1063997    /usr/lib/libXnVHandGenerator_1_4_2.so
79c87000-79c89000 r-xp 000d5000 08:08 1063997    /usr/lib/libXnVHandGenerator_1_4_2.so
79c89000-79c8a000 rwxp 000d7000 08:08 1063997    /usr/lib/libXnVHandGenerator_1_4_2.so
79c8a000-79c8c000 rwxp 00000000 00:00 0 
79c8c000-79d60000 r-xp 00000000 08:08 1063994    /usr/lib/libXnVHandGenerator_1_4_1.so
79d60000-79d61000 ---p 000d4000 08:08 1063994    /usr/lib/libXnVHandGenerator_1_4_1.so
79d61000-79d63000 r-xp 000d4000 08:08 1063994    /usr/lib/libXnVHandGenerator_1_4_1.so
79d63000-79d64000 rwxp 000d6000 08:08 1063994    /usr/lib/libXnVHandGenerator_1_4_1.so
79d64000-79d66000 rwxp 00000000 00:00 0 
79d66000-79e44000 r-xp 00000000 08:08 1063991    /usr/lib/libXnVHandGenerator_1_3_1.so
79e44000-79e47000 r-xp 000dd000 08:08 1063991    /usr/lib/libXnVHandGenerator_1_3_1.so
79e47000-79e48000 rwxp 000e0000 08:08 1063991    /usr/lib/libXnVHandGenerator_1_3_1.so
79e48000-79e4a000 rwxp 00000000 00:00 0 
79e4a000-7a24b000 r-xp 00000000 08:08 1063984    /usr/lib/libXnVFeatures_1_5_2.so
7a24b000-7a24c000 ---p 00401000 08:08 1063984    /usr/lib/libXnVFeatures_1_5_2.so
7a24c000-7a254000 r-xp 00401000 08:08 1063984    /usr/lib/libXnVFeatures_1_5_2.so
7a254000-7a255000 rwxp 00409000 08:08 1063984    /usr/lib/libXnVFeatures_1_5_2.so
7a255000-7a269000 rwxp 00000000 00:00 0 
7a269000-7a450000 r-xp 00000000 08:08 1063973    /usr/lib/libXnVFeatures_1_4_2.so
7a450000-7a453000 r-xp 001e6000 08:08 1063973    /usr/lib/libXnVFeatures_1_4_2.so
7a453000-7a454000 rwxp 001e9000 08:08 1063973    /usr/lib/libXnVFeatures_1_4_2.so
7a454000-7a459000 rwxp 00000000 00:00 0 
7a459000-7a640000 r-xp 00000000 08:08 1063968    /usr/lib/libXnVFeatures_1_4_1.so
7a640000-7a643000 r-xp 001e6000 08:08 1063968    /usr/lib/libXnVFeatures_1_4_1.so
7a643000-7a644000 rwxp 001e9000 08:08 1063968    /usr/lib/libXnVFeatures_1_4_1.so
7a644000-7a649000 rwxp 00000000 00:00 0 
7a649000-7a867000 r-xp 00000000 08:08 1063963    /usr/lib/libXnVFeatures_1_3_1.so
7a867000-7a868000 ---p 0021e000 08:08 1063963    /usr/lib/libXnVFeatures_1_3_1.so
7a868000-7a86b000 r-xp 0021e000 08:08 1063963    /usr/lib/libXnVFeatures_1_3_1.so
7a86b000-7a86c000 rwxp 00221000 08:08 1063963    /usr/lib/libXnVFeatures_1_3_1.so
7a86c000-7a871000 rwxp 00000000 00:00 0 
7a871000-7a894000 r-xp 00000000 08:08 1063813    /usr/lib/libnimRecorder.so
7a894000-7a895000 r-xp 00023000 08:08 1063813    /usr/lib/libnimRecorder.so
7a895000-7a896000 rwxp 00024000 08:08 1063813    /usr/lib/libnimRecorder.so
7a896000-7a8ca000 r-xp 00000000 08:08 1063811    /usr/lib/libnimCodecs.so
7a8ca000-7a8cb000 ---p 00034000 08:08 1063811    /usr/lib/libnimCodecs.so
7a8cb000-7a8cd000 r-xp 00034000 08:08 1063811    /usr/lib/libnimCodecs.so
7a8cd000-7a8ce000 rwxp 00036000 08:08 1063811    /usr/lib/libnimCodecs.so
7a8ce000-7a8ee000 rwxp 00000000 00:00 0 
7a8ee000-7a91f000 r-xp 00000000 08:08 1063812    /usr/lib/libnimMockNodes.so
7a91f000-7a925000 r-xp 00031000 08:08 1063812    /usr/lib/libnimMockNodes.so
7a925000-7a926000 rwxp 00037000 08:08 1063812    /usr/lib/libnimMockNodes.so
7a926000-7a942000 r-xp 00000000 08:08 1573816    /lib/i386-linux-gnu/libgcc_s.so.1
7a942000-7a943000 r-xp 0001b000 08:08 1573816    /lib/i386-linux-gnu/libgcc_s.so.1
7a943000-7a944000 rwxp 0001c000 08:08 1573816    /lib/i386-linux-gnu/libgcc_s.so.1
7a944000-7aa22000 r-xp 00000000 08:08 1056768    /usr/lib/i386-linux-gnu/libstdc++.so.6.0.16
7aa22000-7aa23000 ---p 000de000 08:08 1056768    /usr/lib/i386-linux-gnu/libstdc++.so.6.0.16
7aa23000-7aa27000 r-xp 000de000 08:08 1056768    /usr/lib/i386-linux-gnu/libstdc++.so.6.0.16
7aa27000-7aa28000 rwxp 000e2000 08:08 1056768    /usr/lib/i386-linux-gnu/libstdc++.so.6.0.16
7aa28000-7aa2f000 rwxp 00000000 00:00 0 
7aa2f000-7aaff000 r-xp 00000000 08:08 1063882    /usr/lib/libXnVNite_1_3_1.so
7aaff000-7ab02000 r-xp 000cf000 08:08 1063882    /usr/lib/libXnVNite_1_3_1.so
7ab02000-7ab03000 rwxp 000d2000 08:08 1063882    /usr/lib/libXnVNite_1_3_1.so
7ab03000-7ab7f000 r-xp 00000000 08:08 1063815    /usr/lib/libOpenNI.so
7ab7f000-7ab81000 r-xp 0007c000 08:08 1063815    /usr/lib/libOpenNI.so
7ab81000-7ab83000 rwxp 0007e000 08:08 1063815    /usr/lib/libOpenNI.so
7ab83000-7ac65000 r-xp 00000000 08:08 1199735    /home/alejo/Dropbox/code/devices3d/lib/user/SimpleOpenNI/libSimpleOpenNI.so
7ac65000-7ac66000 ---p 000e2000 08:08 1199735    /home/alejo/Dropbox/code/devices3d/lib/user/SimpleOpenNI/libSimpleOpenNI.so
7ac66000-7ac68000 r-xp 000e2000 08:08 1199735    /home/alejo/Dropbox/code/devices3d/lib/user/SimpleOpenNI/libSimpleOpenNI.so
7ac68000-7ac6b000 rwxp 000e4000 08:08 1199735    /home/alejo/Dropbox/code/devices3d/lib/user/SimpleOpenNI/libSimpleOpenNI.so
7ac6b000-7ac6e000 ---p 00000000 00:00 0 
7ac6e000-7acbc000 rwxp 00000000 00:00 0 
7acbc000-7acbf000 ---p 00000000 00:00 0 
7acbf000-7ad0d000 rwxp 00000000 00:00 0 
7ad0d000-7ad10000 ---p 00000000 00:00 0 
7ad10000-7ad5e000 rwxp 00000000 00:00 0 
7ad5e000-7ad61000 ---p 00000000 00:00 0 
7ad61000-7adaf000 rwxp 00000000 00:00 0 
7adaf000-7adb2000 ---p 00000000 00:00 0 
7adb2000-7ae00000 rwxp 00000000 00:00 0 
7ae00000-7aed7000 rwxp 00000000 00:00 0 
7aed7000-7af00000 ---p 00000000 00:00 0 
7af05000-7af08000 r-xp 00000000 08:08 1064001    /usr/lib/libXnCore.so
7af08000-7af09000 r-xp 00002000 08:08 1064001    /usr/lib/libXnCore.so
7af09000-7af0a000 rwxp 00003000 08:08 1064001    /usr/lib/libXnCore.so
7af0a000-7af0b000 r-xs 00000000 08:08 1188895    /var/cache/fontconfig/c05880de57d1f5e948fdfacc138775d9-le32d4.cache-3
7af0b000-7af11000 r-xs 00000000 08:08 1188892    /var/cache/fontconfig/945677eb7aeaf62f1d50efc3fb3ec7d8-le32d4.cache-3
7af11000-7af13000 r-xs 00000000 08:08 1188893    /var/cache/fontconfig/99e8ed0e538f840c565b6ed5dad60d56-le32d4.cache-3
7af13000-7af16000 r-xs 00000000 08:08 1206717    /var/cache/fontconfig/e383d7ea5fbe662a33d9b44caf393297-le32d4.cache-3
7af16000-7af19000 r-xs 00000000 08:08 1188879    /var/cache/fontconfig/2cd17615ca594fa2959ae173292e504c-le32d4.cache-3
7af19000-7af1a000 r-xs 00000000 08:08 1188903    /var/cache/fontconfig/e7071f4a29fa870f4323321c154eba04-le32d4.cache-3
7af1a000-7af1c000 r-xs 00000000 08:08 1191776    /var/cache/fontconfig/b5ea634b0fb353b8ea17632d1f9ef766-le32d4.cache-3
7af1c000-7af20000 r-xs 00000000 08:08 1188889    /var/cache/fontconfig/6eb3985aa4124903f6ff08ba781cd364-le32d4.cache-3
7af20000-7af21000 r-xs 00000000 08:08 1188883    /var/cache/fontconfig/4c73fe0c47614734b17d736dbde7580a-le32d4.cache-3
7af21000-7af25000 r-xs 00000000 08:08 1188894    /var/cache/fontconfig/a755afe4a08bf5b97852ceb7400b47bc-le32d4.cache-3
7af25000-7af29000 r-xs 00000000 08:08 1188884    /var/cache/fontconfig/515ca1ebc4b18308bea979be5704f9db-le32d4.cache-3
7af29000-7af30000 r-xs 00000000 08:08 1188888    /var/cache/fontconfig/6d41288fd70b0be22e8c3a91e032eec0-le32d4.cache-3
7af30000-7af3b000 r-xs 00000000 08:08 1188877    /var/cache/fontconfig/0f34bcd4b6ee430af32735b75db7f02b-le32d4.cache-3
7af3b000-7af3e000 r-xs 00000000 08:08 1188900    /var/cache/fontconfig/d60319d88cac85ba9e1a07bd06cfbb8c-le32d4.cache-3
7af3e000-7af60000 r-xs 00000000 08:08 1206716    /var/cache/fontconfig/365b55f210c0a22e9a19e35191240f32-le32d4.cache-3
7af60000-7af6d000 r-xs 00000000 08:08 1188899    /var/cache/fontconfig/d52a8644073d54c13679302ca1180695-le32d4.cache-3
7af6e000-7af79000 r-xp 00000000 08:08 408705     /opt/microchip/mplabx/mplab_ide/mplablibs/modules/lib/libusb-1.0.so.0.0.0
7af79000-7af7a000 rwxp 0000a000 08:08 408705     /opt/microchip/mplabx/mplab_ide/mplablibs/modules/lib/libusb-1.0.so.0.0.0
7af96000-7af9d000 r-xp 00000000 08:08 1181319    /usr/lib/jvm/java-6-sun-1.6.0.26/jre/lib/i386/libnio.so
7af9d000-7af9e000 rwxp 00006000 08:08 1181319    /usr/lib/jvm/java-6-sun-1.6.0.26/jre/lib/i386/libnio.so
7af9e000-7afa1000 ---p 00000000 00:00 0 
7afa1000-7afef000 rwxp 00000000 00:00 0 
7afef000-7aff2000 ---p 00000000 00:00 0 
7aff2000-7b040000 rwxp 00000000 00:00 0 
7b040000-7b044000 r-xp 00000000 08:08 1056426    /usr/lib/i386-linux-gnu/libXfixes.so.3.1.0
7b044000-7b045000 r-xp 00003000 08:08 1056426    /usr/lib/i386-linux-gnu/libXfixes.so.3.1.0
7b045000-7b046000 rwxp 00004000 08:08 1056426    /usr/lib/i386-linux-gnu/libXfixes.so.3.1.0
7b046000-7b04f000 r-xp 00000000 08:08 1056446    /usr/lib/i386-linux-gnu/libXrender.so.1.3.0
7b04f000-7b050000 r-xp 00008000 08:08 1056446    /usr/lib/i386-linux-gnu/libXrender.so.1.3.0
7b050000-7b051000 rwxp 00009000 08:08 1056446    /usr/lib/i386-linux-gnu/libXrender.so.1.3.0
7b051000-7b05a000 r-xp 00000000 08:08 1056410    /usr/lib/i386-linux-gnu/libXcursor.so.1.0.2
7b05a000-7b05b000 r-xp 00008000 08:08 1056410    /usr/lib/i386-linux-gnu/libXcursor.so.1.0.2
7b05b000-7b05c000 rwxp 00009000 08:08 1056410    /usr/lib/i386-linux-gnu/libXcursor.so.1.0.2
7b060000-7b061000 rwxp 00000000 00:00 0 
7b061000-7b062000 r-xp 00000000 08:08 1181308    /usr/lib/jvm/java-6-sun-1.6.0.26/jre/lib/i386/libjawt.so
7b062000-7b063000 rwxp 00000000 08:08 1181308    /usr/lib/jvm/java-6-sun-1.6.0.26/jre/lib/i386/libjawt.so
7b063000-7b077000 r-xp 00000000 08:08 1181318    /usr/lib/jvm/java-6-sun-1.6.0.26/jre/lib/i386/libnet.so
7b077000-7b078000 rwxp 00013000 08:08 1181318    /usr/lib/jvm/java-6-sun-1.6.0.26/jre/lib/i386/libnet.so
7b078000-7b0f1000 r-xp 00000000 08:08 1181295    /usr/lib/jvm/java-6-sun-1.6.0.26/jre/lib/i386/libfontmanager.so
7b0f1000-7b0fb000 rwxp 00078000 08:08 1181295    /usr/lib/jvm/java-6-sun-1.6.0.26/jre/lib/i386/libfontmanager.so
7b0fb000-7b100000 rwxp 00000000 00:00 0 
7b100000-7b1fc000 rwxp 00000000 00:00 0 
7b1fc000-7b200000 ---p 00000000 00:00 0 
7b200000-7b206000 r-xs 00000000 08:08 1206713    /var/cache/fontconfig/153bb866d4d26e7cd19eee2129f8d8d2-le32d4.cache-3
7b206000-7b214000 r-xs 00000000 08:08 1190496    /var/cache/fontconfig/e13b20fdb08344e0e664864cc2ede53d-le32d4.cache-3
7b214000-7b217000 r-xs 00000000 08:08 1206715    /var/cache/fontconfig/7ef2298fde41cc6eeb7af42e48b7d293-le32d4.cache-3
7b217000-7b225000 r-xs 00000000 08:08 1190505    /var/cache/fontconfig/865f88548240fee46819705c6468c165-le32d4.cache-3
7b225000-7b228000 ---p 00000000 00:00 0 
7b228000-7b276000 rwxp 00000000 00:00 0 
7b276000-7b293000 r-xp 00000000 08:08 1056813    /usr/lib/i386-linux-gnu/libxcb.so.1.1.0
7b293000-7b294000 r-xp 0001c000 08:08 1056813    /usr/lib/i386-linux-gnu/libxcb.so.1.1.0
7b294000-7b295000 rwxp 0001d000 08:08 1056813    /usr/lib/i386-linux-gnu/libxcb.so.1.1.0
7b295000-7b2a3000 r-xp 00000000 08:08 1056434    /usr/lib/i386-linux-gnu/libXi.so.6.1.0
7b2a3000-7b2a4000 r-xp 0000d000 08:08 1056434    /usr/lib/i386-linux-gnu/libXi.so.6.1.0
7b2a4000-7b2a5000 rwxp 0000e000 08:08 1056434    /usr/lib/i386-linux-gnu/libXi.so.6.1.0
7b2a5000-7b3d6000 r-xp 00000000 08:08 1056398    /usr/lib/i386-linux-gnu/libX11.so.6.3.0
7b3d6000-7b3d7000 ---p 00131000 08:08 1056398    /usr/lib/i386-linux-gnu/libX11.so.6.3.0
7b3d7000-7b3d8000 r-xp 00131000 08:08 1056398    /usr/lib/i386-linux-gnu/libX11.so.6.3.0
7b3d8000-7b3da000 rwxp 00132000 08:08 1056398    /usr/lib/i386-linux-gnu/libX11.so.6.3.0
7b3da000-7b3db000 rwxp 00000000 00:00 0 
7b3db000-7b3ec000 r-xp 00000000 08:08 1056422    /usr/lib/i386-linux-gnu/libXext.so.6.4.0
7b3ec000-7b3ed000 r-xp 00010000 08:08 1056422    /usr/lib/i386-linux-gnu/libXext.so.6.4.0
7b3ed000-7b3ee000 rwxp 00011000 08:08 1056422    /usr/lib/i386-linux-gnu/libXext.so.6.4.0
7b3ee000-7b3f1000 r-xs 00017000 08:08 1199756    /home/alejo/Dropbox/code/devices3d/lib/user/proscene/proscene.jar
7b3f1000-7b3f3000 r-xs 00003000 08:08 1199742    /home/alejo/Dropbox/code/devices3d/lib/user/fullscreen/fullscreen.jar
7b3f3000-7b40a000 r-xs 0015b000 08:08 1199687    /home/alejo/Dropbox/code/devices3d/lib/base/core/ant.jar
7b40a000-7b44d000 r-xp 00000000 08:08 1181341    /usr/lib/jvm/java-6-sun-1.6.0.26/jre/lib/i386/xawt/libmawt.so
7b44d000-7b44f000 rwxp 00043000 08:08 1181341    /usr/lib/jvm/java-6-sun-1.6.0.26/jre/lib/i386/xawt/libmawt.so
7b44f000-7b450000 rwxp 00000000 00:00 0 
7b450000-7b4d5000 r-xp 00000000 08:08 1181290    /usr/lib/jvm/java-6-sun-1.6.0.26/jre/lib/i386/libawt.so
7b4d5000-7b4dc000 rwxp 00085000 08:08 1181290    /usr/lib/jvm/java-6-sun-1.6.0.26/jre/lib/i386/libawt.so
7b4dc000-7b500000 rwxp 00000000 00:00 0 
7b500000-7b600000 rwxp 00000000 00:00 0 
7b600000-7b601000 r-xs 00000000 08:08 1188876    /var/cache/fontconfig/0d8c3b2ac0904cb8a57a757ad11a4a08-le32d4.cache-3
7b601000-7b60c000 r-xs 00108000 08:08 1326150    /home/alejo/Dropbox/code/devices3d/lib/base/opengl/jogl.jar
7b60c000-7b60d000 ---p 00000000 00:00 0 
7b60d000-7b68d000 rwxp 00000000 00:00 0 
7b68d000-7b690000 ---p 00000000 00:00 0 
7b690000-7b6de000 rwxp 00000000 00:00 0 
7b6de000-7b6e1000 ---p 00000000 00:00 0 
7b6e1000-7b75f000 rwxp 00000000 00:00 0 
7b75f000-7b762000 ---p 00000000 00:00 0 
7b762000-7b7e0000 rwxp 00000000 00:00 0 
7b7e0000-7b7e3000 ---p 00000000 00:00 0 
7b7e3000-7b831000 rwxp 00000000 00:00 0 
7b831000-7b962000 r-xp 0043d000 08:08 1057169    /usr/lib/locale/locale-archive
7b962000-7bb62000 r-xp 00000000 08:08 1057169    /usr/lib/locale/locale-archive
7bb62000-7bb65000 ---p 00000000 00:00 0 
7bb65000-7bbb3000 rwxp 00000000 00:00 0 
7bbb3000-7bbb4000 ---p 00000000 00:00 0 
7bbb4000-7bc68000 rwxp 00000000 00:00 0 
7bc68000-7be00000 r-xs 03029000 08:08 1181157    /usr/lib/jvm/java-6-sun-1.6.0.26/jre/lib/rt.jar
7be00000-7beff000 rwxp 00000000 00:00 0 
7beff000-7bf00000 ---p 00000000 00:00 0 
7bf00000-7bf04000 r-xs 00020000 08:08 1199717    /home/alejo/Dropbox/code/devices3d/lib/user/SimpleOpenNI/SimpleOpenNI.jar
7bf04000-7bf07000 r-xs 00029000 08:08 2123900    /home/alejo/Dropbox/code/devices3d/lib/user/procontroll/procontroll.jar
7bf07000-7bf0c000 r-xp 00000000 08:08 1056418    /usr/lib/i386-linux-gnu/libXdmcp.so.6.0.0
7bf0c000-7bf0d000 r-xp 00004000 08:08 1056418    /usr/lib/i386-linux-gnu/libXdmcp.so.6.0.0
7bf0d000-7bf0e000 rwxp 00005000 08:08 1056418    /usr/lib/i386-linux-gnu/libXdmcp.so.6.0.0
7bf0e000-7bf4e000 r-xp 002bd000 08:08 1057169    /usr/lib/locale/locale-archive
7bf4e000-7bf51000 ---p 00000000 00:00 0 
7bf51000-7bf9f000 rwxp 00000000 00:00 0 
7bf9f000-7bfa0000 ---p 00000000 00:00 0 
7bfa0000-7c020000 rwxp 00000000 00:00 0 
7c020000-7c021000 ---p 00000000 00:00 0 
7c021000-7c0a1000 rwxp 00000000 00:00 0 
7c0a1000-7c0a2000 ---p 00000000 00:00 0 
7c0a2000-7c122000 rwxp 00000000 00:00 0 
7c122000-7c123000 ---p 00000000 00:00 0 
7c123000-7c1ab000 rwxp 00000000 00:00 0 
7c1ab000-7c1c3000 rwxp 00000000 00:00 0 
7c1c3000-7c1d5000 rwxp 00000000 00:00 0 
7c1d5000-7c2d5000 rwxp 00000000 00:00 0 
7c2d5000-7c2dd000 rwxp 00000000 00:00 0 
7c2dd000-7c2f5000 rwxp 00000000 00:00 0 
7c2f5000-7c307000 rwxp 00000000 00:00 0 
7c307000-7c406000 rwxp 00000000 00:00 0 
7c406000-7c416000 rwxp 00000000 00:00 0 
7c416000-7c48f000 rwxp 00000000 00:00 0 
7c48f000-7d490000 rwxp 00000000 00:00 0 
7d490000-80490000 rwxp 00000000 00:00 0 
80490000-826c0000 rwxp 00000000 00:00 0 
826c0000-a2740000 rwxp 00000000 00:00 0 
a2740000-a4520000 rwxp 00000000 00:00 0 
a4520000-b3890000 rwxp 00000000 00:00 0 
b3890000-b3892000 r-xs 0002b000 08:08 1199690    /home/alejo/Dropbox/code/devices3d/lib/base/core/core.jar
b3892000-b3894000 r-xp 00000000 08:08 1056402    /usr/lib/i386-linux-gnu/libXau.so.6.0.0
b3894000-b3895000 r-xp 00001000 08:08 1056402    /usr/lib/i386-linux-gnu/libXau.so.6.0.0
b3895000-b3896000 rwxp 00002000 08:08 1056402    /usr/lib/i386-linux-gnu/libXau.so.6.0.0
b3896000-b389b000 r-xp 00000000 08:08 1052626    /usr/lib/libXtst.so.6.1.0
b389b000-b389c000 r-xp 00004000 08:08 1052626    /usr/lib/libXtst.so.6.1.0
b389c000-b389d000 rwxp 00005000 08:08 1052626    /usr/lib/libXtst.so.6.1.0
b389d000-b38a6000 rwxp 00000000 00:00 0 
b38a6000-b395d000 rwxp 00000000 00:00 0 
b395d000-b3b9d000 rwxp 00000000 00:00 0 
b3b9d000-b695d000 rwxp 00000000 00:00 0 
b695d000-b6968000 r-xp 00000000 08:08 1573836    /lib/i386-linux-gnu/libnss_files-2.13.so
b6968000-b6969000 r-xp 0000a000 08:08 1573836    /lib/i386-linux-gnu/libnss_files-2.13.so
b6969000-b696a000 rwxp 0000b000 08:08 1573836    /lib/i386-linux-gnu/libnss_files-2.13.so
b696a000-b6974000 r-xp 00000000 08:08 1573840    /lib/i386-linux-gnu/libnss_nis-2.13.so
b6974000-b6975000 r-xp 00009000 08:08 1573840    /lib/i386-linux-gnu/libnss_nis-2.13.so
b6975000-b6976000 rwxp 0000a000 08:08 1573840    /lib/i386-linux-gnu/libnss_nis-2.13.so
b6976000-b698b000 r-xp 00000000 08:08 1573830    /lib/i386-linux-gnu/libnsl-2.13.so
b698b000-b698c000 r-xp 00015000 08:08 1573830    /lib/i386-linux-gnu/libnsl-2.13.so
b698c000-b698d000 rwxp 00016000 08:08 1573830    /lib/i386-linux-gnu/libnsl-2.13.so
b698d000-b698f000 rwxp 00000000 00:00 0 
b698f000-b6990000 r-xs 00000000 08:08 1188887    /var/cache/fontconfig/6a53c69dea097a2d716e069445527da8-le32d4.cache-3
b6990000-b6992000 r-xs 00002000 08:08 1199642    /home/alejo/Dropbox/code/devices3d/lib/base/core/ant-launcher.jar
b6992000-b69a1000 r-xp 00000000 08:08 1181329    /usr/lib/jvm/java-6-sun-1.6.0.26/jre/lib/i386/libzip.so
b69a1000-b69a3000 rwxp 0000e000 08:08 1181329    /usr/lib/jvm/java-6-sun-1.6.0.26/jre/lib/i386/libzip.so
b69a3000-b69ab000 rwxs 00000000 08:08 411589     /tmp/hsperfdata_alejo/6230
b69ab000-b69ce000 r-xp 00000000 08:08 1181303    /usr/lib/jvm/java-6-sun-1.6.0.26/jre/lib/i386/libjava.so
b69ce000-b69d0000 rwxp 00023000 08:08 1181303    /usr/lib/jvm/java-6-sun-1.6.0.26/jre/lib/i386/libjava.so
b69d0000-b69d7000 r-xp 00000000 08:08 1573859    /lib/i386-linux-gnu/librt-2.13.so
b69d7000-b69d8000 r-xp 00006000 08:08 1573859    /lib/i386-linux-gnu/librt-2.13.so
b69d8000-b69d9000 rwxp 00007000 08:08 1573859    /lib/i386-linux-gnu/librt-2.13.so
b69d9000-b69dc000 ---p 00000000 00:00 0 
b69dc000-b6a2a000 rwxp 00000000 00:00 0 
b6a2a000-b6a52000 r-xp 00000000 08:08 1573825    /lib/i386-linux-gnu/libm-2.13.so
b6a52000-b6a53000 r-xp 00028000 08:08 1573825    /lib/i386-linux-gnu/libm-2.13.so
b6a53000-b6a54000 rwxp 00029000 08:08 1573825    /lib/i386-linux-gnu/libm-2.13.so
b6a54000-b7206000 r-xp 00000000 08:08 1181340    /usr/lib/jvm/java-6-sun-1.6.0.26/jre/lib/i386/server/libjvm.so
b7206000-b725a000 rwxp 007b1000 08:08 1181340    /usr/lib/jvm/java-6-sun-1.6.0.26/jre/lib/i386/server/libjvm.so
b725a000-b7679000 rwxp 00000000 00:00 0 
b7679000-b77ef000 r-xp 00000000 08:08 1573795    /lib/i386-linux-gnu/libc-2.13.so
b77ef000-b77f1000 r-xp 00176000 08:08 1573795    /lib/i386-linux-gnu/libc-2.13.so
b77f1000-b77f2000 rwxp 00178000 08:08 1573795    /lib/i386-linux-gnu/libc-2.13.so
b77f2000-b77f5000 rwxp 00000000 00:00 0 
b77f5000-b77f8000 r-xp 00000000 08:08 1573806    /lib/i386-linux-gnu/libdl-2.13.so
b77f8000-b77f9000 r-xp 00002000 08:08 1573806    /lib/i386-linux-gnu/libdl-2.13.so
b77f9000-b77fa000 rwxp 00003000 08:08 1573806    /lib/i386-linux-gnu/libdl-2.13.so
b77fa000-b7801000 r-xp 00000000 08:08 1181335    /usr/lib/jvm/java-6-sun-1.6.0.26/jre/lib/i386/jli/libjli.so
b7801000-b7803000 rwxp 00006000 08:08 1181335    /usr/lib/jvm/java-6-sun-1.6.0.26/jre/lib/i386/jli/libjli.so
b7803000-b7804000 rwxp 00000000 00:00 0 
b7804000-b781b000 r-xp 00000000 08:08 1573855    /lib/i386-linux-gnu/libpthread-2.13.so
b781b000-b781c000 r-xp 00016000 08:08 1573855    /lib/i386-linux-gnu/libpthread-2.13.so
b781c000-b781d000 rwxp 00017000 08:08 1573855    /lib/i386-linux-gnu/libpthread-2.13.so
b781d000-b781f000 rwxp 00000000 00:00 0 
b781f000-b7820000 r-xs 00000000 08:08 1193307    /var/cache/fontconfig/4794a0821666d79190d59a36cb4f44b5-le32d4.cache-3
b7820000-b7821000 r-xs 00004000 08:08 1326149    /home/alejo/Dropbox/code/devices3d/lib/base/opengl/gluegen-rt.jar
b7821000-b7822000 r-xs 00003000 08:08 1326148    /home/alejo/Dropbox/code/devices3d/lib/base/opengl/opengl.jar
b7822000-b7823000 r-xp 00571000 08:08 1057169    /usr/lib/locale/locale-archive
b7823000-b782b000 r-xp 00000000 08:08 1573832    /lib/i386-linux-gnu/libnss_compat-2.13.so
b782b000-b782c000 r-xp 00007000 08:08 1573832    /lib/i386-linux-gnu/libnss_compat-2.13.so
b782c000-b782d000 rwxp 00008000 08:08 1573832    /lib/i386-linux-gnu/libnss_compat-2.13.so
b782d000-b782e000 rwxp 00000000 00:00 0 
b782e000-b782f000 r-xp 00000000 00:00 0 
b782f000-b783a000 r-xp 00000000 08:08 1181328    /usr/lib/jvm/java-6-sun-1.6.0.26/jre/lib/i386/libverify.so
b783a000-b783b000 rwxp 0000b000 08:08 1181328    /usr/lib/jvm/java-6-sun-1.6.0.26/jre/lib/i386/libverify.so
b783b000-b783d000 rwxp 00000000 00:00 0 
b783d000-b783e000 r-xp 00000000 00:00 0          [vdso]
b783e000-b785c000 r-xp 00000000 08:08 1573782    /lib/i386-linux-gnu/ld-2.13.so
b785c000-b785d000 r-xp 0001d000 08:08 1573782    /lib/i386-linux-gnu/ld-2.13.so
b785d000-b785e000 rwxp 0001e000 08:08 1573782    /lib/i386-linux-gnu/ld-2.13.so
bfc09000-bfc2a000 rwxp 00000000 00:00 0          [stack]

VM Arguments:
jvm_args: -Djava.library.path=/home/alejo/Dropbox/code/devices3d/lib/base/opengl:/home/alejo/Dropbox/code/devices3d/lib/base/opengl:/home/alejo/Dropbox/code/devices3d/lib/base/opengl:/home/alejo/Dropbox/code/devices3d/lib/base/core:/home/alejo/Dropbox/code/devices3d/lib/base/core:/home/alejo/Dropbox/code/devices3d/lib/base/core:/home/alejo/Dropbox/code/devices3d/lib/user/procontroll:/home/alejo/Dropbox/code/devices3d/lib/user/SimpleOpenNI:/home/alejo/Dropbox/code/devices3d/lib/user/fullscreen:/home/alejo/Dropbox/code/devices3d/lib/user/proscene -Djava.security.policy=java.policy.applet -Dfile.encoding=UTF-8 
java_command: sun.applet.AppletViewer devices3d.Devices3d1333675382149.html
Launcher Type: SUN_STANDARD

Environment Variables:
PATH=/opt/microchip/mplabc32/v2.02/bin:/opt/microchip/mplabc30/v3.30c/bin:/usr/lib/lightdm/lightdm:/usr/local/sbin:/usr/local/bin:/usr/sbin:/usr/bin:/sbin:/bin:/usr/games
USERNAME=alejo
LD_LIBRARY_PATH=/usr/lib/jvm/java-6-sun-1.6.0.26/jre/lib/i386/server:/usr/lib/jvm/java-6-sun-1.6.0.26/jre/lib/i386:/usr/lib/jvm/java-6-sun-1.6.0.26/jre/../lib/i386:/usr/lib/jvm/java-6-sun-1.6.0.26/jre/lib/i386/client:/usr/lib/jvm/java-6-sun-1.6.0.26/jre/lib/i386:
SHELL=/bin/bash
DISPLAY=:0.0

Signal Handlers:
SIGSEGV: [libjvm.so+0x725510], sa_mask[0]=0x7ffbfeff, sa_flags=0x10000004
SIGBUS: [libjvm.so+0x725510], sa_mask[0]=0x7ffbfeff, sa_flags=0x10000004
SIGFPE: [libjvm.so+0x5dff20], sa_mask[0]=0x7ffbfeff, sa_flags=0x10000004
SIGPIPE: [libjvm.so+0x5dff20], sa_mask[0]=0x7ffbfeff, sa_flags=0x10000004
SIGXFSZ: [libjvm.so+0x5dff20], sa_mask[0]=0x7ffbfeff, sa_flags=0x10000004
SIGILL: [libjvm.so+0x5dff20], sa_mask[0]=0x7ffbfeff, sa_flags=0x10000004
SIGUSR1: SIG_DFL, sa_mask[0]=0x00000000, sa_flags=0x00000000
SIGUSR2: [libjvm.so+0x5e3160], sa_mask[0]=0x00000004, sa_flags=0x10000004
SIGHUP: [libjvm.so+0x5e2d40], sa_mask[0]=0x7ffbfeff, sa_flags=0x10000004
SIGINT: [libjvm.so+0x5e2d40], sa_mask[0]=0x7ffbfeff, sa_flags=0x10000004
SIGTERM: [libjvm.so+0x5e2d40], sa_mask[0]=0x7ffbfeff, sa_flags=0x10000004
SIGQUIT: [libjvm.so+0x5e2d40], sa_mask[0]=0x7ffbfeff, sa_flags=0x10000004


---------------  S Y S T E M  ---------------

OS:wheezy/sid

uname:Linux 3.0.0-12-generic #20-Ubuntu SMP Fri Oct 7 14:50:42 UTC 2011 i686
libc:glibc 2.13 NPTL 2.13 
rlimit: STACK 8192k, CORE 0k, NPROC 26110, NOFILE 4096, AS infinity
load average:0.07 0.11 0.13

/proc/meminfo:
MemTotal:        3356112 kB
MemFree:          573596 kB
Buffers:          290240 kB
Cached:          1021388 kB
SwapCached:            0 kB
Active:          1472656 kB
Inactive:         957464 kB
Active(anon):    1120912 kB
Inactive(anon):    11460 kB
Active(file):     351744 kB
Inactive(file):   946004 kB
Unevictable:          16 kB
Mlocked:              16 kB
HighTotal:       2497096 kB
HighFree:         148536 kB
LowTotal:         859016 kB
LowFree:          425060 kB
SwapTotal:      14645240 kB
SwapFree:       14645240 kB
Dirty:               320 kB
Writeback:             0 kB
AnonPages:       1118320 kB
Mapped:           323556 kB
Shmem:             13884 kB
Slab:              95728 kB
SReclaimable:      74492 kB
SUnreclaim:        21236 kB
KernelStack:        4512 kB
PageTables:        20924 kB
NFS_Unstable:          0 kB
Bounce:                0 kB
WritebackTmp:          0 kB
CommitLimit:    16323296 kB
Committed_AS:    4136540 kB
VmallocTotal:     122880 kB
VmallocUsed:       59252 kB
VmallocChunk:      58104 kB
HardwareCorrupted:     0 kB
AnonHugePages:         0 kB
HugePages_Total:       0
HugePages_Free:        0
HugePages_Rsvd:        0
HugePages_Surp:        0
Hugepagesize:       4096 kB
DirectMap4k:       12280 kB
DirectMap4M:      897024 kB


CPU:total 4 (4 cores per cpu, 1 threads per core) family 16 model 4 stepping 3, cmov, cx8, fxsr, mmx, sse, sse2, sse3, popcnt, mmxext, 3dnow, 3dnowext, lzcnt, sse4a

/proc/cpuinfo:
processor	: 0
vendor_id	: AuthenticAMD
cpu family	: 16
model		: 4
model name	: AMD Phenom(tm) II X4 945 Processor
stepping	: 3
cpu MHz		: 3010.822
cache size	: 512 KB
physical id	: 0
siblings	: 4
core id		: 0
cpu cores	: 4
apicid		: 0
initial apicid	: 0
fdiv_bug	: no
hlt_bug		: no
f00f_bug	: no
coma_bug	: no
fpu		: yes
fpu_exception	: yes
cpuid level	: 5
wp		: yes
flags		: fpu vme de pse tsc msr pae mce cx8 apic mtrr pge mca cmov pat pse36 clflush mmx fxsr sse sse2 ht syscall nx mmxext fxsr_opt pdpe1gb rdtscp lm 3dnowext 3dnow constant_tsc nonstop_tsc extd_apicid pni monitor cx16 popcnt lahf_lm cmp_legacy svm extapic cr8_legacy abm sse4a misalignsse 3dnowprefetch osvw ibs skinit wdt npt lbrv svm_lock nrip_save
bogomips	: 6021.64
clflush size	: 64
cache_alignment	: 64
address sizes	: 48 bits physical, 48 bits virtual
power management: ts ttp tm stc 100mhzsteps hwpstate

processor	: 1
vendor_id	: AuthenticAMD
cpu family	: 16
model		: 4
model name	: AMD Phenom(tm) II X4 945 Processor
stepping	: 3
cpu MHz		: 3010.822
cache size	: 512 KB
physical id	: 0
siblings	: 4
core id		: 1
cpu cores	: 4
apicid		: 1
initial apicid	: 1
fdiv_bug	: no
hlt_bug		: no
f00f_bug	: no
coma_bug	: no
fpu		: yes
fpu_exception	: yes
cpuid level	: 5
wp		: yes
flags		: fpu vme de pse tsc msr pae mce cx8 apic mtrr pge mca cmov pat pse36 clflush mmx fxsr sse sse2 ht syscall nx mmxext fxsr_opt pdpe1gb rdtscp lm 3dnowext 3dnow constant_tsc nonstop_tsc extd_apicid pni monitor cx16 popcnt lahf_lm cmp_legacy svm extapic cr8_legacy abm sse4a misalignsse 3dnowprefetch osvw ibs skinit wdt npt lbrv svm_lock nrip_save
bogomips	: 6020.55
clflush size	: 64
cache_alignment	: 64
address sizes	: 48 bits physical, 48 bits virtual
power management: ts ttp tm stc 100mhzsteps hwpstate

processor	: 2
vendor_id	: AuthenticAMD
cpu family	: 16
model		: 4
model name	: AMD Phenom(tm) II X4 945 Processor
stepping	: 3
cpu MHz		: 3010.822
cache size	: 512 KB
physical id	: 0
siblings	: 4
core id		: 2
cpu cores	: 4
apicid		: 2
initial apicid	: 2
fdiv_bug	: no
hlt_bug		: no
f00f_bug	: no
coma_bug	: no
fpu		: yes
fpu_exception	: yes
cpuid level	: 5
wp		: yes
flags		: fpu vme de pse tsc msr pae mce cx8 apic mtrr pge mca cmov pat pse36 clflush mmx fxsr sse sse2 ht syscall nx mmxext fxsr_opt pdpe1gb rdtscp lm 3dnowext 3dnow constant_tsc nonstop_tsc extd_apicid pni monitor cx16 popcnt lahf_lm cmp_legacy svm extapic cr8_legacy abm sse4a misalignsse 3dnowprefetch osvw ibs skinit wdt npt lbrv svm_lock nrip_save
bogomips	: 6020.55
clflush size	: 64
cache_alignment	: 64
address sizes	: 48 bits physical, 48 bits virtual
power management: ts ttp tm stc 100mhzsteps hwpstate

processor	: 3
vendor_id	: AuthenticAMD
cpu family	: 16
model		: 4
model name	: AMD Phenom(tm) II X4 945 Processor
stepping	: 3
cpu MHz		: 3010.822
cache size	: 512 KB
physical id	: 0
siblings	: 4
core id		: 3
cpu cores	: 4
apicid		: 3
initial apicid	: 3
fdiv_bug	: no
hlt_bug		: no
f00f_bug	: no
coma_bug	: no
fpu		: yes
fpu_exception	: yes
cpuid level	: 5
wp		: yes
flags		: fpu vme de pse tsc msr pae mce cx8 apic mtrr pge mca cmov pat pse36 clflush mmx fxsr sse sse2 ht syscall nx mmxext fxsr_opt pdpe1gb rdtscp lm 3dnowext 3dnow constant_tsc nonstop_tsc extd_apicid pni monitor cx16 popcnt lahf_lm cmp_legacy svm extapic cr8_legacy abm sse4a misalignsse 3dnowprefetch osvw ibs skinit wdt npt lbrv svm_lock nrip_save
bogomips	: 6020.55
clflush size	: 64
cache_alignment	: 64
address sizes	: 48 bits physical, 48 bits virtual
power management: ts ttp tm stc 100mhzsteps hwpstate



Memory: 4k page, physical 3356112k(573596k free), swap 14645240k(14645240k free)

vm_info: Java HotSpot(TM) Server VM (20.1-b02) for linux-x86 JRE (1.6.0_26-b03), built on May  4 2011 01:04:10 by "java_re" with gcc 3.2.1-7a (J2SE release)

time: Thu Apr  5 20:23:02 2012
elapsed time: 0 seconds

