#
# A fatal error has been detected by the Java Runtime Environment:
#
#  SIGSEGV (0xb) at pc=0x7ac7ad5a, pid=5412, tid=2062932848
#
# JRE version: 6.0_26-b03
# Java VM: Java HotSpot(TM) Server VM (20.1-b02 mixed mode linux-x86 )
# Problematic frame:
# C  [libOpenNI.so+0x33d5a]  long long+0x1a
#
# If you would like to submit a bug report, please visit:
#   http://java.sun.com/webapps/bugreport/crash.jsp
# The crash happened outside the Java Virtual Machine in native code.
# See problematic frame for where to report the bug.
#

---------------  T H R E A D  ---------------

Current thread (0x095cb000):  JavaThread "Animation Thread" [_thread_in_native, id=5438, stack(0x7af0d000,0x7af5e000)]

siginfo:si_signo=SIGSEGV: si_errno=0, si_code=1 (SEGV_MAPERR), si_addr=0x00000000

Registers:
EAX=0x00000000, EBX=0x7acc4ff4, ECX=0x00000001, EDX=0x095dca20
ESP=0x7af5cdc0, EBP=0x7af5cde8, ESI=0x00000000, EDI=0x095cb000
EIP=0x7ac7ad5a, EFLAGS=0x00010202, CR2=0x00000000

Top of Stack: (sp=0x7af5cdc0)
0x7af5cdc0:   7ac49dec 7adabff4 7cce5d20 095cb000
0x7af5cdd0:   7af5ce08 b789ec30 095dca20 7ac7ad40
0x7af5cde0:   7adabff4 7cce5d20 7af5ce08 7ad6198c
0x7af5cdf0:   00000000 095dca20 095dca20 7ad61966
0x7af5ce00:   095dc9b0 7adabff4 7af5ce38 7ad686f1
0x7af5ce10:   095dc9b0 095dca20 00000000 00000000
0x7af5ce20:   7af5ce58 b789ec30 095cb000 7ad68601
0x7af5ce30:   7adabff4 7cce5d20 7af5ce58 7ad68825 

Instructions: (pc=0x7ac7ad5a)
0x7ac7ad3a:   bc 27 00 00 00 00 55 89 e5 83 ec 28 89 75 fc 8b
0x7ac7ad4a:   75 08 89 5d f8 e8 13 a8 fd ff 81 c3 a0 a2 04 00
0x7ac7ad5a:   8b 06 8b 50 08 85 d2 74 0c 8b 40 04 8b 00 a9 00
0x7ac7ad6a:   00 01 00 75 11 8b 5d f8 b8 12 00 01 00 8b 75 fc 

Register to memory mapping:

EAX=0x00000000 is an unknown value
EBX=0x7acc4ff4: <offset 0x7dff4> in /usr/lib/libOpenNI.so at 0x7ac47000
ECX=0x00000001 is an unknown value
EDX=0x095dca20 is an unknown value
ESP=0x7af5cdc0 is pointing into the stack for thread: 0x095cb000
EBP=0x7af5cde8 is pointing into the stack for thread: 0x095cb000
ESI=0x00000000 is an unknown value
EDI=0x095cb000 is a thread


Stack: [0x7af0d000,0x7af5e000],  sp=0x7af5cdc0,  free space=319k
Native frames: (J=compiled Java code, j=interpreted, Vv=VM code, C=native code)
C  [libOpenNI.so+0x33d5a]  long long+0x1a
C  [libSimpleOpenNI.so+0x9a98c]  xn::MapGenerator::SetMapOutputMode(XnMapOutputMode const&)+0x26
C  [libSimpleOpenNI.so+0xa16f1]  sOpenNI::ContextWrapper::createDepth(bool)+0xdb
C  [libSimpleOpenNI.so+0xa1825]  sOpenNI::ContextWrapper::enableDepth()+0x6b
C  [libSimpleOpenNI.so+0x848c6]  Java_SimpleOpenNI_SimpleOpenNIJNI_ContextWrapper_1enableDepthSwigExplicitContextWrapper_1_1SWIG_10+0x3c
j  SimpleOpenNI.SimpleOpenNIJNI.ContextWrapper_enableDepthSwigExplicitContextWrapper__SWIG_0(JLSimpleOpenNI/ContextWrapper;)Z+0
j  SimpleOpenNI.ContextWrapper.enableDepth()Z+26
j  SimpleOpenNI.SimpleOpenNI.enableDepth()Z+1
j  remixlab.devices.Kinect.<init>(Lprocessing/core/PApplet;Lremixlab/proscene/Scene;)V+56
j  devices3d.Devices3d.setup()V+186
j  processing.core.PApplet.handleDraw()V+65
j  processing.core.PApplet.run()V+72
j  java.lang.Thread.run()V+11
v  ~StubRoutines::call_stub
V  [libjvm.so+0x3dff01]  JavaCalls::call_helper(JavaValue*, methodHandle*, JavaCallArguments*, Thread*)+0x1c1
V  [libjvm.so+0x5e1298]  os::os_exception_wrapper(void (*)(JavaValue*, methodHandle*, JavaCallArguments*, Thread*), JavaValue*, methodHandle*, JavaCallArguments*, Thread*)+0x18
V  [libjvm.so+0x3df775]  JavaCalls::call_virtual(JavaValue*, KlassHandle, symbolHandle, symbolHandle, JavaCallArguments*, Thread*)+0xc5
V  [libjvm.so+0x3df838]  JavaCalls::call_virtual(JavaValue*, Handle, KlassHandle, symbolHandle, symbolHandle, Thread*)+0x58
V  [libjvm.so+0x4642d7]  thread_entry(JavaThread*, Thread*)+0xa7
V  [libjvm.so+0x6e16bf]  JavaThread::run()+0x11f
V  [libjvm.so+0x5e2aee]  java_start(Thread*)+0x14e
C  [libpthread.so.0+0x6d31]  short+0xd1

Java frames: (J=compiled Java code, j=interpreted, Vv=VM code)
j  SimpleOpenNI.SimpleOpenNIJNI.ContextWrapper_enableDepthSwigExplicitContextWrapper__SWIG_0(JLSimpleOpenNI/ContextWrapper;)Z+0
j  SimpleOpenNI.ContextWrapper.enableDepth()Z+26
j  SimpleOpenNI.SimpleOpenNI.enableDepth()Z+1
j  remixlab.devices.Kinect.<init>(Lprocessing/core/PApplet;Lremixlab/proscene/Scene;)V+56
j  devices3d.Devices3d.setup()V+186
j  processing.core.PApplet.handleDraw()V+65
j  processing.core.PApplet.run()V+72
j  java.lang.Thread.run()V+11
v  ~StubRoutines::call_stub

---------------  P R O C E S S  ---------------

Java Threads: ( => current thread )
=>0x095cb000 JavaThread "Animation Thread" [_thread_in_native, id=5438, stack(0x7af0d000,0x7af5e000)]
  0x094bac00 JavaThread "AWT-EventQueue-1" [_thread_blocked, id=5437, stack(0x7af5e000,0x7afaf000)]
  0x7b010400 JavaThread "DestroyJavaVM" [_thread_blocked, id=5417, stack(0xb6a26000,0xb6a77000)]
  0x7bedf000 JavaThread "AWT-EventQueue-0" [_thread_blocked, id=5435, stack(0x7afaf000,0x7b000000)]
  0x7b04b800 JavaThread "AWT-Shutdown" [_thread_blocked, id=5434, stack(0x7b106000,0x7b157000)]
  0x7bea8800 JavaThread "thread applet-devices3d.Devices3d.class" [_thread_blocked, id=5433, stack(0x7b1ee000,0x7b23f000)]
  0x7bea7800 JavaThread "AWT-XAWT" daemon [_thread_in_native, id=5431, stack(0x7b23f000,0x7b290000)]
  0x09429c00 JavaThread "Java2D Disposer" daemon [_thread_blocked, id=5430, stack(0x7b2e4000,0x7b335000)]
  0x0930e400 JavaThread "Low Memory Detector" daemon [_thread_blocked, id=5428, stack(0x7b6b0000,0x7b701000)]
  0x0930c800 JavaThread "C2 CompilerThread1" daemon [_thread_blocked, id=5427, stack(0x7b701000,0x7b782000)]
  0x0930ac00 JavaThread "C2 CompilerThread0" daemon [_thread_blocked, id=5426, stack(0x7b782000,0x7b803000)]
  0x09309000 JavaThread "Signal Dispatcher" daemon [_thread_blocked, id=5425, stack(0x7b803000,0x7b854000)]
  0x092fac00 JavaThread "Finalizer" daemon [_thread_blocked, id=5424, stack(0x7bbc6000,0x7bc17000)]
  0x092f9400 JavaThread "Reference Handler" daemon [_thread_blocked, id=5423, stack(0x7bc17000,0x7bc68000)]

Other Threads:
  0x092f5800 VMThread [stack: 0x7bf3a000,0x7bfbb000] [id=5422]
  0x09318400 WatcherThread [stack: 0x7b62f000,0x7b6b0000] [id=5429]

VM state:not at safepoint (normal execution)

VM Mutex/Monitor currently owned by a thread: None

Heap
 PSYoungGen      total 15296K, used 10118K [0xa2790000, 0xa4570000, 0xb38e0000)
  eden space 13120K, 64% used [0xa2790000,0xa2fe14d8,0xa3460000)
  from space 2176K, 73% used [0xa3460000,0xa35f06b8,0xa3680000)
  to   space 2176K, 0% used [0xa4350000,0xa4350000,0xa4570000)
 PSOldGen        total 35008K, used 5968K [0x804e0000, 0x82710000, 0xa2790000)
  object space 35008K, 17% used [0x804e0000,0x80ab4310,0x82710000)
 PSPermGen       total 16384K, used 8334K [0x7c4e0000, 0x7d4e0000, 0x804e0000)
  object space 16384K, 50% used [0x7c4e0000,0x7cd03a18,0x7d4e0000)

Code Cache  [0xb39aa000, 0xb3bea000, 0xb69aa000)
 total_blobs=329 nmethods=40 adapters=244 free_code_cache=49886976 largest_free_block=11776

Dynamic libraries:
08048000-08052000 r-xp 00000000 08:08 1181081    /usr/lib/jvm/java-6-sun-1.6.0.26/jre/bin/java
08052000-08053000 rwxp 00009000 08:08 1181081    /usr/lib/jvm/java-6-sun-1.6.0.26/jre/bin/java
09250000-096da000 rwxp 00000000 00:00 0          [heap]
794e5000-7956e000 r-xp 00000000 08:08 1070238    /usr/lib/libXnDeviceSensorV2KM.so
7956e000-79577000 r-xp 00088000 08:08 1070238    /usr/lib/libXnDeviceSensorV2KM.so
79577000-79578000 rwxp 00091000 08:08 1070238    /usr/lib/libXnDeviceSensorV2KM.so
79578000-79658000 r-xp 00000000 08:08 1064091    /usr/lib/libXnVHandGenerator_1_5_0.so
79658000-7965b000 r-xp 000df000 08:08 1064091    /usr/lib/libXnVHandGenerator_1_5_0.so
7965b000-7965c000 rwxp 000e2000 08:08 1064091    /usr/lib/libXnVHandGenerator_1_5_0.so
7965c000-79668000 rwxp 00000000 00:00 0 
79668000-79a5b000 r-xp 00000000 08:08 1064087    /usr/lib/libXnVFeatures_1_5_0.so
79a5b000-79a5c000 ---p 003f3000 08:08 1064087    /usr/lib/libXnVFeatures_1_5_0.so
79a5c000-79a64000 r-xp 003f3000 08:08 1064087    /usr/lib/libXnVFeatures_1_5_0.so
79a64000-79a65000 rwxp 003fb000 08:08 1064087    /usr/lib/libXnVFeatures_1_5_0.so
79a65000-79a79000 rwxp 00000000 00:00 0 
79a79000-79aa6000 r-xp 00000000 08:08 1064003    /usr/lib/libXnDeviceFile.so
79aa6000-79aa7000 r-xp 0002d000 08:08 1064003    /usr/lib/libXnDeviceFile.so
79aa7000-79aa8000 rwxp 0002e000 08:08 1064003    /usr/lib/libXnDeviceFile.so
79aa8000-79afa000 r-xp 00000000 08:08 1064002    /usr/lib/libXnDDK.so
79afa000-79afc000 r-xp 00051000 08:08 1064002    /usr/lib/libXnDDK.so
79afc000-79afd000 rwxp 00053000 08:08 1064002    /usr/lib/libXnDDK.so
79afd000-79b21000 r-xp 00000000 08:08 1064005    /usr/lib/libXnFormats.so
79b21000-79b22000 r-xp 00023000 08:08 1064005    /usr/lib/libXnFormats.so
79b22000-79b23000 rwxp 00024000 08:08 1064005    /usr/lib/libXnFormats.so
79b23000-79b43000 rwxp 00000000 00:00 0 
79b5f000-79bf8000 r-xp 00000000 08:08 1064004    /usr/lib/libXnDeviceSensorV2.so
79bf8000-79c01000 r-xp 00098000 08:08 1064004    /usr/lib/libXnDeviceSensorV2.so
79c01000-79c02000 rwxp 000a1000 08:08 1064004    /usr/lib/libXnDeviceSensorV2.so
79c02000-79ce5000 r-xp 00000000 08:08 1064000    /usr/lib/libXnVHandGenerator_1_5_2.so
79ce5000-79ce8000 r-xp 000e3000 08:08 1064000    /usr/lib/libXnVHandGenerator_1_5_2.so
79ce8000-79ce9000 rwxp 000e6000 08:08 1064000    /usr/lib/libXnVHandGenerator_1_5_2.so
79ce9000-79cf5000 rwxp 00000000 00:00 0 
79cf5000-79dca000 r-xp 00000000 08:08 1063997    /usr/lib/libXnVHandGenerator_1_4_2.so
79dca000-79dcb000 ---p 000d5000 08:08 1063997    /usr/lib/libXnVHandGenerator_1_4_2.so
79dcb000-79dcd000 r-xp 000d5000 08:08 1063997    /usr/lib/libXnVHandGenerator_1_4_2.so
79dcd000-79dce000 rwxp 000d7000 08:08 1063997    /usr/lib/libXnVHandGenerator_1_4_2.so
79dce000-79dd0000 rwxp 00000000 00:00 0 
79dd0000-79ea4000 r-xp 00000000 08:08 1063994    /usr/lib/libXnVHandGenerator_1_4_1.so
79ea4000-79ea5000 ---p 000d4000 08:08 1063994    /usr/lib/libXnVHandGenerator_1_4_1.so
79ea5000-79ea7000 r-xp 000d4000 08:08 1063994    /usr/lib/libXnVHandGenerator_1_4_1.so
79ea7000-79ea8000 rwxp 000d6000 08:08 1063994    /usr/lib/libXnVHandGenerator_1_4_1.so
79ea8000-79eaa000 rwxp 00000000 00:00 0 
79eaa000-79f88000 r-xp 00000000 08:08 1063991    /usr/lib/libXnVHandGenerator_1_3_1.so
79f88000-79f8b000 r-xp 000dd000 08:08 1063991    /usr/lib/libXnVHandGenerator_1_3_1.so
79f8b000-79f8c000 rwxp 000e0000 08:08 1063991    /usr/lib/libXnVHandGenerator_1_3_1.so
79f8c000-79f8e000 rwxp 00000000 00:00 0 
79f8e000-7a38f000 r-xp 00000000 08:08 1063984    /usr/lib/libXnVFeatures_1_5_2.so
7a38f000-7a390000 ---p 00401000 08:08 1063984    /usr/lib/libXnVFeatures_1_5_2.so
7a390000-7a398000 r-xp 00401000 08:08 1063984    /usr/lib/libXnVFeatures_1_5_2.so
7a398000-7a399000 rwxp 00409000 08:08 1063984    /usr/lib/libXnVFeatures_1_5_2.so
7a399000-7a3ad000 rwxp 00000000 00:00 0 
7a3ad000-7a594000 r-xp 00000000 08:08 1063973    /usr/lib/libXnVFeatures_1_4_2.so
7a594000-7a597000 r-xp 001e6000 08:08 1063973    /usr/lib/libXnVFeatures_1_4_2.so
7a597000-7a598000 rwxp 001e9000 08:08 1063973    /usr/lib/libXnVFeatures_1_4_2.so
7a598000-7a59d000 rwxp 00000000 00:00 0 
7a59d000-7a784000 r-xp 00000000 08:08 1063968    /usr/lib/libXnVFeatures_1_4_1.so
7a784000-7a787000 r-xp 001e6000 08:08 1063968    /usr/lib/libXnVFeatures_1_4_1.so
7a787000-7a788000 rwxp 001e9000 08:08 1063968    /usr/lib/libXnVFeatures_1_4_1.so
7a788000-7a78d000 rwxp 00000000 00:00 0 
7a78d000-7a9ab000 r-xp 00000000 08:08 1063963    /usr/lib/libXnVFeatures_1_3_1.so
7a9ab000-7a9ac000 ---p 0021e000 08:08 1063963    /usr/lib/libXnVFeatures_1_3_1.so
7a9ac000-7a9af000 r-xp 0021e000 08:08 1063963    /usr/lib/libXnVFeatures_1_3_1.so
7a9af000-7a9b0000 rwxp 00221000 08:08 1063963    /usr/lib/libXnVFeatures_1_3_1.so
7a9b0000-7a9b5000 rwxp 00000000 00:00 0 
7a9b5000-7a9d8000 r-xp 00000000 08:08 1063813    /usr/lib/libnimRecorder.so
7a9d8000-7a9d9000 r-xp 00023000 08:08 1063813    /usr/lib/libnimRecorder.so
7a9d9000-7a9da000 rwxp 00024000 08:08 1063813    /usr/lib/libnimRecorder.so
7a9da000-7aa0e000 r-xp 00000000 08:08 1063811    /usr/lib/libnimCodecs.so
7aa0e000-7aa0f000 ---p 00034000 08:08 1063811    /usr/lib/libnimCodecs.so
7aa0f000-7aa11000 r-xp 00034000 08:08 1063811    /usr/lib/libnimCodecs.so
7aa11000-7aa12000 rwxp 00036000 08:08 1063811    /usr/lib/libnimCodecs.so
7aa12000-7aa32000 rwxp 00000000 00:00 0 
7aa32000-7aa63000 r-xp 00000000 08:08 1063812    /usr/lib/libnimMockNodes.so
7aa63000-7aa69000 r-xp 00031000 08:08 1063812    /usr/lib/libnimMockNodes.so
7aa69000-7aa6a000 rwxp 00037000 08:08 1063812    /usr/lib/libnimMockNodes.so
7aa6a000-7aa86000 r-xp 00000000 08:08 1573816    /lib/i386-linux-gnu/libgcc_s.so.1
7aa86000-7aa87000 r-xp 0001b000 08:08 1573816    /lib/i386-linux-gnu/libgcc_s.so.1
7aa87000-7aa88000 rwxp 0001c000 08:08 1573816    /lib/i386-linux-gnu/libgcc_s.so.1
7aa88000-7ab66000 r-xp 00000000 08:08 1056768    /usr/lib/i386-linux-gnu/libstdc++.so.6.0.16
7ab66000-7ab67000 ---p 000de000 08:08 1056768    /usr/lib/i386-linux-gnu/libstdc++.so.6.0.16
7ab67000-7ab6b000 r-xp 000de000 08:08 1056768    /usr/lib/i386-linux-gnu/libstdc++.so.6.0.16
7ab6b000-7ab6c000 rwxp 000e2000 08:08 1056768    /usr/lib/i386-linux-gnu/libstdc++.so.6.0.16
7ab6c000-7ab73000 rwxp 00000000 00:00 0 
7ab73000-7ac43000 r-xp 00000000 08:08 1063882    /usr/lib/libXnVNite_1_3_1.so
7ac43000-7ac46000 r-xp 000cf000 08:08 1063882    /usr/lib/libXnVNite_1_3_1.so
7ac46000-7ac47000 rwxp 000d2000 08:08 1063882    /usr/lib/libXnVNite_1_3_1.so
7ac47000-7acc3000 r-xp 00000000 08:08 1063815    /usr/lib/libOpenNI.so
7acc3000-7acc5000 r-xp 0007c000 08:08 1063815    /usr/lib/libOpenNI.so
7acc5000-7acc7000 rwxp 0007e000 08:08 1063815    /usr/lib/libOpenNI.so
7acc7000-7ada9000 r-xp 00000000 08:08 1199735    /home/alejo/Dropbox/code/devices3d/lib/user/SimpleOpenNI/libSimpleOpenNI.so
7ada9000-7adaa000 ---p 000e2000 08:08 1199735    /home/alejo/Dropbox/code/devices3d/lib/user/SimpleOpenNI/libSimpleOpenNI.so
7adaa000-7adac000 r-xp 000e2000 08:08 1199735    /home/alejo/Dropbox/code/devices3d/lib/user/SimpleOpenNI/libSimpleOpenNI.so
7adac000-7adaf000 rwxp 000e4000 08:08 1199735    /home/alejo/Dropbox/code/devices3d/lib/user/SimpleOpenNI/libSimpleOpenNI.so
7adaf000-7adb2000 ---p 00000000 00:00 0 
7adb2000-7ae00000 rwxp 00000000 00:00 0 
7ae00000-7aefc000 rwxp 00000000 00:00 0 
7aefc000-7af00000 ---p 00000000 00:00 0 
7af0d000-7af10000 ---p 00000000 00:00 0 
7af10000-7af5e000 rwxp 00000000 00:00 0 
7af5e000-7af61000 ---p 00000000 00:00 0 
7af61000-7afaf000 rwxp 00000000 00:00 0 
7afaf000-7afb2000 ---p 00000000 00:00 0 
7afb2000-7b000000 rwxp 00000000 00:00 0 
7b000000-7b0fb000 rwxp 00000000 00:00 0 
7b0fb000-7b100000 ---p 00000000 00:00 0 
7b106000-7b109000 ---p 00000000 00:00 0 
7b109000-7b157000 rwxp 00000000 00:00 0 
7b157000-7b158000 r-xs 00000000 08:08 1188895    /var/cache/fontconfig/c05880de57d1f5e948fdfacc138775d9-le32d4.cache-3
7b158000-7b15e000 r-xs 00000000 08:08 1188892    /var/cache/fontconfig/945677eb7aeaf62f1d50efc3fb3ec7d8-le32d4.cache-3
7b15e000-7b160000 r-xs 00000000 08:08 1188893    /var/cache/fontconfig/99e8ed0e538f840c565b6ed5dad60d56-le32d4.cache-3
7b160000-7b163000 r-xs 00000000 08:08 1206717    /var/cache/fontconfig/e383d7ea5fbe662a33d9b44caf393297-le32d4.cache-3
7b163000-7b166000 r-xs 00000000 08:08 1188879    /var/cache/fontconfig/2cd17615ca594fa2959ae173292e504c-le32d4.cache-3
7b166000-7b167000 r-xs 00000000 08:08 1188903    /var/cache/fontconfig/e7071f4a29fa870f4323321c154eba04-le32d4.cache-3
7b167000-7b169000 r-xs 00000000 08:08 1191776    /var/cache/fontconfig/b5ea634b0fb353b8ea17632d1f9ef766-le32d4.cache-3
7b169000-7b16d000 r-xs 00000000 08:08 1188889    /var/cache/fontconfig/6eb3985aa4124903f6ff08ba781cd364-le32d4.cache-3
7b16d000-7b16e000 r-xs 00000000 08:08 1188883    /var/cache/fontconfig/4c73fe0c47614734b17d736dbde7580a-le32d4.cache-3
7b16e000-7b172000 r-xs 00000000 08:08 1188894    /var/cache/fontconfig/a755afe4a08bf5b97852ceb7400b47bc-le32d4.cache-3
7b172000-7b176000 r-xs 00000000 08:08 1188884    /var/cache/fontconfig/515ca1ebc4b18308bea979be5704f9db-le32d4.cache-3
7b176000-7b17d000 r-xs 00000000 08:08 1188888    /var/cache/fontconfig/6d41288fd70b0be22e8c3a91e032eec0-le32d4.cache-3
7b17d000-7b188000 r-xs 00000000 08:08 1188877    /var/cache/fontconfig/0f34bcd4b6ee430af32735b75db7f02b-le32d4.cache-3
7b188000-7b1aa000 r-xs 00000000 08:08 1206716    /var/cache/fontconfig/365b55f210c0a22e9a19e35191240f32-le32d4.cache-3
7b1aa000-7b1b7000 r-xs 00000000 08:08 1188899    /var/cache/fontconfig/d52a8644073d54c13679302ca1180695-le32d4.cache-3
7b1b7000-7b1bd000 r-xs 00000000 08:08 1206713    /var/cache/fontconfig/153bb866d4d26e7cd19eee2129f8d8d2-le32d4.cache-3
7b1be000-7b1c9000 r-xp 00000000 08:08 408705     /opt/microchip/mplabx/mplab_ide/mplablibs/modules/lib/libusb-1.0.so.0.0.0
7b1c9000-7b1ca000 rwxp 0000a000 08:08 408705     /opt/microchip/mplabx/mplab_ide/mplablibs/modules/lib/libusb-1.0.so.0.0.0
7b1e5000-7b1e6000 rwxp 00000000 00:00 0 
7b1e6000-7b1ed000 r-xp 00000000 08:08 1181319    /usr/lib/jvm/java-6-sun-1.6.0.26/jre/lib/i386/libnio.so
7b1ed000-7b1ee000 rwxp 00006000 08:08 1181319    /usr/lib/jvm/java-6-sun-1.6.0.26/jre/lib/i386/libnio.so
7b1ee000-7b1f1000 ---p 00000000 00:00 0 
7b1f1000-7b23f000 rwxp 00000000 00:00 0 
7b23f000-7b242000 ---p 00000000 00:00 0 
7b242000-7b290000 rwxp 00000000 00:00 0 
7b290000-7b294000 r-xp 00000000 08:08 1056426    /usr/lib/i386-linux-gnu/libXfixes.so.3.1.0
7b294000-7b295000 r-xp 00003000 08:08 1056426    /usr/lib/i386-linux-gnu/libXfixes.so.3.1.0
7b295000-7b296000 rwxp 00004000 08:08 1056426    /usr/lib/i386-linux-gnu/libXfixes.so.3.1.0
7b296000-7b29f000 r-xp 00000000 08:08 1056446    /usr/lib/i386-linux-gnu/libXrender.so.1.3.0
7b29f000-7b2a0000 r-xp 00008000 08:08 1056446    /usr/lib/i386-linux-gnu/libXrender.so.1.3.0
7b2a0000-7b2a1000 rwxp 00009000 08:08 1056446    /usr/lib/i386-linux-gnu/libXrender.so.1.3.0
7b2a1000-7b2aa000 r-xp 00000000 08:08 1056410    /usr/lib/i386-linux-gnu/libXcursor.so.1.0.2
7b2aa000-7b2ab000 r-xp 00008000 08:08 1056410    /usr/lib/i386-linux-gnu/libXcursor.so.1.0.2
7b2ab000-7b2ac000 rwxp 00009000 08:08 1056410    /usr/lib/i386-linux-gnu/libXcursor.so.1.0.2
7b2ac000-7b2af000 r-xp 00000000 08:08 1064001    /usr/lib/libXnCore.so
7b2af000-7b2b0000 r-xp 00002000 08:08 1064001    /usr/lib/libXnCore.so
7b2b0000-7b2b1000 rwxp 00003000 08:08 1064001    /usr/lib/libXnCore.so
7b2b1000-7b2b2000 r-xp 00000000 08:08 1181308    /usr/lib/jvm/java-6-sun-1.6.0.26/jre/lib/i386/libjawt.so
7b2b2000-7b2b3000 rwxp 00000000 08:08 1181308    /usr/lib/jvm/java-6-sun-1.6.0.26/jre/lib/i386/libjawt.so
7b2b3000-7b2c7000 r-xp 00000000 08:08 1181318    /usr/lib/jvm/java-6-sun-1.6.0.26/jre/lib/i386/libnet.so
7b2c7000-7b2c8000 rwxp 00013000 08:08 1181318    /usr/lib/jvm/java-6-sun-1.6.0.26/jre/lib/i386/libnet.so
7b2c8000-7b2d6000 r-xs 00000000 08:08 1190496    /var/cache/fontconfig/e13b20fdb08344e0e664864cc2ede53d-le32d4.cache-3
7b2d6000-7b2e4000 r-xs 00000000 08:08 1190505    /var/cache/fontconfig/865f88548240fee46819705c6468c165-le32d4.cache-3
7b2e4000-7b2e7000 ---p 00000000 00:00 0 
7b2e7000-7b335000 rwxp 00000000 00:00 0 
7b335000-7b3ae000 r-xp 00000000 08:08 1181295    /usr/lib/jvm/java-6-sun-1.6.0.26/jre/lib/i386/libfontmanager.so
7b3ae000-7b3b8000 rwxp 00078000 08:08 1181295    /usr/lib/jvm/java-6-sun-1.6.0.26/jre/lib/i386/libfontmanager.so
7b3b8000-7b3bd000 rwxp 00000000 00:00 0 
7b3bd000-7b3d4000 r-xs 0015b000 08:08 1199687    /home/alejo/Dropbox/code/devices3d/lib/base/core/ant.jar
7b3d4000-7b3f1000 r-xp 00000000 08:08 1056813    /usr/lib/i386-linux-gnu/libxcb.so.1.1.0
7b3f1000-7b3f2000 r-xp 0001c000 08:08 1056813    /usr/lib/i386-linux-gnu/libxcb.so.1.1.0
7b3f2000-7b3f3000 rwxp 0001d000 08:08 1056813    /usr/lib/i386-linux-gnu/libxcb.so.1.1.0
7b3f3000-7b401000 r-xp 00000000 08:08 1056434    /usr/lib/i386-linux-gnu/libXi.so.6.1.0
7b401000-7b402000 r-xp 0000d000 08:08 1056434    /usr/lib/i386-linux-gnu/libXi.so.6.1.0
7b402000-7b403000 rwxp 0000e000 08:08 1056434    /usr/lib/i386-linux-gnu/libXi.so.6.1.0
7b403000-7b534000 r-xp 00000000 08:08 1056398    /usr/lib/i386-linux-gnu/libX11.so.6.3.0
7b534000-7b535000 ---p 00131000 08:08 1056398    /usr/lib/i386-linux-gnu/libX11.so.6.3.0
7b535000-7b536000 r-xp 00131000 08:08 1056398    /usr/lib/i386-linux-gnu/libX11.so.6.3.0
7b536000-7b538000 rwxp 00132000 08:08 1056398    /usr/lib/i386-linux-gnu/libX11.so.6.3.0
7b538000-7b539000 rwxp 00000000 00:00 0 
7b539000-7b57c000 r-xp 00000000 08:08 1181341    /usr/lib/jvm/java-6-sun-1.6.0.26/jre/lib/i386/xawt/libmawt.so
7b57c000-7b57e000 rwxp 00043000 08:08 1181341    /usr/lib/jvm/java-6-sun-1.6.0.26/jre/lib/i386/xawt/libmawt.so
7b57e000-7b57f000 rwxp 00000000 00:00 0 
7b57f000-7b604000 r-xp 00000000 08:08 1181290    /usr/lib/jvm/java-6-sun-1.6.0.26/jre/lib/i386/libawt.so
7b604000-7b60b000 rwxp 00085000 08:08 1181290    /usr/lib/jvm/java-6-sun-1.6.0.26/jre/lib/i386/libawt.so
7b60b000-7b62f000 rwxp 00000000 00:00 0 
7b62f000-7b630000 ---p 00000000 00:00 0 
7b630000-7b6b0000 rwxp 00000000 00:00 0 
7b6b0000-7b6b3000 ---p 00000000 00:00 0 
7b6b3000-7b701000 rwxp 00000000 00:00 0 
7b701000-7b704000 ---p 00000000 00:00 0 
7b704000-7b782000 rwxp 00000000 00:00 0 
7b782000-7b785000 ---p 00000000 00:00 0 
7b785000-7b803000 rwxp 00000000 00:00 0 
7b803000-7b806000 ---p 00000000 00:00 0 
7b806000-7b854000 rwxp 00000000 00:00 0 
7b854000-7b855000 r-xp 00571000 08:08 1057169    /usr/lib/locale/locale-archive
7b855000-7b986000 r-xp 0043d000 08:08 1057169    /usr/lib/locale/locale-archive
7b986000-7b9c6000 r-xp 002bd000 08:08 1057169    /usr/lib/locale/locale-archive
7b9c6000-7bbc6000 r-xp 00000000 08:08 1057169    /usr/lib/locale/locale-archive
7bbc6000-7bbc9000 ---p 00000000 00:00 0 
7bbc9000-7bc17000 rwxp 00000000 00:00 0 
7bc17000-7bc1a000 ---p 00000000 00:00 0 
7bc1a000-7bc68000 rwxp 00000000 00:00 0 
7bc68000-7be00000 r-xs 03029000 08:08 1181157    /usr/lib/jvm/java-6-sun-1.6.0.26/jre/lib/rt.jar
7be00000-7befa000 rwxp 00000000 00:00 0 
7befa000-7bf00000 ---p 00000000 00:00 0 
7bf00000-7bf01000 r-xs 00000000 08:08 1188876    /var/cache/fontconfig/0d8c3b2ac0904cb8a57a757ad11a4a08-le32d4.cache-3
7bf01000-7bf04000 r-xs 00000000 08:08 1188900    /var/cache/fontconfig/d60319d88cac85ba9e1a07bd06cfbb8c-le32d4.cache-3
7bf04000-7bf09000 r-xp 00000000 08:08 1056418    /usr/lib/i386-linux-gnu/libXdmcp.so.6.0.0
7bf09000-7bf0a000 r-xp 00004000 08:08 1056418    /usr/lib/i386-linux-gnu/libXdmcp.so.6.0.0
7bf0a000-7bf0b000 rwxp 00005000 08:08 1056418    /usr/lib/i386-linux-gnu/libXdmcp.so.6.0.0
7bf0b000-7bf1c000 r-xp 00000000 08:08 1056422    /usr/lib/i386-linux-gnu/libXext.so.6.4.0
7bf1c000-7bf1d000 r-xp 00010000 08:08 1056422    /usr/lib/i386-linux-gnu/libXext.so.6.4.0
7bf1d000-7bf1e000 rwxp 00011000 08:08 1056422    /usr/lib/i386-linux-gnu/libXext.so.6.4.0
7bf1e000-7bf21000 r-xs 00000000 08:08 1206715    /var/cache/fontconfig/7ef2298fde41cc6eeb7af42e48b7d293-le32d4.cache-3
7bf21000-7bf24000 r-xs 00017000 08:08 1199756    /home/alejo/Dropbox/code/devices3d/lib/user/proscene/proscene.jar
7bf24000-7bf26000 r-xs 00003000 08:08 1199742    /home/alejo/Dropbox/code/devices3d/lib/user/fullscreen/fullscreen.jar
7bf26000-7bf2a000 r-xs 00020000 08:08 1199717    /home/alejo/Dropbox/code/devices3d/lib/user/SimpleOpenNI/SimpleOpenNI.jar
7bf2a000-7bf2d000 r-xs 00029000 08:08 2123900    /home/alejo/Dropbox/code/devices3d/lib/user/procontroll/procontroll.jar
7bf2d000-7bf38000 r-xs 00108000 08:08 1326150    /home/alejo/Dropbox/code/devices3d/lib/base/opengl/jogl.jar
7bf38000-7bf39000 r-xs 00004000 08:08 1326149    /home/alejo/Dropbox/code/devices3d/lib/base/opengl/gluegen-rt.jar
7bf39000-7bf3a000 r-xs 00003000 08:08 1326148    /home/alejo/Dropbox/code/devices3d/lib/base/opengl/opengl.jar
7bf3a000-7bf3b000 ---p 00000000 00:00 0 
7bf3b000-7bfef000 rwxp 00000000 00:00 0 
7bfef000-7bff0000 ---p 00000000 00:00 0 
7bff0000-7c070000 rwxp 00000000 00:00 0 
7c070000-7c071000 ---p 00000000 00:00 0 
7c071000-7c0f1000 rwxp 00000000 00:00 0 
7c0f1000-7c0f2000 ---p 00000000 00:00 0 
7c0f2000-7c172000 rwxp 00000000 00:00 0 
7c172000-7c173000 ---p 00000000 00:00 0 
7c173000-7c1fb000 rwxp 00000000 00:00 0 
7c1fb000-7c213000 rwxp 00000000 00:00 0 
7c213000-7c225000 rwxp 00000000 00:00 0 
7c225000-7c325000 rwxp 00000000 00:00 0 
7c325000-7c32d000 rwxp 00000000 00:00 0 
7c32d000-7c345000 rwxp 00000000 00:00 0 
7c345000-7c357000 rwxp 00000000 00:00 0 
7c357000-7c456000 rwxp 00000000 00:00 0 
7c456000-7c466000 rwxp 00000000 00:00 0 
7c466000-7c4df000 rwxp 00000000 00:00 0 
7c4df000-7d4e0000 rwxp 00000000 00:00 0 
7d4e0000-804e0000 rwxp 00000000 00:00 0 
804e0000-82710000 rwxp 00000000 00:00 0 
82710000-a2790000 rwxp 00000000 00:00 0 
a2790000-a4570000 rwxp 00000000 00:00 0 
a4570000-b38e0000 rwxp 00000000 00:00 0 
b38e0000-b38e1000 r-xs 00000000 08:08 1188887    /var/cache/fontconfig/6a53c69dea097a2d716e069445527da8-le32d4.cache-3
b38e1000-b38e3000 r-xs 0002b000 08:08 1199690    /home/alejo/Dropbox/code/devices3d/lib/base/core/core.jar
b38e3000-b38e8000 r-xp 00000000 08:08 1052626    /usr/lib/libXtst.so.6.1.0
b38e8000-b38e9000 r-xp 00004000 08:08 1052626    /usr/lib/libXtst.so.6.1.0
b38e9000-b38ea000 rwxp 00005000 08:08 1052626    /usr/lib/libXtst.so.6.1.0
b38ea000-b38f3000 rwxp 00000000 00:00 0 
b38f3000-b39aa000 rwxp 00000000 00:00 0 
b39aa000-b3bea000 rwxp 00000000 00:00 0 
b3bea000-b69aa000 rwxp 00000000 00:00 0 
b69aa000-b69b5000 r-xp 00000000 08:08 1573836    /lib/i386-linux-gnu/libnss_files-2.13.so
b69b5000-b69b6000 r-xp 0000a000 08:08 1573836    /lib/i386-linux-gnu/libnss_files-2.13.so
b69b6000-b69b7000 rwxp 0000b000 08:08 1573836    /lib/i386-linux-gnu/libnss_files-2.13.so
b69b7000-b69c1000 r-xp 00000000 08:08 1573840    /lib/i386-linux-gnu/libnss_nis-2.13.so
b69c1000-b69c2000 r-xp 00009000 08:08 1573840    /lib/i386-linux-gnu/libnss_nis-2.13.so
b69c2000-b69c3000 rwxp 0000a000 08:08 1573840    /lib/i386-linux-gnu/libnss_nis-2.13.so
b69c3000-b69d8000 r-xp 00000000 08:08 1573830    /lib/i386-linux-gnu/libnsl-2.13.so
b69d8000-b69d9000 r-xp 00015000 08:08 1573830    /lib/i386-linux-gnu/libnsl-2.13.so
b69d9000-b69da000 rwxp 00016000 08:08 1573830    /lib/i386-linux-gnu/libnsl-2.13.so
b69da000-b69dc000 rwxp 00000000 00:00 0 
b69dc000-b69dd000 r-xs 00000000 08:08 1193307    /var/cache/fontconfig/4794a0821666d79190d59a36cb4f44b5-le32d4.cache-3
b69dd000-b69df000 r-xs 00002000 08:08 1199642    /home/alejo/Dropbox/code/devices3d/lib/base/core/ant-launcher.jar
b69df000-b69ee000 r-xp 00000000 08:08 1181329    /usr/lib/jvm/java-6-sun-1.6.0.26/jre/lib/i386/libzip.so
b69ee000-b69f0000 rwxp 0000e000 08:08 1181329    /usr/lib/jvm/java-6-sun-1.6.0.26/jre/lib/i386/libzip.so
b69f0000-b69f8000 rwxs 00000000 08:08 407531     /tmp/hsperfdata_alejo/5412
b69f8000-b6a1b000 r-xp 00000000 08:08 1181303    /usr/lib/jvm/java-6-sun-1.6.0.26/jre/lib/i386/libjava.so
b6a1b000-b6a1d000 rwxp 00023000 08:08 1181303    /usr/lib/jvm/java-6-sun-1.6.0.26/jre/lib/i386/libjava.so
b6a1d000-b6a24000 r-xp 00000000 08:08 1573859    /lib/i386-linux-gnu/librt-2.13.so
b6a24000-b6a25000 r-xp 00006000 08:08 1573859    /lib/i386-linux-gnu/librt-2.13.so
b6a25000-b6a26000 rwxp 00007000 08:08 1573859    /lib/i386-linux-gnu/librt-2.13.so
b6a26000-b6a29000 ---p 00000000 00:00 0 
b6a29000-b6a77000 rwxp 00000000 00:00 0 
b6a77000-b6a9f000 r-xp 00000000 08:08 1573825    /lib/i386-linux-gnu/libm-2.13.so
b6a9f000-b6aa0000 r-xp 00028000 08:08 1573825    /lib/i386-linux-gnu/libm-2.13.so
b6aa0000-b6aa1000 rwxp 00029000 08:08 1573825    /lib/i386-linux-gnu/libm-2.13.so
b6aa1000-b7253000 r-xp 00000000 08:08 1181340    /usr/lib/jvm/java-6-sun-1.6.0.26/jre/lib/i386/server/libjvm.so
b7253000-b72a7000 rwxp 007b1000 08:08 1181340    /usr/lib/jvm/java-6-sun-1.6.0.26/jre/lib/i386/server/libjvm.so
b72a7000-b76c6000 rwxp 00000000 00:00 0 
b76c6000-b783c000 r-xp 00000000 08:08 1573795    /lib/i386-linux-gnu/libc-2.13.so
b783c000-b783e000 r-xp 00176000 08:08 1573795    /lib/i386-linux-gnu/libc-2.13.so
b783e000-b783f000 rwxp 00178000 08:08 1573795    /lib/i386-linux-gnu/libc-2.13.so
b783f000-b7842000 rwxp 00000000 00:00 0 
b7842000-b7845000 r-xp 00000000 08:08 1573806    /lib/i386-linux-gnu/libdl-2.13.so
b7845000-b7846000 r-xp 00002000 08:08 1573806    /lib/i386-linux-gnu/libdl-2.13.so
b7846000-b7847000 rwxp 00003000 08:08 1573806    /lib/i386-linux-gnu/libdl-2.13.so
b7847000-b784e000 r-xp 00000000 08:08 1181335    /usr/lib/jvm/java-6-sun-1.6.0.26/jre/lib/i386/jli/libjli.so
b784e000-b7850000 rwxp 00006000 08:08 1181335    /usr/lib/jvm/java-6-sun-1.6.0.26/jre/lib/i386/jli/libjli.so
b7850000-b7851000 rwxp 00000000 00:00 0 
b7851000-b7868000 r-xp 00000000 08:08 1573855    /lib/i386-linux-gnu/libpthread-2.13.so
b7868000-b7869000 r-xp 00016000 08:08 1573855    /lib/i386-linux-gnu/libpthread-2.13.so
b7869000-b786a000 rwxp 00017000 08:08 1573855    /lib/i386-linux-gnu/libpthread-2.13.so
b786a000-b786c000 rwxp 00000000 00:00 0 
b786c000-b786e000 r-xp 00000000 08:08 1056402    /usr/lib/i386-linux-gnu/libXau.so.6.0.0
b786e000-b786f000 r-xp 00001000 08:08 1056402    /usr/lib/i386-linux-gnu/libXau.so.6.0.0
b786f000-b7870000 rwxp 00002000 08:08 1056402    /usr/lib/i386-linux-gnu/libXau.so.6.0.0
b7870000-b7878000 r-xp 00000000 08:08 1573832    /lib/i386-linux-gnu/libnss_compat-2.13.so
b7878000-b7879000 r-xp 00007000 08:08 1573832    /lib/i386-linux-gnu/libnss_compat-2.13.so
b7879000-b787a000 rwxp 00008000 08:08 1573832    /lib/i386-linux-gnu/libnss_compat-2.13.so
b787a000-b787b000 rwxp 00000000 00:00 0 
b787b000-b787c000 r-xp 00000000 00:00 0 
b787c000-b7887000 r-xp 00000000 08:08 1181328    /usr/lib/jvm/java-6-sun-1.6.0.26/jre/lib/i386/libverify.so
b7887000-b7888000 rwxp 0000b000 08:08 1181328    /usr/lib/jvm/java-6-sun-1.6.0.26/jre/lib/i386/libverify.so
b7888000-b788a000 rwxp 00000000 00:00 0 
b788a000-b788b000 r-xp 00000000 00:00 0          [vdso]
b788b000-b78a9000 r-xp 00000000 08:08 1573782    /lib/i386-linux-gnu/ld-2.13.so
b78a9000-b78aa000 r-xp 0001d000 08:08 1573782    /lib/i386-linux-gnu/ld-2.13.so
b78aa000-b78ab000 rwxp 0001e000 08:08 1573782    /lib/i386-linux-gnu/ld-2.13.so
bfa28000-bfa49000 rwxp 00000000 00:00 0          [stack]

VM Arguments:
jvm_args: -Djava.library.path=/home/alejo/Dropbox/code/devices3d/lib/base/opengl:/home/alejo/Dropbox/code/devices3d/lib/base/opengl:/home/alejo/Dropbox/code/devices3d/lib/base/opengl:/home/alejo/Dropbox/code/devices3d/lib/base/core:/home/alejo/Dropbox/code/devices3d/lib/base/core:/home/alejo/Dropbox/code/devices3d/lib/base/core:/home/alejo/Dropbox/code/devices3d/lib/user/procontroll:/home/alejo/Dropbox/code/devices3d/lib/user/SimpleOpenNI:/home/alejo/Dropbox/code/devices3d/lib/user/fullscreen:/home/alejo/Dropbox/code/devices3d/lib/user/proscene -Djava.security.policy=java.policy.applet -Dfile.encoding=UTF-8 
java_command: sun.applet.AppletViewer devices3d.Devices3d1333674799917.html
Launcher Type: SUN_STANDARD

Environment Variables:
PATH=/opt/microchip/mplabc32/v2.02/bin:/opt/microchip/mplabc30/v3.30c/bin:/usr/lib/lightdm/lightdm:/usr/local/sbin:/usr/local/bin:/usr/sbin:/usr/bin:/sbin:/bin:/usr/games
USERNAME=alejo
LD_LIBRARY_PATH=/usr/lib/jvm/java-6-sun-1.6.0.26/jre/lib/i386/server:/usr/lib/jvm/java-6-sun-1.6.0.26/jre/lib/i386:/usr/lib/jvm/java-6-sun-1.6.0.26/jre/../lib/i386:/usr/lib/jvm/java-6-sun-1.6.0.26/jre/lib/i386/client:/usr/lib/jvm/java-6-sun-1.6.0.26/jre/lib/i386:
SHELL=/bin/bash
DISPLAY=:0.0

Signal Handlers:
SIGSEGV: [libjvm.so+0x725510], sa_mask[0]=0x7ffbfeff, sa_flags=0x10000004
SIGBUS: [libjvm.so+0x725510], sa_mask[0]=0x7ffbfeff, sa_flags=0x10000004
SIGFPE: [libjvm.so+0x5dff20], sa_mask[0]=0x7ffbfeff, sa_flags=0x10000004
SIGPIPE: [libjvm.so+0x5dff20], sa_mask[0]=0x7ffbfeff, sa_flags=0x10000004
SIGXFSZ: [libjvm.so+0x5dff20], sa_mask[0]=0x7ffbfeff, sa_flags=0x10000004
SIGILL: [libjvm.so+0x5dff20], sa_mask[0]=0x7ffbfeff, sa_flags=0x10000004
SIGUSR1: SIG_DFL, sa_mask[0]=0x00000000, sa_flags=0x00000000
SIGUSR2: [libjvm.so+0x5e3160], sa_mask[0]=0x00000004, sa_flags=0x10000004
SIGHUP: [libjvm.so+0x5e2d40], sa_mask[0]=0x7ffbfeff, sa_flags=0x10000004
SIGINT: [libjvm.so+0x5e2d40], sa_mask[0]=0x7ffbfeff, sa_flags=0x10000004
SIGTERM: [libjvm.so+0x5e2d40], sa_mask[0]=0x7ffbfeff, sa_flags=0x10000004
SIGQUIT: [libjvm.so+0x5e2d40], sa_mask[0]=0x7ffbfeff, sa_flags=0x10000004


---------------  S Y S T E M  ---------------

OS:wheezy/sid

uname:Linux 3.0.0-12-generic #20-Ubuntu SMP Fri Oct 7 14:50:42 UTC 2011 i686
libc:glibc 2.13 NPTL 2.13 
rlimit: STACK 8192k, CORE 0k, NPROC 26110, NOFILE 4096, AS infinity
load average:0.24 0.16 0.14

/proc/meminfo:
MemTotal:        3356112 kB
MemFree:          630856 kB
Buffers:          269072 kB
Cached:          1003780 kB
SwapCached:            0 kB
Active:          1442112 kB
Inactive:         923992 kB
Active(anon):    1095676 kB
Inactive(anon):    11376 kB
Active(file):     346436 kB
Inactive(file):   912616 kB
Unevictable:          16 kB
Mlocked:              16 kB
HighTotal:       2497096 kB
HighFree:         183008 kB
LowTotal:         859016 kB
LowFree:          447848 kB
SwapTotal:      14645240 kB
SwapFree:       14645240 kB
Dirty:               256 kB
Writeback:            48 kB
AnonPages:       1093464 kB
Mapped:           326184 kB
Shmem:             13800 kB
Slab:              93944 kB
SReclaimable:      72780 kB
SUnreclaim:        21164 kB
KernelStack:        4448 kB
PageTables:        20468 kB
NFS_Unstable:          0 kB
Bounce:                0 kB
WritebackTmp:          0 kB
CommitLimit:    16323296 kB
Committed_AS:    4103620 kB
VmallocTotal:     122880 kB
VmallocUsed:       59252 kB
VmallocChunk:      58104 kB
HardwareCorrupted:     0 kB
AnonHugePages:         0 kB
HugePages_Total:       0
HugePages_Free:        0
HugePages_Rsvd:        0
HugePages_Surp:        0
Hugepagesize:       4096 kB
DirectMap4k:       12280 kB
DirectMap4M:      897024 kB


CPU:total 4 (4 cores per cpu, 1 threads per core) family 16 model 4 stepping 3, cmov, cx8, fxsr, mmx, sse, sse2, sse3, popcnt, mmxext, 3dnow, 3dnowext, lzcnt, sse4a

/proc/cpuinfo:
processor	: 0
vendor_id	: AuthenticAMD
cpu family	: 16
model		: 4
model name	: AMD Phenom(tm) II X4 945 Processor
stepping	: 3
cpu MHz		: 3010.822
cache size	: 512 KB
physical id	: 0
siblings	: 4
core id		: 0
cpu cores	: 4
apicid		: 0
initial apicid	: 0
fdiv_bug	: no
hlt_bug		: no
f00f_bug	: no
coma_bug	: no
fpu		: yes
fpu_exception	: yes
cpuid level	: 5
wp		: yes
flags		: fpu vme de pse tsc msr pae mce cx8 apic mtrr pge mca cmov pat pse36 clflush mmx fxsr sse sse2 ht syscall nx mmxext fxsr_opt pdpe1gb rdtscp lm 3dnowext 3dnow constant_tsc nonstop_tsc extd_apicid pni monitor cx16 popcnt lahf_lm cmp_legacy svm extapic cr8_legacy abm sse4a misalignsse 3dnowprefetch osvw ibs skinit wdt npt lbrv svm_lock nrip_save
bogomips	: 6021.64
clflush size	: 64
cache_alignment	: 64
address sizes	: 48 bits physical, 48 bits virtual
power management: ts ttp tm stc 100mhzsteps hwpstate

processor	: 1
vendor_id	: AuthenticAMD
cpu family	: 16
model		: 4
model name	: AMD Phenom(tm) II X4 945 Processor
stepping	: 3
cpu MHz		: 3010.822
cache size	: 512 KB
physical id	: 0
siblings	: 4
core id		: 1
cpu cores	: 4
apicid		: 1
initial apicid	: 1
fdiv_bug	: no
hlt_bug		: no
f00f_bug	: no
coma_bug	: no
fpu		: yes
fpu_exception	: yes
cpuid level	: 5
wp		: yes
flags		: fpu vme de pse tsc msr pae mce cx8 apic mtrr pge mca cmov pat pse36 clflush mmx fxsr sse sse2 ht syscall nx mmxext fxsr_opt pdpe1gb rdtscp lm 3dnowext 3dnow constant_tsc nonstop_tsc extd_apicid pni monitor cx16 popcnt lahf_lm cmp_legacy svm extapic cr8_legacy abm sse4a misalignsse 3dnowprefetch osvw ibs skinit wdt npt lbrv svm_lock nrip_save
bogomips	: 6020.55
clflush size	: 64
cache_alignment	: 64
address sizes	: 48 bits physical, 48 bits virtual
power management: ts ttp tm stc 100mhzsteps hwpstate

processor	: 2
vendor_id	: AuthenticAMD
cpu family	: 16
model		: 4
model name	: AMD Phenom(tm) II X4 945 Processor
stepping	: 3
cpu MHz		: 3010.822
cache size	: 512 KB
physical id	: 0
siblings	: 4
core id		: 2
cpu cores	: 4
apicid		: 2
initial apicid	: 2
fdiv_bug	: no
hlt_bug		: no
f00f_bug	: no
coma_bug	: no
fpu		: yes
fpu_exception	: yes
cpuid level	: 5
wp		: yes
flags		: fpu vme de pse tsc msr pae mce cx8 apic mtrr pge mca cmov pat pse36 clflush mmx fxsr sse sse2 ht syscall nx mmxext fxsr_opt pdpe1gb rdtscp lm 3dnowext 3dnow constant_tsc nonstop_tsc extd_apicid pni monitor cx16 popcnt lahf_lm cmp_legacy svm extapic cr8_legacy abm sse4a misalignsse 3dnowprefetch osvw ibs skinit wdt npt lbrv svm_lock nrip_save
bogomips	: 6020.55
clflush size	: 64
cache_alignment	: 64
address sizes	: 48 bits physical, 48 bits virtual
power management: ts ttp tm stc 100mhzsteps hwpstate

processor	: 3
vendor_id	: AuthenticAMD
cpu family	: 16
model		: 4
model name	: AMD Phenom(tm) II X4 945 Processor
stepping	: 3
cpu MHz		: 3010.822
cache size	: 512 KB
physical id	: 0
siblings	: 4
core id		: 3
cpu cores	: 4
apicid		: 3
initial apicid	: 3
fdiv_bug	: no
hlt_bug		: no
f00f_bug	: no
coma_bug	: no
fpu		: yes
fpu_exception	: yes
cpuid level	: 5
wp		: yes
flags		: fpu vme de pse tsc msr pae mce cx8 apic mtrr pge mca cmov pat pse36 clflush mmx fxsr sse sse2 ht syscall nx mmxext fxsr_opt pdpe1gb rdtscp lm 3dnowext 3dnow constant_tsc nonstop_tsc extd_apicid pni monitor cx16 popcnt lahf_lm cmp_legacy svm extapic cr8_legacy abm sse4a misalignsse 3dnowprefetch osvw ibs skinit wdt npt lbrv svm_lock nrip_save
bogomips	: 6020.55
clflush size	: 64
cache_alignment	: 64
address sizes	: 48 bits physical, 48 bits virtual
power management: ts ttp tm stc 100mhzsteps hwpstate



Memory: 4k page, physical 3356112k(630856k free), swap 14645240k(14645240k free)

vm_info: Java HotSpot(TM) Server VM (20.1-b02) for linux-x86 JRE (1.6.0_26-b03), built on May  4 2011 01:04:10 by "java_re" with gcc 3.2.1-7a (J2SE release)

time: Thu Apr  5 20:13:20 2012
elapsed time: 0 seconds

