#
# A fatal error has been detected by the Java Runtime Environment:
#
#  SIGSEGV (0xb) at pc=0x7ac87d5a, pid=6274, tid=2061884272
#
# JRE version: 6.0_26-b03
# Java VM: Java HotSpot(TM) Server VM (20.1-b02 mixed mode linux-x86 )
# Problematic frame:
# C  [libOpenNI.so+0x33d5a]  long long+0x1a
#
# If you would like to submit a bug report, please visit:
#   http://java.sun.com/webapps/bugreport/crash.jsp
# The crash happened outside the Java Virtual Machine in native code.
# See problematic frame for where to report the bug.
#

---------------  T H R E A D  ---------------

Current thread (0x7afbd400):  JavaThread "Animation Thread" [_thread_in_native, id=6300, stack(0x7ae0d000,0x7ae5e000)]

siginfo:si_signo=SIGSEGV: si_errno=0, si_code=1 (SEGV_MAPERR), si_addr=0x00000000

Registers:
EAX=0x00000000, EBX=0x7acd1ff4, ECX=0x00000001, EDX=0x086e0170
ESP=0x7ae5cac0, EBP=0x7ae5cae8, ESI=0x00000000, EDI=0x7afbd400
EIP=0x7ac87d5a, EFLAGS=0x00010202, CR2=0x00000000

Top of Stack: (sp=0x7ae5cac0)
0x7ae5cac0:   7ac56dec 7adb8ff4 7cd25e80 7afbd400
0x7ae5cad0:   7ae5cb08 b78d9c30 086e0170 7ac87d40
0x7ae5cae0:   7adb8ff4 7cd25e80 7ae5cb08 7ad6e98c
0x7ae5caf0:   00000000 086e0170 086e0170 7ad6e966
0x7ae5cb00:   086e0100 7adb8ff4 7ae5cb38 7ad756f1
0x7ae5cb10:   086e0100 086e0170 00000000 00000000
0x7ae5cb20:   7ae5cb58 b78d9c30 7afbd400 7ad75601
0x7ae5cb30:   7adb8ff4 7cd25e80 7ae5cb58 7ad75825 

Instructions: (pc=0x7ac87d5a)
0x7ac87d3a:   bc 27 00 00 00 00 55 89 e5 83 ec 28 89 75 fc 8b
0x7ac87d4a:   75 08 89 5d f8 e8 13 a8 fd ff 81 c3 a0 a2 04 00
0x7ac87d5a:   8b 06 8b 50 08 85 d2 74 0c 8b 40 04 8b 00 a9 00
0x7ac87d6a:   00 01 00 75 11 8b 5d f8 b8 12 00 01 00 8b 75 fc 

Register to memory mapping:

EAX=0x00000000 is an unknown value
EBX=0x7acd1ff4: <offset 0x7dff4> in /usr/lib/libOpenNI.so at 0x7ac54000
ECX=0x00000001 is an unknown value
EDX=0x086e0170 is an unknown value
ESP=0x7ae5cac0 is pointing into the stack for thread: 0x7afbd400
EBP=0x7ae5cae8 is pointing into the stack for thread: 0x7afbd400
ESI=0x00000000 is an unknown value
EDI=0x7afbd400 is a thread


Stack: [0x7ae0d000,0x7ae5e000],  sp=0x7ae5cac0,  free space=318k
Native frames: (J=compiled Java code, j=interpreted, Vv=VM code, C=native code)
C  [libOpenNI.so+0x33d5a]  long long+0x1a
C  [libSimpleOpenNI.so+0x9a98c]  xn::MapGenerator::SetMapOutputMode(XnMapOutputMode const&)+0x26
C  [libSimpleOpenNI.so+0xa16f1]  sOpenNI::ContextWrapper::createDepth(bool)+0xdb
C  [libSimpleOpenNI.so+0xa1825]  sOpenNI::ContextWrapper::enableDepth()+0x6b
C  [libSimpleOpenNI.so+0x848c6]  Java_SimpleOpenNI_SimpleOpenNIJNI_ContextWrapper_1enableDepthSwigExplicitContextWrapper_1_1SWIG_10+0x3c
j  SimpleOpenNI.SimpleOpenNIJNI.ContextWrapper_enableDepthSwigExplicitContextWrapper__SWIG_0(JLSimpleOpenNI/ContextWrapper;)Z+0
j  SimpleOpenNI.ContextWrapper.enableDepth()Z+26
j  SimpleOpenNI.SimpleOpenNI.enableDepth()Z+1
j  remixlab.devices.Kinect.<init>(Lprocessing/core/PApplet;Lremixlab/proscene/Scene;)V+56
j  devices3d.Devices3d.setup()V+218
j  processing.core.PApplet.handleDraw()V+65
j  processing.core.PApplet.run()V+72
j  java.lang.Thread.run()V+11
v  ~StubRoutines::call_stub
V  [libjvm.so+0x3dff01]  JavaCalls::call_helper(JavaValue*, methodHandle*, JavaCallArguments*, Thread*)+0x1c1
V  [libjvm.so+0x5e1298]  os::os_exception_wrapper(void (*)(JavaValue*, methodHandle*, JavaCallArguments*, Thread*), JavaValue*, methodHandle*, JavaCallArguments*, Thread*)+0x18
V  [libjvm.so+0x3df775]  JavaCalls::call_virtual(JavaValue*, KlassHandle, symbolHandle, symbolHandle, JavaCallArguments*, Thread*)+0xc5
V  [libjvm.so+0x3df838]  JavaCalls::call_virtual(JavaValue*, Handle, KlassHandle, symbolHandle, symbolHandle, Thread*)+0x58
V  [libjvm.so+0x4642d7]  thread_entry(JavaThread*, Thread*)+0xa7
V  [libjvm.so+0x6e16bf]  JavaThread::run()+0x11f
V  [libjvm.so+0x5e2aee]  java_start(Thread*)+0x14e
C  [libpthread.so.0+0x6d31]  short+0xd1

Java frames: (J=compiled Java code, j=interpreted, Vv=VM code)
j  SimpleOpenNI.SimpleOpenNIJNI.ContextWrapper_enableDepthSwigExplicitContextWrapper__SWIG_0(JLSimpleOpenNI/ContextWrapper;)Z+0
j  SimpleOpenNI.ContextWrapper.enableDepth()Z+26
j  SimpleOpenNI.SimpleOpenNI.enableDepth()Z+1
j  remixlab.devices.Kinect.<init>(Lprocessing/core/PApplet;Lremixlab/proscene/Scene;)V+56
j  devices3d.Devices3d.setup()V+218
j  processing.core.PApplet.handleDraw()V+65
j  processing.core.PApplet.run()V+72
j  java.lang.Thread.run()V+11
v  ~StubRoutines::call_stub

---------------  P R O C E S S  ---------------

Java Threads: ( => current thread )
=>0x7afbd400 JavaThread "Animation Thread" [_thread_in_native, id=6300, stack(0x7ae0d000,0x7ae5e000)]
  0x7afb2000 JavaThread "AWT-EventQueue-1" [_thread_blocked, id=6299, stack(0x7ae5e000,0x7aeaf000)]
  0x7af88800 JavaThread "DestroyJavaVM" [_thread_blocked, id=6279, stack(0xb6a61000,0xb6ab2000)]
  0x7b2f8800 JavaThread "AWT-EventQueue-0" [_thread_blocked, id=6297, stack(0x7aeaf000,0x7af00000)]
  0x7b2f7800 JavaThread "AWT-Shutdown" [_thread_blocked, id=6296, stack(0x7b03f000,0x7b090000)]
  0x7b2f1000 JavaThread "thread applet-devices3d.Devices3d.class" [_thread_blocked, id=6295, stack(0x7b126000,0x7b177000)]
  0x7b266c00 JavaThread "AWT-XAWT" daemon [_thread_in_native, id=6293, stack(0x7b177000,0x7b1c8000)]
  0x7bfb3c00 JavaThread "Java2D Disposer" daemon [_thread_blocked, id=6292, stack(0x7b321000,0x7b372000)]
  0x08381800 JavaThread "Low Memory Detector" daemon [_thread_blocked, id=6290, stack(0x7b6fb000,0x7b74c000)]
  0x7bfa9400 JavaThread "C2 CompilerThread1" daemon [_thread_blocked, id=6289, stack(0x7b74c000,0x7b7cd000)]
  0x7bfa7400 JavaThread "C2 CompilerThread0" daemon [_thread_blocked, id=6288, stack(0x7b7cd000,0x7b84e000)]
  0x7bfa5c00 JavaThread "Signal Dispatcher" daemon [_thread_blocked, id=6287, stack(0x7b84e000,0x7b89f000)]
  0x7bf97800 JavaThread "Finalizer" daemon [_thread_blocked, id=6286, stack(0x7bc11000,0x7bc62000)]
  0x7bf96000 JavaThread "Reference Handler" daemon [_thread_blocked, id=6285, stack(0x7bc62000,0x7bcb3000)]

Other Threads:
  0x7bf92400 VMThread [stack: 0x7bcb3000,0x7bd34000] [id=6284]
  0x08393c00 WatcherThread [stack: 0x7b67a000,0x7b6fb000] [id=6291]

VM state:not at safepoint (normal execution)

VM Mutex/Monitor currently owned by a thread: None

Heap
 PSYoungGen      total 15296K, used 10134K [0xa27d0000, 0xa45b0000, 0xb3920000)
  eden space 13120K, 64% used [0xa27d0000,0xa3021518,0xa34a0000)
  from space 2176K, 74% used [0xa34a0000,0xa36346b8,0xa36c0000)
  to   space 2176K, 0% used [0xa4390000,0xa4390000,0xa45b0000)
 PSOldGen        total 35008K, used 5968K [0x80520000, 0x82750000, 0xa27d0000)
  object space 35008K, 17% used [0x80520000,0x80af4310,0x82750000)
 PSPermGen       total 16384K, used 8334K [0x7c520000, 0x7d520000, 0x80520000)
  object space 16384K, 50% used [0x7c520000,0x7cd43b78,0x7d520000)

Code Cache  [0xb39e5000, 0xb3c25000, 0xb69e5000)
 total_blobs=329 nmethods=40 adapters=244 free_code_cache=49886976 largest_free_block=11776

Dynamic libraries:
08048000-08052000 r-xp 00000000 08:08 1181081    /usr/lib/jvm/java-6-sun-1.6.0.26/jre/bin/java
08052000-08053000 rwxp 00009000 08:08 1181081    /usr/lib/jvm/java-6-sun-1.6.0.26/jre/bin/java
08369000-08807000 rwxp 00000000 00:00 0          [heap]
7952c000-795b5000 r-xp 00000000 08:08 1070238    /usr/lib/libXnDeviceSensorV2KM.so
795b5000-795be000 r-xp 00088000 08:08 1070238    /usr/lib/libXnDeviceSensorV2KM.so
795be000-795bf000 rwxp 00091000 08:08 1070238    /usr/lib/libXnDeviceSensorV2KM.so
795bf000-7969f000 r-xp 00000000 08:08 1064091    /usr/lib/libXnVHandGenerator_1_5_0.so
7969f000-796a2000 r-xp 000df000 08:08 1064091    /usr/lib/libXnVHandGenerator_1_5_0.so
796a2000-796a3000 rwxp 000e2000 08:08 1064091    /usr/lib/libXnVHandGenerator_1_5_0.so
796a3000-796af000 rwxp 00000000 00:00 0 
796af000-79aa2000 r-xp 00000000 08:08 1064087    /usr/lib/libXnVFeatures_1_5_0.so
79aa2000-79aa3000 ---p 003f3000 08:08 1064087    /usr/lib/libXnVFeatures_1_5_0.so
79aa3000-79aab000 r-xp 003f3000 08:08 1064087    /usr/lib/libXnVFeatures_1_5_0.so
79aab000-79aac000 rwxp 003fb000 08:08 1064087    /usr/lib/libXnVFeatures_1_5_0.so
79aac000-79ac0000 rwxp 00000000 00:00 0 
79ac0000-79aed000 r-xp 00000000 08:08 1064003    /usr/lib/libXnDeviceFile.so
79aed000-79aee000 r-xp 0002d000 08:08 1064003    /usr/lib/libXnDeviceFile.so
79aee000-79aef000 rwxp 0002e000 08:08 1064003    /usr/lib/libXnDeviceFile.so
79aef000-79b41000 r-xp 00000000 08:08 1064002    /usr/lib/libXnDDK.so
79b41000-79b43000 r-xp 00051000 08:08 1064002    /usr/lib/libXnDDK.so
79b43000-79b44000 rwxp 00053000 08:08 1064002    /usr/lib/libXnDDK.so
79b44000-79b68000 r-xp 00000000 08:08 1064005    /usr/lib/libXnFormats.so
79b68000-79b69000 r-xp 00023000 08:08 1064005    /usr/lib/libXnFormats.so
79b69000-79b6a000 rwxp 00024000 08:08 1064005    /usr/lib/libXnFormats.so
79b6a000-79b8a000 rwxp 00000000 00:00 0 
79b8a000-79c23000 r-xp 00000000 08:08 1064004    /usr/lib/libXnDeviceSensorV2.so
79c23000-79c2c000 r-xp 00098000 08:08 1064004    /usr/lib/libXnDeviceSensorV2.so
79c2c000-79c2d000 rwxp 000a1000 08:08 1064004    /usr/lib/libXnDeviceSensorV2.so
79c2d000-79d10000 r-xp 00000000 08:08 1064000    /usr/lib/libXnVHandGenerator_1_5_2.so
79d10000-79d13000 r-xp 000e3000 08:08 1064000    /usr/lib/libXnVHandGenerator_1_5_2.so
79d13000-79d14000 rwxp 000e6000 08:08 1064000    /usr/lib/libXnVHandGenerator_1_5_2.so
79d14000-79d20000 rwxp 00000000 00:00 0 
79d20000-79df5000 r-xp 00000000 08:08 1063997    /usr/lib/libXnVHandGenerator_1_4_2.so
79df5000-79df6000 ---p 000d5000 08:08 1063997    /usr/lib/libXnVHandGenerator_1_4_2.so
79df6000-79df8000 r-xp 000d5000 08:08 1063997    /usr/lib/libXnVHandGenerator_1_4_2.so
79df8000-79df9000 rwxp 000d7000 08:08 1063997    /usr/lib/libXnVHandGenerator_1_4_2.so
79df9000-79dfb000 rwxp 00000000 00:00 0 
79dfb000-79ecf000 r-xp 00000000 08:08 1063994    /usr/lib/libXnVHandGenerator_1_4_1.so
79ecf000-79ed0000 ---p 000d4000 08:08 1063994    /usr/lib/libXnVHandGenerator_1_4_1.so
79ed0000-79ed2000 r-xp 000d4000 08:08 1063994    /usr/lib/libXnVHandGenerator_1_4_1.so
79ed2000-79ed3000 rwxp 000d6000 08:08 1063994    /usr/lib/libXnVHandGenerator_1_4_1.so
79ed3000-79ed5000 rwxp 00000000 00:00 0 
79ed5000-79fb3000 r-xp 00000000 08:08 1063991    /usr/lib/libXnVHandGenerator_1_3_1.so
79fb3000-79fb6000 r-xp 000dd000 08:08 1063991    /usr/lib/libXnVHandGenerator_1_3_1.so
79fb6000-79fb7000 rwxp 000e0000 08:08 1063991    /usr/lib/libXnVHandGenerator_1_3_1.so
79fb7000-79fb9000 rwxp 00000000 00:00 0 
79fb9000-7a3ba000 r-xp 00000000 08:08 1063984    /usr/lib/libXnVFeatures_1_5_2.so
7a3ba000-7a3bb000 ---p 00401000 08:08 1063984    /usr/lib/libXnVFeatures_1_5_2.so
7a3bb000-7a3c3000 r-xp 00401000 08:08 1063984    /usr/lib/libXnVFeatures_1_5_2.so
7a3c3000-7a3c4000 rwxp 00409000 08:08 1063984    /usr/lib/libXnVFeatures_1_5_2.so
7a3c4000-7a3d8000 rwxp 00000000 00:00 0 
7a3d8000-7a5bf000 r-xp 00000000 08:08 1063973    /usr/lib/libXnVFeatures_1_4_2.so
7a5bf000-7a5c2000 r-xp 001e6000 08:08 1063973    /usr/lib/libXnVFeatures_1_4_2.so
7a5c2000-7a5c3000 rwxp 001e9000 08:08 1063973    /usr/lib/libXnVFeatures_1_4_2.so
7a5c3000-7a5c8000 rwxp 00000000 00:00 0 
7a5c8000-7a7af000 r-xp 00000000 08:08 1063968    /usr/lib/libXnVFeatures_1_4_1.so
7a7af000-7a7b2000 r-xp 001e6000 08:08 1063968    /usr/lib/libXnVFeatures_1_4_1.so
7a7b2000-7a7b3000 rwxp 001e9000 08:08 1063968    /usr/lib/libXnVFeatures_1_4_1.so
7a7b3000-7a7b8000 rwxp 00000000 00:00 0 
7a7b8000-7a9d6000 r-xp 00000000 08:08 1063963    /usr/lib/libXnVFeatures_1_3_1.so
7a9d6000-7a9d7000 ---p 0021e000 08:08 1063963    /usr/lib/libXnVFeatures_1_3_1.so
7a9d7000-7a9da000 r-xp 0021e000 08:08 1063963    /usr/lib/libXnVFeatures_1_3_1.so
7a9da000-7a9db000 rwxp 00221000 08:08 1063963    /usr/lib/libXnVFeatures_1_3_1.so
7a9db000-7a9e0000 rwxp 00000000 00:00 0 
7a9e0000-7aa03000 r-xp 00000000 08:08 1063813    /usr/lib/libnimRecorder.so
7aa03000-7aa04000 r-xp 00023000 08:08 1063813    /usr/lib/libnimRecorder.so
7aa04000-7aa05000 rwxp 00024000 08:08 1063813    /usr/lib/libnimRecorder.so
7aa05000-7aa39000 r-xp 00000000 08:08 1063811    /usr/lib/libnimCodecs.so
7aa39000-7aa3a000 ---p 00034000 08:08 1063811    /usr/lib/libnimCodecs.so
7aa3a000-7aa3c000 r-xp 00034000 08:08 1063811    /usr/lib/libnimCodecs.so
7aa3c000-7aa3d000 rwxp 00036000 08:08 1063811    /usr/lib/libnimCodecs.so
7aa3d000-7aa5d000 rwxp 00000000 00:00 0 
7aa5d000-7aa8e000 r-xp 00000000 08:08 1063812    /usr/lib/libnimMockNodes.so
7aa8e000-7aa94000 r-xp 00031000 08:08 1063812    /usr/lib/libnimMockNodes.so
7aa94000-7aa95000 rwxp 00037000 08:08 1063812    /usr/lib/libnimMockNodes.so
7aa95000-7ab73000 r-xp 00000000 08:08 1056768    /usr/lib/i386-linux-gnu/libstdc++.so.6.0.16
7ab73000-7ab74000 ---p 000de000 08:08 1056768    /usr/lib/i386-linux-gnu/libstdc++.so.6.0.16
7ab74000-7ab78000 r-xp 000de000 08:08 1056768    /usr/lib/i386-linux-gnu/libstdc++.so.6.0.16
7ab78000-7ab79000 rwxp 000e2000 08:08 1056768    /usr/lib/i386-linux-gnu/libstdc++.so.6.0.16
7ab79000-7ab80000 rwxp 00000000 00:00 0 
7ab80000-7ac50000 r-xp 00000000 08:08 1063882    /usr/lib/libXnVNite_1_3_1.so
7ac50000-7ac53000 r-xp 000cf000 08:08 1063882    /usr/lib/libXnVNite_1_3_1.so
7ac53000-7ac54000 rwxp 000d2000 08:08 1063882    /usr/lib/libXnVNite_1_3_1.so
7ac54000-7acd0000 r-xp 00000000 08:08 1063815    /usr/lib/libOpenNI.so
7acd0000-7acd2000 r-xp 0007c000 08:08 1063815    /usr/lib/libOpenNI.so
7acd2000-7acd4000 rwxp 0007e000 08:08 1063815    /usr/lib/libOpenNI.so
7acd4000-7adb6000 r-xp 00000000 08:08 1199735    /home/alejo/Dropbox/code/devices3d/lib/user/SimpleOpenNI/libSimpleOpenNI.so
7adb6000-7adb7000 ---p 000e2000 08:08 1199735    /home/alejo/Dropbox/code/devices3d/lib/user/SimpleOpenNI/libSimpleOpenNI.so
7adb7000-7adb9000 r-xp 000e2000 08:08 1199735    /home/alejo/Dropbox/code/devices3d/lib/user/SimpleOpenNI/libSimpleOpenNI.so
7adb9000-7adbc000 rwxp 000e4000 08:08 1199735    /home/alejo/Dropbox/code/devices3d/lib/user/SimpleOpenNI/libSimpleOpenNI.so
7adbc000-7adbf000 ---p 00000000 00:00 0 
7adbf000-7ae0d000 rwxp 00000000 00:00 0 
7ae0d000-7ae10000 ---p 00000000 00:00 0 
7ae10000-7ae5e000 rwxp 00000000 00:00 0 
7ae5e000-7ae61000 ---p 00000000 00:00 0 
7ae61000-7aeaf000 rwxp 00000000 00:00 0 
7aeaf000-7aeb2000 ---p 00000000 00:00 0 
7aeb2000-7af00000 rwxp 00000000 00:00 0 
7af00000-7affe000 rwxp 00000000 00:00 0 
7affe000-7b000000 ---p 00000000 00:00 0 
7b021000-7b03d000 r-xp 00000000 08:08 1573816    /lib/i386-linux-gnu/libgcc_s.so.1
7b03d000-7b03e000 r-xp 0001b000 08:08 1573816    /lib/i386-linux-gnu/libgcc_s.so.1
7b03e000-7b03f000 rwxp 0001c000 08:08 1573816    /lib/i386-linux-gnu/libgcc_s.so.1
7b03f000-7b042000 ---p 00000000 00:00 0 
7b042000-7b090000 rwxp 00000000 00:00 0 
7b090000-7b091000 r-xs 00000000 08:08 1188895    /var/cache/fontconfig/c05880de57d1f5e948fdfacc138775d9-le32d4.cache-3
7b091000-7b097000 r-xs 00000000 08:08 1188892    /var/cache/fontconfig/945677eb7aeaf62f1d50efc3fb3ec7d8-le32d4.cache-3
7b097000-7b099000 r-xs 00000000 08:08 1188893    /var/cache/fontconfig/99e8ed0e538f840c565b6ed5dad60d56-le32d4.cache-3
7b099000-7b09c000 r-xs 00000000 08:08 1206717    /var/cache/fontconfig/e383d7ea5fbe662a33d9b44caf393297-le32d4.cache-3
7b09c000-7b09f000 r-xs 00000000 08:08 1188879    /var/cache/fontconfig/2cd17615ca594fa2959ae173292e504c-le32d4.cache-3
7b09f000-7b0a0000 r-xs 00000000 08:08 1188903    /var/cache/fontconfig/e7071f4a29fa870f4323321c154eba04-le32d4.cache-3
7b0a0000-7b0a2000 r-xs 00000000 08:08 1191776    /var/cache/fontconfig/b5ea634b0fb353b8ea17632d1f9ef766-le32d4.cache-3
7b0a2000-7b0a6000 r-xs 00000000 08:08 1188889    /var/cache/fontconfig/6eb3985aa4124903f6ff08ba781cd364-le32d4.cache-3
7b0a6000-7b0a7000 r-xs 00000000 08:08 1188883    /var/cache/fontconfig/4c73fe0c47614734b17d736dbde7580a-le32d4.cache-3
7b0a7000-7b0a8000 r-xs 00000000 08:08 1188876    /var/cache/fontconfig/0d8c3b2ac0904cb8a57a757ad11a4a08-le32d4.cache-3
7b0a8000-7b0a9000 r-xs 00000000 08:08 1188887    /var/cache/fontconfig/6a53c69dea097a2d716e069445527da8-le32d4.cache-3
7b0a9000-7b0ad000 r-xs 00000000 08:08 1188894    /var/cache/fontconfig/a755afe4a08bf5b97852ceb7400b47bc-le32d4.cache-3
7b0ad000-7b0b1000 r-xs 00000000 08:08 1188884    /var/cache/fontconfig/515ca1ebc4b18308bea979be5704f9db-le32d4.cache-3
7b0b1000-7b0b8000 r-xs 00000000 08:08 1188888    /var/cache/fontconfig/6d41288fd70b0be22e8c3a91e032eec0-le32d4.cache-3
7b0b8000-7b0c3000 r-xs 00000000 08:08 1188877    /var/cache/fontconfig/0f34bcd4b6ee430af32735b75db7f02b-le32d4.cache-3
7b0c3000-7b0c6000 r-xs 00000000 08:08 1188900    /var/cache/fontconfig/d60319d88cac85ba9e1a07bd06cfbb8c-le32d4.cache-3
7b0c6000-7b0e8000 r-xs 00000000 08:08 1206716    /var/cache/fontconfig/365b55f210c0a22e9a19e35191240f32-le32d4.cache-3
7b0e8000-7b0f5000 r-xs 00000000 08:08 1188899    /var/cache/fontconfig/d52a8644073d54c13679302ca1180695-le32d4.cache-3
7b0f6000-7b101000 r-xp 00000000 08:08 408705     /opt/microchip/mplabx/mplab_ide/mplablibs/modules/lib/libusb-1.0.so.0.0.0
7b101000-7b102000 rwxp 0000a000 08:08 408705     /opt/microchip/mplabx/mplab_ide/mplablibs/modules/lib/libusb-1.0.so.0.0.0
7b11d000-7b11e000 rwxp 00000000 00:00 0 
7b11e000-7b125000 r-xp 00000000 08:08 1181319    /usr/lib/jvm/java-6-sun-1.6.0.26/jre/lib/i386/libnio.so
7b125000-7b126000 rwxp 00006000 08:08 1181319    /usr/lib/jvm/java-6-sun-1.6.0.26/jre/lib/i386/libnio.so
7b126000-7b129000 ---p 00000000 00:00 0 
7b129000-7b177000 rwxp 00000000 00:00 0 
7b177000-7b17a000 ---p 00000000 00:00 0 
7b17a000-7b1c8000 rwxp 00000000 00:00 0 
7b1c8000-7b1cc000 r-xp 00000000 08:08 1056426    /usr/lib/i386-linux-gnu/libXfixes.so.3.1.0
7b1cc000-7b1cd000 r-xp 00003000 08:08 1056426    /usr/lib/i386-linux-gnu/libXfixes.so.3.1.0
7b1cd000-7b1ce000 rwxp 00004000 08:08 1056426    /usr/lib/i386-linux-gnu/libXfixes.so.3.1.0
7b1ce000-7b1d7000 r-xp 00000000 08:08 1056446    /usr/lib/i386-linux-gnu/libXrender.so.1.3.0
7b1d7000-7b1d8000 r-xp 00008000 08:08 1056446    /usr/lib/i386-linux-gnu/libXrender.so.1.3.0
7b1d8000-7b1d9000 rwxp 00009000 08:08 1056446    /usr/lib/i386-linux-gnu/libXrender.so.1.3.0
7b1d9000-7b1e2000 r-xp 00000000 08:08 1056410    /usr/lib/i386-linux-gnu/libXcursor.so.1.0.2
7b1e2000-7b1e3000 r-xp 00008000 08:08 1056410    /usr/lib/i386-linux-gnu/libXcursor.so.1.0.2
7b1e3000-7b1e4000 rwxp 00009000 08:08 1056410    /usr/lib/i386-linux-gnu/libXcursor.so.1.0.2
7b1e6000-7b1e9000 r-xp 00000000 08:08 1064001    /usr/lib/libXnCore.so
7b1e9000-7b1ea000 r-xp 00002000 08:08 1064001    /usr/lib/libXnCore.so
7b1ea000-7b1eb000 rwxp 00003000 08:08 1064001    /usr/lib/libXnCore.so
7b1eb000-7b1ff000 r-xp 00000000 08:08 1181318    /usr/lib/jvm/java-6-sun-1.6.0.26/jre/lib/i386/libnet.so
7b1ff000-7b200000 rwxp 00013000 08:08 1181318    /usr/lib/jvm/java-6-sun-1.6.0.26/jre/lib/i386/libnet.so
7b200000-7b2f9000 rwxp 00000000 00:00 0 
7b2f9000-7b300000 ---p 00000000 00:00 0 
7b300000-7b301000 r-xp 00000000 08:08 1181308    /usr/lib/jvm/java-6-sun-1.6.0.26/jre/lib/i386/libjawt.so
7b301000-7b302000 rwxp 00000000 08:08 1181308    /usr/lib/jvm/java-6-sun-1.6.0.26/jre/lib/i386/libjawt.so
7b302000-7b310000 r-xs 00000000 08:08 1190496    /var/cache/fontconfig/e13b20fdb08344e0e664864cc2ede53d-le32d4.cache-3
7b310000-7b313000 r-xs 00000000 08:08 1206715    /var/cache/fontconfig/7ef2298fde41cc6eeb7af42e48b7d293-le32d4.cache-3
7b313000-7b321000 r-xs 00000000 08:08 1190505    /var/cache/fontconfig/865f88548240fee46819705c6468c165-le32d4.cache-3
7b321000-7b324000 ---p 00000000 00:00 0 
7b324000-7b372000 rwxp 00000000 00:00 0 
7b372000-7b3eb000 r-xp 00000000 08:08 1181295    /usr/lib/jvm/java-6-sun-1.6.0.26/jre/lib/i386/libfontmanager.so
7b3eb000-7b3f5000 rwxp 00078000 08:08 1181295    /usr/lib/jvm/java-6-sun-1.6.0.26/jre/lib/i386/libfontmanager.so
7b3f5000-7b3fa000 rwxp 00000000 00:00 0 
7b3fa000-7b411000 r-xs 0015b000 08:08 1199687    /home/alejo/Dropbox/code/devices3d/lib/base/core/ant.jar
7b411000-7b416000 r-xp 00000000 08:08 1056418    /usr/lib/i386-linux-gnu/libXdmcp.so.6.0.0
7b416000-7b417000 r-xp 00004000 08:08 1056418    /usr/lib/i386-linux-gnu/libXdmcp.so.6.0.0
7b417000-7b418000 rwxp 00005000 08:08 1056418    /usr/lib/i386-linux-gnu/libXdmcp.so.6.0.0
7b418000-7b435000 r-xp 00000000 08:08 1056813    /usr/lib/i386-linux-gnu/libxcb.so.1.1.0
7b435000-7b436000 r-xp 0001c000 08:08 1056813    /usr/lib/i386-linux-gnu/libxcb.so.1.1.0
7b436000-7b437000 rwxp 0001d000 08:08 1056813    /usr/lib/i386-linux-gnu/libxcb.so.1.1.0
7b437000-7b445000 r-xp 00000000 08:08 1056434    /usr/lib/i386-linux-gnu/libXi.so.6.1.0
7b445000-7b446000 r-xp 0000d000 08:08 1056434    /usr/lib/i386-linux-gnu/libXi.so.6.1.0
7b446000-7b447000 rwxp 0000e000 08:08 1056434    /usr/lib/i386-linux-gnu/libXi.so.6.1.0
7b447000-7b44c000 r-xp 00000000 08:08 1052626    /usr/lib/libXtst.so.6.1.0
7b44c000-7b44d000 r-xp 00004000 08:08 1052626    /usr/lib/libXtst.so.6.1.0
7b44d000-7b44e000 rwxp 00005000 08:08 1052626    /usr/lib/libXtst.so.6.1.0
7b44e000-7b57f000 r-xp 00000000 08:08 1056398    /usr/lib/i386-linux-gnu/libX11.so.6.3.0
7b57f000-7b580000 ---p 00131000 08:08 1056398    /usr/lib/i386-linux-gnu/libX11.so.6.3.0
7b580000-7b581000 r-xp 00131000 08:08 1056398    /usr/lib/i386-linux-gnu/libX11.so.6.3.0
7b581000-7b583000 rwxp 00132000 08:08 1056398    /usr/lib/i386-linux-gnu/libX11.so.6.3.0
7b583000-7b584000 rwxp 00000000 00:00 0 
7b584000-7b5c7000 r-xp 00000000 08:08 1181341    /usr/lib/jvm/java-6-sun-1.6.0.26/jre/lib/i386/xawt/libmawt.so
7b5c7000-7b5c9000 rwxp 00043000 08:08 1181341    /usr/lib/jvm/java-6-sun-1.6.0.26/jre/lib/i386/xawt/libmawt.so
7b5c9000-7b5ca000 rwxp 00000000 00:00 0 
7b5ca000-7b64f000 r-xp 00000000 08:08 1181290    /usr/lib/jvm/java-6-sun-1.6.0.26/jre/lib/i386/libawt.so
7b64f000-7b656000 rwxp 00085000 08:08 1181290    /usr/lib/jvm/java-6-sun-1.6.0.26/jre/lib/i386/libawt.so
7b656000-7b67a000 rwxp 00000000 00:00 0 
7b67a000-7b67b000 ---p 00000000 00:00 0 
7b67b000-7b6fb000 rwxp 00000000 00:00 0 
7b6fb000-7b6fe000 ---p 00000000 00:00 0 
7b6fe000-7b74c000 rwxp 00000000 00:00 0 
7b74c000-7b74f000 ---p 00000000 00:00 0 
7b74f000-7b7cd000 rwxp 00000000 00:00 0 
7b7cd000-7b7d0000 ---p 00000000 00:00 0 
7b7d0000-7b84e000 rwxp 00000000 00:00 0 
7b84e000-7b851000 ---p 00000000 00:00 0 
7b851000-7b89f000 rwxp 00000000 00:00 0 
7b89f000-7b8a0000 r-xp 00571000 08:08 1057169    /usr/lib/locale/locale-archive
7b8a0000-7b9d1000 r-xp 0043d000 08:08 1057169    /usr/lib/locale/locale-archive
7b9d1000-7ba11000 r-xp 002bd000 08:08 1057169    /usr/lib/locale/locale-archive
7ba11000-7bc11000 r-xp 00000000 08:08 1057169    /usr/lib/locale/locale-archive
7bc11000-7bc14000 ---p 00000000 00:00 0 
7bc14000-7bc62000 rwxp 00000000 00:00 0 
7bc62000-7bc65000 ---p 00000000 00:00 0 
7bc65000-7bcb3000 rwxp 00000000 00:00 0 
7bcb3000-7bcb4000 ---p 00000000 00:00 0 
7bcb4000-7bd68000 rwxp 00000000 00:00 0 
7bd68000-7bf00000 r-xs 03029000 08:08 1181157    /usr/lib/jvm/java-6-sun-1.6.0.26/jre/lib/rt.jar
7bf00000-7bff9000 rwxp 00000000 00:00 0 
7bff9000-7c000000 ---p 00000000 00:00 0 
7c000000-7c011000 r-xp 00000000 08:08 1056422    /usr/lib/i386-linux-gnu/libXext.so.6.4.0
7c011000-7c012000 r-xp 00010000 08:08 1056422    /usr/lib/i386-linux-gnu/libXext.so.6.4.0
7c012000-7c013000 rwxp 00011000 08:08 1056422    /usr/lib/i386-linux-gnu/libXext.so.6.4.0
7c013000-7c019000 r-xs 00000000 08:08 1206713    /var/cache/fontconfig/153bb866d4d26e7cd19eee2129f8d8d2-le32d4.cache-3
7c019000-7c01c000 r-xs 00017000 08:08 1199756    /home/alejo/Dropbox/code/devices3d/lib/user/proscene/proscene.jar
7c01c000-7c01e000 r-xs 00003000 08:08 1199742    /home/alejo/Dropbox/code/devices3d/lib/user/fullscreen/fullscreen.jar
7c01e000-7c022000 r-xs 00020000 08:08 1199717    /home/alejo/Dropbox/code/devices3d/lib/user/SimpleOpenNI/SimpleOpenNI.jar
7c022000-7c02d000 r-xs 00108000 08:08 1326150    /home/alejo/Dropbox/code/devices3d/lib/base/opengl/jogl.jar
7c02d000-7c02e000 r-xs 00004000 08:08 1326149    /home/alejo/Dropbox/code/devices3d/lib/base/opengl/gluegen-rt.jar
7c02e000-7c02f000 r-xs 00003000 08:08 1326148    /home/alejo/Dropbox/code/devices3d/lib/base/opengl/opengl.jar
7c02f000-7c030000 ---p 00000000 00:00 0 
7c030000-7c0b0000 rwxp 00000000 00:00 0 
7c0b0000-7c0b1000 ---p 00000000 00:00 0 
7c0b1000-7c131000 rwxp 00000000 00:00 0 
7c131000-7c132000 ---p 00000000 00:00 0 
7c132000-7c1b2000 rwxp 00000000 00:00 0 
7c1b2000-7c1b3000 ---p 00000000 00:00 0 
7c1b3000-7c23b000 rwxp 00000000 00:00 0 
7c23b000-7c253000 rwxp 00000000 00:00 0 
7c253000-7c265000 rwxp 00000000 00:00 0 
7c265000-7c365000 rwxp 00000000 00:00 0 
7c365000-7c36d000 rwxp 00000000 00:00 0 
7c36d000-7c385000 rwxp 00000000 00:00 0 
7c385000-7c397000 rwxp 00000000 00:00 0 
7c397000-7c496000 rwxp 00000000 00:00 0 
7c496000-7c4a6000 rwxp 00000000 00:00 0 
7c4a6000-7c51f000 rwxp 00000000 00:00 0 
7c51f000-7d520000 rwxp 00000000 00:00 0 
7d520000-80520000 rwxp 00000000 00:00 0 
80520000-82750000 rwxp 00000000 00:00 0 
82750000-a27d0000 rwxp 00000000 00:00 0 
a27d0000-a45b0000 rwxp 00000000 00:00 0 
a45b0000-b3920000 rwxp 00000000 00:00 0 
b3920000-b3923000 r-xs 00029000 08:08 2123900    /home/alejo/Dropbox/code/devices3d/lib/user/procontroll/procontroll.jar
b3923000-b3925000 r-xs 0002b000 08:08 1199690    /home/alejo/Dropbox/code/devices3d/lib/base/core/core.jar
b3925000-b392e000 rwxp 00000000 00:00 0 
b392e000-b39e5000 rwxp 00000000 00:00 0 
b39e5000-b3c25000 rwxp 00000000 00:00 0 
b3c25000-b69e5000 rwxp 00000000 00:00 0 
b69e5000-b69f0000 r-xp 00000000 08:08 1573836    /lib/i386-linux-gnu/libnss_files-2.13.so
b69f0000-b69f1000 r-xp 0000a000 08:08 1573836    /lib/i386-linux-gnu/libnss_files-2.13.so
b69f1000-b69f2000 rwxp 0000b000 08:08 1573836    /lib/i386-linux-gnu/libnss_files-2.13.so
b69f2000-b69fc000 r-xp 00000000 08:08 1573840    /lib/i386-linux-gnu/libnss_nis-2.13.so
b69fc000-b69fd000 r-xp 00009000 08:08 1573840    /lib/i386-linux-gnu/libnss_nis-2.13.so
b69fd000-b69fe000 rwxp 0000a000 08:08 1573840    /lib/i386-linux-gnu/libnss_nis-2.13.so
b69fe000-b6a13000 r-xp 00000000 08:08 1573830    /lib/i386-linux-gnu/libnsl-2.13.so
b6a13000-b6a14000 r-xp 00015000 08:08 1573830    /lib/i386-linux-gnu/libnsl-2.13.so
b6a14000-b6a15000 rwxp 00016000 08:08 1573830    /lib/i386-linux-gnu/libnsl-2.13.so
b6a15000-b6a17000 rwxp 00000000 00:00 0 
b6a17000-b6a18000 r-xs 00000000 08:08 1193307    /var/cache/fontconfig/4794a0821666d79190d59a36cb4f44b5-le32d4.cache-3
b6a18000-b6a1a000 r-xs 00002000 08:08 1199642    /home/alejo/Dropbox/code/devices3d/lib/base/core/ant-launcher.jar
b6a1a000-b6a29000 r-xp 00000000 08:08 1181329    /usr/lib/jvm/java-6-sun-1.6.0.26/jre/lib/i386/libzip.so
b6a29000-b6a2b000 rwxp 0000e000 08:08 1181329    /usr/lib/jvm/java-6-sun-1.6.0.26/jre/lib/i386/libzip.so
b6a2b000-b6a33000 rwxs 00000000 08:08 411589     /tmp/hsperfdata_alejo/6274
b6a33000-b6a56000 r-xp 00000000 08:08 1181303    /usr/lib/jvm/java-6-sun-1.6.0.26/jre/lib/i386/libjava.so
b6a56000-b6a58000 rwxp 00023000 08:08 1181303    /usr/lib/jvm/java-6-sun-1.6.0.26/jre/lib/i386/libjava.so
b6a58000-b6a5f000 r-xp 00000000 08:08 1573859    /lib/i386-linux-gnu/librt-2.13.so
b6a5f000-b6a60000 r-xp 00006000 08:08 1573859    /lib/i386-linux-gnu/librt-2.13.so
b6a60000-b6a61000 rwxp 00007000 08:08 1573859    /lib/i386-linux-gnu/librt-2.13.so
b6a61000-b6a64000 ---p 00000000 00:00 0 
b6a64000-b6ab2000 rwxp 00000000 00:00 0 
b6ab2000-b6ada000 r-xp 00000000 08:08 1573825    /lib/i386-linux-gnu/libm-2.13.so
b6ada000-b6adb000 r-xp 00028000 08:08 1573825    /lib/i386-linux-gnu/libm-2.13.so
b6adb000-b6adc000 rwxp 00029000 08:08 1573825    /lib/i386-linux-gnu/libm-2.13.so
b6adc000-b728e000 r-xp 00000000 08:08 1181340    /usr/lib/jvm/java-6-sun-1.6.0.26/jre/lib/i386/server/libjvm.so
b728e000-b72e2000 rwxp 007b1000 08:08 1181340    /usr/lib/jvm/java-6-sun-1.6.0.26/jre/lib/i386/server/libjvm.so
b72e2000-b7701000 rwxp 00000000 00:00 0 
b7701000-b7877000 r-xp 00000000 08:08 1573795    /lib/i386-linux-gnu/libc-2.13.so
b7877000-b7879000 r-xp 00176000 08:08 1573795    /lib/i386-linux-gnu/libc-2.13.so
b7879000-b787a000 rwxp 00178000 08:08 1573795    /lib/i386-linux-gnu/libc-2.13.so
b787a000-b787d000 rwxp 00000000 00:00 0 
b787d000-b7880000 r-xp 00000000 08:08 1573806    /lib/i386-linux-gnu/libdl-2.13.so
b7880000-b7881000 r-xp 00002000 08:08 1573806    /lib/i386-linux-gnu/libdl-2.13.so
b7881000-b7882000 rwxp 00003000 08:08 1573806    /lib/i386-linux-gnu/libdl-2.13.so
b7882000-b7889000 r-xp 00000000 08:08 1181335    /usr/lib/jvm/java-6-sun-1.6.0.26/jre/lib/i386/jli/libjli.so
b7889000-b788b000 rwxp 00006000 08:08 1181335    /usr/lib/jvm/java-6-sun-1.6.0.26/jre/lib/i386/jli/libjli.so
b788b000-b788c000 rwxp 00000000 00:00 0 
b788c000-b78a3000 r-xp 00000000 08:08 1573855    /lib/i386-linux-gnu/libpthread-2.13.so
b78a3000-b78a4000 r-xp 00016000 08:08 1573855    /lib/i386-linux-gnu/libpthread-2.13.so
b78a4000-b78a5000 rwxp 00017000 08:08 1573855    /lib/i386-linux-gnu/libpthread-2.13.so
b78a5000-b78a7000 rwxp 00000000 00:00 0 
b78a7000-b78a9000 r-xp 00000000 08:08 1056402    /usr/lib/i386-linux-gnu/libXau.so.6.0.0
b78a9000-b78aa000 r-xp 00001000 08:08 1056402    /usr/lib/i386-linux-gnu/libXau.so.6.0.0
b78aa000-b78ab000 rwxp 00002000 08:08 1056402    /usr/lib/i386-linux-gnu/libXau.so.6.0.0
b78ab000-b78b3000 r-xp 00000000 08:08 1573832    /lib/i386-linux-gnu/libnss_compat-2.13.so
b78b3000-b78b4000 r-xp 00007000 08:08 1573832    /lib/i386-linux-gnu/libnss_compat-2.13.so
b78b4000-b78b5000 rwxp 00008000 08:08 1573832    /lib/i386-linux-gnu/libnss_compat-2.13.so
b78b5000-b78b6000 rwxp 00000000 00:00 0 
b78b6000-b78b7000 r-xp 00000000 00:00 0 
b78b7000-b78c2000 r-xp 00000000 08:08 1181328    /usr/lib/jvm/java-6-sun-1.6.0.26/jre/lib/i386/libverify.so
b78c2000-b78c3000 rwxp 0000b000 08:08 1181328    /usr/lib/jvm/java-6-sun-1.6.0.26/jre/lib/i386/libverify.so
b78c3000-b78c5000 rwxp 00000000 00:00 0 
b78c5000-b78c6000 r-xp 00000000 00:00 0          [vdso]
b78c6000-b78e4000 r-xp 00000000 08:08 1573782    /lib/i386-linux-gnu/ld-2.13.so
b78e4000-b78e5000 r-xp 0001d000 08:08 1573782    /lib/i386-linux-gnu/ld-2.13.so
b78e5000-b78e6000 rwxp 0001e000 08:08 1573782    /lib/i386-linux-gnu/ld-2.13.so
bf81f000-bf840000 rwxp 00000000 00:00 0          [stack]

VM Arguments:
jvm_args: -Djava.library.path=/home/alejo/Dropbox/code/devices3d/lib/base/opengl:/home/alejo/Dropbox/code/devices3d/lib/base/opengl:/home/alejo/Dropbox/code/devices3d/lib/base/opengl:/home/alejo/Dropbox/code/devices3d/lib/base/core:/home/alejo/Dropbox/code/devices3d/lib/base/core:/home/alejo/Dropbox/code/devices3d/lib/base/core:/home/alejo/Dropbox/code/devices3d/lib/user/procontroll:/home/alejo/Dropbox/code/devices3d/lib/user/SimpleOpenNI:/home/alejo/Dropbox/code/devices3d/lib/user/fullscreen:/home/alejo/Dropbox/code/devices3d/lib/user/proscene -Djava.security.policy=java.policy.applet -Dfile.encoding=UTF-8 
java_command: sun.applet.AppletViewer devices3d.Devices3d1333675392300.html
Launcher Type: SUN_STANDARD

Environment Variables:
PATH=/opt/microchip/mplabc32/v2.02/bin:/opt/microchip/mplabc30/v3.30c/bin:/usr/lib/lightdm/lightdm:/usr/local/sbin:/usr/local/bin:/usr/sbin:/usr/bin:/sbin:/bin:/usr/games
USERNAME=alejo
LD_LIBRARY_PATH=/usr/lib/jvm/java-6-sun-1.6.0.26/jre/lib/i386/server:/usr/lib/jvm/java-6-sun-1.6.0.26/jre/lib/i386:/usr/lib/jvm/java-6-sun-1.6.0.26/jre/../lib/i386:/usr/lib/jvm/java-6-sun-1.6.0.26/jre/lib/i386/client:/usr/lib/jvm/java-6-sun-1.6.0.26/jre/lib/i386:
SHELL=/bin/bash
DISPLAY=:0.0

Signal Handlers:
SIGSEGV: [libjvm.so+0x725510], sa_mask[0]=0x7ffbfeff, sa_flags=0x10000004
SIGBUS: [libjvm.so+0x725510], sa_mask[0]=0x7ffbfeff, sa_flags=0x10000004
SIGFPE: [libjvm.so+0x5dff20], sa_mask[0]=0x7ffbfeff, sa_flags=0x10000004
SIGPIPE: [libjvm.so+0x5dff20], sa_mask[0]=0x7ffbfeff, sa_flags=0x10000004
SIGXFSZ: [libjvm.so+0x5dff20], sa_mask[0]=0x7ffbfeff, sa_flags=0x10000004
SIGILL: [libjvm.so+0x5dff20], sa_mask[0]=0x7ffbfeff, sa_flags=0x10000004
SIGUSR1: SIG_DFL, sa_mask[0]=0x00000000, sa_flags=0x00000000
SIGUSR2: [libjvm.so+0x5e3160], sa_mask[0]=0x00000004, sa_flags=0x10000004
SIGHUP: [libjvm.so+0x5e2d40], sa_mask[0]=0x7ffbfeff, sa_flags=0x10000004
SIGINT: [libjvm.so+0x5e2d40], sa_mask[0]=0x7ffbfeff, sa_flags=0x10000004
SIGTERM: [libjvm.so+0x5e2d40], sa_mask[0]=0x7ffbfeff, sa_flags=0x10000004
SIGQUIT: [libjvm.so+0x5e2d40], sa_mask[0]=0x7ffbfeff, sa_flags=0x10000004


---------------  S Y S T E M  ---------------

OS:wheezy/sid

uname:Linux 3.0.0-12-generic #20-Ubuntu SMP Fri Oct 7 14:50:42 UTC 2011 i686
libc:glibc 2.13 NPTL 2.13 
rlimit: STACK 8192k, CORE 0k, NPROC 26110, NOFILE 4096, AS infinity
load average:0.19 0.14 0.14

/proc/meminfo:
MemTotal:        3356112 kB
MemFree:          573076 kB
Buffers:          290716 kB
Cached:          1021684 kB
SwapCached:            0 kB
Active:          1472520 kB
Inactive:         958124 kB
Active(anon):    1120664 kB
Inactive(anon):    11460 kB
Active(file):     351856 kB
Inactive(file):   946664 kB
Unevictable:          16 kB
Mlocked:              16 kB
HighTotal:       2497096 kB
HighFree:         148412 kB
LowTotal:         859016 kB
LowFree:          424664 kB
SwapTotal:      14645240 kB
SwapFree:       14645240 kB
Dirty:               252 kB
Writeback:             0 kB
AnonPages:       1118376 kB
Mapped:           323848 kB
Shmem:             13884 kB
Slab:              95780 kB
SReclaimable:      74512 kB
SUnreclaim:        21268 kB
KernelStack:        4368 kB
PageTables:        21092 kB
NFS_Unstable:          0 kB
Bounce:                0 kB
WritebackTmp:          0 kB
CommitLimit:    16323296 kB
Committed_AS:    4137496 kB
VmallocTotal:     122880 kB
VmallocUsed:       59252 kB
VmallocChunk:      58104 kB
HardwareCorrupted:     0 kB
AnonHugePages:         0 kB
HugePages_Total:       0
HugePages_Free:        0
HugePages_Rsvd:        0
HugePages_Surp:        0
Hugepagesize:       4096 kB
DirectMap4k:       12280 kB
DirectMap4M:      897024 kB


CPU:total 4 (4 cores per cpu, 1 threads per core) family 16 model 4 stepping 3, cmov, cx8, fxsr, mmx, sse, sse2, sse3, popcnt, mmxext, 3dnow, 3dnowext, lzcnt, sse4a

/proc/cpuinfo:
processor	: 0
vendor_id	: AuthenticAMD
cpu family	: 16
model		: 4
model name	: AMD Phenom(tm) II X4 945 Processor
stepping	: 3
cpu MHz		: 3010.822
cache size	: 512 KB
physical id	: 0
siblings	: 4
core id		: 0
cpu cores	: 4
apicid		: 0
initial apicid	: 0
fdiv_bug	: no
hlt_bug		: no
f00f_bug	: no
coma_bug	: no
fpu		: yes
fpu_exception	: yes
cpuid level	: 5
wp		: yes
flags		: fpu vme de pse tsc msr pae mce cx8 apic mtrr pge mca cmov pat pse36 clflush mmx fxsr sse sse2 ht syscall nx mmxext fxsr_opt pdpe1gb rdtscp lm 3dnowext 3dnow constant_tsc nonstop_tsc extd_apicid pni monitor cx16 popcnt lahf_lm cmp_legacy svm extapic cr8_legacy abm sse4a misalignsse 3dnowprefetch osvw ibs skinit wdt npt lbrv svm_lock nrip_save
bogomips	: 6021.64
clflush size	: 64
cache_alignment	: 64
address sizes	: 48 bits physical, 48 bits virtual
power management: ts ttp tm stc 100mhzsteps hwpstate

processor	: 1
vendor_id	: AuthenticAMD
cpu family	: 16
model		: 4
model name	: AMD Phenom(tm) II X4 945 Processor
stepping	: 3
cpu MHz		: 3010.822
cache size	: 512 KB
physical id	: 0
siblings	: 4
core id		: 1
cpu cores	: 4
apicid		: 1
initial apicid	: 1
fdiv_bug	: no
hlt_bug		: no
f00f_bug	: no
coma_bug	: no
fpu		: yes
fpu_exception	: yes
cpuid level	: 5
wp		: yes
flags		: fpu vme de pse tsc msr pae mce cx8 apic mtrr pge mca cmov pat pse36 clflush mmx fxsr sse sse2 ht syscall nx mmxext fxsr_opt pdpe1gb rdtscp lm 3dnowext 3dnow constant_tsc nonstop_tsc extd_apicid pni monitor cx16 popcnt lahf_lm cmp_legacy svm extapic cr8_legacy abm sse4a misalignsse 3dnowprefetch osvw ibs skinit wdt npt lbrv svm_lock nrip_save
bogomips	: 6020.55
clflush size	: 64
cache_alignment	: 64
address sizes	: 48 bits physical, 48 bits virtual
power management: ts ttp tm stc 100mhzsteps hwpstate

processor	: 2
vendor_id	: AuthenticAMD
cpu family	: 16
model		: 4
model name	: AMD Phenom(tm) II X4 945 Processor
stepping	: 3
cpu MHz		: 3010.822
cache size	: 512 KB
physical id	: 0
siblings	: 4
core id		: 2
cpu cores	: 4
apicid		: 2
initial apicid	: 2
fdiv_bug	: no
hlt_bug		: no
f00f_bug	: no
coma_bug	: no
fpu		: yes
fpu_exception	: yes
cpuid level	: 5
wp		: yes
flags		: fpu vme de pse tsc msr pae mce cx8 apic mtrr pge mca cmov pat pse36 clflush mmx fxsr sse sse2 ht syscall nx mmxext fxsr_opt pdpe1gb rdtscp lm 3dnowext 3dnow constant_tsc nonstop_tsc extd_apicid pni monitor cx16 popcnt lahf_lm cmp_legacy svm extapic cr8_legacy abm sse4a misalignsse 3dnowprefetch osvw ibs skinit wdt npt lbrv svm_lock nrip_save
bogomips	: 6020.55
clflush size	: 64
cache_alignment	: 64
address sizes	: 48 bits physical, 48 bits virtual
power management: ts ttp tm stc 100mhzsteps hwpstate

processor	: 3
vendor_id	: AuthenticAMD
cpu family	: 16
model		: 4
model name	: AMD Phenom(tm) II X4 945 Processor
stepping	: 3
cpu MHz		: 3010.822
cache size	: 512 KB
physical id	: 0
siblings	: 4
core id		: 3
cpu cores	: 4
apicid		: 3
initial apicid	: 3
fdiv_bug	: no
hlt_bug		: no
f00f_bug	: no
coma_bug	: no
fpu		: yes
fpu_exception	: yes
cpuid level	: 5
wp		: yes
flags		: fpu vme de pse tsc msr pae mce cx8 apic mtrr pge mca cmov pat pse36 clflush mmx fxsr sse sse2 ht syscall nx mmxext fxsr_opt pdpe1gb rdtscp lm 3dnowext 3dnow constant_tsc nonstop_tsc extd_apicid pni monitor cx16 popcnt lahf_lm cmp_legacy svm extapic cr8_legacy abm sse4a misalignsse 3dnowprefetch osvw ibs skinit wdt npt lbrv svm_lock nrip_save
bogomips	: 6020.55
clflush size	: 64
cache_alignment	: 64
address sizes	: 48 bits physical, 48 bits virtual
power management: ts ttp tm stc 100mhzsteps hwpstate



Memory: 4k page, physical 3356112k(573076k free), swap 14645240k(14645240k free)

vm_info: Java HotSpot(TM) Server VM (20.1-b02) for linux-x86 JRE (1.6.0_26-b03), built on May  4 2011 01:04:10 by "java_re" with gcc 3.2.1-7a (J2SE release)

time: Thu Apr  5 20:23:12 2012
elapsed time: 0 seconds

