#
# A fatal error has been detected by the Java Runtime Environment:
#
#  SIGSEGV (0xb) at pc=0x7a9d8d5a, pid=8928, tid=2059070320
#
# JRE version: 6.0_26-b03
# Java VM: Java HotSpot(TM) Server VM (20.1-b02 mixed mode linux-x86 )
# Problematic frame:
# C  [libOpenNI.so+0x33d5a]  long long+0x1a
#
# If you would like to submit a bug report, please visit:
#   http://java.sun.com/webapps/bugreport/crash.jsp
# The crash happened outside the Java Virtual Machine in native code.
# See problematic frame for where to report the bug.
#

---------------  T H R E A D  ---------------

Current thread (0x09316400):  JavaThread "Animation Thread" [_thread_in_native, id=8954, stack(0x7ab5e000,0x7abaf000)]

siginfo:si_signo=SIGSEGV: si_errno=0, si_code=1 (SEGV_MAPERR), si_addr=0x00000000

Registers:
EAX=0x00000000, EBX=0x7aa22ff4, ECX=0x00000001, EDX=0x7ac0d608
ESP=0x7abadbc0, EBP=0x7abadbe8, ESI=0x00000000, EDI=0x09316400
EIP=0x7a9d8d5a, EFLAGS=0x00010202, CR2=0x00000000

Top of Stack: (sp=0x7abadbc0)
0x7abadbc0:   7a9a7dec 7ab09ff4 7cca9230 09316400
0x7abadbd0:   7abadc08 b7859c30 7ac0d608 7a9d8d40
0x7abadbe0:   7ab09ff4 7cca9230 7abadc08 7aabf98c
0x7abadbf0:   00000000 7ac0d608 7ac0d608 7aabf966
0x7abadc00:   7ac0d598 7ab09ff4 7abadc38 7aac66f1
0x7abadc10:   7ac0d598 7ac0d608 00000000 00000000
0x7abadc20:   7abadc58 b7859c30 09316400 7aac6601
0x7abadc30:   7ab09ff4 7cca9230 7abadc58 7aac6825 

Instructions: (pc=0x7a9d8d5a)
0x7a9d8d3a:   bc 27 00 00 00 00 55 89 e5 83 ec 28 89 75 fc 8b
0x7a9d8d4a:   75 08 89 5d f8 e8 13 a8 fd ff 81 c3 a0 a2 04 00
0x7a9d8d5a:   8b 06 8b 50 08 85 d2 74 0c 8b 40 04 8b 00 a9 00
0x7a9d8d6a:   00 01 00 75 11 8b 5d f8 b8 12 00 01 00 8b 75 fc 

Register to memory mapping:

EAX=0x00000000 is an unknown value
EBX=0x7aa22ff4: <offset 0x7dff4> in /usr/lib/libOpenNI.so at 0x7a9a5000
ECX=0x00000001 is an unknown value
EDX=0x7ac0d608 is an unknown value
ESP=0x7abadbc0 is pointing into the stack for thread: 0x09316400
EBP=0x7abadbe8 is pointing into the stack for thread: 0x09316400
ESI=0x00000000 is an unknown value
EDI=0x09316400 is a thread


Stack: [0x7ab5e000,0x7abaf000],  sp=0x7abadbc0,  free space=318k
Native frames: (J=compiled Java code, j=interpreted, Vv=VM code, C=native code)
C  [libOpenNI.so+0x33d5a]  long long+0x1a
C  [libSimpleOpenNI.so+0x9a98c]  xn::MapGenerator::SetMapOutputMode(XnMapOutputMode const&)+0x26
C  [libSimpleOpenNI.so+0xa16f1]  sOpenNI::ContextWrapper::createDepth(bool)+0xdb
C  [libSimpleOpenNI.so+0xa1825]  sOpenNI::ContextWrapper::enableDepth()+0x6b
C  [libSimpleOpenNI.so+0x848c6]  Java_SimpleOpenNI_SimpleOpenNIJNI_ContextWrapper_1enableDepthSwigExplicitContextWrapper_1_1SWIG_10+0x3c
j  SimpleOpenNI.SimpleOpenNIJNI.ContextWrapper_enableDepthSwigExplicitContextWrapper__SWIG_0(JLSimpleOpenNI/ContextWrapper;)Z+0
j  SimpleOpenNI.ContextWrapper.enableDepth()Z+26
j  SimpleOpenNI.SimpleOpenNI.enableDepth()Z+1
j  remixlab.devices.Kinect.<init>(Lprocessing/core/PApplet;Lremixlab/proscene/Scene;)V+56
j  devices3d.Devices3d.setup()V+302
j  processing.core.PApplet.handleDraw()V+65
j  processing.core.PApplet.run()V+72
j  java.lang.Thread.run()V+11
v  ~StubRoutines::call_stub
V  [libjvm.so+0x3dff01]  JavaCalls::call_helper(JavaValue*, methodHandle*, JavaCallArguments*, Thread*)+0x1c1
V  [libjvm.so+0x5e1298]  os::os_exception_wrapper(void (*)(JavaValue*, methodHandle*, JavaCallArguments*, Thread*), JavaValue*, methodHandle*, JavaCallArguments*, Thread*)+0x18
V  [libjvm.so+0x3df775]  JavaCalls::call_virtual(JavaValue*, KlassHandle, symbolHandle, symbolHandle, JavaCallArguments*, Thread*)+0xc5
V  [libjvm.so+0x3df838]  JavaCalls::call_virtual(JavaValue*, Handle, KlassHandle, symbolHandle, symbolHandle, Thread*)+0x58
V  [libjvm.so+0x4642d7]  thread_entry(JavaThread*, Thread*)+0xa7
V  [libjvm.so+0x6e16bf]  JavaThread::run()+0x11f
V  [libjvm.so+0x5e2aee]  java_start(Thread*)+0x14e
C  [libpthread.so.0+0x6d31]  short+0xd1

Java frames: (J=compiled Java code, j=interpreted, Vv=VM code)
j  SimpleOpenNI.SimpleOpenNIJNI.ContextWrapper_enableDepthSwigExplicitContextWrapper__SWIG_0(JLSimpleOpenNI/ContextWrapper;)Z+0
j  SimpleOpenNI.ContextWrapper.enableDepth()Z+26
j  SimpleOpenNI.SimpleOpenNI.enableDepth()Z+1
j  remixlab.devices.Kinect.<init>(Lprocessing/core/PApplet;Lremixlab/proscene/Scene;)V+56
j  devices3d.Devices3d.setup()V+302
j  processing.core.PApplet.handleDraw()V+65
j  processing.core.PApplet.run()V+72
j  java.lang.Thread.run()V+11
v  ~StubRoutines::call_stub

---------------  P R O C E S S  ---------------

Java Threads: ( => current thread )
  0x7ac9bc00 JavaThread "process reaper" daemon [_thread_in_native, id=8959, stack(0x7ab0d000,0x7ab5e000)]
=>0x09316400 JavaThread "Animation Thread" [_thread_in_native, id=8954, stack(0x7ab5e000,0x7abaf000)]
  0x09162c00 JavaThread "AWT-EventQueue-1" [_thread_blocked, id=8953, stack(0x7abaf000,0x7ac00000)]
  0x7aebb000 JavaThread "DestroyJavaVM" [_thread_blocked, id=8933, stack(0xb69e1000,0xb6a32000)]
  0x7aefac00 JavaThread "AWT-EventQueue-0" [_thread_blocked, id=8951, stack(0x7ad0d000,0x7ad5e000)]
  0x7aefa400 JavaThread "AWT-Shutdown" [_thread_blocked, id=8950, stack(0x7ad5e000,0x7adaf000)]
  0x09244c00 JavaThread "thread applet-devices3d.Devices3d.class" [_thread_blocked, id=8949, stack(0x7adaf000,0x7ae00000)]
  0x0929c400 JavaThread "AWT-XAWT" daemon [_thread_in_native, id=8947, stack(0x7afaf000,0x7b000000)]
  0x7b4e7400 JavaThread "Java2D Disposer" daemon [_thread_blocked, id=8946, stack(0x7b19d000,0x7b1ee000)]
  0x7c0af400 JavaThread "Low Memory Detector" daemon [_thread_blocked, id=8944, stack(0x7b678000,0x7b6c9000)]
  0x7c0ad800 JavaThread "C2 CompilerThread1" daemon [_thread_blocked, id=8943, stack(0x7b6c9000,0x7b74a000)]
  0x7c0ab800 JavaThread "C2 CompilerThread0" daemon [_thread_blocked, id=8942, stack(0x7b74a000,0x7b7cb000)]
  0x7c0a9c00 JavaThread "Signal Dispatcher" daemon [_thread_blocked, id=8941, stack(0x7b7cb000,0x7b81c000)]
  0x7c09bc00 JavaThread "Finalizer" daemon [_thread_blocked, id=8940, stack(0x7bb8e000,0x7bbdf000)]
  0x7c09a400 JavaThread "Reference Handler" daemon [_thread_blocked, id=8939, stack(0x7bbdf000,0x7bc30000)]

Other Threads:
  0x7c096800 VMThread [stack: 0x7bc30000,0x7bcb1000] [id=8938]
  0x7c0b9800 WatcherThread [stack: 0x7b5f7000,0x7b678000] [id=8945]

VM state:not at safepoint (normal execution)

VM Mutex/Monitor currently owned by a thread: None

Heap
 PSYoungGen      total 15296K, used 10366K [0xa2750000, 0xa4530000, 0xb38a0000)
  eden space 13120K, 66% used [0xa2750000,0xa2fdb6e0,0xa3420000)
  from space 2176K, 74% used [0xa3420000,0xa35b42b0,0xa3640000)
  to   space 2176K, 0% used [0xa4310000,0xa4310000,0xa4530000)
 PSOldGen        total 35008K, used 5968K [0x804a0000, 0x826d0000, 0xa2750000)
  object space 35008K, 17% used [0x804a0000,0x80a74310,0x826d0000)
 PSPermGen       total 16384K, used 8347K [0x7c4a0000, 0x7d4a0000, 0x804a0000)
  object space 16384K, 50% used [0x7c4a0000,0x7ccc6fd8,0x7d4a0000)

Code Cache  [0xb3965000, 0xb3ba5000, 0xb6965000)
 total_blobs=329 nmethods=40 adapters=244 free_code_cache=49886848 largest_free_block=11776

Dynamic libraries:
08048000-08052000 r-xp 00000000 08:08 1181081    /usr/lib/jvm/java-6-sun-1.6.0.26/jre/bin/java
08052000-08053000 rwxp 00009000 08:08 1181081    /usr/lib/jvm/java-6-sun-1.6.0.26/jre/bin/java
0915c000-093bd000 rwxp 00000000 00:00 0          [heap]
79286000-7930f000 r-xp 00000000 08:08 1070238    /usr/lib/libXnDeviceSensorV2KM.so
7930f000-79318000 r-xp 00088000 08:08 1070238    /usr/lib/libXnDeviceSensorV2KM.so
79318000-79319000 rwxp 00091000 08:08 1070238    /usr/lib/libXnDeviceSensorV2KM.so
79319000-793f9000 r-xp 00000000 08:08 1064091    /usr/lib/libXnVHandGenerator_1_5_0.so
793f9000-793fc000 r-xp 000df000 08:08 1064091    /usr/lib/libXnVHandGenerator_1_5_0.so
793fc000-793fd000 rwxp 000e2000 08:08 1064091    /usr/lib/libXnVHandGenerator_1_5_0.so
793fd000-79409000 rwxp 00000000 00:00 0 
79409000-797fc000 r-xp 00000000 08:08 1064087    /usr/lib/libXnVFeatures_1_5_0.so
797fc000-797fd000 ---p 003f3000 08:08 1064087    /usr/lib/libXnVFeatures_1_5_0.so
797fd000-79805000 r-xp 003f3000 08:08 1064087    /usr/lib/libXnVFeatures_1_5_0.so
79805000-79806000 rwxp 003fb000 08:08 1064087    /usr/lib/libXnVFeatures_1_5_0.so
79806000-7981a000 rwxp 00000000 00:00 0 
7981a000-79847000 r-xp 00000000 08:08 1064003    /usr/lib/libXnDeviceFile.so
79847000-79848000 r-xp 0002d000 08:08 1064003    /usr/lib/libXnDeviceFile.so
79848000-79849000 rwxp 0002e000 08:08 1064003    /usr/lib/libXnDeviceFile.so
79849000-7989b000 r-xp 00000000 08:08 1064002    /usr/lib/libXnDDK.so
7989b000-7989d000 r-xp 00051000 08:08 1064002    /usr/lib/libXnDDK.so
7989d000-7989e000 rwxp 00053000 08:08 1064002    /usr/lib/libXnDDK.so
7989e000-798c2000 r-xp 00000000 08:08 1064005    /usr/lib/libXnFormats.so
798c2000-798c3000 r-xp 00023000 08:08 1064005    /usr/lib/libXnFormats.so
798c3000-798c4000 rwxp 00024000 08:08 1064005    /usr/lib/libXnFormats.so
798c4000-798e4000 rwxp 00000000 00:00 0 
79900000-79999000 r-xp 00000000 08:08 1064004    /usr/lib/libXnDeviceSensorV2.so
79999000-799a2000 r-xp 00098000 08:08 1064004    /usr/lib/libXnDeviceSensorV2.so
799a2000-799a3000 rwxp 000a1000 08:08 1064004    /usr/lib/libXnDeviceSensorV2.so
799a3000-79a86000 r-xp 00000000 08:08 1064000    /usr/lib/libXnVHandGenerator_1_5_2.so
79a86000-79a89000 r-xp 000e3000 08:08 1064000    /usr/lib/libXnVHandGenerator_1_5_2.so
79a89000-79a8a000 rwxp 000e6000 08:08 1064000    /usr/lib/libXnVHandGenerator_1_5_2.so
79a8a000-79a96000 rwxp 00000000 00:00 0 
79a96000-79b6b000 r-xp 00000000 08:08 1063997    /usr/lib/libXnVHandGenerator_1_4_2.so
79b6b000-79b6c000 ---p 000d5000 08:08 1063997    /usr/lib/libXnVHandGenerator_1_4_2.so
79b6c000-79b6e000 r-xp 000d5000 08:08 1063997    /usr/lib/libXnVHandGenerator_1_4_2.so
79b6e000-79b6f000 rwxp 000d7000 08:08 1063997    /usr/lib/libXnVHandGenerator_1_4_2.so
79b6f000-79b71000 rwxp 00000000 00:00 0 
79b71000-79c45000 r-xp 00000000 08:08 1063994    /usr/lib/libXnVHandGenerator_1_4_1.so
79c45000-79c46000 ---p 000d4000 08:08 1063994    /usr/lib/libXnVHandGenerator_1_4_1.so
79c46000-79c48000 r-xp 000d4000 08:08 1063994    /usr/lib/libXnVHandGenerator_1_4_1.so
79c48000-79c49000 rwxp 000d6000 08:08 1063994    /usr/lib/libXnVHandGenerator_1_4_1.so
79c49000-79c4b000 rwxp 00000000 00:00 0 
79c4b000-79d29000 r-xp 00000000 08:08 1063991    /usr/lib/libXnVHandGenerator_1_3_1.so
79d29000-79d2c000 r-xp 000dd000 08:08 1063991    /usr/lib/libXnVHandGenerator_1_3_1.so
79d2c000-79d2d000 rwxp 000e0000 08:08 1063991    /usr/lib/libXnVHandGenerator_1_3_1.so
79d2d000-79d2f000 rwxp 00000000 00:00 0 
79d2f000-7a130000 r-xp 00000000 08:08 1063984    /usr/lib/libXnVFeatures_1_5_2.so
7a130000-7a131000 ---p 00401000 08:08 1063984    /usr/lib/libXnVFeatures_1_5_2.so
7a131000-7a139000 r-xp 00401000 08:08 1063984    /usr/lib/libXnVFeatures_1_5_2.so
7a139000-7a13a000 rwxp 00409000 08:08 1063984    /usr/lib/libXnVFeatures_1_5_2.so
7a13a000-7a14e000 rwxp 00000000 00:00 0 
7a14e000-7a335000 r-xp 00000000 08:08 1063973    /usr/lib/libXnVFeatures_1_4_2.so
7a335000-7a338000 r-xp 001e6000 08:08 1063973    /usr/lib/libXnVFeatures_1_4_2.so
7a338000-7a339000 rwxp 001e9000 08:08 1063973    /usr/lib/libXnVFeatures_1_4_2.so
7a339000-7a33e000 rwxp 00000000 00:00 0 
7a33e000-7a525000 r-xp 00000000 08:08 1063968    /usr/lib/libXnVFeatures_1_4_1.so
7a525000-7a528000 r-xp 001e6000 08:08 1063968    /usr/lib/libXnVFeatures_1_4_1.so
7a528000-7a529000 rwxp 001e9000 08:08 1063968    /usr/lib/libXnVFeatures_1_4_1.so
7a529000-7a52e000 rwxp 00000000 00:00 0 
7a52e000-7a74c000 r-xp 00000000 08:08 1063963    /usr/lib/libXnVFeatures_1_3_1.so
7a74c000-7a74d000 ---p 0021e000 08:08 1063963    /usr/lib/libXnVFeatures_1_3_1.so
7a74d000-7a750000 r-xp 0021e000 08:08 1063963    /usr/lib/libXnVFeatures_1_3_1.so
7a750000-7a751000 rwxp 00221000 08:08 1063963    /usr/lib/libXnVFeatures_1_3_1.so
7a751000-7a756000 rwxp 00000000 00:00 0 
7a756000-7a78a000 r-xp 00000000 08:08 1063811    /usr/lib/libnimCodecs.so
7a78a000-7a78b000 ---p 00034000 08:08 1063811    /usr/lib/libnimCodecs.so
7a78b000-7a78d000 r-xp 00034000 08:08 1063811    /usr/lib/libnimCodecs.so
7a78d000-7a78e000 rwxp 00036000 08:08 1063811    /usr/lib/libnimCodecs.so
7a78e000-7a7ae000 rwxp 00000000 00:00 0 
7a7ae000-7a7df000 r-xp 00000000 08:08 1063812    /usr/lib/libnimMockNodes.so
7a7df000-7a7e5000 r-xp 00031000 08:08 1063812    /usr/lib/libnimMockNodes.so
7a7e5000-7a7e6000 rwxp 00037000 08:08 1063812    /usr/lib/libnimMockNodes.so
7a7e6000-7a8c4000 r-xp 00000000 08:08 1056768    /usr/lib/i386-linux-gnu/libstdc++.so.6.0.16
7a8c4000-7a8c5000 ---p 000de000 08:08 1056768    /usr/lib/i386-linux-gnu/libstdc++.so.6.0.16
7a8c5000-7a8c9000 r-xp 000de000 08:08 1056768    /usr/lib/i386-linux-gnu/libstdc++.so.6.0.16
7a8c9000-7a8ca000 rwxp 000e2000 08:08 1056768    /usr/lib/i386-linux-gnu/libstdc++.so.6.0.16
7a8ca000-7a8d1000 rwxp 00000000 00:00 0 
7a8d1000-7a9a1000 r-xp 00000000 08:08 1063882    /usr/lib/libXnVNite_1_3_1.so
7a9a1000-7a9a4000 r-xp 000cf000 08:08 1063882    /usr/lib/libXnVNite_1_3_1.so
7a9a4000-7a9a5000 rwxp 000d2000 08:08 1063882    /usr/lib/libXnVNite_1_3_1.so
7a9a5000-7aa21000 r-xp 00000000 08:08 1063815    /usr/lib/libOpenNI.so
7aa21000-7aa23000 r-xp 0007c000 08:08 1063815    /usr/lib/libOpenNI.so
7aa23000-7aa25000 rwxp 0007e000 08:08 1063815    /usr/lib/libOpenNI.so
7aa25000-7ab07000 r-xp 00000000 08:08 1199735    /home/alejo/Dropbox/code/devices3d/lib/user/SimpleOpenNI/libSimpleOpenNI.so
7ab07000-7ab08000 ---p 000e2000 08:08 1199735    /home/alejo/Dropbox/code/devices3d/lib/user/SimpleOpenNI/libSimpleOpenNI.so
7ab08000-7ab0a000 r-xp 000e2000 08:08 1199735    /home/alejo/Dropbox/code/devices3d/lib/user/SimpleOpenNI/libSimpleOpenNI.so
7ab0a000-7ab0d000 rwxp 000e4000 08:08 1199735    /home/alejo/Dropbox/code/devices3d/lib/user/SimpleOpenNI/libSimpleOpenNI.so
7ab0d000-7ab10000 ---p 00000000 00:00 0 
7ab10000-7ab5e000 rwxp 00000000 00:00 0 
7ab5e000-7ab61000 ---p 00000000 00:00 0 
7ab61000-7abaf000 rwxp 00000000 00:00 0 
7abaf000-7abb2000 ---p 00000000 00:00 0 
7abb2000-7ac00000 rwxp 00000000 00:00 0 
7ac00000-7acfe000 rwxp 00000000 00:00 0 
7acfe000-7ad00000 ---p 00000000 00:00 0 
7ad0d000-7ad10000 ---p 00000000 00:00 0 
7ad10000-7ad5e000 rwxp 00000000 00:00 0 
7ad5e000-7ad61000 ---p 00000000 00:00 0 
7ad61000-7adaf000 rwxp 00000000 00:00 0 
7adaf000-7adb2000 ---p 00000000 00:00 0 
7adb2000-7ae00000 rwxp 00000000 00:00 0 
7ae00000-7aefb000 rwxp 00000000 00:00 0 
7aefb000-7af00000 ---p 00000000 00:00 0 
7af11000-7af12000 r-xs 00000000 08:08 1188895    /var/cache/fontconfig/c05880de57d1f5e948fdfacc138775d9-le32d4.cache-3
7af12000-7af18000 r-xs 00000000 08:08 1188892    /var/cache/fontconfig/945677eb7aeaf62f1d50efc3fb3ec7d8-le32d4.cache-3
7af18000-7af1a000 r-xs 00000000 08:08 1188893    /var/cache/fontconfig/99e8ed0e538f840c565b6ed5dad60d56-le32d4.cache-3
7af1a000-7af1d000 r-xs 00000000 08:08 1206717    /var/cache/fontconfig/e383d7ea5fbe662a33d9b44caf393297-le32d4.cache-3
7af1d000-7af20000 r-xs 00000000 08:08 1188879    /var/cache/fontconfig/2cd17615ca594fa2959ae173292e504c-le32d4.cache-3
7af20000-7af21000 r-xs 00000000 08:08 1188903    /var/cache/fontconfig/e7071f4a29fa870f4323321c154eba04-le32d4.cache-3
7af21000-7af23000 r-xs 00000000 08:08 1191776    /var/cache/fontconfig/b5ea634b0fb353b8ea17632d1f9ef766-le32d4.cache-3
7af23000-7af27000 r-xs 00000000 08:08 1188889    /var/cache/fontconfig/6eb3985aa4124903f6ff08ba781cd364-le32d4.cache-3
7af27000-7af28000 r-xs 00000000 08:08 1188883    /var/cache/fontconfig/4c73fe0c47614734b17d736dbde7580a-le32d4.cache-3
7af28000-7af29000 r-xs 00000000 08:08 1188876    /var/cache/fontconfig/0d8c3b2ac0904cb8a57a757ad11a4a08-le32d4.cache-3
7af29000-7af2a000 r-xs 00000000 08:08 1188887    /var/cache/fontconfig/6a53c69dea097a2d716e069445527da8-le32d4.cache-3
7af2a000-7af2e000 r-xs 00000000 08:08 1188894    /var/cache/fontconfig/a755afe4a08bf5b97852ceb7400b47bc-le32d4.cache-3
7af2e000-7af32000 r-xs 00000000 08:08 1188884    /var/cache/fontconfig/515ca1ebc4b18308bea979be5704f9db-le32d4.cache-3
7af32000-7af39000 r-xs 00000000 08:08 1188888    /var/cache/fontconfig/6d41288fd70b0be22e8c3a91e032eec0-le32d4.cache-3
7af39000-7af5b000 r-xs 00000000 08:08 1206716    /var/cache/fontconfig/365b55f210c0a22e9a19e35191240f32-le32d4.cache-3
7af5b000-7af69000 r-xs 00000000 08:08 1190496    /var/cache/fontconfig/e13b20fdb08344e0e664864cc2ede53d-le32d4.cache-3
7af6c000-7af8f000 r-xp 00000000 08:08 1063813    /usr/lib/libnimRecorder.so
7af8f000-7af90000 r-xp 00023000 08:08 1063813    /usr/lib/libnimRecorder.so
7af90000-7af91000 rwxp 00024000 08:08 1063813    /usr/lib/libnimRecorder.so
7af91000-7afad000 r-xp 00000000 08:08 1573816    /lib/i386-linux-gnu/libgcc_s.so.1
7afad000-7afae000 r-xp 0001b000 08:08 1573816    /lib/i386-linux-gnu/libgcc_s.so.1
7afae000-7afaf000 rwxp 0001c000 08:08 1573816    /lib/i386-linux-gnu/libgcc_s.so.1
7afaf000-7afb2000 ---p 00000000 00:00 0 
7afb2000-7b000000 rwxp 00000000 00:00 0 
7b000000-7b0fb000 rwxp 00000000 00:00 0 
7b0fb000-7b100000 ---p 00000000 00:00 0 
7b100000-7b10d000 r-xs 00000000 08:08 1188899    /var/cache/fontconfig/d52a8644073d54c13679302ca1180695-le32d4.cache-3
7b119000-7b124000 r-xp 00000000 08:08 408705     /opt/microchip/mplabx/mplab_ide/mplablibs/modules/lib/libusb-1.0.so.0.0.0
7b124000-7b125000 rwxp 0000a000 08:08 408705     /opt/microchip/mplabx/mplab_ide/mplablibs/modules/lib/libusb-1.0.so.0.0.0
7b140000-7b141000 rwxp 00000000 00:00 0 
7b141000-7b148000 r-xp 00000000 08:08 1181319    /usr/lib/jvm/java-6-sun-1.6.0.26/jre/lib/i386/libnio.so
7b148000-7b149000 rwxp 00006000 08:08 1181319    /usr/lib/jvm/java-6-sun-1.6.0.26/jre/lib/i386/libnio.so
7b149000-7b14d000 r-xp 00000000 08:08 1056426    /usr/lib/i386-linux-gnu/libXfixes.so.3.1.0
7b14d000-7b14e000 r-xp 00003000 08:08 1056426    /usr/lib/i386-linux-gnu/libXfixes.so.3.1.0
7b14e000-7b14f000 rwxp 00004000 08:08 1056426    /usr/lib/i386-linux-gnu/libXfixes.so.3.1.0
7b14f000-7b158000 r-xp 00000000 08:08 1056446    /usr/lib/i386-linux-gnu/libXrender.so.1.3.0
7b158000-7b159000 r-xp 00008000 08:08 1056446    /usr/lib/i386-linux-gnu/libXrender.so.1.3.0
7b159000-7b15a000 rwxp 00009000 08:08 1056446    /usr/lib/i386-linux-gnu/libXrender.so.1.3.0
7b15a000-7b163000 r-xp 00000000 08:08 1056410    /usr/lib/i386-linux-gnu/libXcursor.so.1.0.2
7b163000-7b164000 r-xp 00008000 08:08 1056410    /usr/lib/i386-linux-gnu/libXcursor.so.1.0.2
7b164000-7b165000 rwxp 00009000 08:08 1056410    /usr/lib/i386-linux-gnu/libXcursor.so.1.0.2
7b165000-7b168000 r-xp 00000000 08:08 1064001    /usr/lib/libXnCore.so
7b168000-7b169000 r-xp 00002000 08:08 1064001    /usr/lib/libXnCore.so
7b169000-7b16a000 rwxp 00003000 08:08 1064001    /usr/lib/libXnCore.so
7b16a000-7b16b000 r-xp 00000000 08:08 1181308    /usr/lib/jvm/java-6-sun-1.6.0.26/jre/lib/i386/libjawt.so
7b16b000-7b16c000 rwxp 00000000 08:08 1181308    /usr/lib/jvm/java-6-sun-1.6.0.26/jre/lib/i386/libjawt.so
7b16c000-7b180000 r-xp 00000000 08:08 1181318    /usr/lib/jvm/java-6-sun-1.6.0.26/jre/lib/i386/libnet.so
7b180000-7b181000 rwxp 00013000 08:08 1181318    /usr/lib/jvm/java-6-sun-1.6.0.26/jre/lib/i386/libnet.so
7b181000-7b18c000 r-xs 00000000 08:08 1188877    /var/cache/fontconfig/0f34bcd4b6ee430af32735b75db7f02b-le32d4.cache-3
7b18c000-7b18f000 r-xs 00000000 08:08 1206715    /var/cache/fontconfig/7ef2298fde41cc6eeb7af42e48b7d293-le32d4.cache-3
7b18f000-7b19d000 r-xs 00000000 08:08 1190505    /var/cache/fontconfig/865f88548240fee46819705c6468c165-le32d4.cache-3
7b19d000-7b1a0000 ---p 00000000 00:00 0 
7b1a0000-7b1ee000 rwxp 00000000 00:00 0 
7b1ee000-7b267000 r-xp 00000000 08:08 1181295    /usr/lib/jvm/java-6-sun-1.6.0.26/jre/lib/i386/libfontmanager.so
7b267000-7b271000 rwxp 00078000 08:08 1181295    /usr/lib/jvm/java-6-sun-1.6.0.26/jre/lib/i386/libfontmanager.so
7b271000-7b276000 rwxp 00000000 00:00 0 
7b276000-7b28d000 r-xs 0015b000 08:08 1199687    /home/alejo/Dropbox/code/devices3d/lib/base/core/ant.jar
7b28d000-7b292000 r-xp 00000000 08:08 1056418    /usr/lib/i386-linux-gnu/libXdmcp.so.6.0.0
7b292000-7b293000 r-xp 00004000 08:08 1056418    /usr/lib/i386-linux-gnu/libXdmcp.so.6.0.0
7b293000-7b294000 rwxp 00005000 08:08 1056418    /usr/lib/i386-linux-gnu/libXdmcp.so.6.0.0
7b294000-7b2b1000 r-xp 00000000 08:08 1056813    /usr/lib/i386-linux-gnu/libxcb.so.1.1.0
7b2b1000-7b2b2000 r-xp 0001c000 08:08 1056813    /usr/lib/i386-linux-gnu/libxcb.so.1.1.0
7b2b2000-7b2b3000 rwxp 0001d000 08:08 1056813    /usr/lib/i386-linux-gnu/libxcb.so.1.1.0
7b2b3000-7b2c1000 r-xp 00000000 08:08 1056434    /usr/lib/i386-linux-gnu/libXi.so.6.1.0
7b2c1000-7b2c2000 r-xp 0000d000 08:08 1056434    /usr/lib/i386-linux-gnu/libXi.so.6.1.0
7b2c2000-7b2c3000 rwxp 0000e000 08:08 1056434    /usr/lib/i386-linux-gnu/libXi.so.6.1.0
7b2c3000-7b2c8000 r-xp 00000000 08:08 1052626    /usr/lib/libXtst.so.6.1.0
7b2c8000-7b2c9000 r-xp 00004000 08:08 1052626    /usr/lib/libXtst.so.6.1.0
7b2c9000-7b2ca000 rwxp 00005000 08:08 1052626    /usr/lib/libXtst.so.6.1.0
7b2ca000-7b3fb000 r-xp 00000000 08:08 1056398    /usr/lib/i386-linux-gnu/libX11.so.6.3.0
7b3fb000-7b3fc000 ---p 00131000 08:08 1056398    /usr/lib/i386-linux-gnu/libX11.so.6.3.0
7b3fc000-7b3fd000 r-xp 00131000 08:08 1056398    /usr/lib/i386-linux-gnu/libX11.so.6.3.0
7b3fd000-7b3ff000 rwxp 00132000 08:08 1056398    /usr/lib/i386-linux-gnu/libX11.so.6.3.0
7b3ff000-7b400000 rwxp 00000000 00:00 0 
7b400000-7b4fe000 rwxp 00000000 00:00 0 
7b4fe000-7b500000 ---p 00000000 00:00 0 
7b501000-7b544000 r-xp 00000000 08:08 1181341    /usr/lib/jvm/java-6-sun-1.6.0.26/jre/lib/i386/xawt/libmawt.so
7b544000-7b546000 rwxp 00043000 08:08 1181341    /usr/lib/jvm/java-6-sun-1.6.0.26/jre/lib/i386/xawt/libmawt.so
7b546000-7b547000 rwxp 00000000 00:00 0 
7b547000-7b5cc000 r-xp 00000000 08:08 1181290    /usr/lib/jvm/java-6-sun-1.6.0.26/jre/lib/i386/libawt.so
7b5cc000-7b5d3000 rwxp 00085000 08:08 1181290    /usr/lib/jvm/java-6-sun-1.6.0.26/jre/lib/i386/libawt.so
7b5d3000-7b5f7000 rwxp 00000000 00:00 0 
7b5f7000-7b5f8000 ---p 00000000 00:00 0 
7b5f8000-7b678000 rwxp 00000000 00:00 0 
7b678000-7b67b000 ---p 00000000 00:00 0 
7b67b000-7b6c9000 rwxp 00000000 00:00 0 
7b6c9000-7b6cc000 ---p 00000000 00:00 0 
7b6cc000-7b74a000 rwxp 00000000 00:00 0 
7b74a000-7b74d000 ---p 00000000 00:00 0 
7b74d000-7b7cb000 rwxp 00000000 00:00 0 
7b7cb000-7b7ce000 ---p 00000000 00:00 0 
7b7ce000-7b81c000 rwxp 00000000 00:00 0 
7b81c000-7b81d000 r-xp 00571000 08:08 1057169    /usr/lib/locale/locale-archive
7b81d000-7b94e000 r-xp 0043d000 08:08 1057169    /usr/lib/locale/locale-archive
7b94e000-7b98e000 r-xp 002bd000 08:08 1057169    /usr/lib/locale/locale-archive
7b98e000-7bb8e000 r-xp 00000000 08:08 1057169    /usr/lib/locale/locale-archive
7bb8e000-7bb91000 ---p 00000000 00:00 0 
7bb91000-7bbdf000 rwxp 00000000 00:00 0 
7bbdf000-7bbe2000 ---p 00000000 00:00 0 
7bbe2000-7bc30000 rwxp 00000000 00:00 0 
7bc30000-7bc31000 ---p 00000000 00:00 0 
7bc31000-7bce5000 rwxp 00000000 00:00 0 
7bce5000-7be7d000 r-xs 03029000 08:08 1181157    /usr/lib/jvm/java-6-sun-1.6.0.26/jre/lib/rt.jar
7be7d000-7be7e000 ---p 00000000 00:00 0 
7be7e000-7befe000 rwxp 00000000 00:00 0 
7befe000-7beff000 ---p 00000000 00:00 0 
7beff000-7bf7f000 rwxp 00000000 00:00 0 
7bf7f000-7bf80000 ---p 00000000 00:00 0 
7bf80000-7c000000 rwxp 00000000 00:00 0 
7c000000-7c0fc000 rwxp 00000000 00:00 0 
7c0fc000-7c100000 ---p 00000000 00:00 0 
7c100000-7c103000 r-xs 00000000 08:08 1188900    /var/cache/fontconfig/d60319d88cac85ba9e1a07bd06cfbb8c-le32d4.cache-3
7c103000-7c114000 r-xp 00000000 08:08 1056422    /usr/lib/i386-linux-gnu/libXext.so.6.4.0
7c114000-7c115000 r-xp 00010000 08:08 1056422    /usr/lib/i386-linux-gnu/libXext.so.6.4.0
7c115000-7c116000 rwxp 00011000 08:08 1056422    /usr/lib/i386-linux-gnu/libXext.so.6.4.0
7c116000-7c11c000 r-xs 00000000 08:08 1206713    /var/cache/fontconfig/153bb866d4d26e7cd19eee2129f8d8d2-le32d4.cache-3
7c11c000-7c11f000 r-xs 00017000 08:08 1199756    /home/alejo/Dropbox/code/devices3d/lib/user/proscene/proscene.jar
7c11f000-7c121000 r-xs 00003000 08:08 1199742    /home/alejo/Dropbox/code/devices3d/lib/user/fullscreen/fullscreen.jar
7c121000-7c125000 r-xs 00020000 08:08 1199717    /home/alejo/Dropbox/code/devices3d/lib/user/SimpleOpenNI/SimpleOpenNI.jar
7c125000-7c130000 r-xs 00108000 08:08 1326150    /home/alejo/Dropbox/code/devices3d/lib/base/opengl/jogl.jar
7c130000-7c131000 r-xs 00004000 08:08 1326149    /home/alejo/Dropbox/code/devices3d/lib/base/opengl/gluegen-rt.jar
7c131000-7c132000 r-xs 00003000 08:08 1326148    /home/alejo/Dropbox/code/devices3d/lib/base/opengl/opengl.jar
7c132000-7c133000 ---p 00000000 00:00 0 
7c133000-7c1bb000 rwxp 00000000 00:00 0 
7c1bb000-7c1d3000 rwxp 00000000 00:00 0 
7c1d3000-7c1e5000 rwxp 00000000 00:00 0 
7c1e5000-7c2e5000 rwxp 00000000 00:00 0 
7c2e5000-7c2ed000 rwxp 00000000 00:00 0 
7c2ed000-7c305000 rwxp 00000000 00:00 0 
7c305000-7c317000 rwxp 00000000 00:00 0 
7c317000-7c416000 rwxp 00000000 00:00 0 
7c416000-7c426000 rwxp 00000000 00:00 0 
7c426000-7c49f000 rwxp 00000000 00:00 0 
7c49f000-7d4a0000 rwxp 00000000 00:00 0 
7d4a0000-804a0000 rwxp 00000000 00:00 0 
804a0000-826d0000 rwxp 00000000 00:00 0 
826d0000-a2750000 rwxp 00000000 00:00 0 
a2750000-a4530000 rwxp 00000000 00:00 0 
a4530000-b38a0000 rwxp 00000000 00:00 0 
b38a0000-b38a3000 r-xs 00029000 08:08 2123900    /home/alejo/Dropbox/code/devices3d/lib/user/procontroll/procontroll.jar
b38a3000-b38a5000 r-xs 0002b000 08:08 1199690    /home/alejo/Dropbox/code/devices3d/lib/base/core/core.jar
b38a5000-b38ae000 rwxp 00000000 00:00 0 
b38ae000-b3965000 rwxp 00000000 00:00 0 
b3965000-b3ba5000 rwxp 00000000 00:00 0 
b3ba5000-b6965000 rwxp 00000000 00:00 0 
b6965000-b6970000 r-xp 00000000 08:08 1573836    /lib/i386-linux-gnu/libnss_files-2.13.so
b6970000-b6971000 r-xp 0000a000 08:08 1573836    /lib/i386-linux-gnu/libnss_files-2.13.so
b6971000-b6972000 rwxp 0000b000 08:08 1573836    /lib/i386-linux-gnu/libnss_files-2.13.so
b6972000-b697c000 r-xp 00000000 08:08 1573840    /lib/i386-linux-gnu/libnss_nis-2.13.so
b697c000-b697d000 r-xp 00009000 08:08 1573840    /lib/i386-linux-gnu/libnss_nis-2.13.so
b697d000-b697e000 rwxp 0000a000 08:08 1573840    /lib/i386-linux-gnu/libnss_nis-2.13.so
b697e000-b6993000 r-xp 00000000 08:08 1573830    /lib/i386-linux-gnu/libnsl-2.13.so
b6993000-b6994000 r-xp 00015000 08:08 1573830    /lib/i386-linux-gnu/libnsl-2.13.so
b6994000-b6995000 rwxp 00016000 08:08 1573830    /lib/i386-linux-gnu/libnsl-2.13.so
b6995000-b6997000 rwxp 00000000 00:00 0 
b6997000-b6998000 r-xs 00000000 08:08 1193307    /var/cache/fontconfig/4794a0821666d79190d59a36cb4f44b5-le32d4.cache-3
b6998000-b699a000 r-xs 00002000 08:08 1199642    /home/alejo/Dropbox/code/devices3d/lib/base/core/ant-launcher.jar
b699a000-b69a9000 r-xp 00000000 08:08 1181329    /usr/lib/jvm/java-6-sun-1.6.0.26/jre/lib/i386/libzip.so
b69a9000-b69ab000 rwxp 0000e000 08:08 1181329    /usr/lib/jvm/java-6-sun-1.6.0.26/jre/lib/i386/libzip.so
b69ab000-b69b3000 rwxs 00000000 08:08 407532     /tmp/hsperfdata_alejo/8928
b69b3000-b69d6000 r-xp 00000000 08:08 1181303    /usr/lib/jvm/java-6-sun-1.6.0.26/jre/lib/i386/libjava.so
b69d6000-b69d8000 rwxp 00023000 08:08 1181303    /usr/lib/jvm/java-6-sun-1.6.0.26/jre/lib/i386/libjava.so
b69d8000-b69df000 r-xp 00000000 08:08 1573859    /lib/i386-linux-gnu/librt-2.13.so
b69df000-b69e0000 r-xp 00006000 08:08 1573859    /lib/i386-linux-gnu/librt-2.13.so
b69e0000-b69e1000 rwxp 00007000 08:08 1573859    /lib/i386-linux-gnu/librt-2.13.so
b69e1000-b69e4000 ---p 00000000 00:00 0 
b69e4000-b6a32000 rwxp 00000000 00:00 0 
b6a32000-b6a5a000 r-xp 00000000 08:08 1573825    /lib/i386-linux-gnu/libm-2.13.so
b6a5a000-b6a5b000 r-xp 00028000 08:08 1573825    /lib/i386-linux-gnu/libm-2.13.so
b6a5b000-b6a5c000 rwxp 00029000 08:08 1573825    /lib/i386-linux-gnu/libm-2.13.so
b6a5c000-b720e000 r-xp 00000000 08:08 1181340    /usr/lib/jvm/java-6-sun-1.6.0.26/jre/lib/i386/server/libjvm.so
b720e000-b7262000 rwxp 007b1000 08:08 1181340    /usr/lib/jvm/java-6-sun-1.6.0.26/jre/lib/i386/server/libjvm.so
b7262000-b7681000 rwxp 00000000 00:00 0 
b7681000-b77f7000 r-xp 00000000 08:08 1573795    /lib/i386-linux-gnu/libc-2.13.so
b77f7000-b77f9000 r-xp 00176000 08:08 1573795    /lib/i386-linux-gnu/libc-2.13.so
b77f9000-b77fa000 rwxp 00178000 08:08 1573795    /lib/i386-linux-gnu/libc-2.13.so
b77fa000-b77fd000 rwxp 00000000 00:00 0 
b77fd000-b7800000 r-xp 00000000 08:08 1573806    /lib/i386-linux-gnu/libdl-2.13.so
b7800000-b7801000 r-xp 00002000 08:08 1573806    /lib/i386-linux-gnu/libdl-2.13.so
b7801000-b7802000 rwxp 00003000 08:08 1573806    /lib/i386-linux-gnu/libdl-2.13.so
b7802000-b7809000 r-xp 00000000 08:08 1181335    /usr/lib/jvm/java-6-sun-1.6.0.26/jre/lib/i386/jli/libjli.so
b7809000-b780b000 rwxp 00006000 08:08 1181335    /usr/lib/jvm/java-6-sun-1.6.0.26/jre/lib/i386/jli/libjli.so
b780b000-b780c000 rwxp 00000000 00:00 0 
b780c000-b7823000 r-xp 00000000 08:08 1573855    /lib/i386-linux-gnu/libpthread-2.13.so
b7823000-b7824000 r-xp 00016000 08:08 1573855    /lib/i386-linux-gnu/libpthread-2.13.so
b7824000-b7825000 rwxp 00017000 08:08 1573855    /lib/i386-linux-gnu/libpthread-2.13.so
b7825000-b7827000 rwxp 00000000 00:00 0 
b7827000-b7829000 r-xp 00000000 08:08 1056402    /usr/lib/i386-linux-gnu/libXau.so.6.0.0
b7829000-b782a000 r-xp 00001000 08:08 1056402    /usr/lib/i386-linux-gnu/libXau.so.6.0.0
b782a000-b782b000 rwxp 00002000 08:08 1056402    /usr/lib/i386-linux-gnu/libXau.so.6.0.0
b782b000-b7833000 r-xp 00000000 08:08 1573832    /lib/i386-linux-gnu/libnss_compat-2.13.so
b7833000-b7834000 r-xp 00007000 08:08 1573832    /lib/i386-linux-gnu/libnss_compat-2.13.so
b7834000-b7835000 rwxp 00008000 08:08 1573832    /lib/i386-linux-gnu/libnss_compat-2.13.so
b7835000-b7836000 rwxp 00000000 00:00 0 
b7836000-b7837000 r-xp 00000000 00:00 0 
b7837000-b7842000 r-xp 00000000 08:08 1181328    /usr/lib/jvm/java-6-sun-1.6.0.26/jre/lib/i386/libverify.so
b7842000-b7843000 rwxp 0000b000 08:08 1181328    /usr/lib/jvm/java-6-sun-1.6.0.26/jre/lib/i386/libverify.so
b7843000-b7845000 rwxp 00000000 00:00 0 
b7845000-b7846000 r-xp 00000000 00:00 0          [vdso]
b7846000-b7864000 r-xp 00000000 08:08 1573782    /lib/i386-linux-gnu/ld-2.13.so
b7864000-b7865000 r-xp 0001d000 08:08 1573782    /lib/i386-linux-gnu/ld-2.13.so
b7865000-b7866000 rwxp 0001e000 08:08 1573782    /lib/i386-linux-gnu/ld-2.13.so
bfc43000-bfc64000 rwxp 00000000 00:00 0          [stack]

VM Arguments:
jvm_args: -Djava.library.path=/home/alejo/Dropbox/code/devices3d/lib/base/opengl:/home/alejo/Dropbox/code/devices3d/lib/base/opengl:/home/alejo/Dropbox/code/devices3d/lib/base/opengl:/home/alejo/Dropbox/code/devices3d/lib/base/core:/home/alejo/Dropbox/code/devices3d/lib/base/core:/home/alejo/Dropbox/code/devices3d/lib/base/core:/home/alejo/Dropbox/code/devices3d/lib/user/procontroll:/home/alejo/Dropbox/code/devices3d/lib/user/SimpleOpenNI:/home/alejo/Dropbox/code/devices3d/lib/user/fullscreen:/home/alejo/Dropbox/code/devices3d/lib/user/proscene -Djava.security.policy=java.policy.applet -Dfile.encoding=UTF-8 
java_command: sun.applet.AppletViewer devices3d.Devices3d1333678134701.html
Launcher Type: SUN_STANDARD

Environment Variables:
PATH=/opt/microchip/mplabc32/v2.02/bin:/opt/microchip/mplabc30/v3.30c/bin:/usr/lib/lightdm/lightdm:/usr/local/sbin:/usr/local/bin:/usr/sbin:/usr/bin:/sbin:/bin:/usr/games
USERNAME=alejo
LD_LIBRARY_PATH=/usr/lib/jvm/java-6-sun-1.6.0.26/jre/lib/i386/server:/usr/lib/jvm/java-6-sun-1.6.0.26/jre/lib/i386:/usr/lib/jvm/java-6-sun-1.6.0.26/jre/../lib/i386:/usr/lib/jvm/java-6-sun-1.6.0.26/jre/lib/i386/client:/usr/lib/jvm/java-6-sun-1.6.0.26/jre/lib/i386:
SHELL=/bin/bash
DISPLAY=:0.0

Signal Handlers:
SIGSEGV: [libjvm.so+0x725510], sa_mask[0]=0x7ffbfeff, sa_flags=0x10000004
SIGBUS: [libjvm.so+0x725510], sa_mask[0]=0x7ffbfeff, sa_flags=0x10000004
SIGFPE: [libjvm.so+0x5dff20], sa_mask[0]=0x7ffbfeff, sa_flags=0x10000004
SIGPIPE: [libjvm.so+0x5dff20], sa_mask[0]=0x7ffbfeff, sa_flags=0x10000004
SIGXFSZ: [libjvm.so+0x5dff20], sa_mask[0]=0x7ffbfeff, sa_flags=0x10000004
SIGILL: [libjvm.so+0x5dff20], sa_mask[0]=0x7ffbfeff, sa_flags=0x10000004
SIGUSR1: SIG_DFL, sa_mask[0]=0x00000000, sa_flags=0x00000000
SIGUSR2: [libjvm.so+0x5e3160], sa_mask[0]=0x00000004, sa_flags=0x10000004
SIGHUP: [libjvm.so+0x5e2d40], sa_mask[0]=0x7ffbfeff, sa_flags=0x10000004
SIGINT: [libjvm.so+0x5e2d40], sa_mask[0]=0x7ffbfeff, sa_flags=0x10000004
SIGTERM: [libjvm.so+0x5e2d40], sa_mask[0]=0x7ffbfeff, sa_flags=0x10000004
SIGQUIT: [libjvm.so+0x5e2d40], sa_mask[0]=0x7ffbfeff, sa_flags=0x10000004


---------------  S Y S T E M  ---------------

OS:wheezy/sid

uname:Linux 3.0.0-12-generic #20-Ubuntu SMP Fri Oct 7 14:50:42 UTC 2011 i686
libc:glibc 2.13 NPTL 2.13 
rlimit: STACK 8192k, CORE 0k, NPROC 26110, NOFILE 4096, AS infinity
load average:0.37 0.21 0.16

/proc/meminfo:
MemTotal:        3356112 kB
MemFree:          389060 kB
Buffers:          365744 kB
Cached:          1088352 kB
SwapCached:            0 kB
Active:          1520528 kB
Inactive:        1081320 kB
Active(anon):    1150212 kB
Inactive(anon):    11724 kB
Active(file):     370316 kB
Inactive(file):  1069596 kB
Unevictable:          16 kB
Mlocked:              16 kB
HighTotal:       2497096 kB
HighFree:          50824 kB
LowTotal:         859016 kB
LowFree:          338236 kB
SwapTotal:      14645240 kB
SwapFree:       14645240 kB
Dirty:               356 kB
Writeback:             0 kB
AnonPages:       1148268 kB
Mapped:           335532 kB
Shmem:             14188 kB
Slab:              99324 kB
SReclaimable:      77600 kB
SUnreclaim:        21724 kB
KernelStack:        4328 kB
PageTables:        20820 kB
NFS_Unstable:          0 kB
Bounce:                0 kB
WritebackTmp:          0 kB
CommitLimit:    16323296 kB
Committed_AS:    4171948 kB
VmallocTotal:     122880 kB
VmallocUsed:       59252 kB
VmallocChunk:      58104 kB
HardwareCorrupted:     0 kB
AnonHugePages:         0 kB
HugePages_Total:       0
HugePages_Free:        0
HugePages_Rsvd:        0
HugePages_Surp:        0
Hugepagesize:       4096 kB
DirectMap4k:       12280 kB
DirectMap4M:      897024 kB


CPU:total 4 (4 cores per cpu, 1 threads per core) family 16 model 4 stepping 3, cmov, cx8, fxsr, mmx, sse, sse2, sse3, popcnt, mmxext, 3dnow, 3dnowext, lzcnt, sse4a

/proc/cpuinfo:
processor	: 0
vendor_id	: AuthenticAMD
cpu family	: 16
model		: 4
model name	: AMD Phenom(tm) II X4 945 Processor
stepping	: 3
cpu MHz		: 3010.822
cache size	: 512 KB
physical id	: 0
siblings	: 4
core id		: 0
cpu cores	: 4
apicid		: 0
initial apicid	: 0
fdiv_bug	: no
hlt_bug		: no
f00f_bug	: no
coma_bug	: no
fpu		: yes
fpu_exception	: yes
cpuid level	: 5
wp		: yes
flags		: fpu vme de pse tsc msr pae mce cx8 apic mtrr pge mca cmov pat pse36 clflush mmx fxsr sse sse2 ht syscall nx mmxext fxsr_opt pdpe1gb rdtscp lm 3dnowext 3dnow constant_tsc nonstop_tsc extd_apicid pni monitor cx16 popcnt lahf_lm cmp_legacy svm extapic cr8_legacy abm sse4a misalignsse 3dnowprefetch osvw ibs skinit wdt npt lbrv svm_lock nrip_save
bogomips	: 6021.64
clflush size	: 64
cache_alignment	: 64
address sizes	: 48 bits physical, 48 bits virtual
power management: ts ttp tm stc 100mhzsteps hwpstate

processor	: 1
vendor_id	: AuthenticAMD
cpu family	: 16
model		: 4
model name	: AMD Phenom(tm) II X4 945 Processor
stepping	: 3
cpu MHz		: 3010.822
cache size	: 512 KB
physical id	: 0
siblings	: 4
core id		: 1
cpu cores	: 4
apicid		: 1
initial apicid	: 1
fdiv_bug	: no
hlt_bug		: no
f00f_bug	: no
coma_bug	: no
fpu		: yes
fpu_exception	: yes
cpuid level	: 5
wp		: yes
flags		: fpu vme de pse tsc msr pae mce cx8 apic mtrr pge mca cmov pat pse36 clflush mmx fxsr sse sse2 ht syscall nx mmxext fxsr_opt pdpe1gb rdtscp lm 3dnowext 3dnow constant_tsc nonstop_tsc extd_apicid pni monitor cx16 popcnt lahf_lm cmp_legacy svm extapic cr8_legacy abm sse4a misalignsse 3dnowprefetch osvw ibs skinit wdt npt lbrv svm_lock nrip_save
bogomips	: 6020.55
clflush size	: 64
cache_alignment	: 64
address sizes	: 48 bits physical, 48 bits virtual
power management: ts ttp tm stc 100mhzsteps hwpstate

processor	: 2
vendor_id	: AuthenticAMD
cpu family	: 16
model		: 4
model name	: AMD Phenom(tm) II X4 945 Processor
stepping	: 3
cpu MHz		: 3010.822
cache size	: 512 KB
physical id	: 0
siblings	: 4
core id		: 2
cpu cores	: 4
apicid		: 2
initial apicid	: 2
fdiv_bug	: no
hlt_bug		: no
f00f_bug	: no
coma_bug	: no
fpu		: yes
fpu_exception	: yes
cpuid level	: 5
wp		: yes
flags		: fpu vme de pse tsc msr pae mce cx8 apic mtrr pge mca cmov pat pse36 clflush mmx fxsr sse sse2 ht syscall nx mmxext fxsr_opt pdpe1gb rdtscp lm 3dnowext 3dnow constant_tsc nonstop_tsc extd_apicid pni monitor cx16 popcnt lahf_lm cmp_legacy svm extapic cr8_legacy abm sse4a misalignsse 3dnowprefetch osvw ibs skinit wdt npt lbrv svm_lock nrip_save
bogomips	: 6020.55
clflush size	: 64
cache_alignment	: 64
address sizes	: 48 bits physical, 48 bits virtual
power management: ts ttp tm stc 100mhzsteps hwpstate

processor	: 3
vendor_id	: AuthenticAMD
cpu family	: 16
model		: 4
model name	: AMD Phenom(tm) II X4 945 Processor
stepping	: 3
cpu MHz		: 3010.822
cache size	: 512 KB
physical id	: 0
siblings	: 4
core id		: 3
cpu cores	: 4
apicid		: 3
initial apicid	: 3
fdiv_bug	: no
hlt_bug		: no
f00f_bug	: no
coma_bug	: no
fpu		: yes
fpu_exception	: yes
cpuid level	: 5
wp		: yes
flags		: fpu vme de pse tsc msr pae mce cx8 apic mtrr pge mca cmov pat pse36 clflush mmx fxsr sse sse2 ht syscall nx mmxext fxsr_opt pdpe1gb rdtscp lm 3dnowext 3dnow constant_tsc nonstop_tsc extd_apicid pni monitor cx16 popcnt lahf_lm cmp_legacy svm extapic cr8_legacy abm sse4a misalignsse 3dnowprefetch osvw ibs skinit wdt npt lbrv svm_lock nrip_save
bogomips	: 6020.55
clflush size	: 64
cache_alignment	: 64
address sizes	: 48 bits physical, 48 bits virtual
power management: ts ttp tm stc 100mhzsteps hwpstate



Memory: 4k page, physical 3356112k(389060k free), swap 14645240k(14645240k free)

vm_info: Java HotSpot(TM) Server VM (20.1-b02) for linux-x86 JRE (1.6.0_26-b03), built on May  4 2011 01:04:10 by "java_re" with gcc 3.2.1-7a (J2SE release)

time: Thu Apr  5 21:08:55 2012
elapsed time: 0 seconds

