#
# A fatal error has been detected by the Java Runtime Environment:
#
#  SIGSEGV (0xb) at pc=0x79cb5e0f, pid=15783, tid=2061499248
#
# JRE version: 6.0_26-b03
# Java VM: Java HotSpot(TM) Server VM (20.1-b02 mixed mode linux-x86 )
# Problematic frame:
# C  [libXnVHandGenerator_1_5_2.so+0x95e0f]  NAFarfield::Feedback(Box2D<int>&)+0x3df
#
# If you would like to submit a bug report, please visit:
#   http://java.sun.com/webapps/bugreport/crash.jsp
# The crash happened outside the Java Virtual Machine in native code.
# See problematic frame for where to report the bug.
#

---------------  T H R E A D  ---------------

Current thread (0x0a162000):  JavaThread "Animation Thread" [_thread_in_native, id=15810, stack(0x7adaf000,0x7ae00000)]

siginfo:si_signo=SIGSEGV: si_errno=0, si_code=1 (SEGV_MAPERR), si_addr=0x77515efc

Registers:
EAX=0x774da290, EBX=0x79d05ff4, ECX=0x00000008, EDX=0x0000ef1b
ESP=0x7adfd7d0, EBP=0x7adfd878, ESI=0x779feed8, EDI=0x77c16444
EIP=0x79cb5e0f, EFLAGS=0x00010246, CR2=0x77515efc

Top of Stack: (sp=0x7adfd7d0)
0x7adfd7d0:   77c16444 77c16c88 0000009f 0000005a
0x7adfd7e0:   00000077 00000000 77091a40 770757b0
0x7adfd7f0:   770b7300 7709b070 77a41a90 77a43ed0
0x7adfd800:   77a43ed0 00000016 7adfd858 7ac9ec9a
0x7adfd810:   7adfd838 77a8f050 77c320cc 77a3aa10
0x7adfd820:   77c320cc 000000a0 00000016 01e9d27a
0x7adfd830:   0000005c 77c16594 0000005c 00000009
0x7adfd840:   00000012 77a41d10 7708f880 770735f0 

Instructions: (pc=0x79cb5e0f)
0x79cb5def:   e0 2b 45 c4 8b 8f d4 bc 01 00 89 45 e4 8b 87 5c
0x79cb5dff:   be 01 00 8b 77 38 db 45 e4 0f b7 14 10 8b 46 38
0x79cb5e0f:   d8 0c 90 8b 45 c0 2b 45 b8 89 45 e4 db 45 e4 de
0x79cb5e1f:   c9 db 4d e4 8b 45 e4 01 84 8f d8 bc 01 00 83 45 

Register to memory mapping:

EAX=0x774da290 is an unknown value
EBX=0x79d05ff4: <offset 0xe5ff4> in /usr/lib/libXnVHandGenerator_1_5_2.so at 0x79c20000
ECX=0x00000008 is an unknown value
EDX=0x0000ef1b is an unknown value
ESP=0x7adfd7d0 is pointing into the stack for thread: 0x0a162000
EBP=0x7adfd878 is pointing into the stack for thread: 0x0a162000
ESI=0x779feed8 is an unknown value
EDI=0x77c16444 is an unknown value


Stack: [0x7adaf000,0x7ae00000],  sp=0x7adfd7d0,  free space=313k
Native frames: (J=compiled Java code, j=interpreted, Vv=VM code, C=native code)
C  [libXnVHandGenerator_1_5_2.so+0x95e0f]  NAFarfield::Feedback(Box2D<int>&)+0x3df
C  [libXnVHandGenerator_1_5_2.so+0x99952]  NAFarfield::Update(xn::DepthMetaData const**, Array2D<unsigned short> const**, unsigned, SensorTime, Box2D<int> const&)+0xee2
C  [libXnVHandGenerator_1_5_2.so+0x379f4]  NHAFocusBackgroundModel::Update(xn::DepthGenerator const*, xn::DepthMetaData const*, xn::DepthMetaData const**, Array2D<unsigned short> const**, unsigned, SensorTime, unsigned short*, Box2D<int>*, int)+0xf4
C  [libXnVHandGenerator_1_5_2.so+0x49a5e]  NHAGestureRecognizerManager::Update(xn::DepthGenerator const&, xn::DepthMetaData const&)+0x5de
C  [libXnVHandGenerator_1_5_2.so+0xc5a9]  XnVGestureGenerator::UpdateData()+0x89
C  [libXnVHandGenerator_1_5_2.so+0x197b7]  __ModuleUpdateData(void*)+0x47
C  [libOpenNI.so+0x3528f]  _ZL16xnUpdateDataImplP18XnInternalNodeData+0x5f
C  [libOpenNI.so+0x374a0]  _ZL16xnUpdateTreeImplP20XnProductionNodesSetPK10XnNodeInfo+0x390
C  [libOpenNI.so+0x3a939]  _ZL11xnUpdateAllP9XnContext+0x239
C  [libOpenNI.so+0x3af5f]  long long+0x7f
C  [libSimpleOpenNI.so+0xa7eb3]  xn::Context::WaitAndUpdateAll()+0x1f
C  [libSimpleOpenNI.so+0xa3216]  sOpenNI::ContextWrapper::updateSub()+0x86
C  [libSimpleOpenNI.so+0xa3153]  sOpenNI::ContextWrapper::update()+0x13f
C  [libSimpleOpenNI.so+0x85338]  Java_SimpleOpenNI_SimpleOpenNIJNI_ContextWrapper_1updateSwigExplicitContextWrapper_1_1SWIG_10+0x38
j  SimpleOpenNI.SimpleOpenNIJNI.ContextWrapper_updateSwigExplicitContextWrapper__SWIG_0(JLSimpleOpenNI/ContextWrapper;)V+0
j  SimpleOpenNI.ContextWrapper.update()V+26
j  SimpleOpenNI.SimpleOpenNI.update()V+1
j  devices3d.Devices3d.draw()V+12
j  processing.core.PApplet.handleDraw()V+145
j  processing.core.PApplet.run()V+72
j  java.lang.Thread.run()V+11
v  ~StubRoutines::call_stub
V  [libjvm.so+0x3dff01]  JavaCalls::call_helper(JavaValue*, methodHandle*, JavaCallArguments*, Thread*)+0x1c1
V  [libjvm.so+0x5e1298]  os::os_exception_wrapper(void (*)(JavaValue*, methodHandle*, JavaCallArguments*, Thread*), JavaValue*, methodHandle*, JavaCallArguments*, Thread*)+0x18
V  [libjvm.so+0x3df775]  JavaCalls::call_virtual(JavaValue*, KlassHandle, symbolHandle, symbolHandle, JavaCallArguments*, Thread*)+0xc5
V  [libjvm.so+0x3df838]  JavaCalls::call_virtual(JavaValue*, Handle, KlassHandle, symbolHandle, symbolHandle, Thread*)+0x58
V  [libjvm.so+0x4642d7]  thread_entry(JavaThread*, Thread*)+0xa7
V  [libjvm.so+0x6e16bf]  JavaThread::run()+0x11f
V  [libjvm.so+0x5e2aee]  java_start(Thread*)+0x14e
C  [libpthread.so.0+0x6d31]  short+0xd1

Java frames: (J=compiled Java code, j=interpreted, Vv=VM code)
j  SimpleOpenNI.SimpleOpenNIJNI.ContextWrapper_updateSwigExplicitContextWrapper__SWIG_0(JLSimpleOpenNI/ContextWrapper;)V+0
j  SimpleOpenNI.ContextWrapper.update()V+26
j  SimpleOpenNI.SimpleOpenNI.update()V+1
j  devices3d.Devices3d.draw()V+12
j  processing.core.PApplet.handleDraw()V+145
j  processing.core.PApplet.run()V+72
j  java.lang.Thread.run()V+11
v  ~StubRoutines::call_stub

---------------  P R O C E S S  ---------------

Java Threads: ( => current thread )
=>0x0a162000 JavaThread "Animation Thread" [_thread_in_native, id=15810, stack(0x7adaf000,0x7ae00000)]
  0x0a113000 JavaThread "AWT-EventQueue-1" [_thread_blocked, id=15809, stack(0x7af0d000,0x7af5e000)]
  0x09e37400 JavaThread "DestroyJavaVM" [_thread_blocked, id=15788, stack(0xb69e3000,0xb6a34000)]
  0x7ae4b400 JavaThread "AWT-EventQueue-0" [_thread_blocked, id=15806, stack(0x7af5e000,0x7afaf000)]
  0x7ae37400 JavaThread "AWT-Shutdown" [_thread_blocked, id=15805, stack(0x7afaf000,0x7b000000)]
  0x7b03bc00 JavaThread "thread applet-devices3d.Devices3d.class" [_thread_blocked, id=15804, stack(0x7b1c2000,0x7b213000)]
  0x0a0e5800 JavaThread "AWT-XAWT" daemon [_thread_in_native, id=15802, stack(0x7b213000,0x7b264000)]
  0x7bcc4400 JavaThread "Java2D Disposer" daemon [_thread_blocked, id=15801, stack(0x7b2b6000,0x7b307000)]
  0x7bc00c00 JavaThread "Low Memory Detector" daemon [_thread_blocked, id=15799, stack(0x7bb1e000,0x7bb6f000)]
  0x09ef0c00 JavaThread "C2 CompilerThread1" daemon [_thread_blocked, id=15798, stack(0x7b68d000,0x7b70e000)]
  0x09eee400 JavaThread "C2 CompilerThread0" daemon [_thread_blocked, id=15797, stack(0x7b70e000,0x7b78f000)]
  0x09eecc00 JavaThread "Signal Dispatcher" daemon [_thread_blocked, id=15796, stack(0x7bb6f000,0x7bbc0000)]
  0x09ede800 JavaThread "Finalizer" daemon [_thread_blocked, id=15795, stack(0x7bac0000,0x7bb11000)]
  0x09ed9c00 JavaThread "Reference Handler" daemon [_thread_blocked, id=15794, stack(0x7bd11000,0x7bd62000)]

Other Threads:
  0x09ed6000 VMThread [stack: 0x7bd62000,0x7bde3000] [id=15793]
  0x7bc0ac00 WatcherThread [stack: 0x7b60c000,0x7b68d000] [id=15800]

VM state:not at safepoint (normal execution)

VM Mutex/Monitor currently owned by a thread: None

Heap
 PSYoungGen      total 28416K, used 17642K [0xa2750000, 0xa5370000, 0xb38a0000)
  eden space 26240K, 67% used [0xa2750000,0xa388a970,0xa40f0000)
  from space 2176K, 0% used [0xa40f0000,0xa40f0000,0xa4310000)
  to   space 2176K, 0% used [0xa5150000,0xa5150000,0xa5370000)
 PSOldGen        total 105088K, used 47700K [0x804a0000, 0x86b40000, 0xa2750000)
  object space 105088K, 45% used [0x804a0000,0x833351c0,0x86b40000)
 PSPermGen       total 17664K, used 7887K [0x7c4a0000, 0x7d5e0000, 0x804a0000)
  object space 17664K, 44% used [0x7c4a0000,0x7cc53d48,0x7d5e0000)

Code Cache  [0xb3967000, 0xb3ba7000, 0xb6967000)
 total_blobs=335 nmethods=56 adapters=234 free_code_cache=49857600 largest_free_block=7808

Dynamic libraries:
08048000-08052000 r-xp 00000000 08:08 1181081    /usr/lib/jvm/java-6-sun-1.6.0.26/jre/bin/java
08052000-08053000 rwxp 00009000 08:08 1181081    /usr/lib/jvm/java-6-sun-1.6.0.26/jre/bin/java
09e31000-0a374000 rwxp 00000000 00:00 0          [heap]
73079000-732d4000 rwxp 00000000 00:00 0 
732d4000-73400000 rwxs 00000000 00:04 113049622  /SYSV00000000 (deleted)
73400000-734fd000 rwxp 00000000 00:00 0 
734fd000-73500000 ---p 00000000 00:00 0 
73500000-7352d000 rwxp 00000000 00:00 0 
7352d000-73600000 ---p 00000000 00:00 0 
73600000-736fd000 rwxp 00000000 00:00 0 
736fd000-73700000 ---p 00000000 00:00 0 
73785000-73e00000 rwxp 00000000 00:00 0 
73e00000-73ef8000 rwxp 00000000 00:00 0 
73ef8000-73f00000 ---p 00000000 00:00 0 
73f3b000-74100000 rwxp 00000000 00:00 0 
74100000-742ef000 rwxp 00000000 00:00 0 
742ef000-74300000 ---p 00000000 00:00 0 
74300000-743f8000 rwxp 00000000 00:00 0 
743f8000-74400000 ---p 00000000 00:00 0 
74400000-744ff000 rwxp 00000000 00:00 0 
744ff000-74500000 ---p 00000000 00:00 0 
74500000-746ff000 rwxp 00000000 00:00 0 
746ff000-74700000 ---p 00000000 00:00 0 
74700000-74900000 rwxp 00000000 00:00 0 
74900000-74a00000 rwxp 00000000 00:00 0 
74a7c000-74ee3000 rwxp 00000000 00:00 0 
74ee3000-75267000 r-xs 00000000 00:12 176849     /run/shm/15588_045e.02ae@1.7_Depth
75267000-752fe000 rwxp 00000000 00:00 0 
752fe000-752ff000 ---p 00000000 00:00 0 
752ff000-75f00000 rwxp 00000000 00:00 0 
75f00000-76000000 rwxp 00000000 00:00 0 
7604b000-76500000 rwxp 00000000 00:00 0 
76500000-765fe000 rwxp 00000000 00:00 0 
765fe000-76600000 ---p 00000000 00:00 0 
76657000-76e00000 rwxp 00000000 00:00 0 
76e00000-76efb000 rwxp 00000000 00:00 0 
76efb000-76f00000 ---p 00000000 00:00 0 
76f69000-77000000 rwxp 00000000 00:00 0 
77000000-77100000 rwxp 00000000 00:00 0 
77169000-77200000 rwxp 00000000 00:00 0 
77200000-77400000 rwxp 00000000 00:00 0 
77400000-774fe000 rwxp 00000000 00:00 0 
774fe000-77500000 ---p 00000000 00:00 0 
7753b000-77700000 rwxp 00000000 00:00 0 
77700000-778df000 rwxp 00000000 00:00 0 
778df000-77900000 ---p 00000000 00:00 0 
77900000-779ff000 rwxp 00000000 00:00 0 
779ff000-77a00000 ---p 00000000 00:00 0 
77a00000-77b00000 rwxp 00000000 00:00 0 
77b00000-77cfe000 rwxp 00000000 00:00 0 
77cfe000-77d00000 ---p 00000000 00:00 0 
77d00000-77f00000 rwxp 00000000 00:00 0 
77f00000-78000000 rwxp 00000000 00:00 0 
7807f000-784e6000 rwxp 00000000 00:00 0 
784e6000-7886a000 r-xs 00000000 00:12 176849     /run/shm/15588_045e.02ae@1.7_Depth
7886a000-78901000 rwxp 00000000 00:00 0 
78901000-78902000 ---p 00000000 00:00 0 
78902000-79503000 rwxp 00000000 00:00 0 
79503000-7958c000 r-xp 00000000 08:08 1070238    /usr/lib/libXnDeviceSensorV2KM.so
7958c000-79595000 r-xp 00088000 08:08 1070238    /usr/lib/libXnDeviceSensorV2KM.so
79595000-79596000 rwxp 00091000 08:08 1070238    /usr/lib/libXnDeviceSensorV2KM.so
79596000-79676000 r-xp 00000000 08:08 1064091    /usr/lib/libXnVHandGenerator_1_5_0.so
79676000-79679000 r-xp 000df000 08:08 1064091    /usr/lib/libXnVHandGenerator_1_5_0.so
79679000-7967a000 rwxp 000e2000 08:08 1064091    /usr/lib/libXnVHandGenerator_1_5_0.so
7967a000-79686000 rwxp 00000000 00:00 0 
79686000-79a79000 r-xp 00000000 08:08 1064087    /usr/lib/libXnVFeatures_1_5_0.so
79a79000-79a7a000 ---p 003f3000 08:08 1064087    /usr/lib/libXnVFeatures_1_5_0.so
79a7a000-79a82000 r-xp 003f3000 08:08 1064087    /usr/lib/libXnVFeatures_1_5_0.so
79a82000-79a83000 rwxp 003fb000 08:08 1064087    /usr/lib/libXnVFeatures_1_5_0.so
79a83000-79a97000 rwxp 00000000 00:00 0 
79a97000-79ac4000 r-xp 00000000 08:08 1064003    /usr/lib/libXnDeviceFile.so
79ac4000-79ac5000 r-xp 0002d000 08:08 1064003    /usr/lib/libXnDeviceFile.so
79ac5000-79ac6000 rwxp 0002e000 08:08 1064003    /usr/lib/libXnDeviceFile.so
79ac6000-79b18000 r-xp 00000000 08:08 1064002    /usr/lib/libXnDDK.so
79b18000-79b1a000 r-xp 00051000 08:08 1064002    /usr/lib/libXnDDK.so
79b1a000-79b1b000 rwxp 00053000 08:08 1064002    /usr/lib/libXnDDK.so
79b1b000-79b3f000 r-xp 00000000 08:08 1064005    /usr/lib/libXnFormats.so
79b3f000-79b40000 r-xp 00023000 08:08 1064005    /usr/lib/libXnFormats.so
79b40000-79b41000 rwxp 00024000 08:08 1064005    /usr/lib/libXnFormats.so
79b41000-79b61000 rwxp 00000000 00:00 0 
79b7d000-79c16000 r-xp 00000000 08:08 1064004    /usr/lib/libXnDeviceSensorV2.so
79c16000-79c1f000 r-xp 00098000 08:08 1064004    /usr/lib/libXnDeviceSensorV2.so
79c1f000-79c20000 rwxp 000a1000 08:08 1064004    /usr/lib/libXnDeviceSensorV2.so
79c20000-79d03000 r-xp 00000000 08:08 1064000    /usr/lib/libXnVHandGenerator_1_5_2.so
79d03000-79d06000 r-xp 000e3000 08:08 1064000    /usr/lib/libXnVHandGenerator_1_5_2.so
79d06000-79d07000 rwxp 000e6000 08:08 1064000    /usr/lib/libXnVHandGenerator_1_5_2.so
79d07000-79d13000 rwxp 00000000 00:00 0 
79d13000-79de8000 r-xp 00000000 08:08 1063997    /usr/lib/libXnVHandGenerator_1_4_2.so
79de8000-79de9000 ---p 000d5000 08:08 1063997    /usr/lib/libXnVHandGenerator_1_4_2.so
79de9000-79deb000 r-xp 000d5000 08:08 1063997    /usr/lib/libXnVHandGenerator_1_4_2.so
79deb000-79dec000 rwxp 000d7000 08:08 1063997    /usr/lib/libXnVHandGenerator_1_4_2.so
79dec000-79dee000 rwxp 00000000 00:00 0 
79dee000-79ec2000 r-xp 00000000 08:08 1063994    /usr/lib/libXnVHandGenerator_1_4_1.so
79ec2000-79ec3000 ---p 000d4000 08:08 1063994    /usr/lib/libXnVHandGenerator_1_4_1.so
79ec3000-79ec5000 r-xp 000d4000 08:08 1063994    /usr/lib/libXnVHandGenerator_1_4_1.so
79ec5000-79ec6000 rwxp 000d6000 08:08 1063994    /usr/lib/libXnVHandGenerator_1_4_1.so
79ec6000-79ec8000 rwxp 00000000 00:00 0 
79ec8000-79fa6000 r-xp 00000000 08:08 1063991    /usr/lib/libXnVHandGenerator_1_3_1.so
79fa6000-79fa9000 r-xp 000dd000 08:08 1063991    /usr/lib/libXnVHandGenerator_1_3_1.so
79fa9000-79faa000 rwxp 000e0000 08:08 1063991    /usr/lib/libXnVHandGenerator_1_3_1.so
79faa000-79fac000 rwxp 00000000 00:00 0 
79fac000-7a3ad000 r-xp 00000000 08:08 1063984    /usr/lib/libXnVFeatures_1_5_2.so
7a3ad000-7a3ae000 ---p 00401000 08:08 1063984    /usr/lib/libXnVFeatures_1_5_2.so
7a3ae000-7a3b6000 r-xp 00401000 08:08 1063984    /usr/lib/libXnVFeatures_1_5_2.so
7a3b6000-7a3b7000 rwxp 00409000 08:08 1063984    /usr/lib/libXnVFeatures_1_5_2.so
7a3b7000-7a3cb000 rwxp 00000000 00:00 0 
7a3cb000-7a5b2000 r-xp 00000000 08:08 1063973    /usr/lib/libXnVFeatures_1_4_2.so
7a5b2000-7a5b5000 r-xp 001e6000 08:08 1063973    /usr/lib/libXnVFeatures_1_4_2.so
7a5b5000-7a5b6000 rwxp 001e9000 08:08 1063973    /usr/lib/libXnVFeatures_1_4_2.so
7a5b6000-7a5bb000 rwxp 00000000 00:00 0 
7a5bb000-7a7a2000 r-xp 00000000 08:08 1063968    /usr/lib/libXnVFeatures_1_4_1.so
7a7a2000-7a7a5000 r-xp 001e6000 08:08 1063968    /usr/lib/libXnVFeatures_1_4_1.so
7a7a5000-7a7a6000 rwxp 001e9000 08:08 1063968    /usr/lib/libXnVFeatures_1_4_1.so
7a7a6000-7a7ab000 rwxp 00000000 00:00 0 
7a7ab000-7a9c9000 r-xp 00000000 08:08 1063963    /usr/lib/libXnVFeatures_1_3_1.so
7a9c9000-7a9ca000 ---p 0021e000 08:08 1063963    /usr/lib/libXnVFeatures_1_3_1.so
7a9ca000-7a9cd000 r-xp 0021e000 08:08 1063963    /usr/lib/libXnVFeatures_1_3_1.so
7a9cd000-7a9ce000 rwxp 00221000 08:08 1063963    /usr/lib/libXnVFeatures_1_3_1.so
7a9ce000-7a9d3000 rwxp 00000000 00:00 0 
7a9d3000-7a9f6000 r-xp 00000000 08:08 1063813    /usr/lib/libnimRecorder.so
7a9f6000-7a9f7000 r-xp 00023000 08:08 1063813    /usr/lib/libnimRecorder.so
7a9f7000-7a9f8000 rwxp 00024000 08:08 1063813    /usr/lib/libnimRecorder.so
7a9f8000-7aa2c000 r-xp 00000000 08:08 1063811    /usr/lib/libnimCodecs.so
7aa2c000-7aa2d000 ---p 00034000 08:08 1063811    /usr/lib/libnimCodecs.so
7aa2d000-7aa2f000 r-xp 00034000 08:08 1063811    /usr/lib/libnimCodecs.so
7aa2f000-7aa30000 rwxp 00036000 08:08 1063811    /usr/lib/libnimCodecs.so
7aa30000-7aa50000 rwxp 00000000 00:00 0 
7aa50000-7aa81000 r-xp 00000000 08:08 1063812    /usr/lib/libnimMockNodes.so
7aa81000-7aa87000 r-xp 00031000 08:08 1063812    /usr/lib/libnimMockNodes.so
7aa87000-7aa88000 rwxp 00037000 08:08 1063812    /usr/lib/libnimMockNodes.so
7aa88000-7ab66000 r-xp 00000000 08:08 1056768    /usr/lib/i386-linux-gnu/libstdc++.so.6.0.16
7ab66000-7ab67000 ---p 000de000 08:08 1056768    /usr/lib/i386-linux-gnu/libstdc++.so.6.0.16
7ab67000-7ab6b000 r-xp 000de000 08:08 1056768    /usr/lib/i386-linux-gnu/libstdc++.so.6.0.16
7ab6b000-7ab6c000 rwxp 000e2000 08:08 1056768    /usr/lib/i386-linux-gnu/libstdc++.so.6.0.16
7ab6c000-7ab73000 rwxp 00000000 00:00 0 
7ab73000-7ac43000 r-xp 00000000 08:08 1063882    /usr/lib/libXnVNite_1_3_1.so
7ac43000-7ac46000 r-xp 000cf000 08:08 1063882    /usr/lib/libXnVNite_1_3_1.so
7ac46000-7ac47000 rwxp 000d2000 08:08 1063882    /usr/lib/libXnVNite_1_3_1.so
7ac47000-7acc3000 r-xp 00000000 08:08 1063815    /usr/lib/libOpenNI.so
7acc3000-7acc5000 r-xp 0007c000 08:08 1063815    /usr/lib/libOpenNI.so
7acc5000-7acc7000 rwxp 0007e000 08:08 1063815    /usr/lib/libOpenNI.so
7acc7000-7ada9000 r-xp 00000000 08:08 1588310    /home/alejo/Dropbox/code/devices3d/lib/user/SimpleOpenNI/libSimpleOpenNI.so
7ada9000-7adaa000 ---p 000e2000 08:08 1588310    /home/alejo/Dropbox/code/devices3d/lib/user/SimpleOpenNI/libSimpleOpenNI.so
7adaa000-7adac000 r-xp 000e2000 08:08 1588310    /home/alejo/Dropbox/code/devices3d/lib/user/SimpleOpenNI/libSimpleOpenNI.so
7adac000-7adaf000 rwxp 000e4000 08:08 1588310    /home/alejo/Dropbox/code/devices3d/lib/user/SimpleOpenNI/libSimpleOpenNI.so
7adaf000-7adb2000 ---p 00000000 00:00 0 
7adb2000-7ae00000 rwxp 00000000 00:00 0 
7ae00000-7af00000 rwxp 00000000 00:00 0 
7af0d000-7af10000 ---p 00000000 00:00 0 
7af10000-7af5e000 rwxp 00000000 00:00 0 
7af5e000-7af61000 ---p 00000000 00:00 0 
7af61000-7afaf000 rwxp 00000000 00:00 0 
7afaf000-7afb2000 ---p 00000000 00:00 0 
7afb2000-7b000000 rwxp 00000000 00:00 0 
7b000000-7b0fd000 rwxp 00000000 00:00 0 
7b0fd000-7b100000 ---p 00000000 00:00 0 
7b106000-7b122000 r-xp 00000000 08:08 1573816    /lib/i386-linux-gnu/libgcc_s.so.1
7b122000-7b123000 r-xp 0001b000 08:08 1573816    /lib/i386-linux-gnu/libgcc_s.so.1
7b123000-7b124000 rwxp 0001c000 08:08 1573816    /lib/i386-linux-gnu/libgcc_s.so.1
7b124000-7b12a000 r-xs 00000000 08:08 1188892    /var/cache/fontconfig/945677eb7aeaf62f1d50efc3fb3ec7d8-le32d4.cache-3
7b12a000-7b12c000 r-xs 00000000 08:08 1188893    /var/cache/fontconfig/99e8ed0e538f840c565b6ed5dad60d56-le32d4.cache-3
7b12c000-7b12f000 r-xs 00000000 08:08 1206717    /var/cache/fontconfig/e383d7ea5fbe662a33d9b44caf393297-le32d4.cache-3
7b12f000-7b132000 r-xs 00000000 08:08 1188879    /var/cache/fontconfig/2cd17615ca594fa2959ae173292e504c-le32d4.cache-3
7b132000-7b134000 r-xs 00000000 08:08 1191776    /var/cache/fontconfig/b5ea634b0fb353b8ea17632d1f9ef766-le32d4.cache-3
7b134000-7b138000 r-xs 00000000 08:08 1188889    /var/cache/fontconfig/6eb3985aa4124903f6ff08ba781cd364-le32d4.cache-3
7b138000-7b13c000 r-xs 00000000 08:08 1188894    /var/cache/fontconfig/a755afe4a08bf5b97852ceb7400b47bc-le32d4.cache-3
7b13c000-7b140000 r-xs 00000000 08:08 1188884    /var/cache/fontconfig/515ca1ebc4b18308bea979be5704f9db-le32d4.cache-3
7b140000-7b147000 r-xs 00000000 08:08 1188888    /var/cache/fontconfig/6d41288fd70b0be22e8c3a91e032eec0-le32d4.cache-3
7b147000-7b152000 r-xs 00000000 08:08 1188877    /var/cache/fontconfig/0f34bcd4b6ee430af32735b75db7f02b-le32d4.cache-3
7b152000-7b174000 r-xs 00000000 08:08 1206716    /var/cache/fontconfig/365b55f210c0a22e9a19e35191240f32-le32d4.cache-3
7b174000-7b181000 r-xs 00000000 08:08 1188899    /var/cache/fontconfig/d52a8644073d54c13679302ca1180695-le32d4.cache-3
7b181000-7b18f000 r-xs 00000000 08:08 1190496    /var/cache/fontconfig/e13b20fdb08344e0e664864cc2ede53d-le32d4.cache-3
7b192000-7b19d000 r-xp 00000000 08:08 408705     /opt/microchip/mplabx/mplab_ide/mplablibs/modules/lib/libusb-1.0.so.0.0.0
7b19d000-7b19e000 rwxp 0000a000 08:08 408705     /opt/microchip/mplabx/mplab_ide/mplablibs/modules/lib/libusb-1.0.so.0.0.0
7b1b9000-7b1ba000 rwxp 00000000 00:00 0 
7b1ba000-7b1c1000 r-xp 00000000 08:08 1181319    /usr/lib/jvm/java-6-sun-1.6.0.26/jre/lib/i386/libnio.so
7b1c1000-7b1c2000 rwxp 00006000 08:08 1181319    /usr/lib/jvm/java-6-sun-1.6.0.26/jre/lib/i386/libnio.so
7b1c2000-7b1c5000 ---p 00000000 00:00 0 
7b1c5000-7b213000 rwxp 00000000 00:00 0 
7b213000-7b216000 ---p 00000000 00:00 0 
7b216000-7b264000 rwxp 00000000 00:00 0 
7b264000-7b268000 r-xp 00000000 08:08 1056426    /usr/lib/i386-linux-gnu/libXfixes.so.3.1.0
7b268000-7b269000 r-xp 00003000 08:08 1056426    /usr/lib/i386-linux-gnu/libXfixes.so.3.1.0
7b269000-7b26a000 rwxp 00004000 08:08 1056426    /usr/lib/i386-linux-gnu/libXfixes.so.3.1.0
7b26a000-7b273000 r-xp 00000000 08:08 1056446    /usr/lib/i386-linux-gnu/libXrender.so.1.3.0
7b273000-7b274000 r-xp 00008000 08:08 1056446    /usr/lib/i386-linux-gnu/libXrender.so.1.3.0
7b274000-7b275000 rwxp 00009000 08:08 1056446    /usr/lib/i386-linux-gnu/libXrender.so.1.3.0
7b275000-7b27e000 r-xp 00000000 08:08 1056410    /usr/lib/i386-linux-gnu/libXcursor.so.1.0.2
7b27e000-7b27f000 r-xp 00008000 08:08 1056410    /usr/lib/i386-linux-gnu/libXcursor.so.1.0.2
7b27f000-7b280000 rwxp 00009000 08:08 1056410    /usr/lib/i386-linux-gnu/libXcursor.so.1.0.2
7b280000-7b283000 r-xp 00000000 08:08 1064001    /usr/lib/libXnCore.so
7b283000-7b284000 r-xp 00002000 08:08 1064001    /usr/lib/libXnCore.so
7b284000-7b285000 rwxp 00003000 08:08 1064001    /usr/lib/libXnCore.so
7b285000-7b286000 r-xp 00000000 08:08 1181308    /usr/lib/jvm/java-6-sun-1.6.0.26/jre/lib/i386/libjawt.so
7b286000-7b287000 rwxp 00000000 08:08 1181308    /usr/lib/jvm/java-6-sun-1.6.0.26/jre/lib/i386/libjawt.so
7b287000-7b29b000 r-xp 00000000 08:08 1181318    /usr/lib/jvm/java-6-sun-1.6.0.26/jre/lib/i386/libnet.so
7b29b000-7b29c000 rwxp 00013000 08:08 1181318    /usr/lib/jvm/java-6-sun-1.6.0.26/jre/lib/i386/libnet.so
7b29c000-7b29f000 r-xs 00000000 08:08 1188900    /var/cache/fontconfig/d60319d88cac85ba9e1a07bd06cfbb8c-le32d4.cache-3
7b29f000-7b2a5000 r-xs 00000000 08:08 1206713    /var/cache/fontconfig/153bb866d4d26e7cd19eee2129f8d8d2-le32d4.cache-3
7b2a5000-7b2a8000 r-xs 00000000 08:08 1206715    /var/cache/fontconfig/7ef2298fde41cc6eeb7af42e48b7d293-le32d4.cache-3
7b2a8000-7b2b6000 r-xs 00000000 08:08 1190505    /var/cache/fontconfig/865f88548240fee46819705c6468c165-le32d4.cache-3
7b2b6000-7b2b9000 ---p 00000000 00:00 0 
7b2b9000-7b307000 rwxp 00000000 00:00 0 
7b307000-7b380000 r-xp 00000000 08:08 1181295    /usr/lib/jvm/java-6-sun-1.6.0.26/jre/lib/i386/libfontmanager.so
7b380000-7b38a000 rwxp 00078000 08:08 1181295    /usr/lib/jvm/java-6-sun-1.6.0.26/jre/lib/i386/libfontmanager.so
7b38a000-7b38f000 rwxp 00000000 00:00 0 
7b38f000-7b392000 r-xs 00017000 08:08 1588322    /home/alejo/Dropbox/code/devices3d/lib/user/proscene/proscene.jar
7b392000-7b3af000 r-xp 00000000 08:08 1056813    /usr/lib/i386-linux-gnu/libxcb.so.1.1.0
7b3af000-7b3b0000 r-xp 0001c000 08:08 1056813    /usr/lib/i386-linux-gnu/libxcb.so.1.1.0
7b3b0000-7b3b1000 rwxp 0001d000 08:08 1056813    /usr/lib/i386-linux-gnu/libxcb.so.1.1.0
7b3b1000-7b4e2000 r-xp 00000000 08:08 1056398    /usr/lib/i386-linux-gnu/libX11.so.6.3.0
7b4e2000-7b4e3000 ---p 00131000 08:08 1056398    /usr/lib/i386-linux-gnu/libX11.so.6.3.0
7b4e3000-7b4e4000 r-xp 00131000 08:08 1056398    /usr/lib/i386-linux-gnu/libX11.so.6.3.0
7b4e4000-7b4e6000 rwxp 00132000 08:08 1056398    /usr/lib/i386-linux-gnu/libX11.so.6.3.0
7b4e6000-7b4e7000 rwxp 00000000 00:00 0 
7b4e7000-7b4f8000 r-xp 00000000 08:08 1056422    /usr/lib/i386-linux-gnu/libXext.so.6.4.0
7b4f8000-7b4f9000 r-xp 00010000 08:08 1056422    /usr/lib/i386-linux-gnu/libXext.so.6.4.0
7b4f9000-7b4fa000 rwxp 00011000 08:08 1056422    /usr/lib/i386-linux-gnu/libXext.so.6.4.0
7b4fa000-7b4fb000 r-xs 00000000 08:08 1188895    /var/cache/fontconfig/c05880de57d1f5e948fdfacc138775d9-le32d4.cache-3
7b4fb000-7b4ff000 r-xs 00020000 08:08 1588311    /home/alejo/Dropbox/code/devices3d/lib/user/SimpleOpenNI/SimpleOpenNI.jar
7b4ff000-7b516000 r-xs 0015b000 08:08 1588306    /home/alejo/Dropbox/code/devices3d/lib/base/core/ant.jar
7b516000-7b559000 r-xp 00000000 08:08 1181341    /usr/lib/jvm/java-6-sun-1.6.0.26/jre/lib/i386/xawt/libmawt.so
7b559000-7b55b000 rwxp 00043000 08:08 1181341    /usr/lib/jvm/java-6-sun-1.6.0.26/jre/lib/i386/xawt/libmawt.so
7b55b000-7b55c000 rwxp 00000000 00:00 0 
7b55c000-7b5e1000 r-xp 00000000 08:08 1181290    /usr/lib/jvm/java-6-sun-1.6.0.26/jre/lib/i386/libawt.so
7b5e1000-7b5e8000 rwxp 00085000 08:08 1181290    /usr/lib/jvm/java-6-sun-1.6.0.26/jre/lib/i386/libawt.so
7b5e8000-7b60c000 rwxp 00000000 00:00 0 
7b60c000-7b60d000 ---p 00000000 00:00 0 
7b60d000-7b68d000 rwxp 00000000 00:00 0 
7b68d000-7b690000 ---p 00000000 00:00 0 
7b690000-7b70e000 rwxp 00000000 00:00 0 
7b70e000-7b711000 ---p 00000000 00:00 0 
7b711000-7b78f000 rwxp 00000000 00:00 0 
7b78f000-7b8c0000 r-xp 0043d000 08:08 1057169    /usr/lib/locale/locale-archive
7b8c0000-7bac0000 r-xp 00000000 08:08 1057169    /usr/lib/locale/locale-archive
7bac0000-7bac3000 ---p 00000000 00:00 0 
7bac3000-7bb11000 rwxp 00000000 00:00 0 
7bb11000-7bb12000 r-xs 00000000 08:08 1188903    /var/cache/fontconfig/e7071f4a29fa870f4323321c154eba04-le32d4.cache-3
7bb12000-7bb13000 r-xs 00000000 08:08 1188883    /var/cache/fontconfig/4c73fe0c47614734b17d736dbde7580a-le32d4.cache-3
7bb13000-7bb18000 r-xp 00000000 08:08 1056418    /usr/lib/i386-linux-gnu/libXdmcp.so.6.0.0
7bb18000-7bb19000 r-xp 00004000 08:08 1056418    /usr/lib/i386-linux-gnu/libXdmcp.so.6.0.0
7bb19000-7bb1a000 rwxp 00005000 08:08 1056418    /usr/lib/i386-linux-gnu/libXdmcp.so.6.0.0
7bb1a000-7bb1c000 r-xp 00000000 08:08 1056402    /usr/lib/i386-linux-gnu/libXau.so.6.0.0
7bb1c000-7bb1d000 r-xp 00001000 08:08 1056402    /usr/lib/i386-linux-gnu/libXau.so.6.0.0
7bb1d000-7bb1e000 rwxp 00002000 08:08 1056402    /usr/lib/i386-linux-gnu/libXau.so.6.0.0
7bb1e000-7bb21000 ---p 00000000 00:00 0 
7bb21000-7bb6f000 rwxp 00000000 00:00 0 
7bb6f000-7bb72000 ---p 00000000 00:00 0 
7bb72000-7bbc0000 rwxp 00000000 00:00 0 
7bbc0000-7bc00000 r-xp 002bd000 08:08 1057169    /usr/lib/locale/locale-archive
7bc00000-7bd00000 rwxp 00000000 00:00 0 
7bd00000-7bd01000 r-xs 00000000 08:08 1188876    /var/cache/fontconfig/0d8c3b2ac0904cb8a57a757ad11a4a08-le32d4.cache-3
7bd01000-7bd0f000 r-xp 00000000 08:08 1056434    /usr/lib/i386-linux-gnu/libXi.so.6.1.0
7bd0f000-7bd10000 r-xp 0000d000 08:08 1056434    /usr/lib/i386-linux-gnu/libXi.so.6.1.0
7bd10000-7bd11000 rwxp 0000e000 08:08 1056434    /usr/lib/i386-linux-gnu/libXi.so.6.1.0
7bd11000-7bd14000 ---p 00000000 00:00 0 
7bd14000-7bd62000 rwxp 00000000 00:00 0 
7bd62000-7bd63000 ---p 00000000 00:00 0 
7bd63000-7be17000 rwxp 00000000 00:00 0 
7be17000-7bfaf000 r-xs 03029000 08:08 1181157    /usr/lib/jvm/java-6-sun-1.6.0.26/jre/lib/rt.jar
7bfaf000-7bfb0000 ---p 00000000 00:00 0 
7bfb0000-7c030000 rwxp 00000000 00:00 0 
7c030000-7c031000 ---p 00000000 00:00 0 
7c031000-7c0b1000 rwxp 00000000 00:00 0 
7c0b1000-7c0b2000 ---p 00000000 00:00 0 
7c0b2000-7c132000 rwxp 00000000 00:00 0 
7c132000-7c133000 ---p 00000000 00:00 0 
7c133000-7c1bc000 rwxp 00000000 00:00 0 
7c1bc000-7c1d3000 rwxp 00000000 00:00 0 
7c1d3000-7c207000 rwxp 00000000 00:00 0 
7c207000-7c2e5000 rwxp 00000000 00:00 0 
7c2e5000-7c2ee000 rwxp 00000000 00:00 0 
7c2ee000-7c305000 rwxp 00000000 00:00 0 
7c305000-7c339000 rwxp 00000000 00:00 0 
7c339000-7c416000 rwxp 00000000 00:00 0 
7c416000-7c42d000 rwxp 00000000 00:00 0 
7c42d000-7c49f000 rwxp 00000000 00:00 0 
7c49f000-7d5e0000 rwxp 00000000 00:00 0 
7d5e0000-804a0000 rwxp 00000000 00:00 0 
804a0000-86b40000 rwxp 00000000 00:00 0 
86b40000-a2750000 rwxp 00000000 00:00 0 
a2750000-a5370000 rwxp 00000000 00:00 0 
a5370000-b38a0000 rwxp 00000000 00:00 0 
b38a0000-b38a5000 r-xp 00000000 08:08 1052626    /usr/lib/libXtst.so.6.1.0
b38a5000-b38a6000 r-xp 00004000 08:08 1052626    /usr/lib/libXtst.so.6.1.0
b38a6000-b38a7000 rwxp 00005000 08:08 1052626    /usr/lib/libXtst.so.6.1.0
b38a7000-b38b0000 rwxp 00000000 00:00 0 
b38b0000-b3967000 rwxp 00000000 00:00 0 
b3967000-b3ba7000 rwxp 00000000 00:00 0 
b3ba7000-b6967000 rwxp 00000000 00:00 0 
b6967000-b6972000 r-xp 00000000 08:08 1573836    /lib/i386-linux-gnu/libnss_files-2.13.so
b6972000-b6973000 r-xp 0000a000 08:08 1573836    /lib/i386-linux-gnu/libnss_files-2.13.so
b6973000-b6974000 rwxp 0000b000 08:08 1573836    /lib/i386-linux-gnu/libnss_files-2.13.so
b6974000-b697e000 r-xp 00000000 08:08 1573840    /lib/i386-linux-gnu/libnss_nis-2.13.so
b697e000-b697f000 r-xp 00009000 08:08 1573840    /lib/i386-linux-gnu/libnss_nis-2.13.so
b697f000-b6980000 rwxp 0000a000 08:08 1573840    /lib/i386-linux-gnu/libnss_nis-2.13.so
b6980000-b6995000 r-xp 00000000 08:08 1573830    /lib/i386-linux-gnu/libnsl-2.13.so
b6995000-b6996000 r-xp 00015000 08:08 1573830    /lib/i386-linux-gnu/libnsl-2.13.so
b6996000-b6997000 rwxp 00016000 08:08 1573830    /lib/i386-linux-gnu/libnsl-2.13.so
b6997000-b6999000 rwxp 00000000 00:00 0 
b6999000-b699a000 r-xs 00000000 08:08 1188887    /var/cache/fontconfig/6a53c69dea097a2d716e069445527da8-le32d4.cache-3
b699a000-b699c000 r-xs 0002b000 08:08 1588308    /home/alejo/Dropbox/code/devices3d/lib/base/core/core.jar
b699c000-b69ab000 r-xp 00000000 08:08 1181329    /usr/lib/jvm/java-6-sun-1.6.0.26/jre/lib/i386/libzip.so
b69ab000-b69ad000 rwxp 0000e000 08:08 1181329    /usr/lib/jvm/java-6-sun-1.6.0.26/jre/lib/i386/libzip.so
b69ad000-b69b5000 rwxs 00000000 08:08 411598     /tmp/hsperfdata_alejo/15783
b69b5000-b69d8000 r-xp 00000000 08:08 1181303    /usr/lib/jvm/java-6-sun-1.6.0.26/jre/lib/i386/libjava.so
b69d8000-b69da000 rwxp 00023000 08:08 1181303    /usr/lib/jvm/java-6-sun-1.6.0.26/jre/lib/i386/libjava.so
b69da000-b69e1000 r-xp 00000000 08:08 1573859    /lib/i386-linux-gnu/librt-2.13.so
b69e1000-b69e2000 r-xp 00006000 08:08 1573859    /lib/i386-linux-gnu/librt-2.13.so
b69e2000-b69e3000 rwxp 00007000 08:08 1573859    /lib/i386-linux-gnu/librt-2.13.so
b69e3000-b69e6000 ---p 00000000 00:00 0 
b69e6000-b6a34000 rwxp 00000000 00:00 0 
b6a34000-b6a5c000 r-xp 00000000 08:08 1573825    /lib/i386-linux-gnu/libm-2.13.so
b6a5c000-b6a5d000 r-xp 00028000 08:08 1573825    /lib/i386-linux-gnu/libm-2.13.so
b6a5d000-b6a5e000 rwxp 00029000 08:08 1573825    /lib/i386-linux-gnu/libm-2.13.so
b6a5e000-b7210000 r-xp 00000000 08:08 1181340    /usr/lib/jvm/java-6-sun-1.6.0.26/jre/lib/i386/server/libjvm.so
b7210000-b7264000 rwxp 007b1000 08:08 1181340    /usr/lib/jvm/java-6-sun-1.6.0.26/jre/lib/i386/server/libjvm.so
b7264000-b7683000 rwxp 00000000 00:00 0 
b7683000-b77f9000 r-xp 00000000 08:08 1573795    /lib/i386-linux-gnu/libc-2.13.so
b77f9000-b77fb000 r-xp 00176000 08:08 1573795    /lib/i386-linux-gnu/libc-2.13.so
b77fb000-b77fc000 rwxp 00178000 08:08 1573795    /lib/i386-linux-gnu/libc-2.13.so
b77fc000-b77ff000 rwxp 00000000 00:00 0 
b77ff000-b7802000 r-xp 00000000 08:08 1573806    /lib/i386-linux-gnu/libdl-2.13.so
b7802000-b7803000 r-xp 00002000 08:08 1573806    /lib/i386-linux-gnu/libdl-2.13.so
b7803000-b7804000 rwxp 00003000 08:08 1573806    /lib/i386-linux-gnu/libdl-2.13.so
b7804000-b780b000 r-xp 00000000 08:08 1181335    /usr/lib/jvm/java-6-sun-1.6.0.26/jre/lib/i386/jli/libjli.so
b780b000-b780d000 rwxp 00006000 08:08 1181335    /usr/lib/jvm/java-6-sun-1.6.0.26/jre/lib/i386/jli/libjli.so
b780d000-b780e000 rwxp 00000000 00:00 0 
b780e000-b7825000 r-xp 00000000 08:08 1573855    /lib/i386-linux-gnu/libpthread-2.13.so
b7825000-b7826000 r-xp 00016000 08:08 1573855    /lib/i386-linux-gnu/libpthread-2.13.so
b7826000-b7827000 rwxp 00017000 08:08 1573855    /lib/i386-linux-gnu/libpthread-2.13.so
b7827000-b7829000 rwxp 00000000 00:00 0 
b7829000-b782a000 r-xs 00000000 08:08 1193307    /var/cache/fontconfig/4794a0821666d79190d59a36cb4f44b5-le32d4.cache-3
b782a000-b782c000 r-xs 00002000 08:08 1588307    /home/alejo/Dropbox/code/devices3d/lib/base/core/ant-launcher.jar
b782c000-b782d000 r-xp 00571000 08:08 1057169    /usr/lib/locale/locale-archive
b782d000-b7835000 r-xp 00000000 08:08 1573832    /lib/i386-linux-gnu/libnss_compat-2.13.so
b7835000-b7836000 r-xp 00007000 08:08 1573832    /lib/i386-linux-gnu/libnss_compat-2.13.so
b7836000-b7837000 rwxp 00008000 08:08 1573832    /lib/i386-linux-gnu/libnss_compat-2.13.so
b7837000-b7838000 rwxp 00000000 00:00 0 
b7838000-b7839000 r-xp 00000000 00:00 0 
b7839000-b7844000 r-xp 00000000 08:08 1181328    /usr/lib/jvm/java-6-sun-1.6.0.26/jre/lib/i386/libverify.so
b7844000-b7845000 rwxp 0000b000 08:08 1181328    /usr/lib/jvm/java-6-sun-1.6.0.26/jre/lib/i386/libverify.so
b7845000-b7847000 rwxp 00000000 00:00 0 
b7847000-b7848000 r-xp 00000000 00:00 0          [vdso]
b7848000-b7866000 r-xp 00000000 08:08 1573782    /lib/i386-linux-gnu/ld-2.13.so
b7866000-b7867000 r-xp 0001d000 08:08 1573782    /lib/i386-linux-gnu/ld-2.13.so
b7867000-b7868000 rwxp 0001e000 08:08 1573782    /lib/i386-linux-gnu/ld-2.13.so
bfc01000-bfc22000 rwxp 00000000 00:00 0          [stack]

VM Arguments:
jvm_args: -Djava.library.path=/home/alejo/Dropbox/code/devices3d/lib/base/core:/home/alejo/Dropbox/code/devices3d/lib/base/core:/home/alejo/Dropbox/code/devices3d/lib/base/core:/home/alejo/Dropbox/code/devices3d/lib/user/SimpleOpenNI:/home/alejo/Dropbox/code/devices3d/lib/user/proscene -Djava.security.policy=java.policy.applet -Dfile.encoding=UTF-8 
java_command: sun.applet.AppletViewer devices3d.Devices3d1333336209157.html
Launcher Type: SUN_STANDARD

Environment Variables:
PATH=/opt/microchip/mplabc32/v2.02/bin:/opt/microchip/mplabc30/v3.30c/bin:/usr/lib/lightdm/lightdm:/usr/local/sbin:/usr/local/bin:/usr/sbin:/usr/bin:/sbin:/bin:/usr/games
USERNAME=alejo
LD_LIBRARY_PATH=/usr/lib/jvm/java-6-sun-1.6.0.26/jre/lib/i386/server:/usr/lib/jvm/java-6-sun-1.6.0.26/jre/lib/i386:/usr/lib/jvm/java-6-sun-1.6.0.26/jre/../lib/i386:/usr/lib/jvm/java-6-sun-1.6.0.26/jre/lib/i386/client:/usr/lib/jvm/java-6-sun-1.6.0.26/jre/lib/i386:
SHELL=/bin/bash
DISPLAY=:0.0

Signal Handlers:
SIGSEGV: [libjvm.so+0x725510], sa_mask[0]=0x7ffbfeff, sa_flags=0x10000004
SIGBUS: [libjvm.so+0x725510], sa_mask[0]=0x7ffbfeff, sa_flags=0x10000004
SIGFPE: [libjvm.so+0x5dff20], sa_mask[0]=0x7ffbfeff, sa_flags=0x10000004
SIGPIPE: [libjvm.so+0x5dff20], sa_mask[0]=0x7ffbfeff, sa_flags=0x10000004
SIGXFSZ: [libjvm.so+0x5dff20], sa_mask[0]=0x7ffbfeff, sa_flags=0x10000004
SIGILL: [libjvm.so+0x5dff20], sa_mask[0]=0x7ffbfeff, sa_flags=0x10000004
SIGUSR1: SIG_DFL, sa_mask[0]=0x00000000, sa_flags=0x00000000
SIGUSR2: [libjvm.so+0x5e3160], sa_mask[0]=0x00000004, sa_flags=0x10000004
SIGHUP: [libjvm.so+0x5e2d40], sa_mask[0]=0x7ffbfeff, sa_flags=0x10000004
SIGINT: [libjvm.so+0x5e2d40], sa_mask[0]=0x7ffbfeff, sa_flags=0x10000004
SIGTERM: [libjvm.so+0x5e2d40], sa_mask[0]=0x7ffbfeff, sa_flags=0x10000004
SIGQUIT: [libjvm.so+0x5e2d40], sa_mask[0]=0x7ffbfeff, sa_flags=0x10000004


---------------  S Y S T E M  ---------------

OS:wheezy/sid

uname:Linux 3.0.0-12-generic #20-Ubuntu SMP Fri Oct 7 14:50:42 UTC 2011 i686
libc:glibc 2.13 NPTL 2.13 
rlimit: STACK 8192k, CORE 0k, NPROC 26110, NOFILE 4096, AS infinity
load average:0.29 0.23 0.16

/proc/meminfo:
MemTotal:        3356112 kB
MemFree:          194456 kB
Buffers:          311212 kB
Cached:           547032 kB
SwapCached:         1628 kB
Active:          1821928 kB
Inactive:         931804 kB
Active(anon):    1483480 kB
Inactive(anon):   431380 kB
Active(file):     338448 kB
Inactive(file):   500424 kB
Unevictable:          16 kB
Mlocked:              16 kB
HighTotal:       2497096 kB
HighFree:          31108 kB
LowTotal:         859016 kB
LowFree:          163348 kB
SwapTotal:      14645240 kB
SwapFree:       14612588 kB
Dirty:               244 kB
Writeback:             0 kB
AnonPages:       1894148 kB
Mapped:           287344 kB
Shmem:             19372 kB
Slab:              85260 kB
SReclaimable:      63904 kB
SUnreclaim:        21356 kB
KernelStack:        5960 kB
PageTables:        21640 kB
NFS_Unstable:          0 kB
Bounce:                0 kB
WritebackTmp:          0 kB
CommitLimit:    16323296 kB
Committed_AS:    5268688 kB
VmallocTotal:     122880 kB
VmallocUsed:       59164 kB
VmallocChunk:      58104 kB
HardwareCorrupted:     0 kB
AnonHugePages:         0 kB
HugePages_Total:       0
HugePages_Free:        0
HugePages_Rsvd:        0
HugePages_Surp:        0
Hugepagesize:       4096 kB
DirectMap4k:       12280 kB
DirectMap4M:      897024 kB


CPU:total 4 (4 cores per cpu, 1 threads per core) family 16 model 4 stepping 3, cmov, cx8, fxsr, mmx, sse, sse2, sse3, popcnt, mmxext, 3dnow, 3dnowext, lzcnt, sse4a

/proc/cpuinfo:
processor	: 0
vendor_id	: AuthenticAMD
cpu family	: 16
model		: 4
model name	: AMD Phenom(tm) II X4 945 Processor
stepping	: 3
cpu MHz		: 3010.708
cache size	: 512 KB
physical id	: 0
siblings	: 4
core id		: 0
cpu cores	: 4
apicid		: 0
initial apicid	: 0
fdiv_bug	: no
hlt_bug		: no
f00f_bug	: no
coma_bug	: no
fpu		: yes
fpu_exception	: yes
cpuid level	: 5
wp		: yes
flags		: fpu vme de pse tsc msr pae mce cx8 apic mtrr pge mca cmov pat pse36 clflush mmx fxsr sse sse2 ht syscall nx mmxext fxsr_opt pdpe1gb rdtscp lm 3dnowext 3dnow constant_tsc nonstop_tsc extd_apicid pni monitor cx16 popcnt lahf_lm cmp_legacy svm extapic cr8_legacy abm sse4a misalignsse 3dnowprefetch osvw ibs skinit wdt npt lbrv svm_lock nrip_save
bogomips	: 6021.41
clflush size	: 64
cache_alignment	: 64
address sizes	: 48 bits physical, 48 bits virtual
power management: ts ttp tm stc 100mhzsteps hwpstate

processor	: 1
vendor_id	: AuthenticAMD
cpu family	: 16
model		: 4
model name	: AMD Phenom(tm) II X4 945 Processor
stepping	: 3
cpu MHz		: 3010.708
cache size	: 512 KB
physical id	: 0
siblings	: 4
core id		: 1
cpu cores	: 4
apicid		: 1
initial apicid	: 1
fdiv_bug	: no
hlt_bug		: no
f00f_bug	: no
coma_bug	: no
fpu		: yes
fpu_exception	: yes
cpuid level	: 5
wp		: yes
flags		: fpu vme de pse tsc msr pae mce cx8 apic mtrr pge mca cmov pat pse36 clflush mmx fxsr sse sse2 ht syscall nx mmxext fxsr_opt pdpe1gb rdtscp lm 3dnowext 3dnow constant_tsc nonstop_tsc extd_apicid pni monitor cx16 popcnt lahf_lm cmp_legacy svm extapic cr8_legacy abm sse4a misalignsse 3dnowprefetch osvw ibs skinit wdt npt lbrv svm_lock nrip_save
bogomips	: 6020.55
clflush size	: 64
cache_alignment	: 64
address sizes	: 48 bits physical, 48 bits virtual
power management: ts ttp tm stc 100mhzsteps hwpstate

processor	: 2
vendor_id	: AuthenticAMD
cpu family	: 16
model		: 4
model name	: AMD Phenom(tm) II X4 945 Processor
stepping	: 3
cpu MHz		: 3010.708
cache size	: 512 KB
physical id	: 0
siblings	: 4
core id		: 2
cpu cores	: 4
apicid		: 2
initial apicid	: 2
fdiv_bug	: no
hlt_bug		: no
f00f_bug	: no
coma_bug	: no
fpu		: yes
fpu_exception	: yes
cpuid level	: 5
wp		: yes
flags		: fpu vme de pse tsc msr pae mce cx8 apic mtrr pge mca cmov pat pse36 clflush mmx fxsr sse sse2 ht syscall nx mmxext fxsr_opt pdpe1gb rdtscp lm 3dnowext 3dnow constant_tsc nonstop_tsc extd_apicid pni monitor cx16 popcnt lahf_lm cmp_legacy svm extapic cr8_legacy abm sse4a misalignsse 3dnowprefetch osvw ibs skinit wdt npt lbrv svm_lock nrip_save
bogomips	: 6020.54
clflush size	: 64
cache_alignment	: 64
address sizes	: 48 bits physical, 48 bits virtual
power management: ts ttp tm stc 100mhzsteps hwpstate

processor	: 3
vendor_id	: AuthenticAMD
cpu family	: 16
model		: 4
model name	: AMD Phenom(tm) II X4 945 Processor
stepping	: 3
cpu MHz		: 3010.708
cache size	: 512 KB
physical id	: 0
siblings	: 4
core id		: 3
cpu cores	: 4
apicid		: 3
initial apicid	: 3
fdiv_bug	: no
hlt_bug		: no
f00f_bug	: no
coma_bug	: no
fpu		: yes
fpu_exception	: yes
cpuid level	: 5
wp		: yes
flags		: fpu vme de pse tsc msr pae mce cx8 apic mtrr pge mca cmov pat pse36 clflush mmx fxsr sse sse2 ht syscall nx mmxext fxsr_opt pdpe1gb rdtscp lm 3dnowext 3dnow constant_tsc nonstop_tsc extd_apicid pni monitor cx16 popcnt lahf_lm cmp_legacy svm extapic cr8_legacy abm sse4a misalignsse 3dnowprefetch osvw ibs skinit wdt npt lbrv svm_lock nrip_save
bogomips	: 6020.55
clflush size	: 64
cache_alignment	: 64
address sizes	: 48 bits physical, 48 bits virtual
power management: ts ttp tm stc 100mhzsteps hwpstate



Memory: 4k page, physical 3356112k(194328k free), swap 14645240k(14612588k free)

vm_info: Java HotSpot(TM) Server VM (20.1-b02) for linux-x86 JRE (1.6.0_26-b03), built on May  4 2011 01:04:10 by "java_re" with gcc 3.2.1-7a (J2SE release)

time: Sun Apr  1 22:10:11 2012
elapsed time: 2 seconds

