#
# A fatal error has been detected by the Java Runtime Environment:
#
#  SIGSEGV (0xb) at pc=0x7aa29d5a, pid=6846, tid=2059402096
#
# JRE version: 6.0_26-b03
# Java VM: Java HotSpot(TM) Server VM (20.1-b02 mixed mode linux-x86 )
# Problematic frame:
# C  [libOpenNI.so+0x33d5a]  long long+0x1a
#
# If you would like to submit a bug report, please visit:
#   http://java.sun.com/webapps/bugreport/crash.jsp
# The crash happened outside the Java Virtual Machine in native code.
# See problematic frame for where to report the bug.
#

---------------  T H R E A D  ---------------

Current thread (0x08f7c400):  JavaThread "Animation Thread" [_thread_in_native, id=6872, stack(0x7abaf000,0x7ac00000)]

siginfo:si_signo=SIGSEGV: si_errno=0, si_code=1 (SEGV_MAPERR), si_addr=0x00000000

Registers:
EAX=0x00000000, EBX=0x7aa73ff4, ECX=0x00000001, EDX=0x7aeb8100
ESP=0x7abfecc0, EBP=0x7abfece8, ESI=0x00000000, EDI=0x08f7c400
EIP=0x7aa29d5a, EFLAGS=0x00010202, CR2=0x00000000

Top of Stack: (sp=0x7abfecc0)
0x7abfecc0:   7a9f8dec 7ab5aff4 7cbc5e58 08f7c400
0x7abfecd0:   7abfed08 b7779c30 7aeb8100 7aa29d40
0x7abfece0:   7ab5aff4 7cbc5e58 7abfed08 7ab1098c
0x7abfecf0:   00000000 7aeb8100 7aeb8100 7ab10966
0x7abfed00:   7aeb8090 7ab5aff4 7abfed38 7ab176f1
0x7abfed10:   7aeb8090 7aeb8100 00000000 00000000
0x7abfed20:   7abfed58 b7779c30 08f7c400 7ab17601
0x7abfed30:   7ab5aff4 7cbc5e58 7abfed58 7ab17825 

Instructions: (pc=0x7aa29d5a)
0x7aa29d3a:   bc 27 00 00 00 00 55 89 e5 83 ec 28 89 75 fc 8b
0x7aa29d4a:   75 08 89 5d f8 e8 13 a8 fd ff 81 c3 a0 a2 04 00
0x7aa29d5a:   8b 06 8b 50 08 85 d2 74 0c 8b 40 04 8b 00 a9 00
0x7aa29d6a:   00 01 00 75 11 8b 5d f8 b8 12 00 01 00 8b 75 fc 

Register to memory mapping:

EAX=0x00000000 is an unknown value
EBX=0x7aa73ff4: <offset 0x7dff4> in /usr/lib/libOpenNI.so at 0x7a9f6000
ECX=0x00000001 is an unknown value
EDX=0x7aeb8100 is an unknown value
ESP=0x7abfecc0 is pointing into the stack for thread: 0x08f7c400
EBP=0x7abfece8 is pointing into the stack for thread: 0x08f7c400
ESI=0x00000000 is an unknown value
EDI=0x08f7c400 is a thread


Stack: [0x7abaf000,0x7ac00000],  sp=0x7abfecc0,  free space=319k
Native frames: (J=compiled Java code, j=interpreted, Vv=VM code, C=native code)
C  [libOpenNI.so+0x33d5a]  long long+0x1a
C  [libSimpleOpenNI.so+0x9a98c]  xn::MapGenerator::SetMapOutputMode(XnMapOutputMode const&)+0x26
C  [libSimpleOpenNI.so+0xa16f1]  sOpenNI::ContextWrapper::createDepth(bool)+0xdb
C  [libSimpleOpenNI.so+0xa1825]  sOpenNI::ContextWrapper::enableDepth()+0x6b
C  [libSimpleOpenNI.so+0x848c6]  Java_SimpleOpenNI_SimpleOpenNIJNI_ContextWrapper_1enableDepthSwigExplicitContextWrapper_1_1SWIG_10+0x3c
j  SimpleOpenNI.SimpleOpenNIJNI.ContextWrapper_enableDepthSwigExplicitContextWrapper__SWIG_0(JLSimpleOpenNI/ContextWrapper;)Z+0
j  SimpleOpenNI.ContextWrapper.enableDepth()Z+26
j  SimpleOpenNI.SimpleOpenNI.enableDepth()Z+1
j  remixlab.devices.Kinect.<init>(Lprocessing/core/PApplet;Lremixlab/proscene/Scene;)V+56
j  devices3d.Devices3d.setup()V+242
j  processing.core.PApplet.handleDraw()V+65
j  processing.core.PApplet.run()V+72
j  java.lang.Thread.run()V+11
v  ~StubRoutines::call_stub
V  [libjvm.so+0x3dff01]  JavaCalls::call_helper(JavaValue*, methodHandle*, JavaCallArguments*, Thread*)+0x1c1
V  [libjvm.so+0x5e1298]  os::os_exception_wrapper(void (*)(JavaValue*, methodHandle*, JavaCallArguments*, Thread*), JavaValue*, methodHandle*, JavaCallArguments*, Thread*)+0x18
V  [libjvm.so+0x3df775]  JavaCalls::call_virtual(JavaValue*, KlassHandle, symbolHandle, symbolHandle, JavaCallArguments*, Thread*)+0xc5
V  [libjvm.so+0x3df838]  JavaCalls::call_virtual(JavaValue*, Handle, KlassHandle, symbolHandle, symbolHandle, Thread*)+0x58
V  [libjvm.so+0x4642d7]  thread_entry(JavaThread*, Thread*)+0xa7
V  [libjvm.so+0x6e16bf]  JavaThread::run()+0x11f
V  [libjvm.so+0x5e2aee]  java_start(Thread*)+0x14e
C  [libpthread.so.0+0x6d31]  short+0xd1

Java frames: (J=compiled Java code, j=interpreted, Vv=VM code)
j  SimpleOpenNI.SimpleOpenNIJNI.ContextWrapper_enableDepthSwigExplicitContextWrapper__SWIG_0(JLSimpleOpenNI/ContextWrapper;)Z+0
j  SimpleOpenNI.ContextWrapper.enableDepth()Z+26
j  SimpleOpenNI.SimpleOpenNI.enableDepth()Z+1
j  remixlab.devices.Kinect.<init>(Lprocessing/core/PApplet;Lremixlab/proscene/Scene;)V+56
j  devices3d.Devices3d.setup()V+242
j  processing.core.PApplet.handleDraw()V+65
j  processing.core.PApplet.run()V+72
j  java.lang.Thread.run()V+11
v  ~StubRoutines::call_stub

---------------  P R O C E S S  ---------------

Java Threads: ( => current thread )
=>0x08f7c400 JavaThread "Animation Thread" [_thread_in_native, id=6872, stack(0x7abaf000,0x7ac00000)]
  0x08e3f400 JavaThread "AWT-EventQueue-1" [_thread_blocked, id=6871, stack(0x7ad0d000,0x7ad5e000)]
  0x08bc2c00 JavaThread "DestroyJavaVM" [_thread_blocked, id=6851, stack(0xb6901000,0xb6952000)]
  0x08e86c00 JavaThread "AWT-EventQueue-0" [_thread_blocked, id=6869, stack(0x7ad5e000,0x7adaf000)]
  0x08e84c00 JavaThread "AWT-Shutdown" [_thread_blocked, id=6868, stack(0x7adaf000,0x7ae00000)]
  0x08dbdc00 JavaThread "thread applet-devices3d.Devices3d.class" [_thread_blocked, id=6867, stack(0x7afba000,0x7b00b000)]
  0x08ce7400 JavaThread "AWT-XAWT" daemon [_thread_in_native, id=6865, stack(0x7b00b000,0x7b05c000)]
  0x7b123000 JavaThread "Java2D Disposer" daemon [_thread_blocked, id=6864, stack(0x7b0af000,0x7b100000)]
  0x7bb04800 JavaThread "Low Memory Detector" daemon [_thread_blocked, id=6862, stack(0x7b59a000,0x7b5eb000)]
  0x7bb02800 JavaThread "C2 CompilerThread1" daemon [_thread_blocked, id=6861, stack(0x7b5eb000,0x7b66c000)]
  0x7bb00800 JavaThread "C2 CompilerThread0" daemon [_thread_blocked, id=6860, stack(0x7b66c000,0x7b6ed000)]
  0x08c78400 JavaThread "Signal Dispatcher" daemon [_thread_blocked, id=6859, stack(0x7b6ed000,0x7b73e000)]
  0x08c6a000 JavaThread "Finalizer" daemon [_thread_blocked, id=6858, stack(0x7baaf000,0x7bb00000)]
  0x08c65400 JavaThread "Reference Handler" daemon [_thread_blocked, id=6857, stack(0x7bc31000,0x7bc82000)]

Other Threads:
  0x08c61800 VMThread [stack: 0x7bc82000,0x7bd03000] [id=6856]
  0x7bb0e800 WatcherThread [stack: 0x7b519000,0x7b59a000] [id=6863]

VM state:not at safepoint (normal execution)

VM Mutex/Monitor currently owned by a thread: None

Heap
 PSYoungGen      total 15296K, used 10137K [0xa2670000, 0xa4450000, 0xb37c0000)
  eden space 13120K, 64% used [0xa2670000,0xa2ebfeb0,0xa3340000)
  from space 2176K, 74% used [0xa3340000,0xa34d66a8,0xa3560000)
  to   space 2176K, 0% used [0xa4230000,0xa4230000,0xa4450000)
 PSOldGen        total 35008K, used 5968K [0x803c0000, 0x825f0000, 0xa2670000)
  object space 35008K, 17% used [0x803c0000,0x80994310,0x825f0000)
 PSPermGen       total 16384K, used 8334K [0x7c3c0000, 0x7d3c0000, 0x803c0000)
  object space 16384K, 50% used [0x7c3c0000,0x7cbe3b50,0x7d3c0000)

Code Cache  [0xb3885000, 0xb3ac5000, 0xb6885000)
 total_blobs=329 nmethods=40 adapters=244 free_code_cache=49886976 largest_free_block=11776

Dynamic libraries:
08048000-08052000 r-xp 00000000 08:08 1181081    /usr/lib/jvm/java-6-sun-1.6.0.26/jre/bin/java
08052000-08053000 rwxp 00009000 08:08 1181081    /usr/lib/jvm/java-6-sun-1.6.0.26/jre/bin/java
08bbc000-08ff8000 rwxp 00000000 00:00 0          [heap]
792b2000-7933b000 r-xp 00000000 08:08 1070238    /usr/lib/libXnDeviceSensorV2KM.so
7933b000-79344000 r-xp 00088000 08:08 1070238    /usr/lib/libXnDeviceSensorV2KM.so
79344000-79345000 rwxp 00091000 08:08 1070238    /usr/lib/libXnDeviceSensorV2KM.so
79345000-79425000 r-xp 00000000 08:08 1064091    /usr/lib/libXnVHandGenerator_1_5_0.so
79425000-79428000 r-xp 000df000 08:08 1064091    /usr/lib/libXnVHandGenerator_1_5_0.so
79428000-79429000 rwxp 000e2000 08:08 1064091    /usr/lib/libXnVHandGenerator_1_5_0.so
79429000-79435000 rwxp 00000000 00:00 0 
79435000-79828000 r-xp 00000000 08:08 1064087    /usr/lib/libXnVFeatures_1_5_0.so
79828000-79829000 ---p 003f3000 08:08 1064087    /usr/lib/libXnVFeatures_1_5_0.so
79829000-79831000 r-xp 003f3000 08:08 1064087    /usr/lib/libXnVFeatures_1_5_0.so
79831000-79832000 rwxp 003fb000 08:08 1064087    /usr/lib/libXnVFeatures_1_5_0.so
79832000-79846000 rwxp 00000000 00:00 0 
79846000-79873000 r-xp 00000000 08:08 1064003    /usr/lib/libXnDeviceFile.so
79873000-79874000 r-xp 0002d000 08:08 1064003    /usr/lib/libXnDeviceFile.so
79874000-79875000 rwxp 0002e000 08:08 1064003    /usr/lib/libXnDeviceFile.so
79875000-798c7000 r-xp 00000000 08:08 1064002    /usr/lib/libXnDDK.so
798c7000-798c9000 r-xp 00051000 08:08 1064002    /usr/lib/libXnDDK.so
798c9000-798ca000 rwxp 00053000 08:08 1064002    /usr/lib/libXnDDK.so
798ca000-798ee000 r-xp 00000000 08:08 1064005    /usr/lib/libXnFormats.so
798ee000-798ef000 r-xp 00023000 08:08 1064005    /usr/lib/libXnFormats.so
798ef000-798f0000 rwxp 00024000 08:08 1064005    /usr/lib/libXnFormats.so
798f0000-79910000 rwxp 00000000 00:00 0 
7992c000-799c5000 r-xp 00000000 08:08 1064004    /usr/lib/libXnDeviceSensorV2.so
799c5000-799ce000 r-xp 00098000 08:08 1064004    /usr/lib/libXnDeviceSensorV2.so
799ce000-799cf000 rwxp 000a1000 08:08 1064004    /usr/lib/libXnDeviceSensorV2.so
799cf000-79ab2000 r-xp 00000000 08:08 1064000    /usr/lib/libXnVHandGenerator_1_5_2.so
79ab2000-79ab5000 r-xp 000e3000 08:08 1064000    /usr/lib/libXnVHandGenerator_1_5_2.so
79ab5000-79ab6000 rwxp 000e6000 08:08 1064000    /usr/lib/libXnVHandGenerator_1_5_2.so
79ab6000-79ac2000 rwxp 00000000 00:00 0 
79ac2000-79b97000 r-xp 00000000 08:08 1063997    /usr/lib/libXnVHandGenerator_1_4_2.so
79b97000-79b98000 ---p 000d5000 08:08 1063997    /usr/lib/libXnVHandGenerator_1_4_2.so
79b98000-79b9a000 r-xp 000d5000 08:08 1063997    /usr/lib/libXnVHandGenerator_1_4_2.so
79b9a000-79b9b000 rwxp 000d7000 08:08 1063997    /usr/lib/libXnVHandGenerator_1_4_2.so
79b9b000-79b9d000 rwxp 00000000 00:00 0 
79b9d000-79c71000 r-xp 00000000 08:08 1063994    /usr/lib/libXnVHandGenerator_1_4_1.so
79c71000-79c72000 ---p 000d4000 08:08 1063994    /usr/lib/libXnVHandGenerator_1_4_1.so
79c72000-79c74000 r-xp 000d4000 08:08 1063994    /usr/lib/libXnVHandGenerator_1_4_1.so
79c74000-79c75000 rwxp 000d6000 08:08 1063994    /usr/lib/libXnVHandGenerator_1_4_1.so
79c75000-79c77000 rwxp 00000000 00:00 0 
79c77000-79d55000 r-xp 00000000 08:08 1063991    /usr/lib/libXnVHandGenerator_1_3_1.so
79d55000-79d58000 r-xp 000dd000 08:08 1063991    /usr/lib/libXnVHandGenerator_1_3_1.so
79d58000-79d59000 rwxp 000e0000 08:08 1063991    /usr/lib/libXnVHandGenerator_1_3_1.so
79d59000-79d5b000 rwxp 00000000 00:00 0 
79d5b000-7a15c000 r-xp 00000000 08:08 1063984    /usr/lib/libXnVFeatures_1_5_2.so
7a15c000-7a15d000 ---p 00401000 08:08 1063984    /usr/lib/libXnVFeatures_1_5_2.so
7a15d000-7a165000 r-xp 00401000 08:08 1063984    /usr/lib/libXnVFeatures_1_5_2.so
7a165000-7a166000 rwxp 00409000 08:08 1063984    /usr/lib/libXnVFeatures_1_5_2.so
7a166000-7a17a000 rwxp 00000000 00:00 0 
7a17a000-7a361000 r-xp 00000000 08:08 1063973    /usr/lib/libXnVFeatures_1_4_2.so
7a361000-7a364000 r-xp 001e6000 08:08 1063973    /usr/lib/libXnVFeatures_1_4_2.so
7a364000-7a365000 rwxp 001e9000 08:08 1063973    /usr/lib/libXnVFeatures_1_4_2.so
7a365000-7a36a000 rwxp 00000000 00:00 0 
7a36a000-7a551000 r-xp 00000000 08:08 1063968    /usr/lib/libXnVFeatures_1_4_1.so
7a551000-7a554000 r-xp 001e6000 08:08 1063968    /usr/lib/libXnVFeatures_1_4_1.so
7a554000-7a555000 rwxp 001e9000 08:08 1063968    /usr/lib/libXnVFeatures_1_4_1.so
7a555000-7a55a000 rwxp 00000000 00:00 0 
7a55a000-7a778000 r-xp 00000000 08:08 1063963    /usr/lib/libXnVFeatures_1_3_1.so
7a778000-7a779000 ---p 0021e000 08:08 1063963    /usr/lib/libXnVFeatures_1_3_1.so
7a779000-7a77c000 r-xp 0021e000 08:08 1063963    /usr/lib/libXnVFeatures_1_3_1.so
7a77c000-7a77d000 rwxp 00221000 08:08 1063963    /usr/lib/libXnVFeatures_1_3_1.so
7a77d000-7a782000 rwxp 00000000 00:00 0 
7a782000-7a7a5000 r-xp 00000000 08:08 1063813    /usr/lib/libnimRecorder.so
7a7a5000-7a7a6000 r-xp 00023000 08:08 1063813    /usr/lib/libnimRecorder.so
7a7a6000-7a7a7000 rwxp 00024000 08:08 1063813    /usr/lib/libnimRecorder.so
7a7a7000-7a7db000 r-xp 00000000 08:08 1063811    /usr/lib/libnimCodecs.so
7a7db000-7a7dc000 ---p 00034000 08:08 1063811    /usr/lib/libnimCodecs.so
7a7dc000-7a7de000 r-xp 00034000 08:08 1063811    /usr/lib/libnimCodecs.so
7a7de000-7a7df000 rwxp 00036000 08:08 1063811    /usr/lib/libnimCodecs.so
7a7df000-7a7ff000 rwxp 00000000 00:00 0 
7a7ff000-7a830000 r-xp 00000000 08:08 1063812    /usr/lib/libnimMockNodes.so
7a830000-7a836000 r-xp 00031000 08:08 1063812    /usr/lib/libnimMockNodes.so
7a836000-7a837000 rwxp 00037000 08:08 1063812    /usr/lib/libnimMockNodes.so
7a837000-7a915000 r-xp 00000000 08:08 1056768    /usr/lib/i386-linux-gnu/libstdc++.so.6.0.16
7a915000-7a916000 ---p 000de000 08:08 1056768    /usr/lib/i386-linux-gnu/libstdc++.so.6.0.16
7a916000-7a91a000 r-xp 000de000 08:08 1056768    /usr/lib/i386-linux-gnu/libstdc++.so.6.0.16
7a91a000-7a91b000 rwxp 000e2000 08:08 1056768    /usr/lib/i386-linux-gnu/libstdc++.so.6.0.16
7a91b000-7a922000 rwxp 00000000 00:00 0 
7a922000-7a9f2000 r-xp 00000000 08:08 1063882    /usr/lib/libXnVNite_1_3_1.so
7a9f2000-7a9f5000 r-xp 000cf000 08:08 1063882    /usr/lib/libXnVNite_1_3_1.so
7a9f5000-7a9f6000 rwxp 000d2000 08:08 1063882    /usr/lib/libXnVNite_1_3_1.so
7a9f6000-7aa72000 r-xp 00000000 08:08 1063815    /usr/lib/libOpenNI.so
7aa72000-7aa74000 r-xp 0007c000 08:08 1063815    /usr/lib/libOpenNI.so
7aa74000-7aa76000 rwxp 0007e000 08:08 1063815    /usr/lib/libOpenNI.so
7aa76000-7ab58000 r-xp 00000000 08:08 1199735    /home/alejo/Dropbox/code/devices3d/lib/user/SimpleOpenNI/libSimpleOpenNI.so
7ab58000-7ab59000 ---p 000e2000 08:08 1199735    /home/alejo/Dropbox/code/devices3d/lib/user/SimpleOpenNI/libSimpleOpenNI.so
7ab59000-7ab5b000 r-xp 000e2000 08:08 1199735    /home/alejo/Dropbox/code/devices3d/lib/user/SimpleOpenNI/libSimpleOpenNI.so
7ab5b000-7ab5e000 rwxp 000e4000 08:08 1199735    /home/alejo/Dropbox/code/devices3d/lib/user/SimpleOpenNI/libSimpleOpenNI.so
7ab5e000-7ab61000 ---p 00000000 00:00 0 
7ab61000-7abaf000 rwxp 00000000 00:00 0 
7abaf000-7abb2000 ---p 00000000 00:00 0 
7abb2000-7ac00000 rwxp 00000000 00:00 0 
7ac00000-7ac9d000 rwxp 00000000 00:00 0 
7ac9d000-7ad00000 ---p 00000000 00:00 0 
7ad0d000-7ad10000 ---p 00000000 00:00 0 
7ad10000-7ad5e000 rwxp 00000000 00:00 0 
7ad5e000-7ad61000 ---p 00000000 00:00 0 
7ad61000-7adaf000 rwxp 00000000 00:00 0 
7adaf000-7adb2000 ---p 00000000 00:00 0 
7adb2000-7ae00000 rwxp 00000000 00:00 0 
7ae00000-7aeea000 rwxp 00000000 00:00 0 
7aeea000-7af00000 ---p 00000000 00:00 0 
7af13000-7af2f000 r-xp 00000000 08:08 1573816    /lib/i386-linux-gnu/libgcc_s.so.1
7af2f000-7af30000 r-xp 0001b000 08:08 1573816    /lib/i386-linux-gnu/libgcc_s.so.1
7af30000-7af31000 rwxp 0001c000 08:08 1573816    /lib/i386-linux-gnu/libgcc_s.so.1
7af31000-7af37000 r-xs 00000000 08:08 1188892    /var/cache/fontconfig/945677eb7aeaf62f1d50efc3fb3ec7d8-le32d4.cache-3
7af37000-7af39000 r-xs 00000000 08:08 1188893    /var/cache/fontconfig/99e8ed0e538f840c565b6ed5dad60d56-le32d4.cache-3
7af39000-7af3c000 r-xs 00000000 08:08 1206717    /var/cache/fontconfig/e383d7ea5fbe662a33d9b44caf393297-le32d4.cache-3
7af3c000-7af3f000 r-xs 00000000 08:08 1188879    /var/cache/fontconfig/2cd17615ca594fa2959ae173292e504c-le32d4.cache-3
7af3f000-7af43000 r-xs 00000000 08:08 1188894    /var/cache/fontconfig/a755afe4a08bf5b97852ceb7400b47bc-le32d4.cache-3
7af43000-7af47000 r-xs 00000000 08:08 1188884    /var/cache/fontconfig/515ca1ebc4b18308bea979be5704f9db-le32d4.cache-3
7af47000-7af4e000 r-xs 00000000 08:08 1188888    /var/cache/fontconfig/6d41288fd70b0be22e8c3a91e032eec0-le32d4.cache-3
7af4e000-7af59000 r-xs 00000000 08:08 1188877    /var/cache/fontconfig/0f34bcd4b6ee430af32735b75db7f02b-le32d4.cache-3
7af59000-7af7b000 r-xs 00000000 08:08 1206716    /var/cache/fontconfig/365b55f210c0a22e9a19e35191240f32-le32d4.cache-3
7af7b000-7af88000 r-xs 00000000 08:08 1188899    /var/cache/fontconfig/d52a8644073d54c13679302ca1180695-le32d4.cache-3
7af8a000-7af95000 r-xp 00000000 08:08 408705     /opt/microchip/mplabx/mplab_ide/mplablibs/modules/lib/libusb-1.0.so.0.0.0
7af95000-7af96000 rwxp 0000a000 08:08 408705     /opt/microchip/mplabx/mplab_ide/mplablibs/modules/lib/libusb-1.0.so.0.0.0
7afb1000-7afb2000 rwxp 00000000 00:00 0 
7afb2000-7afb9000 r-xp 00000000 08:08 1181319    /usr/lib/jvm/java-6-sun-1.6.0.26/jre/lib/i386/libnio.so
7afb9000-7afba000 rwxp 00006000 08:08 1181319    /usr/lib/jvm/java-6-sun-1.6.0.26/jre/lib/i386/libnio.so
7afba000-7afbd000 ---p 00000000 00:00 0 
7afbd000-7b00b000 rwxp 00000000 00:00 0 
7b00b000-7b00e000 ---p 00000000 00:00 0 
7b00e000-7b05c000 rwxp 00000000 00:00 0 
7b05c000-7b060000 r-xp 00000000 08:08 1056426    /usr/lib/i386-linux-gnu/libXfixes.so.3.1.0
7b060000-7b061000 r-xp 00003000 08:08 1056426    /usr/lib/i386-linux-gnu/libXfixes.so.3.1.0
7b061000-7b062000 rwxp 00004000 08:08 1056426    /usr/lib/i386-linux-gnu/libXfixes.so.3.1.0
7b062000-7b06b000 r-xp 00000000 08:08 1056446    /usr/lib/i386-linux-gnu/libXrender.so.1.3.0
7b06b000-7b06c000 r-xp 00008000 08:08 1056446    /usr/lib/i386-linux-gnu/libXrender.so.1.3.0
7b06c000-7b06d000 rwxp 00009000 08:08 1056446    /usr/lib/i386-linux-gnu/libXrender.so.1.3.0
7b06d000-7b076000 r-xp 00000000 08:08 1056410    /usr/lib/i386-linux-gnu/libXcursor.so.1.0.2
7b076000-7b077000 r-xp 00008000 08:08 1056410    /usr/lib/i386-linux-gnu/libXcursor.so.1.0.2
7b077000-7b078000 rwxp 00009000 08:08 1056410    /usr/lib/i386-linux-gnu/libXcursor.so.1.0.2
7b078000-7b07b000 r-xp 00000000 08:08 1064001    /usr/lib/libXnCore.so
7b07b000-7b07c000 r-xp 00002000 08:08 1064001    /usr/lib/libXnCore.so
7b07c000-7b07d000 rwxp 00003000 08:08 1064001    /usr/lib/libXnCore.so
7b07d000-7b07e000 r-xp 00000000 08:08 1181308    /usr/lib/jvm/java-6-sun-1.6.0.26/jre/lib/i386/libjawt.so
7b07e000-7b07f000 rwxp 00000000 08:08 1181308    /usr/lib/jvm/java-6-sun-1.6.0.26/jre/lib/i386/libjawt.so
7b07f000-7b093000 r-xp 00000000 08:08 1181318    /usr/lib/jvm/java-6-sun-1.6.0.26/jre/lib/i386/libnet.so
7b093000-7b094000 rwxp 00013000 08:08 1181318    /usr/lib/jvm/java-6-sun-1.6.0.26/jre/lib/i386/libnet.so
7b094000-7b098000 r-xs 00000000 08:08 1188889    /var/cache/fontconfig/6eb3985aa4124903f6ff08ba781cd364-le32d4.cache-3
7b098000-7b09e000 r-xs 00000000 08:08 1206713    /var/cache/fontconfig/153bb866d4d26e7cd19eee2129f8d8d2-le32d4.cache-3
7b09e000-7b0a1000 r-xs 00000000 08:08 1206715    /var/cache/fontconfig/7ef2298fde41cc6eeb7af42e48b7d293-le32d4.cache-3
7b0a1000-7b0af000 r-xs 00000000 08:08 1190505    /var/cache/fontconfig/865f88548240fee46819705c6468c165-le32d4.cache-3
7b0af000-7b0b2000 ---p 00000000 00:00 0 
7b0b2000-7b100000 rwxp 00000000 00:00 0 
7b100000-7b1fd000 rwxp 00000000 00:00 0 
7b1fd000-7b200000 ---p 00000000 00:00 0 
7b200000-7b201000 r-xs 00000000 08:08 1188895    /var/cache/fontconfig/c05880de57d1f5e948fdfacc138775d9-le32d4.cache-3
7b201000-7b203000 r-xs 00000000 08:08 1191776    /var/cache/fontconfig/b5ea634b0fb353b8ea17632d1f9ef766-le32d4.cache-3
7b203000-7b211000 r-xs 00000000 08:08 1190496    /var/cache/fontconfig/e13b20fdb08344e0e664864cc2ede53d-le32d4.cache-3
7b211000-7b28a000 r-xp 00000000 08:08 1181295    /usr/lib/jvm/java-6-sun-1.6.0.26/jre/lib/i386/libfontmanager.so
7b28a000-7b294000 rwxp 00078000 08:08 1181295    /usr/lib/jvm/java-6-sun-1.6.0.26/jre/lib/i386/libfontmanager.so
7b294000-7b299000 rwxp 00000000 00:00 0 
7b299000-7b2b0000 r-xs 0015b000 08:08 1199687    /home/alejo/Dropbox/code/devices3d/lib/base/core/ant.jar
7b2b0000-7b2b5000 r-xp 00000000 08:08 1056418    /usr/lib/i386-linux-gnu/libXdmcp.so.6.0.0
7b2b5000-7b2b6000 r-xp 00004000 08:08 1056418    /usr/lib/i386-linux-gnu/libXdmcp.so.6.0.0
7b2b6000-7b2b7000 rwxp 00005000 08:08 1056418    /usr/lib/i386-linux-gnu/libXdmcp.so.6.0.0
7b2b7000-7b2d4000 r-xp 00000000 08:08 1056813    /usr/lib/i386-linux-gnu/libxcb.so.1.1.0
7b2d4000-7b2d5000 r-xp 0001c000 08:08 1056813    /usr/lib/i386-linux-gnu/libxcb.so.1.1.0
7b2d5000-7b2d6000 rwxp 0001d000 08:08 1056813    /usr/lib/i386-linux-gnu/libxcb.so.1.1.0
7b2d6000-7b2e4000 r-xp 00000000 08:08 1056434    /usr/lib/i386-linux-gnu/libXi.so.6.1.0
7b2e4000-7b2e5000 r-xp 0000d000 08:08 1056434    /usr/lib/i386-linux-gnu/libXi.so.6.1.0
7b2e5000-7b2e6000 rwxp 0000e000 08:08 1056434    /usr/lib/i386-linux-gnu/libXi.so.6.1.0
7b2e6000-7b2eb000 r-xp 00000000 08:08 1052626    /usr/lib/libXtst.so.6.1.0
7b2eb000-7b2ec000 r-xp 00004000 08:08 1052626    /usr/lib/libXtst.so.6.1.0
7b2ec000-7b2ed000 rwxp 00005000 08:08 1052626    /usr/lib/libXtst.so.6.1.0
7b2ed000-7b41e000 r-xp 00000000 08:08 1056398    /usr/lib/i386-linux-gnu/libX11.so.6.3.0
7b41e000-7b41f000 ---p 00131000 08:08 1056398    /usr/lib/i386-linux-gnu/libX11.so.6.3.0
7b41f000-7b420000 r-xp 00131000 08:08 1056398    /usr/lib/i386-linux-gnu/libX11.so.6.3.0
7b420000-7b422000 rwxp 00132000 08:08 1056398    /usr/lib/i386-linux-gnu/libX11.so.6.3.0
7b422000-7b423000 rwxp 00000000 00:00 0 
7b423000-7b466000 r-xp 00000000 08:08 1181341    /usr/lib/jvm/java-6-sun-1.6.0.26/jre/lib/i386/xawt/libmawt.so
7b466000-7b468000 rwxp 00043000 08:08 1181341    /usr/lib/jvm/java-6-sun-1.6.0.26/jre/lib/i386/xawt/libmawt.so
7b468000-7b469000 rwxp 00000000 00:00 0 
7b469000-7b4ee000 r-xp 00000000 08:08 1181290    /usr/lib/jvm/java-6-sun-1.6.0.26/jre/lib/i386/libawt.so
7b4ee000-7b4f5000 rwxp 00085000 08:08 1181290    /usr/lib/jvm/java-6-sun-1.6.0.26/jre/lib/i386/libawt.so
7b4f5000-7b519000 rwxp 00000000 00:00 0 
7b519000-7b51a000 ---p 00000000 00:00 0 
7b51a000-7b59a000 rwxp 00000000 00:00 0 
7b59a000-7b59d000 ---p 00000000 00:00 0 
7b59d000-7b5eb000 rwxp 00000000 00:00 0 
7b5eb000-7b5ee000 ---p 00000000 00:00 0 
7b5ee000-7b66c000 rwxp 00000000 00:00 0 
7b66c000-7b66f000 ---p 00000000 00:00 0 
7b66f000-7b6ed000 rwxp 00000000 00:00 0 
7b6ed000-7b6f0000 ---p 00000000 00:00 0 
7b6f0000-7b73e000 rwxp 00000000 00:00 0 
7b73e000-7b86f000 r-xp 0043d000 08:08 1057169    /usr/lib/locale/locale-archive
7b86f000-7b8af000 r-xp 002bd000 08:08 1057169    /usr/lib/locale/locale-archive
7b8af000-7baaf000 r-xp 00000000 08:08 1057169    /usr/lib/locale/locale-archive
7baaf000-7bab2000 ---p 00000000 00:00 0 
7bab2000-7bb00000 rwxp 00000000 00:00 0 
7bb00000-7bbfd000 rwxp 00000000 00:00 0 
7bbfd000-7bc00000 ---p 00000000 00:00 0 
7bc00000-7bc01000 r-xs 00000000 08:08 1188903    /var/cache/fontconfig/e7071f4a29fa870f4323321c154eba04-le32d4.cache-3
7bc01000-7bc02000 r-xs 00000000 08:08 1188883    /var/cache/fontconfig/4c73fe0c47614734b17d736dbde7580a-le32d4.cache-3
7bc02000-7bc13000 r-xp 00000000 08:08 1056422    /usr/lib/i386-linux-gnu/libXext.so.6.4.0
7bc13000-7bc14000 r-xp 00010000 08:08 1056422    /usr/lib/i386-linux-gnu/libXext.so.6.4.0
7bc14000-7bc15000 rwxp 00011000 08:08 1056422    /usr/lib/i386-linux-gnu/libXext.so.6.4.0
7bc15000-7bc18000 r-xs 00000000 08:08 1188900    /var/cache/fontconfig/d60319d88cac85ba9e1a07bd06cfbb8c-le32d4.cache-3
7bc18000-7bc1b000 r-xs 00017000 08:08 1199756    /home/alejo/Dropbox/code/devices3d/lib/user/proscene/proscene.jar
7bc1b000-7bc1d000 r-xs 00003000 08:08 1199742    /home/alejo/Dropbox/code/devices3d/lib/user/fullscreen/fullscreen.jar
7bc1d000-7bc21000 r-xs 00020000 08:08 1199717    /home/alejo/Dropbox/code/devices3d/lib/user/SimpleOpenNI/SimpleOpenNI.jar
7bc21000-7bc24000 r-xs 00029000 08:08 2123900    /home/alejo/Dropbox/code/devices3d/lib/user/procontroll/procontroll.jar
7bc24000-7bc26000 r-xs 0002b000 08:08 1199690    /home/alejo/Dropbox/code/devices3d/lib/base/core/core.jar
7bc26000-7bc31000 r-xs 00108000 08:08 1326150    /home/alejo/Dropbox/code/devices3d/lib/base/opengl/jogl.jar
7bc31000-7bc34000 ---p 00000000 00:00 0 
7bc34000-7bc82000 rwxp 00000000 00:00 0 
7bc82000-7bc83000 ---p 00000000 00:00 0 
7bc83000-7bd37000 rwxp 00000000 00:00 0 
7bd37000-7becf000 r-xs 03029000 08:08 1181157    /usr/lib/jvm/java-6-sun-1.6.0.26/jre/lib/rt.jar
7becf000-7bed0000 ---p 00000000 00:00 0 
7bed0000-7bf50000 rwxp 00000000 00:00 0 
7bf50000-7bf51000 ---p 00000000 00:00 0 
7bf51000-7bfd1000 rwxp 00000000 00:00 0 
7bfd1000-7bfd2000 ---p 00000000 00:00 0 
7bfd2000-7c052000 rwxp 00000000 00:00 0 
7c052000-7c053000 ---p 00000000 00:00 0 
7c053000-7c0db000 rwxp 00000000 00:00 0 
7c0db000-7c0f3000 rwxp 00000000 00:00 0 
7c0f3000-7c105000 rwxp 00000000 00:00 0 
7c105000-7c205000 rwxp 00000000 00:00 0 
7c205000-7c20d000 rwxp 00000000 00:00 0 
7c20d000-7c225000 rwxp 00000000 00:00 0 
7c225000-7c237000 rwxp 00000000 00:00 0 
7c237000-7c336000 rwxp 00000000 00:00 0 
7c336000-7c346000 rwxp 00000000 00:00 0 
7c346000-7c3bf000 rwxp 00000000 00:00 0 
7c3bf000-7d3c0000 rwxp 00000000 00:00 0 
7d3c0000-803c0000 rwxp 00000000 00:00 0 
803c0000-825f0000 rwxp 00000000 00:00 0 
825f0000-a2670000 rwxp 00000000 00:00 0 
a2670000-a4450000 rwxp 00000000 00:00 0 
a4450000-b37c0000 rwxp 00000000 00:00 0 
b37c0000-b37c1000 r-xs 00000000 08:08 1188876    /var/cache/fontconfig/0d8c3b2ac0904cb8a57a757ad11a4a08-le32d4.cache-3
b37c1000-b37c3000 r-xp 00000000 08:08 1056402    /usr/lib/i386-linux-gnu/libXau.so.6.0.0
b37c3000-b37c4000 r-xp 00001000 08:08 1056402    /usr/lib/i386-linux-gnu/libXau.so.6.0.0
b37c4000-b37c5000 rwxp 00002000 08:08 1056402    /usr/lib/i386-linux-gnu/libXau.so.6.0.0
b37c5000-b37ce000 rwxp 00000000 00:00 0 
b37ce000-b3885000 rwxp 00000000 00:00 0 
b3885000-b3ac5000 rwxp 00000000 00:00 0 
b3ac5000-b6885000 rwxp 00000000 00:00 0 
b6885000-b6890000 r-xp 00000000 08:08 1573836    /lib/i386-linux-gnu/libnss_files-2.13.so
b6890000-b6891000 r-xp 0000a000 08:08 1573836    /lib/i386-linux-gnu/libnss_files-2.13.so
b6891000-b6892000 rwxp 0000b000 08:08 1573836    /lib/i386-linux-gnu/libnss_files-2.13.so
b6892000-b689c000 r-xp 00000000 08:08 1573840    /lib/i386-linux-gnu/libnss_nis-2.13.so
b689c000-b689d000 r-xp 00009000 08:08 1573840    /lib/i386-linux-gnu/libnss_nis-2.13.so
b689d000-b689e000 rwxp 0000a000 08:08 1573840    /lib/i386-linux-gnu/libnss_nis-2.13.so
b689e000-b68b3000 r-xp 00000000 08:08 1573830    /lib/i386-linux-gnu/libnsl-2.13.so
b68b3000-b68b4000 r-xp 00015000 08:08 1573830    /lib/i386-linux-gnu/libnsl-2.13.so
b68b4000-b68b5000 rwxp 00016000 08:08 1573830    /lib/i386-linux-gnu/libnsl-2.13.so
b68b5000-b68b7000 rwxp 00000000 00:00 0 
b68b7000-b68b8000 r-xs 00000000 08:08 1188887    /var/cache/fontconfig/6a53c69dea097a2d716e069445527da8-le32d4.cache-3
b68b8000-b68ba000 r-xs 00002000 08:08 1199642    /home/alejo/Dropbox/code/devices3d/lib/base/core/ant-launcher.jar
b68ba000-b68c9000 r-xp 00000000 08:08 1181329    /usr/lib/jvm/java-6-sun-1.6.0.26/jre/lib/i386/libzip.so
b68c9000-b68cb000 rwxp 0000e000 08:08 1181329    /usr/lib/jvm/java-6-sun-1.6.0.26/jre/lib/i386/libzip.so
b68cb000-b68d3000 rwxs 00000000 08:08 411589     /tmp/hsperfdata_alejo/6846
b68d3000-b68f6000 r-xp 00000000 08:08 1181303    /usr/lib/jvm/java-6-sun-1.6.0.26/jre/lib/i386/libjava.so
b68f6000-b68f8000 rwxp 00023000 08:08 1181303    /usr/lib/jvm/java-6-sun-1.6.0.26/jre/lib/i386/libjava.so
b68f8000-b68ff000 r-xp 00000000 08:08 1573859    /lib/i386-linux-gnu/librt-2.13.so
b68ff000-b6900000 r-xp 00006000 08:08 1573859    /lib/i386-linux-gnu/librt-2.13.so
b6900000-b6901000 rwxp 00007000 08:08 1573859    /lib/i386-linux-gnu/librt-2.13.so
b6901000-b6904000 ---p 00000000 00:00 0 
b6904000-b6952000 rwxp 00000000 00:00 0 
b6952000-b697a000 r-xp 00000000 08:08 1573825    /lib/i386-linux-gnu/libm-2.13.so
b697a000-b697b000 r-xp 00028000 08:08 1573825    /lib/i386-linux-gnu/libm-2.13.so
b697b000-b697c000 rwxp 00029000 08:08 1573825    /lib/i386-linux-gnu/libm-2.13.so
b697c000-b712e000 r-xp 00000000 08:08 1181340    /usr/lib/jvm/java-6-sun-1.6.0.26/jre/lib/i386/server/libjvm.so
b712e000-b7182000 rwxp 007b1000 08:08 1181340    /usr/lib/jvm/java-6-sun-1.6.0.26/jre/lib/i386/server/libjvm.so
b7182000-b75a1000 rwxp 00000000 00:00 0 
b75a1000-b7717000 r-xp 00000000 08:08 1573795    /lib/i386-linux-gnu/libc-2.13.so
b7717000-b7719000 r-xp 00176000 08:08 1573795    /lib/i386-linux-gnu/libc-2.13.so
b7719000-b771a000 rwxp 00178000 08:08 1573795    /lib/i386-linux-gnu/libc-2.13.so
b771a000-b771d000 rwxp 00000000 00:00 0 
b771d000-b7720000 r-xp 00000000 08:08 1573806    /lib/i386-linux-gnu/libdl-2.13.so
b7720000-b7721000 r-xp 00002000 08:08 1573806    /lib/i386-linux-gnu/libdl-2.13.so
b7721000-b7722000 rwxp 00003000 08:08 1573806    /lib/i386-linux-gnu/libdl-2.13.so
b7722000-b7729000 r-xp 00000000 08:08 1181335    /usr/lib/jvm/java-6-sun-1.6.0.26/jre/lib/i386/jli/libjli.so
b7729000-b772b000 rwxp 00006000 08:08 1181335    /usr/lib/jvm/java-6-sun-1.6.0.26/jre/lib/i386/jli/libjli.so
b772b000-b772c000 rwxp 00000000 00:00 0 
b772c000-b7743000 r-xp 00000000 08:08 1573855    /lib/i386-linux-gnu/libpthread-2.13.so
b7743000-b7744000 r-xp 00016000 08:08 1573855    /lib/i386-linux-gnu/libpthread-2.13.so
b7744000-b7745000 rwxp 00017000 08:08 1573855    /lib/i386-linux-gnu/libpthread-2.13.so
b7745000-b7747000 rwxp 00000000 00:00 0 
b7747000-b7748000 r-xs 00000000 08:08 1193307    /var/cache/fontconfig/4794a0821666d79190d59a36cb4f44b5-le32d4.cache-3
b7748000-b7749000 r-xs 00004000 08:08 1326149    /home/alejo/Dropbox/code/devices3d/lib/base/opengl/gluegen-rt.jar
b7749000-b774a000 r-xs 00003000 08:08 1326148    /home/alejo/Dropbox/code/devices3d/lib/base/opengl/opengl.jar
b774a000-b774b000 r-xp 00571000 08:08 1057169    /usr/lib/locale/locale-archive
b774b000-b7753000 r-xp 00000000 08:08 1573832    /lib/i386-linux-gnu/libnss_compat-2.13.so
b7753000-b7754000 r-xp 00007000 08:08 1573832    /lib/i386-linux-gnu/libnss_compat-2.13.so
b7754000-b7755000 rwxp 00008000 08:08 1573832    /lib/i386-linux-gnu/libnss_compat-2.13.so
b7755000-b7756000 rwxp 00000000 00:00 0 
b7756000-b7757000 r-xp 00000000 00:00 0 
b7757000-b7762000 r-xp 00000000 08:08 1181328    /usr/lib/jvm/java-6-sun-1.6.0.26/jre/lib/i386/libverify.so
b7762000-b7763000 rwxp 0000b000 08:08 1181328    /usr/lib/jvm/java-6-sun-1.6.0.26/jre/lib/i386/libverify.so
b7763000-b7765000 rwxp 00000000 00:00 0 
b7765000-b7766000 r-xp 00000000 00:00 0          [vdso]
b7766000-b7784000 r-xp 00000000 08:08 1573782    /lib/i386-linux-gnu/ld-2.13.so
b7784000-b7785000 r-xp 0001d000 08:08 1573782    /lib/i386-linux-gnu/ld-2.13.so
b7785000-b7786000 rwxp 0001e000 08:08 1573782    /lib/i386-linux-gnu/ld-2.13.so
bfb14000-bfb35000 rwxp 00000000 00:00 0          [stack]

VM Arguments:
jvm_args: -Djava.library.path=/home/alejo/Dropbox/code/devices3d/lib/base/opengl:/home/alejo/Dropbox/code/devices3d/lib/base/opengl:/home/alejo/Dropbox/code/devices3d/lib/base/opengl:/home/alejo/Dropbox/code/devices3d/lib/base/core:/home/alejo/Dropbox/code/devices3d/lib/base/core:/home/alejo/Dropbox/code/devices3d/lib/base/core:/home/alejo/Dropbox/code/devices3d/lib/user/procontroll:/home/alejo/Dropbox/code/devices3d/lib/user/SimpleOpenNI:/home/alejo/Dropbox/code/devices3d/lib/user/fullscreen:/home/alejo/Dropbox/code/devices3d/lib/user/proscene -Djava.security.policy=java.policy.applet -Dfile.encoding=UTF-8 
java_command: sun.applet.AppletViewer devices3d.Devices3d1333676007101.html
Launcher Type: SUN_STANDARD

Environment Variables:
PATH=/opt/microchip/mplabc32/v2.02/bin:/opt/microchip/mplabc30/v3.30c/bin:/usr/lib/lightdm/lightdm:/usr/local/sbin:/usr/local/bin:/usr/sbin:/usr/bin:/sbin:/bin:/usr/games
USERNAME=alejo
LD_LIBRARY_PATH=/usr/lib/jvm/java-6-sun-1.6.0.26/jre/lib/i386/server:/usr/lib/jvm/java-6-sun-1.6.0.26/jre/lib/i386:/usr/lib/jvm/java-6-sun-1.6.0.26/jre/../lib/i386:/usr/lib/jvm/java-6-sun-1.6.0.26/jre/lib/i386/client:/usr/lib/jvm/java-6-sun-1.6.0.26/jre/lib/i386:
SHELL=/bin/bash
DISPLAY=:0.0

Signal Handlers:
SIGSEGV: [libjvm.so+0x725510], sa_mask[0]=0x7ffbfeff, sa_flags=0x10000004
SIGBUS: [libjvm.so+0x725510], sa_mask[0]=0x7ffbfeff, sa_flags=0x10000004
SIGFPE: [libjvm.so+0x5dff20], sa_mask[0]=0x7ffbfeff, sa_flags=0x10000004
SIGPIPE: [libjvm.so+0x5dff20], sa_mask[0]=0x7ffbfeff, sa_flags=0x10000004
SIGXFSZ: [libjvm.so+0x5dff20], sa_mask[0]=0x7ffbfeff, sa_flags=0x10000004
SIGILL: [libjvm.so+0x5dff20], sa_mask[0]=0x7ffbfeff, sa_flags=0x10000004
SIGUSR1: SIG_DFL, sa_mask[0]=0x00000000, sa_flags=0x00000000
SIGUSR2: [libjvm.so+0x5e3160], sa_mask[0]=0x00000004, sa_flags=0x10000004
SIGHUP: [libjvm.so+0x5e2d40], sa_mask[0]=0x7ffbfeff, sa_flags=0x10000004
SIGINT: [libjvm.so+0x5e2d40], sa_mask[0]=0x7ffbfeff, sa_flags=0x10000004
SIGTERM: [libjvm.so+0x5e2d40], sa_mask[0]=0x7ffbfeff, sa_flags=0x10000004
SIGQUIT: [libjvm.so+0x5e2d40], sa_mask[0]=0x7ffbfeff, sa_flags=0x10000004


---------------  S Y S T E M  ---------------

OS:wheezy/sid

uname:Linux 3.0.0-12-generic #20-Ubuntu SMP Fri Oct 7 14:50:42 UTC 2011 i686
libc:glibc 2.13 NPTL 2.13 
rlimit: STACK 8192k, CORE 0k, NPROC 26110, NOFILE 4096, AS infinity
load average:0.15 0.10 0.13

/proc/meminfo:
MemTotal:        3356112 kB
MemFree:          436884 kB
Buffers:          312764 kB
Cached:          1043968 kB
SwapCached:            0 kB
Active:          1546216 kB
Inactive:         996480 kB
Active(anon):    1188352 kB
Inactive(anon):    11568 kB
Active(file):     357864 kB
Inactive(file):   984912 kB
Unevictable:          16 kB
Mlocked:              16 kB
HighTotal:       2497096 kB
HighFree:          41648 kB
LowTotal:         859016 kB
LowFree:          395236 kB
SwapTotal:      14645240 kB
SwapFree:       14645240 kB
Dirty:               432 kB
Writeback:             0 kB
AnonPages:       1185948 kB
Mapped:           328432 kB
Shmem:             13960 kB
Slab:              98088 kB
SReclaimable:      76460 kB
SUnreclaim:        21628 kB
KernelStack:        4488 kB
PageTables:        22156 kB
NFS_Unstable:          0 kB
Bounce:                0 kB
WritebackTmp:          0 kB
CommitLimit:    16323296 kB
Committed_AS:    4306272 kB
VmallocTotal:     122880 kB
VmallocUsed:       59252 kB
VmallocChunk:      58104 kB
HardwareCorrupted:     0 kB
AnonHugePages:         0 kB
HugePages_Total:       0
HugePages_Free:        0
HugePages_Rsvd:        0
HugePages_Surp:        0
Hugepagesize:       4096 kB
DirectMap4k:       12280 kB
DirectMap4M:      897024 kB


CPU:total 4 (4 cores per cpu, 1 threads per core) family 16 model 4 stepping 3, cmov, cx8, fxsr, mmx, sse, sse2, sse3, popcnt, mmxext, 3dnow, 3dnowext, lzcnt, sse4a

/proc/cpuinfo:
processor	: 0
vendor_id	: AuthenticAMD
cpu family	: 16
model		: 4
model name	: AMD Phenom(tm) II X4 945 Processor
stepping	: 3
cpu MHz		: 3010.822
cache size	: 512 KB
physical id	: 0
siblings	: 4
core id		: 0
cpu cores	: 4
apicid		: 0
initial apicid	: 0
fdiv_bug	: no
hlt_bug		: no
f00f_bug	: no
coma_bug	: no
fpu		: yes
fpu_exception	: yes
cpuid level	: 5
wp		: yes
flags		: fpu vme de pse tsc msr pae mce cx8 apic mtrr pge mca cmov pat pse36 clflush mmx fxsr sse sse2 ht syscall nx mmxext fxsr_opt pdpe1gb rdtscp lm 3dnowext 3dnow constant_tsc nonstop_tsc extd_apicid pni monitor cx16 popcnt lahf_lm cmp_legacy svm extapic cr8_legacy abm sse4a misalignsse 3dnowprefetch osvw ibs skinit wdt npt lbrv svm_lock nrip_save
bogomips	: 6021.64
clflush size	: 64
cache_alignment	: 64
address sizes	: 48 bits physical, 48 bits virtual
power management: ts ttp tm stc 100mhzsteps hwpstate

processor	: 1
vendor_id	: AuthenticAMD
cpu family	: 16
model		: 4
model name	: AMD Phenom(tm) II X4 945 Processor
stepping	: 3
cpu MHz		: 3010.822
cache size	: 512 KB
physical id	: 0
siblings	: 4
core id		: 1
cpu cores	: 4
apicid		: 1
initial apicid	: 1
fdiv_bug	: no
hlt_bug		: no
f00f_bug	: no
coma_bug	: no
fpu		: yes
fpu_exception	: yes
cpuid level	: 5
wp		: yes
flags		: fpu vme de pse tsc msr pae mce cx8 apic mtrr pge mca cmov pat pse36 clflush mmx fxsr sse sse2 ht syscall nx mmxext fxsr_opt pdpe1gb rdtscp lm 3dnowext 3dnow constant_tsc nonstop_tsc extd_apicid pni monitor cx16 popcnt lahf_lm cmp_legacy svm extapic cr8_legacy abm sse4a misalignsse 3dnowprefetch osvw ibs skinit wdt npt lbrv svm_lock nrip_save
bogomips	: 6020.55
clflush size	: 64
cache_alignment	: 64
address sizes	: 48 bits physical, 48 bits virtual
power management: ts ttp tm stc 100mhzsteps hwpstate

processor	: 2
vendor_id	: AuthenticAMD
cpu family	: 16
model		: 4
model name	: AMD Phenom(tm) II X4 945 Processor
stepping	: 3
cpu MHz		: 3010.822
cache size	: 512 KB
physical id	: 0
siblings	: 4
core id		: 2
cpu cores	: 4
apicid		: 2
initial apicid	: 2
fdiv_bug	: no
hlt_bug		: no
f00f_bug	: no
coma_bug	: no
fpu		: yes
fpu_exception	: yes
cpuid level	: 5
wp		: yes
flags		: fpu vme de pse tsc msr pae mce cx8 apic mtrr pge mca cmov pat pse36 clflush mmx fxsr sse sse2 ht syscall nx mmxext fxsr_opt pdpe1gb rdtscp lm 3dnowext 3dnow constant_tsc nonstop_tsc extd_apicid pni monitor cx16 popcnt lahf_lm cmp_legacy svm extapic cr8_legacy abm sse4a misalignsse 3dnowprefetch osvw ibs skinit wdt npt lbrv svm_lock nrip_save
bogomips	: 6020.55
clflush size	: 64
cache_alignment	: 64
address sizes	: 48 bits physical, 48 bits virtual
power management: ts ttp tm stc 100mhzsteps hwpstate

processor	: 3
vendor_id	: AuthenticAMD
cpu family	: 16
model		: 4
model name	: AMD Phenom(tm) II X4 945 Processor
stepping	: 3
cpu MHz		: 3010.822
cache size	: 512 KB
physical id	: 0
siblings	: 4
core id		: 3
cpu cores	: 4
apicid		: 3
initial apicid	: 3
fdiv_bug	: no
hlt_bug		: no
f00f_bug	: no
coma_bug	: no
fpu		: yes
fpu_exception	: yes
cpuid level	: 5
wp		: yes
flags		: fpu vme de pse tsc msr pae mce cx8 apic mtrr pge mca cmov pat pse36 clflush mmx fxsr sse sse2 ht syscall nx mmxext fxsr_opt pdpe1gb rdtscp lm 3dnowext 3dnow constant_tsc nonstop_tsc extd_apicid pni monitor cx16 popcnt lahf_lm cmp_legacy svm extapic cr8_legacy abm sse4a misalignsse 3dnowprefetch osvw ibs skinit wdt npt lbrv svm_lock nrip_save
bogomips	: 6020.55
clflush size	: 64
cache_alignment	: 64
address sizes	: 48 bits physical, 48 bits virtual
power management: ts ttp tm stc 100mhzsteps hwpstate



Memory: 4k page, physical 3356112k(436884k free), swap 14645240k(14645240k free)

vm_info: Java HotSpot(TM) Server VM (20.1-b02) for linux-x86 JRE (1.6.0_26-b03), built on May  4 2011 01:04:10 by "java_re" with gcc 3.2.1-7a (J2SE release)

time: Thu Apr  5 20:33:27 2012
elapsed time: 0 seconds

