#
# A fatal error has been detected by the Java Runtime Environment:
#
#  SIGSEGV (0xb) at pc=0x7a9cbd5a, pid=8555, tid=2061167472
#
# JRE version: 6.0_26-b03
# Java VM: Java HotSpot(TM) Server VM (20.1-b02 mixed mode linux-x86 )
# Problematic frame:
# C  [libOpenNI.so+0x33d5a]  long long+0x1a
#
# If you would like to submit a bug report, please visit:
#   http://java.sun.com/webapps/bugreport/crash.jsp
# The crash happened outside the Java Virtual Machine in native code.
# See problematic frame for where to report the bug.
#

---------------  T H R E A D  ---------------

Current thread (0x08386000):  JavaThread "Animation Thread" [_thread_in_native, id=8581, stack(0x7ad5e000,0x7adaf000)]

siginfo:si_signo=SIGSEGV: si_errno=0, si_code=1 (SEGV_MAPERR), si_addr=0x00000000

Registers:
EAX=0x00000000, EBX=0x7aa15ff4, ECX=0x00000001, EDX=0x7acb9688
ESP=0x7adada40, EBP=0x7adada68, ESI=0x00000000, EDI=0x08386000
EIP=0x7a9cbd5a, EFLAGS=0x00010202, CR2=0x00000000

Top of Stack: (sp=0x7adada40)
0x7adada40:   7a99adec 7aafcff4 7cc69808 08386000
0x7adada50:   7adada88 b781cc30 7acb9688 7a9cbd40
0x7adada60:   7aafcff4 7cc69808 7adada88 7aab298c
0x7adada70:   00000000 7acb9688 7acb9688 7aab2966
0x7adada80:   7acb9618 7aafcff4 7adadab8 7aab96f1
0x7adada90:   7acb9618 7acb9688 00000000 00000000
0x7adadaa0:   7adadad8 b781cc30 08386000 7aab9601
0x7adadab0:   7aafcff4 7cc69808 7adadad8 7aab9825 

Instructions: (pc=0x7a9cbd5a)
0x7a9cbd3a:   bc 27 00 00 00 00 55 89 e5 83 ec 28 89 75 fc 8b
0x7a9cbd4a:   75 08 89 5d f8 e8 13 a8 fd ff 81 c3 a0 a2 04 00
0x7a9cbd5a:   8b 06 8b 50 08 85 d2 74 0c 8b 40 04 8b 00 a9 00
0x7a9cbd6a:   00 01 00 75 11 8b 5d f8 b8 12 00 01 00 8b 75 fc 

Register to memory mapping:

EAX=0x00000000 is an unknown value
EBX=0x7aa15ff4: <offset 0x7dff4> in /usr/lib/libOpenNI.so at 0x7a998000
ECX=0x00000001 is an unknown value
EDX=0x7acb9688 is an unknown value
ESP=0x7adada40 is pointing into the stack for thread: 0x08386000
EBP=0x7adada68 is pointing into the stack for thread: 0x08386000
ESI=0x00000000 is an unknown value
EDI=0x08386000 is a thread


Stack: [0x7ad5e000,0x7adaf000],  sp=0x7adada40,  free space=318k
Native frames: (J=compiled Java code, j=interpreted, Vv=VM code, C=native code)
C  [libOpenNI.so+0x33d5a]  long long+0x1a
C  [libSimpleOpenNI.so+0x9a98c]  xn::MapGenerator::SetMapOutputMode(XnMapOutputMode const&)+0x26
C  [libSimpleOpenNI.so+0xa16f1]  sOpenNI::ContextWrapper::createDepth(bool)+0xdb
C  [libSimpleOpenNI.so+0xa1825]  sOpenNI::ContextWrapper::enableDepth()+0x6b
C  [libSimpleOpenNI.so+0x848c6]  Java_SimpleOpenNI_SimpleOpenNIJNI_ContextWrapper_1enableDepthSwigExplicitContextWrapper_1_1SWIG_10+0x3c
j  SimpleOpenNI.SimpleOpenNIJNI.ContextWrapper_enableDepthSwigExplicitContextWrapper__SWIG_0(JLSimpleOpenNI/ContextWrapper;)Z+0
j  SimpleOpenNI.ContextWrapper.enableDepth()Z+26
j  SimpleOpenNI.SimpleOpenNI.enableDepth()Z+1
j  remixlab.devices.Kinect.<init>(Lprocessing/core/PApplet;Lremixlab/proscene/Scene;)V+56
j  devices3d.Devices3d.setup()V+290
j  processing.core.PApplet.handleDraw()V+65
j  processing.core.PApplet.run()V+72
j  java.lang.Thread.run()V+11
v  ~StubRoutines::call_stub
V  [libjvm.so+0x3dff01]  JavaCalls::call_helper(JavaValue*, methodHandle*, JavaCallArguments*, Thread*)+0x1c1
V  [libjvm.so+0x5e1298]  os::os_exception_wrapper(void (*)(JavaValue*, methodHandle*, JavaCallArguments*, Thread*), JavaValue*, methodHandle*, JavaCallArguments*, Thread*)+0x18
V  [libjvm.so+0x3df775]  JavaCalls::call_virtual(JavaValue*, KlassHandle, symbolHandle, symbolHandle, JavaCallArguments*, Thread*)+0xc5
V  [libjvm.so+0x3df838]  JavaCalls::call_virtual(JavaValue*, Handle, KlassHandle, symbolHandle, symbolHandle, Thread*)+0x58
V  [libjvm.so+0x4642d7]  thread_entry(JavaThread*, Thread*)+0xa7
V  [libjvm.so+0x6e16bf]  JavaThread::run()+0x11f
V  [libjvm.so+0x5e2aee]  java_start(Thread*)+0x14e
C  [libpthread.so.0+0x6d31]  short+0xd1

Java frames: (J=compiled Java code, j=interpreted, Vv=VM code)
j  SimpleOpenNI.SimpleOpenNIJNI.ContextWrapper_enableDepthSwigExplicitContextWrapper__SWIG_0(JLSimpleOpenNI/ContextWrapper;)Z+0
j  SimpleOpenNI.ContextWrapper.enableDepth()Z+26
j  SimpleOpenNI.SimpleOpenNI.enableDepth()Z+1
j  remixlab.devices.Kinect.<init>(Lprocessing/core/PApplet;Lremixlab/proscene/Scene;)V+56
j  devices3d.Devices3d.setup()V+290
j  processing.core.PApplet.handleDraw()V+65
j  processing.core.PApplet.run()V+72
j  java.lang.Thread.run()V+11
v  ~StubRoutines::call_stub

---------------  P R O C E S S  ---------------

Java Threads: ( => current thread )
  0x7ac44400 JavaThread "process reaper" daemon [_thread_in_native, id=8586, stack(0x7ad0d000,0x7ad5e000)]
=>0x08386000 JavaThread "Animation Thread" [_thread_in_native, id=8581, stack(0x7ad5e000,0x7adaf000)]
  0x08384800 JavaThread "AWT-EventQueue-1" [_thread_blocked, id=8580, stack(0x7adaf000,0x7ae00000)]
  0x7ac4b000 JavaThread "DestroyJavaVM" [_thread_blocked, id=8560, stack(0xb69a4000,0xb69f5000)]
  0x7ae93c00 JavaThread "AWT-EventQueue-0" [_thread_blocked, id=8578, stack(0x7af33000,0x7af84000)]
  0x7aebf800 JavaThread "AWT-Shutdown" [_thread_blocked, id=8577, stack(0x7af84000,0x7afd5000)]
  0x7ae0ec00 JavaThread "thread applet-devices3d.Devices3d.class" [_thread_blocked, id=8576, stack(0x7b06f000,0x7b0c0000)]
  0x7ae0bc00 JavaThread "AWT-XAWT" daemon [_thread_in_native, id=8574, stack(0x7b0c0000,0x7b111000)]
  0x0828c000 JavaThread "Java2D Disposer" daemon [_thread_blocked, id=8573, stack(0x7b165000,0x7b1b6000)]
  0x7beab000 JavaThread "Low Memory Detector" daemon [_thread_blocked, id=8571, stack(0x7b64c000,0x7b69d000)]
  0x7bea9400 JavaThread "C2 CompilerThread1" daemon [_thread_blocked, id=8570, stack(0x7b69d000,0x7b71e000)]
  0x7bea7400 JavaThread "C2 CompilerThread0" daemon [_thread_blocked, id=8569, stack(0x7b71e000,0x7b79f000)]
  0x7bea5800 JavaThread "Signal Dispatcher" daemon [_thread_blocked, id=8568, stack(0x7b79f000,0x7b7f0000)]
  0x7be97800 JavaThread "Finalizer" daemon [_thread_blocked, id=8567, stack(0x7bf1e000,0x7bf6f000)]
  0x7be96000 JavaThread "Reference Handler" daemon [_thread_blocked, id=8566, stack(0x7bb62000,0x7bbb3000)]

Other Threads:
  0x7be92400 VMThread [stack: 0x7bbb3000,0x7bc34000] [id=8565]
  0x7beb5400 WatcherThread [stack: 0x7b5cb000,0x7b64c000] [id=8572]

VM state:not at safepoint (normal execution)

VM Mutex/Monitor currently owned by a thread: None

Heap
 PSYoungGen      total 15296K, used 10350K [0xa2710000, 0xa44f0000, 0xb3860000)
  eden space 13120K, 66% used [0xa2710000,0xa2f9b6f8,0xa33e0000)
  from space 2176K, 73% used [0xa33e0000,0xa3570290,0xa3600000)
  to   space 2176K, 0% used [0xa42d0000,0xa42d0000,0xa44f0000)
 PSOldGen        total 35008K, used 5968K [0x80460000, 0x82690000, 0xa2710000)
  object space 35008K, 17% used [0x80460000,0x80a34310,0x82690000)
 PSPermGen       total 16384K, used 8349K [0x7c460000, 0x7d460000, 0x80460000)
  object space 16384K, 50% used [0x7c460000,0x7cc87500,0x7d460000)

Code Cache  [0xb3928000, 0xb3b68000, 0xb6928000)
 total_blobs=329 nmethods=40 adapters=244 free_code_cache=49886976 largest_free_block=11776

Dynamic libraries:
08048000-08052000 r-xp 00000000 08:08 1181081    /usr/lib/jvm/java-6-sun-1.6.0.26/jre/bin/java
08052000-08053000 rwxp 00009000 08:08 1181081    /usr/lib/jvm/java-6-sun-1.6.0.26/jre/bin/java
081df000-08502000 rwxp 00000000 00:00 0          [heap]
79254000-792dd000 r-xp 00000000 08:08 1070238    /usr/lib/libXnDeviceSensorV2KM.so
792dd000-792e6000 r-xp 00088000 08:08 1070238    /usr/lib/libXnDeviceSensorV2KM.so
792e6000-792e7000 rwxp 00091000 08:08 1070238    /usr/lib/libXnDeviceSensorV2KM.so
792e7000-793c7000 r-xp 00000000 08:08 1064091    /usr/lib/libXnVHandGenerator_1_5_0.so
793c7000-793ca000 r-xp 000df000 08:08 1064091    /usr/lib/libXnVHandGenerator_1_5_0.so
793ca000-793cb000 rwxp 000e2000 08:08 1064091    /usr/lib/libXnVHandGenerator_1_5_0.so
793cb000-793d7000 rwxp 00000000 00:00 0 
793d7000-797ca000 r-xp 00000000 08:08 1064087    /usr/lib/libXnVFeatures_1_5_0.so
797ca000-797cb000 ---p 003f3000 08:08 1064087    /usr/lib/libXnVFeatures_1_5_0.so
797cb000-797d3000 r-xp 003f3000 08:08 1064087    /usr/lib/libXnVFeatures_1_5_0.so
797d3000-797d4000 rwxp 003fb000 08:08 1064087    /usr/lib/libXnVFeatures_1_5_0.so
797d4000-797e8000 rwxp 00000000 00:00 0 
797e8000-79815000 r-xp 00000000 08:08 1064003    /usr/lib/libXnDeviceFile.so
79815000-79816000 r-xp 0002d000 08:08 1064003    /usr/lib/libXnDeviceFile.so
79816000-79817000 rwxp 0002e000 08:08 1064003    /usr/lib/libXnDeviceFile.so
79817000-79869000 r-xp 00000000 08:08 1064002    /usr/lib/libXnDDK.so
79869000-7986b000 r-xp 00051000 08:08 1064002    /usr/lib/libXnDDK.so
7986b000-7986c000 rwxp 00053000 08:08 1064002    /usr/lib/libXnDDK.so
7986c000-79890000 r-xp 00000000 08:08 1064005    /usr/lib/libXnFormats.so
79890000-79891000 r-xp 00023000 08:08 1064005    /usr/lib/libXnFormats.so
79891000-79892000 rwxp 00024000 08:08 1064005    /usr/lib/libXnFormats.so
79892000-798b2000 rwxp 00000000 00:00 0 
798ce000-79967000 r-xp 00000000 08:08 1064004    /usr/lib/libXnDeviceSensorV2.so
79967000-79970000 r-xp 00098000 08:08 1064004    /usr/lib/libXnDeviceSensorV2.so
79970000-79971000 rwxp 000a1000 08:08 1064004    /usr/lib/libXnDeviceSensorV2.so
79971000-79a54000 r-xp 00000000 08:08 1064000    /usr/lib/libXnVHandGenerator_1_5_2.so
79a54000-79a57000 r-xp 000e3000 08:08 1064000    /usr/lib/libXnVHandGenerator_1_5_2.so
79a57000-79a58000 rwxp 000e6000 08:08 1064000    /usr/lib/libXnVHandGenerator_1_5_2.so
79a58000-79a64000 rwxp 00000000 00:00 0 
79a64000-79b39000 r-xp 00000000 08:08 1063997    /usr/lib/libXnVHandGenerator_1_4_2.so
79b39000-79b3a000 ---p 000d5000 08:08 1063997    /usr/lib/libXnVHandGenerator_1_4_2.so
79b3a000-79b3c000 r-xp 000d5000 08:08 1063997    /usr/lib/libXnVHandGenerator_1_4_2.so
79b3c000-79b3d000 rwxp 000d7000 08:08 1063997    /usr/lib/libXnVHandGenerator_1_4_2.so
79b3d000-79b3f000 rwxp 00000000 00:00 0 
79b3f000-79c13000 r-xp 00000000 08:08 1063994    /usr/lib/libXnVHandGenerator_1_4_1.so
79c13000-79c14000 ---p 000d4000 08:08 1063994    /usr/lib/libXnVHandGenerator_1_4_1.so
79c14000-79c16000 r-xp 000d4000 08:08 1063994    /usr/lib/libXnVHandGenerator_1_4_1.so
79c16000-79c17000 rwxp 000d6000 08:08 1063994    /usr/lib/libXnVHandGenerator_1_4_1.so
79c17000-79c19000 rwxp 00000000 00:00 0 
79c19000-79cf7000 r-xp 00000000 08:08 1063991    /usr/lib/libXnVHandGenerator_1_3_1.so
79cf7000-79cfa000 r-xp 000dd000 08:08 1063991    /usr/lib/libXnVHandGenerator_1_3_1.so
79cfa000-79cfb000 rwxp 000e0000 08:08 1063991    /usr/lib/libXnVHandGenerator_1_3_1.so
79cfb000-79cfd000 rwxp 00000000 00:00 0 
79cfd000-7a0fe000 r-xp 00000000 08:08 1063984    /usr/lib/libXnVFeatures_1_5_2.so
7a0fe000-7a0ff000 ---p 00401000 08:08 1063984    /usr/lib/libXnVFeatures_1_5_2.so
7a0ff000-7a107000 r-xp 00401000 08:08 1063984    /usr/lib/libXnVFeatures_1_5_2.so
7a107000-7a108000 rwxp 00409000 08:08 1063984    /usr/lib/libXnVFeatures_1_5_2.so
7a108000-7a11c000 rwxp 00000000 00:00 0 
7a11c000-7a303000 r-xp 00000000 08:08 1063973    /usr/lib/libXnVFeatures_1_4_2.so
7a303000-7a306000 r-xp 001e6000 08:08 1063973    /usr/lib/libXnVFeatures_1_4_2.so
7a306000-7a307000 rwxp 001e9000 08:08 1063973    /usr/lib/libXnVFeatures_1_4_2.so
7a307000-7a30c000 rwxp 00000000 00:00 0 
7a30c000-7a4f3000 r-xp 00000000 08:08 1063968    /usr/lib/libXnVFeatures_1_4_1.so
7a4f3000-7a4f6000 r-xp 001e6000 08:08 1063968    /usr/lib/libXnVFeatures_1_4_1.so
7a4f6000-7a4f7000 rwxp 001e9000 08:08 1063968    /usr/lib/libXnVFeatures_1_4_1.so
7a4f7000-7a4fc000 rwxp 00000000 00:00 0 
7a4fc000-7a71a000 r-xp 00000000 08:08 1063963    /usr/lib/libXnVFeatures_1_3_1.so
7a71a000-7a71b000 ---p 0021e000 08:08 1063963    /usr/lib/libXnVFeatures_1_3_1.so
7a71b000-7a71e000 r-xp 0021e000 08:08 1063963    /usr/lib/libXnVFeatures_1_3_1.so
7a71e000-7a71f000 rwxp 00221000 08:08 1063963    /usr/lib/libXnVFeatures_1_3_1.so
7a71f000-7a724000 rwxp 00000000 00:00 0 
7a724000-7a747000 r-xp 00000000 08:08 1063813    /usr/lib/libnimRecorder.so
7a747000-7a748000 r-xp 00023000 08:08 1063813    /usr/lib/libnimRecorder.so
7a748000-7a749000 rwxp 00024000 08:08 1063813    /usr/lib/libnimRecorder.so
7a749000-7a77d000 r-xp 00000000 08:08 1063811    /usr/lib/libnimCodecs.so
7a77d000-7a77e000 ---p 00034000 08:08 1063811    /usr/lib/libnimCodecs.so
7a77e000-7a780000 r-xp 00034000 08:08 1063811    /usr/lib/libnimCodecs.so
7a780000-7a781000 rwxp 00036000 08:08 1063811    /usr/lib/libnimCodecs.so
7a781000-7a7a1000 rwxp 00000000 00:00 0 
7a7a1000-7a7d2000 r-xp 00000000 08:08 1063812    /usr/lib/libnimMockNodes.so
7a7d2000-7a7d8000 r-xp 00031000 08:08 1063812    /usr/lib/libnimMockNodes.so
7a7d8000-7a7d9000 rwxp 00037000 08:08 1063812    /usr/lib/libnimMockNodes.so
7a7d9000-7a8b7000 r-xp 00000000 08:08 1056768    /usr/lib/i386-linux-gnu/libstdc++.so.6.0.16
7a8b7000-7a8b8000 ---p 000de000 08:08 1056768    /usr/lib/i386-linux-gnu/libstdc++.so.6.0.16
7a8b8000-7a8bc000 r-xp 000de000 08:08 1056768    /usr/lib/i386-linux-gnu/libstdc++.so.6.0.16
7a8bc000-7a8bd000 rwxp 000e2000 08:08 1056768    /usr/lib/i386-linux-gnu/libstdc++.so.6.0.16
7a8bd000-7a8c4000 rwxp 00000000 00:00 0 
7a8c4000-7a994000 r-xp 00000000 08:08 1063882    /usr/lib/libXnVNite_1_3_1.so
7a994000-7a997000 r-xp 000cf000 08:08 1063882    /usr/lib/libXnVNite_1_3_1.so
7a997000-7a998000 rwxp 000d2000 08:08 1063882    /usr/lib/libXnVNite_1_3_1.so
7a998000-7aa14000 r-xp 00000000 08:08 1063815    /usr/lib/libOpenNI.so
7aa14000-7aa16000 r-xp 0007c000 08:08 1063815    /usr/lib/libOpenNI.so
7aa16000-7aa18000 rwxp 0007e000 08:08 1063815    /usr/lib/libOpenNI.so
7aa18000-7aafa000 r-xp 00000000 08:08 1199735    /home/alejo/Dropbox/code/devices3d/lib/user/SimpleOpenNI/libSimpleOpenNI.so
7aafa000-7aafb000 ---p 000e2000 08:08 1199735    /home/alejo/Dropbox/code/devices3d/lib/user/SimpleOpenNI/libSimpleOpenNI.so
7aafb000-7aafd000 r-xp 000e2000 08:08 1199735    /home/alejo/Dropbox/code/devices3d/lib/user/SimpleOpenNI/libSimpleOpenNI.so
7aafd000-7ab00000 rwxp 000e4000 08:08 1199735    /home/alejo/Dropbox/code/devices3d/lib/user/SimpleOpenNI/libSimpleOpenNI.so
7ab00000-7ab81000 rwxp 00000000 00:00 0 
7ab81000-7ac00000 ---p 00000000 00:00 0 
7ac00000-7acee000 rwxp 00000000 00:00 0 
7acee000-7ad00000 ---p 00000000 00:00 0 
7ad0d000-7ad10000 ---p 00000000 00:00 0 
7ad10000-7ad5e000 rwxp 00000000 00:00 0 
7ad5e000-7ad61000 ---p 00000000 00:00 0 
7ad61000-7adaf000 rwxp 00000000 00:00 0 
7adaf000-7adb2000 ---p 00000000 00:00 0 
7adb2000-7ae00000 rwxp 00000000 00:00 0 
7ae00000-7aeec000 rwxp 00000000 00:00 0 
7aeec000-7af00000 ---p 00000000 00:00 0 
7af15000-7af31000 r-xp 00000000 08:08 1573816    /lib/i386-linux-gnu/libgcc_s.so.1
7af31000-7af32000 r-xp 0001b000 08:08 1573816    /lib/i386-linux-gnu/libgcc_s.so.1
7af32000-7af33000 rwxp 0001c000 08:08 1573816    /lib/i386-linux-gnu/libgcc_s.so.1
7af33000-7af36000 ---p 00000000 00:00 0 
7af36000-7af84000 rwxp 00000000 00:00 0 
7af84000-7af87000 ---p 00000000 00:00 0 
7af87000-7afd5000 rwxp 00000000 00:00 0 
7afd5000-7afd6000 r-xs 00000000 08:08 1188895    /var/cache/fontconfig/c05880de57d1f5e948fdfacc138775d9-le32d4.cache-3
7afd6000-7afdc000 r-xs 00000000 08:08 1188892    /var/cache/fontconfig/945677eb7aeaf62f1d50efc3fb3ec7d8-le32d4.cache-3
7afdc000-7afde000 r-xs 00000000 08:08 1188893    /var/cache/fontconfig/99e8ed0e538f840c565b6ed5dad60d56-le32d4.cache-3
7afde000-7afe1000 r-xs 00000000 08:08 1206717    /var/cache/fontconfig/e383d7ea5fbe662a33d9b44caf393297-le32d4.cache-3
7afe1000-7afe4000 r-xs 00000000 08:08 1188879    /var/cache/fontconfig/2cd17615ca594fa2959ae173292e504c-le32d4.cache-3
7afe4000-7afe5000 r-xs 00000000 08:08 1188903    /var/cache/fontconfig/e7071f4a29fa870f4323321c154eba04-le32d4.cache-3
7afe5000-7afe7000 r-xs 00000000 08:08 1191776    /var/cache/fontconfig/b5ea634b0fb353b8ea17632d1f9ef766-le32d4.cache-3
7afe7000-7afeb000 r-xs 00000000 08:08 1188894    /var/cache/fontconfig/a755afe4a08bf5b97852ceb7400b47bc-le32d4.cache-3
7afeb000-7afef000 r-xs 00000000 08:08 1188884    /var/cache/fontconfig/515ca1ebc4b18308bea979be5704f9db-le32d4.cache-3
7afef000-7aff6000 r-xs 00000000 08:08 1188888    /var/cache/fontconfig/6d41288fd70b0be22e8c3a91e032eec0-le32d4.cache-3
7aff6000-7b001000 r-xs 00000000 08:08 1188877    /var/cache/fontconfig/0f34bcd4b6ee430af32735b75db7f02b-le32d4.cache-3
7b001000-7b023000 r-xs 00000000 08:08 1206716    /var/cache/fontconfig/365b55f210c0a22e9a19e35191240f32-le32d4.cache-3
7b023000-7b030000 r-xs 00000000 08:08 1188899    /var/cache/fontconfig/d52a8644073d54c13679302ca1180695-le32d4.cache-3
7b030000-7b03e000 r-xs 00000000 08:08 1190496    /var/cache/fontconfig/e13b20fdb08344e0e664864cc2ede53d-le32d4.cache-3
7b03f000-7b04a000 r-xp 00000000 08:08 408705     /opt/microchip/mplabx/mplab_ide/mplablibs/modules/lib/libusb-1.0.so.0.0.0
7b04a000-7b04b000 rwxp 0000a000 08:08 408705     /opt/microchip/mplabx/mplab_ide/mplablibs/modules/lib/libusb-1.0.so.0.0.0
7b066000-7b067000 rwxp 00000000 00:00 0 
7b067000-7b06e000 r-xp 00000000 08:08 1181319    /usr/lib/jvm/java-6-sun-1.6.0.26/jre/lib/i386/libnio.so
7b06e000-7b06f000 rwxp 00006000 08:08 1181319    /usr/lib/jvm/java-6-sun-1.6.0.26/jre/lib/i386/libnio.so
7b06f000-7b072000 ---p 00000000 00:00 0 
7b072000-7b0c0000 rwxp 00000000 00:00 0 
7b0c0000-7b0c3000 ---p 00000000 00:00 0 
7b0c3000-7b111000 rwxp 00000000 00:00 0 
7b111000-7b115000 r-xp 00000000 08:08 1056426    /usr/lib/i386-linux-gnu/libXfixes.so.3.1.0
7b115000-7b116000 r-xp 00003000 08:08 1056426    /usr/lib/i386-linux-gnu/libXfixes.so.3.1.0
7b116000-7b117000 rwxp 00004000 08:08 1056426    /usr/lib/i386-linux-gnu/libXfixes.so.3.1.0
7b117000-7b120000 r-xp 00000000 08:08 1056446    /usr/lib/i386-linux-gnu/libXrender.so.1.3.0
7b120000-7b121000 r-xp 00008000 08:08 1056446    /usr/lib/i386-linux-gnu/libXrender.so.1.3.0
7b121000-7b122000 rwxp 00009000 08:08 1056446    /usr/lib/i386-linux-gnu/libXrender.so.1.3.0
7b122000-7b12b000 r-xp 00000000 08:08 1056410    /usr/lib/i386-linux-gnu/libXcursor.so.1.0.2
7b12b000-7b12c000 r-xp 00008000 08:08 1056410    /usr/lib/i386-linux-gnu/libXcursor.so.1.0.2
7b12c000-7b12d000 rwxp 00009000 08:08 1056410    /usr/lib/i386-linux-gnu/libXcursor.so.1.0.2
7b12d000-7b130000 r-xp 00000000 08:08 1064001    /usr/lib/libXnCore.so
7b130000-7b131000 r-xp 00002000 08:08 1064001    /usr/lib/libXnCore.so
7b131000-7b132000 rwxp 00003000 08:08 1064001    /usr/lib/libXnCore.so
7b132000-7b133000 r-xp 00000000 08:08 1181308    /usr/lib/jvm/java-6-sun-1.6.0.26/jre/lib/i386/libjawt.so
7b133000-7b134000 rwxp 00000000 08:08 1181308    /usr/lib/jvm/java-6-sun-1.6.0.26/jre/lib/i386/libjawt.so
7b134000-7b148000 r-xp 00000000 08:08 1181318    /usr/lib/jvm/java-6-sun-1.6.0.26/jre/lib/i386/libnet.so
7b148000-7b149000 rwxp 00013000 08:08 1181318    /usr/lib/jvm/java-6-sun-1.6.0.26/jre/lib/i386/libnet.so
7b149000-7b14d000 r-xs 00000000 08:08 1188889    /var/cache/fontconfig/6eb3985aa4124903f6ff08ba781cd364-le32d4.cache-3
7b14d000-7b14e000 r-xs 00000000 08:08 1188883    /var/cache/fontconfig/4c73fe0c47614734b17d736dbde7580a-le32d4.cache-3
7b14e000-7b154000 r-xs 00000000 08:08 1206713    /var/cache/fontconfig/153bb866d4d26e7cd19eee2129f8d8d2-le32d4.cache-3
7b154000-7b157000 r-xs 00000000 08:08 1206715    /var/cache/fontconfig/7ef2298fde41cc6eeb7af42e48b7d293-le32d4.cache-3
7b157000-7b165000 r-xs 00000000 08:08 1190505    /var/cache/fontconfig/865f88548240fee46819705c6468c165-le32d4.cache-3
7b165000-7b168000 ---p 00000000 00:00 0 
7b168000-7b1b6000 rwxp 00000000 00:00 0 
7b1b6000-7b22f000 r-xp 00000000 08:08 1181295    /usr/lib/jvm/java-6-sun-1.6.0.26/jre/lib/i386/libfontmanager.so
7b22f000-7b239000 rwxp 00078000 08:08 1181295    /usr/lib/jvm/java-6-sun-1.6.0.26/jre/lib/i386/libfontmanager.so
7b239000-7b23e000 rwxp 00000000 00:00 0 
7b23e000-7b255000 r-xs 0015b000 08:08 1199687    /home/alejo/Dropbox/code/devices3d/lib/base/core/ant.jar
7b255000-7b272000 r-xp 00000000 08:08 1056813    /usr/lib/i386-linux-gnu/libxcb.so.1.1.0
7b272000-7b273000 r-xp 0001c000 08:08 1056813    /usr/lib/i386-linux-gnu/libxcb.so.1.1.0
7b273000-7b274000 rwxp 0001d000 08:08 1056813    /usr/lib/i386-linux-gnu/libxcb.so.1.1.0
7b274000-7b282000 r-xp 00000000 08:08 1056434    /usr/lib/i386-linux-gnu/libXi.so.6.1.0
7b282000-7b283000 r-xp 0000d000 08:08 1056434    /usr/lib/i386-linux-gnu/libXi.so.6.1.0
7b283000-7b284000 rwxp 0000e000 08:08 1056434    /usr/lib/i386-linux-gnu/libXi.so.6.1.0
7b284000-7b3b5000 r-xp 00000000 08:08 1056398    /usr/lib/i386-linux-gnu/libX11.so.6.3.0
7b3b5000-7b3b6000 ---p 00131000 08:08 1056398    /usr/lib/i386-linux-gnu/libX11.so.6.3.0
7b3b6000-7b3b7000 r-xp 00131000 08:08 1056398    /usr/lib/i386-linux-gnu/libX11.so.6.3.0
7b3b7000-7b3b9000 rwxp 00132000 08:08 1056398    /usr/lib/i386-linux-gnu/libX11.so.6.3.0
7b3b9000-7b3ba000 rwxp 00000000 00:00 0 
7b3ba000-7b3fd000 r-xp 00000000 08:08 1181341    /usr/lib/jvm/java-6-sun-1.6.0.26/jre/lib/i386/xawt/libmawt.so
7b3fd000-7b3ff000 rwxp 00043000 08:08 1181341    /usr/lib/jvm/java-6-sun-1.6.0.26/jre/lib/i386/xawt/libmawt.so
7b3ff000-7b400000 rwxp 00000000 00:00 0 
7b400000-7b4f8000 rwxp 00000000 00:00 0 
7b4f8000-7b500000 ---p 00000000 00:00 0 
7b500000-7b501000 r-xs 00000000 08:08 1188876    /var/cache/fontconfig/0d8c3b2ac0904cb8a57a757ad11a4a08-le32d4.cache-3
7b501000-7b506000 r-xp 00000000 08:08 1056418    /usr/lib/i386-linux-gnu/libXdmcp.so.6.0.0
7b506000-7b507000 r-xp 00004000 08:08 1056418    /usr/lib/i386-linux-gnu/libXdmcp.so.6.0.0
7b507000-7b508000 rwxp 00005000 08:08 1056418    /usr/lib/i386-linux-gnu/libXdmcp.so.6.0.0
7b508000-7b519000 r-xp 00000000 08:08 1056422    /usr/lib/i386-linux-gnu/libXext.so.6.4.0
7b519000-7b51a000 r-xp 00010000 08:08 1056422    /usr/lib/i386-linux-gnu/libXext.so.6.4.0
7b51a000-7b51b000 rwxp 00011000 08:08 1056422    /usr/lib/i386-linux-gnu/libXext.so.6.4.0
7b51b000-7b5a0000 r-xp 00000000 08:08 1181290    /usr/lib/jvm/java-6-sun-1.6.0.26/jre/lib/i386/libawt.so
7b5a0000-7b5a7000 rwxp 00085000 08:08 1181290    /usr/lib/jvm/java-6-sun-1.6.0.26/jre/lib/i386/libawt.so
7b5a7000-7b5cb000 rwxp 00000000 00:00 0 
7b5cb000-7b5cc000 ---p 00000000 00:00 0 
7b5cc000-7b64c000 rwxp 00000000 00:00 0 
7b64c000-7b64f000 ---p 00000000 00:00 0 
7b64f000-7b69d000 rwxp 00000000 00:00 0 
7b69d000-7b6a0000 ---p 00000000 00:00 0 
7b6a0000-7b71e000 rwxp 00000000 00:00 0 
7b71e000-7b721000 ---p 00000000 00:00 0 
7b721000-7b79f000 rwxp 00000000 00:00 0 
7b79f000-7b7a2000 ---p 00000000 00:00 0 
7b7a2000-7b7f0000 rwxp 00000000 00:00 0 
7b7f0000-7b7f1000 r-xp 00571000 08:08 1057169    /usr/lib/locale/locale-archive
7b7f1000-7b922000 r-xp 0043d000 08:08 1057169    /usr/lib/locale/locale-archive
7b922000-7b962000 r-xp 002bd000 08:08 1057169    /usr/lib/locale/locale-archive
7b962000-7bb62000 r-xp 00000000 08:08 1057169    /usr/lib/locale/locale-archive
7bb62000-7bb65000 ---p 00000000 00:00 0 
7bb65000-7bbb3000 rwxp 00000000 00:00 0 
7bbb3000-7bbb4000 ---p 00000000 00:00 0 
7bbb4000-7bc68000 rwxp 00000000 00:00 0 
7bc68000-7be00000 r-xs 03029000 08:08 1181157    /usr/lib/jvm/java-6-sun-1.6.0.26/jre/lib/rt.jar
7be00000-7bf00000 rwxp 00000000 00:00 0 
7bf00000-7bf03000 r-xs 00000000 08:08 1188900    /var/cache/fontconfig/d60319d88cac85ba9e1a07bd06cfbb8c-le32d4.cache-3
7bf03000-7bf06000 r-xs 00017000 08:08 1199756    /home/alejo/Dropbox/code/devices3d/lib/user/proscene/proscene.jar
7bf06000-7bf08000 r-xs 00003000 08:08 1199742    /home/alejo/Dropbox/code/devices3d/lib/user/fullscreen/fullscreen.jar
7bf08000-7bf0c000 r-xs 00020000 08:08 1199717    /home/alejo/Dropbox/code/devices3d/lib/user/SimpleOpenNI/SimpleOpenNI.jar
7bf0c000-7bf0f000 r-xs 00029000 08:08 2123900    /home/alejo/Dropbox/code/devices3d/lib/user/procontroll/procontroll.jar
7bf0f000-7bf11000 r-xs 0002b000 08:08 1199690    /home/alejo/Dropbox/code/devices3d/lib/base/core/core.jar
7bf11000-7bf1c000 r-xs 00108000 08:08 1326150    /home/alejo/Dropbox/code/devices3d/lib/base/opengl/jogl.jar
7bf1c000-7bf1d000 r-xs 00004000 08:08 1326149    /home/alejo/Dropbox/code/devices3d/lib/base/opengl/gluegen-rt.jar
7bf1d000-7bf1e000 r-xs 00003000 08:08 1326148    /home/alejo/Dropbox/code/devices3d/lib/base/opengl/opengl.jar
7bf1e000-7bf21000 ---p 00000000 00:00 0 
7bf21000-7bf6f000 rwxp 00000000 00:00 0 
7bf6f000-7bf70000 ---p 00000000 00:00 0 
7bf70000-7bff0000 rwxp 00000000 00:00 0 
7bff0000-7bff1000 ---p 00000000 00:00 0 
7bff1000-7c071000 rwxp 00000000 00:00 0 
7c071000-7c072000 ---p 00000000 00:00 0 
7c072000-7c0f2000 rwxp 00000000 00:00 0 
7c0f2000-7c0f3000 ---p 00000000 00:00 0 
7c0f3000-7c17b000 rwxp 00000000 00:00 0 
7c17b000-7c193000 rwxp 00000000 00:00 0 
7c193000-7c1a5000 rwxp 00000000 00:00 0 
7c1a5000-7c2a5000 rwxp 00000000 00:00 0 
7c2a5000-7c2ad000 rwxp 00000000 00:00 0 
7c2ad000-7c2c5000 rwxp 00000000 00:00 0 
7c2c5000-7c2d7000 rwxp 00000000 00:00 0 
7c2d7000-7c3d6000 rwxp 00000000 00:00 0 
7c3d6000-7c3e6000 rwxp 00000000 00:00 0 
7c3e6000-7c45f000 rwxp 00000000 00:00 0 
7c45f000-7d460000 rwxp 00000000 00:00 0 
7d460000-80460000 rwxp 00000000 00:00 0 
80460000-82690000 rwxp 00000000 00:00 0 
82690000-a2710000 rwxp 00000000 00:00 0 
a2710000-a44f0000 rwxp 00000000 00:00 0 
a44f0000-b3860000 rwxp 00000000 00:00 0 
b3860000-b3861000 r-xs 00000000 08:08 1188887    /var/cache/fontconfig/6a53c69dea097a2d716e069445527da8-le32d4.cache-3
b3861000-b3866000 r-xp 00000000 08:08 1052626    /usr/lib/libXtst.so.6.1.0
b3866000-b3867000 r-xp 00004000 08:08 1052626    /usr/lib/libXtst.so.6.1.0
b3867000-b3868000 rwxp 00005000 08:08 1052626    /usr/lib/libXtst.so.6.1.0
b3868000-b3871000 rwxp 00000000 00:00 0 
b3871000-b3928000 rwxp 00000000 00:00 0 
b3928000-b3b68000 rwxp 00000000 00:00 0 
b3b68000-b6928000 rwxp 00000000 00:00 0 
b6928000-b6933000 r-xp 00000000 08:08 1573836    /lib/i386-linux-gnu/libnss_files-2.13.so
b6933000-b6934000 r-xp 0000a000 08:08 1573836    /lib/i386-linux-gnu/libnss_files-2.13.so
b6934000-b6935000 rwxp 0000b000 08:08 1573836    /lib/i386-linux-gnu/libnss_files-2.13.so
b6935000-b693f000 r-xp 00000000 08:08 1573840    /lib/i386-linux-gnu/libnss_nis-2.13.so
b693f000-b6940000 r-xp 00009000 08:08 1573840    /lib/i386-linux-gnu/libnss_nis-2.13.so
b6940000-b6941000 rwxp 0000a000 08:08 1573840    /lib/i386-linux-gnu/libnss_nis-2.13.so
b6941000-b6956000 r-xp 00000000 08:08 1573830    /lib/i386-linux-gnu/libnsl-2.13.so
b6956000-b6957000 r-xp 00015000 08:08 1573830    /lib/i386-linux-gnu/libnsl-2.13.so
b6957000-b6958000 rwxp 00016000 08:08 1573830    /lib/i386-linux-gnu/libnsl-2.13.so
b6958000-b695a000 rwxp 00000000 00:00 0 
b695a000-b695b000 r-xs 00000000 08:08 1193307    /var/cache/fontconfig/4794a0821666d79190d59a36cb4f44b5-le32d4.cache-3
b695b000-b695d000 r-xs 00002000 08:08 1199642    /home/alejo/Dropbox/code/devices3d/lib/base/core/ant-launcher.jar
b695d000-b696c000 r-xp 00000000 08:08 1181329    /usr/lib/jvm/java-6-sun-1.6.0.26/jre/lib/i386/libzip.so
b696c000-b696e000 rwxp 0000e000 08:08 1181329    /usr/lib/jvm/java-6-sun-1.6.0.26/jre/lib/i386/libzip.so
b696e000-b6976000 rwxs 00000000 08:08 407532     /tmp/hsperfdata_alejo/8555
b6976000-b6999000 r-xp 00000000 08:08 1181303    /usr/lib/jvm/java-6-sun-1.6.0.26/jre/lib/i386/libjava.so
b6999000-b699b000 rwxp 00023000 08:08 1181303    /usr/lib/jvm/java-6-sun-1.6.0.26/jre/lib/i386/libjava.so
b699b000-b69a2000 r-xp 00000000 08:08 1573859    /lib/i386-linux-gnu/librt-2.13.so
b69a2000-b69a3000 r-xp 00006000 08:08 1573859    /lib/i386-linux-gnu/librt-2.13.so
b69a3000-b69a4000 rwxp 00007000 08:08 1573859    /lib/i386-linux-gnu/librt-2.13.so
b69a4000-b69a7000 ---p 00000000 00:00 0 
b69a7000-b69f5000 rwxp 00000000 00:00 0 
b69f5000-b6a1d000 r-xp 00000000 08:08 1573825    /lib/i386-linux-gnu/libm-2.13.so
b6a1d000-b6a1e000 r-xp 00028000 08:08 1573825    /lib/i386-linux-gnu/libm-2.13.so
b6a1e000-b6a1f000 rwxp 00029000 08:08 1573825    /lib/i386-linux-gnu/libm-2.13.so
b6a1f000-b71d1000 r-xp 00000000 08:08 1181340    /usr/lib/jvm/java-6-sun-1.6.0.26/jre/lib/i386/server/libjvm.so
b71d1000-b7225000 rwxp 007b1000 08:08 1181340    /usr/lib/jvm/java-6-sun-1.6.0.26/jre/lib/i386/server/libjvm.so
b7225000-b7644000 rwxp 00000000 00:00 0 
b7644000-b77ba000 r-xp 00000000 08:08 1573795    /lib/i386-linux-gnu/libc-2.13.so
b77ba000-b77bc000 r-xp 00176000 08:08 1573795    /lib/i386-linux-gnu/libc-2.13.so
b77bc000-b77bd000 rwxp 00178000 08:08 1573795    /lib/i386-linux-gnu/libc-2.13.so
b77bd000-b77c0000 rwxp 00000000 00:00 0 
b77c0000-b77c3000 r-xp 00000000 08:08 1573806    /lib/i386-linux-gnu/libdl-2.13.so
b77c3000-b77c4000 r-xp 00002000 08:08 1573806    /lib/i386-linux-gnu/libdl-2.13.so
b77c4000-b77c5000 rwxp 00003000 08:08 1573806    /lib/i386-linux-gnu/libdl-2.13.so
b77c5000-b77cc000 r-xp 00000000 08:08 1181335    /usr/lib/jvm/java-6-sun-1.6.0.26/jre/lib/i386/jli/libjli.so
b77cc000-b77ce000 rwxp 00006000 08:08 1181335    /usr/lib/jvm/java-6-sun-1.6.0.26/jre/lib/i386/jli/libjli.so
b77ce000-b77cf000 rwxp 00000000 00:00 0 
b77cf000-b77e6000 r-xp 00000000 08:08 1573855    /lib/i386-linux-gnu/libpthread-2.13.so
b77e6000-b77e7000 r-xp 00016000 08:08 1573855    /lib/i386-linux-gnu/libpthread-2.13.so
b77e7000-b77e8000 rwxp 00017000 08:08 1573855    /lib/i386-linux-gnu/libpthread-2.13.so
b77e8000-b77ea000 rwxp 00000000 00:00 0 
b77ea000-b77ec000 r-xp 00000000 08:08 1056402    /usr/lib/i386-linux-gnu/libXau.so.6.0.0
b77ec000-b77ed000 r-xp 00001000 08:08 1056402    /usr/lib/i386-linux-gnu/libXau.so.6.0.0
b77ed000-b77ee000 rwxp 00002000 08:08 1056402    /usr/lib/i386-linux-gnu/libXau.so.6.0.0
b77ee000-b77f6000 r-xp 00000000 08:08 1573832    /lib/i386-linux-gnu/libnss_compat-2.13.so
b77f6000-b77f7000 r-xp 00007000 08:08 1573832    /lib/i386-linux-gnu/libnss_compat-2.13.so
b77f7000-b77f8000 rwxp 00008000 08:08 1573832    /lib/i386-linux-gnu/libnss_compat-2.13.so
b77f8000-b77f9000 rwxp 00000000 00:00 0 
b77f9000-b77fa000 r-xp 00000000 00:00 0 
b77fa000-b7805000 r-xp 00000000 08:08 1181328    /usr/lib/jvm/java-6-sun-1.6.0.26/jre/lib/i386/libverify.so
b7805000-b7806000 rwxp 0000b000 08:08 1181328    /usr/lib/jvm/java-6-sun-1.6.0.26/jre/lib/i386/libverify.so
b7806000-b7808000 rwxp 00000000 00:00 0 
b7808000-b7809000 r-xp 00000000 00:00 0          [vdso]
b7809000-b7827000 r-xp 00000000 08:08 1573782    /lib/i386-linux-gnu/ld-2.13.so
b7827000-b7828000 r-xp 0001d000 08:08 1573782    /lib/i386-linux-gnu/ld-2.13.so
b7828000-b7829000 rwxp 0001e000 08:08 1573782    /lib/i386-linux-gnu/ld-2.13.so
bfa7c000-bfa9d000 rwxp 00000000 00:00 0          [stack]

VM Arguments:
jvm_args: -Djava.library.path=/home/alejo/Dropbox/code/devices3d/lib/base/opengl:/home/alejo/Dropbox/code/devices3d/lib/base/opengl:/home/alejo/Dropbox/code/devices3d/lib/base/opengl:/home/alejo/Dropbox/code/devices3d/lib/base/core:/home/alejo/Dropbox/code/devices3d/lib/base/core:/home/alejo/Dropbox/code/devices3d/lib/base/core:/home/alejo/Dropbox/code/devices3d/lib/user/procontroll:/home/alejo/Dropbox/code/devices3d/lib/user/SimpleOpenNI:/home/alejo/Dropbox/code/devices3d/lib/user/fullscreen:/home/alejo/Dropbox/code/devices3d/lib/user/proscene -Djava.security.policy=java.policy.applet -Dfile.encoding=UTF-8 
java_command: sun.applet.AppletViewer devices3d.Devices3d1333677858669.html
Launcher Type: SUN_STANDARD

Environment Variables:
PATH=/opt/microchip/mplabc32/v2.02/bin:/opt/microchip/mplabc30/v3.30c/bin:/usr/lib/lightdm/lightdm:/usr/local/sbin:/usr/local/bin:/usr/sbin:/usr/bin:/sbin:/bin:/usr/games
USERNAME=alejo
LD_LIBRARY_PATH=/usr/lib/jvm/java-6-sun-1.6.0.26/jre/lib/i386/server:/usr/lib/jvm/java-6-sun-1.6.0.26/jre/lib/i386:/usr/lib/jvm/java-6-sun-1.6.0.26/jre/../lib/i386:/usr/lib/jvm/java-6-sun-1.6.0.26/jre/lib/i386/client:/usr/lib/jvm/java-6-sun-1.6.0.26/jre/lib/i386:
SHELL=/bin/bash
DISPLAY=:0.0

Signal Handlers:
SIGSEGV: [libjvm.so+0x725510], sa_mask[0]=0x7ffbfeff, sa_flags=0x10000004
SIGBUS: [libjvm.so+0x725510], sa_mask[0]=0x7ffbfeff, sa_flags=0x10000004
SIGFPE: [libjvm.so+0x5dff20], sa_mask[0]=0x7ffbfeff, sa_flags=0x10000004
SIGPIPE: [libjvm.so+0x5dff20], sa_mask[0]=0x7ffbfeff, sa_flags=0x10000004
SIGXFSZ: [libjvm.so+0x5dff20], sa_mask[0]=0x7ffbfeff, sa_flags=0x10000004
SIGILL: [libjvm.so+0x5dff20], sa_mask[0]=0x7ffbfeff, sa_flags=0x10000004
SIGUSR1: SIG_DFL, sa_mask[0]=0x00000000, sa_flags=0x00000000
SIGUSR2: [libjvm.so+0x5e3160], sa_mask[0]=0x00000004, sa_flags=0x10000004
SIGHUP: [libjvm.so+0x5e2d40], sa_mask[0]=0x7ffbfeff, sa_flags=0x10000004
SIGINT: [libjvm.so+0x5e2d40], sa_mask[0]=0x7ffbfeff, sa_flags=0x10000004
SIGTERM: [libjvm.so+0x5e2d40], sa_mask[0]=0x7ffbfeff, sa_flags=0x10000004
SIGQUIT: [libjvm.so+0x5e2d40], sa_mask[0]=0x7ffbfeff, sa_flags=0x10000004


---------------  S Y S T E M  ---------------

OS:wheezy/sid

uname:Linux 3.0.0-12-generic #20-Ubuntu SMP Fri Oct 7 14:50:42 UTC 2011 i686
libc:glibc 2.13 NPTL 2.13 
rlimit: STACK 8192k, CORE 0k, NPROC 26110, NOFILE 4096, AS infinity
load average:0.14 0.12 0.14

/proc/meminfo:
MemTotal:        3356112 kB
MemFree:          399060 kB
Buffers:          361156 kB
Cached:          1085864 kB
SwapCached:            0 kB
Active:          1514900 kB
Inactive:        1075940 kB
Active(anon):    1146352 kB
Inactive(anon):    11872 kB
Active(file):     368548 kB
Inactive(file):  1064068 kB
Unevictable:          16 kB
Mlocked:              16 kB
HighTotal:       2497096 kB
HighFree:          57520 kB
LowTotal:         859016 kB
LowFree:          341540 kB
SwapTotal:      14645240 kB
SwapFree:       14645240 kB
Dirty:               184 kB
Writeback:             0 kB
AnonPages:       1144040 kB
Mapped:           335752 kB
Shmem:             14408 kB
Slab:              99228 kB
SReclaimable:      77504 kB
SUnreclaim:        21724 kB
KernelStack:        4344 kB
PageTables:        21100 kB
NFS_Unstable:          0 kB
Bounce:                0 kB
WritebackTmp:          0 kB
CommitLimit:    16323296 kB
Committed_AS:    4170760 kB
VmallocTotal:     122880 kB
VmallocUsed:       59252 kB
VmallocChunk:      58104 kB
HardwareCorrupted:     0 kB
AnonHugePages:         0 kB
HugePages_Total:       0
HugePages_Free:        0
HugePages_Rsvd:        0
HugePages_Surp:        0
Hugepagesize:       4096 kB
DirectMap4k:       12280 kB
DirectMap4M:      897024 kB


CPU:total 4 (4 cores per cpu, 1 threads per core) family 16 model 4 stepping 3, cmov, cx8, fxsr, mmx, sse, sse2, sse3, popcnt, mmxext, 3dnow, 3dnowext, lzcnt, sse4a

/proc/cpuinfo:
processor	: 0
vendor_id	: AuthenticAMD
cpu family	: 16
model		: 4
model name	: AMD Phenom(tm) II X4 945 Processor
stepping	: 3
cpu MHz		: 3010.822
cache size	: 512 KB
physical id	: 0
siblings	: 4
core id		: 0
cpu cores	: 4
apicid		: 0
initial apicid	: 0
fdiv_bug	: no
hlt_bug		: no
f00f_bug	: no
coma_bug	: no
fpu		: yes
fpu_exception	: yes
cpuid level	: 5
wp		: yes
flags		: fpu vme de pse tsc msr pae mce cx8 apic mtrr pge mca cmov pat pse36 clflush mmx fxsr sse sse2 ht syscall nx mmxext fxsr_opt pdpe1gb rdtscp lm 3dnowext 3dnow constant_tsc nonstop_tsc extd_apicid pni monitor cx16 popcnt lahf_lm cmp_legacy svm extapic cr8_legacy abm sse4a misalignsse 3dnowprefetch osvw ibs skinit wdt npt lbrv svm_lock nrip_save
bogomips	: 6021.64
clflush size	: 64
cache_alignment	: 64
address sizes	: 48 bits physical, 48 bits virtual
power management: ts ttp tm stc 100mhzsteps hwpstate

processor	: 1
vendor_id	: AuthenticAMD
cpu family	: 16
model		: 4
model name	: AMD Phenom(tm) II X4 945 Processor
stepping	: 3
cpu MHz		: 3010.822
cache size	: 512 KB
physical id	: 0
siblings	: 4
core id		: 1
cpu cores	: 4
apicid		: 1
initial apicid	: 1
fdiv_bug	: no
hlt_bug		: no
f00f_bug	: no
coma_bug	: no
fpu		: yes
fpu_exception	: yes
cpuid level	: 5
wp		: yes
flags		: fpu vme de pse tsc msr pae mce cx8 apic mtrr pge mca cmov pat pse36 clflush mmx fxsr sse sse2 ht syscall nx mmxext fxsr_opt pdpe1gb rdtscp lm 3dnowext 3dnow constant_tsc nonstop_tsc extd_apicid pni monitor cx16 popcnt lahf_lm cmp_legacy svm extapic cr8_legacy abm sse4a misalignsse 3dnowprefetch osvw ibs skinit wdt npt lbrv svm_lock nrip_save
bogomips	: 6020.55
clflush size	: 64
cache_alignment	: 64
address sizes	: 48 bits physical, 48 bits virtual
power management: ts ttp tm stc 100mhzsteps hwpstate

processor	: 2
vendor_id	: AuthenticAMD
cpu family	: 16
model		: 4
model name	: AMD Phenom(tm) II X4 945 Processor
stepping	: 3
cpu MHz		: 3010.822
cache size	: 512 KB
physical id	: 0
siblings	: 4
core id		: 2
cpu cores	: 4
apicid		: 2
initial apicid	: 2
fdiv_bug	: no
hlt_bug		: no
f00f_bug	: no
coma_bug	: no
fpu		: yes
fpu_exception	: yes
cpuid level	: 5
wp		: yes
flags		: fpu vme de pse tsc msr pae mce cx8 apic mtrr pge mca cmov pat pse36 clflush mmx fxsr sse sse2 ht syscall nx mmxext fxsr_opt pdpe1gb rdtscp lm 3dnowext 3dnow constant_tsc nonstop_tsc extd_apicid pni monitor cx16 popcnt lahf_lm cmp_legacy svm extapic cr8_legacy abm sse4a misalignsse 3dnowprefetch osvw ibs skinit wdt npt lbrv svm_lock nrip_save
bogomips	: 6020.55
clflush size	: 64
cache_alignment	: 64
address sizes	: 48 bits physical, 48 bits virtual
power management: ts ttp tm stc 100mhzsteps hwpstate

processor	: 3
vendor_id	: AuthenticAMD
cpu family	: 16
model		: 4
model name	: AMD Phenom(tm) II X4 945 Processor
stepping	: 3
cpu MHz		: 3010.822
cache size	: 512 KB
physical id	: 0
siblings	: 4
core id		: 3
cpu cores	: 4
apicid		: 3
initial apicid	: 3
fdiv_bug	: no
hlt_bug		: no
f00f_bug	: no
coma_bug	: no
fpu		: yes
fpu_exception	: yes
cpuid level	: 5
wp		: yes
flags		: fpu vme de pse tsc msr pae mce cx8 apic mtrr pge mca cmov pat pse36 clflush mmx fxsr sse sse2 ht syscall nx mmxext fxsr_opt pdpe1gb rdtscp lm 3dnowext 3dnow constant_tsc nonstop_tsc extd_apicid pni monitor cx16 popcnt lahf_lm cmp_legacy svm extapic cr8_legacy abm sse4a misalignsse 3dnowprefetch osvw ibs skinit wdt npt lbrv svm_lock nrip_save
bogomips	: 6020.55
clflush size	: 64
cache_alignment	: 64
address sizes	: 48 bits physical, 48 bits virtual
power management: ts ttp tm stc 100mhzsteps hwpstate



Memory: 4k page, physical 3356112k(399172k free), swap 14645240k(14645240k free)

vm_info: Java HotSpot(TM) Server VM (20.1-b02) for linux-x86 JRE (1.6.0_26-b03), built on May  4 2011 01:04:10 by "java_re" with gcc 3.2.1-7a (J2SE release)

time: Thu Apr  5 21:04:19 2012
elapsed time: 0 seconds

