#
# A fatal error has been detected by the Java Runtime Environment:
#
#  SIGSEGV (0xb) at pc=0x7a929d5a, pid=7493, tid=2058353520
#
# JRE version: 6.0_26-b03
# Java VM: Java HotSpot(TM) Server VM (20.1-b02 mixed mode linux-x86 )
# Problematic frame:
# C  [libOpenNI.so+0x33d5a]  long long+0x1a
#
# If you would like to submit a bug report, please visit:
#   http://java.sun.com/webapps/bugreport/crash.jsp
# The crash happened outside the Java Virtual Machine in native code.
# See problematic frame for where to report the bug.
#

---------------  T H R E A D  ---------------

Current thread (0x09d85000):  JavaThread "Animation Thread" [_thread_in_native, id=7519, stack(0x7aaaf000,0x7ab00000)]

siginfo:si_signo=SIGSEGV: si_errno=0, si_code=1 (SEGV_MAPERR), si_addr=0x00000000

Registers:
EAX=0x00000000, EBX=0x7a973ff4, ECX=0x00000001, EDX=0x7ab39c48
ESP=0x7aafed40, EBP=0x7aafed68, ESI=0x00000000, EDI=0x09d85000
EIP=0x7a929d5a, EFLAGS=0x00010202, CR2=0x00000000

Top of Stack: (sp=0x7aafed40)
0x7aafed40:   7a8f8dec 7aa5aff4 7cbb5e70 09d85000
0x7aafed50:   7aafed88 b776cc30 7ab39c48 7a929d40
0x7aafed60:   7aa5aff4 7cbb5e70 7aafed88 7aa1098c
0x7aafed70:   00000000 7ab39c48 7ab39c48 7aa10966
0x7aafed80:   7ab39bd8 7aa5aff4 7aafedb8 7aa176f1
0x7aafed90:   7ab39bd8 7ab39c48 00000000 00000000
0x7aafeda0:   7aafedd8 b776cc30 09d85000 7aa17601
0x7aafedb0:   7aa5aff4 7cbb5e70 7aafedd8 7aa17825 

Instructions: (pc=0x7a929d5a)
0x7a929d3a:   bc 27 00 00 00 00 55 89 e5 83 ec 28 89 75 fc 8b
0x7a929d4a:   75 08 89 5d f8 e8 13 a8 fd ff 81 c3 a0 a2 04 00
0x7a929d5a:   8b 06 8b 50 08 85 d2 74 0c 8b 40 04 8b 00 a9 00
0x7a929d6a:   00 01 00 75 11 8b 5d f8 b8 12 00 01 00 8b 75 fc 

Register to memory mapping:

EAX=0x00000000 is an unknown value
EBX=0x7a973ff4: <offset 0x7dff4> in /usr/lib/libOpenNI.so at 0x7a8f6000
ECX=0x00000001 is an unknown value
EDX=0x7ab39c48 is an unknown value
ESP=0x7aafed40 is pointing into the stack for thread: 0x09d85000
EBP=0x7aafed68 is pointing into the stack for thread: 0x09d85000
ESI=0x00000000 is an unknown value
EDI=0x09d85000 is a thread


Stack: [0x7aaaf000,0x7ab00000],  sp=0x7aafed40,  free space=319k
Native frames: (J=compiled Java code, j=interpreted, Vv=VM code, C=native code)
C  [libOpenNI.so+0x33d5a]  long long+0x1a
C  [libSimpleOpenNI.so+0x9a98c]  xn::MapGenerator::SetMapOutputMode(XnMapOutputMode const&)+0x26
C  [libSimpleOpenNI.so+0xa16f1]  sOpenNI::ContextWrapper::createDepth(bool)+0xdb
C  [libSimpleOpenNI.so+0xa1825]  sOpenNI::ContextWrapper::enableDepth()+0x6b
C  [libSimpleOpenNI.so+0x848c6]  Java_SimpleOpenNI_SimpleOpenNIJNI_ContextWrapper_1enableDepthSwigExplicitContextWrapper_1_1SWIG_10+0x3c
j  SimpleOpenNI.SimpleOpenNIJNI.ContextWrapper_enableDepthSwigExplicitContextWrapper__SWIG_0(JLSimpleOpenNI/ContextWrapper;)Z+0
j  SimpleOpenNI.ContextWrapper.enableDepth()Z+26
j  SimpleOpenNI.SimpleOpenNI.enableDepth()Z+1
j  remixlab.devices.Kinect.<init>(Lprocessing/core/PApplet;Lremixlab/proscene/Scene;)V+56
j  devices3d.Devices3d.setup()V+242
j  processing.core.PApplet.handleDraw()V+65
j  processing.core.PApplet.run()V+72
j  java.lang.Thread.run()V+11
v  ~StubRoutines::call_stub
V  [libjvm.so+0x3dff01]  JavaCalls::call_helper(JavaValue*, methodHandle*, JavaCallArguments*, Thread*)+0x1c1
V  [libjvm.so+0x5e1298]  os::os_exception_wrapper(void (*)(JavaValue*, methodHandle*, JavaCallArguments*, Thread*), JavaValue*, methodHandle*, JavaCallArguments*, Thread*)+0x18
V  [libjvm.so+0x3df775]  JavaCalls::call_virtual(JavaValue*, KlassHandle, symbolHandle, symbolHandle, JavaCallArguments*, Thread*)+0xc5
V  [libjvm.so+0x3df838]  JavaCalls::call_virtual(JavaValue*, Handle, KlassHandle, symbolHandle, symbolHandle, Thread*)+0x58
V  [libjvm.so+0x4642d7]  thread_entry(JavaThread*, Thread*)+0xa7
V  [libjvm.so+0x6e16bf]  JavaThread::run()+0x11f
V  [libjvm.so+0x5e2aee]  java_start(Thread*)+0x14e
C  [libpthread.so.0+0x6d31]  short+0xd1

Java frames: (J=compiled Java code, j=interpreted, Vv=VM code)
j  SimpleOpenNI.SimpleOpenNIJNI.ContextWrapper_enableDepthSwigExplicitContextWrapper__SWIG_0(JLSimpleOpenNI/ContextWrapper;)Z+0
j  SimpleOpenNI.ContextWrapper.enableDepth()Z+26
j  SimpleOpenNI.SimpleOpenNI.enableDepth()Z+1
j  remixlab.devices.Kinect.<init>(Lprocessing/core/PApplet;Lremixlab/proscene/Scene;)V+56
j  devices3d.Devices3d.setup()V+242
j  processing.core.PApplet.handleDraw()V+65
j  processing.core.PApplet.run()V+72
j  java.lang.Thread.run()V+11
v  ~StubRoutines::call_stub

---------------  P R O C E S S  ---------------

Java Threads: ( => current thread )
=>0x09d85000 JavaThread "Animation Thread" [_thread_in_native, id=7519, stack(0x7aaaf000,0x7ab00000)]
  0x099fcc00 JavaThread "AWT-EventQueue-1" [_thread_blocked, id=7518, stack(0x7ac0d000,0x7ac5e000)]
  0x7ad99400 JavaThread "DestroyJavaVM" [_thread_blocked, id=7498, stack(0xb68f4000,0xb6945000)]
  0x7ad2f000 JavaThread "AWT-EventQueue-0" [_thread_blocked, id=7516, stack(0x7ac5e000,0x7acaf000)]
  0x7ad2d000 JavaThread "AWT-Shutdown" [_thread_blocked, id=7515, stack(0x7acaf000,0x7ad00000)]
  0x7ad28400 JavaThread "thread applet-devices3d.Devices3d.class" [_thread_blocked, id=7514, stack(0x7b0bf000,0x7b110000)]
  0x7ad21400 JavaThread "AWT-XAWT" daemon [_thread_in_native, id=7512, stack(0x7b110000,0x7b161000)]
  0x09bdc400 JavaThread "Java2D Disposer" daemon [_thread_blocked, id=7511, stack(0x7b1b5000,0x7b206000)]
  0x09ab8800 JavaThread "Low Memory Detector" daemon [_thread_blocked, id=7509, stack(0x7b5b0000,0x7b601000)]
  0x09ab6400 JavaThread "C2 CompilerThread1" daemon [_thread_blocked, id=7508, stack(0x7b601000,0x7b682000)]
  0x09ab3c00 JavaThread "C2 CompilerThread0" daemon [_thread_blocked, id=7507, stack(0x7b682000,0x7b703000)]
  0x09ab2400 JavaThread "Signal Dispatcher" daemon [_thread_blocked, id=7506, stack(0x7b703000,0x7b754000)]
  0x09aa4000 JavaThread "Finalizer" daemon [_thread_blocked, id=7505, stack(0x7bac6000,0x7bb17000)]
  0x09a9f400 JavaThread "Reference Handler" daemon [_thread_blocked, id=7504, stack(0x7bb17000,0x7bb68000)]

Other Threads:
  0x09a9b800 VMThread [stack: 0x7be0a000,0x7be8b000] [id=7503]
  0x09ac2800 WatcherThread [stack: 0x7b52f000,0x7b5b0000] [id=7510]

VM state:not at safepoint (normal execution)

VM Mutex/Monitor currently owned by a thread: None

Heap
 PSYoungGen      total 15296K, used 10167K [0xa2660000, 0xa4440000, 0xb37b0000)
  eden space 13120K, 65% used [0xa2660000,0xa2eb7700,0xa3330000)
  from space 2176K, 74% used [0xa3330000,0xa34c66a8,0xa3550000)
  to   space 2176K, 0% used [0xa4220000,0xa4220000,0xa4440000)
 PSOldGen        total 35008K, used 5968K [0x803b0000, 0x825e0000, 0xa2660000)
  object space 35008K, 17% used [0x803b0000,0x80984310,0x825e0000)
 PSPermGen       total 16384K, used 8334K [0x7c3b0000, 0x7d3b0000, 0x803b0000)
  object space 16384K, 50% used [0x7c3b0000,0x7cbd3b68,0x7d3b0000)

Code Cache  [0xb3878000, 0xb3ab8000, 0xb6878000)
 total_blobs=329 nmethods=40 adapters=244 free_code_cache=49886592 largest_free_block=11776

Dynamic libraries:
08048000-08052000 r-xp 00000000 08:08 1181081    /usr/lib/jvm/java-6-sun-1.6.0.26/jre/bin/java
08052000-08053000 rwxp 00009000 08:08 1181081    /usr/lib/jvm/java-6-sun-1.6.0.26/jre/bin/java
099f6000-09e2d000 rwxp 00000000 00:00 0          [heap]
791ce000-79257000 r-xp 00000000 08:08 1070238    /usr/lib/libXnDeviceSensorV2KM.so
79257000-79260000 r-xp 00088000 08:08 1070238    /usr/lib/libXnDeviceSensorV2KM.so
79260000-79261000 rwxp 00091000 08:08 1070238    /usr/lib/libXnDeviceSensorV2KM.so
79261000-79341000 r-xp 00000000 08:08 1064091    /usr/lib/libXnVHandGenerator_1_5_0.so
79341000-79344000 r-xp 000df000 08:08 1064091    /usr/lib/libXnVHandGenerator_1_5_0.so
79344000-79345000 rwxp 000e2000 08:08 1064091    /usr/lib/libXnVHandGenerator_1_5_0.so
79345000-79351000 rwxp 00000000 00:00 0 
79351000-79744000 r-xp 00000000 08:08 1064087    /usr/lib/libXnVFeatures_1_5_0.so
79744000-79745000 ---p 003f3000 08:08 1064087    /usr/lib/libXnVFeatures_1_5_0.so
79745000-7974d000 r-xp 003f3000 08:08 1064087    /usr/lib/libXnVFeatures_1_5_0.so
7974d000-7974e000 rwxp 003fb000 08:08 1064087    /usr/lib/libXnVFeatures_1_5_0.so
7974e000-79762000 rwxp 00000000 00:00 0 
79762000-7978f000 r-xp 00000000 08:08 1064003    /usr/lib/libXnDeviceFile.so
7978f000-79790000 r-xp 0002d000 08:08 1064003    /usr/lib/libXnDeviceFile.so
79790000-79791000 rwxp 0002e000 08:08 1064003    /usr/lib/libXnDeviceFile.so
79791000-797e3000 r-xp 00000000 08:08 1064002    /usr/lib/libXnDDK.so
797e3000-797e5000 r-xp 00051000 08:08 1064002    /usr/lib/libXnDDK.so
797e5000-797e6000 rwxp 00053000 08:08 1064002    /usr/lib/libXnDDK.so
797e6000-7980a000 r-xp 00000000 08:08 1064005    /usr/lib/libXnFormats.so
7980a000-7980b000 r-xp 00023000 08:08 1064005    /usr/lib/libXnFormats.so
7980b000-7980c000 rwxp 00024000 08:08 1064005    /usr/lib/libXnFormats.so
7980c000-7982c000 rwxp 00000000 00:00 0 
7982c000-798c5000 r-xp 00000000 08:08 1064004    /usr/lib/libXnDeviceSensorV2.so
798c5000-798ce000 r-xp 00098000 08:08 1064004    /usr/lib/libXnDeviceSensorV2.so
798ce000-798cf000 rwxp 000a1000 08:08 1064004    /usr/lib/libXnDeviceSensorV2.so
798cf000-799b2000 r-xp 00000000 08:08 1064000    /usr/lib/libXnVHandGenerator_1_5_2.so
799b2000-799b5000 r-xp 000e3000 08:08 1064000    /usr/lib/libXnVHandGenerator_1_5_2.so
799b5000-799b6000 rwxp 000e6000 08:08 1064000    /usr/lib/libXnVHandGenerator_1_5_2.so
799b6000-799c2000 rwxp 00000000 00:00 0 
799c2000-79a97000 r-xp 00000000 08:08 1063997    /usr/lib/libXnVHandGenerator_1_4_2.so
79a97000-79a98000 ---p 000d5000 08:08 1063997    /usr/lib/libXnVHandGenerator_1_4_2.so
79a98000-79a9a000 r-xp 000d5000 08:08 1063997    /usr/lib/libXnVHandGenerator_1_4_2.so
79a9a000-79a9b000 rwxp 000d7000 08:08 1063997    /usr/lib/libXnVHandGenerator_1_4_2.so
79a9b000-79a9d000 rwxp 00000000 00:00 0 
79a9d000-79b71000 r-xp 00000000 08:08 1063994    /usr/lib/libXnVHandGenerator_1_4_1.so
79b71000-79b72000 ---p 000d4000 08:08 1063994    /usr/lib/libXnVHandGenerator_1_4_1.so
79b72000-79b74000 r-xp 000d4000 08:08 1063994    /usr/lib/libXnVHandGenerator_1_4_1.so
79b74000-79b75000 rwxp 000d6000 08:08 1063994    /usr/lib/libXnVHandGenerator_1_4_1.so
79b75000-79b77000 rwxp 00000000 00:00 0 
79b77000-79c55000 r-xp 00000000 08:08 1063991    /usr/lib/libXnVHandGenerator_1_3_1.so
79c55000-79c58000 r-xp 000dd000 08:08 1063991    /usr/lib/libXnVHandGenerator_1_3_1.so
79c58000-79c59000 rwxp 000e0000 08:08 1063991    /usr/lib/libXnVHandGenerator_1_3_1.so
79c59000-79c5b000 rwxp 00000000 00:00 0 
79c5b000-7a05c000 r-xp 00000000 08:08 1063984    /usr/lib/libXnVFeatures_1_5_2.so
7a05c000-7a05d000 ---p 00401000 08:08 1063984    /usr/lib/libXnVFeatures_1_5_2.so
7a05d000-7a065000 r-xp 00401000 08:08 1063984    /usr/lib/libXnVFeatures_1_5_2.so
7a065000-7a066000 rwxp 00409000 08:08 1063984    /usr/lib/libXnVFeatures_1_5_2.so
7a066000-7a07a000 rwxp 00000000 00:00 0 
7a07a000-7a261000 r-xp 00000000 08:08 1063973    /usr/lib/libXnVFeatures_1_4_2.so
7a261000-7a264000 r-xp 001e6000 08:08 1063973    /usr/lib/libXnVFeatures_1_4_2.so
7a264000-7a265000 rwxp 001e9000 08:08 1063973    /usr/lib/libXnVFeatures_1_4_2.so
7a265000-7a26a000 rwxp 00000000 00:00 0 
7a26a000-7a451000 r-xp 00000000 08:08 1063968    /usr/lib/libXnVFeatures_1_4_1.so
7a451000-7a454000 r-xp 001e6000 08:08 1063968    /usr/lib/libXnVFeatures_1_4_1.so
7a454000-7a455000 rwxp 001e9000 08:08 1063968    /usr/lib/libXnVFeatures_1_4_1.so
7a455000-7a45a000 rwxp 00000000 00:00 0 
7a45a000-7a678000 r-xp 00000000 08:08 1063963    /usr/lib/libXnVFeatures_1_3_1.so
7a678000-7a679000 ---p 0021e000 08:08 1063963    /usr/lib/libXnVFeatures_1_3_1.so
7a679000-7a67c000 r-xp 0021e000 08:08 1063963    /usr/lib/libXnVFeatures_1_3_1.so
7a67c000-7a67d000 rwxp 00221000 08:08 1063963    /usr/lib/libXnVFeatures_1_3_1.so
7a67d000-7a682000 rwxp 00000000 00:00 0 
7a682000-7a6a5000 r-xp 00000000 08:08 1063813    /usr/lib/libnimRecorder.so
7a6a5000-7a6a6000 r-xp 00023000 08:08 1063813    /usr/lib/libnimRecorder.so
7a6a6000-7a6a7000 rwxp 00024000 08:08 1063813    /usr/lib/libnimRecorder.so
7a6a7000-7a6db000 r-xp 00000000 08:08 1063811    /usr/lib/libnimCodecs.so
7a6db000-7a6dc000 ---p 00034000 08:08 1063811    /usr/lib/libnimCodecs.so
7a6dc000-7a6de000 r-xp 00034000 08:08 1063811    /usr/lib/libnimCodecs.so
7a6de000-7a6df000 rwxp 00036000 08:08 1063811    /usr/lib/libnimCodecs.so
7a6df000-7a6ff000 rwxp 00000000 00:00 0 
7a6ff000-7a730000 r-xp 00000000 08:08 1063812    /usr/lib/libnimMockNodes.so
7a730000-7a736000 r-xp 00031000 08:08 1063812    /usr/lib/libnimMockNodes.so
7a736000-7a737000 rwxp 00037000 08:08 1063812    /usr/lib/libnimMockNodes.so
7a737000-7a815000 r-xp 00000000 08:08 1056768    /usr/lib/i386-linux-gnu/libstdc++.so.6.0.16
7a815000-7a816000 ---p 000de000 08:08 1056768    /usr/lib/i386-linux-gnu/libstdc++.so.6.0.16
7a816000-7a81a000 r-xp 000de000 08:08 1056768    /usr/lib/i386-linux-gnu/libstdc++.so.6.0.16
7a81a000-7a81b000 rwxp 000e2000 08:08 1056768    /usr/lib/i386-linux-gnu/libstdc++.so.6.0.16
7a81b000-7a822000 rwxp 00000000 00:00 0 
7a822000-7a8f2000 r-xp 00000000 08:08 1063882    /usr/lib/libXnVNite_1_3_1.so
7a8f2000-7a8f5000 r-xp 000cf000 08:08 1063882    /usr/lib/libXnVNite_1_3_1.so
7a8f5000-7a8f6000 rwxp 000d2000 08:08 1063882    /usr/lib/libXnVNite_1_3_1.so
7a8f6000-7a972000 r-xp 00000000 08:08 1063815    /usr/lib/libOpenNI.so
7a972000-7a974000 r-xp 0007c000 08:08 1063815    /usr/lib/libOpenNI.so
7a974000-7a976000 rwxp 0007e000 08:08 1063815    /usr/lib/libOpenNI.so
7a976000-7aa58000 r-xp 00000000 08:08 1199735    /home/alejo/Dropbox/code/devices3d/lib/user/SimpleOpenNI/libSimpleOpenNI.so
7aa58000-7aa59000 ---p 000e2000 08:08 1199735    /home/alejo/Dropbox/code/devices3d/lib/user/SimpleOpenNI/libSimpleOpenNI.so
7aa59000-7aa5b000 r-xp 000e2000 08:08 1199735    /home/alejo/Dropbox/code/devices3d/lib/user/SimpleOpenNI/libSimpleOpenNI.so
7aa5b000-7aa5e000 rwxp 000e4000 08:08 1199735    /home/alejo/Dropbox/code/devices3d/lib/user/SimpleOpenNI/libSimpleOpenNI.so
7aa5e000-7aa61000 ---p 00000000 00:00 0 
7aa61000-7aaaf000 rwxp 00000000 00:00 0 
7aaaf000-7aab2000 ---p 00000000 00:00 0 
7aab2000-7ab00000 rwxp 00000000 00:00 0 
7ab00000-7abe0000 rwxp 00000000 00:00 0 
7abe0000-7ac00000 ---p 00000000 00:00 0 
7ac0d000-7ac10000 ---p 00000000 00:00 0 
7ac10000-7ac5e000 rwxp 00000000 00:00 0 
7ac5e000-7ac61000 ---p 00000000 00:00 0 
7ac61000-7acaf000 rwxp 00000000 00:00 0 
7acaf000-7acb2000 ---p 00000000 00:00 0 
7acb2000-7ad00000 rwxp 00000000 00:00 0 
7ad00000-7addf000 rwxp 00000000 00:00 0 
7addf000-7ae00000 ---p 00000000 00:00 0 
7ae00000-7ae29000 rwxp 00000000 00:00 0 
7ae29000-7af00000 ---p 00000000 00:00 0 
7af00000-7affb000 rwxp 00000000 00:00 0 
7affb000-7b000000 ---p 00000000 00:00 0 
7b002000-7b005000 r-xp 00000000 08:08 1064001    /usr/lib/libXnCore.so
7b005000-7b006000 r-xp 00002000 08:08 1064001    /usr/lib/libXnCore.so
7b006000-7b007000 rwxp 00003000 08:08 1064001    /usr/lib/libXnCore.so
7b007000-7b023000 r-xp 00000000 08:08 1573816    /lib/i386-linux-gnu/libgcc_s.so.1
7b023000-7b024000 r-xp 0001b000 08:08 1573816    /lib/i386-linux-gnu/libgcc_s.so.1
7b024000-7b025000 rwxp 0001c000 08:08 1573816    /lib/i386-linux-gnu/libgcc_s.so.1
7b025000-7b026000 r-xs 00000000 08:08 1188895    /var/cache/fontconfig/c05880de57d1f5e948fdfacc138775d9-le32d4.cache-3
7b026000-7b02c000 r-xs 00000000 08:08 1188892    /var/cache/fontconfig/945677eb7aeaf62f1d50efc3fb3ec7d8-le32d4.cache-3
7b02c000-7b02e000 r-xs 00000000 08:08 1188893    /var/cache/fontconfig/99e8ed0e538f840c565b6ed5dad60d56-le32d4.cache-3
7b02e000-7b031000 r-xs 00000000 08:08 1206717    /var/cache/fontconfig/e383d7ea5fbe662a33d9b44caf393297-le32d4.cache-3
7b031000-7b034000 r-xs 00000000 08:08 1188879    /var/cache/fontconfig/2cd17615ca594fa2959ae173292e504c-le32d4.cache-3
7b034000-7b035000 r-xs 00000000 08:08 1188903    /var/cache/fontconfig/e7071f4a29fa870f4323321c154eba04-le32d4.cache-3
7b035000-7b037000 r-xs 00000000 08:08 1191776    /var/cache/fontconfig/b5ea634b0fb353b8ea17632d1f9ef766-le32d4.cache-3
7b037000-7b03b000 r-xs 00000000 08:08 1188889    /var/cache/fontconfig/6eb3985aa4124903f6ff08ba781cd364-le32d4.cache-3
7b03b000-7b03c000 r-xs 00000000 08:08 1188883    /var/cache/fontconfig/4c73fe0c47614734b17d736dbde7580a-le32d4.cache-3
7b03c000-7b040000 r-xs 00000000 08:08 1188894    /var/cache/fontconfig/a755afe4a08bf5b97852ceb7400b47bc-le32d4.cache-3
7b040000-7b044000 r-xs 00000000 08:08 1188884    /var/cache/fontconfig/515ca1ebc4b18308bea979be5704f9db-le32d4.cache-3
7b044000-7b04b000 r-xs 00000000 08:08 1188888    /var/cache/fontconfig/6d41288fd70b0be22e8c3a91e032eec0-le32d4.cache-3
7b04b000-7b056000 r-xs 00000000 08:08 1188877    /var/cache/fontconfig/0f34bcd4b6ee430af32735b75db7f02b-le32d4.cache-3
7b056000-7b059000 r-xs 00000000 08:08 1188900    /var/cache/fontconfig/d60319d88cac85ba9e1a07bd06cfbb8c-le32d4.cache-3
7b059000-7b07b000 r-xs 00000000 08:08 1206716    /var/cache/fontconfig/365b55f210c0a22e9a19e35191240f32-le32d4.cache-3
7b07b000-7b088000 r-xs 00000000 08:08 1188899    /var/cache/fontconfig/d52a8644073d54c13679302ca1180695-le32d4.cache-3
7b088000-7b08e000 r-xs 00000000 08:08 1206713    /var/cache/fontconfig/153bb866d4d26e7cd19eee2129f8d8d2-le32d4.cache-3
7b08f000-7b09a000 r-xp 00000000 08:08 408705     /opt/microchip/mplabx/mplab_ide/mplablibs/modules/lib/libusb-1.0.so.0.0.0
7b09a000-7b09b000 rwxp 0000a000 08:08 408705     /opt/microchip/mplabx/mplab_ide/mplablibs/modules/lib/libusb-1.0.so.0.0.0
7b0b7000-7b0be000 r-xp 00000000 08:08 1181319    /usr/lib/jvm/java-6-sun-1.6.0.26/jre/lib/i386/libnio.so
7b0be000-7b0bf000 rwxp 00006000 08:08 1181319    /usr/lib/jvm/java-6-sun-1.6.0.26/jre/lib/i386/libnio.so
7b0bf000-7b0c2000 ---p 00000000 00:00 0 
7b0c2000-7b110000 rwxp 00000000 00:00 0 
7b110000-7b113000 ---p 00000000 00:00 0 
7b113000-7b161000 rwxp 00000000 00:00 0 
7b161000-7b165000 r-xp 00000000 08:08 1056426    /usr/lib/i386-linux-gnu/libXfixes.so.3.1.0
7b165000-7b166000 r-xp 00003000 08:08 1056426    /usr/lib/i386-linux-gnu/libXfixes.so.3.1.0
7b166000-7b167000 rwxp 00004000 08:08 1056426    /usr/lib/i386-linux-gnu/libXfixes.so.3.1.0
7b167000-7b170000 r-xp 00000000 08:08 1056446    /usr/lib/i386-linux-gnu/libXrender.so.1.3.0
7b170000-7b171000 r-xp 00008000 08:08 1056446    /usr/lib/i386-linux-gnu/libXrender.so.1.3.0
7b171000-7b172000 rwxp 00009000 08:08 1056446    /usr/lib/i386-linux-gnu/libXrender.so.1.3.0
7b172000-7b17b000 r-xp 00000000 08:08 1056410    /usr/lib/i386-linux-gnu/libXcursor.so.1.0.2
7b17b000-7b17c000 r-xp 00008000 08:08 1056410    /usr/lib/i386-linux-gnu/libXcursor.so.1.0.2
7b17c000-7b17d000 rwxp 00009000 08:08 1056410    /usr/lib/i386-linux-gnu/libXcursor.so.1.0.2
7b181000-7b182000 rwxp 00000000 00:00 0 
7b182000-7b183000 r-xp 00000000 08:08 1181308    /usr/lib/jvm/java-6-sun-1.6.0.26/jre/lib/i386/libjawt.so
7b183000-7b184000 rwxp 00000000 08:08 1181308    /usr/lib/jvm/java-6-sun-1.6.0.26/jre/lib/i386/libjawt.so
7b184000-7b198000 r-xp 00000000 08:08 1181318    /usr/lib/jvm/java-6-sun-1.6.0.26/jre/lib/i386/libnet.so
7b198000-7b199000 rwxp 00013000 08:08 1181318    /usr/lib/jvm/java-6-sun-1.6.0.26/jre/lib/i386/libnet.so
7b199000-7b1a7000 r-xs 00000000 08:08 1190496    /var/cache/fontconfig/e13b20fdb08344e0e664864cc2ede53d-le32d4.cache-3
7b1a7000-7b1b5000 r-xs 00000000 08:08 1190505    /var/cache/fontconfig/865f88548240fee46819705c6468c165-le32d4.cache-3
7b1b5000-7b1b8000 ---p 00000000 00:00 0 
7b1b8000-7b206000 rwxp 00000000 00:00 0 
7b206000-7b27f000 r-xp 00000000 08:08 1181295    /usr/lib/jvm/java-6-sun-1.6.0.26/jre/lib/i386/libfontmanager.so
7b27f000-7b289000 rwxp 00078000 08:08 1181295    /usr/lib/jvm/java-6-sun-1.6.0.26/jre/lib/i386/libfontmanager.so
7b289000-7b28e000 rwxp 00000000 00:00 0 
7b28e000-7b2a5000 r-xs 0015b000 08:08 1199687    /home/alejo/Dropbox/code/devices3d/lib/base/core/ant.jar
7b2a5000-7b2c2000 r-xp 00000000 08:08 1056813    /usr/lib/i386-linux-gnu/libxcb.so.1.1.0
7b2c2000-7b2c3000 r-xp 0001c000 08:08 1056813    /usr/lib/i386-linux-gnu/libxcb.so.1.1.0
7b2c3000-7b2c4000 rwxp 0001d000 08:08 1056813    /usr/lib/i386-linux-gnu/libxcb.so.1.1.0
7b2c4000-7b2d2000 r-xp 00000000 08:08 1056434    /usr/lib/i386-linux-gnu/libXi.so.6.1.0
7b2d2000-7b2d3000 r-xp 0000d000 08:08 1056434    /usr/lib/i386-linux-gnu/libXi.so.6.1.0
7b2d3000-7b2d4000 rwxp 0000e000 08:08 1056434    /usr/lib/i386-linux-gnu/libXi.so.6.1.0
7b2d4000-7b405000 r-xp 00000000 08:08 1056398    /usr/lib/i386-linux-gnu/libX11.so.6.3.0
7b405000-7b406000 ---p 00131000 08:08 1056398    /usr/lib/i386-linux-gnu/libX11.so.6.3.0
7b406000-7b407000 r-xp 00131000 08:08 1056398    /usr/lib/i386-linux-gnu/libX11.so.6.3.0
7b407000-7b409000 rwxp 00132000 08:08 1056398    /usr/lib/i386-linux-gnu/libX11.so.6.3.0
7b409000-7b40a000 rwxp 00000000 00:00 0 
7b40a000-7b41b000 r-xp 00000000 08:08 1056422    /usr/lib/i386-linux-gnu/libXext.so.6.4.0
7b41b000-7b41c000 r-xp 00010000 08:08 1056422    /usr/lib/i386-linux-gnu/libXext.so.6.4.0
7b41c000-7b41d000 rwxp 00011000 08:08 1056422    /usr/lib/i386-linux-gnu/libXext.so.6.4.0
7b41d000-7b420000 r-xs 00000000 08:08 1206715    /var/cache/fontconfig/7ef2298fde41cc6eeb7af42e48b7d293-le32d4.cache-3
7b420000-7b423000 r-xs 00017000 08:08 1199756    /home/alejo/Dropbox/code/devices3d/lib/user/proscene/proscene.jar
7b423000-7b425000 r-xs 00003000 08:08 1199742    /home/alejo/Dropbox/code/devices3d/lib/user/fullscreen/fullscreen.jar
7b425000-7b429000 r-xs 00020000 08:08 1199717    /home/alejo/Dropbox/code/devices3d/lib/user/SimpleOpenNI/SimpleOpenNI.jar
7b429000-7b42c000 r-xs 00029000 08:08 2123900    /home/alejo/Dropbox/code/devices3d/lib/user/procontroll/procontroll.jar
7b42c000-7b42e000 r-xs 0002b000 08:08 1199690    /home/alejo/Dropbox/code/devices3d/lib/base/core/core.jar
7b42e000-7b439000 r-xs 00108000 08:08 1326150    /home/alejo/Dropbox/code/devices3d/lib/base/opengl/jogl.jar
7b439000-7b47c000 r-xp 00000000 08:08 1181341    /usr/lib/jvm/java-6-sun-1.6.0.26/jre/lib/i386/xawt/libmawt.so
7b47c000-7b47e000 rwxp 00043000 08:08 1181341    /usr/lib/jvm/java-6-sun-1.6.0.26/jre/lib/i386/xawt/libmawt.so
7b47e000-7b47f000 rwxp 00000000 00:00 0 
7b47f000-7b504000 r-xp 00000000 08:08 1181290    /usr/lib/jvm/java-6-sun-1.6.0.26/jre/lib/i386/libawt.so
7b504000-7b50b000 rwxp 00085000 08:08 1181290    /usr/lib/jvm/java-6-sun-1.6.0.26/jre/lib/i386/libawt.so
7b50b000-7b52f000 rwxp 00000000 00:00 0 
7b52f000-7b530000 ---p 00000000 00:00 0 
7b530000-7b5b0000 rwxp 00000000 00:00 0 
7b5b0000-7b5b3000 ---p 00000000 00:00 0 
7b5b3000-7b601000 rwxp 00000000 00:00 0 
7b601000-7b604000 ---p 00000000 00:00 0 
7b604000-7b682000 rwxp 00000000 00:00 0 
7b682000-7b685000 ---p 00000000 00:00 0 
7b685000-7b703000 rwxp 00000000 00:00 0 
7b703000-7b706000 ---p 00000000 00:00 0 
7b706000-7b754000 rwxp 00000000 00:00 0 
7b754000-7b755000 r-xp 00571000 08:08 1057169    /usr/lib/locale/locale-archive
7b755000-7b886000 r-xp 0043d000 08:08 1057169    /usr/lib/locale/locale-archive
7b886000-7b8c6000 r-xp 002bd000 08:08 1057169    /usr/lib/locale/locale-archive
7b8c6000-7bac6000 r-xp 00000000 08:08 1057169    /usr/lib/locale/locale-archive
7bac6000-7bac9000 ---p 00000000 00:00 0 
7bac9000-7bb17000 rwxp 00000000 00:00 0 
7bb17000-7bb1a000 ---p 00000000 00:00 0 
7bb1a000-7bb68000 rwxp 00000000 00:00 0 
7bb68000-7bd00000 r-xs 03029000 08:08 1181157    /usr/lib/jvm/java-6-sun-1.6.0.26/jre/lib/rt.jar
7bd00000-7bdff000 rwxp 00000000 00:00 0 
7bdff000-7be00000 ---p 00000000 00:00 0 
7be00000-7be01000 r-xs 00000000 08:08 1188876    /var/cache/fontconfig/0d8c3b2ac0904cb8a57a757ad11a4a08-le32d4.cache-3
7be01000-7be03000 r-xs 00002000 08:08 1199642    /home/alejo/Dropbox/code/devices3d/lib/base/core/ant-launcher.jar
7be03000-7be08000 r-xp 00000000 08:08 1056418    /usr/lib/i386-linux-gnu/libXdmcp.so.6.0.0
7be08000-7be09000 r-xp 00004000 08:08 1056418    /usr/lib/i386-linux-gnu/libXdmcp.so.6.0.0
7be09000-7be0a000 rwxp 00005000 08:08 1056418    /usr/lib/i386-linux-gnu/libXdmcp.so.6.0.0
7be0a000-7be0b000 ---p 00000000 00:00 0 
7be0b000-7bebf000 rwxp 00000000 00:00 0 
7bebf000-7bec0000 ---p 00000000 00:00 0 
7bec0000-7bf40000 rwxp 00000000 00:00 0 
7bf40000-7bf41000 ---p 00000000 00:00 0 
7bf41000-7bfc1000 rwxp 00000000 00:00 0 
7bfc1000-7bfc2000 ---p 00000000 00:00 0 
7bfc2000-7c042000 rwxp 00000000 00:00 0 
7c042000-7c043000 ---p 00000000 00:00 0 
7c043000-7c0cb000 rwxp 00000000 00:00 0 
7c0cb000-7c0e3000 rwxp 00000000 00:00 0 
7c0e3000-7c0f5000 rwxp 00000000 00:00 0 
7c0f5000-7c1f5000 rwxp 00000000 00:00 0 
7c1f5000-7c1fd000 rwxp 00000000 00:00 0 
7c1fd000-7c215000 rwxp 00000000 00:00 0 
7c215000-7c227000 rwxp 00000000 00:00 0 
7c227000-7c326000 rwxp 00000000 00:00 0 
7c326000-7c336000 rwxp 00000000 00:00 0 
7c336000-7c3af000 rwxp 00000000 00:00 0 
7c3af000-7d3b0000 rwxp 00000000 00:00 0 
7d3b0000-803b0000 rwxp 00000000 00:00 0 
803b0000-825e0000 rwxp 00000000 00:00 0 
825e0000-a2660000 rwxp 00000000 00:00 0 
a2660000-a4440000 rwxp 00000000 00:00 0 
a4440000-b37b0000 rwxp 00000000 00:00 0 
b37b0000-b37b1000 r-xs 00000000 08:08 1188887    /var/cache/fontconfig/6a53c69dea097a2d716e069445527da8-le32d4.cache-3
b37b1000-b37b6000 r-xp 00000000 08:08 1052626    /usr/lib/libXtst.so.6.1.0
b37b6000-b37b7000 r-xp 00004000 08:08 1052626    /usr/lib/libXtst.so.6.1.0
b37b7000-b37b8000 rwxp 00005000 08:08 1052626    /usr/lib/libXtst.so.6.1.0
b37b8000-b37c1000 rwxp 00000000 00:00 0 
b37c1000-b3878000 rwxp 00000000 00:00 0 
b3878000-b3ab8000 rwxp 00000000 00:00 0 
b3ab8000-b6878000 rwxp 00000000 00:00 0 
b6878000-b6883000 r-xp 00000000 08:08 1573836    /lib/i386-linux-gnu/libnss_files-2.13.so
b6883000-b6884000 r-xp 0000a000 08:08 1573836    /lib/i386-linux-gnu/libnss_files-2.13.so
b6884000-b6885000 rwxp 0000b000 08:08 1573836    /lib/i386-linux-gnu/libnss_files-2.13.so
b6885000-b688f000 r-xp 00000000 08:08 1573840    /lib/i386-linux-gnu/libnss_nis-2.13.so
b688f000-b6890000 r-xp 00009000 08:08 1573840    /lib/i386-linux-gnu/libnss_nis-2.13.so
b6890000-b6891000 rwxp 0000a000 08:08 1573840    /lib/i386-linux-gnu/libnss_nis-2.13.so
b6891000-b68a6000 r-xp 00000000 08:08 1573830    /lib/i386-linux-gnu/libnsl-2.13.so
b68a6000-b68a7000 r-xp 00015000 08:08 1573830    /lib/i386-linux-gnu/libnsl-2.13.so
b68a7000-b68a8000 rwxp 00016000 08:08 1573830    /lib/i386-linux-gnu/libnsl-2.13.so
b68a8000-b68aa000 rwxp 00000000 00:00 0 
b68aa000-b68ab000 r-xs 00000000 08:08 1193307    /var/cache/fontconfig/4794a0821666d79190d59a36cb4f44b5-le32d4.cache-3
b68ab000-b68ac000 r-xs 00004000 08:08 1326149    /home/alejo/Dropbox/code/devices3d/lib/base/opengl/gluegen-rt.jar
b68ac000-b68ad000 r-xs 00003000 08:08 1326148    /home/alejo/Dropbox/code/devices3d/lib/base/opengl/opengl.jar
b68ad000-b68bc000 r-xp 00000000 08:08 1181329    /usr/lib/jvm/java-6-sun-1.6.0.26/jre/lib/i386/libzip.so
b68bc000-b68be000 rwxp 0000e000 08:08 1181329    /usr/lib/jvm/java-6-sun-1.6.0.26/jre/lib/i386/libzip.so
b68be000-b68c6000 rwxs 00000000 08:08 411585     /tmp/hsperfdata_alejo/7493
b68c6000-b68e9000 r-xp 00000000 08:08 1181303    /usr/lib/jvm/java-6-sun-1.6.0.26/jre/lib/i386/libjava.so
b68e9000-b68eb000 rwxp 00023000 08:08 1181303    /usr/lib/jvm/java-6-sun-1.6.0.26/jre/lib/i386/libjava.so
b68eb000-b68f2000 r-xp 00000000 08:08 1573859    /lib/i386-linux-gnu/librt-2.13.so
b68f2000-b68f3000 r-xp 00006000 08:08 1573859    /lib/i386-linux-gnu/librt-2.13.so
b68f3000-b68f4000 rwxp 00007000 08:08 1573859    /lib/i386-linux-gnu/librt-2.13.so
b68f4000-b68f7000 ---p 00000000 00:00 0 
b68f7000-b6945000 rwxp 00000000 00:00 0 
b6945000-b696d000 r-xp 00000000 08:08 1573825    /lib/i386-linux-gnu/libm-2.13.so
b696d000-b696e000 r-xp 00028000 08:08 1573825    /lib/i386-linux-gnu/libm-2.13.so
b696e000-b696f000 rwxp 00029000 08:08 1573825    /lib/i386-linux-gnu/libm-2.13.so
b696f000-b7121000 r-xp 00000000 08:08 1181340    /usr/lib/jvm/java-6-sun-1.6.0.26/jre/lib/i386/server/libjvm.so
b7121000-b7175000 rwxp 007b1000 08:08 1181340    /usr/lib/jvm/java-6-sun-1.6.0.26/jre/lib/i386/server/libjvm.so
b7175000-b7594000 rwxp 00000000 00:00 0 
b7594000-b770a000 r-xp 00000000 08:08 1573795    /lib/i386-linux-gnu/libc-2.13.so
b770a000-b770c000 r-xp 00176000 08:08 1573795    /lib/i386-linux-gnu/libc-2.13.so
b770c000-b770d000 rwxp 00178000 08:08 1573795    /lib/i386-linux-gnu/libc-2.13.so
b770d000-b7710000 rwxp 00000000 00:00 0 
b7710000-b7713000 r-xp 00000000 08:08 1573806    /lib/i386-linux-gnu/libdl-2.13.so
b7713000-b7714000 r-xp 00002000 08:08 1573806    /lib/i386-linux-gnu/libdl-2.13.so
b7714000-b7715000 rwxp 00003000 08:08 1573806    /lib/i386-linux-gnu/libdl-2.13.so
b7715000-b771c000 r-xp 00000000 08:08 1181335    /usr/lib/jvm/java-6-sun-1.6.0.26/jre/lib/i386/jli/libjli.so
b771c000-b771e000 rwxp 00006000 08:08 1181335    /usr/lib/jvm/java-6-sun-1.6.0.26/jre/lib/i386/jli/libjli.so
b771e000-b771f000 rwxp 00000000 00:00 0 
b771f000-b7736000 r-xp 00000000 08:08 1573855    /lib/i386-linux-gnu/libpthread-2.13.so
b7736000-b7737000 r-xp 00016000 08:08 1573855    /lib/i386-linux-gnu/libpthread-2.13.so
b7737000-b7738000 rwxp 00017000 08:08 1573855    /lib/i386-linux-gnu/libpthread-2.13.so
b7738000-b773a000 rwxp 00000000 00:00 0 
b773a000-b773c000 r-xp 00000000 08:08 1056402    /usr/lib/i386-linux-gnu/libXau.so.6.0.0
b773c000-b773d000 r-xp 00001000 08:08 1056402    /usr/lib/i386-linux-gnu/libXau.so.6.0.0
b773d000-b773e000 rwxp 00002000 08:08 1056402    /usr/lib/i386-linux-gnu/libXau.so.6.0.0
b773e000-b7746000 r-xp 00000000 08:08 1573832    /lib/i386-linux-gnu/libnss_compat-2.13.so
b7746000-b7747000 r-xp 00007000 08:08 1573832    /lib/i386-linux-gnu/libnss_compat-2.13.so
b7747000-b7748000 rwxp 00008000 08:08 1573832    /lib/i386-linux-gnu/libnss_compat-2.13.so
b7748000-b7749000 rwxp 00000000 00:00 0 
b7749000-b774a000 r-xp 00000000 00:00 0 
b774a000-b7755000 r-xp 00000000 08:08 1181328    /usr/lib/jvm/java-6-sun-1.6.0.26/jre/lib/i386/libverify.so
b7755000-b7756000 rwxp 0000b000 08:08 1181328    /usr/lib/jvm/java-6-sun-1.6.0.26/jre/lib/i386/libverify.so
b7756000-b7758000 rwxp 00000000 00:00 0 
b7758000-b7759000 r-xp 00000000 00:00 0          [vdso]
b7759000-b7777000 r-xp 00000000 08:08 1573782    /lib/i386-linux-gnu/ld-2.13.so
b7777000-b7778000 r-xp 0001d000 08:08 1573782    /lib/i386-linux-gnu/ld-2.13.so
b7778000-b7779000 rwxp 0001e000 08:08 1573782    /lib/i386-linux-gnu/ld-2.13.so
bfacd000-bfaee000 rwxp 00000000 00:00 0          [stack]

VM Arguments:
jvm_args: -Djava.library.path=/home/alejo/Dropbox/code/devices3d/lib/base/opengl:/home/alejo/Dropbox/code/devices3d/lib/base/opengl:/home/alejo/Dropbox/code/devices3d/lib/base/opengl:/home/alejo/Dropbox/code/devices3d/lib/base/core:/home/alejo/Dropbox/code/devices3d/lib/base/core:/home/alejo/Dropbox/code/devices3d/lib/base/core:/home/alejo/Dropbox/code/devices3d/lib/user/procontroll:/home/alejo/Dropbox/code/devices3d/lib/user/SimpleOpenNI:/home/alejo/Dropbox/code/devices3d/lib/user/fullscreen:/home/alejo/Dropbox/code/devices3d/lib/user/proscene -Djava.security.policy=java.policy.applet -Dfile.encoding=UTF-8 
java_command: sun.applet.AppletViewer devices3d.Devices3d1333676636733.html
Launcher Type: SUN_STANDARD

Environment Variables:
PATH=/opt/microchip/mplabc32/v2.02/bin:/opt/microchip/mplabc30/v3.30c/bin:/usr/lib/lightdm/lightdm:/usr/local/sbin:/usr/local/bin:/usr/sbin:/usr/bin:/sbin:/bin:/usr/games
USERNAME=alejo
LD_LIBRARY_PATH=/usr/lib/jvm/java-6-sun-1.6.0.26/jre/lib/i386/server:/usr/lib/jvm/java-6-sun-1.6.0.26/jre/lib/i386:/usr/lib/jvm/java-6-sun-1.6.0.26/jre/../lib/i386:/usr/lib/jvm/java-6-sun-1.6.0.26/jre/lib/i386/client:/usr/lib/jvm/java-6-sun-1.6.0.26/jre/lib/i386:
SHELL=/bin/bash
DISPLAY=:0.0

Signal Handlers:
SIGSEGV: [libjvm.so+0x725510], sa_mask[0]=0x7ffbfeff, sa_flags=0x10000004
SIGBUS: [libjvm.so+0x725510], sa_mask[0]=0x7ffbfeff, sa_flags=0x10000004
SIGFPE: [libjvm.so+0x5dff20], sa_mask[0]=0x7ffbfeff, sa_flags=0x10000004
SIGPIPE: [libjvm.so+0x5dff20], sa_mask[0]=0x7ffbfeff, sa_flags=0x10000004
SIGXFSZ: [libjvm.so+0x5dff20], sa_mask[0]=0x7ffbfeff, sa_flags=0x10000004
SIGILL: [libjvm.so+0x5dff20], sa_mask[0]=0x7ffbfeff, sa_flags=0x10000004
SIGUSR1: SIG_DFL, sa_mask[0]=0x00000000, sa_flags=0x00000000
SIGUSR2: [libjvm.so+0x5e3160], sa_mask[0]=0x00000004, sa_flags=0x10000004
SIGHUP: [libjvm.so+0x5e2d40], sa_mask[0]=0x7ffbfeff, sa_flags=0x10000004
SIGINT: [libjvm.so+0x5e2d40], sa_mask[0]=0x7ffbfeff, sa_flags=0x10000004
SIGTERM: [libjvm.so+0x5e2d40], sa_mask[0]=0x7ffbfeff, sa_flags=0x10000004
SIGQUIT: [libjvm.so+0x5e2d40], sa_mask[0]=0x7ffbfeff, sa_flags=0x10000004


---------------  S Y S T E M  ---------------

OS:wheezy/sid

uname:Linux 3.0.0-12-generic #20-Ubuntu SMP Fri Oct 7 14:50:42 UTC 2011 i686
libc:glibc 2.13 NPTL 2.13 
rlimit: STACK 8192k, CORE 0k, NPROC 26110, NOFILE 4096, AS infinity
load average:0.11 0.16 0.14

/proc/meminfo:
MemTotal:        3356112 kB
MemFree:          467672 kB
Buffers:          328384 kB
Cached:          1058708 kB
SwapCached:            0 kB
Active:          1510396 kB
Inactive:        1021360 kB
Active(anon):    1147052 kB
Inactive(anon):    10408 kB
Active(file):     363344 kB
Inactive(file):  1010952 kB
Unevictable:          16 kB
Mlocked:              16 kB
HighTotal:       2497096 kB
HighFree:          91868 kB
LowTotal:         859016 kB
LowFree:          375804 kB
SwapTotal:      14645240 kB
SwapFree:       14645240 kB
Dirty:               356 kB
Writeback:             0 kB
AnonPages:       1144756 kB
Mapped:           323376 kB
Shmem:             12800 kB
Slab:              98408 kB
SReclaimable:      76840 kB
SUnreclaim:        21568 kB
KernelStack:        4368 kB
PageTables:        21276 kB
NFS_Unstable:          0 kB
Bounce:                0 kB
WritebackTmp:          0 kB
CommitLimit:    16323296 kB
Committed_AS:    4183176 kB
VmallocTotal:     122880 kB
VmallocUsed:       59252 kB
VmallocChunk:      58104 kB
HardwareCorrupted:     0 kB
AnonHugePages:         0 kB
HugePages_Total:       0
HugePages_Free:        0
HugePages_Rsvd:        0
HugePages_Surp:        0
Hugepagesize:       4096 kB
DirectMap4k:       12280 kB
DirectMap4M:      897024 kB


CPU:total 4 (4 cores per cpu, 1 threads per core) family 16 model 4 stepping 3, cmov, cx8, fxsr, mmx, sse, sse2, sse3, popcnt, mmxext, 3dnow, 3dnowext, lzcnt, sse4a

/proc/cpuinfo:
processor	: 0
vendor_id	: AuthenticAMD
cpu family	: 16
model		: 4
model name	: AMD Phenom(tm) II X4 945 Processor
stepping	: 3
cpu MHz		: 3010.822
cache size	: 512 KB
physical id	: 0
siblings	: 4
core id		: 0
cpu cores	: 4
apicid		: 0
initial apicid	: 0
fdiv_bug	: no
hlt_bug		: no
f00f_bug	: no
coma_bug	: no
fpu		: yes
fpu_exception	: yes
cpuid level	: 5
wp		: yes
flags		: fpu vme de pse tsc msr pae mce cx8 apic mtrr pge mca cmov pat pse36 clflush mmx fxsr sse sse2 ht syscall nx mmxext fxsr_opt pdpe1gb rdtscp lm 3dnowext 3dnow constant_tsc nonstop_tsc extd_apicid pni monitor cx16 popcnt lahf_lm cmp_legacy svm extapic cr8_legacy abm sse4a misalignsse 3dnowprefetch osvw ibs skinit wdt npt lbrv svm_lock nrip_save
bogomips	: 6021.64
clflush size	: 64
cache_alignment	: 64
address sizes	: 48 bits physical, 48 bits virtual
power management: ts ttp tm stc 100mhzsteps hwpstate

processor	: 1
vendor_id	: AuthenticAMD
cpu family	: 16
model		: 4
model name	: AMD Phenom(tm) II X4 945 Processor
stepping	: 3
cpu MHz		: 3010.822
cache size	: 512 KB
physical id	: 0
siblings	: 4
core id		: 1
cpu cores	: 4
apicid		: 1
initial apicid	: 1
fdiv_bug	: no
hlt_bug		: no
f00f_bug	: no
coma_bug	: no
fpu		: yes
fpu_exception	: yes
cpuid level	: 5
wp		: yes
flags		: fpu vme de pse tsc msr pae mce cx8 apic mtrr pge mca cmov pat pse36 clflush mmx fxsr sse sse2 ht syscall nx mmxext fxsr_opt pdpe1gb rdtscp lm 3dnowext 3dnow constant_tsc nonstop_tsc extd_apicid pni monitor cx16 popcnt lahf_lm cmp_legacy svm extapic cr8_legacy abm sse4a misalignsse 3dnowprefetch osvw ibs skinit wdt npt lbrv svm_lock nrip_save
bogomips	: 6020.55
clflush size	: 64
cache_alignment	: 64
address sizes	: 48 bits physical, 48 bits virtual
power management: ts ttp tm stc 100mhzsteps hwpstate

processor	: 2
vendor_id	: AuthenticAMD
cpu family	: 16
model		: 4
model name	: AMD Phenom(tm) II X4 945 Processor
stepping	: 3
cpu MHz		: 3010.822
cache size	: 512 KB
physical id	: 0
siblings	: 4
core id		: 2
cpu cores	: 4
apicid		: 2
initial apicid	: 2
fdiv_bug	: no
hlt_bug		: no
f00f_bug	: no
coma_bug	: no
fpu		: yes
fpu_exception	: yes
cpuid level	: 5
wp		: yes
flags		: fpu vme de pse tsc msr pae mce cx8 apic mtrr pge mca cmov pat pse36 clflush mmx fxsr sse sse2 ht syscall nx mmxext fxsr_opt pdpe1gb rdtscp lm 3dnowext 3dnow constant_tsc nonstop_tsc extd_apicid pni monitor cx16 popcnt lahf_lm cmp_legacy svm extapic cr8_legacy abm sse4a misalignsse 3dnowprefetch osvw ibs skinit wdt npt lbrv svm_lock nrip_save
bogomips	: 6020.55
clflush size	: 64
cache_alignment	: 64
address sizes	: 48 bits physical, 48 bits virtual
power management: ts ttp tm stc 100mhzsteps hwpstate

processor	: 3
vendor_id	: AuthenticAMD
cpu family	: 16
model		: 4
model name	: AMD Phenom(tm) II X4 945 Processor
stepping	: 3
cpu MHz		: 3010.822
cache size	: 512 KB
physical id	: 0
siblings	: 4
core id		: 3
cpu cores	: 4
apicid		: 3
initial apicid	: 3
fdiv_bug	: no
hlt_bug		: no
f00f_bug	: no
coma_bug	: no
fpu		: yes
fpu_exception	: yes
cpuid level	: 5
wp		: yes
flags		: fpu vme de pse tsc msr pae mce cx8 apic mtrr pge mca cmov pat pse36 clflush mmx fxsr sse sse2 ht syscall nx mmxext fxsr_opt pdpe1gb rdtscp lm 3dnowext 3dnow constant_tsc nonstop_tsc extd_apicid pni monitor cx16 popcnt lahf_lm cmp_legacy svm extapic cr8_legacy abm sse4a misalignsse 3dnowprefetch osvw ibs skinit wdt npt lbrv svm_lock nrip_save
bogomips	: 6020.55
clflush size	: 64
cache_alignment	: 64
address sizes	: 48 bits physical, 48 bits virtual
power management: ts ttp tm stc 100mhzsteps hwpstate



Memory: 4k page, physical 3356112k(467672k free), swap 14645240k(14645240k free)

vm_info: Java HotSpot(TM) Server VM (20.1-b02) for linux-x86 JRE (1.6.0_26-b03), built on May  4 2011 01:04:10 by "java_re" with gcc 3.2.1-7a (J2SE release)

time: Thu Apr  5 20:43:57 2012
elapsed time: 0 seconds

