#
# A fatal error has been detected by the Java Runtime Environment:
#
#  SIGSEGV (0xb) at pc=0x7a9cbd5a, pid=7279, tid=2060503920
#
# JRE version: 6.0_26-b03
# Java VM: Java HotSpot(TM) Server VM (20.1-b02 mixed mode linux-x86 )
# Problematic frame:
# C  [libOpenNI.so+0x33d5a]  long long+0x1a
#
# If you would like to submit a bug report, please visit:
#   http://java.sun.com/webapps/bugreport/crash.jsp
# The crash happened outside the Java Virtual Machine in native code.
# See problematic frame for where to report the bug.
#

---------------  T H R E A D  ---------------

Current thread (0x0905a400):  JavaThread "Animation Thread" [_thread_in_native, id=7305, stack(0x7acbc000,0x7ad0d000)]

siginfo:si_signo=SIGSEGV: si_errno=0, si_code=1 (SEGV_MAPERR), si_addr=0x00000000

Registers:
EAX=0x00000000, EBX=0x7aa15ff4, ECX=0x00000001, EDX=0x7ab04978
ESP=0x7ad0bc40, EBP=0x7ad0bc68, ESI=0x00000000, EDI=0x0905a400
EIP=0x7a9cbd5a, EFLAGS=0x00010202, CR2=0x00000000

Top of Stack: (sp=0x7ad0bc40)
0x7ad0bc40:   7a99adec 7aafcff4 7cbc2788 0905a400
0x7ad0bc50:   7ad0bc88 b7783c30 7ab04978 7a9cbd40
0x7ad0bc60:   7aafcff4 7cbc2788 7ad0bc88 7aab298c
0x7ad0bc70:   00000000 7ab04978 7ab04978 7aab2966
0x7ad0bc80:   7ab04908 7aafcff4 7ad0bcb8 7aab96f1
0x7ad0bc90:   7ab04908 7ab04978 00000000 00000000
0x7ad0bca0:   7ad0bcd8 b7783c30 0905a400 7aab9601
0x7ad0bcb0:   7aafcff4 7cbc2788 7ad0bcd8 7aab9825 

Instructions: (pc=0x7a9cbd5a)
0x7a9cbd3a:   bc 27 00 00 00 00 55 89 e5 83 ec 28 89 75 fc 8b
0x7a9cbd4a:   75 08 89 5d f8 e8 13 a8 fd ff 81 c3 a0 a2 04 00
0x7a9cbd5a:   8b 06 8b 50 08 85 d2 74 0c 8b 40 04 8b 00 a9 00
0x7a9cbd6a:   00 01 00 75 11 8b 5d f8 b8 12 00 01 00 8b 75 fc 

Register to memory mapping:

EAX=0x00000000 is an unknown value
EBX=0x7aa15ff4: <offset 0x7dff4> in /usr/lib/libOpenNI.so at 0x7a998000
ECX=0x00000001 is an unknown value
EDX=0x7ab04978 is an unknown value
ESP=0x7ad0bc40 is pointing into the stack for thread: 0x0905a400
EBP=0x7ad0bc68 is pointing into the stack for thread: 0x0905a400
ESI=0x00000000 is an unknown value
EDI=0x0905a400 is a thread


Stack: [0x7acbc000,0x7ad0d000],  sp=0x7ad0bc40,  free space=319k
Native frames: (J=compiled Java code, j=interpreted, Vv=VM code, C=native code)
C  [libOpenNI.so+0x33d5a]  long long+0x1a
C  [libSimpleOpenNI.so+0x9a98c]  xn::MapGenerator::SetMapOutputMode(XnMapOutputMode const&)+0x26
C  [libSimpleOpenNI.so+0xa16f1]  sOpenNI::ContextWrapper::createDepth(bool)+0xdb
C  [libSimpleOpenNI.so+0xa1825]  sOpenNI::ContextWrapper::enableDepth()+0x6b
C  [libSimpleOpenNI.so+0x848c6]  Java_SimpleOpenNI_SimpleOpenNIJNI_ContextWrapper_1enableDepthSwigExplicitContextWrapper_1_1SWIG_10+0x3c
j  SimpleOpenNI.SimpleOpenNIJNI.ContextWrapper_enableDepthSwigExplicitContextWrapper__SWIG_0(JLSimpleOpenNI/ContextWrapper;)Z+0
j  SimpleOpenNI.ContextWrapper.enableDepth()Z+26
j  SimpleOpenNI.SimpleOpenNI.enableDepth()Z+1
j  remixlab.devices.Kinect.<init>(Lprocessing/core/PApplet;Lremixlab/proscene/Scene;)V+56
j  devices3d.Devices3d.setup()V+242
j  processing.core.PApplet.handleDraw()V+65
j  processing.core.PApplet.run()V+72
j  java.lang.Thread.run()V+11
v  ~StubRoutines::call_stub
V  [libjvm.so+0x3dff01]  JavaCalls::call_helper(JavaValue*, methodHandle*, JavaCallArguments*, Thread*)+0x1c1
V  [libjvm.so+0x5e1298]  os::os_exception_wrapper(void (*)(JavaValue*, methodHandle*, JavaCallArguments*, Thread*), JavaValue*, methodHandle*, JavaCallArguments*, Thread*)+0x18
V  [libjvm.so+0x3df775]  JavaCalls::call_virtual(JavaValue*, KlassHandle, symbolHandle, symbolHandle, JavaCallArguments*, Thread*)+0xc5
V  [libjvm.so+0x3df838]  JavaCalls::call_virtual(JavaValue*, Handle, KlassHandle, symbolHandle, symbolHandle, Thread*)+0x58
V  [libjvm.so+0x4642d7]  thread_entry(JavaThread*, Thread*)+0xa7
V  [libjvm.so+0x6e16bf]  JavaThread::run()+0x11f
V  [libjvm.so+0x5e2aee]  java_start(Thread*)+0x14e
C  [libpthread.so.0+0x6d31]  short+0xd1

Java frames: (J=compiled Java code, j=interpreted, Vv=VM code)
j  SimpleOpenNI.SimpleOpenNIJNI.ContextWrapper_enableDepthSwigExplicitContextWrapper__SWIG_0(JLSimpleOpenNI/ContextWrapper;)Z+0
j  SimpleOpenNI.ContextWrapper.enableDepth()Z+26
j  SimpleOpenNI.SimpleOpenNI.enableDepth()Z+1
j  remixlab.devices.Kinect.<init>(Lprocessing/core/PApplet;Lremixlab/proscene/Scene;)V+56
j  devices3d.Devices3d.setup()V+242
j  processing.core.PApplet.handleDraw()V+65
j  processing.core.PApplet.run()V+72
j  java.lang.Thread.run()V+11
v  ~StubRoutines::call_stub

---------------  P R O C E S S  ---------------

Java Threads: ( => current thread )
=>0x0905a400 JavaThread "Animation Thread" [_thread_in_native, id=7305, stack(0x7acbc000,0x7ad0d000)]
  0x08f52c00 JavaThread "AWT-EventQueue-1" [_thread_blocked, id=7304, stack(0x7ad0d000,0x7ad5e000)]
  0x08cc0c00 JavaThread "DestroyJavaVM" [_thread_blocked, id=7284, stack(0xb690b000,0xb695c000)]
  0x7b16e400 JavaThread "AWT-EventQueue-0" [_thread_blocked, id=7302, stack(0x7ad5e000,0x7adaf000)]
  0x7b16dc00 JavaThread "AWT-Shutdown" [_thread_blocked, id=7301, stack(0x7adaf000,0x7ae00000)]
  0x08eb1400 JavaThread "thread applet-devices3d.Devices3d.class" [_thread_blocked, id=7300, stack(0x7afca000,0x7b01b000)]
  0x08e15c00 JavaThread "AWT-XAWT" daemon [_thread_in_native, id=7298, stack(0x7b01b000,0x7b06c000)]
  0x7b135000 JavaThread "Java2D Disposer" daemon [_thread_blocked, id=7297, stack(0x7b0af000,0x7b100000)]
  0x7bb02400 JavaThread "Low Memory Detector" daemon [_thread_blocked, id=7295, stack(0x7b59a000,0x7b5eb000)]
  0x7bb00800 JavaThread "C2 CompilerThread1" daemon [_thread_blocked, id=7294, stack(0x7b5eb000,0x7b66c000)]
  0x08d77c00 JavaThread "C2 CompilerThread0" daemon [_thread_blocked, id=7293, stack(0x7b66c000,0x7b6ed000)]
  0x08d76400 JavaThread "Signal Dispatcher" daemon [_thread_blocked, id=7292, stack(0x7b6ed000,0x7b73e000)]
  0x08d68000 JavaThread "Finalizer" daemon [_thread_blocked, id=7291, stack(0x7baaf000,0x7bb00000)]
  0x08d63400 JavaThread "Reference Handler" daemon [_thread_blocked, id=7290, stack(0x7bc31000,0x7bc82000)]

Other Threads:
  0x08d5f800 VMThread [stack: 0x7bc82000,0x7bd03000] [id=7289]
  0x7bb0c400 WatcherThread [stack: 0x7b519000,0x7b59a000] [id=7296]

VM state:not at safepoint (normal execution)

VM Mutex/Monitor currently owned by a thread: None

Heap
 PSYoungGen      total 15296K, used 10381K [0xa2670000, 0xa4450000, 0xb37c0000)
  eden space 13120K, 66% used [0xa2670000,0xa2f03158,0xa3340000)
  from space 2176K, 73% used [0xa3340000,0xa34d0698,0xa3560000)
  to   space 2176K, 0% used [0xa4230000,0xa4230000,0xa4450000)
 PSOldGen        total 35008K, used 5968K [0x803c0000, 0x825f0000, 0xa2670000)
  object space 35008K, 17% used [0x803c0000,0x80994310,0x825f0000)
 PSPermGen       total 16384K, used 8321K [0x7c3c0000, 0x7d3c0000, 0x803c0000)
  object space 16384K, 50% used [0x7c3c0000,0x7cbe0480,0x7d3c0000)

Code Cache  [0xb388f000, 0xb3acf000, 0xb688f000)
 total_blobs=327 nmethods=40 adapters=242 free_code_cache=49887680 largest_free_block=11776

Dynamic libraries:
08048000-08052000 r-xp 00000000 08:08 1181081    /usr/lib/jvm/java-6-sun-1.6.0.26/jre/bin/java
08052000-08053000 rwxp 00009000 08:08 1181081    /usr/lib/jvm/java-6-sun-1.6.0.26/jre/bin/java
08cba000-090dc000 rwxp 00000000 00:00 0          [heap]
792cd000-79356000 r-xp 00000000 08:08 1070238    /usr/lib/libXnDeviceSensorV2KM.so
79356000-7935f000 r-xp 00088000 08:08 1070238    /usr/lib/libXnDeviceSensorV2KM.so
7935f000-79360000 rwxp 00091000 08:08 1070238    /usr/lib/libXnDeviceSensorV2KM.so
79360000-79440000 r-xp 00000000 08:08 1064091    /usr/lib/libXnVHandGenerator_1_5_0.so
79440000-79443000 r-xp 000df000 08:08 1064091    /usr/lib/libXnVHandGenerator_1_5_0.so
79443000-79444000 rwxp 000e2000 08:08 1064091    /usr/lib/libXnVHandGenerator_1_5_0.so
79444000-79450000 rwxp 00000000 00:00 0 
79450000-79843000 r-xp 00000000 08:08 1064087    /usr/lib/libXnVFeatures_1_5_0.so
79843000-79844000 ---p 003f3000 08:08 1064087    /usr/lib/libXnVFeatures_1_5_0.so
79844000-7984c000 r-xp 003f3000 08:08 1064087    /usr/lib/libXnVFeatures_1_5_0.so
7984c000-7984d000 rwxp 003fb000 08:08 1064087    /usr/lib/libXnVFeatures_1_5_0.so
7984d000-79861000 rwxp 00000000 00:00 0 
79861000-7988e000 r-xp 00000000 08:08 1064003    /usr/lib/libXnDeviceFile.so
7988e000-7988f000 r-xp 0002d000 08:08 1064003    /usr/lib/libXnDeviceFile.so
7988f000-79890000 rwxp 0002e000 08:08 1064003    /usr/lib/libXnDeviceFile.so
79890000-798e2000 r-xp 00000000 08:08 1064002    /usr/lib/libXnDDK.so
798e2000-798e4000 r-xp 00051000 08:08 1064002    /usr/lib/libXnDDK.so
798e4000-798e5000 rwxp 00053000 08:08 1064002    /usr/lib/libXnDDK.so
798e5000-79909000 r-xp 00000000 08:08 1064005    /usr/lib/libXnFormats.so
79909000-7990a000 r-xp 00023000 08:08 1064005    /usr/lib/libXnFormats.so
7990a000-7990b000 rwxp 00024000 08:08 1064005    /usr/lib/libXnFormats.so
7990b000-7992b000 rwxp 00000000 00:00 0 
7992b000-799c4000 r-xp 00000000 08:08 1064004    /usr/lib/libXnDeviceSensorV2.so
799c4000-799cd000 r-xp 00098000 08:08 1064004    /usr/lib/libXnDeviceSensorV2.so
799cd000-799ce000 rwxp 000a1000 08:08 1064004    /usr/lib/libXnDeviceSensorV2.so
799ce000-79ab1000 r-xp 00000000 08:08 1064000    /usr/lib/libXnVHandGenerator_1_5_2.so
79ab1000-79ab4000 r-xp 000e3000 08:08 1064000    /usr/lib/libXnVHandGenerator_1_5_2.so
79ab4000-79ab5000 rwxp 000e6000 08:08 1064000    /usr/lib/libXnVHandGenerator_1_5_2.so
79ab5000-79ac1000 rwxp 00000000 00:00 0 
79ac1000-79b96000 r-xp 00000000 08:08 1063997    /usr/lib/libXnVHandGenerator_1_4_2.so
79b96000-79b97000 ---p 000d5000 08:08 1063997    /usr/lib/libXnVHandGenerator_1_4_2.so
79b97000-79b99000 r-xp 000d5000 08:08 1063997    /usr/lib/libXnVHandGenerator_1_4_2.so
79b99000-79b9a000 rwxp 000d7000 08:08 1063997    /usr/lib/libXnVHandGenerator_1_4_2.so
79b9a000-79b9c000 rwxp 00000000 00:00 0 
79b9c000-79c70000 r-xp 00000000 08:08 1063994    /usr/lib/libXnVHandGenerator_1_4_1.so
79c70000-79c71000 ---p 000d4000 08:08 1063994    /usr/lib/libXnVHandGenerator_1_4_1.so
79c71000-79c73000 r-xp 000d4000 08:08 1063994    /usr/lib/libXnVHandGenerator_1_4_1.so
79c73000-79c74000 rwxp 000d6000 08:08 1063994    /usr/lib/libXnVHandGenerator_1_4_1.so
79c74000-79c76000 rwxp 00000000 00:00 0 
79c76000-79d54000 r-xp 00000000 08:08 1063991    /usr/lib/libXnVHandGenerator_1_3_1.so
79d54000-79d57000 r-xp 000dd000 08:08 1063991    /usr/lib/libXnVHandGenerator_1_3_1.so
79d57000-79d58000 rwxp 000e0000 08:08 1063991    /usr/lib/libXnVHandGenerator_1_3_1.so
79d58000-79d5a000 rwxp 00000000 00:00 0 
79d5a000-7a15b000 r-xp 00000000 08:08 1063984    /usr/lib/libXnVFeatures_1_5_2.so
7a15b000-7a15c000 ---p 00401000 08:08 1063984    /usr/lib/libXnVFeatures_1_5_2.so
7a15c000-7a164000 r-xp 00401000 08:08 1063984    /usr/lib/libXnVFeatures_1_5_2.so
7a164000-7a165000 rwxp 00409000 08:08 1063984    /usr/lib/libXnVFeatures_1_5_2.so
7a165000-7a179000 rwxp 00000000 00:00 0 
7a179000-7a360000 r-xp 00000000 08:08 1063973    /usr/lib/libXnVFeatures_1_4_2.so
7a360000-7a363000 r-xp 001e6000 08:08 1063973    /usr/lib/libXnVFeatures_1_4_2.so
7a363000-7a364000 rwxp 001e9000 08:08 1063973    /usr/lib/libXnVFeatures_1_4_2.so
7a364000-7a369000 rwxp 00000000 00:00 0 
7a369000-7a550000 r-xp 00000000 08:08 1063968    /usr/lib/libXnVFeatures_1_4_1.so
7a550000-7a553000 r-xp 001e6000 08:08 1063968    /usr/lib/libXnVFeatures_1_4_1.so
7a553000-7a554000 rwxp 001e9000 08:08 1063968    /usr/lib/libXnVFeatures_1_4_1.so
7a554000-7a559000 rwxp 00000000 00:00 0 
7a559000-7a777000 r-xp 00000000 08:08 1063963    /usr/lib/libXnVFeatures_1_3_1.so
7a777000-7a778000 ---p 0021e000 08:08 1063963    /usr/lib/libXnVFeatures_1_3_1.so
7a778000-7a77b000 r-xp 0021e000 08:08 1063963    /usr/lib/libXnVFeatures_1_3_1.so
7a77b000-7a77c000 rwxp 00221000 08:08 1063963    /usr/lib/libXnVFeatures_1_3_1.so
7a77c000-7a781000 rwxp 00000000 00:00 0 
7a781000-7a7b5000 r-xp 00000000 08:08 1063811    /usr/lib/libnimCodecs.so
7a7b5000-7a7b6000 ---p 00034000 08:08 1063811    /usr/lib/libnimCodecs.so
7a7b6000-7a7b8000 r-xp 00034000 08:08 1063811    /usr/lib/libnimCodecs.so
7a7b8000-7a7b9000 rwxp 00036000 08:08 1063811    /usr/lib/libnimCodecs.so
7a7b9000-7a7d9000 rwxp 00000000 00:00 0 
7a7d9000-7a8b7000 r-xp 00000000 08:08 1056768    /usr/lib/i386-linux-gnu/libstdc++.so.6.0.16
7a8b7000-7a8b8000 ---p 000de000 08:08 1056768    /usr/lib/i386-linux-gnu/libstdc++.so.6.0.16
7a8b8000-7a8bc000 r-xp 000de000 08:08 1056768    /usr/lib/i386-linux-gnu/libstdc++.so.6.0.16
7a8bc000-7a8bd000 rwxp 000e2000 08:08 1056768    /usr/lib/i386-linux-gnu/libstdc++.so.6.0.16
7a8bd000-7a8c4000 rwxp 00000000 00:00 0 
7a8c4000-7a994000 r-xp 00000000 08:08 1063882    /usr/lib/libXnVNite_1_3_1.so
7a994000-7a997000 r-xp 000cf000 08:08 1063882    /usr/lib/libXnVNite_1_3_1.so
7a997000-7a998000 rwxp 000d2000 08:08 1063882    /usr/lib/libXnVNite_1_3_1.so
7a998000-7aa14000 r-xp 00000000 08:08 1063815    /usr/lib/libOpenNI.so
7aa14000-7aa16000 r-xp 0007c000 08:08 1063815    /usr/lib/libOpenNI.so
7aa16000-7aa18000 rwxp 0007e000 08:08 1063815    /usr/lib/libOpenNI.so
7aa18000-7aafa000 r-xp 00000000 08:08 1199735    /home/alejo/Dropbox/code/devices3d/lib/user/SimpleOpenNI/libSimpleOpenNI.so
7aafa000-7aafb000 ---p 000e2000 08:08 1199735    /home/alejo/Dropbox/code/devices3d/lib/user/SimpleOpenNI/libSimpleOpenNI.so
7aafb000-7aafd000 r-xp 000e2000 08:08 1199735    /home/alejo/Dropbox/code/devices3d/lib/user/SimpleOpenNI/libSimpleOpenNI.so
7aafd000-7ab00000 rwxp 000e4000 08:08 1199735    /home/alejo/Dropbox/code/devices3d/lib/user/SimpleOpenNI/libSimpleOpenNI.so
7ab00000-7abb2000 rwxp 00000000 00:00 0 
7abb2000-7ac00000 ---p 00000000 00:00 0 
7ac0e000-7ac31000 r-xp 00000000 08:08 1063813    /usr/lib/libnimRecorder.so
7ac31000-7ac32000 r-xp 00023000 08:08 1063813    /usr/lib/libnimRecorder.so
7ac32000-7ac33000 rwxp 00024000 08:08 1063813    /usr/lib/libnimRecorder.so
7ac33000-7ac64000 r-xp 00000000 08:08 1063812    /usr/lib/libnimMockNodes.so
7ac64000-7ac6a000 r-xp 00031000 08:08 1063812    /usr/lib/libnimMockNodes.so
7ac6a000-7ac6b000 rwxp 00037000 08:08 1063812    /usr/lib/libnimMockNodes.so
7ac6b000-7ac6e000 ---p 00000000 00:00 0 
7ac6e000-7acbc000 rwxp 00000000 00:00 0 
7acbc000-7acbf000 ---p 00000000 00:00 0 
7acbf000-7ad0d000 rwxp 00000000 00:00 0 
7ad0d000-7ad10000 ---p 00000000 00:00 0 
7ad10000-7ad5e000 rwxp 00000000 00:00 0 
7ad5e000-7ad61000 ---p 00000000 00:00 0 
7ad61000-7adaf000 rwxp 00000000 00:00 0 
7adaf000-7adb2000 ---p 00000000 00:00 0 
7adb2000-7ae00000 rwxp 00000000 00:00 0 
7ae00000-7af00000 rwxp 00000000 00:00 0 
7af10000-7af1b000 r-xp 00000000 08:08 408705     /opt/microchip/mplabx/mplab_ide/mplablibs/modules/lib/libusb-1.0.so.0.0.0
7af1b000-7af1c000 rwxp 0000a000 08:08 408705     /opt/microchip/mplabx/mplab_ide/mplablibs/modules/lib/libusb-1.0.so.0.0.0
7af1c000-7af38000 r-xp 00000000 08:08 1573816    /lib/i386-linux-gnu/libgcc_s.so.1
7af38000-7af39000 r-xp 0001b000 08:08 1573816    /lib/i386-linux-gnu/libgcc_s.so.1
7af39000-7af3a000 rwxp 0001c000 08:08 1573816    /lib/i386-linux-gnu/libgcc_s.so.1
7af3a000-7af40000 r-xs 00000000 08:08 1188892    /var/cache/fontconfig/945677eb7aeaf62f1d50efc3fb3ec7d8-le32d4.cache-3
7af40000-7af42000 r-xs 00000000 08:08 1188893    /var/cache/fontconfig/99e8ed0e538f840c565b6ed5dad60d56-le32d4.cache-3
7af42000-7af45000 r-xs 00000000 08:08 1206717    /var/cache/fontconfig/e383d7ea5fbe662a33d9b44caf393297-le32d4.cache-3
7af45000-7af48000 r-xs 00000000 08:08 1188879    /var/cache/fontconfig/2cd17615ca594fa2959ae173292e504c-le32d4.cache-3
7af48000-7af4a000 r-xs 00000000 08:08 1191776    /var/cache/fontconfig/b5ea634b0fb353b8ea17632d1f9ef766-le32d4.cache-3
7af4a000-7af4e000 r-xs 00000000 08:08 1188889    /var/cache/fontconfig/6eb3985aa4124903f6ff08ba781cd364-le32d4.cache-3
7af4e000-7af52000 r-xs 00000000 08:08 1188894    /var/cache/fontconfig/a755afe4a08bf5b97852ceb7400b47bc-le32d4.cache-3
7af52000-7af56000 r-xs 00000000 08:08 1188884    /var/cache/fontconfig/515ca1ebc4b18308bea979be5704f9db-le32d4.cache-3
7af56000-7af5d000 r-xs 00000000 08:08 1188888    /var/cache/fontconfig/6d41288fd70b0be22e8c3a91e032eec0-le32d4.cache-3
7af5d000-7af68000 r-xs 00000000 08:08 1188877    /var/cache/fontconfig/0f34bcd4b6ee430af32735b75db7f02b-le32d4.cache-3
7af68000-7af8a000 r-xs 00000000 08:08 1206716    /var/cache/fontconfig/365b55f210c0a22e9a19e35191240f32-le32d4.cache-3
7af8a000-7af97000 r-xs 00000000 08:08 1188899    /var/cache/fontconfig/d52a8644073d54c13679302ca1180695-le32d4.cache-3
7af97000-7af9d000 r-xs 00000000 08:08 1206713    /var/cache/fontconfig/153bb866d4d26e7cd19eee2129f8d8d2-le32d4.cache-3
7afc1000-7afc2000 rwxp 00000000 00:00 0 
7afc2000-7afc9000 r-xp 00000000 08:08 1181319    /usr/lib/jvm/java-6-sun-1.6.0.26/jre/lib/i386/libnio.so
7afc9000-7afca000 rwxp 00006000 08:08 1181319    /usr/lib/jvm/java-6-sun-1.6.0.26/jre/lib/i386/libnio.so
7afca000-7afcd000 ---p 00000000 00:00 0 
7afcd000-7b01b000 rwxp 00000000 00:00 0 
7b01b000-7b01e000 ---p 00000000 00:00 0 
7b01e000-7b06c000 rwxp 00000000 00:00 0 
7b06c000-7b075000 r-xp 00000000 08:08 1056410    /usr/lib/i386-linux-gnu/libXcursor.so.1.0.2
7b075000-7b076000 r-xp 00008000 08:08 1056410    /usr/lib/i386-linux-gnu/libXcursor.so.1.0.2
7b076000-7b077000 rwxp 00009000 08:08 1056410    /usr/lib/i386-linux-gnu/libXcursor.so.1.0.2
7b079000-7b07c000 r-xp 00000000 08:08 1064001    /usr/lib/libXnCore.so
7b07c000-7b07d000 r-xp 00002000 08:08 1064001    /usr/lib/libXnCore.so
7b07d000-7b07e000 rwxp 00003000 08:08 1064001    /usr/lib/libXnCore.so
7b07e000-7b092000 r-xp 00000000 08:08 1181318    /usr/lib/jvm/java-6-sun-1.6.0.26/jre/lib/i386/libnet.so
7b092000-7b093000 rwxp 00013000 08:08 1181318    /usr/lib/jvm/java-6-sun-1.6.0.26/jre/lib/i386/libnet.so
7b093000-7b0a1000 r-xs 00000000 08:08 1190496    /var/cache/fontconfig/e13b20fdb08344e0e664864cc2ede53d-le32d4.cache-3
7b0a1000-7b0af000 r-xs 00000000 08:08 1190505    /var/cache/fontconfig/865f88548240fee46819705c6468c165-le32d4.cache-3
7b0af000-7b0b2000 ---p 00000000 00:00 0 
7b0b2000-7b100000 rwxp 00000000 00:00 0 
7b100000-7b1ff000 rwxp 00000000 00:00 0 
7b1ff000-7b200000 ---p 00000000 00:00 0 
7b200000-7b203000 r-xs 00000000 08:08 1188900    /var/cache/fontconfig/d60319d88cac85ba9e1a07bd06cfbb8c-le32d4.cache-3
7b207000-7b20b000 r-xp 00000000 08:08 1056426    /usr/lib/i386-linux-gnu/libXfixes.so.3.1.0
7b20b000-7b20c000 r-xp 00003000 08:08 1056426    /usr/lib/i386-linux-gnu/libXfixes.so.3.1.0
7b20c000-7b20d000 rwxp 00004000 08:08 1056426    /usr/lib/i386-linux-gnu/libXfixes.so.3.1.0
7b20d000-7b216000 r-xp 00000000 08:08 1056446    /usr/lib/i386-linux-gnu/libXrender.so.1.3.0
7b216000-7b217000 r-xp 00008000 08:08 1056446    /usr/lib/i386-linux-gnu/libXrender.so.1.3.0
7b217000-7b218000 rwxp 00009000 08:08 1056446    /usr/lib/i386-linux-gnu/libXrender.so.1.3.0
7b218000-7b291000 r-xp 00000000 08:08 1181295    /usr/lib/jvm/java-6-sun-1.6.0.26/jre/lib/i386/libfontmanager.so
7b291000-7b29b000 rwxp 00078000 08:08 1181295    /usr/lib/jvm/java-6-sun-1.6.0.26/jre/lib/i386/libfontmanager.so
7b29b000-7b2a0000 rwxp 00000000 00:00 0 
7b2a0000-7b2b7000 r-xs 0015b000 08:08 1199687    /home/alejo/Dropbox/code/devices3d/lib/base/core/ant.jar
7b2b7000-7b2bc000 r-xp 00000000 08:08 1056418    /usr/lib/i386-linux-gnu/libXdmcp.so.6.0.0
7b2bc000-7b2bd000 r-xp 00004000 08:08 1056418    /usr/lib/i386-linux-gnu/libXdmcp.so.6.0.0
7b2bd000-7b2be000 rwxp 00005000 08:08 1056418    /usr/lib/i386-linux-gnu/libXdmcp.so.6.0.0
7b2be000-7b2db000 r-xp 00000000 08:08 1056813    /usr/lib/i386-linux-gnu/libxcb.so.1.1.0
7b2db000-7b2dc000 r-xp 0001c000 08:08 1056813    /usr/lib/i386-linux-gnu/libxcb.so.1.1.0
7b2dc000-7b2dd000 rwxp 0001d000 08:08 1056813    /usr/lib/i386-linux-gnu/libxcb.so.1.1.0
7b2dd000-7b2eb000 r-xp 00000000 08:08 1056434    /usr/lib/i386-linux-gnu/libXi.so.6.1.0
7b2eb000-7b2ec000 r-xp 0000d000 08:08 1056434    /usr/lib/i386-linux-gnu/libXi.so.6.1.0
7b2ec000-7b2ed000 rwxp 0000e000 08:08 1056434    /usr/lib/i386-linux-gnu/libXi.so.6.1.0
7b2ed000-7b41e000 r-xp 00000000 08:08 1056398    /usr/lib/i386-linux-gnu/libX11.so.6.3.0
7b41e000-7b41f000 ---p 00131000 08:08 1056398    /usr/lib/i386-linux-gnu/libX11.so.6.3.0
7b41f000-7b420000 r-xp 00131000 08:08 1056398    /usr/lib/i386-linux-gnu/libX11.so.6.3.0
7b420000-7b422000 rwxp 00132000 08:08 1056398    /usr/lib/i386-linux-gnu/libX11.so.6.3.0
7b422000-7b423000 rwxp 00000000 00:00 0 
7b423000-7b466000 r-xp 00000000 08:08 1181341    /usr/lib/jvm/java-6-sun-1.6.0.26/jre/lib/i386/xawt/libmawt.so
7b466000-7b468000 rwxp 00043000 08:08 1181341    /usr/lib/jvm/java-6-sun-1.6.0.26/jre/lib/i386/xawt/libmawt.so
7b468000-7b469000 rwxp 00000000 00:00 0 
7b469000-7b4ee000 r-xp 00000000 08:08 1181290    /usr/lib/jvm/java-6-sun-1.6.0.26/jre/lib/i386/libawt.so
7b4ee000-7b4f5000 rwxp 00085000 08:08 1181290    /usr/lib/jvm/java-6-sun-1.6.0.26/jre/lib/i386/libawt.so
7b4f5000-7b519000 rwxp 00000000 00:00 0 
7b519000-7b51a000 ---p 00000000 00:00 0 
7b51a000-7b59a000 rwxp 00000000 00:00 0 
7b59a000-7b59d000 ---p 00000000 00:00 0 
7b59d000-7b5eb000 rwxp 00000000 00:00 0 
7b5eb000-7b5ee000 ---p 00000000 00:00 0 
7b5ee000-7b66c000 rwxp 00000000 00:00 0 
7b66c000-7b66f000 ---p 00000000 00:00 0 
7b66f000-7b6ed000 rwxp 00000000 00:00 0 
7b6ed000-7b6f0000 ---p 00000000 00:00 0 
7b6f0000-7b73e000 rwxp 00000000 00:00 0 
7b73e000-7b86f000 r-xp 0043d000 08:08 1057169    /usr/lib/locale/locale-archive
7b86f000-7b8af000 r-xp 002bd000 08:08 1057169    /usr/lib/locale/locale-archive
7b8af000-7baaf000 r-xp 00000000 08:08 1057169    /usr/lib/locale/locale-archive
7baaf000-7bab2000 ---p 00000000 00:00 0 
7bab2000-7bb00000 rwxp 00000000 00:00 0 
7bb00000-7bbf9000 rwxp 00000000 00:00 0 
7bbf9000-7bc00000 ---p 00000000 00:00 0 
7bc00000-7bc01000 r-xp 00000000 08:08 1181308    /usr/lib/jvm/java-6-sun-1.6.0.26/jre/lib/i386/libjawt.so
7bc01000-7bc02000 rwxp 00000000 08:08 1181308    /usr/lib/jvm/java-6-sun-1.6.0.26/jre/lib/i386/libjawt.so
7bc02000-7bc13000 r-xp 00000000 08:08 1056422    /usr/lib/i386-linux-gnu/libXext.so.6.4.0
7bc13000-7bc14000 r-xp 00010000 08:08 1056422    /usr/lib/i386-linux-gnu/libXext.so.6.4.0
7bc14000-7bc15000 rwxp 00011000 08:08 1056422    /usr/lib/i386-linux-gnu/libXext.so.6.4.0
7bc15000-7bc16000 r-xs 00000000 08:08 1188895    /var/cache/fontconfig/c05880de57d1f5e948fdfacc138775d9-le32d4.cache-3
7bc16000-7bc17000 r-xs 00000000 08:08 1188903    /var/cache/fontconfig/e7071f4a29fa870f4323321c154eba04-le32d4.cache-3
7bc17000-7bc1a000 r-xs 00000000 08:08 1206715    /var/cache/fontconfig/7ef2298fde41cc6eeb7af42e48b7d293-le32d4.cache-3
7bc1a000-7bc1d000 r-xs 00017000 08:08 1199756    /home/alejo/Dropbox/code/devices3d/lib/user/proscene/proscene.jar
7bc1d000-7bc1f000 r-xs 00003000 08:08 1199742    /home/alejo/Dropbox/code/devices3d/lib/user/fullscreen/fullscreen.jar
7bc1f000-7bc23000 r-xs 00020000 08:08 1199717    /home/alejo/Dropbox/code/devices3d/lib/user/SimpleOpenNI/SimpleOpenNI.jar
7bc23000-7bc26000 r-xs 00029000 08:08 2123900    /home/alejo/Dropbox/code/devices3d/lib/user/procontroll/procontroll.jar
7bc26000-7bc31000 r-xs 00108000 08:08 1326150    /home/alejo/Dropbox/code/devices3d/lib/base/opengl/jogl.jar
7bc31000-7bc34000 ---p 00000000 00:00 0 
7bc34000-7bc82000 rwxp 00000000 00:00 0 
7bc82000-7bc83000 ---p 00000000 00:00 0 
7bc83000-7bd37000 rwxp 00000000 00:00 0 
7bd37000-7becf000 r-xs 03029000 08:08 1181157    /usr/lib/jvm/java-6-sun-1.6.0.26/jre/lib/rt.jar
7becf000-7bed0000 ---p 00000000 00:00 0 
7bed0000-7bf50000 rwxp 00000000 00:00 0 
7bf50000-7bf51000 ---p 00000000 00:00 0 
7bf51000-7bfd1000 rwxp 00000000 00:00 0 
7bfd1000-7bfd2000 ---p 00000000 00:00 0 
7bfd2000-7c052000 rwxp 00000000 00:00 0 
7c052000-7c053000 ---p 00000000 00:00 0 
7c053000-7c0db000 rwxp 00000000 00:00 0 
7c0db000-7c0f3000 rwxp 00000000 00:00 0 
7c0f3000-7c105000 rwxp 00000000 00:00 0 
7c105000-7c205000 rwxp 00000000 00:00 0 
7c205000-7c20d000 rwxp 00000000 00:00 0 
7c20d000-7c225000 rwxp 00000000 00:00 0 
7c225000-7c237000 rwxp 00000000 00:00 0 
7c237000-7c336000 rwxp 00000000 00:00 0 
7c336000-7c346000 rwxp 00000000 00:00 0 
7c346000-7c3bf000 rwxp 00000000 00:00 0 
7c3bf000-7d3c0000 rwxp 00000000 00:00 0 
7d3c0000-803c0000 rwxp 00000000 00:00 0 
803c0000-825f0000 rwxp 00000000 00:00 0 
825f0000-a2670000 rwxp 00000000 00:00 0 
a2670000-a4450000 rwxp 00000000 00:00 0 
a4450000-b37c0000 rwxp 00000000 00:00 0 
b37c0000-b37c1000 r-xs 00000000 08:08 1188883    /var/cache/fontconfig/4c73fe0c47614734b17d736dbde7580a-le32d4.cache-3
b37c1000-b37c2000 r-xs 00000000 08:08 1188876    /var/cache/fontconfig/0d8c3b2ac0904cb8a57a757ad11a4a08-le32d4.cache-3
b37c2000-b37c4000 r-xs 0002b000 08:08 1199690    /home/alejo/Dropbox/code/devices3d/lib/base/core/core.jar
b37c4000-b37c6000 r-xp 00000000 08:08 1056402    /usr/lib/i386-linux-gnu/libXau.so.6.0.0
b37c6000-b37c7000 r-xp 00001000 08:08 1056402    /usr/lib/i386-linux-gnu/libXau.so.6.0.0
b37c7000-b37c8000 rwxp 00002000 08:08 1056402    /usr/lib/i386-linux-gnu/libXau.so.6.0.0
b37c8000-b37cd000 r-xp 00000000 08:08 1052626    /usr/lib/libXtst.so.6.1.0
b37cd000-b37ce000 r-xp 00004000 08:08 1052626    /usr/lib/libXtst.so.6.1.0
b37ce000-b37cf000 rwxp 00005000 08:08 1052626    /usr/lib/libXtst.so.6.1.0
b37cf000-b37d8000 rwxp 00000000 00:00 0 
b37d8000-b388f000 rwxp 00000000 00:00 0 
b388f000-b3acf000 rwxp 00000000 00:00 0 
b3acf000-b688f000 rwxp 00000000 00:00 0 
b688f000-b689a000 r-xp 00000000 08:08 1573836    /lib/i386-linux-gnu/libnss_files-2.13.so
b689a000-b689b000 r-xp 0000a000 08:08 1573836    /lib/i386-linux-gnu/libnss_files-2.13.so
b689b000-b689c000 rwxp 0000b000 08:08 1573836    /lib/i386-linux-gnu/libnss_files-2.13.so
b689c000-b68a6000 r-xp 00000000 08:08 1573840    /lib/i386-linux-gnu/libnss_nis-2.13.so
b68a6000-b68a7000 r-xp 00009000 08:08 1573840    /lib/i386-linux-gnu/libnss_nis-2.13.so
b68a7000-b68a8000 rwxp 0000a000 08:08 1573840    /lib/i386-linux-gnu/libnss_nis-2.13.so
b68a8000-b68bd000 r-xp 00000000 08:08 1573830    /lib/i386-linux-gnu/libnsl-2.13.so
b68bd000-b68be000 r-xp 00015000 08:08 1573830    /lib/i386-linux-gnu/libnsl-2.13.so
b68be000-b68bf000 rwxp 00016000 08:08 1573830    /lib/i386-linux-gnu/libnsl-2.13.so
b68bf000-b68c1000 rwxp 00000000 00:00 0 
b68c1000-b68c2000 r-xs 00000000 08:08 1188887    /var/cache/fontconfig/6a53c69dea097a2d716e069445527da8-le32d4.cache-3
b68c2000-b68c4000 r-xs 00002000 08:08 1199642    /home/alejo/Dropbox/code/devices3d/lib/base/core/ant-launcher.jar
b68c4000-b68d3000 r-xp 00000000 08:08 1181329    /usr/lib/jvm/java-6-sun-1.6.0.26/jre/lib/i386/libzip.so
b68d3000-b68d5000 rwxp 0000e000 08:08 1181329    /usr/lib/jvm/java-6-sun-1.6.0.26/jre/lib/i386/libzip.so
b68d5000-b68dd000 rwxs 00000000 08:08 407533     /tmp/hsperfdata_alejo/7279
b68dd000-b6900000 r-xp 00000000 08:08 1181303    /usr/lib/jvm/java-6-sun-1.6.0.26/jre/lib/i386/libjava.so
b6900000-b6902000 rwxp 00023000 08:08 1181303    /usr/lib/jvm/java-6-sun-1.6.0.26/jre/lib/i386/libjava.so
b6902000-b6909000 r-xp 00000000 08:08 1573859    /lib/i386-linux-gnu/librt-2.13.so
b6909000-b690a000 r-xp 00006000 08:08 1573859    /lib/i386-linux-gnu/librt-2.13.so
b690a000-b690b000 rwxp 00007000 08:08 1573859    /lib/i386-linux-gnu/librt-2.13.so
b690b000-b690e000 ---p 00000000 00:00 0 
b690e000-b695c000 rwxp 00000000 00:00 0 
b695c000-b6984000 r-xp 00000000 08:08 1573825    /lib/i386-linux-gnu/libm-2.13.so
b6984000-b6985000 r-xp 00028000 08:08 1573825    /lib/i386-linux-gnu/libm-2.13.so
b6985000-b6986000 rwxp 00029000 08:08 1573825    /lib/i386-linux-gnu/libm-2.13.so
b6986000-b7138000 r-xp 00000000 08:08 1181340    /usr/lib/jvm/java-6-sun-1.6.0.26/jre/lib/i386/server/libjvm.so
b7138000-b718c000 rwxp 007b1000 08:08 1181340    /usr/lib/jvm/java-6-sun-1.6.0.26/jre/lib/i386/server/libjvm.so
b718c000-b75ab000 rwxp 00000000 00:00 0 
b75ab000-b7721000 r-xp 00000000 08:08 1573795    /lib/i386-linux-gnu/libc-2.13.so
b7721000-b7723000 r-xp 00176000 08:08 1573795    /lib/i386-linux-gnu/libc-2.13.so
b7723000-b7724000 rwxp 00178000 08:08 1573795    /lib/i386-linux-gnu/libc-2.13.so
b7724000-b7727000 rwxp 00000000 00:00 0 
b7727000-b772a000 r-xp 00000000 08:08 1573806    /lib/i386-linux-gnu/libdl-2.13.so
b772a000-b772b000 r-xp 00002000 08:08 1573806    /lib/i386-linux-gnu/libdl-2.13.so
b772b000-b772c000 rwxp 00003000 08:08 1573806    /lib/i386-linux-gnu/libdl-2.13.so
b772c000-b7733000 r-xp 00000000 08:08 1181335    /usr/lib/jvm/java-6-sun-1.6.0.26/jre/lib/i386/jli/libjli.so
b7733000-b7735000 rwxp 00006000 08:08 1181335    /usr/lib/jvm/java-6-sun-1.6.0.26/jre/lib/i386/jli/libjli.so
b7735000-b7736000 rwxp 00000000 00:00 0 
b7736000-b774d000 r-xp 00000000 08:08 1573855    /lib/i386-linux-gnu/libpthread-2.13.so
b774d000-b774e000 r-xp 00016000 08:08 1573855    /lib/i386-linux-gnu/libpthread-2.13.so
b774e000-b774f000 rwxp 00017000 08:08 1573855    /lib/i386-linux-gnu/libpthread-2.13.so
b774f000-b7751000 rwxp 00000000 00:00 0 
b7751000-b7752000 r-xs 00000000 08:08 1193307    /var/cache/fontconfig/4794a0821666d79190d59a36cb4f44b5-le32d4.cache-3
b7752000-b7753000 r-xs 00004000 08:08 1326149    /home/alejo/Dropbox/code/devices3d/lib/base/opengl/gluegen-rt.jar
b7753000-b7754000 r-xs 00003000 08:08 1326148    /home/alejo/Dropbox/code/devices3d/lib/base/opengl/opengl.jar
b7754000-b7755000 r-xp 00571000 08:08 1057169    /usr/lib/locale/locale-archive
b7755000-b775d000 r-xp 00000000 08:08 1573832    /lib/i386-linux-gnu/libnss_compat-2.13.so
b775d000-b775e000 r-xp 00007000 08:08 1573832    /lib/i386-linux-gnu/libnss_compat-2.13.so
b775e000-b775f000 rwxp 00008000 08:08 1573832    /lib/i386-linux-gnu/libnss_compat-2.13.so
b775f000-b7760000 rwxp 00000000 00:00 0 
b7760000-b7761000 r-xp 00000000 00:00 0 
b7761000-b776c000 r-xp 00000000 08:08 1181328    /usr/lib/jvm/java-6-sun-1.6.0.26/jre/lib/i386/libverify.so
b776c000-b776d000 rwxp 0000b000 08:08 1181328    /usr/lib/jvm/java-6-sun-1.6.0.26/jre/lib/i386/libverify.so
b776d000-b776f000 rwxp 00000000 00:00 0 
b776f000-b7770000 r-xp 00000000 00:00 0          [vdso]
b7770000-b778e000 r-xp 00000000 08:08 1573782    /lib/i386-linux-gnu/ld-2.13.so
b778e000-b778f000 r-xp 0001d000 08:08 1573782    /lib/i386-linux-gnu/ld-2.13.so
b778f000-b7790000 rwxp 0001e000 08:08 1573782    /lib/i386-linux-gnu/ld-2.13.so
bf98e000-bf9af000 rwxp 00000000 00:00 0          [stack]

VM Arguments:
jvm_args: -Djava.library.path=/home/alejo/Dropbox/code/devices3d/lib/base/opengl:/home/alejo/Dropbox/code/devices3d/lib/base/opengl:/home/alejo/Dropbox/code/devices3d/lib/base/opengl:/home/alejo/Dropbox/code/devices3d/lib/base/core:/home/alejo/Dropbox/code/devices3d/lib/base/core:/home/alejo/Dropbox/code/devices3d/lib/base/core:/home/alejo/Dropbox/code/devices3d/lib/user/procontroll:/home/alejo/Dropbox/code/devices3d/lib/user/SimpleOpenNI:/home/alejo/Dropbox/code/devices3d/lib/user/fullscreen:/home/alejo/Dropbox/code/devices3d/lib/user/proscene -Djava.security.policy=java.policy.applet -Dfile.encoding=UTF-8 
java_command: sun.applet.AppletViewer devices3d.Devices3d1333676500207.html
Launcher Type: SUN_STANDARD

Environment Variables:
PATH=/opt/microchip/mplabc32/v2.02/bin:/opt/microchip/mplabc30/v3.30c/bin:/usr/lib/lightdm/lightdm:/usr/local/sbin:/usr/local/bin:/usr/sbin:/usr/bin:/sbin:/bin:/usr/games
USERNAME=alejo
LD_LIBRARY_PATH=/usr/lib/jvm/java-6-sun-1.6.0.26/jre/lib/i386/server:/usr/lib/jvm/java-6-sun-1.6.0.26/jre/lib/i386:/usr/lib/jvm/java-6-sun-1.6.0.26/jre/../lib/i386:/usr/lib/jvm/java-6-sun-1.6.0.26/jre/lib/i386/client:/usr/lib/jvm/java-6-sun-1.6.0.26/jre/lib/i386:
SHELL=/bin/bash
DISPLAY=:0.0

Signal Handlers:
SIGSEGV: [libjvm.so+0x725510], sa_mask[0]=0x7ffbfeff, sa_flags=0x10000004
SIGBUS: [libjvm.so+0x725510], sa_mask[0]=0x7ffbfeff, sa_flags=0x10000004
SIGFPE: [libjvm.so+0x5dff20], sa_mask[0]=0x7ffbfeff, sa_flags=0x10000004
SIGPIPE: [libjvm.so+0x5dff20], sa_mask[0]=0x7ffbfeff, sa_flags=0x10000004
SIGXFSZ: [libjvm.so+0x5dff20], sa_mask[0]=0x7ffbfeff, sa_flags=0x10000004
SIGILL: [libjvm.so+0x5dff20], sa_mask[0]=0x7ffbfeff, sa_flags=0x10000004
SIGUSR1: SIG_DFL, sa_mask[0]=0x00000000, sa_flags=0x00000000
SIGUSR2: [libjvm.so+0x5e3160], sa_mask[0]=0x00000004, sa_flags=0x10000004
SIGHUP: [libjvm.so+0x5e2d40], sa_mask[0]=0x7ffbfeff, sa_flags=0x10000004
SIGINT: [libjvm.so+0x5e2d40], sa_mask[0]=0x7ffbfeff, sa_flags=0x10000004
SIGTERM: [libjvm.so+0x5e2d40], sa_mask[0]=0x7ffbfeff, sa_flags=0x10000004
SIGQUIT: [libjvm.so+0x5e2d40], sa_mask[0]=0x7ffbfeff, sa_flags=0x10000004


---------------  S Y S T E M  ---------------

OS:wheezy/sid

uname:Linux 3.0.0-12-generic #20-Ubuntu SMP Fri Oct 7 14:50:42 UTC 2011 i686
libc:glibc 2.13 NPTL 2.13 
rlimit: STACK 8192k, CORE 0k, NPROC 26110, NOFILE 4096, AS infinity
load average:0.14 0.14 0.14

/proc/meminfo:
MemTotal:        3356112 kB
MemFree:          482128 kB
Buffers:          322704 kB
Cached:          1053572 kB
SwapCached:            0 kB
Active:          1512916 kB
Inactive:        1012536 kB
Active(anon):    1151564 kB
Inactive(anon):    11580 kB
Active(file):     361352 kB
Inactive(file):  1000956 kB
Unevictable:          16 kB
Mlocked:              16 kB
HighTotal:       2497096 kB
HighFree:          99308 kB
LowTotal:         859016 kB
LowFree:          382820 kB
SwapTotal:      14645240 kB
SwapFree:       14645240 kB
Dirty:               388 kB
Writeback:             0 kB
AnonPages:       1149376 kB
Mapped:           318016 kB
Shmem:             13972 kB
Slab:              98220 kB
SReclaimable:      76652 kB
SUnreclaim:        21568 kB
KernelStack:        4496 kB
PageTables:        21284 kB
NFS_Unstable:          0 kB
Bounce:                0 kB
WritebackTmp:          0 kB
CommitLimit:    16323296 kB
Committed_AS:    4177556 kB
VmallocTotal:     122880 kB
VmallocUsed:       59252 kB
VmallocChunk:      58104 kB
HardwareCorrupted:     0 kB
AnonHugePages:         0 kB
HugePages_Total:       0
HugePages_Free:        0
HugePages_Rsvd:        0
HugePages_Surp:        0
Hugepagesize:       4096 kB
DirectMap4k:       12280 kB
DirectMap4M:      897024 kB


CPU:total 4 (4 cores per cpu, 1 threads per core) family 16 model 4 stepping 3, cmov, cx8, fxsr, mmx, sse, sse2, sse3, popcnt, mmxext, 3dnow, 3dnowext, lzcnt, sse4a

/proc/cpuinfo:
processor	: 0
vendor_id	: AuthenticAMD
cpu family	: 16
model		: 4
model name	: AMD Phenom(tm) II X4 945 Processor
stepping	: 3
cpu MHz		: 3010.822
cache size	: 512 KB
physical id	: 0
siblings	: 4
core id		: 0
cpu cores	: 4
apicid		: 0
initial apicid	: 0
fdiv_bug	: no
hlt_bug		: no
f00f_bug	: no
coma_bug	: no
fpu		: yes
fpu_exception	: yes
cpuid level	: 5
wp		: yes
flags		: fpu vme de pse tsc msr pae mce cx8 apic mtrr pge mca cmov pat pse36 clflush mmx fxsr sse sse2 ht syscall nx mmxext fxsr_opt pdpe1gb rdtscp lm 3dnowext 3dnow constant_tsc nonstop_tsc extd_apicid pni monitor cx16 popcnt lahf_lm cmp_legacy svm extapic cr8_legacy abm sse4a misalignsse 3dnowprefetch osvw ibs skinit wdt npt lbrv svm_lock nrip_save
bogomips	: 6021.64
clflush size	: 64
cache_alignment	: 64
address sizes	: 48 bits physical, 48 bits virtual
power management: ts ttp tm stc 100mhzsteps hwpstate

processor	: 1
vendor_id	: AuthenticAMD
cpu family	: 16
model		: 4
model name	: AMD Phenom(tm) II X4 945 Processor
stepping	: 3
cpu MHz		: 3010.822
cache size	: 512 KB
physical id	: 0
siblings	: 4
core id		: 1
cpu cores	: 4
apicid		: 1
initial apicid	: 1
fdiv_bug	: no
hlt_bug		: no
f00f_bug	: no
coma_bug	: no
fpu		: yes
fpu_exception	: yes
cpuid level	: 5
wp		: yes
flags		: fpu vme de pse tsc msr pae mce cx8 apic mtrr pge mca cmov pat pse36 clflush mmx fxsr sse sse2 ht syscall nx mmxext fxsr_opt pdpe1gb rdtscp lm 3dnowext 3dnow constant_tsc nonstop_tsc extd_apicid pni monitor cx16 popcnt lahf_lm cmp_legacy svm extapic cr8_legacy abm sse4a misalignsse 3dnowprefetch osvw ibs skinit wdt npt lbrv svm_lock nrip_save
bogomips	: 6020.55
clflush size	: 64
cache_alignment	: 64
address sizes	: 48 bits physical, 48 bits virtual
power management: ts ttp tm stc 100mhzsteps hwpstate

processor	: 2
vendor_id	: AuthenticAMD
cpu family	: 16
model		: 4
model name	: AMD Phenom(tm) II X4 945 Processor
stepping	: 3
cpu MHz		: 3010.822
cache size	: 512 KB
physical id	: 0
siblings	: 4
core id		: 2
cpu cores	: 4
apicid		: 2
initial apicid	: 2
fdiv_bug	: no
hlt_bug		: no
f00f_bug	: no
coma_bug	: no
fpu		: yes
fpu_exception	: yes
cpuid level	: 5
wp		: yes
flags		: fpu vme de pse tsc msr pae mce cx8 apic mtrr pge mca cmov pat pse36 clflush mmx fxsr sse sse2 ht syscall nx mmxext fxsr_opt pdpe1gb rdtscp lm 3dnowext 3dnow constant_tsc nonstop_tsc extd_apicid pni monitor cx16 popcnt lahf_lm cmp_legacy svm extapic cr8_legacy abm sse4a misalignsse 3dnowprefetch osvw ibs skinit wdt npt lbrv svm_lock nrip_save
bogomips	: 6020.55
clflush size	: 64
cache_alignment	: 64
address sizes	: 48 bits physical, 48 bits virtual
power management: ts ttp tm stc 100mhzsteps hwpstate

processor	: 3
vendor_id	: AuthenticAMD
cpu family	: 16
model		: 4
model name	: AMD Phenom(tm) II X4 945 Processor
stepping	: 3
cpu MHz		: 3010.822
cache size	: 512 KB
physical id	: 0
siblings	: 4
core id		: 3
cpu cores	: 4
apicid		: 3
initial apicid	: 3
fdiv_bug	: no
hlt_bug		: no
f00f_bug	: no
coma_bug	: no
fpu		: yes
fpu_exception	: yes
cpuid level	: 5
wp		: yes
flags		: fpu vme de pse tsc msr pae mce cx8 apic mtrr pge mca cmov pat pse36 clflush mmx fxsr sse sse2 ht syscall nx mmxext fxsr_opt pdpe1gb rdtscp lm 3dnowext 3dnow constant_tsc nonstop_tsc extd_apicid pni monitor cx16 popcnt lahf_lm cmp_legacy svm extapic cr8_legacy abm sse4a misalignsse 3dnowprefetch osvw ibs skinit wdt npt lbrv svm_lock nrip_save
bogomips	: 6020.55
clflush size	: 64
cache_alignment	: 64
address sizes	: 48 bits physical, 48 bits virtual
power management: ts ttp tm stc 100mhzsteps hwpstate



Memory: 4k page, physical 3356112k(482128k free), swap 14645240k(14645240k free)

vm_info: Java HotSpot(TM) Server VM (20.1-b02) for linux-x86 JRE (1.6.0_26-b03), built on May  4 2011 01:04:10 by "java_re" with gcc 3.2.1-7a (J2SE release)

time: Thu Apr  5 20:41:40 2012
elapsed time: 0 seconds

