#
# A fatal error has been detected by the Java Runtime Environment:
#
#  SIGSEGV (0xb) at pc=0x7ab62d5a, pid=6579, tid=2060835696
#
# JRE version: 6.0_26-b03
# Java VM: Java HotSpot(TM) Server VM (20.1-b02 mixed mode linux-x86 )
# Problematic frame:
# C  [libOpenNI.so+0x33d5a]  long long+0x1a
#
# If you would like to submit a bug report, please visit:
#   http://java.sun.com/webapps/bugreport/crash.jsp
# The crash happened outside the Java Virtual Machine in native code.
# See problematic frame for where to report the bug.
#

---------------  T H R E A D  ---------------

Current thread (0x0922e400):  JavaThread "Animation Thread" [_thread_in_native, id=6605, stack(0x7ad0d000,0x7ad5e000)]

siginfo:si_signo=SIGSEGV: si_errno=0, si_code=1 (SEGV_MAPERR), si_addr=0x00000000

Registers:
EAX=0x00000000, EBX=0x7abacff4, ECX=0x00000001, EDX=0x092325c0
ESP=0x7ad5ca40, EBP=0x7ad5ca68, ESI=0x00000000, EDI=0x0922e400
EIP=0x7ab62d5a, EFLAGS=0x00010202, CR2=0x00000000

Top of Stack: (sp=0x7ad5ca40)
0x7ad5ca40:   7ab31dec 7a9fcff4 7cc28e80 0922e400
0x7ad5ca50:   7ad5ca88 b77dac30 092325c0 7ab62d40
0x7ad5ca60:   7a9fcff4 7cc28e80 7ad5ca88 7a9b298c
0x7ad5ca70:   00000000 092325c0 092325c0 7a9b2966
0x7ad5ca80:   09232550 7a9fcff4 7ad5cab8 7a9b96f1
0x7ad5ca90:   09232550 092325c0 00000000 00000000
0x7ad5caa0:   7ad5cad8 b77dac30 0922e400 7a9b9601
0x7ad5cab0:   7a9fcff4 7cc28e80 7ad5cad8 7a9b9825 

Instructions: (pc=0x7ab62d5a)
0x7ab62d3a:   bc 27 00 00 00 00 55 89 e5 83 ec 28 89 75 fc 8b
0x7ab62d4a:   75 08 89 5d f8 e8 13 a8 fd ff 81 c3 a0 a2 04 00
0x7ab62d5a:   8b 06 8b 50 08 85 d2 74 0c 8b 40 04 8b 00 a9 00
0x7ab62d6a:   00 01 00 75 11 8b 5d f8 b8 12 00 01 00 8b 75 fc 

Register to memory mapping:

EAX=0x00000000 is an unknown value
EBX=0x7abacff4: <offset 0x7dff4> in /usr/lib/libOpenNI.so at 0x7ab2f000
ECX=0x00000001 is an unknown value
EDX=0x092325c0 is an unknown value
ESP=0x7ad5ca40 is pointing into the stack for thread: 0x0922e400
EBP=0x7ad5ca68 is pointing into the stack for thread: 0x0922e400
ESI=0x00000000 is an unknown value
EDI=0x0922e400 is a thread


Stack: [0x7ad0d000,0x7ad5e000],  sp=0x7ad5ca40,  free space=318k
Native frames: (J=compiled Java code, j=interpreted, Vv=VM code, C=native code)
C  [libOpenNI.so+0x33d5a]  long long+0x1a
C  [libSimpleOpenNI.so+0x9a98c]  xn::MapGenerator::SetMapOutputMode(XnMapOutputMode const&)+0x26
C  [libSimpleOpenNI.so+0xa16f1]  sOpenNI::ContextWrapper::createDepth(bool)+0xdb
C  [libSimpleOpenNI.so+0xa1825]  sOpenNI::ContextWrapper::enableDepth()+0x6b
C  [libSimpleOpenNI.so+0x848c6]  Java_SimpleOpenNI_SimpleOpenNIJNI_ContextWrapper_1enableDepthSwigExplicitContextWrapper_1_1SWIG_10+0x3c
j  SimpleOpenNI.SimpleOpenNIJNI.ContextWrapper_enableDepthSwigExplicitContextWrapper__SWIG_0(JLSimpleOpenNI/ContextWrapper;)Z+0
j  SimpleOpenNI.ContextWrapper.enableDepth()Z+26
j  SimpleOpenNI.SimpleOpenNI.enableDepth()Z+1
j  remixlab.devices.Kinect.<init>(Lprocessing/core/PApplet;Lremixlab/proscene/Scene;)V+56
j  devices3d.Devices3d.setup()V+218
j  processing.core.PApplet.handleDraw()V+65
j  processing.core.PApplet.run()V+72
j  java.lang.Thread.run()V+11
v  ~StubRoutines::call_stub
V  [libjvm.so+0x3dff01]  JavaCalls::call_helper(JavaValue*, methodHandle*, JavaCallArguments*, Thread*)+0x1c1
V  [libjvm.so+0x5e1298]  os::os_exception_wrapper(void (*)(JavaValue*, methodHandle*, JavaCallArguments*, Thread*), JavaValue*, methodHandle*, JavaCallArguments*, Thread*)+0x18
V  [libjvm.so+0x3df775]  JavaCalls::call_virtual(JavaValue*, KlassHandle, symbolHandle, symbolHandle, JavaCallArguments*, Thread*)+0xc5
V  [libjvm.so+0x3df838]  JavaCalls::call_virtual(JavaValue*, Handle, KlassHandle, symbolHandle, symbolHandle, Thread*)+0x58
V  [libjvm.so+0x4642d7]  thread_entry(JavaThread*, Thread*)+0xa7
V  [libjvm.so+0x6e16bf]  JavaThread::run()+0x11f
V  [libjvm.so+0x5e2aee]  java_start(Thread*)+0x14e
C  [libpthread.so.0+0x6d31]  short+0xd1

Java frames: (J=compiled Java code, j=interpreted, Vv=VM code)
j  SimpleOpenNI.SimpleOpenNIJNI.ContextWrapper_enableDepthSwigExplicitContextWrapper__SWIG_0(JLSimpleOpenNI/ContextWrapper;)Z+0
j  SimpleOpenNI.ContextWrapper.enableDepth()Z+26
j  SimpleOpenNI.SimpleOpenNI.enableDepth()Z+1
j  remixlab.devices.Kinect.<init>(Lprocessing/core/PApplet;Lremixlab/proscene/Scene;)V+56
j  devices3d.Devices3d.setup()V+218
j  processing.core.PApplet.handleDraw()V+65
j  processing.core.PApplet.run()V+72
j  java.lang.Thread.run()V+11
v  ~StubRoutines::call_stub

---------------  P R O C E S S  ---------------

Java Threads: ( => current thread )
=>0x0922e400 JavaThread "Animation Thread" [_thread_in_native, id=6605, stack(0x7ad0d000,0x7ad5e000)]
  0x09166800 JavaThread "AWT-EventQueue-1" [_thread_blocked, id=6604, stack(0x7ad5e000,0x7adaf000)]
  0x08f95c00 JavaThread "DestroyJavaVM" [_thread_blocked, id=6584, stack(0xb6962000,0xb69b3000)]
  0x09099c00 JavaThread "AWT-EventQueue-0" [_thread_blocked, id=6602, stack(0x7adaf000,0x7ae00000)]
  0x09098c00 JavaThread "AWT-Shutdown" [_thread_blocked, id=6601, stack(0x7af41000,0x7af92000)]
  0x0904b000 JavaThread "thread applet-devices3d.Devices3d.class" [_thread_blocked, id=6600, stack(0x7b01a000,0x7b06b000)]
  0x09049c00 JavaThread "AWT-XAWT" daemon [_thread_in_native, id=6598, stack(0x7b06b000,0x7b0bc000)]
  0x7b2cd400 JavaThread "Java2D Disposer" daemon [_thread_blocked, id=6597, stack(0x7b110000,0x7b161000)]
  0x7beab000 JavaThread "Low Memory Detector" daemon [_thread_blocked, id=6595, stack(0x7b5fb000,0x7b64c000)]
  0x7bea9000 JavaThread "C2 CompilerThread1" daemon [_thread_blocked, id=6594, stack(0x7b64c000,0x7b6cd000)]
  0x7bea7000 JavaThread "C2 CompilerThread0" daemon [_thread_blocked, id=6593, stack(0x7b6cd000,0x7b74e000)]
  0x7bea5800 JavaThread "Signal Dispatcher" daemon [_thread_blocked, id=6592, stack(0x7b74e000,0x7b79f000)]
  0x7be97400 JavaThread "Finalizer" daemon [_thread_blocked, id=6591, stack(0x7bb11000,0x7bb62000)]
  0x7be95c00 JavaThread "Reference Handler" daemon [_thread_blocked, id=6590, stack(0x7bb62000,0x7bbb3000)]

Other Threads:
  0x7be92000 VMThread [stack: 0x7bbb3000,0x7bc34000] [id=6589]
  0x7beacc00 WatcherThread [stack: 0x7b57a000,0x7b5fb000] [id=6596]

VM state:not at safepoint (normal execution)

VM Mutex/Monitor currently owned by a thread: None

Heap
 PSYoungGen      total 15296K, used 10276K [0xa26d0000, 0xa44b0000, 0xb3820000)
  eden space 13120K, 65% used [0xa26d0000,0xa2f42db8,0xa33a0000)
  from space 2176K, 74% used [0xa33a0000,0xa35362a0,0xa35c0000)
  to   space 2176K, 0% used [0xa4290000,0xa4290000,0xa44b0000)
 PSOldGen        total 35008K, used 5968K [0x80420000, 0x82650000, 0xa26d0000)
  object space 35008K, 17% used [0x80420000,0x809f4310,0x82650000)
 PSPermGen       total 16384K, used 8346K [0x7c420000, 0x7d420000, 0x80420000)
  object space 16384K, 50% used [0x7c420000,0x7cc46b78,0x7d420000)

Code Cache  [0xb38e6000, 0xb3b26000, 0xb68e6000)
 total_blobs=329 nmethods=40 adapters=244 free_code_cache=49887168 largest_free_block=11776

Dynamic libraries:
08048000-08052000 r-xp 00000000 08:08 1181081    /usr/lib/jvm/java-6-sun-1.6.0.26/jre/bin/java
08052000-08053000 rwxp 00009000 08:08 1181081    /usr/lib/jvm/java-6-sun-1.6.0.26/jre/bin/java
08f8f000-092f9000 rwxp 00000000 00:00 0          [heap]
79215000-7929e000 r-xp 00000000 08:08 1070238    /usr/lib/libXnDeviceSensorV2KM.so
7929e000-792a7000 r-xp 00088000 08:08 1070238    /usr/lib/libXnDeviceSensorV2KM.so
792a7000-792a8000 rwxp 00091000 08:08 1070238    /usr/lib/libXnDeviceSensorV2KM.so
792a8000-79388000 r-xp 00000000 08:08 1064091    /usr/lib/libXnVHandGenerator_1_5_0.so
79388000-7938b000 r-xp 000df000 08:08 1064091    /usr/lib/libXnVHandGenerator_1_5_0.so
7938b000-7938c000 rwxp 000e2000 08:08 1064091    /usr/lib/libXnVHandGenerator_1_5_0.so
7938c000-79398000 rwxp 00000000 00:00 0 
79398000-7978b000 r-xp 00000000 08:08 1064087    /usr/lib/libXnVFeatures_1_5_0.so
7978b000-7978c000 ---p 003f3000 08:08 1064087    /usr/lib/libXnVFeatures_1_5_0.so
7978c000-79794000 r-xp 003f3000 08:08 1064087    /usr/lib/libXnVFeatures_1_5_0.so
79794000-79795000 rwxp 003fb000 08:08 1064087    /usr/lib/libXnVFeatures_1_5_0.so
79795000-797a9000 rwxp 00000000 00:00 0 
797a9000-797d6000 r-xp 00000000 08:08 1064003    /usr/lib/libXnDeviceFile.so
797d6000-797d7000 r-xp 0002d000 08:08 1064003    /usr/lib/libXnDeviceFile.so
797d7000-797d8000 rwxp 0002e000 08:08 1064003    /usr/lib/libXnDeviceFile.so
797d8000-7982a000 r-xp 00000000 08:08 1064002    /usr/lib/libXnDDK.so
7982a000-7982c000 r-xp 00051000 08:08 1064002    /usr/lib/libXnDDK.so
7982c000-7982d000 rwxp 00053000 08:08 1064002    /usr/lib/libXnDDK.so
7982d000-79851000 r-xp 00000000 08:08 1064005    /usr/lib/libXnFormats.so
79851000-79852000 r-xp 00023000 08:08 1064005    /usr/lib/libXnFormats.so
79852000-79853000 rwxp 00024000 08:08 1064005    /usr/lib/libXnFormats.so
79853000-79873000 rwxp 00000000 00:00 0 
79873000-7990c000 r-xp 00000000 08:08 1064004    /usr/lib/libXnDeviceSensorV2.so
7990c000-79915000 r-xp 00098000 08:08 1064004    /usr/lib/libXnDeviceSensorV2.so
79915000-79916000 rwxp 000a1000 08:08 1064004    /usr/lib/libXnDeviceSensorV2.so
79916000-799f9000 r-xp 00000000 08:08 1064000    /usr/lib/libXnVHandGenerator_1_5_2.so
799f9000-799fc000 r-xp 000e3000 08:08 1064000    /usr/lib/libXnVHandGenerator_1_5_2.so
799fc000-799fd000 rwxp 000e6000 08:08 1064000    /usr/lib/libXnVHandGenerator_1_5_2.so
799fd000-79a09000 rwxp 00000000 00:00 0 
79a09000-79ade000 r-xp 00000000 08:08 1063997    /usr/lib/libXnVHandGenerator_1_4_2.so
79ade000-79adf000 ---p 000d5000 08:08 1063997    /usr/lib/libXnVHandGenerator_1_4_2.so
79adf000-79ae1000 r-xp 000d5000 08:08 1063997    /usr/lib/libXnVHandGenerator_1_4_2.so
79ae1000-79ae2000 rwxp 000d7000 08:08 1063997    /usr/lib/libXnVHandGenerator_1_4_2.so
79ae2000-79ae4000 rwxp 00000000 00:00 0 
79ae4000-79bb8000 r-xp 00000000 08:08 1063994    /usr/lib/libXnVHandGenerator_1_4_1.so
79bb8000-79bb9000 ---p 000d4000 08:08 1063994    /usr/lib/libXnVHandGenerator_1_4_1.so
79bb9000-79bbb000 r-xp 000d4000 08:08 1063994    /usr/lib/libXnVHandGenerator_1_4_1.so
79bbb000-79bbc000 rwxp 000d6000 08:08 1063994    /usr/lib/libXnVHandGenerator_1_4_1.so
79bbc000-79bbe000 rwxp 00000000 00:00 0 
79bbe000-79c9c000 r-xp 00000000 08:08 1063991    /usr/lib/libXnVHandGenerator_1_3_1.so
79c9c000-79c9f000 r-xp 000dd000 08:08 1063991    /usr/lib/libXnVHandGenerator_1_3_1.so
79c9f000-79ca0000 rwxp 000e0000 08:08 1063991    /usr/lib/libXnVHandGenerator_1_3_1.so
79ca0000-79ca2000 rwxp 00000000 00:00 0 
79ca2000-7a0a3000 r-xp 00000000 08:08 1063984    /usr/lib/libXnVFeatures_1_5_2.so
7a0a3000-7a0a4000 ---p 00401000 08:08 1063984    /usr/lib/libXnVFeatures_1_5_2.so
7a0a4000-7a0ac000 r-xp 00401000 08:08 1063984    /usr/lib/libXnVFeatures_1_5_2.so
7a0ac000-7a0ad000 rwxp 00409000 08:08 1063984    /usr/lib/libXnVFeatures_1_5_2.so
7a0ad000-7a0c1000 rwxp 00000000 00:00 0 
7a0c1000-7a2a8000 r-xp 00000000 08:08 1063973    /usr/lib/libXnVFeatures_1_4_2.so
7a2a8000-7a2ab000 r-xp 001e6000 08:08 1063973    /usr/lib/libXnVFeatures_1_4_2.so
7a2ab000-7a2ac000 rwxp 001e9000 08:08 1063973    /usr/lib/libXnVFeatures_1_4_2.so
7a2ac000-7a2b1000 rwxp 00000000 00:00 0 
7a2b1000-7a498000 r-xp 00000000 08:08 1063968    /usr/lib/libXnVFeatures_1_4_1.so
7a498000-7a49b000 r-xp 001e6000 08:08 1063968    /usr/lib/libXnVFeatures_1_4_1.so
7a49b000-7a49c000 rwxp 001e9000 08:08 1063968    /usr/lib/libXnVFeatures_1_4_1.so
7a49c000-7a4a1000 rwxp 00000000 00:00 0 
7a4a1000-7a6bf000 r-xp 00000000 08:08 1063963    /usr/lib/libXnVFeatures_1_3_1.so
7a6bf000-7a6c0000 ---p 0021e000 08:08 1063963    /usr/lib/libXnVFeatures_1_3_1.so
7a6c0000-7a6c3000 r-xp 0021e000 08:08 1063963    /usr/lib/libXnVFeatures_1_3_1.so
7a6c3000-7a6c4000 rwxp 00221000 08:08 1063963    /usr/lib/libXnVFeatures_1_3_1.so
7a6c4000-7a6c9000 rwxp 00000000 00:00 0 
7a6c9000-7a6fd000 r-xp 00000000 08:08 1063811    /usr/lib/libnimCodecs.so
7a6fd000-7a6fe000 ---p 00034000 08:08 1063811    /usr/lib/libnimCodecs.so
7a6fe000-7a700000 r-xp 00034000 08:08 1063811    /usr/lib/libnimCodecs.so
7a700000-7a701000 rwxp 00036000 08:08 1063811    /usr/lib/libnimCodecs.so
7a701000-7a721000 rwxp 00000000 00:00 0 
7a721000-7a752000 r-xp 00000000 08:08 1063812    /usr/lib/libnimMockNodes.so
7a752000-7a758000 r-xp 00031000 08:08 1063812    /usr/lib/libnimMockNodes.so
7a758000-7a759000 rwxp 00037000 08:08 1063812    /usr/lib/libnimMockNodes.so
7a759000-7a837000 r-xp 00000000 08:08 1056768    /usr/lib/i386-linux-gnu/libstdc++.so.6.0.16
7a837000-7a838000 ---p 000de000 08:08 1056768    /usr/lib/i386-linux-gnu/libstdc++.so.6.0.16
7a838000-7a83c000 r-xp 000de000 08:08 1056768    /usr/lib/i386-linux-gnu/libstdc++.so.6.0.16
7a83c000-7a83d000 rwxp 000e2000 08:08 1056768    /usr/lib/i386-linux-gnu/libstdc++.so.6.0.16
7a83d000-7a844000 rwxp 00000000 00:00 0 
7a844000-7a914000 r-xp 00000000 08:08 1063882    /usr/lib/libXnVNite_1_3_1.so
7a914000-7a917000 r-xp 000cf000 08:08 1063882    /usr/lib/libXnVNite_1_3_1.so
7a917000-7a918000 rwxp 000d2000 08:08 1063882    /usr/lib/libXnVNite_1_3_1.so
7a918000-7a9fa000 r-xp 00000000 08:08 1199735    /home/alejo/Dropbox/code/devices3d/lib/user/SimpleOpenNI/libSimpleOpenNI.so
7a9fa000-7a9fb000 ---p 000e2000 08:08 1199735    /home/alejo/Dropbox/code/devices3d/lib/user/SimpleOpenNI/libSimpleOpenNI.so
7a9fb000-7a9fd000 r-xp 000e2000 08:08 1199735    /home/alejo/Dropbox/code/devices3d/lib/user/SimpleOpenNI/libSimpleOpenNI.so
7a9fd000-7aa00000 rwxp 000e4000 08:08 1199735    /home/alejo/Dropbox/code/devices3d/lib/user/SimpleOpenNI/libSimpleOpenNI.so
7aa00000-7aa65000 rwxp 00000000 00:00 0 
7aa65000-7ab00000 ---p 00000000 00:00 0 
7ab0a000-7ab2d000 r-xp 00000000 08:08 1063813    /usr/lib/libnimRecorder.so
7ab2d000-7ab2e000 r-xp 00023000 08:08 1063813    /usr/lib/libnimRecorder.so
7ab2e000-7ab2f000 rwxp 00024000 08:08 1063813    /usr/lib/libnimRecorder.so
7ab2f000-7abab000 r-xp 00000000 08:08 1063815    /usr/lib/libOpenNI.so
7abab000-7abad000 r-xp 0007c000 08:08 1063815    /usr/lib/libOpenNI.so
7abad000-7abaf000 rwxp 0007e000 08:08 1063815    /usr/lib/libOpenNI.so
7abaf000-7abb2000 ---p 00000000 00:00 0 
7abb2000-7ac00000 rwxp 00000000 00:00 0 
7ac00000-7acfe000 rwxp 00000000 00:00 0 
7acfe000-7ad00000 ---p 00000000 00:00 0 
7ad0d000-7ad10000 ---p 00000000 00:00 0 
7ad10000-7ad5e000 rwxp 00000000 00:00 0 
7ad5e000-7ad61000 ---p 00000000 00:00 0 
7ad61000-7adaf000 rwxp 00000000 00:00 0 
7adaf000-7adb2000 ---p 00000000 00:00 0 
7adb2000-7ae00000 rwxp 00000000 00:00 0 
7ae00000-7aeff000 rwxp 00000000 00:00 0 
7aeff000-7af00000 ---p 00000000 00:00 0 
7af23000-7af3f000 r-xp 00000000 08:08 1573816    /lib/i386-linux-gnu/libgcc_s.so.1
7af3f000-7af40000 r-xp 0001b000 08:08 1573816    /lib/i386-linux-gnu/libgcc_s.so.1
7af40000-7af41000 rwxp 0001c000 08:08 1573816    /lib/i386-linux-gnu/libgcc_s.so.1
7af41000-7af44000 ---p 00000000 00:00 0 
7af44000-7af92000 rwxp 00000000 00:00 0 
7af92000-7af93000 r-xs 00000000 08:08 1188895    /var/cache/fontconfig/c05880de57d1f5e948fdfacc138775d9-le32d4.cache-3
7af93000-7af99000 r-xs 00000000 08:08 1188892    /var/cache/fontconfig/945677eb7aeaf62f1d50efc3fb3ec7d8-le32d4.cache-3
7af99000-7af9b000 r-xs 00000000 08:08 1188893    /var/cache/fontconfig/99e8ed0e538f840c565b6ed5dad60d56-le32d4.cache-3
7af9b000-7af9e000 r-xs 00000000 08:08 1206717    /var/cache/fontconfig/e383d7ea5fbe662a33d9b44caf393297-le32d4.cache-3
7af9e000-7afa1000 r-xs 00000000 08:08 1188879    /var/cache/fontconfig/2cd17615ca594fa2959ae173292e504c-le32d4.cache-3
7afa1000-7afa2000 r-xs 00000000 08:08 1188903    /var/cache/fontconfig/e7071f4a29fa870f4323321c154eba04-le32d4.cache-3
7afa2000-7afa4000 r-xs 00000000 08:08 1191776    /var/cache/fontconfig/b5ea634b0fb353b8ea17632d1f9ef766-le32d4.cache-3
7afa4000-7afa8000 r-xs 00000000 08:08 1188889    /var/cache/fontconfig/6eb3985aa4124903f6ff08ba781cd364-le32d4.cache-3
7afa8000-7afaf000 r-xs 00000000 08:08 1188888    /var/cache/fontconfig/6d41288fd70b0be22e8c3a91e032eec0-le32d4.cache-3
7afaf000-7afba000 r-xs 00000000 08:08 1188877    /var/cache/fontconfig/0f34bcd4b6ee430af32735b75db7f02b-le32d4.cache-3
7afba000-7afdc000 r-xs 00000000 08:08 1206716    /var/cache/fontconfig/365b55f210c0a22e9a19e35191240f32-le32d4.cache-3
7afdc000-7afe9000 r-xs 00000000 08:08 1188899    /var/cache/fontconfig/d52a8644073d54c13679302ca1180695-le32d4.cache-3
7afea000-7aff5000 r-xp 00000000 08:08 408705     /opt/microchip/mplabx/mplab_ide/mplablibs/modules/lib/libusb-1.0.so.0.0.0
7aff5000-7aff6000 rwxp 0000a000 08:08 408705     /opt/microchip/mplabx/mplab_ide/mplablibs/modules/lib/libusb-1.0.so.0.0.0
7b011000-7b012000 rwxp 00000000 00:00 0 
7b012000-7b019000 r-xp 00000000 08:08 1181319    /usr/lib/jvm/java-6-sun-1.6.0.26/jre/lib/i386/libnio.so
7b019000-7b01a000 rwxp 00006000 08:08 1181319    /usr/lib/jvm/java-6-sun-1.6.0.26/jre/lib/i386/libnio.so
7b01a000-7b01d000 ---p 00000000 00:00 0 
7b01d000-7b06b000 rwxp 00000000 00:00 0 
7b06b000-7b06e000 ---p 00000000 00:00 0 
7b06e000-7b0bc000 rwxp 00000000 00:00 0 
7b0bc000-7b0c0000 r-xp 00000000 08:08 1056426    /usr/lib/i386-linux-gnu/libXfixes.so.3.1.0
7b0c0000-7b0c1000 r-xp 00003000 08:08 1056426    /usr/lib/i386-linux-gnu/libXfixes.so.3.1.0
7b0c1000-7b0c2000 rwxp 00004000 08:08 1056426    /usr/lib/i386-linux-gnu/libXfixes.so.3.1.0
7b0c2000-7b0cb000 r-xp 00000000 08:08 1056446    /usr/lib/i386-linux-gnu/libXrender.so.1.3.0
7b0cb000-7b0cc000 r-xp 00008000 08:08 1056446    /usr/lib/i386-linux-gnu/libXrender.so.1.3.0
7b0cc000-7b0cd000 rwxp 00009000 08:08 1056446    /usr/lib/i386-linux-gnu/libXrender.so.1.3.0
7b0cd000-7b0d6000 r-xp 00000000 08:08 1056410    /usr/lib/i386-linux-gnu/libXcursor.so.1.0.2
7b0d6000-7b0d7000 r-xp 00008000 08:08 1056410    /usr/lib/i386-linux-gnu/libXcursor.so.1.0.2
7b0d7000-7b0d8000 rwxp 00009000 08:08 1056410    /usr/lib/i386-linux-gnu/libXcursor.so.1.0.2
7b0d8000-7b0db000 r-xp 00000000 08:08 1064001    /usr/lib/libXnCore.so
7b0db000-7b0dc000 r-xp 00002000 08:08 1064001    /usr/lib/libXnCore.so
7b0dc000-7b0dd000 rwxp 00003000 08:08 1064001    /usr/lib/libXnCore.so
7b0dd000-7b0de000 r-xp 00000000 08:08 1181308    /usr/lib/jvm/java-6-sun-1.6.0.26/jre/lib/i386/libjawt.so
7b0de000-7b0df000 rwxp 00000000 08:08 1181308    /usr/lib/jvm/java-6-sun-1.6.0.26/jre/lib/i386/libjawt.so
7b0df000-7b0f3000 r-xp 00000000 08:08 1181318    /usr/lib/jvm/java-6-sun-1.6.0.26/jre/lib/i386/libnet.so
7b0f3000-7b0f4000 rwxp 00013000 08:08 1181318    /usr/lib/jvm/java-6-sun-1.6.0.26/jre/lib/i386/libnet.so
7b0f4000-7b0f8000 r-xs 00000000 08:08 1188894    /var/cache/fontconfig/a755afe4a08bf5b97852ceb7400b47bc-le32d4.cache-3
7b0f8000-7b0fc000 r-xs 00000000 08:08 1188884    /var/cache/fontconfig/515ca1ebc4b18308bea979be5704f9db-le32d4.cache-3
7b0fc000-7b102000 r-xs 00000000 08:08 1206713    /var/cache/fontconfig/153bb866d4d26e7cd19eee2129f8d8d2-le32d4.cache-3
7b102000-7b110000 r-xs 00000000 08:08 1190496    /var/cache/fontconfig/e13b20fdb08344e0e664864cc2ede53d-le32d4.cache-3
7b110000-7b113000 ---p 00000000 00:00 0 
7b113000-7b161000 rwxp 00000000 00:00 0 
7b161000-7b1da000 r-xp 00000000 08:08 1181295    /usr/lib/jvm/java-6-sun-1.6.0.26/jre/lib/i386/libfontmanager.so
7b1da000-7b1e4000 rwxp 00078000 08:08 1181295    /usr/lib/jvm/java-6-sun-1.6.0.26/jre/lib/i386/libfontmanager.so
7b1e4000-7b1e9000 rwxp 00000000 00:00 0 
7b1e9000-7b200000 r-xs 0015b000 08:08 1199687    /home/alejo/Dropbox/code/devices3d/lib/base/core/ant.jar
7b200000-7b300000 rwxp 00000000 00:00 0 
7b301000-7b302000 r-xs 00000000 08:08 1188883    /var/cache/fontconfig/4c73fe0c47614734b17d736dbde7580a-le32d4.cache-3
7b302000-7b303000 r-xs 00000000 08:08 1188876    /var/cache/fontconfig/0d8c3b2ac0904cb8a57a757ad11a4a08-le32d4.cache-3
7b303000-7b311000 r-xs 00000000 08:08 1190505    /var/cache/fontconfig/865f88548240fee46819705c6468c165-le32d4.cache-3
7b311000-7b316000 r-xp 00000000 08:08 1056418    /usr/lib/i386-linux-gnu/libXdmcp.so.6.0.0
7b316000-7b317000 r-xp 00004000 08:08 1056418    /usr/lib/i386-linux-gnu/libXdmcp.so.6.0.0
7b317000-7b318000 rwxp 00005000 08:08 1056418    /usr/lib/i386-linux-gnu/libXdmcp.so.6.0.0
7b318000-7b335000 r-xp 00000000 08:08 1056813    /usr/lib/i386-linux-gnu/libxcb.so.1.1.0
7b335000-7b336000 r-xp 0001c000 08:08 1056813    /usr/lib/i386-linux-gnu/libxcb.so.1.1.0
7b336000-7b337000 rwxp 0001d000 08:08 1056813    /usr/lib/i386-linux-gnu/libxcb.so.1.1.0
7b337000-7b345000 r-xp 00000000 08:08 1056434    /usr/lib/i386-linux-gnu/libXi.so.6.1.0
7b345000-7b346000 r-xp 0000d000 08:08 1056434    /usr/lib/i386-linux-gnu/libXi.so.6.1.0
7b346000-7b347000 rwxp 0000e000 08:08 1056434    /usr/lib/i386-linux-gnu/libXi.so.6.1.0
7b347000-7b34c000 r-xp 00000000 08:08 1052626    /usr/lib/libXtst.so.6.1.0
7b34c000-7b34d000 r-xp 00004000 08:08 1052626    /usr/lib/libXtst.so.6.1.0
7b34d000-7b34e000 rwxp 00005000 08:08 1052626    /usr/lib/libXtst.so.6.1.0
7b34e000-7b47f000 r-xp 00000000 08:08 1056398    /usr/lib/i386-linux-gnu/libX11.so.6.3.0
7b47f000-7b480000 ---p 00131000 08:08 1056398    /usr/lib/i386-linux-gnu/libX11.so.6.3.0
7b480000-7b481000 r-xp 00131000 08:08 1056398    /usr/lib/i386-linux-gnu/libX11.so.6.3.0
7b481000-7b483000 rwxp 00132000 08:08 1056398    /usr/lib/i386-linux-gnu/libX11.so.6.3.0
7b483000-7b484000 rwxp 00000000 00:00 0 
7b484000-7b4c7000 r-xp 00000000 08:08 1181341    /usr/lib/jvm/java-6-sun-1.6.0.26/jre/lib/i386/xawt/libmawt.so
7b4c7000-7b4c9000 rwxp 00043000 08:08 1181341    /usr/lib/jvm/java-6-sun-1.6.0.26/jre/lib/i386/xawt/libmawt.so
7b4c9000-7b4ca000 rwxp 00000000 00:00 0 
7b4ca000-7b54f000 r-xp 00000000 08:08 1181290    /usr/lib/jvm/java-6-sun-1.6.0.26/jre/lib/i386/libawt.so
7b54f000-7b556000 rwxp 00085000 08:08 1181290    /usr/lib/jvm/java-6-sun-1.6.0.26/jre/lib/i386/libawt.so
7b556000-7b57a000 rwxp 00000000 00:00 0 
7b57a000-7b57b000 ---p 00000000 00:00 0 
7b57b000-7b5fb000 rwxp 00000000 00:00 0 
7b5fb000-7b5fe000 ---p 00000000 00:00 0 
7b5fe000-7b64c000 rwxp 00000000 00:00 0 
7b64c000-7b64f000 ---p 00000000 00:00 0 
7b64f000-7b6cd000 rwxp 00000000 00:00 0 
7b6cd000-7b6d0000 ---p 00000000 00:00 0 
7b6d0000-7b74e000 rwxp 00000000 00:00 0 
7b74e000-7b751000 ---p 00000000 00:00 0 
7b751000-7b79f000 rwxp 00000000 00:00 0 
7b79f000-7b7a0000 r-xp 00571000 08:08 1057169    /usr/lib/locale/locale-archive
7b7a0000-7b8d1000 r-xp 0043d000 08:08 1057169    /usr/lib/locale/locale-archive
7b8d1000-7b911000 r-xp 002bd000 08:08 1057169    /usr/lib/locale/locale-archive
7b911000-7bb11000 r-xp 00000000 08:08 1057169    /usr/lib/locale/locale-archive
7bb11000-7bb14000 ---p 00000000 00:00 0 
7bb14000-7bb62000 rwxp 00000000 00:00 0 
7bb62000-7bb65000 ---p 00000000 00:00 0 
7bb65000-7bbb3000 rwxp 00000000 00:00 0 
7bbb3000-7bbb4000 ---p 00000000 00:00 0 
7bbb4000-7bc68000 rwxp 00000000 00:00 0 
7bc68000-7be00000 r-xs 03029000 08:08 1181157    /usr/lib/jvm/java-6-sun-1.6.0.26/jre/lib/rt.jar
7be00000-7bef9000 rwxp 00000000 00:00 0 
7bef9000-7bf00000 ---p 00000000 00:00 0 
7bf00000-7bf11000 r-xp 00000000 08:08 1056422    /usr/lib/i386-linux-gnu/libXext.so.6.4.0
7bf11000-7bf12000 r-xp 00010000 08:08 1056422    /usr/lib/i386-linux-gnu/libXext.so.6.4.0
7bf12000-7bf13000 rwxp 00011000 08:08 1056422    /usr/lib/i386-linux-gnu/libXext.so.6.4.0
7bf13000-7bf16000 r-xs 00000000 08:08 1188900    /var/cache/fontconfig/d60319d88cac85ba9e1a07bd06cfbb8c-le32d4.cache-3
7bf16000-7bf19000 r-xs 00000000 08:08 1206715    /var/cache/fontconfig/7ef2298fde41cc6eeb7af42e48b7d293-le32d4.cache-3
7bf19000-7bf1c000 r-xs 00017000 08:08 1199756    /home/alejo/Dropbox/code/devices3d/lib/user/proscene/proscene.jar
7bf1c000-7bf1e000 r-xs 00003000 08:08 1199742    /home/alejo/Dropbox/code/devices3d/lib/user/fullscreen/fullscreen.jar
7bf1e000-7bf22000 r-xs 00020000 08:08 1199717    /home/alejo/Dropbox/code/devices3d/lib/user/SimpleOpenNI/SimpleOpenNI.jar
7bf22000-7bf2d000 r-xs 00108000 08:08 1326150    /home/alejo/Dropbox/code/devices3d/lib/base/opengl/jogl.jar
7bf2d000-7bf2e000 r-xs 00004000 08:08 1326149    /home/alejo/Dropbox/code/devices3d/lib/base/opengl/gluegen-rt.jar
7bf2e000-7bf2f000 r-xs 00003000 08:08 1326148    /home/alejo/Dropbox/code/devices3d/lib/base/opengl/opengl.jar
7bf2f000-7bf30000 ---p 00000000 00:00 0 
7bf30000-7bfb0000 rwxp 00000000 00:00 0 
7bfb0000-7bfb1000 ---p 00000000 00:00 0 
7bfb1000-7c031000 rwxp 00000000 00:00 0 
7c031000-7c032000 ---p 00000000 00:00 0 
7c032000-7c0b2000 rwxp 00000000 00:00 0 
7c0b2000-7c0b3000 ---p 00000000 00:00 0 
7c0b3000-7c13b000 rwxp 00000000 00:00 0 
7c13b000-7c153000 rwxp 00000000 00:00 0 
7c153000-7c165000 rwxp 00000000 00:00 0 
7c165000-7c265000 rwxp 00000000 00:00 0 
7c265000-7c26d000 rwxp 00000000 00:00 0 
7c26d000-7c285000 rwxp 00000000 00:00 0 
7c285000-7c297000 rwxp 00000000 00:00 0 
7c297000-7c396000 rwxp 00000000 00:00 0 
7c396000-7c3a6000 rwxp 00000000 00:00 0 
7c3a6000-7c41f000 rwxp 00000000 00:00 0 
7c41f000-7d420000 rwxp 00000000 00:00 0 
7d420000-80420000 rwxp 00000000 00:00 0 
80420000-82650000 rwxp 00000000 00:00 0 
82650000-a26d0000 rwxp 00000000 00:00 0 
a26d0000-a44b0000 rwxp 00000000 00:00 0 
a44b0000-b3820000 rwxp 00000000 00:00 0 
b3820000-b3821000 r-xs 00000000 08:08 1188887    /var/cache/fontconfig/6a53c69dea097a2d716e069445527da8-le32d4.cache-3
b3821000-b3824000 r-xs 00029000 08:08 2123900    /home/alejo/Dropbox/code/devices3d/lib/user/procontroll/procontroll.jar
b3824000-b3826000 r-xs 0002b000 08:08 1199690    /home/alejo/Dropbox/code/devices3d/lib/base/core/core.jar
b3826000-b382f000 rwxp 00000000 00:00 0 
b382f000-b38e6000 rwxp 00000000 00:00 0 
b38e6000-b3b26000 rwxp 00000000 00:00 0 
b3b26000-b68e6000 rwxp 00000000 00:00 0 
b68e6000-b68f1000 r-xp 00000000 08:08 1573836    /lib/i386-linux-gnu/libnss_files-2.13.so
b68f1000-b68f2000 r-xp 0000a000 08:08 1573836    /lib/i386-linux-gnu/libnss_files-2.13.so
b68f2000-b68f3000 rwxp 0000b000 08:08 1573836    /lib/i386-linux-gnu/libnss_files-2.13.so
b68f3000-b68fd000 r-xp 00000000 08:08 1573840    /lib/i386-linux-gnu/libnss_nis-2.13.so
b68fd000-b68fe000 r-xp 00009000 08:08 1573840    /lib/i386-linux-gnu/libnss_nis-2.13.so
b68fe000-b68ff000 rwxp 0000a000 08:08 1573840    /lib/i386-linux-gnu/libnss_nis-2.13.so
b68ff000-b6914000 r-xp 00000000 08:08 1573830    /lib/i386-linux-gnu/libnsl-2.13.so
b6914000-b6915000 r-xp 00015000 08:08 1573830    /lib/i386-linux-gnu/libnsl-2.13.so
b6915000-b6916000 rwxp 00016000 08:08 1573830    /lib/i386-linux-gnu/libnsl-2.13.so
b6916000-b6918000 rwxp 00000000 00:00 0 
b6918000-b6919000 r-xs 00000000 08:08 1193307    /var/cache/fontconfig/4794a0821666d79190d59a36cb4f44b5-le32d4.cache-3
b6919000-b691b000 r-xs 00002000 08:08 1199642    /home/alejo/Dropbox/code/devices3d/lib/base/core/ant-launcher.jar
b691b000-b692a000 r-xp 00000000 08:08 1181329    /usr/lib/jvm/java-6-sun-1.6.0.26/jre/lib/i386/libzip.so
b692a000-b692c000 rwxp 0000e000 08:08 1181329    /usr/lib/jvm/java-6-sun-1.6.0.26/jre/lib/i386/libzip.so
b692c000-b6934000 rwxs 00000000 08:08 411588     /tmp/hsperfdata_alejo/6579
b6934000-b6957000 r-xp 00000000 08:08 1181303    /usr/lib/jvm/java-6-sun-1.6.0.26/jre/lib/i386/libjava.so
b6957000-b6959000 rwxp 00023000 08:08 1181303    /usr/lib/jvm/java-6-sun-1.6.0.26/jre/lib/i386/libjava.so
b6959000-b6960000 r-xp 00000000 08:08 1573859    /lib/i386-linux-gnu/librt-2.13.so
b6960000-b6961000 r-xp 00006000 08:08 1573859    /lib/i386-linux-gnu/librt-2.13.so
b6961000-b6962000 rwxp 00007000 08:08 1573859    /lib/i386-linux-gnu/librt-2.13.so
b6962000-b6965000 ---p 00000000 00:00 0 
b6965000-b69b3000 rwxp 00000000 00:00 0 
b69b3000-b69db000 r-xp 00000000 08:08 1573825    /lib/i386-linux-gnu/libm-2.13.so
b69db000-b69dc000 r-xp 00028000 08:08 1573825    /lib/i386-linux-gnu/libm-2.13.so
b69dc000-b69dd000 rwxp 00029000 08:08 1573825    /lib/i386-linux-gnu/libm-2.13.so
b69dd000-b718f000 r-xp 00000000 08:08 1181340    /usr/lib/jvm/java-6-sun-1.6.0.26/jre/lib/i386/server/libjvm.so
b718f000-b71e3000 rwxp 007b1000 08:08 1181340    /usr/lib/jvm/java-6-sun-1.6.0.26/jre/lib/i386/server/libjvm.so
b71e3000-b7602000 rwxp 00000000 00:00 0 
b7602000-b7778000 r-xp 00000000 08:08 1573795    /lib/i386-linux-gnu/libc-2.13.so
b7778000-b777a000 r-xp 00176000 08:08 1573795    /lib/i386-linux-gnu/libc-2.13.so
b777a000-b777b000 rwxp 00178000 08:08 1573795    /lib/i386-linux-gnu/libc-2.13.so
b777b000-b777e000 rwxp 00000000 00:00 0 
b777e000-b7781000 r-xp 00000000 08:08 1573806    /lib/i386-linux-gnu/libdl-2.13.so
b7781000-b7782000 r-xp 00002000 08:08 1573806    /lib/i386-linux-gnu/libdl-2.13.so
b7782000-b7783000 rwxp 00003000 08:08 1573806    /lib/i386-linux-gnu/libdl-2.13.so
b7783000-b778a000 r-xp 00000000 08:08 1181335    /usr/lib/jvm/java-6-sun-1.6.0.26/jre/lib/i386/jli/libjli.so
b778a000-b778c000 rwxp 00006000 08:08 1181335    /usr/lib/jvm/java-6-sun-1.6.0.26/jre/lib/i386/jli/libjli.so
b778c000-b778d000 rwxp 00000000 00:00 0 
b778d000-b77a4000 r-xp 00000000 08:08 1573855    /lib/i386-linux-gnu/libpthread-2.13.so
b77a4000-b77a5000 r-xp 00016000 08:08 1573855    /lib/i386-linux-gnu/libpthread-2.13.so
b77a5000-b77a6000 rwxp 00017000 08:08 1573855    /lib/i386-linux-gnu/libpthread-2.13.so
b77a6000-b77a8000 rwxp 00000000 00:00 0 
b77a8000-b77aa000 r-xp 00000000 08:08 1056402    /usr/lib/i386-linux-gnu/libXau.so.6.0.0
b77aa000-b77ab000 r-xp 00001000 08:08 1056402    /usr/lib/i386-linux-gnu/libXau.so.6.0.0
b77ab000-b77ac000 rwxp 00002000 08:08 1056402    /usr/lib/i386-linux-gnu/libXau.so.6.0.0
b77ac000-b77b4000 r-xp 00000000 08:08 1573832    /lib/i386-linux-gnu/libnss_compat-2.13.so
b77b4000-b77b5000 r-xp 00007000 08:08 1573832    /lib/i386-linux-gnu/libnss_compat-2.13.so
b77b5000-b77b6000 rwxp 00008000 08:08 1573832    /lib/i386-linux-gnu/libnss_compat-2.13.so
b77b6000-b77b7000 rwxp 00000000 00:00 0 
b77b7000-b77b8000 r-xp 00000000 00:00 0 
b77b8000-b77c3000 r-xp 00000000 08:08 1181328    /usr/lib/jvm/java-6-sun-1.6.0.26/jre/lib/i386/libverify.so
b77c3000-b77c4000 rwxp 0000b000 08:08 1181328    /usr/lib/jvm/java-6-sun-1.6.0.26/jre/lib/i386/libverify.so
b77c4000-b77c6000 rwxp 00000000 00:00 0 
b77c6000-b77c7000 r-xp 00000000 00:00 0          [vdso]
b77c7000-b77e5000 r-xp 00000000 08:08 1573782    /lib/i386-linux-gnu/ld-2.13.so
b77e5000-b77e6000 r-xp 0001d000 08:08 1573782    /lib/i386-linux-gnu/ld-2.13.so
b77e6000-b77e7000 rwxp 0001e000 08:08 1573782    /lib/i386-linux-gnu/ld-2.13.so
bfced000-bfd0e000 rwxp 00000000 00:00 0          [stack]

VM Arguments:
jvm_args: -Djava.library.path=/home/alejo/Dropbox/code/devices3d/lib/base/opengl:/home/alejo/Dropbox/code/devices3d/lib/base/opengl:/home/alejo/Dropbox/code/devices3d/lib/base/opengl:/home/alejo/Dropbox/code/devices3d/lib/base/core:/home/alejo/Dropbox/code/devices3d/lib/base/core:/home/alejo/Dropbox/code/devices3d/lib/base/core:/home/alejo/Dropbox/code/devices3d/lib/user/procontroll:/home/alejo/Dropbox/code/devices3d/lib/user/SimpleOpenNI:/home/alejo/Dropbox/code/devices3d/lib/user/fullscreen:/home/alejo/Dropbox/code/devices3d/lib/user/proscene -Djava.security.policy=java.policy.applet -Dfile.encoding=UTF-8 
java_command: sun.applet.AppletViewer devices3d.Devices3d1333675766277.html
Launcher Type: SUN_STANDARD

Environment Variables:
PATH=/opt/microchip/mplabc32/v2.02/bin:/opt/microchip/mplabc30/v3.30c/bin:/usr/lib/lightdm/lightdm:/usr/local/sbin:/usr/local/bin:/usr/sbin:/usr/bin:/sbin:/bin:/usr/games
USERNAME=alejo
LD_LIBRARY_PATH=/usr/lib/jvm/java-6-sun-1.6.0.26/jre/lib/i386/server:/usr/lib/jvm/java-6-sun-1.6.0.26/jre/lib/i386:/usr/lib/jvm/java-6-sun-1.6.0.26/jre/../lib/i386:/usr/lib/jvm/java-6-sun-1.6.0.26/jre/lib/i386/client:/usr/lib/jvm/java-6-sun-1.6.0.26/jre/lib/i386:
SHELL=/bin/bash
DISPLAY=:0.0

Signal Handlers:
SIGSEGV: [libjvm.so+0x725510], sa_mask[0]=0x7ffbfeff, sa_flags=0x10000004
SIGBUS: [libjvm.so+0x725510], sa_mask[0]=0x7ffbfeff, sa_flags=0x10000004
SIGFPE: [libjvm.so+0x5dff20], sa_mask[0]=0x7ffbfeff, sa_flags=0x10000004
SIGPIPE: [libjvm.so+0x5dff20], sa_mask[0]=0x7ffbfeff, sa_flags=0x10000004
SIGXFSZ: [libjvm.so+0x5dff20], sa_mask[0]=0x7ffbfeff, sa_flags=0x10000004
SIGILL: [libjvm.so+0x5dff20], sa_mask[0]=0x7ffbfeff, sa_flags=0x10000004
SIGUSR1: SIG_DFL, sa_mask[0]=0x00000000, sa_flags=0x00000000
SIGUSR2: [libjvm.so+0x5e3160], sa_mask[0]=0x00000004, sa_flags=0x10000004
SIGHUP: [libjvm.so+0x5e2d40], sa_mask[0]=0x7ffbfeff, sa_flags=0x10000004
SIGINT: [libjvm.so+0x5e2d40], sa_mask[0]=0x7ffbfeff, sa_flags=0x10000004
SIGTERM: [libjvm.so+0x5e2d40], sa_mask[0]=0x7ffbfeff, sa_flags=0x10000004
SIGQUIT: [libjvm.so+0x5e2d40], sa_mask[0]=0x7ffbfeff, sa_flags=0x10000004


---------------  S Y S T E M  ---------------

OS:wheezy/sid

uname:Linux 3.0.0-12-generic #20-Ubuntu SMP Fri Oct 7 14:50:42 UTC 2011 i686
libc:glibc 2.13 NPTL 2.13 
rlimit: STACK 8192k, CORE 0k, NPROC 26110, NOFILE 4096, AS infinity
load average:0.01 0.07 0.12

/proc/meminfo:
MemTotal:        3356112 kB
MemFree:          498076 kB
Buffers:          305316 kB
Cached:          1036928 kB
SwapCached:            0 kB
Active:          1499492 kB
Inactive:         983720 kB
Active(anon):    1143360 kB
Inactive(anon):    11572 kB
Active(file):     356132 kB
Inactive(file):   972148 kB
Unevictable:          16 kB
Mlocked:              16 kB
HighTotal:       2497096 kB
HighFree:         108236 kB
LowTotal:         859016 kB
LowFree:          389840 kB
SwapTotal:      14645240 kB
SwapFree:       14645240 kB
Dirty:               732 kB
Writeback:             0 kB
AnonPages:       1141208 kB
Mapped:           323460 kB
Shmem:             13964 kB
Slab:              97796 kB
SReclaimable:      76252 kB
SUnreclaim:        21544 kB
KernelStack:        4448 kB
PageTables:        20904 kB
NFS_Unstable:          0 kB
Bounce:                0 kB
WritebackTmp:          0 kB
CommitLimit:    16323296 kB
Committed_AS:    4147192 kB
VmallocTotal:     122880 kB
VmallocUsed:       59252 kB
VmallocChunk:      58104 kB
HardwareCorrupted:     0 kB
AnonHugePages:         0 kB
HugePages_Total:       0
HugePages_Free:        0
HugePages_Rsvd:        0
HugePages_Surp:        0
Hugepagesize:       4096 kB
DirectMap4k:       12280 kB
DirectMap4M:      897024 kB


CPU:total 4 (4 cores per cpu, 1 threads per core) family 16 model 4 stepping 3, cmov, cx8, fxsr, mmx, sse, sse2, sse3, popcnt, mmxext, 3dnow, 3dnowext, lzcnt, sse4a

/proc/cpuinfo:
processor	: 0
vendor_id	: AuthenticAMD
cpu family	: 16
model		: 4
model name	: AMD Phenom(tm) II X4 945 Processor
stepping	: 3
cpu MHz		: 3010.822
cache size	: 512 KB
physical id	: 0
siblings	: 4
core id		: 0
cpu cores	: 4
apicid		: 0
initial apicid	: 0
fdiv_bug	: no
hlt_bug		: no
f00f_bug	: no
coma_bug	: no
fpu		: yes
fpu_exception	: yes
cpuid level	: 5
wp		: yes
flags		: fpu vme de pse tsc msr pae mce cx8 apic mtrr pge mca cmov pat pse36 clflush mmx fxsr sse sse2 ht syscall nx mmxext fxsr_opt pdpe1gb rdtscp lm 3dnowext 3dnow constant_tsc nonstop_tsc extd_apicid pni monitor cx16 popcnt lahf_lm cmp_legacy svm extapic cr8_legacy abm sse4a misalignsse 3dnowprefetch osvw ibs skinit wdt npt lbrv svm_lock nrip_save
bogomips	: 6021.64
clflush size	: 64
cache_alignment	: 64
address sizes	: 48 bits physical, 48 bits virtual
power management: ts ttp tm stc 100mhzsteps hwpstate

processor	: 1
vendor_id	: AuthenticAMD
cpu family	: 16
model		: 4
model name	: AMD Phenom(tm) II X4 945 Processor
stepping	: 3
cpu MHz		: 3010.822
cache size	: 512 KB
physical id	: 0
siblings	: 4
core id		: 1
cpu cores	: 4
apicid		: 1
initial apicid	: 1
fdiv_bug	: no
hlt_bug		: no
f00f_bug	: no
coma_bug	: no
fpu		: yes
fpu_exception	: yes
cpuid level	: 5
wp		: yes
flags		: fpu vme de pse tsc msr pae mce cx8 apic mtrr pge mca cmov pat pse36 clflush mmx fxsr sse sse2 ht syscall nx mmxext fxsr_opt pdpe1gb rdtscp lm 3dnowext 3dnow constant_tsc nonstop_tsc extd_apicid pni monitor cx16 popcnt lahf_lm cmp_legacy svm extapic cr8_legacy abm sse4a misalignsse 3dnowprefetch osvw ibs skinit wdt npt lbrv svm_lock nrip_save
bogomips	: 6020.55
clflush size	: 64
cache_alignment	: 64
address sizes	: 48 bits physical, 48 bits virtual
power management: ts ttp tm stc 100mhzsteps hwpstate

processor	: 2
vendor_id	: AuthenticAMD
cpu family	: 16
model		: 4
model name	: AMD Phenom(tm) II X4 945 Processor
stepping	: 3
cpu MHz		: 3010.822
cache size	: 512 KB
physical id	: 0
siblings	: 4
core id		: 2
cpu cores	: 4
apicid		: 2
initial apicid	: 2
fdiv_bug	: no
hlt_bug		: no
f00f_bug	: no
coma_bug	: no
fpu		: yes
fpu_exception	: yes
cpuid level	: 5
wp		: yes
flags		: fpu vme de pse tsc msr pae mce cx8 apic mtrr pge mca cmov pat pse36 clflush mmx fxsr sse sse2 ht syscall nx mmxext fxsr_opt pdpe1gb rdtscp lm 3dnowext 3dnow constant_tsc nonstop_tsc extd_apicid pni monitor cx16 popcnt lahf_lm cmp_legacy svm extapic cr8_legacy abm sse4a misalignsse 3dnowprefetch osvw ibs skinit wdt npt lbrv svm_lock nrip_save
bogomips	: 6020.55
clflush size	: 64
cache_alignment	: 64
address sizes	: 48 bits physical, 48 bits virtual
power management: ts ttp tm stc 100mhzsteps hwpstate

processor	: 3
vendor_id	: AuthenticAMD
cpu family	: 16
model		: 4
model name	: AMD Phenom(tm) II X4 945 Processor
stepping	: 3
cpu MHz		: 3010.822
cache size	: 512 KB
physical id	: 0
siblings	: 4
core id		: 3
cpu cores	: 4
apicid		: 3
initial apicid	: 3
fdiv_bug	: no
hlt_bug		: no
f00f_bug	: no
coma_bug	: no
fpu		: yes
fpu_exception	: yes
cpuid level	: 5
wp		: yes
flags		: fpu vme de pse tsc msr pae mce cx8 apic mtrr pge mca cmov pat pse36 clflush mmx fxsr sse sse2 ht syscall nx mmxext fxsr_opt pdpe1gb rdtscp lm 3dnowext 3dnow constant_tsc nonstop_tsc extd_apicid pni monitor cx16 popcnt lahf_lm cmp_legacy svm extapic cr8_legacy abm sse4a misalignsse 3dnowprefetch osvw ibs skinit wdt npt lbrv svm_lock nrip_save
bogomips	: 6020.55
clflush size	: 64
cache_alignment	: 64
address sizes	: 48 bits physical, 48 bits virtual
power management: ts ttp tm stc 100mhzsteps hwpstate



Memory: 4k page, physical 3356112k(498076k free), swap 14645240k(14645240k free)

vm_info: Java HotSpot(TM) Server VM (20.1-b02) for linux-x86 JRE (1.6.0_26-b03), built on May  4 2011 01:04:10 by "java_re" with gcc 3.2.1-7a (J2SE release)

time: Thu Apr  5 20:29:26 2012
elapsed time: 0 seconds

