#
# A fatal error has been detected by the Java Runtime Environment:
#
#  SIGSEGV (0xb) at pc=0x7a9cbd5a, pid=5507, tid=2060450672
#
# JRE version: 6.0_26-b03
# Java VM: Java HotSpot(TM) Server VM (20.1-b02 mixed mode linux-x86 )
# Problematic frame:
# C  [libOpenNI.so+0x33d5a]  long long+0x1a
#
# If you would like to submit a bug report, please visit:
#   http://java.sun.com/webapps/bugreport/crash.jsp
# The crash happened outside the Java Virtual Machine in native code.
# See problematic frame for where to report the bug.
#

---------------  T H R E A D  ---------------

Current thread (0x7adba400):  JavaThread "Animation Thread" [_thread_in_native, id=5533, stack(0x7acaf000,0x7ad00000)]

siginfo:si_signo=SIGSEGV: si_errno=0, si_code=1 (SEGV_MAPERR), si_addr=0x00000000

Registers:
EAX=0x00000000, EBX=0x7aa15ff4, ECX=0x00000001, EDX=0x7ab39c48
ESP=0x7acfea40, EBP=0x7acfea68, ESI=0x00000000, EDI=0x7adba400
EIP=0x7a9cbd5a, EFLAGS=0x00010202, CR2=0x00000000

Top of Stack: (sp=0x7acfea40)
0x7acfea40:   7a99adec 7aafcff4 7ccc5dd0 7adba400
0x7acfea50:   7acfea88 b7880c30 7ab39c48 7a9cbd40
0x7acfea60:   7aafcff4 7ccc5dd0 7acfea88 7aab298c
0x7acfea70:   00000000 7ab39c48 7ab39c48 7aab2966
0x7acfea80:   7ab39bd8 7aafcff4 7acfeab8 7aab96f1
0x7acfea90:   7ab39bd8 7ab39c48 00000000 00000000
0x7acfeaa0:   7acfead8 b7880c30 7adba400 7aab9601
0x7acfeab0:   7aafcff4 7ccc5dd0 7acfead8 7aab9825 

Instructions: (pc=0x7a9cbd5a)
0x7a9cbd3a:   bc 27 00 00 00 00 55 89 e5 83 ec 28 89 75 fc 8b
0x7a9cbd4a:   75 08 89 5d f8 e8 13 a8 fd ff 81 c3 a0 a2 04 00
0x7a9cbd5a:   8b 06 8b 50 08 85 d2 74 0c 8b 40 04 8b 00 a9 00
0x7a9cbd6a:   00 01 00 75 11 8b 5d f8 b8 12 00 01 00 8b 75 fc 

Register to memory mapping:

EAX=0x00000000 is an unknown value
EBX=0x7aa15ff4: <offset 0x7dff4> in /usr/lib/libOpenNI.so at 0x7a998000
ECX=0x00000001 is an unknown value
EDX=0x7ab39c48 is an unknown value
ESP=0x7acfea40 is pointing into the stack for thread: 0x7adba400
EBP=0x7acfea68 is pointing into the stack for thread: 0x7adba400
ESI=0x00000000 is an unknown value
EDI=0x7adba400 is a thread


Stack: [0x7acaf000,0x7ad00000],  sp=0x7acfea40,  free space=318k
Native frames: (J=compiled Java code, j=interpreted, Vv=VM code, C=native code)
C  [libOpenNI.so+0x33d5a]  long long+0x1a
C  [libSimpleOpenNI.so+0x9a98c]  xn::MapGenerator::SetMapOutputMode(XnMapOutputMode const&)+0x26
C  [libSimpleOpenNI.so+0xa16f1]  sOpenNI::ContextWrapper::createDepth(bool)+0xdb
C  [libSimpleOpenNI.so+0xa1825]  sOpenNI::ContextWrapper::enableDepth()+0x6b
C  [libSimpleOpenNI.so+0x848c6]  Java_SimpleOpenNI_SimpleOpenNIJNI_ContextWrapper_1enableDepthSwigExplicitContextWrapper_1_1SWIG_10+0x3c
j  SimpleOpenNI.SimpleOpenNIJNI.ContextWrapper_enableDepthSwigExplicitContextWrapper__SWIG_0(JLSimpleOpenNI/ContextWrapper;)Z+0
j  SimpleOpenNI.ContextWrapper.enableDepth()Z+26
j  SimpleOpenNI.SimpleOpenNI.enableDepth()Z+1
j  remixlab.devices.Kinect.<init>(Lprocessing/core/PApplet;Lremixlab/proscene/Scene;)V+56
j  devices3d.Devices3d.setup()V+186
j  processing.core.PApplet.handleDraw()V+65
j  processing.core.PApplet.run()V+72
j  java.lang.Thread.run()V+11
v  ~StubRoutines::call_stub
V  [libjvm.so+0x3dff01]  JavaCalls::call_helper(JavaValue*, methodHandle*, JavaCallArguments*, Thread*)+0x1c1
V  [libjvm.so+0x5e1298]  os::os_exception_wrapper(void (*)(JavaValue*, methodHandle*, JavaCallArguments*, Thread*), JavaValue*, methodHandle*, JavaCallArguments*, Thread*)+0x18
V  [libjvm.so+0x3df775]  JavaCalls::call_virtual(JavaValue*, KlassHandle, symbolHandle, symbolHandle, JavaCallArguments*, Thread*)+0xc5
V  [libjvm.so+0x3df838]  JavaCalls::call_virtual(JavaValue*, Handle, KlassHandle, symbolHandle, symbolHandle, Thread*)+0x58
V  [libjvm.so+0x4642d7]  thread_entry(JavaThread*, Thread*)+0xa7
V  [libjvm.so+0x6e16bf]  JavaThread::run()+0x11f
V  [libjvm.so+0x5e2aee]  java_start(Thread*)+0x14e
C  [libpthread.so.0+0x6d31]  short+0xd1

Java frames: (J=compiled Java code, j=interpreted, Vv=VM code)
j  SimpleOpenNI.SimpleOpenNIJNI.ContextWrapper_enableDepthSwigExplicitContextWrapper__SWIG_0(JLSimpleOpenNI/ContextWrapper;)Z+0
j  SimpleOpenNI.ContextWrapper.enableDepth()Z+26
j  SimpleOpenNI.SimpleOpenNI.enableDepth()Z+1
j  remixlab.devices.Kinect.<init>(Lprocessing/core/PApplet;Lremixlab/proscene/Scene;)V+56
j  devices3d.Devices3d.setup()V+186
j  processing.core.PApplet.handleDraw()V+65
j  processing.core.PApplet.run()V+72
j  java.lang.Thread.run()V+11
v  ~StubRoutines::call_stub

---------------  P R O C E S S  ---------------

Java Threads: ( => current thread )
=>0x7adba400 JavaThread "Animation Thread" [_thread_in_native, id=5533, stack(0x7acaf000,0x7ad00000)]
  0x09613c00 JavaThread "AWT-EventQueue-1" [_thread_blocked, id=5532, stack(0x7ae0d000,0x7ae5e000)]
  0x7adad400 JavaThread "DestroyJavaVM" [_thread_blocked, id=5512, stack(0xb6a08000,0xb6a59000)]
  0x7affa400 JavaThread "AWT-EventQueue-0" [_thread_blocked, id=5530, stack(0x7ae5e000,0x7aeaf000)]
  0x7b5f7800 JavaThread "AWT-Shutdown" [_thread_blocked, id=5529, stack(0x7aeaf000,0x7af00000)]
  0x0981d800 JavaThread "thread applet-devices3d.Devices3d.class" [_thread_blocked, id=5528, stack(0x7b0d0000,0x7b121000)]
  0x0981a800 JavaThread "AWT-XAWT" daemon [_thread_in_native, id=5526, stack(0x7b121000,0x7b172000)]
  0x096f2400 JavaThread "Java2D Disposer" daemon [_thread_blocked, id=5525, stack(0x7b1c5000,0x7b216000)]
  0x7beab000 JavaThread "Low Memory Detector" daemon [_thread_blocked, id=5523, stack(0x7b6b0000,0x7b701000)]
  0x7bea9000 JavaThread "C2 CompilerThread1" daemon [_thread_blocked, id=5522, stack(0x7b701000,0x7b782000)]
  0x7bea7000 JavaThread "C2 CompilerThread0" daemon [_thread_blocked, id=5521, stack(0x7b782000,0x7b803000)]
  0x7bea5800 JavaThread "Signal Dispatcher" daemon [_thread_blocked, id=5520, stack(0x7b803000,0x7b854000)]
  0x7be97400 JavaThread "Finalizer" daemon [_thread_blocked, id=5519, stack(0x7bbc6000,0x7bc17000)]
  0x7be96000 JavaThread "Reference Handler" daemon [_thread_blocked, id=5518, stack(0x7bc17000,0x7bc68000)]

Other Threads:
  0x7be92400 VMThread [stack: 0x7bf1a000,0x7bf9b000] [id=5517]
  0x7beb5000 WatcherThread [stack: 0x7b62f000,0x7b6b0000] [id=5524]

VM state:not at safepoint (normal execution)

VM Mutex/Monitor currently owned by a thread: None

Heap
 PSYoungGen      total 15296K, used 10110K [0xa2770000, 0xa4550000, 0xb38c0000)
  eden space 13120K, 64% used [0xa2770000,0xa2fc14d8,0xa3440000)
  from space 2176K, 73% used [0xa3440000,0xa35ce6a8,0xa3660000)
  to   space 2176K, 0% used [0xa4330000,0xa4330000,0xa4550000)
 PSOldGen        total 35008K, used 5968K [0x804c0000, 0x826f0000, 0xa2770000)
  object space 35008K, 17% used [0x804c0000,0x80a94310,0x826f0000)
 PSPermGen       total 16384K, used 8334K [0x7c4c0000, 0x7d4c0000, 0x804c0000)
  object space 16384K, 50% used [0x7c4c0000,0x7cce3ac8,0x7d4c0000)

Code Cache  [0xb398c000, 0xb3bcc000, 0xb698c000)
 total_blobs=329 nmethods=40 adapters=244 free_code_cache=49886272 largest_free_block=11776

Dynamic libraries:
08048000-08052000 r-xp 00000000 08:08 1181081    /usr/lib/jvm/java-6-sun-1.6.0.26/jre/bin/java
08052000-08053000 rwxp 00009000 08:08 1181081    /usr/lib/jvm/java-6-sun-1.6.0.26/jre/bin/java
0960d000-09918000 rwxp 00000000 00:00 0          [heap]
792b1000-7933a000 r-xp 00000000 08:08 1070238    /usr/lib/libXnDeviceSensorV2KM.so
7933a000-79343000 r-xp 00088000 08:08 1070238    /usr/lib/libXnDeviceSensorV2KM.so
79343000-79344000 rwxp 00091000 08:08 1070238    /usr/lib/libXnDeviceSensorV2KM.so
79344000-79424000 r-xp 00000000 08:08 1064091    /usr/lib/libXnVHandGenerator_1_5_0.so
79424000-79427000 r-xp 000df000 08:08 1064091    /usr/lib/libXnVHandGenerator_1_5_0.so
79427000-79428000 rwxp 000e2000 08:08 1064091    /usr/lib/libXnVHandGenerator_1_5_0.so
79428000-79434000 rwxp 00000000 00:00 0 
79434000-79827000 r-xp 00000000 08:08 1064087    /usr/lib/libXnVFeatures_1_5_0.so
79827000-79828000 ---p 003f3000 08:08 1064087    /usr/lib/libXnVFeatures_1_5_0.so
79828000-79830000 r-xp 003f3000 08:08 1064087    /usr/lib/libXnVFeatures_1_5_0.so
79830000-79831000 rwxp 003fb000 08:08 1064087    /usr/lib/libXnVFeatures_1_5_0.so
79831000-79845000 rwxp 00000000 00:00 0 
79845000-79872000 r-xp 00000000 08:08 1064003    /usr/lib/libXnDeviceFile.so
79872000-79873000 r-xp 0002d000 08:08 1064003    /usr/lib/libXnDeviceFile.so
79873000-79874000 rwxp 0002e000 08:08 1064003    /usr/lib/libXnDeviceFile.so
79874000-798c6000 r-xp 00000000 08:08 1064002    /usr/lib/libXnDDK.so
798c6000-798c8000 r-xp 00051000 08:08 1064002    /usr/lib/libXnDDK.so
798c8000-798c9000 rwxp 00053000 08:08 1064002    /usr/lib/libXnDDK.so
798c9000-798ed000 r-xp 00000000 08:08 1064005    /usr/lib/libXnFormats.so
798ed000-798ee000 r-xp 00023000 08:08 1064005    /usr/lib/libXnFormats.so
798ee000-798ef000 rwxp 00024000 08:08 1064005    /usr/lib/libXnFormats.so
798ef000-7990f000 rwxp 00000000 00:00 0 
7992b000-799c4000 r-xp 00000000 08:08 1064004    /usr/lib/libXnDeviceSensorV2.so
799c4000-799cd000 r-xp 00098000 08:08 1064004    /usr/lib/libXnDeviceSensorV2.so
799cd000-799ce000 rwxp 000a1000 08:08 1064004    /usr/lib/libXnDeviceSensorV2.so
799ce000-79ab1000 r-xp 00000000 08:08 1064000    /usr/lib/libXnVHandGenerator_1_5_2.so
79ab1000-79ab4000 r-xp 000e3000 08:08 1064000    /usr/lib/libXnVHandGenerator_1_5_2.so
79ab4000-79ab5000 rwxp 000e6000 08:08 1064000    /usr/lib/libXnVHandGenerator_1_5_2.so
79ab5000-79ac1000 rwxp 00000000 00:00 0 
79ac1000-79b96000 r-xp 00000000 08:08 1063997    /usr/lib/libXnVHandGenerator_1_4_2.so
79b96000-79b97000 ---p 000d5000 08:08 1063997    /usr/lib/libXnVHandGenerator_1_4_2.so
79b97000-79b99000 r-xp 000d5000 08:08 1063997    /usr/lib/libXnVHandGenerator_1_4_2.so
79b99000-79b9a000 rwxp 000d7000 08:08 1063997    /usr/lib/libXnVHandGenerator_1_4_2.so
79b9a000-79b9c000 rwxp 00000000 00:00 0 
79b9c000-79c70000 r-xp 00000000 08:08 1063994    /usr/lib/libXnVHandGenerator_1_4_1.so
79c70000-79c71000 ---p 000d4000 08:08 1063994    /usr/lib/libXnVHandGenerator_1_4_1.so
79c71000-79c73000 r-xp 000d4000 08:08 1063994    /usr/lib/libXnVHandGenerator_1_4_1.so
79c73000-79c74000 rwxp 000d6000 08:08 1063994    /usr/lib/libXnVHandGenerator_1_4_1.so
79c74000-79c76000 rwxp 00000000 00:00 0 
79c76000-79d54000 r-xp 00000000 08:08 1063991    /usr/lib/libXnVHandGenerator_1_3_1.so
79d54000-79d57000 r-xp 000dd000 08:08 1063991    /usr/lib/libXnVHandGenerator_1_3_1.so
79d57000-79d58000 rwxp 000e0000 08:08 1063991    /usr/lib/libXnVHandGenerator_1_3_1.so
79d58000-79d5a000 rwxp 00000000 00:00 0 
79d5a000-7a15b000 r-xp 00000000 08:08 1063984    /usr/lib/libXnVFeatures_1_5_2.so
7a15b000-7a15c000 ---p 00401000 08:08 1063984    /usr/lib/libXnVFeatures_1_5_2.so
7a15c000-7a164000 r-xp 00401000 08:08 1063984    /usr/lib/libXnVFeatures_1_5_2.so
7a164000-7a165000 rwxp 00409000 08:08 1063984    /usr/lib/libXnVFeatures_1_5_2.so
7a165000-7a179000 rwxp 00000000 00:00 0 
7a179000-7a360000 r-xp 00000000 08:08 1063973    /usr/lib/libXnVFeatures_1_4_2.so
7a360000-7a363000 r-xp 001e6000 08:08 1063973    /usr/lib/libXnVFeatures_1_4_2.so
7a363000-7a364000 rwxp 001e9000 08:08 1063973    /usr/lib/libXnVFeatures_1_4_2.so
7a364000-7a369000 rwxp 00000000 00:00 0 
7a369000-7a550000 r-xp 00000000 08:08 1063968    /usr/lib/libXnVFeatures_1_4_1.so
7a550000-7a553000 r-xp 001e6000 08:08 1063968    /usr/lib/libXnVFeatures_1_4_1.so
7a553000-7a554000 rwxp 001e9000 08:08 1063968    /usr/lib/libXnVFeatures_1_4_1.so
7a554000-7a559000 rwxp 00000000 00:00 0 
7a559000-7a777000 r-xp 00000000 08:08 1063963    /usr/lib/libXnVFeatures_1_3_1.so
7a777000-7a778000 ---p 0021e000 08:08 1063963    /usr/lib/libXnVFeatures_1_3_1.so
7a778000-7a77b000 r-xp 0021e000 08:08 1063963    /usr/lib/libXnVFeatures_1_3_1.so
7a77b000-7a77c000 rwxp 00221000 08:08 1063963    /usr/lib/libXnVFeatures_1_3_1.so
7a77c000-7a781000 rwxp 00000000 00:00 0 
7a781000-7a7b5000 r-xp 00000000 08:08 1063811    /usr/lib/libnimCodecs.so
7a7b5000-7a7b6000 ---p 00034000 08:08 1063811    /usr/lib/libnimCodecs.so
7a7b6000-7a7b8000 r-xp 00034000 08:08 1063811    /usr/lib/libnimCodecs.so
7a7b8000-7a7b9000 rwxp 00036000 08:08 1063811    /usr/lib/libnimCodecs.so
7a7b9000-7a7d9000 rwxp 00000000 00:00 0 
7a7d9000-7a8b7000 r-xp 00000000 08:08 1056768    /usr/lib/i386-linux-gnu/libstdc++.so.6.0.16
7a8b7000-7a8b8000 ---p 000de000 08:08 1056768    /usr/lib/i386-linux-gnu/libstdc++.so.6.0.16
7a8b8000-7a8bc000 r-xp 000de000 08:08 1056768    /usr/lib/i386-linux-gnu/libstdc++.so.6.0.16
7a8bc000-7a8bd000 rwxp 000e2000 08:08 1056768    /usr/lib/i386-linux-gnu/libstdc++.so.6.0.16
7a8bd000-7a8c4000 rwxp 00000000 00:00 0 
7a8c4000-7a994000 r-xp 00000000 08:08 1063882    /usr/lib/libXnVNite_1_3_1.so
7a994000-7a997000 r-xp 000cf000 08:08 1063882    /usr/lib/libXnVNite_1_3_1.so
7a997000-7a998000 rwxp 000d2000 08:08 1063882    /usr/lib/libXnVNite_1_3_1.so
7a998000-7aa14000 r-xp 00000000 08:08 1063815    /usr/lib/libOpenNI.so
7aa14000-7aa16000 r-xp 0007c000 08:08 1063815    /usr/lib/libOpenNI.so
7aa16000-7aa18000 rwxp 0007e000 08:08 1063815    /usr/lib/libOpenNI.so
7aa18000-7aafa000 r-xp 00000000 08:08 1199735    /home/alejo/Dropbox/code/devices3d/lib/user/SimpleOpenNI/libSimpleOpenNI.so
7aafa000-7aafb000 ---p 000e2000 08:08 1199735    /home/alejo/Dropbox/code/devices3d/lib/user/SimpleOpenNI/libSimpleOpenNI.so
7aafb000-7aafd000 r-xp 000e2000 08:08 1199735    /home/alejo/Dropbox/code/devices3d/lib/user/SimpleOpenNI/libSimpleOpenNI.so
7aafd000-7ab00000 rwxp 000e4000 08:08 1199735    /home/alejo/Dropbox/code/devices3d/lib/user/SimpleOpenNI/libSimpleOpenNI.so
7ab00000-7abba000 rwxp 00000000 00:00 0 
7abba000-7ac00000 ---p 00000000 00:00 0 
7ac01000-7ac24000 r-xp 00000000 08:08 1063813    /usr/lib/libnimRecorder.so
7ac24000-7ac25000 r-xp 00023000 08:08 1063813    /usr/lib/libnimRecorder.so
7ac25000-7ac26000 rwxp 00024000 08:08 1063813    /usr/lib/libnimRecorder.so
7ac26000-7ac57000 r-xp 00000000 08:08 1063812    /usr/lib/libnimMockNodes.so
7ac57000-7ac5d000 r-xp 00031000 08:08 1063812    /usr/lib/libnimMockNodes.so
7ac5d000-7ac5e000 rwxp 00037000 08:08 1063812    /usr/lib/libnimMockNodes.so
7ac5e000-7ac61000 ---p 00000000 00:00 0 
7ac61000-7acaf000 rwxp 00000000 00:00 0 
7acaf000-7acb2000 ---p 00000000 00:00 0 
7acb2000-7ad00000 rwxp 00000000 00:00 0 
7ad00000-7adff000 rwxp 00000000 00:00 0 
7adff000-7ae00000 ---p 00000000 00:00 0 
7ae0d000-7ae10000 ---p 00000000 00:00 0 
7ae10000-7ae5e000 rwxp 00000000 00:00 0 
7ae5e000-7ae61000 ---p 00000000 00:00 0 
7ae61000-7aeaf000 rwxp 00000000 00:00 0 
7aeaf000-7aeb2000 ---p 00000000 00:00 0 
7aeb2000-7af00000 rwxp 00000000 00:00 0 
7af00000-7affb000 rwxp 00000000 00:00 0 
7affb000-7b000000 ---p 00000000 00:00 0 
7b01a000-7b036000 r-xp 00000000 08:08 1573816    /lib/i386-linux-gnu/libgcc_s.so.1
7b036000-7b037000 r-xp 0001b000 08:08 1573816    /lib/i386-linux-gnu/libgcc_s.so.1
7b037000-7b038000 rwxp 0001c000 08:08 1573816    /lib/i386-linux-gnu/libgcc_s.so.1
7b038000-7b039000 r-xs 00000000 08:08 1188895    /var/cache/fontconfig/c05880de57d1f5e948fdfacc138775d9-le32d4.cache-3
7b039000-7b03f000 r-xs 00000000 08:08 1188892    /var/cache/fontconfig/945677eb7aeaf62f1d50efc3fb3ec7d8-le32d4.cache-3
7b03f000-7b041000 r-xs 00000000 08:08 1188893    /var/cache/fontconfig/99e8ed0e538f840c565b6ed5dad60d56-le32d4.cache-3
7b041000-7b044000 r-xs 00000000 08:08 1206717    /var/cache/fontconfig/e383d7ea5fbe662a33d9b44caf393297-le32d4.cache-3
7b044000-7b047000 r-xs 00000000 08:08 1188879    /var/cache/fontconfig/2cd17615ca594fa2959ae173292e504c-le32d4.cache-3
7b047000-7b04b000 r-xs 00000000 08:08 1188894    /var/cache/fontconfig/a755afe4a08bf5b97852ceb7400b47bc-le32d4.cache-3
7b04b000-7b04f000 r-xs 00000000 08:08 1188884    /var/cache/fontconfig/515ca1ebc4b18308bea979be5704f9db-le32d4.cache-3
7b04f000-7b056000 r-xs 00000000 08:08 1188888    /var/cache/fontconfig/6d41288fd70b0be22e8c3a91e032eec0-le32d4.cache-3
7b056000-7b061000 r-xs 00000000 08:08 1188877    /var/cache/fontconfig/0f34bcd4b6ee430af32735b75db7f02b-le32d4.cache-3
7b061000-7b083000 r-xs 00000000 08:08 1206716    /var/cache/fontconfig/365b55f210c0a22e9a19e35191240f32-le32d4.cache-3
7b083000-7b090000 r-xs 00000000 08:08 1188899    /var/cache/fontconfig/d52a8644073d54c13679302ca1180695-le32d4.cache-3
7b090000-7b09e000 r-xs 00000000 08:08 1190496    /var/cache/fontconfig/e13b20fdb08344e0e664864cc2ede53d-le32d4.cache-3
7b0a0000-7b0ab000 r-xp 00000000 08:08 408705     /opt/microchip/mplabx/mplab_ide/mplablibs/modules/lib/libusb-1.0.so.0.0.0
7b0ab000-7b0ac000 rwxp 0000a000 08:08 408705     /opt/microchip/mplabx/mplab_ide/mplablibs/modules/lib/libusb-1.0.so.0.0.0
7b0c7000-7b0c8000 rwxp 00000000 00:00 0 
7b0c8000-7b0cf000 r-xp 00000000 08:08 1181319    /usr/lib/jvm/java-6-sun-1.6.0.26/jre/lib/i386/libnio.so
7b0cf000-7b0d0000 rwxp 00006000 08:08 1181319    /usr/lib/jvm/java-6-sun-1.6.0.26/jre/lib/i386/libnio.so
7b0d0000-7b0d3000 ---p 00000000 00:00 0 
7b0d3000-7b121000 rwxp 00000000 00:00 0 
7b121000-7b124000 ---p 00000000 00:00 0 
7b124000-7b172000 rwxp 00000000 00:00 0 
7b172000-7b176000 r-xp 00000000 08:08 1056426    /usr/lib/i386-linux-gnu/libXfixes.so.3.1.0
7b176000-7b177000 r-xp 00003000 08:08 1056426    /usr/lib/i386-linux-gnu/libXfixes.so.3.1.0
7b177000-7b178000 rwxp 00004000 08:08 1056426    /usr/lib/i386-linux-gnu/libXfixes.so.3.1.0
7b178000-7b181000 r-xp 00000000 08:08 1056446    /usr/lib/i386-linux-gnu/libXrender.so.1.3.0
7b181000-7b182000 r-xp 00008000 08:08 1056446    /usr/lib/i386-linux-gnu/libXrender.so.1.3.0
7b182000-7b183000 rwxp 00009000 08:08 1056446    /usr/lib/i386-linux-gnu/libXrender.so.1.3.0
7b183000-7b18c000 r-xp 00000000 08:08 1056410    /usr/lib/i386-linux-gnu/libXcursor.so.1.0.2
7b18c000-7b18d000 r-xp 00008000 08:08 1056410    /usr/lib/i386-linux-gnu/libXcursor.so.1.0.2
7b18d000-7b18e000 rwxp 00009000 08:08 1056410    /usr/lib/i386-linux-gnu/libXcursor.so.1.0.2
7b18e000-7b191000 r-xp 00000000 08:08 1064001    /usr/lib/libXnCore.so
7b191000-7b192000 r-xp 00002000 08:08 1064001    /usr/lib/libXnCore.so
7b192000-7b193000 rwxp 00003000 08:08 1064001    /usr/lib/libXnCore.so
7b193000-7b194000 r-xp 00000000 08:08 1181308    /usr/lib/jvm/java-6-sun-1.6.0.26/jre/lib/i386/libjawt.so
7b194000-7b195000 rwxp 00000000 08:08 1181308    /usr/lib/jvm/java-6-sun-1.6.0.26/jre/lib/i386/libjawt.so
7b195000-7b1a9000 r-xp 00000000 08:08 1181318    /usr/lib/jvm/java-6-sun-1.6.0.26/jre/lib/i386/libnet.so
7b1a9000-7b1aa000 rwxp 00013000 08:08 1181318    /usr/lib/jvm/java-6-sun-1.6.0.26/jre/lib/i386/libnet.so
7b1aa000-7b1ae000 r-xs 00000000 08:08 1188889    /var/cache/fontconfig/6eb3985aa4124903f6ff08ba781cd364-le32d4.cache-3
7b1ae000-7b1b4000 r-xs 00000000 08:08 1206713    /var/cache/fontconfig/153bb866d4d26e7cd19eee2129f8d8d2-le32d4.cache-3
7b1b4000-7b1b7000 r-xs 00000000 08:08 1206715    /var/cache/fontconfig/7ef2298fde41cc6eeb7af42e48b7d293-le32d4.cache-3
7b1b7000-7b1c5000 r-xs 00000000 08:08 1190505    /var/cache/fontconfig/865f88548240fee46819705c6468c165-le32d4.cache-3
7b1c5000-7b1c8000 ---p 00000000 00:00 0 
7b1c8000-7b216000 rwxp 00000000 00:00 0 
7b216000-7b28f000 r-xp 00000000 08:08 1181295    /usr/lib/jvm/java-6-sun-1.6.0.26/jre/lib/i386/libfontmanager.so
7b28f000-7b299000 rwxp 00078000 08:08 1181295    /usr/lib/jvm/java-6-sun-1.6.0.26/jre/lib/i386/libfontmanager.so
7b299000-7b29e000 rwxp 00000000 00:00 0 
7b29e000-7b2b5000 r-xs 0015b000 08:08 1199687    /home/alejo/Dropbox/code/devices3d/lib/base/core/ant.jar
7b2b5000-7b2d2000 r-xp 00000000 08:08 1056813    /usr/lib/i386-linux-gnu/libxcb.so.1.1.0
7b2d2000-7b2d3000 r-xp 0001c000 08:08 1056813    /usr/lib/i386-linux-gnu/libxcb.so.1.1.0
7b2d3000-7b2d4000 rwxp 0001d000 08:08 1056813    /usr/lib/i386-linux-gnu/libxcb.so.1.1.0
7b2d4000-7b405000 r-xp 00000000 08:08 1056398    /usr/lib/i386-linux-gnu/libX11.so.6.3.0
7b405000-7b406000 ---p 00131000 08:08 1056398    /usr/lib/i386-linux-gnu/libX11.so.6.3.0
7b406000-7b407000 r-xp 00131000 08:08 1056398    /usr/lib/i386-linux-gnu/libX11.so.6.3.0
7b407000-7b409000 rwxp 00132000 08:08 1056398    /usr/lib/i386-linux-gnu/libX11.so.6.3.0
7b409000-7b40a000 rwxp 00000000 00:00 0 
7b40a000-7b44d000 r-xp 00000000 08:08 1181341    /usr/lib/jvm/java-6-sun-1.6.0.26/jre/lib/i386/xawt/libmawt.so
7b44d000-7b44f000 rwxp 00043000 08:08 1181341    /usr/lib/jvm/java-6-sun-1.6.0.26/jre/lib/i386/xawt/libmawt.so
7b44f000-7b450000 rwxp 00000000 00:00 0 
7b450000-7b4d5000 r-xp 00000000 08:08 1181290    /usr/lib/jvm/java-6-sun-1.6.0.26/jre/lib/i386/libawt.so
7b4d5000-7b4dc000 rwxp 00085000 08:08 1181290    /usr/lib/jvm/java-6-sun-1.6.0.26/jre/lib/i386/libawt.so
7b4dc000-7b500000 rwxp 00000000 00:00 0 
7b500000-7b5f8000 rwxp 00000000 00:00 0 
7b5f8000-7b600000 ---p 00000000 00:00 0 
7b600000-7b601000 r-xs 00000000 08:08 1188903    /var/cache/fontconfig/e7071f4a29fa870f4323321c154eba04-le32d4.cache-3
7b601000-7b603000 r-xs 00000000 08:08 1191776    /var/cache/fontconfig/b5ea634b0fb353b8ea17632d1f9ef766-le32d4.cache-3
7b603000-7b611000 r-xp 00000000 08:08 1056434    /usr/lib/i386-linux-gnu/libXi.so.6.1.0
7b611000-7b612000 r-xp 0000d000 08:08 1056434    /usr/lib/i386-linux-gnu/libXi.so.6.1.0
7b612000-7b613000 rwxp 0000e000 08:08 1056434    /usr/lib/i386-linux-gnu/libXi.so.6.1.0
7b613000-7b614000 r-xs 00000000 08:08 1188883    /var/cache/fontconfig/4c73fe0c47614734b17d736dbde7580a-le32d4.cache-3
7b614000-7b615000 r-xs 00000000 08:08 1188876    /var/cache/fontconfig/0d8c3b2ac0904cb8a57a757ad11a4a08-le32d4.cache-3
7b615000-7b618000 r-xs 00000000 08:08 1188900    /var/cache/fontconfig/d60319d88cac85ba9e1a07bd06cfbb8c-le32d4.cache-3
7b618000-7b61b000 r-xs 00017000 08:08 1199756    /home/alejo/Dropbox/code/devices3d/lib/user/proscene/proscene.jar
7b61b000-7b61d000 r-xs 00003000 08:08 1199742    /home/alejo/Dropbox/code/devices3d/lib/user/fullscreen/fullscreen.jar
7b61d000-7b621000 r-xs 00020000 08:08 1199717    /home/alejo/Dropbox/code/devices3d/lib/user/SimpleOpenNI/SimpleOpenNI.jar
7b621000-7b624000 r-xs 00029000 08:08 2123900    /home/alejo/Dropbox/code/devices3d/lib/user/procontroll/procontroll.jar
7b624000-7b62f000 r-xs 00108000 08:08 1326150    /home/alejo/Dropbox/code/devices3d/lib/base/opengl/jogl.jar
7b62f000-7b630000 ---p 00000000 00:00 0 
7b630000-7b6b0000 rwxp 00000000 00:00 0 
7b6b0000-7b6b3000 ---p 00000000 00:00 0 
7b6b3000-7b701000 rwxp 00000000 00:00 0 
7b701000-7b704000 ---p 00000000 00:00 0 
7b704000-7b782000 rwxp 00000000 00:00 0 
7b782000-7b785000 ---p 00000000 00:00 0 
7b785000-7b803000 rwxp 00000000 00:00 0 
7b803000-7b806000 ---p 00000000 00:00 0 
7b806000-7b854000 rwxp 00000000 00:00 0 
7b854000-7b855000 r-xp 00571000 08:08 1057169    /usr/lib/locale/locale-archive
7b855000-7b986000 r-xp 0043d000 08:08 1057169    /usr/lib/locale/locale-archive
7b986000-7b9c6000 r-xp 002bd000 08:08 1057169    /usr/lib/locale/locale-archive
7b9c6000-7bbc6000 r-xp 00000000 08:08 1057169    /usr/lib/locale/locale-archive
7bbc6000-7bbc9000 ---p 00000000 00:00 0 
7bbc9000-7bc17000 rwxp 00000000 00:00 0 
7bc17000-7bc1a000 ---p 00000000 00:00 0 
7bc1a000-7bc68000 rwxp 00000000 00:00 0 
7bc68000-7be00000 r-xs 03029000 08:08 1181157    /usr/lib/jvm/java-6-sun-1.6.0.26/jre/lib/rt.jar
7be00000-7bf00000 rwxp 00000000 00:00 0 
7bf00000-7bf05000 r-xp 00000000 08:08 1056418    /usr/lib/i386-linux-gnu/libXdmcp.so.6.0.0
7bf05000-7bf06000 r-xp 00004000 08:08 1056418    /usr/lib/i386-linux-gnu/libXdmcp.so.6.0.0
7bf06000-7bf07000 rwxp 00005000 08:08 1056418    /usr/lib/i386-linux-gnu/libXdmcp.so.6.0.0
7bf07000-7bf18000 r-xp 00000000 08:08 1056422    /usr/lib/i386-linux-gnu/libXext.so.6.4.0
7bf18000-7bf19000 r-xp 00010000 08:08 1056422    /usr/lib/i386-linux-gnu/libXext.so.6.4.0
7bf19000-7bf1a000 rwxp 00011000 08:08 1056422    /usr/lib/i386-linux-gnu/libXext.so.6.4.0
7bf1a000-7bf1b000 ---p 00000000 00:00 0 
7bf1b000-7bfcf000 rwxp 00000000 00:00 0 
7bfcf000-7bfd0000 ---p 00000000 00:00 0 
7bfd0000-7c050000 rwxp 00000000 00:00 0 
7c050000-7c051000 ---p 00000000 00:00 0 
7c051000-7c0d1000 rwxp 00000000 00:00 0 
7c0d1000-7c0d2000 ---p 00000000 00:00 0 
7c0d2000-7c152000 rwxp 00000000 00:00 0 
7c152000-7c153000 ---p 00000000 00:00 0 
7c153000-7c1db000 rwxp 00000000 00:00 0 
7c1db000-7c1f3000 rwxp 00000000 00:00 0 
7c1f3000-7c205000 rwxp 00000000 00:00 0 
7c205000-7c305000 rwxp 00000000 00:00 0 
7c305000-7c30d000 rwxp 00000000 00:00 0 
7c30d000-7c325000 rwxp 00000000 00:00 0 
7c325000-7c337000 rwxp 00000000 00:00 0 
7c337000-7c436000 rwxp 00000000 00:00 0 
7c436000-7c446000 rwxp 00000000 00:00 0 
7c446000-7c4bf000 rwxp 00000000 00:00 0 
7c4bf000-7d4c0000 rwxp 00000000 00:00 0 
7d4c0000-804c0000 rwxp 00000000 00:00 0 
804c0000-826f0000 rwxp 00000000 00:00 0 
826f0000-a2770000 rwxp 00000000 00:00 0 
a2770000-a4550000 rwxp 00000000 00:00 0 
a4550000-b38c0000 rwxp 00000000 00:00 0 
b38c0000-b38c1000 r-xs 00000000 08:08 1188887    /var/cache/fontconfig/6a53c69dea097a2d716e069445527da8-le32d4.cache-3
b38c1000-b38c3000 r-xs 0002b000 08:08 1199690    /home/alejo/Dropbox/code/devices3d/lib/base/core/core.jar
b38c3000-b38c5000 r-xs 00002000 08:08 1199642    /home/alejo/Dropbox/code/devices3d/lib/base/core/ant-launcher.jar
b38c5000-b38ca000 r-xp 00000000 08:08 1052626    /usr/lib/libXtst.so.6.1.0
b38ca000-b38cb000 r-xp 00004000 08:08 1052626    /usr/lib/libXtst.so.6.1.0
b38cb000-b38cc000 rwxp 00005000 08:08 1052626    /usr/lib/libXtst.so.6.1.0
b38cc000-b38d5000 rwxp 00000000 00:00 0 
b38d5000-b398c000 rwxp 00000000 00:00 0 
b398c000-b3bcc000 rwxp 00000000 00:00 0 
b3bcc000-b698c000 rwxp 00000000 00:00 0 
b698c000-b6997000 r-xp 00000000 08:08 1573836    /lib/i386-linux-gnu/libnss_files-2.13.so
b6997000-b6998000 r-xp 0000a000 08:08 1573836    /lib/i386-linux-gnu/libnss_files-2.13.so
b6998000-b6999000 rwxp 0000b000 08:08 1573836    /lib/i386-linux-gnu/libnss_files-2.13.so
b6999000-b69a3000 r-xp 00000000 08:08 1573840    /lib/i386-linux-gnu/libnss_nis-2.13.so
b69a3000-b69a4000 r-xp 00009000 08:08 1573840    /lib/i386-linux-gnu/libnss_nis-2.13.so
b69a4000-b69a5000 rwxp 0000a000 08:08 1573840    /lib/i386-linux-gnu/libnss_nis-2.13.so
b69a5000-b69ba000 r-xp 00000000 08:08 1573830    /lib/i386-linux-gnu/libnsl-2.13.so
b69ba000-b69bb000 r-xp 00015000 08:08 1573830    /lib/i386-linux-gnu/libnsl-2.13.so
b69bb000-b69bc000 rwxp 00016000 08:08 1573830    /lib/i386-linux-gnu/libnsl-2.13.so
b69bc000-b69be000 rwxp 00000000 00:00 0 
b69be000-b69bf000 r-xs 00000000 08:08 1193307    /var/cache/fontconfig/4794a0821666d79190d59a36cb4f44b5-le32d4.cache-3
b69bf000-b69c0000 r-xs 00004000 08:08 1326149    /home/alejo/Dropbox/code/devices3d/lib/base/opengl/gluegen-rt.jar
b69c0000-b69c1000 r-xs 00003000 08:08 1326148    /home/alejo/Dropbox/code/devices3d/lib/base/opengl/opengl.jar
b69c1000-b69d0000 r-xp 00000000 08:08 1181329    /usr/lib/jvm/java-6-sun-1.6.0.26/jre/lib/i386/libzip.so
b69d0000-b69d2000 rwxp 0000e000 08:08 1181329    /usr/lib/jvm/java-6-sun-1.6.0.26/jre/lib/i386/libzip.so
b69d2000-b69da000 rwxs 00000000 08:08 407531     /tmp/hsperfdata_alejo/5507
b69da000-b69fd000 r-xp 00000000 08:08 1181303    /usr/lib/jvm/java-6-sun-1.6.0.26/jre/lib/i386/libjava.so
b69fd000-b69ff000 rwxp 00023000 08:08 1181303    /usr/lib/jvm/java-6-sun-1.6.0.26/jre/lib/i386/libjava.so
b69ff000-b6a06000 r-xp 00000000 08:08 1573859    /lib/i386-linux-gnu/librt-2.13.so
b6a06000-b6a07000 r-xp 00006000 08:08 1573859    /lib/i386-linux-gnu/librt-2.13.so
b6a07000-b6a08000 rwxp 00007000 08:08 1573859    /lib/i386-linux-gnu/librt-2.13.so
b6a08000-b6a0b000 ---p 00000000 00:00 0 
b6a0b000-b6a59000 rwxp 00000000 00:00 0 
b6a59000-b6a81000 r-xp 00000000 08:08 1573825    /lib/i386-linux-gnu/libm-2.13.so
b6a81000-b6a82000 r-xp 00028000 08:08 1573825    /lib/i386-linux-gnu/libm-2.13.so
b6a82000-b6a83000 rwxp 00029000 08:08 1573825    /lib/i386-linux-gnu/libm-2.13.so
b6a83000-b7235000 r-xp 00000000 08:08 1181340    /usr/lib/jvm/java-6-sun-1.6.0.26/jre/lib/i386/server/libjvm.so
b7235000-b7289000 rwxp 007b1000 08:08 1181340    /usr/lib/jvm/java-6-sun-1.6.0.26/jre/lib/i386/server/libjvm.so
b7289000-b76a8000 rwxp 00000000 00:00 0 
b76a8000-b781e000 r-xp 00000000 08:08 1573795    /lib/i386-linux-gnu/libc-2.13.so
b781e000-b7820000 r-xp 00176000 08:08 1573795    /lib/i386-linux-gnu/libc-2.13.so
b7820000-b7821000 rwxp 00178000 08:08 1573795    /lib/i386-linux-gnu/libc-2.13.so
b7821000-b7824000 rwxp 00000000 00:00 0 
b7824000-b7827000 r-xp 00000000 08:08 1573806    /lib/i386-linux-gnu/libdl-2.13.so
b7827000-b7828000 r-xp 00002000 08:08 1573806    /lib/i386-linux-gnu/libdl-2.13.so
b7828000-b7829000 rwxp 00003000 08:08 1573806    /lib/i386-linux-gnu/libdl-2.13.so
b7829000-b7830000 r-xp 00000000 08:08 1181335    /usr/lib/jvm/java-6-sun-1.6.0.26/jre/lib/i386/jli/libjli.so
b7830000-b7832000 rwxp 00006000 08:08 1181335    /usr/lib/jvm/java-6-sun-1.6.0.26/jre/lib/i386/jli/libjli.so
b7832000-b7833000 rwxp 00000000 00:00 0 
b7833000-b784a000 r-xp 00000000 08:08 1573855    /lib/i386-linux-gnu/libpthread-2.13.so
b784a000-b784b000 r-xp 00016000 08:08 1573855    /lib/i386-linux-gnu/libpthread-2.13.so
b784b000-b784c000 rwxp 00017000 08:08 1573855    /lib/i386-linux-gnu/libpthread-2.13.so
b784c000-b784e000 rwxp 00000000 00:00 0 
b784e000-b7850000 r-xp 00000000 08:08 1056402    /usr/lib/i386-linux-gnu/libXau.so.6.0.0
b7850000-b7851000 r-xp 00001000 08:08 1056402    /usr/lib/i386-linux-gnu/libXau.so.6.0.0
b7851000-b7852000 rwxp 00002000 08:08 1056402    /usr/lib/i386-linux-gnu/libXau.so.6.0.0
b7852000-b785a000 r-xp 00000000 08:08 1573832    /lib/i386-linux-gnu/libnss_compat-2.13.so
b785a000-b785b000 r-xp 00007000 08:08 1573832    /lib/i386-linux-gnu/libnss_compat-2.13.so
b785b000-b785c000 rwxp 00008000 08:08 1573832    /lib/i386-linux-gnu/libnss_compat-2.13.so
b785c000-b785d000 rwxp 00000000 00:00 0 
b785d000-b785e000 r-xp 00000000 00:00 0 
b785e000-b7869000 r-xp 00000000 08:08 1181328    /usr/lib/jvm/java-6-sun-1.6.0.26/jre/lib/i386/libverify.so
b7869000-b786a000 rwxp 0000b000 08:08 1181328    /usr/lib/jvm/java-6-sun-1.6.0.26/jre/lib/i386/libverify.so
b786a000-b786c000 rwxp 00000000 00:00 0 
b786c000-b786d000 r-xp 00000000 00:00 0          [vdso]
b786d000-b788b000 r-xp 00000000 08:08 1573782    /lib/i386-linux-gnu/ld-2.13.so
b788b000-b788c000 r-xp 0001d000 08:08 1573782    /lib/i386-linux-gnu/ld-2.13.so
b788c000-b788d000 rwxp 0001e000 08:08 1573782    /lib/i386-linux-gnu/ld-2.13.so
bfe1b000-bfe3c000 rwxp 00000000 00:00 0          [stack]

VM Arguments:
jvm_args: -Djava.library.path=/home/alejo/Dropbox/code/devices3d/lib/base/opengl:/home/alejo/Dropbox/code/devices3d/lib/base/opengl:/home/alejo/Dropbox/code/devices3d/lib/base/opengl:/home/alejo/Dropbox/code/devices3d/lib/base/core:/home/alejo/Dropbox/code/devices3d/lib/base/core:/home/alejo/Dropbox/code/devices3d/lib/base/core:/home/alejo/Dropbox/code/devices3d/lib/user/procontroll:/home/alejo/Dropbox/code/devices3d/lib/user/SimpleOpenNI:/home/alejo/Dropbox/code/devices3d/lib/user/fullscreen:/home/alejo/Dropbox/code/devices3d/lib/user/proscene -Djava.security.policy=java.policy.applet -Dfile.encoding=UTF-8 
java_command: sun.applet.AppletViewer devices3d.Devices3d1333674809549.html
Launcher Type: SUN_STANDARD

Environment Variables:
PATH=/opt/microchip/mplabc32/v2.02/bin:/opt/microchip/mplabc30/v3.30c/bin:/usr/lib/lightdm/lightdm:/usr/local/sbin:/usr/local/bin:/usr/sbin:/usr/bin:/sbin:/bin:/usr/games
USERNAME=alejo
LD_LIBRARY_PATH=/usr/lib/jvm/java-6-sun-1.6.0.26/jre/lib/i386/server:/usr/lib/jvm/java-6-sun-1.6.0.26/jre/lib/i386:/usr/lib/jvm/java-6-sun-1.6.0.26/jre/../lib/i386:/usr/lib/jvm/java-6-sun-1.6.0.26/jre/lib/i386/client:/usr/lib/jvm/java-6-sun-1.6.0.26/jre/lib/i386:
SHELL=/bin/bash
DISPLAY=:0.0

Signal Handlers:
SIGSEGV: [libjvm.so+0x725510], sa_mask[0]=0x7ffbfeff, sa_flags=0x10000004
SIGBUS: [libjvm.so+0x725510], sa_mask[0]=0x7ffbfeff, sa_flags=0x10000004
SIGFPE: [libjvm.so+0x5dff20], sa_mask[0]=0x7ffbfeff, sa_flags=0x10000004
SIGPIPE: [libjvm.so+0x5dff20], sa_mask[0]=0x7ffbfeff, sa_flags=0x10000004
SIGXFSZ: [libjvm.so+0x5dff20], sa_mask[0]=0x7ffbfeff, sa_flags=0x10000004
SIGILL: [libjvm.so+0x5dff20], sa_mask[0]=0x7ffbfeff, sa_flags=0x10000004
SIGUSR1: SIG_DFL, sa_mask[0]=0x00000000, sa_flags=0x00000000
SIGUSR2: [libjvm.so+0x5e3160], sa_mask[0]=0x00000004, sa_flags=0x10000004
SIGHUP: [libjvm.so+0x5e2d40], sa_mask[0]=0x7ffbfeff, sa_flags=0x10000004
SIGINT: [libjvm.so+0x5e2d40], sa_mask[0]=0x7ffbfeff, sa_flags=0x10000004
SIGTERM: [libjvm.so+0x5e2d40], sa_mask[0]=0x7ffbfeff, sa_flags=0x10000004
SIGQUIT: [libjvm.so+0x5e2d40], sa_mask[0]=0x7ffbfeff, sa_flags=0x10000004


---------------  S Y S T E M  ---------------

OS:wheezy/sid

uname:Linux 3.0.0-12-generic #20-Ubuntu SMP Fri Oct 7 14:50:42 UTC 2011 i686
libc:glibc 2.13 NPTL 2.13 
rlimit: STACK 8192k, CORE 0k, NPROC 26110, NOFILE 4096, AS infinity
load average:0.21 0.15 0.14

/proc/meminfo:
MemTotal:        3356112 kB
MemFree:          627852 kB
Buffers:          269512 kB
Cached:          1004332 kB
SwapCached:            0 kB
Active:          1445380 kB
Inactive:         924604 kB
Active(anon):    1098624 kB
Inactive(anon):    11376 kB
Active(file):     346756 kB
Inactive(file):   913228 kB
Unevictable:          16 kB
Mlocked:              16 kB
HighTotal:       2497096 kB
HighFree:         180404 kB
LowTotal:         859016 kB
LowFree:          447448 kB
SwapTotal:      14645240 kB
SwapFree:       14645240 kB
Dirty:               540 kB
Writeback:             0 kB
AnonPages:       1096228 kB
Mapped:           325988 kB
Shmem:             13800 kB
Slab:              93880 kB
SReclaimable:      72796 kB
SUnreclaim:        21084 kB
KernelStack:        4312 kB
PageTables:        20288 kB
NFS_Unstable:          0 kB
Bounce:                0 kB
WritebackTmp:          0 kB
CommitLimit:    16323296 kB
Committed_AS:    4102512 kB
VmallocTotal:     122880 kB
VmallocUsed:       59252 kB
VmallocChunk:      58104 kB
HardwareCorrupted:     0 kB
AnonHugePages:         0 kB
HugePages_Total:       0
HugePages_Free:        0
HugePages_Rsvd:        0
HugePages_Surp:        0
Hugepagesize:       4096 kB
DirectMap4k:       12280 kB
DirectMap4M:      897024 kB


CPU:total 4 (4 cores per cpu, 1 threads per core) family 16 model 4 stepping 3, cmov, cx8, fxsr, mmx, sse, sse2, sse3, popcnt, mmxext, 3dnow, 3dnowext, lzcnt, sse4a

/proc/cpuinfo:
processor	: 0
vendor_id	: AuthenticAMD
cpu family	: 16
model		: 4
model name	: AMD Phenom(tm) II X4 945 Processor
stepping	: 3
cpu MHz		: 3010.822
cache size	: 512 KB
physical id	: 0
siblings	: 4
core id		: 0
cpu cores	: 4
apicid		: 0
initial apicid	: 0
fdiv_bug	: no
hlt_bug		: no
f00f_bug	: no
coma_bug	: no
fpu		: yes
fpu_exception	: yes
cpuid level	: 5
wp		: yes
flags		: fpu vme de pse tsc msr pae mce cx8 apic mtrr pge mca cmov pat pse36 clflush mmx fxsr sse sse2 ht syscall nx mmxext fxsr_opt pdpe1gb rdtscp lm 3dnowext 3dnow constant_tsc nonstop_tsc extd_apicid pni monitor cx16 popcnt lahf_lm cmp_legacy svm extapic cr8_legacy abm sse4a misalignsse 3dnowprefetch osvw ibs skinit wdt npt lbrv svm_lock nrip_save
bogomips	: 6021.64
clflush size	: 64
cache_alignment	: 64
address sizes	: 48 bits physical, 48 bits virtual
power management: ts ttp tm stc 100mhzsteps hwpstate

processor	: 1
vendor_id	: AuthenticAMD
cpu family	: 16
model		: 4
model name	: AMD Phenom(tm) II X4 945 Processor
stepping	: 3
cpu MHz		: 3010.822
cache size	: 512 KB
physical id	: 0
siblings	: 4
core id		: 1
cpu cores	: 4
apicid		: 1
initial apicid	: 1
fdiv_bug	: no
hlt_bug		: no
f00f_bug	: no
coma_bug	: no
fpu		: yes
fpu_exception	: yes
cpuid level	: 5
wp		: yes
flags		: fpu vme de pse tsc msr pae mce cx8 apic mtrr pge mca cmov pat pse36 clflush mmx fxsr sse sse2 ht syscall nx mmxext fxsr_opt pdpe1gb rdtscp lm 3dnowext 3dnow constant_tsc nonstop_tsc extd_apicid pni monitor cx16 popcnt lahf_lm cmp_legacy svm extapic cr8_legacy abm sse4a misalignsse 3dnowprefetch osvw ibs skinit wdt npt lbrv svm_lock nrip_save
bogomips	: 6020.55
clflush size	: 64
cache_alignment	: 64
address sizes	: 48 bits physical, 48 bits virtual
power management: ts ttp tm stc 100mhzsteps hwpstate

processor	: 2
vendor_id	: AuthenticAMD
cpu family	: 16
model		: 4
model name	: AMD Phenom(tm) II X4 945 Processor
stepping	: 3
cpu MHz		: 3010.822
cache size	: 512 KB
physical id	: 0
siblings	: 4
core id		: 2
cpu cores	: 4
apicid		: 2
initial apicid	: 2
fdiv_bug	: no
hlt_bug		: no
f00f_bug	: no
coma_bug	: no
fpu		: yes
fpu_exception	: yes
cpuid level	: 5
wp		: yes
flags		: fpu vme de pse tsc msr pae mce cx8 apic mtrr pge mca cmov pat pse36 clflush mmx fxsr sse sse2 ht syscall nx mmxext fxsr_opt pdpe1gb rdtscp lm 3dnowext 3dnow constant_tsc nonstop_tsc extd_apicid pni monitor cx16 popcnt lahf_lm cmp_legacy svm extapic cr8_legacy abm sse4a misalignsse 3dnowprefetch osvw ibs skinit wdt npt lbrv svm_lock nrip_save
bogomips	: 6020.55
clflush size	: 64
cache_alignment	: 64
address sizes	: 48 bits physical, 48 bits virtual
power management: ts ttp tm stc 100mhzsteps hwpstate

processor	: 3
vendor_id	: AuthenticAMD
cpu family	: 16
model		: 4
model name	: AMD Phenom(tm) II X4 945 Processor
stepping	: 3
cpu MHz		: 3010.822
cache size	: 512 KB
physical id	: 0
siblings	: 4
core id		: 3
cpu cores	: 4
apicid		: 3
initial apicid	: 3
fdiv_bug	: no
hlt_bug		: no
f00f_bug	: no
coma_bug	: no
fpu		: yes
fpu_exception	: yes
cpuid level	: 5
wp		: yes
flags		: fpu vme de pse tsc msr pae mce cx8 apic mtrr pge mca cmov pat pse36 clflush mmx fxsr sse sse2 ht syscall nx mmxext fxsr_opt pdpe1gb rdtscp lm 3dnowext 3dnow constant_tsc nonstop_tsc extd_apicid pni monitor cx16 popcnt lahf_lm cmp_legacy svm extapic cr8_legacy abm sse4a misalignsse 3dnowprefetch osvw ibs skinit wdt npt lbrv svm_lock nrip_save
bogomips	: 6020.55
clflush size	: 64
cache_alignment	: 64
address sizes	: 48 bits physical, 48 bits virtual
power management: ts ttp tm stc 100mhzsteps hwpstate



Memory: 4k page, physical 3356112k(627852k free), swap 14645240k(14645240k free)

vm_info: Java HotSpot(TM) Server VM (20.1-b02) for linux-x86 JRE (1.6.0_26-b03), built on May  4 2011 01:04:10 by "java_re" with gcc 3.2.1-7a (J2SE release)

time: Thu Apr  5 20:13:30 2012
elapsed time: 0 seconds

