#
# A fatal error has been detected by the Java Runtime Environment:
#
#  SIGSEGV (0xb) at pc=0x7ab7887d, pid=7133, tid=2060450672
#
# JRE version: 6.0_26-b03
# Java VM: Java HotSpot(TM) Server VM (20.1-b02 mixed mode linux-x86 )
# Problematic frame:
# C  [libOpenNI.so+0x3187d]  long long+0x1d
#
# If you would like to submit a bug report, please visit:
#   http://java.sun.com/webapps/bugreport/crash.jsp
# The crash happened outside the Java Virtual Machine in native code.
# See problematic frame for where to report the bug.
#

---------------  T H R E A D  ---------------

Current thread (0x08e02400):  JavaThread "Animation Thread" [_thread_in_native, id=7159, stack(0x7acaf000,0x7ad00000)]

siginfo:si_signo=SIGSEGV: si_errno=0, si_code=1 (SEGV_MAPERR), si_addr=0x00000000

Registers:
EAX=0x00000000, EBX=0x7abc4ff4, ECX=0x08c84ef0, EDX=0x7ac6e377
ESP=0x7acfed10, EBP=0x7acfed58, ESI=0x7cc8c078, EDI=0x00000000
EIP=0x7ab7887d, EFLAGS=0x00010212, CR2=0x00000000

Top of Stack: (sp=0x7acfed10)
0x7acfed10:   08e02e68 00000000 00000001 00000005
0x7acfed20:   00000000 7abc7000 7abdd85c 000e6878
0x7acfed30:   7ab49f2c 7acabff4 7cc8c078 08e02400
0x7acfed40:   7acfed98 b784bc30 7ac6e377 7acabff4
0x7acfed50:   7cc8c078 08e02400 7acfed98 7ac6e34b
0x7acfed60:   00000000 7ac6e377 7ac6e400 08c84ef8
0x7acfed70:   08c84f04 7acabff4 7cc8c078 08e02400
0x7acfed80:   7acfedd8 b784bc30 08c84ef8 00000000 

Instructions: (pc=0x7ab7887d)
0x7ab7885d:   74 26 00 55 89 e5 83 ec 48 89 7d fc 8b 7d 08 89
0x7ab7886d:   5d f4 89 75 f8 e8 f0 cc fd ff 81 c3 7d c7 04 00
0x7ab7887d:   8b 07 8b 48 08 85 c9 75 12 b8 12 00 01 00 8b 5d
0x7ab7888d:   f4 8b 75 f8 8b 7d fc 89 ec 5d c3 8b 40 04 8b 00 

Register to memory mapping:

EAX=0x00000000 is an unknown value
EBX=0x7abc4ff4: <offset 0x7dff4> in /usr/lib/libOpenNI.so at 0x7ab47000
ECX=0x08c84ef0 is an unknown value
EDX=0x7ac6e377: _ZN2xn16GestureGenerator25GestureRecognizedCallbackEP18XnInternalNodeDataPKcPK10XnVector3DS7_Pv+0 in /home/alejo/Dropbox/code/devices3d/lib/user/SimpleOpenNI/libSimpleOpenNI.so at 0x7abc7000
ESP=0x7acfed10 is pointing into the stack for thread: 0x08e02400
EBP=0x7acfed58 is pointing into the stack for thread: 0x08e02400
ESI=0x7cc8c078 is an oop
{method} 
 - klass: {other class}
EDI=0x00000000 is an unknown value


Stack: [0x7acaf000,0x7ad00000],  sp=0x7acfed10,  free space=319k
Native frames: (J=compiled Java code, j=interpreted, Vv=VM code, C=native code)
C  [libOpenNI.so+0x3187d]  long long+0x1d
C  [libSimpleOpenNI.so+0xa734b]  xn::GestureGenerator::RegisterGestureCallbacks(void (*)(xn::GestureGenerator&, char const*, XnVector3D const*, XnVector3D const*, void*), void (*)(xn::GestureGenerator&, char const*, XnVector3D const*, float, void*), void*, void*&)+0x81
C  [libSimpleOpenNI.so+0xa2697]  sOpenNI::ContextWrapper::createGesture(bool)+0xf5
C  [libSimpleOpenNI.so+0xa273e]  sOpenNI::ContextWrapper::enableGesture()+0x7a
C  [libSimpleOpenNI.so+0x85256]  Java_SimpleOpenNI_SimpleOpenNIJNI_ContextWrapper_1enableGestureSwigExplicitContextWrapper+0x3c
j  SimpleOpenNI.SimpleOpenNIJNI.ContextWrapper_enableGestureSwigExplicitContextWrapper(JLSimpleOpenNI/ContextWrapper;)Z+0
j  SimpleOpenNI.ContextWrapper.enableGesture()Z+26
j  SimpleOpenNI.SimpleOpenNI.enableGesture()Z+1
j  remixlab.devices.Kinect.<init>(Lprocessing/core/PApplet;)V+36
j  devices3d.Devices3d.setup()V+30
j  processing.core.PApplet.handleDraw()V+65
j  processing.core.PApplet.run()V+72
j  java.lang.Thread.run()V+11
v  ~StubRoutines::call_stub
V  [libjvm.so+0x3dff01]  JavaCalls::call_helper(JavaValue*, methodHandle*, JavaCallArguments*, Thread*)+0x1c1
V  [libjvm.so+0x5e1298]  os::os_exception_wrapper(void (*)(JavaValue*, methodHandle*, JavaCallArguments*, Thread*), JavaValue*, methodHandle*, JavaCallArguments*, Thread*)+0x18
V  [libjvm.so+0x3df775]  JavaCalls::call_virtual(JavaValue*, KlassHandle, symbolHandle, symbolHandle, JavaCallArguments*, Thread*)+0xc5
V  [libjvm.so+0x3df838]  JavaCalls::call_virtual(JavaValue*, Handle, KlassHandle, symbolHandle, symbolHandle, Thread*)+0x58
V  [libjvm.so+0x4642d7]  thread_entry(JavaThread*, Thread*)+0xa7
V  [libjvm.so+0x6e16bf]  JavaThread::run()+0x11f
V  [libjvm.so+0x5e2aee]  java_start(Thread*)+0x14e
C  [libpthread.so.0+0x6d31]  short+0xd1

Java frames: (J=compiled Java code, j=interpreted, Vv=VM code)
j  SimpleOpenNI.SimpleOpenNIJNI.ContextWrapper_enableGestureSwigExplicitContextWrapper(JLSimpleOpenNI/ContextWrapper;)Z+0
j  SimpleOpenNI.ContextWrapper.enableGesture()Z+26
j  SimpleOpenNI.SimpleOpenNI.enableGesture()Z+1
j  remixlab.devices.Kinect.<init>(Lprocessing/core/PApplet;)V+36
j  devices3d.Devices3d.setup()V+30
j  processing.core.PApplet.handleDraw()V+65
j  processing.core.PApplet.run()V+72
j  java.lang.Thread.run()V+11
v  ~StubRoutines::call_stub

---------------  P R O C E S S  ---------------

Java Threads: ( => current thread )
=>0x08e02400 JavaThread "Animation Thread" [_thread_in_native, id=7159, stack(0x7acaf000,0x7ad00000)]
  0x08b27400 JavaThread "AWT-EventQueue-1" [_thread_blocked, id=7158, stack(0x7ae0d000,0x7ae5e000)]
  0x7bef7400 JavaThread "DestroyJavaVM" [_thread_blocked, id=7138, stack(0xb69d3000,0xb6a24000)]
  0x08d83800 JavaThread "AWT-EventQueue-0" [_thread_blocked, id=7156, stack(0x7ae5e000,0x7aeaf000)]
  0x08d89800 JavaThread "AWT-Shutdown" [_thread_blocked, id=7155, stack(0x7aeaf000,0x7af00000)]
  0x08d7ac00 JavaThread "thread applet-devices3d.Devices3d.class" [_thread_blocked, id=7154, stack(0x7b0af000,0x7b100000)]
  0x08d4b800 JavaThread "AWT-XAWT" daemon [_thread_in_native, id=7152, stack(0x7b100000,0x7b151000)]
  0x08bce800 JavaThread "Java2D Disposer" daemon [_thread_blocked, id=7151, stack(0x7b331000,0x7b382000)]
  0x08b38800 JavaThread "Low Memory Detector" daemon [_thread_blocked, id=7149, stack(0x7b68d000,0x7b6de000)]
  0x7bea9400 JavaThread "C2 CompilerThread1" daemon [_thread_blocked, id=7148, stack(0x7b6de000,0x7b75f000)]
  0x7bea7400 JavaThread "C2 CompilerThread0" daemon [_thread_blocked, id=7147, stack(0x7b75f000,0x7b7e0000)]
  0x7bea5c00 JavaThread "Signal Dispatcher" daemon [_thread_blocked, id=7146, stack(0x7b7e0000,0x7b831000)]
  0x7be97800 JavaThread "Finalizer" daemon [_thread_blocked, id=7145, stack(0x7bf4e000,0x7bf9f000)]
  0x7be96000 JavaThread "Reference Handler" daemon [_thread_blocked, id=7144, stack(0x7bb62000,0x7bbb3000)]

Other Threads:
  0x7be92400 VMThread [stack: 0x7bbb3000,0x7bc34000] [id=7143]
  0x08b42800 WatcherThread [stack: 0x7b60c000,0x7b68d000] [id=7150]

VM state:not at safepoint (normal execution)

VM Mutex/Monitor currently owned by a thread: None

Heap
 PSYoungGen      total 15296K, used 12009K [0xa2740000, 0xa3850000, 0xb3890000)
  eden space 13120K, 91% used [0xa2740000,0xa32fa6a8,0xa3410000)
  from space 2176K, 0% used [0xa3630000,0xa3630000,0xa3850000)
  to   space 2176K, 0% used [0xa3410000,0xa3410000,0xa3630000)
 PSOldGen        total 35008K, used 0K [0x80490000, 0x826c0000, 0xa2740000)
  object space 35008K, 0% used [0x80490000,0x80490000,0x826c0000)
 PSPermGen       total 16384K, used 8291K [0x7c490000, 0x7d490000, 0x80490000)
  object space 16384K, 50% used [0x7c490000,0x7cca8ed0,0x7d490000)

Code Cache  [0xb3957000, 0xb3b97000, 0xb6957000)
 total_blobs=332 nmethods=44 adapters=243 free_code_cache=49868096 largest_free_block=11776

Dynamic libraries:
08048000-08052000 r-xp 00000000 08:08 1181081    /usr/lib/jvm/java-6-sun-1.6.0.26/jre/bin/java
08052000-08053000 rwxp 00009000 08:08 1181081    /usr/lib/jvm/java-6-sun-1.6.0.26/jre/bin/java
08b21000-08ef3000 rwxp 00000000 00:00 0          [heap]
7940a000-79493000 r-xp 00000000 08:08 1070238    /usr/lib/libXnDeviceSensorV2KM.so
79493000-7949c000 r-xp 00088000 08:08 1070238    /usr/lib/libXnDeviceSensorV2KM.so
7949c000-7949d000 rwxp 00091000 08:08 1070238    /usr/lib/libXnDeviceSensorV2KM.so
7949d000-7957d000 r-xp 00000000 08:08 1064091    /usr/lib/libXnVHandGenerator_1_5_0.so
7957d000-79580000 r-xp 000df000 08:08 1064091    /usr/lib/libXnVHandGenerator_1_5_0.so
79580000-79581000 rwxp 000e2000 08:08 1064091    /usr/lib/libXnVHandGenerator_1_5_0.so
79581000-7958d000 rwxp 00000000 00:00 0 
7958d000-79980000 r-xp 00000000 08:08 1064087    /usr/lib/libXnVFeatures_1_5_0.so
79980000-79981000 ---p 003f3000 08:08 1064087    /usr/lib/libXnVFeatures_1_5_0.so
79981000-79989000 r-xp 003f3000 08:08 1064087    /usr/lib/libXnVFeatures_1_5_0.so
79989000-7998a000 rwxp 003fb000 08:08 1064087    /usr/lib/libXnVFeatures_1_5_0.so
7998a000-7999e000 rwxp 00000000 00:00 0 
7999e000-799cb000 r-xp 00000000 08:08 1064003    /usr/lib/libXnDeviceFile.so
799cb000-799cc000 r-xp 0002d000 08:08 1064003    /usr/lib/libXnDeviceFile.so
799cc000-799cd000 rwxp 0002e000 08:08 1064003    /usr/lib/libXnDeviceFile.so
799cd000-79a1f000 r-xp 00000000 08:08 1064002    /usr/lib/libXnDDK.so
79a1f000-79a21000 r-xp 00051000 08:08 1064002    /usr/lib/libXnDDK.so
79a21000-79a22000 rwxp 00053000 08:08 1064002    /usr/lib/libXnDDK.so
79a22000-79a46000 r-xp 00000000 08:08 1064005    /usr/lib/libXnFormats.so
79a46000-79a47000 r-xp 00023000 08:08 1064005    /usr/lib/libXnFormats.so
79a47000-79a48000 rwxp 00024000 08:08 1064005    /usr/lib/libXnFormats.so
79a48000-79a68000 rwxp 00000000 00:00 0 
79a84000-79b1d000 r-xp 00000000 08:08 1064004    /usr/lib/libXnDeviceSensorV2.so
79b1d000-79b26000 r-xp 00098000 08:08 1064004    /usr/lib/libXnDeviceSensorV2.so
79b26000-79b27000 rwxp 000a1000 08:08 1064004    /usr/lib/libXnDeviceSensorV2.so
79b27000-79c0a000 r-xp 00000000 08:08 1064000    /usr/lib/libXnVHandGenerator_1_5_2.so
79c0a000-79c0d000 r-xp 000e3000 08:08 1064000    /usr/lib/libXnVHandGenerator_1_5_2.so
79c0d000-79c0e000 rwxp 000e6000 08:08 1064000    /usr/lib/libXnVHandGenerator_1_5_2.so
79c0e000-79c1a000 rwxp 00000000 00:00 0 
79c1a000-79cef000 r-xp 00000000 08:08 1063997    /usr/lib/libXnVHandGenerator_1_4_2.so
79cef000-79cf0000 ---p 000d5000 08:08 1063997    /usr/lib/libXnVHandGenerator_1_4_2.so
79cf0000-79cf2000 r-xp 000d5000 08:08 1063997    /usr/lib/libXnVHandGenerator_1_4_2.so
79cf2000-79cf3000 rwxp 000d7000 08:08 1063997    /usr/lib/libXnVHandGenerator_1_4_2.so
79cf3000-79cf5000 rwxp 00000000 00:00 0 
79cf5000-79dc9000 r-xp 00000000 08:08 1063994    /usr/lib/libXnVHandGenerator_1_4_1.so
79dc9000-79dca000 ---p 000d4000 08:08 1063994    /usr/lib/libXnVHandGenerator_1_4_1.so
79dca000-79dcc000 r-xp 000d4000 08:08 1063994    /usr/lib/libXnVHandGenerator_1_4_1.so
79dcc000-79dcd000 rwxp 000d6000 08:08 1063994    /usr/lib/libXnVHandGenerator_1_4_1.so
79dcd000-79dcf000 rwxp 00000000 00:00 0 
79dcf000-79ead000 r-xp 00000000 08:08 1063991    /usr/lib/libXnVHandGenerator_1_3_1.so
79ead000-79eb0000 r-xp 000dd000 08:08 1063991    /usr/lib/libXnVHandGenerator_1_3_1.so
79eb0000-79eb1000 rwxp 000e0000 08:08 1063991    /usr/lib/libXnVHandGenerator_1_3_1.so
79eb1000-79eb3000 rwxp 00000000 00:00 0 
79eb3000-7a2b4000 r-xp 00000000 08:08 1063984    /usr/lib/libXnVFeatures_1_5_2.so
7a2b4000-7a2b5000 ---p 00401000 08:08 1063984    /usr/lib/libXnVFeatures_1_5_2.so
7a2b5000-7a2bd000 r-xp 00401000 08:08 1063984    /usr/lib/libXnVFeatures_1_5_2.so
7a2bd000-7a2be000 rwxp 00409000 08:08 1063984    /usr/lib/libXnVFeatures_1_5_2.so
7a2be000-7a2d2000 rwxp 00000000 00:00 0 
7a2d2000-7a4b9000 r-xp 00000000 08:08 1063973    /usr/lib/libXnVFeatures_1_4_2.so
7a4b9000-7a4bc000 r-xp 001e6000 08:08 1063973    /usr/lib/libXnVFeatures_1_4_2.so
7a4bc000-7a4bd000 rwxp 001e9000 08:08 1063973    /usr/lib/libXnVFeatures_1_4_2.so
7a4bd000-7a4c2000 rwxp 00000000 00:00 0 
7a4c2000-7a6a9000 r-xp 00000000 08:08 1063968    /usr/lib/libXnVFeatures_1_4_1.so
7a6a9000-7a6ac000 r-xp 001e6000 08:08 1063968    /usr/lib/libXnVFeatures_1_4_1.so
7a6ac000-7a6ad000 rwxp 001e9000 08:08 1063968    /usr/lib/libXnVFeatures_1_4_1.so
7a6ad000-7a6b2000 rwxp 00000000 00:00 0 
7a6b2000-7a8d0000 r-xp 00000000 08:08 1063963    /usr/lib/libXnVFeatures_1_3_1.so
7a8d0000-7a8d1000 ---p 0021e000 08:08 1063963    /usr/lib/libXnVFeatures_1_3_1.so
7a8d1000-7a8d4000 r-xp 0021e000 08:08 1063963    /usr/lib/libXnVFeatures_1_3_1.so
7a8d4000-7a8d5000 rwxp 00221000 08:08 1063963    /usr/lib/libXnVFeatures_1_3_1.so
7a8d5000-7a8da000 rwxp 00000000 00:00 0 
7a8da000-7a90e000 r-xp 00000000 08:08 1063811    /usr/lib/libnimCodecs.so
7a90e000-7a90f000 ---p 00034000 08:08 1063811    /usr/lib/libnimCodecs.so
7a90f000-7a911000 r-xp 00034000 08:08 1063811    /usr/lib/libnimCodecs.so
7a911000-7a912000 rwxp 00036000 08:08 1063811    /usr/lib/libnimCodecs.so
7a912000-7a932000 rwxp 00000000 00:00 0 
7a932000-7a963000 r-xp 00000000 08:08 1063812    /usr/lib/libnimMockNodes.so
7a963000-7a969000 r-xp 00031000 08:08 1063812    /usr/lib/libnimMockNodes.so
7a969000-7a96a000 rwxp 00037000 08:08 1063812    /usr/lib/libnimMockNodes.so
7a96a000-7a986000 r-xp 00000000 08:08 1573816    /lib/i386-linux-gnu/libgcc_s.so.1
7a986000-7a987000 r-xp 0001b000 08:08 1573816    /lib/i386-linux-gnu/libgcc_s.so.1
7a987000-7a988000 rwxp 0001c000 08:08 1573816    /lib/i386-linux-gnu/libgcc_s.so.1
7a988000-7aa66000 r-xp 00000000 08:08 1056768    /usr/lib/i386-linux-gnu/libstdc++.so.6.0.16
7aa66000-7aa67000 ---p 000de000 08:08 1056768    /usr/lib/i386-linux-gnu/libstdc++.so.6.0.16
7aa67000-7aa6b000 r-xp 000de000 08:08 1056768    /usr/lib/i386-linux-gnu/libstdc++.so.6.0.16
7aa6b000-7aa6c000 rwxp 000e2000 08:08 1056768    /usr/lib/i386-linux-gnu/libstdc++.so.6.0.16
7aa6c000-7aa73000 rwxp 00000000 00:00 0 
7aa73000-7ab43000 r-xp 00000000 08:08 1063882    /usr/lib/libXnVNite_1_3_1.so
7ab43000-7ab46000 r-xp 000cf000 08:08 1063882    /usr/lib/libXnVNite_1_3_1.so
7ab46000-7ab47000 rwxp 000d2000 08:08 1063882    /usr/lib/libXnVNite_1_3_1.so
7ab47000-7abc3000 r-xp 00000000 08:08 1063815    /usr/lib/libOpenNI.so
7abc3000-7abc5000 r-xp 0007c000 08:08 1063815    /usr/lib/libOpenNI.so
7abc5000-7abc7000 rwxp 0007e000 08:08 1063815    /usr/lib/libOpenNI.so
7abc7000-7aca9000 r-xp 00000000 08:08 1588310    /home/alejo/Dropbox/code/devices3d/lib/user/SimpleOpenNI/libSimpleOpenNI.so
7aca9000-7acaa000 ---p 000e2000 08:08 1588310    /home/alejo/Dropbox/code/devices3d/lib/user/SimpleOpenNI/libSimpleOpenNI.so
7acaa000-7acac000 r-xp 000e2000 08:08 1588310    /home/alejo/Dropbox/code/devices3d/lib/user/SimpleOpenNI/libSimpleOpenNI.so
7acac000-7acaf000 rwxp 000e4000 08:08 1588310    /home/alejo/Dropbox/code/devices3d/lib/user/SimpleOpenNI/libSimpleOpenNI.so
7acaf000-7acb2000 ---p 00000000 00:00 0 
7acb2000-7ad00000 rwxp 00000000 00:00 0 
7ad00000-7adf3000 rwxp 00000000 00:00 0 
7adf3000-7ae00000 ---p 00000000 00:00 0 
7ae0d000-7ae10000 ---p 00000000 00:00 0 
7ae10000-7ae5e000 rwxp 00000000 00:00 0 
7ae5e000-7ae61000 ---p 00000000 00:00 0 
7ae61000-7aeaf000 rwxp 00000000 00:00 0 
7aeaf000-7aeb2000 ---p 00000000 00:00 0 
7aeb2000-7af00000 rwxp 00000000 00:00 0 
7af00000-7b000000 rwxp 00000000 00:00 0 
7b009000-7b014000 r-xp 00000000 08:08 408705     /opt/microchip/mplabx/mplab_ide/mplablibs/modules/lib/libusb-1.0.so.0.0.0
7b014000-7b015000 rwxp 0000a000 08:08 408705     /opt/microchip/mplabx/mplab_ide/mplablibs/modules/lib/libusb-1.0.so.0.0.0
7b015000-7b016000 r-xs 00000000 08:08 1188895    /var/cache/fontconfig/c05880de57d1f5e948fdfacc138775d9-le32d4.cache-3
7b016000-7b01c000 r-xs 00000000 08:08 1188892    /var/cache/fontconfig/945677eb7aeaf62f1d50efc3fb3ec7d8-le32d4.cache-3
7b01c000-7b01e000 r-xs 00000000 08:08 1188893    /var/cache/fontconfig/99e8ed0e538f840c565b6ed5dad60d56-le32d4.cache-3
7b01e000-7b021000 r-xs 00000000 08:08 1206717    /var/cache/fontconfig/e383d7ea5fbe662a33d9b44caf393297-le32d4.cache-3
7b021000-7b024000 r-xs 00000000 08:08 1188879    /var/cache/fontconfig/2cd17615ca594fa2959ae173292e504c-le32d4.cache-3
7b024000-7b025000 r-xs 00000000 08:08 1188903    /var/cache/fontconfig/e7071f4a29fa870f4323321c154eba04-le32d4.cache-3
7b025000-7b027000 r-xs 00000000 08:08 1191776    /var/cache/fontconfig/b5ea634b0fb353b8ea17632d1f9ef766-le32d4.cache-3
7b027000-7b02b000 r-xs 00000000 08:08 1188889    /var/cache/fontconfig/6eb3985aa4124903f6ff08ba781cd364-le32d4.cache-3
7b02b000-7b02f000 r-xs 00000000 08:08 1188894    /var/cache/fontconfig/a755afe4a08bf5b97852ceb7400b47bc-le32d4.cache-3
7b02f000-7b033000 r-xs 00000000 08:08 1188884    /var/cache/fontconfig/515ca1ebc4b18308bea979be5704f9db-le32d4.cache-3
7b033000-7b03a000 r-xs 00000000 08:08 1188888    /var/cache/fontconfig/6d41288fd70b0be22e8c3a91e032eec0-le32d4.cache-3
7b03a000-7b045000 r-xs 00000000 08:08 1188877    /var/cache/fontconfig/0f34bcd4b6ee430af32735b75db7f02b-le32d4.cache-3
7b045000-7b067000 r-xs 00000000 08:08 1206716    /var/cache/fontconfig/365b55f210c0a22e9a19e35191240f32-le32d4.cache-3
7b067000-7b074000 r-xs 00000000 08:08 1188899    /var/cache/fontconfig/d52a8644073d54c13679302ca1180695-le32d4.cache-3
7b074000-7b082000 r-xs 00000000 08:08 1190496    /var/cache/fontconfig/e13b20fdb08344e0e664864cc2ede53d-le32d4.cache-3
7b082000-7b0a5000 r-xp 00000000 08:08 1063813    /usr/lib/libnimRecorder.so
7b0a5000-7b0a6000 r-xp 00023000 08:08 1063813    /usr/lib/libnimRecorder.so
7b0a6000-7b0a7000 rwxp 00024000 08:08 1063813    /usr/lib/libnimRecorder.so
7b0a7000-7b0ae000 r-xp 00000000 08:08 1181319    /usr/lib/jvm/java-6-sun-1.6.0.26/jre/lib/i386/libnio.so
7b0ae000-7b0af000 rwxp 00006000 08:08 1181319    /usr/lib/jvm/java-6-sun-1.6.0.26/jre/lib/i386/libnio.so
7b0af000-7b0b2000 ---p 00000000 00:00 0 
7b0b2000-7b100000 rwxp 00000000 00:00 0 
7b100000-7b103000 ---p 00000000 00:00 0 
7b103000-7b151000 rwxp 00000000 00:00 0 
7b151000-7b15a000 r-xp 00000000 08:08 1056410    /usr/lib/i386-linux-gnu/libXcursor.so.1.0.2
7b15a000-7b15b000 r-xp 00008000 08:08 1056410    /usr/lib/i386-linux-gnu/libXcursor.so.1.0.2
7b15b000-7b15c000 rwxp 00009000 08:08 1056410    /usr/lib/i386-linux-gnu/libXcursor.so.1.0.2
7b15e000-7b161000 r-xp 00000000 08:08 1064001    /usr/lib/libXnCore.so
7b161000-7b162000 r-xp 00002000 08:08 1064001    /usr/lib/libXnCore.so
7b162000-7b163000 rwxp 00003000 08:08 1064001    /usr/lib/libXnCore.so
7b163000-7b177000 r-xp 00000000 08:08 1181318    /usr/lib/jvm/java-6-sun-1.6.0.26/jre/lib/i386/libnet.so
7b177000-7b178000 rwxp 00013000 08:08 1181318    /usr/lib/jvm/java-6-sun-1.6.0.26/jre/lib/i386/libnet.so
7b178000-7b1f1000 r-xp 00000000 08:08 1181295    /usr/lib/jvm/java-6-sun-1.6.0.26/jre/lib/i386/libfontmanager.so
7b1f1000-7b1fb000 rwxp 00078000 08:08 1181295    /usr/lib/jvm/java-6-sun-1.6.0.26/jre/lib/i386/libfontmanager.so
7b1fb000-7b200000 rwxp 00000000 00:00 0 
7b200000-7b2fd000 rwxp 00000000 00:00 0 
7b2fd000-7b300000 ---p 00000000 00:00 0 
7b302000-7b303000 rwxp 00000000 00:00 0 
7b303000-7b304000 r-xp 00000000 08:08 1181308    /usr/lib/jvm/java-6-sun-1.6.0.26/jre/lib/i386/libjawt.so
7b304000-7b305000 rwxp 00000000 08:08 1181308    /usr/lib/jvm/java-6-sun-1.6.0.26/jre/lib/i386/libjawt.so
7b305000-7b309000 r-xp 00000000 08:08 1056426    /usr/lib/i386-linux-gnu/libXfixes.so.3.1.0
7b309000-7b30a000 r-xp 00003000 08:08 1056426    /usr/lib/i386-linux-gnu/libXfixes.so.3.1.0
7b30a000-7b30b000 rwxp 00004000 08:08 1056426    /usr/lib/i386-linux-gnu/libXfixes.so.3.1.0
7b30b000-7b314000 r-xp 00000000 08:08 1056446    /usr/lib/i386-linux-gnu/libXrender.so.1.3.0
7b314000-7b315000 r-xp 00008000 08:08 1056446    /usr/lib/i386-linux-gnu/libXrender.so.1.3.0
7b315000-7b316000 rwxp 00009000 08:08 1056446    /usr/lib/i386-linux-gnu/libXrender.so.1.3.0
7b316000-7b317000 r-xs 00000000 08:08 1188883    /var/cache/fontconfig/4c73fe0c47614734b17d736dbde7580a-le32d4.cache-3
7b317000-7b31a000 r-xs 00000000 08:08 1188900    /var/cache/fontconfig/d60319d88cac85ba9e1a07bd06cfbb8c-le32d4.cache-3
7b31a000-7b320000 r-xs 00000000 08:08 1206713    /var/cache/fontconfig/153bb866d4d26e7cd19eee2129f8d8d2-le32d4.cache-3
7b320000-7b323000 r-xs 00000000 08:08 1206715    /var/cache/fontconfig/7ef2298fde41cc6eeb7af42e48b7d293-le32d4.cache-3
7b323000-7b331000 r-xs 00000000 08:08 1190505    /var/cache/fontconfig/865f88548240fee46819705c6468c165-le32d4.cache-3
7b331000-7b334000 ---p 00000000 00:00 0 
7b334000-7b382000 rwxp 00000000 00:00 0 
7b382000-7b39f000 r-xp 00000000 08:08 1056813    /usr/lib/i386-linux-gnu/libxcb.so.1.1.0
7b39f000-7b3a0000 r-xp 0001c000 08:08 1056813    /usr/lib/i386-linux-gnu/libxcb.so.1.1.0
7b3a0000-7b3a1000 rwxp 0001d000 08:08 1056813    /usr/lib/i386-linux-gnu/libxcb.so.1.1.0
7b3a1000-7b3af000 r-xp 00000000 08:08 1056434    /usr/lib/i386-linux-gnu/libXi.so.6.1.0
7b3af000-7b3b0000 r-xp 0000d000 08:08 1056434    /usr/lib/i386-linux-gnu/libXi.so.6.1.0
7b3b0000-7b3b1000 rwxp 0000e000 08:08 1056434    /usr/lib/i386-linux-gnu/libXi.so.6.1.0
7b3b1000-7b4e2000 r-xp 00000000 08:08 1056398    /usr/lib/i386-linux-gnu/libX11.so.6.3.0
7b4e2000-7b4e3000 ---p 00131000 08:08 1056398    /usr/lib/i386-linux-gnu/libX11.so.6.3.0
7b4e3000-7b4e4000 r-xp 00131000 08:08 1056398    /usr/lib/i386-linux-gnu/libX11.so.6.3.0
7b4e4000-7b4e6000 rwxp 00132000 08:08 1056398    /usr/lib/i386-linux-gnu/libX11.so.6.3.0
7b4e6000-7b4e7000 rwxp 00000000 00:00 0 
7b4e7000-7b4f8000 r-xp 00000000 08:08 1056422    /usr/lib/i386-linux-gnu/libXext.so.6.4.0
7b4f8000-7b4f9000 r-xp 00010000 08:08 1056422    /usr/lib/i386-linux-gnu/libXext.so.6.4.0
7b4f9000-7b4fa000 rwxp 00011000 08:08 1056422    /usr/lib/i386-linux-gnu/libXext.so.6.4.0
7b4fa000-7b4fb000 r-xs 00000000 08:08 1188876    /var/cache/fontconfig/0d8c3b2ac0904cb8a57a757ad11a4a08-le32d4.cache-3
7b4fb000-7b4ff000 r-xs 00020000 08:08 1588311    /home/alejo/Dropbox/code/devices3d/lib/user/SimpleOpenNI/SimpleOpenNI.jar
7b4ff000-7b516000 r-xs 0015b000 08:08 1588306    /home/alejo/Dropbox/code/devices3d/lib/base/core/ant.jar
7b516000-7b559000 r-xp 00000000 08:08 1181341    /usr/lib/jvm/java-6-sun-1.6.0.26/jre/lib/i386/xawt/libmawt.so
7b559000-7b55b000 rwxp 00043000 08:08 1181341    /usr/lib/jvm/java-6-sun-1.6.0.26/jre/lib/i386/xawt/libmawt.so
7b55b000-7b55c000 rwxp 00000000 00:00 0 
7b55c000-7b5e1000 r-xp 00000000 08:08 1181290    /usr/lib/jvm/java-6-sun-1.6.0.26/jre/lib/i386/libawt.so
7b5e1000-7b5e8000 rwxp 00085000 08:08 1181290    /usr/lib/jvm/java-6-sun-1.6.0.26/jre/lib/i386/libawt.so
7b5e8000-7b60c000 rwxp 00000000 00:00 0 
7b60c000-7b60d000 ---p 00000000 00:00 0 
7b60d000-7b68d000 rwxp 00000000 00:00 0 
7b68d000-7b690000 ---p 00000000 00:00 0 
7b690000-7b6de000 rwxp 00000000 00:00 0 
7b6de000-7b6e1000 ---p 00000000 00:00 0 
7b6e1000-7b75f000 rwxp 00000000 00:00 0 
7b75f000-7b762000 ---p 00000000 00:00 0 
7b762000-7b7e0000 rwxp 00000000 00:00 0 
7b7e0000-7b7e3000 ---p 00000000 00:00 0 
7b7e3000-7b831000 rwxp 00000000 00:00 0 
7b831000-7b962000 r-xp 0043d000 08:08 1057169    /usr/lib/locale/locale-archive
7b962000-7bb62000 r-xp 00000000 08:08 1057169    /usr/lib/locale/locale-archive
7bb62000-7bb65000 ---p 00000000 00:00 0 
7bb65000-7bbb3000 rwxp 00000000 00:00 0 
7bbb3000-7bbb4000 ---p 00000000 00:00 0 
7bbb4000-7bc68000 rwxp 00000000 00:00 0 
7bc68000-7be00000 r-xs 03029000 08:08 1181157    /usr/lib/jvm/java-6-sun-1.6.0.26/jre/lib/rt.jar
7be00000-7bef9000 rwxp 00000000 00:00 0 
7bef9000-7bf00000 ---p 00000000 00:00 0 
7bf00000-7bf03000 r-xs 00017000 08:08 1588322    /home/alejo/Dropbox/code/devices3d/lib/user/proscene/proscene.jar
7bf03000-7bf08000 r-xp 00000000 08:08 1056418    /usr/lib/i386-linux-gnu/libXdmcp.so.6.0.0
7bf08000-7bf09000 r-xp 00004000 08:08 1056418    /usr/lib/i386-linux-gnu/libXdmcp.so.6.0.0
7bf09000-7bf0a000 rwxp 00005000 08:08 1056418    /usr/lib/i386-linux-gnu/libXdmcp.so.6.0.0
7bf0a000-7bf0c000 r-xp 00000000 08:08 1056402    /usr/lib/i386-linux-gnu/libXau.so.6.0.0
7bf0c000-7bf0d000 r-xp 00001000 08:08 1056402    /usr/lib/i386-linux-gnu/libXau.so.6.0.0
7bf0d000-7bf0e000 rwxp 00002000 08:08 1056402    /usr/lib/i386-linux-gnu/libXau.so.6.0.0
7bf0e000-7bf4e000 r-xp 002bd000 08:08 1057169    /usr/lib/locale/locale-archive
7bf4e000-7bf51000 ---p 00000000 00:00 0 
7bf51000-7bf9f000 rwxp 00000000 00:00 0 
7bf9f000-7bfa0000 ---p 00000000 00:00 0 
7bfa0000-7c020000 rwxp 00000000 00:00 0 
7c020000-7c021000 ---p 00000000 00:00 0 
7c021000-7c0a1000 rwxp 00000000 00:00 0 
7c0a1000-7c0a2000 ---p 00000000 00:00 0 
7c0a2000-7c122000 rwxp 00000000 00:00 0 
7c122000-7c123000 ---p 00000000 00:00 0 
7c123000-7c1ab000 rwxp 00000000 00:00 0 
7c1ab000-7c1c3000 rwxp 00000000 00:00 0 
7c1c3000-7c1d5000 rwxp 00000000 00:00 0 
7c1d5000-7c2d5000 rwxp 00000000 00:00 0 
7c2d5000-7c2dd000 rwxp 00000000 00:00 0 
7c2dd000-7c2f5000 rwxp 00000000 00:00 0 
7c2f5000-7c307000 rwxp 00000000 00:00 0 
7c307000-7c406000 rwxp 00000000 00:00 0 
7c406000-7c40f000 rwxp 00000000 00:00 0 
7c40f000-7c48f000 rwxp 00000000 00:00 0 
7c48f000-7d490000 rwxp 00000000 00:00 0 
7d490000-80490000 rwxp 00000000 00:00 0 
80490000-826c0000 rwxp 00000000 00:00 0 
826c0000-a2740000 rwxp 00000000 00:00 0 
a2740000-a3850000 rwxp 00000000 00:00 0 
a3850000-b3890000 rwxp 00000000 00:00 0 
b3890000-b3895000 r-xp 00000000 08:08 1052626    /usr/lib/libXtst.so.6.1.0
b3895000-b3896000 r-xp 00004000 08:08 1052626    /usr/lib/libXtst.so.6.1.0
b3896000-b3897000 rwxp 00005000 08:08 1052626    /usr/lib/libXtst.so.6.1.0
b3897000-b38a0000 rwxp 00000000 00:00 0 
b38a0000-b3957000 rwxp 00000000 00:00 0 
b3957000-b3b97000 rwxp 00000000 00:00 0 
b3b97000-b6957000 rwxp 00000000 00:00 0 
b6957000-b6962000 r-xp 00000000 08:08 1573836    /lib/i386-linux-gnu/libnss_files-2.13.so
b6962000-b6963000 r-xp 0000a000 08:08 1573836    /lib/i386-linux-gnu/libnss_files-2.13.so
b6963000-b6964000 rwxp 0000b000 08:08 1573836    /lib/i386-linux-gnu/libnss_files-2.13.so
b6964000-b696e000 r-xp 00000000 08:08 1573840    /lib/i386-linux-gnu/libnss_nis-2.13.so
b696e000-b696f000 r-xp 00009000 08:08 1573840    /lib/i386-linux-gnu/libnss_nis-2.13.so
b696f000-b6970000 rwxp 0000a000 08:08 1573840    /lib/i386-linux-gnu/libnss_nis-2.13.so
b6970000-b6985000 r-xp 00000000 08:08 1573830    /lib/i386-linux-gnu/libnsl-2.13.so
b6985000-b6986000 r-xp 00015000 08:08 1573830    /lib/i386-linux-gnu/libnsl-2.13.so
b6986000-b6987000 rwxp 00016000 08:08 1573830    /lib/i386-linux-gnu/libnsl-2.13.so
b6987000-b6989000 rwxp 00000000 00:00 0 
b6989000-b698a000 r-xs 00000000 08:08 1188887    /var/cache/fontconfig/6a53c69dea097a2d716e069445527da8-le32d4.cache-3
b698a000-b698c000 r-xs 0002b000 08:08 1588308    /home/alejo/Dropbox/code/devices3d/lib/base/core/core.jar
b698c000-b699b000 r-xp 00000000 08:08 1181329    /usr/lib/jvm/java-6-sun-1.6.0.26/jre/lib/i386/libzip.so
b699b000-b699d000 rwxp 0000e000 08:08 1181329    /usr/lib/jvm/java-6-sun-1.6.0.26/jre/lib/i386/libzip.so
b699d000-b69a5000 rwxs 00000000 08:08 411632     /tmp/hsperfdata_alejo/7133
b69a5000-b69c8000 r-xp 00000000 08:08 1181303    /usr/lib/jvm/java-6-sun-1.6.0.26/jre/lib/i386/libjava.so
b69c8000-b69ca000 rwxp 00023000 08:08 1181303    /usr/lib/jvm/java-6-sun-1.6.0.26/jre/lib/i386/libjava.so
b69ca000-b69d1000 r-xp 00000000 08:08 1573859    /lib/i386-linux-gnu/librt-2.13.so
b69d1000-b69d2000 r-xp 00006000 08:08 1573859    /lib/i386-linux-gnu/librt-2.13.so
b69d2000-b69d3000 rwxp 00007000 08:08 1573859    /lib/i386-linux-gnu/librt-2.13.so
b69d3000-b69d6000 ---p 00000000 00:00 0 
b69d6000-b6a24000 rwxp 00000000 00:00 0 
b6a24000-b6a4c000 r-xp 00000000 08:08 1573825    /lib/i386-linux-gnu/libm-2.13.so
b6a4c000-b6a4d000 r-xp 00028000 08:08 1573825    /lib/i386-linux-gnu/libm-2.13.so
b6a4d000-b6a4e000 rwxp 00029000 08:08 1573825    /lib/i386-linux-gnu/libm-2.13.so
b6a4e000-b7200000 r-xp 00000000 08:08 1181340    /usr/lib/jvm/java-6-sun-1.6.0.26/jre/lib/i386/server/libjvm.so
b7200000-b7254000 rwxp 007b1000 08:08 1181340    /usr/lib/jvm/java-6-sun-1.6.0.26/jre/lib/i386/server/libjvm.so
b7254000-b7673000 rwxp 00000000 00:00 0 
b7673000-b77e9000 r-xp 00000000 08:08 1573795    /lib/i386-linux-gnu/libc-2.13.so
b77e9000-b77eb000 r-xp 00176000 08:08 1573795    /lib/i386-linux-gnu/libc-2.13.so
b77eb000-b77ec000 rwxp 00178000 08:08 1573795    /lib/i386-linux-gnu/libc-2.13.so
b77ec000-b77ef000 rwxp 00000000 00:00 0 
b77ef000-b77f2000 r-xp 00000000 08:08 1573806    /lib/i386-linux-gnu/libdl-2.13.so
b77f2000-b77f3000 r-xp 00002000 08:08 1573806    /lib/i386-linux-gnu/libdl-2.13.so
b77f3000-b77f4000 rwxp 00003000 08:08 1573806    /lib/i386-linux-gnu/libdl-2.13.so
b77f4000-b77fb000 r-xp 00000000 08:08 1181335    /usr/lib/jvm/java-6-sun-1.6.0.26/jre/lib/i386/jli/libjli.so
b77fb000-b77fd000 rwxp 00006000 08:08 1181335    /usr/lib/jvm/java-6-sun-1.6.0.26/jre/lib/i386/jli/libjli.so
b77fd000-b77fe000 rwxp 00000000 00:00 0 
b77fe000-b7815000 r-xp 00000000 08:08 1573855    /lib/i386-linux-gnu/libpthread-2.13.so
b7815000-b7816000 r-xp 00016000 08:08 1573855    /lib/i386-linux-gnu/libpthread-2.13.so
b7816000-b7817000 rwxp 00017000 08:08 1573855    /lib/i386-linux-gnu/libpthread-2.13.so
b7817000-b7819000 rwxp 00000000 00:00 0 
b7819000-b781a000 r-xs 00000000 08:08 1193307    /var/cache/fontconfig/4794a0821666d79190d59a36cb4f44b5-le32d4.cache-3
b781a000-b781c000 r-xs 00002000 08:08 1588307    /home/alejo/Dropbox/code/devices3d/lib/base/core/ant-launcher.jar
b781c000-b781d000 r-xp 00571000 08:08 1057169    /usr/lib/locale/locale-archive
b781d000-b7825000 r-xp 00000000 08:08 1573832    /lib/i386-linux-gnu/libnss_compat-2.13.so
b7825000-b7826000 r-xp 00007000 08:08 1573832    /lib/i386-linux-gnu/libnss_compat-2.13.so
b7826000-b7827000 rwxp 00008000 08:08 1573832    /lib/i386-linux-gnu/libnss_compat-2.13.so
b7827000-b7828000 rwxp 00000000 00:00 0 
b7828000-b7829000 r-xp 00000000 00:00 0 
b7829000-b7834000 r-xp 00000000 08:08 1181328    /usr/lib/jvm/java-6-sun-1.6.0.26/jre/lib/i386/libverify.so
b7834000-b7835000 rwxp 0000b000 08:08 1181328    /usr/lib/jvm/java-6-sun-1.6.0.26/jre/lib/i386/libverify.so
b7835000-b7837000 rwxp 00000000 00:00 0 
b7837000-b7838000 r-xp 00000000 00:00 0          [vdso]
b7838000-b7856000 r-xp 00000000 08:08 1573782    /lib/i386-linux-gnu/ld-2.13.so
b7856000-b7857000 r-xp 0001d000 08:08 1573782    /lib/i386-linux-gnu/ld-2.13.so
b7857000-b7858000 rwxp 0001e000 08:08 1573782    /lib/i386-linux-gnu/ld-2.13.so
bfca3000-bfcc4000 rwxp 00000000 00:00 0          [stack]

VM Arguments:
jvm_args: -Djava.library.path=/home/alejo/Dropbox/code/devices3d/lib/base/core:/home/alejo/Dropbox/code/devices3d/lib/base/core:/home/alejo/Dropbox/code/devices3d/lib/base/core:/home/alejo/Dropbox/code/devices3d/lib/user/SimpleOpenNI:/home/alejo/Dropbox/code/devices3d/lib/user/proscene -Djava.security.policy=java.policy.applet -Dfile.encoding=UTF-8 
java_command: sun.applet.AppletViewer devices3d.Devices3d1333402897711.html
Launcher Type: SUN_STANDARD

Environment Variables:
PATH=/opt/microchip/mplabc32/v2.02/bin:/opt/microchip/mplabc30/v3.30c/bin:/usr/lib/lightdm/lightdm:/usr/local/sbin:/usr/local/bin:/usr/sbin:/usr/bin:/sbin:/bin:/usr/games
USERNAME=alejo
LD_LIBRARY_PATH=/usr/lib/jvm/java-6-sun-1.6.0.26/jre/lib/i386/server:/usr/lib/jvm/java-6-sun-1.6.0.26/jre/lib/i386:/usr/lib/jvm/java-6-sun-1.6.0.26/jre/../lib/i386:/usr/lib/jvm/java-6-sun-1.6.0.26/jre/lib/i386/client:/usr/lib/jvm/java-6-sun-1.6.0.26/jre/lib/i386:
SHELL=/bin/bash
DISPLAY=:0.0

Signal Handlers:
SIGSEGV: [libjvm.so+0x725510], sa_mask[0]=0x7ffbfeff, sa_flags=0x10000004
SIGBUS: [libjvm.so+0x725510], sa_mask[0]=0x7ffbfeff, sa_flags=0x10000004
SIGFPE: [libjvm.so+0x5dff20], sa_mask[0]=0x7ffbfeff, sa_flags=0x10000004
SIGPIPE: [libjvm.so+0x5dff20], sa_mask[0]=0x7ffbfeff, sa_flags=0x10000004
SIGXFSZ: [libjvm.so+0x5dff20], sa_mask[0]=0x7ffbfeff, sa_flags=0x10000004
SIGILL: [libjvm.so+0x5dff20], sa_mask[0]=0x7ffbfeff, sa_flags=0x10000004
SIGUSR1: SIG_DFL, sa_mask[0]=0x00000000, sa_flags=0x00000000
SIGUSR2: [libjvm.so+0x5e3160], sa_mask[0]=0x00000004, sa_flags=0x10000004
SIGHUP: [libjvm.so+0x5e2d40], sa_mask[0]=0x7ffbfeff, sa_flags=0x10000004
SIGINT: [libjvm.so+0x5e2d40], sa_mask[0]=0x7ffbfeff, sa_flags=0x10000004
SIGTERM: [libjvm.so+0x5e2d40], sa_mask[0]=0x7ffbfeff, sa_flags=0x10000004
SIGQUIT: [libjvm.so+0x5e2d40], sa_mask[0]=0x7ffbfeff, sa_flags=0x10000004


---------------  S Y S T E M  ---------------

OS:wheezy/sid

uname:Linux 3.0.0-12-generic #20-Ubuntu SMP Fri Oct 7 14:50:42 UTC 2011 i686
libc:glibc 2.13 NPTL 2.13 
rlimit: STACK 8192k, CORE 0k, NPROC 26110, NOFILE 4096, AS infinity
load average:0.08 0.03 0.05

/proc/meminfo:
MemTotal:        3356112 kB
MemFree:          198916 kB
Buffers:          345892 kB
Cached:           697344 kB
SwapCached:         6148 kB
Active:          1875732 kB
Inactive:         876120 kB
Active(anon):    1346948 kB
Inactive(anon):   385800 kB
Active(file):     528784 kB
Inactive(file):   490320 kB
Unevictable:          16 kB
Mlocked:              16 kB
HighTotal:       2497096 kB
HighFree:          31108 kB
LowTotal:         859016 kB
LowFree:          167808 kB
SwapTotal:      14645240 kB
SwapFree:       14540676 kB
Dirty:               428 kB
Writeback:             0 kB
AnonPages:       1703656 kB
Mapped:           266508 kB
Shmem:             24084 kB
Slab:              84596 kB
SReclaimable:      63472 kB
SUnreclaim:        21124 kB
KernelStack:        4712 kB
PageTables:        21460 kB
NFS_Unstable:          0 kB
Bounce:                0 kB
WritebackTmp:          0 kB
CommitLimit:    16323296 kB
Committed_AS:    4843840 kB
VmallocTotal:     122880 kB
VmallocUsed:       59184 kB
VmallocChunk:      58104 kB
HardwareCorrupted:     0 kB
AnonHugePages:         0 kB
HugePages_Total:       0
HugePages_Free:        0
HugePages_Rsvd:        0
HugePages_Surp:        0
Hugepagesize:       4096 kB
DirectMap4k:       12280 kB
DirectMap4M:      897024 kB


CPU:total 4 (4 cores per cpu, 1 threads per core) family 16 model 4 stepping 3, cmov, cx8, fxsr, mmx, sse, sse2, sse3, popcnt, mmxext, 3dnow, 3dnowext, lzcnt, sse4a

/proc/cpuinfo:
processor	: 0
vendor_id	: AuthenticAMD
cpu family	: 16
model		: 4
model name	: AMD Phenom(tm) II X4 945 Processor
stepping	: 3
cpu MHz		: 3010.708
cache size	: 512 KB
physical id	: 0
siblings	: 4
core id		: 0
cpu cores	: 4
apicid		: 0
initial apicid	: 0
fdiv_bug	: no
hlt_bug		: no
f00f_bug	: no
coma_bug	: no
fpu		: yes
fpu_exception	: yes
cpuid level	: 5
wp		: yes
flags		: fpu vme de pse tsc msr pae mce cx8 apic mtrr pge mca cmov pat pse36 clflush mmx fxsr sse sse2 ht syscall nx mmxext fxsr_opt pdpe1gb rdtscp lm 3dnowext 3dnow constant_tsc nonstop_tsc extd_apicid pni monitor cx16 popcnt lahf_lm cmp_legacy svm extapic cr8_legacy abm sse4a misalignsse 3dnowprefetch osvw ibs skinit wdt npt lbrv svm_lock nrip_save
bogomips	: 6021.41
clflush size	: 64
cache_alignment	: 64
address sizes	: 48 bits physical, 48 bits virtual
power management: ts ttp tm stc 100mhzsteps hwpstate

processor	: 1
vendor_id	: AuthenticAMD
cpu family	: 16
model		: 4
model name	: AMD Phenom(tm) II X4 945 Processor
stepping	: 3
cpu MHz		: 3010.708
cache size	: 512 KB
physical id	: 0
siblings	: 4
core id		: 1
cpu cores	: 4
apicid		: 1
initial apicid	: 1
fdiv_bug	: no
hlt_bug		: no
f00f_bug	: no
coma_bug	: no
fpu		: yes
fpu_exception	: yes
cpuid level	: 5
wp		: yes
flags		: fpu vme de pse tsc msr pae mce cx8 apic mtrr pge mca cmov pat pse36 clflush mmx fxsr sse sse2 ht syscall nx mmxext fxsr_opt pdpe1gb rdtscp lm 3dnowext 3dnow constant_tsc nonstop_tsc extd_apicid pni monitor cx16 popcnt lahf_lm cmp_legacy svm extapic cr8_legacy abm sse4a misalignsse 3dnowprefetch osvw ibs skinit wdt npt lbrv svm_lock nrip_save
bogomips	: 6020.55
clflush size	: 64
cache_alignment	: 64
address sizes	: 48 bits physical, 48 bits virtual
power management: ts ttp tm stc 100mhzsteps hwpstate

processor	: 2
vendor_id	: AuthenticAMD
cpu family	: 16
model		: 4
model name	: AMD Phenom(tm) II X4 945 Processor
stepping	: 3
cpu MHz		: 3010.708
cache size	: 512 KB
physical id	: 0
siblings	: 4
core id		: 2
cpu cores	: 4
apicid		: 2
initial apicid	: 2
fdiv_bug	: no
hlt_bug		: no
f00f_bug	: no
coma_bug	: no
fpu		: yes
fpu_exception	: yes
cpuid level	: 5
wp		: yes
flags		: fpu vme de pse tsc msr pae mce cx8 apic mtrr pge mca cmov pat pse36 clflush mmx fxsr sse sse2 ht syscall nx mmxext fxsr_opt pdpe1gb rdtscp lm 3dnowext 3dnow constant_tsc nonstop_tsc extd_apicid pni monitor cx16 popcnt lahf_lm cmp_legacy svm extapic cr8_legacy abm sse4a misalignsse 3dnowprefetch osvw ibs skinit wdt npt lbrv svm_lock nrip_save
bogomips	: 6020.54
clflush size	: 64
cache_alignment	: 64
address sizes	: 48 bits physical, 48 bits virtual
power management: ts ttp tm stc 100mhzsteps hwpstate

processor	: 3
vendor_id	: AuthenticAMD
cpu family	: 16
model		: 4
model name	: AMD Phenom(tm) II X4 945 Processor
stepping	: 3
cpu MHz		: 3010.708
cache size	: 512 KB
physical id	: 0
siblings	: 4
core id		: 3
cpu cores	: 4
apicid		: 3
initial apicid	: 3
fdiv_bug	: no
hlt_bug		: no
f00f_bug	: no
coma_bug	: no
fpu		: yes
fpu_exception	: yes
cpuid level	: 5
wp		: yes
flags		: fpu vme de pse tsc msr pae mce cx8 apic mtrr pge mca cmov pat pse36 clflush mmx fxsr sse sse2 ht syscall nx mmxext fxsr_opt pdpe1gb rdtscp lm 3dnowext 3dnow constant_tsc nonstop_tsc extd_apicid pni monitor cx16 popcnt lahf_lm cmp_legacy svm extapic cr8_legacy abm sse4a misalignsse 3dnowprefetch osvw ibs skinit wdt npt lbrv svm_lock nrip_save
bogomips	: 6020.55
clflush size	: 64
cache_alignment	: 64
address sizes	: 48 bits physical, 48 bits virtual
power management: ts ttp tm stc 100mhzsteps hwpstate



Memory: 4k page, physical 3356112k(198916k free), swap 14645240k(14540676k free)

vm_info: Java HotSpot(TM) Server VM (20.1-b02) for linux-x86 JRE (1.6.0_26-b03), built on May  4 2011 01:04:10 by "java_re" with gcc 3.2.1-7a (J2SE release)

time: Mon Apr  2 16:41:38 2012
elapsed time: 0 seconds

