#
# A fatal error has been detected by the Java Runtime Environment:
#
#  SIGSEGV (0xb) at pc=0x7a7cbd5a, pid=7352, tid=2058021744
#
# JRE version: 6.0_26-b03
# Java VM: Java HotSpot(TM) Server VM (20.1-b02 mixed mode linux-x86 )
# Problematic frame:
# C  [libOpenNI.so+0x33d5a]  long long+0x1a
#
# If you would like to submit a bug report, please visit:
#   http://java.sun.com/webapps/bugreport/crash.jsp
# The crash happened outside the Java Virtual Machine in native code.
# See problematic frame for where to report the bug.
#

---------------  T H R E A D  ---------------

Current thread (0x09d5a400):  JavaThread "Animation Thread" [_thread_in_native, id=7378, stack(0x7aa5e000,0x7aaaf000)]

siginfo:si_signo=SIGSEGV: si_errno=0, si_code=1 (SEGV_MAPERR), si_addr=0x00000000

Registers:
EAX=0x00000000, EBX=0x7a815ff4, ECX=0x00000001, EDX=0x7a9014d8
ESP=0x7aaadbc0, EBP=0x7aaadbe8, ESI=0x00000000, EDI=0x09d5a400
EIP=0x7a7cbd5a, EFLAGS=0x00010202, CR2=0x00000000

Top of Stack: (sp=0x7aaadbc0)
0x7aaadbc0:   7a79adec 7a8fcff4 7cb78cb8 09d5a400
0x7aaadbd0:   7aaadc08 b7733c30 7a9014d8 7a7cbd40
0x7aaadbe0:   7a8fcff4 7cb78cb8 7aaadc08 7a8b298c
0x7aaadbf0:   00000000 7a9014d8 7a9014d8 7a8b2966
0x7aaadc00:   7a901468 7a8fcff4 7aaadc38 7a8b96f1
0x7aaadc10:   7a901468 7a9014d8 00000000 00000000
0x7aaadc20:   7aaadc58 b7733c30 09d5a400 7a8b9601
0x7aaadc30:   7a8fcff4 7cb78cb8 7aaadc58 7a8b9825 

Instructions: (pc=0x7a7cbd5a)
0x7a7cbd3a:   bc 27 00 00 00 00 55 89 e5 83 ec 28 89 75 fc 8b
0x7a7cbd4a:   75 08 89 5d f8 e8 13 a8 fd ff 81 c3 a0 a2 04 00
0x7a7cbd5a:   8b 06 8b 50 08 85 d2 74 0c 8b 40 04 8b 00 a9 00
0x7a7cbd6a:   00 01 00 75 11 8b 5d f8 b8 12 00 01 00 8b 75 fc 

Register to memory mapping:

EAX=0x00000000 is an unknown value
EBX=0x7a815ff4: <offset 0x7dff4> in /usr/lib/libOpenNI.so at 0x7a798000
ECX=0x00000001 is an unknown value
EDX=0x7a9014d8 is an unknown value
ESP=0x7aaadbc0 is pointing into the stack for thread: 0x09d5a400
EBP=0x7aaadbe8 is pointing into the stack for thread: 0x09d5a400
ESI=0x00000000 is an unknown value
EDI=0x09d5a400 is a thread


Stack: [0x7aa5e000,0x7aaaf000],  sp=0x7aaadbc0,  free space=318k
Native frames: (J=compiled Java code, j=interpreted, Vv=VM code, C=native code)
C  [libOpenNI.so+0x33d5a]  long long+0x1a
C  [libSimpleOpenNI.so+0x9a98c]  xn::MapGenerator::SetMapOutputMode(XnMapOutputMode const&)+0x26
C  [libSimpleOpenNI.so+0xa16f1]  sOpenNI::ContextWrapper::createDepth(bool)+0xdb
C  [libSimpleOpenNI.so+0xa1825]  sOpenNI::ContextWrapper::enableDepth()+0x6b
C  [libSimpleOpenNI.so+0x848c6]  Java_SimpleOpenNI_SimpleOpenNIJNI_ContextWrapper_1enableDepthSwigExplicitContextWrapper_1_1SWIG_10+0x3c
j  SimpleOpenNI.SimpleOpenNIJNI.ContextWrapper_enableDepthSwigExplicitContextWrapper__SWIG_0(JLSimpleOpenNI/ContextWrapper;)Z+0
j  SimpleOpenNI.ContextWrapper.enableDepth()Z+26
j  SimpleOpenNI.SimpleOpenNI.enableDepth()Z+1
j  remixlab.devices.Kinect.<init>(Lprocessing/core/PApplet;Lremixlab/proscene/Scene;)V+56
j  devices3d.Devices3d.setup()V+242
j  processing.core.PApplet.handleDraw()V+65
j  processing.core.PApplet.run()V+72
j  java.lang.Thread.run()V+11
v  ~StubRoutines::call_stub
V  [libjvm.so+0x3dff01]  JavaCalls::call_helper(JavaValue*, methodHandle*, JavaCallArguments*, Thread*)+0x1c1
V  [libjvm.so+0x5e1298]  os::os_exception_wrapper(void (*)(JavaValue*, methodHandle*, JavaCallArguments*, Thread*), JavaValue*, methodHandle*, JavaCallArguments*, Thread*)+0x18
V  [libjvm.so+0x3df775]  JavaCalls::call_virtual(JavaValue*, KlassHandle, symbolHandle, symbolHandle, JavaCallArguments*, Thread*)+0xc5
V  [libjvm.so+0x3df838]  JavaCalls::call_virtual(JavaValue*, Handle, KlassHandle, symbolHandle, symbolHandle, Thread*)+0x58
V  [libjvm.so+0x4642d7]  thread_entry(JavaThread*, Thread*)+0xa7
V  [libjvm.so+0x6e16bf]  JavaThread::run()+0x11f
V  [libjvm.so+0x5e2aee]  java_start(Thread*)+0x14e
C  [libpthread.so.0+0x6d31]  short+0xd1

Java frames: (J=compiled Java code, j=interpreted, Vv=VM code)
j  SimpleOpenNI.SimpleOpenNIJNI.ContextWrapper_enableDepthSwigExplicitContextWrapper__SWIG_0(JLSimpleOpenNI/ContextWrapper;)Z+0
j  SimpleOpenNI.ContextWrapper.enableDepth()Z+26
j  SimpleOpenNI.SimpleOpenNI.enableDepth()Z+1
j  remixlab.devices.Kinect.<init>(Lprocessing/core/PApplet;Lremixlab/proscene/Scene;)V+56
j  devices3d.Devices3d.setup()V+242
j  processing.core.PApplet.handleDraw()V+65
j  processing.core.PApplet.run()V+72
j  java.lang.Thread.run()V+11
v  ~StubRoutines::call_stub

---------------  P R O C E S S  ---------------

Java Threads: ( => current thread )
=>0x09d5a400 JavaThread "Animation Thread" [_thread_in_native, id=7378, stack(0x7aa5e000,0x7aaaf000)]
  0x09c17c00 JavaThread "AWT-EventQueue-1" [_thread_blocked, id=7377, stack(0x7aaaf000,0x7ab00000)]
  0x7b0e7400 JavaThread "DestroyJavaVM" [_thread_blocked, id=7357, stack(0xb68bb000,0xb690c000)]
  0x7b07e800 JavaThread "AWT-EventQueue-0" [_thread_blocked, id=7375, stack(0x7ac47000,0x7ac98000)]
  0x7b07c800 JavaThread "AWT-Shutdown" [_thread_blocked, id=7374, stack(0x7ac98000,0x7ace9000)]
  0x7b078800 JavaThread "thread applet-devices3d.Devices3d.class" [_thread_blocked, id=7373, stack(0x7ad5e000,0x7adaf000)]
  0x7b072000 JavaThread "AWT-XAWT" daemon [_thread_in_native, id=7371, stack(0x7adaf000,0x7ae00000)]
  0x7b01a800 JavaThread "Java2D Disposer" daemon [_thread_blocked, id=7370, stack(0x7af27000,0x7af78000)]
  0x7bf04c00 JavaThread "Low Memory Detector" daemon [_thread_blocked, id=7368, stack(0x7b470000,0x7b4c1000)]
  0x7bca9400 JavaThread "C2 CompilerThread1" daemon [_thread_blocked, id=7367, stack(0x7b4c1000,0x7b542000)]
  0x7bca7400 JavaThread "C2 CompilerThread0" daemon [_thread_blocked, id=7366, stack(0x7b542000,0x7b5c3000)]
  0x7bca5c00 JavaThread "Signal Dispatcher" daemon [_thread_blocked, id=7365, stack(0x7b5c3000,0x7b614000)]
  0x7bc97800 JavaThread "Finalizer" daemon [_thread_blocked, id=7364, stack(0x7b945000,0x7b996000)]
  0x7bc96000 JavaThread "Reference Handler" daemon [_thread_blocked, id=7363, stack(0x7b996000,0x7b9e7000)]

Other Threads:
  0x7bc92400 VMThread [stack: 0x7b9e7000,0x7ba68000] [id=7362]
  0x7bf0ec00 WatcherThread [stack: 0x7b3ef000,0x7b470000] [id=7369]

VM state:not at safepoint (normal execution)

VM Mutex/Monitor currently owned by a thread: None

Heap
 PSYoungGen      total 15296K, used 10277K [0xa2620000, 0xa4400000, 0xb3770000)
  eden space 13120K, 66% used [0xa2620000,0xa2e99008,0xa32f0000)
  from space 2176K, 73% used [0xa32f0000,0xa34806b8,0xa3510000)
  to   space 2176K, 0% used [0xa41e0000,0xa41e0000,0xa4400000)
 PSOldGen        total 35008K, used 5968K [0x80370000, 0x825a0000, 0xa2620000)
  object space 35008K, 17% used [0x80370000,0x80944310,0x825a0000)
 PSPermGen       total 16384K, used 8346K [0x7c370000, 0x7d370000, 0x80370000)
  object space 16384K, 50% used [0x7c370000,0x7cb969b0,0x7d370000)

Code Cache  [0xb383f000, 0xb3a7f000, 0xb683f000)
 total_blobs=329 nmethods=40 adapters=244 free_code_cache=49886976 largest_free_block=11776

Dynamic libraries:
08048000-08052000 r-xp 00000000 08:08 1181081    /usr/lib/jvm/java-6-sun-1.6.0.26/jre/bin/java
08052000-08053000 rwxp 00009000 08:08 1181081    /usr/lib/jvm/java-6-sun-1.6.0.26/jre/bin/java
09c11000-09dd6000 rwxp 00000000 00:00 0          [heap]
78f00000-78f3a000 rwxp 00000000 00:00 0 
78f3a000-79000000 ---p 00000000 00:00 0 
79070000-790f9000 r-xp 00000000 08:08 1070238    /usr/lib/libXnDeviceSensorV2KM.so
790f9000-79102000 r-xp 00088000 08:08 1070238    /usr/lib/libXnDeviceSensorV2KM.so
79102000-79103000 rwxp 00091000 08:08 1070238    /usr/lib/libXnDeviceSensorV2KM.so
79103000-791e3000 r-xp 00000000 08:08 1064091    /usr/lib/libXnVHandGenerator_1_5_0.so
791e3000-791e6000 r-xp 000df000 08:08 1064091    /usr/lib/libXnVHandGenerator_1_5_0.so
791e6000-791e7000 rwxp 000e2000 08:08 1064091    /usr/lib/libXnVHandGenerator_1_5_0.so
791e7000-791f3000 rwxp 00000000 00:00 0 
791f3000-795e6000 r-xp 00000000 08:08 1064087    /usr/lib/libXnVFeatures_1_5_0.so
795e6000-795e7000 ---p 003f3000 08:08 1064087    /usr/lib/libXnVFeatures_1_5_0.so
795e7000-795ef000 r-xp 003f3000 08:08 1064087    /usr/lib/libXnVFeatures_1_5_0.so
795ef000-795f0000 rwxp 003fb000 08:08 1064087    /usr/lib/libXnVFeatures_1_5_0.so
795f0000-79604000 rwxp 00000000 00:00 0 
79604000-79631000 r-xp 00000000 08:08 1064003    /usr/lib/libXnDeviceFile.so
79631000-79632000 r-xp 0002d000 08:08 1064003    /usr/lib/libXnDeviceFile.so
79632000-79633000 rwxp 0002e000 08:08 1064003    /usr/lib/libXnDeviceFile.so
79633000-79685000 r-xp 00000000 08:08 1064002    /usr/lib/libXnDDK.so
79685000-79687000 r-xp 00051000 08:08 1064002    /usr/lib/libXnDDK.so
79687000-79688000 rwxp 00053000 08:08 1064002    /usr/lib/libXnDDK.so
79688000-796ac000 r-xp 00000000 08:08 1064005    /usr/lib/libXnFormats.so
796ac000-796ad000 r-xp 00023000 08:08 1064005    /usr/lib/libXnFormats.so
796ad000-796ae000 rwxp 00024000 08:08 1064005    /usr/lib/libXnFormats.so
796ae000-796ce000 rwxp 00000000 00:00 0 
796ce000-79767000 r-xp 00000000 08:08 1064004    /usr/lib/libXnDeviceSensorV2.so
79767000-79770000 r-xp 00098000 08:08 1064004    /usr/lib/libXnDeviceSensorV2.so
79770000-79771000 rwxp 000a1000 08:08 1064004    /usr/lib/libXnDeviceSensorV2.so
79771000-79854000 r-xp 00000000 08:08 1064000    /usr/lib/libXnVHandGenerator_1_5_2.so
79854000-79857000 r-xp 000e3000 08:08 1064000    /usr/lib/libXnVHandGenerator_1_5_2.so
79857000-79858000 rwxp 000e6000 08:08 1064000    /usr/lib/libXnVHandGenerator_1_5_2.so
79858000-79864000 rwxp 00000000 00:00 0 
79864000-79939000 r-xp 00000000 08:08 1063997    /usr/lib/libXnVHandGenerator_1_4_2.so
79939000-7993a000 ---p 000d5000 08:08 1063997    /usr/lib/libXnVHandGenerator_1_4_2.so
7993a000-7993c000 r-xp 000d5000 08:08 1063997    /usr/lib/libXnVHandGenerator_1_4_2.so
7993c000-7993d000 rwxp 000d7000 08:08 1063997    /usr/lib/libXnVHandGenerator_1_4_2.so
7993d000-7993f000 rwxp 00000000 00:00 0 
7993f000-79a13000 r-xp 00000000 08:08 1063994    /usr/lib/libXnVHandGenerator_1_4_1.so
79a13000-79a14000 ---p 000d4000 08:08 1063994    /usr/lib/libXnVHandGenerator_1_4_1.so
79a14000-79a16000 r-xp 000d4000 08:08 1063994    /usr/lib/libXnVHandGenerator_1_4_1.so
79a16000-79a17000 rwxp 000d6000 08:08 1063994    /usr/lib/libXnVHandGenerator_1_4_1.so
79a17000-79a19000 rwxp 00000000 00:00 0 
79a19000-79af7000 r-xp 00000000 08:08 1063991    /usr/lib/libXnVHandGenerator_1_3_1.so
79af7000-79afa000 r-xp 000dd000 08:08 1063991    /usr/lib/libXnVHandGenerator_1_3_1.so
79afa000-79afb000 rwxp 000e0000 08:08 1063991    /usr/lib/libXnVHandGenerator_1_3_1.so
79afb000-79afd000 rwxp 00000000 00:00 0 
79afd000-79efe000 r-xp 00000000 08:08 1063984    /usr/lib/libXnVFeatures_1_5_2.so
79efe000-79eff000 ---p 00401000 08:08 1063984    /usr/lib/libXnVFeatures_1_5_2.so
79eff000-79f07000 r-xp 00401000 08:08 1063984    /usr/lib/libXnVFeatures_1_5_2.so
79f07000-79f08000 rwxp 00409000 08:08 1063984    /usr/lib/libXnVFeatures_1_5_2.so
79f08000-79f1c000 rwxp 00000000 00:00 0 
79f1c000-7a103000 r-xp 00000000 08:08 1063973    /usr/lib/libXnVFeatures_1_4_2.so
7a103000-7a106000 r-xp 001e6000 08:08 1063973    /usr/lib/libXnVFeatures_1_4_2.so
7a106000-7a107000 rwxp 001e9000 08:08 1063973    /usr/lib/libXnVFeatures_1_4_2.so
7a107000-7a10c000 rwxp 00000000 00:00 0 
7a10c000-7a2f3000 r-xp 00000000 08:08 1063968    /usr/lib/libXnVFeatures_1_4_1.so
7a2f3000-7a2f6000 r-xp 001e6000 08:08 1063968    /usr/lib/libXnVFeatures_1_4_1.so
7a2f6000-7a2f7000 rwxp 001e9000 08:08 1063968    /usr/lib/libXnVFeatures_1_4_1.so
7a2f7000-7a2fc000 rwxp 00000000 00:00 0 
7a2fc000-7a51a000 r-xp 00000000 08:08 1063963    /usr/lib/libXnVFeatures_1_3_1.so
7a51a000-7a51b000 ---p 0021e000 08:08 1063963    /usr/lib/libXnVFeatures_1_3_1.so
7a51b000-7a51e000 r-xp 0021e000 08:08 1063963    /usr/lib/libXnVFeatures_1_3_1.so
7a51e000-7a51f000 rwxp 00221000 08:08 1063963    /usr/lib/libXnVFeatures_1_3_1.so
7a51f000-7a524000 rwxp 00000000 00:00 0 
7a524000-7a547000 r-xp 00000000 08:08 1063813    /usr/lib/libnimRecorder.so
7a547000-7a548000 r-xp 00023000 08:08 1063813    /usr/lib/libnimRecorder.so
7a548000-7a549000 rwxp 00024000 08:08 1063813    /usr/lib/libnimRecorder.so
7a549000-7a57d000 r-xp 00000000 08:08 1063811    /usr/lib/libnimCodecs.so
7a57d000-7a57e000 ---p 00034000 08:08 1063811    /usr/lib/libnimCodecs.so
7a57e000-7a580000 r-xp 00034000 08:08 1063811    /usr/lib/libnimCodecs.so
7a580000-7a581000 rwxp 00036000 08:08 1063811    /usr/lib/libnimCodecs.so
7a581000-7a5a1000 rwxp 00000000 00:00 0 
7a5a1000-7a5d2000 r-xp 00000000 08:08 1063812    /usr/lib/libnimMockNodes.so
7a5d2000-7a5d8000 r-xp 00031000 08:08 1063812    /usr/lib/libnimMockNodes.so
7a5d8000-7a5d9000 rwxp 00037000 08:08 1063812    /usr/lib/libnimMockNodes.so
7a5d9000-7a6b7000 r-xp 00000000 08:08 1056768    /usr/lib/i386-linux-gnu/libstdc++.so.6.0.16
7a6b7000-7a6b8000 ---p 000de000 08:08 1056768    /usr/lib/i386-linux-gnu/libstdc++.so.6.0.16
7a6b8000-7a6bc000 r-xp 000de000 08:08 1056768    /usr/lib/i386-linux-gnu/libstdc++.so.6.0.16
7a6bc000-7a6bd000 rwxp 000e2000 08:08 1056768    /usr/lib/i386-linux-gnu/libstdc++.so.6.0.16
7a6bd000-7a6c4000 rwxp 00000000 00:00 0 
7a6c4000-7a794000 r-xp 00000000 08:08 1063882    /usr/lib/libXnVNite_1_3_1.so
7a794000-7a797000 r-xp 000cf000 08:08 1063882    /usr/lib/libXnVNite_1_3_1.so
7a797000-7a798000 rwxp 000d2000 08:08 1063882    /usr/lib/libXnVNite_1_3_1.so
7a798000-7a814000 r-xp 00000000 08:08 1063815    /usr/lib/libOpenNI.so
7a814000-7a816000 r-xp 0007c000 08:08 1063815    /usr/lib/libOpenNI.so
7a816000-7a818000 rwxp 0007e000 08:08 1063815    /usr/lib/libOpenNI.so
7a818000-7a8fa000 r-xp 00000000 08:08 1199735    /home/alejo/Dropbox/code/devices3d/lib/user/SimpleOpenNI/libSimpleOpenNI.so
7a8fa000-7a8fb000 ---p 000e2000 08:08 1199735    /home/alejo/Dropbox/code/devices3d/lib/user/SimpleOpenNI/libSimpleOpenNI.so
7a8fb000-7a8fd000 r-xp 000e2000 08:08 1199735    /home/alejo/Dropbox/code/devices3d/lib/user/SimpleOpenNI/libSimpleOpenNI.so
7a8fd000-7a900000 rwxp 000e4000 08:08 1199735    /home/alejo/Dropbox/code/devices3d/lib/user/SimpleOpenNI/libSimpleOpenNI.so
7a900000-7a9f4000 rwxp 00000000 00:00 0 
7a9f4000-7aa00000 ---p 00000000 00:00 0 
7aa0d000-7aa10000 ---p 00000000 00:00 0 
7aa10000-7aa5e000 rwxp 00000000 00:00 0 
7aa5e000-7aa61000 ---p 00000000 00:00 0 
7aa61000-7aaaf000 rwxp 00000000 00:00 0 
7aaaf000-7aab2000 ---p 00000000 00:00 0 
7aab2000-7ab00000 rwxp 00000000 00:00 0 
7ab00000-7abf0000 rwxp 00000000 00:00 0 
7abf0000-7ac00000 ---p 00000000 00:00 0 
7ac1d000-7ac28000 r-xp 00000000 08:08 408705     /opt/microchip/mplabx/mplab_ide/mplablibs/modules/lib/libusb-1.0.so.0.0.0
7ac28000-7ac29000 rwxp 0000a000 08:08 408705     /opt/microchip/mplabx/mplab_ide/mplablibs/modules/lib/libusb-1.0.so.0.0.0
7ac29000-7ac45000 r-xp 00000000 08:08 1573816    /lib/i386-linux-gnu/libgcc_s.so.1
7ac45000-7ac46000 r-xp 0001b000 08:08 1573816    /lib/i386-linux-gnu/libgcc_s.so.1
7ac46000-7ac47000 rwxp 0001c000 08:08 1573816    /lib/i386-linux-gnu/libgcc_s.so.1
7ac47000-7ac4a000 ---p 00000000 00:00 0 
7ac4a000-7ac98000 rwxp 00000000 00:00 0 
7ac98000-7ac9b000 ---p 00000000 00:00 0 
7ac9b000-7ace9000 rwxp 00000000 00:00 0 
7ace9000-7acea000 r-xs 00000000 08:08 1188895    /var/cache/fontconfig/c05880de57d1f5e948fdfacc138775d9-le32d4.cache-3
7acea000-7acf0000 r-xs 00000000 08:08 1188892    /var/cache/fontconfig/945677eb7aeaf62f1d50efc3fb3ec7d8-le32d4.cache-3
7acf0000-7acf2000 r-xs 00000000 08:08 1188893    /var/cache/fontconfig/99e8ed0e538f840c565b6ed5dad60d56-le32d4.cache-3
7acf2000-7acf5000 r-xs 00000000 08:08 1206717    /var/cache/fontconfig/e383d7ea5fbe662a33d9b44caf393297-le32d4.cache-3
7acf5000-7acf8000 r-xs 00000000 08:08 1188879    /var/cache/fontconfig/2cd17615ca594fa2959ae173292e504c-le32d4.cache-3
7acf8000-7acfc000 r-xs 00000000 08:08 1188894    /var/cache/fontconfig/a755afe4a08bf5b97852ceb7400b47bc-le32d4.cache-3
7acfc000-7ad00000 r-xs 00000000 08:08 1188884    /var/cache/fontconfig/515ca1ebc4b18308bea979be5704f9db-le32d4.cache-3
7ad00000-7ad07000 r-xs 00000000 08:08 1188888    /var/cache/fontconfig/6d41288fd70b0be22e8c3a91e032eec0-le32d4.cache-3
7ad07000-7ad12000 r-xs 00000000 08:08 1188877    /var/cache/fontconfig/0f34bcd4b6ee430af32735b75db7f02b-le32d4.cache-3
7ad12000-7ad34000 r-xs 00000000 08:08 1206716    /var/cache/fontconfig/365b55f210c0a22e9a19e35191240f32-le32d4.cache-3
7ad55000-7ad56000 rwxp 00000000 00:00 0 
7ad56000-7ad5d000 r-xp 00000000 08:08 1181319    /usr/lib/jvm/java-6-sun-1.6.0.26/jre/lib/i386/libnio.so
7ad5d000-7ad5e000 rwxp 00006000 08:08 1181319    /usr/lib/jvm/java-6-sun-1.6.0.26/jre/lib/i386/libnio.so
7ad5e000-7ad61000 ---p 00000000 00:00 0 
7ad61000-7adaf000 rwxp 00000000 00:00 0 
7adaf000-7adb2000 ---p 00000000 00:00 0 
7adb2000-7ae00000 rwxp 00000000 00:00 0 
7ae00000-7aefb000 rwxp 00000000 00:00 0 
7aefb000-7af00000 ---p 00000000 00:00 0 
7af01000-7af05000 r-xs 00000000 08:08 1188889    /var/cache/fontconfig/6eb3985aa4124903f6ff08ba781cd364-le32d4.cache-3
7af05000-7af12000 r-xs 00000000 08:08 1188899    /var/cache/fontconfig/d52a8644073d54c13679302ca1180695-le32d4.cache-3
7af16000-7af1a000 r-xp 00000000 08:08 1056426    /usr/lib/i386-linux-gnu/libXfixes.so.3.1.0
7af1a000-7af1b000 r-xp 00003000 08:08 1056426    /usr/lib/i386-linux-gnu/libXfixes.so.3.1.0
7af1b000-7af1c000 rwxp 00004000 08:08 1056426    /usr/lib/i386-linux-gnu/libXfixes.so.3.1.0
7af1c000-7af25000 r-xp 00000000 08:08 1056446    /usr/lib/i386-linux-gnu/libXrender.so.1.3.0
7af25000-7af26000 r-xp 00008000 08:08 1056446    /usr/lib/i386-linux-gnu/libXrender.so.1.3.0
7af26000-7af27000 rwxp 00009000 08:08 1056446    /usr/lib/i386-linux-gnu/libXrender.so.1.3.0
7af27000-7af2a000 ---p 00000000 00:00 0 
7af2a000-7af78000 rwxp 00000000 00:00 0 
7af78000-7aff1000 r-xp 00000000 08:08 1181295    /usr/lib/jvm/java-6-sun-1.6.0.26/jre/lib/i386/libfontmanager.so
7aff1000-7affb000 rwxp 00078000 08:08 1181295    /usr/lib/jvm/java-6-sun-1.6.0.26/jre/lib/i386/libfontmanager.so
7affb000-7b000000 rwxp 00000000 00:00 0 
7b000000-7b0f3000 rwxp 00000000 00:00 0 
7b0f3000-7b100000 ---p 00000000 00:00 0 
7b102000-7b108000 r-xs 00000000 08:08 1206713    /var/cache/fontconfig/153bb866d4d26e7cd19eee2129f8d8d2-le32d4.cache-3
7b10b000-7b114000 r-xp 00000000 08:08 1056410    /usr/lib/i386-linux-gnu/libXcursor.so.1.0.2
7b114000-7b115000 r-xp 00008000 08:08 1056410    /usr/lib/i386-linux-gnu/libXcursor.so.1.0.2
7b115000-7b116000 rwxp 00009000 08:08 1056410    /usr/lib/i386-linux-gnu/libXcursor.so.1.0.2
7b116000-7b119000 r-xp 00000000 08:08 1064001    /usr/lib/libXnCore.so
7b119000-7b11a000 r-xp 00002000 08:08 1064001    /usr/lib/libXnCore.so
7b11a000-7b11b000 rwxp 00003000 08:08 1064001    /usr/lib/libXnCore.so
7b11b000-7b11c000 r-xp 00000000 08:08 1181308    /usr/lib/jvm/java-6-sun-1.6.0.26/jre/lib/i386/libjawt.so
7b11c000-7b11d000 rwxp 00000000 08:08 1181308    /usr/lib/jvm/java-6-sun-1.6.0.26/jre/lib/i386/libjawt.so
7b11d000-7b131000 r-xp 00000000 08:08 1181318    /usr/lib/jvm/java-6-sun-1.6.0.26/jre/lib/i386/libnet.so
7b131000-7b132000 rwxp 00013000 08:08 1181318    /usr/lib/jvm/java-6-sun-1.6.0.26/jre/lib/i386/libnet.so
7b132000-7b140000 r-xs 00000000 08:08 1190496    /var/cache/fontconfig/e13b20fdb08344e0e664864cc2ede53d-le32d4.cache-3
7b140000-7b14e000 r-xs 00000000 08:08 1190505    /var/cache/fontconfig/865f88548240fee46819705c6468c165-le32d4.cache-3
7b14e000-7b165000 r-xs 0015b000 08:08 1199687    /home/alejo/Dropbox/code/devices3d/lib/base/core/ant.jar
7b165000-7b182000 r-xp 00000000 08:08 1056813    /usr/lib/i386-linux-gnu/libxcb.so.1.1.0
7b182000-7b183000 r-xp 0001c000 08:08 1056813    /usr/lib/i386-linux-gnu/libxcb.so.1.1.0
7b183000-7b184000 rwxp 0001d000 08:08 1056813    /usr/lib/i386-linux-gnu/libxcb.so.1.1.0
7b184000-7b192000 r-xp 00000000 08:08 1056434    /usr/lib/i386-linux-gnu/libXi.so.6.1.0
7b192000-7b193000 r-xp 0000d000 08:08 1056434    /usr/lib/i386-linux-gnu/libXi.so.6.1.0
7b193000-7b194000 rwxp 0000e000 08:08 1056434    /usr/lib/i386-linux-gnu/libXi.so.6.1.0
7b194000-7b2c5000 r-xp 00000000 08:08 1056398    /usr/lib/i386-linux-gnu/libX11.so.6.3.0
7b2c5000-7b2c6000 ---p 00131000 08:08 1056398    /usr/lib/i386-linux-gnu/libX11.so.6.3.0
7b2c6000-7b2c7000 r-xp 00131000 08:08 1056398    /usr/lib/i386-linux-gnu/libX11.so.6.3.0
7b2c7000-7b2c9000 rwxp 00132000 08:08 1056398    /usr/lib/i386-linux-gnu/libX11.so.6.3.0
7b2c9000-7b2ca000 rwxp 00000000 00:00 0 
7b2ca000-7b2db000 r-xp 00000000 08:08 1056422    /usr/lib/i386-linux-gnu/libXext.so.6.4.0
7b2db000-7b2dc000 r-xp 00010000 08:08 1056422    /usr/lib/i386-linux-gnu/libXext.so.6.4.0
7b2dc000-7b2dd000 rwxp 00011000 08:08 1056422    /usr/lib/i386-linux-gnu/libXext.so.6.4.0
7b2dd000-7b2de000 r-xs 00000000 08:08 1188903    /var/cache/fontconfig/e7071f4a29fa870f4323321c154eba04-le32d4.cache-3
7b2de000-7b2e1000 r-xs 00000000 08:08 1188900    /var/cache/fontconfig/d60319d88cac85ba9e1a07bd06cfbb8c-le32d4.cache-3
7b2e1000-7b2e4000 r-xs 00000000 08:08 1206715    /var/cache/fontconfig/7ef2298fde41cc6eeb7af42e48b7d293-le32d4.cache-3
7b2e4000-7b2e7000 r-xs 00017000 08:08 1199756    /home/alejo/Dropbox/code/devices3d/lib/user/proscene/proscene.jar
7b2e7000-7b2eb000 r-xs 00020000 08:08 1199717    /home/alejo/Dropbox/code/devices3d/lib/user/SimpleOpenNI/SimpleOpenNI.jar
7b2eb000-7b2ee000 r-xs 00029000 08:08 2123900    /home/alejo/Dropbox/code/devices3d/lib/user/procontroll/procontroll.jar
7b2ee000-7b2f9000 r-xs 00108000 08:08 1326150    /home/alejo/Dropbox/code/devices3d/lib/base/opengl/jogl.jar
7b2f9000-7b33c000 r-xp 00000000 08:08 1181341    /usr/lib/jvm/java-6-sun-1.6.0.26/jre/lib/i386/xawt/libmawt.so
7b33c000-7b33e000 rwxp 00043000 08:08 1181341    /usr/lib/jvm/java-6-sun-1.6.0.26/jre/lib/i386/xawt/libmawt.so
7b33e000-7b33f000 rwxp 00000000 00:00 0 
7b33f000-7b3c4000 r-xp 00000000 08:08 1181290    /usr/lib/jvm/java-6-sun-1.6.0.26/jre/lib/i386/libawt.so
7b3c4000-7b3cb000 rwxp 00085000 08:08 1181290    /usr/lib/jvm/java-6-sun-1.6.0.26/jre/lib/i386/libawt.so
7b3cb000-7b3ef000 rwxp 00000000 00:00 0 
7b3ef000-7b3f0000 ---p 00000000 00:00 0 
7b3f0000-7b470000 rwxp 00000000 00:00 0 
7b470000-7b473000 ---p 00000000 00:00 0 
7b473000-7b4c1000 rwxp 00000000 00:00 0 
7b4c1000-7b4c4000 ---p 00000000 00:00 0 
7b4c4000-7b542000 rwxp 00000000 00:00 0 
7b542000-7b545000 ---p 00000000 00:00 0 
7b545000-7b5c3000 rwxp 00000000 00:00 0 
7b5c3000-7b5c6000 ---p 00000000 00:00 0 
7b5c6000-7b614000 rwxp 00000000 00:00 0 
7b614000-7b745000 r-xp 0043d000 08:08 1057169    /usr/lib/locale/locale-archive
7b745000-7b945000 r-xp 00000000 08:08 1057169    /usr/lib/locale/locale-archive
7b945000-7b948000 ---p 00000000 00:00 0 
7b948000-7b996000 rwxp 00000000 00:00 0 
7b996000-7b999000 ---p 00000000 00:00 0 
7b999000-7b9e7000 rwxp 00000000 00:00 0 
7b9e7000-7b9e8000 ---p 00000000 00:00 0 
7b9e8000-7ba68000 rwxp 00000000 00:00 0 
7ba68000-7bc00000 r-xs 03029000 08:08 1181157    /usr/lib/jvm/java-6-sun-1.6.0.26/jre/lib/rt.jar
7bc00000-7bcf3000 rwxp 00000000 00:00 0 
7bcf3000-7bd00000 ---p 00000000 00:00 0 
7bd00000-7bd02000 r-xs 00000000 08:08 1191776    /var/cache/fontconfig/b5ea634b0fb353b8ea17632d1f9ef766-le32d4.cache-3
7bd02000-7bd07000 r-xp 00000000 08:08 1056418    /usr/lib/i386-linux-gnu/libXdmcp.so.6.0.0
7bd07000-7bd08000 r-xp 00004000 08:08 1056418    /usr/lib/i386-linux-gnu/libXdmcp.so.6.0.0
7bd08000-7bd09000 rwxp 00005000 08:08 1056418    /usr/lib/i386-linux-gnu/libXdmcp.so.6.0.0
7bd09000-7bd49000 r-xp 002bd000 08:08 1057169    /usr/lib/locale/locale-archive
7bd49000-7bd7d000 rwxp 00000000 00:00 0 
7bd7d000-7bd7e000 ---p 00000000 00:00 0 
7bd7e000-7bdfe000 rwxp 00000000 00:00 0 
7bdfe000-7bdff000 ---p 00000000 00:00 0 
7bdff000-7be7f000 rwxp 00000000 00:00 0 
7be7f000-7be80000 ---p 00000000 00:00 0 
7be80000-7bf00000 rwxp 00000000 00:00 0 
7bf00000-7bfff000 rwxp 00000000 00:00 0 
7bfff000-7c000000 ---p 00000000 00:00 0 
7c000000-7c001000 r-xs 00000000 08:08 1188883    /var/cache/fontconfig/4c73fe0c47614734b17d736dbde7580a-le32d4.cache-3
7c001000-7c002000 r-xs 00000000 08:08 1188876    /var/cache/fontconfig/0d8c3b2ac0904cb8a57a757ad11a4a08-le32d4.cache-3
7c002000-7c003000 ---p 00000000 00:00 0 
7c003000-7c08b000 rwxp 00000000 00:00 0 
7c08b000-7c0a3000 rwxp 00000000 00:00 0 
7c0a3000-7c0b5000 rwxp 00000000 00:00 0 
7c0b5000-7c1b5000 rwxp 00000000 00:00 0 
7c1b5000-7c1bd000 rwxp 00000000 00:00 0 
7c1bd000-7c1d5000 rwxp 00000000 00:00 0 
7c1d5000-7c1e7000 rwxp 00000000 00:00 0 
7c1e7000-7c2e6000 rwxp 00000000 00:00 0 
7c2e6000-7c2f6000 rwxp 00000000 00:00 0 
7c2f6000-7c36f000 rwxp 00000000 00:00 0 
7c36f000-7d370000 rwxp 00000000 00:00 0 
7d370000-80370000 rwxp 00000000 00:00 0 
80370000-825a0000 rwxp 00000000 00:00 0 
825a0000-a2620000 rwxp 00000000 00:00 0 
a2620000-a4400000 rwxp 00000000 00:00 0 
a4400000-b3770000 rwxp 00000000 00:00 0 
b3770000-b3772000 r-xs 00003000 08:08 1199742    /home/alejo/Dropbox/code/devices3d/lib/user/fullscreen/fullscreen.jar
b3772000-b3774000 r-xs 0002b000 08:08 1199690    /home/alejo/Dropbox/code/devices3d/lib/base/core/core.jar
b3774000-b3776000 r-xp 00000000 08:08 1056402    /usr/lib/i386-linux-gnu/libXau.so.6.0.0
b3776000-b3777000 r-xp 00001000 08:08 1056402    /usr/lib/i386-linux-gnu/libXau.so.6.0.0
b3777000-b3778000 rwxp 00002000 08:08 1056402    /usr/lib/i386-linux-gnu/libXau.so.6.0.0
b3778000-b377d000 r-xp 00000000 08:08 1052626    /usr/lib/libXtst.so.6.1.0
b377d000-b377e000 r-xp 00004000 08:08 1052626    /usr/lib/libXtst.so.6.1.0
b377e000-b377f000 rwxp 00005000 08:08 1052626    /usr/lib/libXtst.so.6.1.0
b377f000-b3788000 rwxp 00000000 00:00 0 
b3788000-b383f000 rwxp 00000000 00:00 0 
b383f000-b3a7f000 rwxp 00000000 00:00 0 
b3a7f000-b683f000 rwxp 00000000 00:00 0 
b683f000-b684a000 r-xp 00000000 08:08 1573836    /lib/i386-linux-gnu/libnss_files-2.13.so
b684a000-b684b000 r-xp 0000a000 08:08 1573836    /lib/i386-linux-gnu/libnss_files-2.13.so
b684b000-b684c000 rwxp 0000b000 08:08 1573836    /lib/i386-linux-gnu/libnss_files-2.13.so
b684c000-b6856000 r-xp 00000000 08:08 1573840    /lib/i386-linux-gnu/libnss_nis-2.13.so
b6856000-b6857000 r-xp 00009000 08:08 1573840    /lib/i386-linux-gnu/libnss_nis-2.13.so
b6857000-b6858000 rwxp 0000a000 08:08 1573840    /lib/i386-linux-gnu/libnss_nis-2.13.so
b6858000-b686d000 r-xp 00000000 08:08 1573830    /lib/i386-linux-gnu/libnsl-2.13.so
b686d000-b686e000 r-xp 00015000 08:08 1573830    /lib/i386-linux-gnu/libnsl-2.13.so
b686e000-b686f000 rwxp 00016000 08:08 1573830    /lib/i386-linux-gnu/libnsl-2.13.so
b686f000-b6871000 rwxp 00000000 00:00 0 
b6871000-b6872000 r-xs 00000000 08:08 1188887    /var/cache/fontconfig/6a53c69dea097a2d716e069445527da8-le32d4.cache-3
b6872000-b6874000 r-xs 00002000 08:08 1199642    /home/alejo/Dropbox/code/devices3d/lib/base/core/ant-launcher.jar
b6874000-b6883000 r-xp 00000000 08:08 1181329    /usr/lib/jvm/java-6-sun-1.6.0.26/jre/lib/i386/libzip.so
b6883000-b6885000 rwxp 0000e000 08:08 1181329    /usr/lib/jvm/java-6-sun-1.6.0.26/jre/lib/i386/libzip.so
b6885000-b688d000 rwxs 00000000 08:08 407533     /tmp/hsperfdata_alejo/7352
b688d000-b68b0000 r-xp 00000000 08:08 1181303    /usr/lib/jvm/java-6-sun-1.6.0.26/jre/lib/i386/libjava.so
b68b0000-b68b2000 rwxp 00023000 08:08 1181303    /usr/lib/jvm/java-6-sun-1.6.0.26/jre/lib/i386/libjava.so
b68b2000-b68b9000 r-xp 00000000 08:08 1573859    /lib/i386-linux-gnu/librt-2.13.so
b68b9000-b68ba000 r-xp 00006000 08:08 1573859    /lib/i386-linux-gnu/librt-2.13.so
b68ba000-b68bb000 rwxp 00007000 08:08 1573859    /lib/i386-linux-gnu/librt-2.13.so
b68bb000-b68be000 ---p 00000000 00:00 0 
b68be000-b690c000 rwxp 00000000 00:00 0 
b690c000-b6934000 r-xp 00000000 08:08 1573825    /lib/i386-linux-gnu/libm-2.13.so
b6934000-b6935000 r-xp 00028000 08:08 1573825    /lib/i386-linux-gnu/libm-2.13.so
b6935000-b6936000 rwxp 00029000 08:08 1573825    /lib/i386-linux-gnu/libm-2.13.so
b6936000-b70e8000 r-xp 00000000 08:08 1181340    /usr/lib/jvm/java-6-sun-1.6.0.26/jre/lib/i386/server/libjvm.so
b70e8000-b713c000 rwxp 007b1000 08:08 1181340    /usr/lib/jvm/java-6-sun-1.6.0.26/jre/lib/i386/server/libjvm.so
b713c000-b755b000 rwxp 00000000 00:00 0 
b755b000-b76d1000 r-xp 00000000 08:08 1573795    /lib/i386-linux-gnu/libc-2.13.so
b76d1000-b76d3000 r-xp 00176000 08:08 1573795    /lib/i386-linux-gnu/libc-2.13.so
b76d3000-b76d4000 rwxp 00178000 08:08 1573795    /lib/i386-linux-gnu/libc-2.13.so
b76d4000-b76d7000 rwxp 00000000 00:00 0 
b76d7000-b76da000 r-xp 00000000 08:08 1573806    /lib/i386-linux-gnu/libdl-2.13.so
b76da000-b76db000 r-xp 00002000 08:08 1573806    /lib/i386-linux-gnu/libdl-2.13.so
b76db000-b76dc000 rwxp 00003000 08:08 1573806    /lib/i386-linux-gnu/libdl-2.13.so
b76dc000-b76e3000 r-xp 00000000 08:08 1181335    /usr/lib/jvm/java-6-sun-1.6.0.26/jre/lib/i386/jli/libjli.so
b76e3000-b76e5000 rwxp 00006000 08:08 1181335    /usr/lib/jvm/java-6-sun-1.6.0.26/jre/lib/i386/jli/libjli.so
b76e5000-b76e6000 rwxp 00000000 00:00 0 
b76e6000-b76fd000 r-xp 00000000 08:08 1573855    /lib/i386-linux-gnu/libpthread-2.13.so
b76fd000-b76fe000 r-xp 00016000 08:08 1573855    /lib/i386-linux-gnu/libpthread-2.13.so
b76fe000-b76ff000 rwxp 00017000 08:08 1573855    /lib/i386-linux-gnu/libpthread-2.13.so
b76ff000-b7701000 rwxp 00000000 00:00 0 
b7701000-b7702000 r-xs 00000000 08:08 1193307    /var/cache/fontconfig/4794a0821666d79190d59a36cb4f44b5-le32d4.cache-3
b7702000-b7703000 r-xs 00004000 08:08 1326149    /home/alejo/Dropbox/code/devices3d/lib/base/opengl/gluegen-rt.jar
b7703000-b7704000 r-xs 00003000 08:08 1326148    /home/alejo/Dropbox/code/devices3d/lib/base/opengl/opengl.jar
b7704000-b7705000 r-xp 00571000 08:08 1057169    /usr/lib/locale/locale-archive
b7705000-b770d000 r-xp 00000000 08:08 1573832    /lib/i386-linux-gnu/libnss_compat-2.13.so
b770d000-b770e000 r-xp 00007000 08:08 1573832    /lib/i386-linux-gnu/libnss_compat-2.13.so
b770e000-b770f000 rwxp 00008000 08:08 1573832    /lib/i386-linux-gnu/libnss_compat-2.13.so
b770f000-b7710000 rwxp 00000000 00:00 0 
b7710000-b7711000 r-xp 00000000 00:00 0 
b7711000-b771c000 r-xp 00000000 08:08 1181328    /usr/lib/jvm/java-6-sun-1.6.0.26/jre/lib/i386/libverify.so
b771c000-b771d000 rwxp 0000b000 08:08 1181328    /usr/lib/jvm/java-6-sun-1.6.0.26/jre/lib/i386/libverify.so
b771d000-b771f000 rwxp 00000000 00:00 0 
b771f000-b7720000 r-xp 00000000 00:00 0          [vdso]
b7720000-b773e000 r-xp 00000000 08:08 1573782    /lib/i386-linux-gnu/ld-2.13.so
b773e000-b773f000 r-xp 0001d000 08:08 1573782    /lib/i386-linux-gnu/ld-2.13.so
b773f000-b7740000 rwxp 0001e000 08:08 1573782    /lib/i386-linux-gnu/ld-2.13.so
bfe58000-bfe79000 rwxp 00000000 00:00 0          [stack]

VM Arguments:
jvm_args: -Djava.library.path=/home/alejo/Dropbox/code/devices3d/lib/base/opengl:/home/alejo/Dropbox/code/devices3d/lib/base/opengl:/home/alejo/Dropbox/code/devices3d/lib/base/opengl:/home/alejo/Dropbox/code/devices3d/lib/base/core:/home/alejo/Dropbox/code/devices3d/lib/base/core:/home/alejo/Dropbox/code/devices3d/lib/base/core:/home/alejo/Dropbox/code/devices3d/lib/user/procontroll:/home/alejo/Dropbox/code/devices3d/lib/user/SimpleOpenNI:/home/alejo/Dropbox/code/devices3d/lib/user/fullscreen:/home/alejo/Dropbox/code/devices3d/lib/user/proscene -Djava.security.policy=java.policy.applet -Dfile.encoding=UTF-8 
java_command: sun.applet.AppletViewer devices3d.Devices3d1333676513478.html
Launcher Type: SUN_STANDARD

Environment Variables:
PATH=/opt/microchip/mplabc32/v2.02/bin:/opt/microchip/mplabc30/v3.30c/bin:/usr/lib/lightdm/lightdm:/usr/local/sbin:/usr/local/bin:/usr/sbin:/usr/bin:/sbin:/bin:/usr/games
USERNAME=alejo
LD_LIBRARY_PATH=/usr/lib/jvm/java-6-sun-1.6.0.26/jre/lib/i386/server:/usr/lib/jvm/java-6-sun-1.6.0.26/jre/lib/i386:/usr/lib/jvm/java-6-sun-1.6.0.26/jre/../lib/i386:/usr/lib/jvm/java-6-sun-1.6.0.26/jre/lib/i386/client:/usr/lib/jvm/java-6-sun-1.6.0.26/jre/lib/i386:
SHELL=/bin/bash
DISPLAY=:0.0

Signal Handlers:
SIGSEGV: [libjvm.so+0x725510], sa_mask[0]=0x7ffbfeff, sa_flags=0x10000004
SIGBUS: [libjvm.so+0x725510], sa_mask[0]=0x7ffbfeff, sa_flags=0x10000004
SIGFPE: [libjvm.so+0x5dff20], sa_mask[0]=0x7ffbfeff, sa_flags=0x10000004
SIGPIPE: [libjvm.so+0x5dff20], sa_mask[0]=0x7ffbfeff, sa_flags=0x10000004
SIGXFSZ: [libjvm.so+0x5dff20], sa_mask[0]=0x7ffbfeff, sa_flags=0x10000004
SIGILL: [libjvm.so+0x5dff20], sa_mask[0]=0x7ffbfeff, sa_flags=0x10000004
SIGUSR1: SIG_DFL, sa_mask[0]=0x00000000, sa_flags=0x00000000
SIGUSR2: [libjvm.so+0x5e3160], sa_mask[0]=0x00000004, sa_flags=0x10000004
SIGHUP: [libjvm.so+0x5e2d40], sa_mask[0]=0x7ffbfeff, sa_flags=0x10000004
SIGINT: [libjvm.so+0x5e2d40], sa_mask[0]=0x7ffbfeff, sa_flags=0x10000004
SIGTERM: [libjvm.so+0x5e2d40], sa_mask[0]=0x7ffbfeff, sa_flags=0x10000004
SIGQUIT: [libjvm.so+0x5e2d40], sa_mask[0]=0x7ffbfeff, sa_flags=0x10000004


---------------  S Y S T E M  ---------------

OS:wheezy/sid

uname:Linux 3.0.0-12-generic #20-Ubuntu SMP Fri Oct 7 14:50:42 UTC 2011 i686
libc:glibc 2.13 NPTL 2.13 
rlimit: STACK 8192k, CORE 0k, NPROC 26110, NOFILE 4096, AS infinity
load average:0.42 0.20 0.16

/proc/meminfo:
MemTotal:        3356112 kB
MemFree:          480296 kB
Buffers:          323816 kB
Cached:          1054252 kB
SwapCached:            0 kB
Active:          1513460 kB
Inactive:        1013940 kB
Active(anon):    1151840 kB
Inactive(anon):    11580 kB
Active(file):     361620 kB
Inactive(file):  1002360 kB
Unevictable:          16 kB
Mlocked:              16 kB
HighTotal:       2497096 kB
HighFree:          98440 kB
LowTotal:         859016 kB
LowFree:          381856 kB
SwapTotal:      14645240 kB
SwapFree:       14645240 kB
Dirty:               296 kB
Writeback:             0 kB
AnonPages:       1149700 kB
Mapped:           318468 kB
Shmem:             13972 kB
Slab:              98272 kB
SReclaimable:      76700 kB
SUnreclaim:        21572 kB
KernelStack:        4320 kB
PageTables:        21016 kB
NFS_Unstable:          0 kB
Bounce:                0 kB
WritebackTmp:          0 kB
CommitLimit:    16323296 kB
Committed_AS:    4175692 kB
VmallocTotal:     122880 kB
VmallocUsed:       59252 kB
VmallocChunk:      58104 kB
HardwareCorrupted:     0 kB
AnonHugePages:         0 kB
HugePages_Total:       0
HugePages_Free:        0
HugePages_Rsvd:        0
HugePages_Surp:        0
Hugepagesize:       4096 kB
DirectMap4k:       12280 kB
DirectMap4M:      897024 kB


CPU:total 4 (4 cores per cpu, 1 threads per core) family 16 model 4 stepping 3, cmov, cx8, fxsr, mmx, sse, sse2, sse3, popcnt, mmxext, 3dnow, 3dnowext, lzcnt, sse4a

/proc/cpuinfo:
processor	: 0
vendor_id	: AuthenticAMD
cpu family	: 16
model		: 4
model name	: AMD Phenom(tm) II X4 945 Processor
stepping	: 3
cpu MHz		: 3010.822
cache size	: 512 KB
physical id	: 0
siblings	: 4
core id		: 0
cpu cores	: 4
apicid		: 0
initial apicid	: 0
fdiv_bug	: no
hlt_bug		: no
f00f_bug	: no
coma_bug	: no
fpu		: yes
fpu_exception	: yes
cpuid level	: 5
wp		: yes
flags		: fpu vme de pse tsc msr pae mce cx8 apic mtrr pge mca cmov pat pse36 clflush mmx fxsr sse sse2 ht syscall nx mmxext fxsr_opt pdpe1gb rdtscp lm 3dnowext 3dnow constant_tsc nonstop_tsc extd_apicid pni monitor cx16 popcnt lahf_lm cmp_legacy svm extapic cr8_legacy abm sse4a misalignsse 3dnowprefetch osvw ibs skinit wdt npt lbrv svm_lock nrip_save
bogomips	: 6021.64
clflush size	: 64
cache_alignment	: 64
address sizes	: 48 bits physical, 48 bits virtual
power management: ts ttp tm stc 100mhzsteps hwpstate

processor	: 1
vendor_id	: AuthenticAMD
cpu family	: 16
model		: 4
model name	: AMD Phenom(tm) II X4 945 Processor
stepping	: 3
cpu MHz		: 3010.822
cache size	: 512 KB
physical id	: 0
siblings	: 4
core id		: 1
cpu cores	: 4
apicid		: 1
initial apicid	: 1
fdiv_bug	: no
hlt_bug		: no
f00f_bug	: no
coma_bug	: no
fpu		: yes
fpu_exception	: yes
cpuid level	: 5
wp		: yes
flags		: fpu vme de pse tsc msr pae mce cx8 apic mtrr pge mca cmov pat pse36 clflush mmx fxsr sse sse2 ht syscall nx mmxext fxsr_opt pdpe1gb rdtscp lm 3dnowext 3dnow constant_tsc nonstop_tsc extd_apicid pni monitor cx16 popcnt lahf_lm cmp_legacy svm extapic cr8_legacy abm sse4a misalignsse 3dnowprefetch osvw ibs skinit wdt npt lbrv svm_lock nrip_save
bogomips	: 6020.55
clflush size	: 64
cache_alignment	: 64
address sizes	: 48 bits physical, 48 bits virtual
power management: ts ttp tm stc 100mhzsteps hwpstate

processor	: 2
vendor_id	: AuthenticAMD
cpu family	: 16
model		: 4
model name	: AMD Phenom(tm) II X4 945 Processor
stepping	: 3
cpu MHz		: 3010.822
cache size	: 512 KB
physical id	: 0
siblings	: 4
core id		: 2
cpu cores	: 4
apicid		: 2
initial apicid	: 2
fdiv_bug	: no
hlt_bug		: no
f00f_bug	: no
coma_bug	: no
fpu		: yes
fpu_exception	: yes
cpuid level	: 5
wp		: yes
flags		: fpu vme de pse tsc msr pae mce cx8 apic mtrr pge mca cmov pat pse36 clflush mmx fxsr sse sse2 ht syscall nx mmxext fxsr_opt pdpe1gb rdtscp lm 3dnowext 3dnow constant_tsc nonstop_tsc extd_apicid pni monitor cx16 popcnt lahf_lm cmp_legacy svm extapic cr8_legacy abm sse4a misalignsse 3dnowprefetch osvw ibs skinit wdt npt lbrv svm_lock nrip_save
bogomips	: 6020.55
clflush size	: 64
cache_alignment	: 64
address sizes	: 48 bits physical, 48 bits virtual
power management: ts ttp tm stc 100mhzsteps hwpstate

processor	: 3
vendor_id	: AuthenticAMD
cpu family	: 16
model		: 4
model name	: AMD Phenom(tm) II X4 945 Processor
stepping	: 3
cpu MHz		: 3010.822
cache size	: 512 KB
physical id	: 0
siblings	: 4
core id		: 3
cpu cores	: 4
apicid		: 3
initial apicid	: 3
fdiv_bug	: no
hlt_bug		: no
f00f_bug	: no
coma_bug	: no
fpu		: yes
fpu_exception	: yes
cpuid level	: 5
wp		: yes
flags		: fpu vme de pse tsc msr pae mce cx8 apic mtrr pge mca cmov pat pse36 clflush mmx fxsr sse sse2 ht syscall nx mmxext fxsr_opt pdpe1gb rdtscp lm 3dnowext 3dnow constant_tsc nonstop_tsc extd_apicid pni monitor cx16 popcnt lahf_lm cmp_legacy svm extapic cr8_legacy abm sse4a misalignsse 3dnowprefetch osvw ibs skinit wdt npt lbrv svm_lock nrip_save
bogomips	: 6020.55
clflush size	: 64
cache_alignment	: 64
address sizes	: 48 bits physical, 48 bits virtual
power management: ts ttp tm stc 100mhzsteps hwpstate



Memory: 4k page, physical 3356112k(480296k free), swap 14645240k(14645240k free)

vm_info: Java HotSpot(TM) Server VM (20.1-b02) for linux-x86 JRE (1.6.0_26-b03), built on May  4 2011 01:04:10 by "java_re" with gcc 3.2.1-7a (J2SE release)

time: Thu Apr  5 20:41:53 2012
elapsed time: 0 seconds

