#
# A fatal error has been detected by the Java Runtime Environment:
#
#  SIGSEGV (0xb) at pc=0x7ad6fd5a, pid=4671, tid=2061552496
#
# JRE version: 6.0_26-b03
# Java VM: Java HotSpot(TM) Server VM (20.1-b02 mixed mode linux-x86 )
# Problematic frame:
# C  [libOpenNI.so+0x33d5a]  long long+0x1a
#
# If you would like to submit a bug report, please visit:
#   http://java.sun.com/webapps/bugreport/crash.jsp
# The crash happened outside the Java Virtual Machine in native code.
# See problematic frame for where to report the bug.
#

---------------  T H R E A D  ---------------

Current thread (0x7afd8400):  JavaThread "Animation Thread" [_thread_in_native, id=4699, stack(0x7adbc000,0x7ae0d000)]

siginfo:si_signo=SIGSEGV: si_errno=0, si_code=1 (SEGV_MAPERR), si_addr=0x00000000

Registers:
EAX=0x00000000, EBX=0x7adb9ff4, ECX=0x00000001, EDX=0x6dc6db10
ESP=0x7ae0bc60, EBP=0x7ae0bc88, ESI=0x00000000, EDI=0x7afd8400
EIP=0x7ad6fd5a, EFLAGS=0x00210202, CR2=0x00000000

Top of Stack: (sp=0x7ae0bc60)
0x7ae0bc60:   7ad90ad9 7abfcff4 7ae0bca8 7abbff8c
0x7ae0bc70:   6dc6d630 6dc6daa0 00000000 00000000
0x7ae0bc80:   7abfcff4 7cc5a5a0 7ae0bca8 7abb298c
0x7ae0bc90:   00000000 6dc6db10 b6d16d01 7abfcff4
0x7ae0bca0:   7cc5a5a0 7abfcff4 7ae0bcd8 7abb96f1
0x7ae0bcb0:   6dc6daa0 6dc6db10 00000000 00000000
0x7ae0bcc0:   7afd8400 7ae0bce4 b6ca90ec 7ae0bd01
0x7ae0bcd0:   7abfcff4 7cc5a5a0 7ae0bcf8 7abb9825 

Instructions: (pc=0x7ad6fd5a)
0x7ad6fd3a:   bc 27 00 00 00 00 55 89 e5 83 ec 28 89 75 fc 8b
0x7ad6fd4a:   75 08 89 5d f8 e8 13 a8 fd ff 81 c3 a0 a2 04 00
0x7ad6fd5a:   8b 06 8b 50 08 85 d2 74 0c 8b 40 04 8b 00 a9 00
0x7ad6fd6a:   00 01 00 75 11 8b 5d f8 b8 12 00 01 00 8b 75 fc 

Register to memory mapping:

EAX=0x00000000 is an unknown value
EBX=0x7adb9ff4: <offset 0x7dff4> in /usr/lib/libOpenNI.so at 0x7ad3c000
ECX=0x00000001 is an unknown value
EDX=0x6dc6db10 is an unknown value
ESP=0x7ae0bc60 is pointing into the stack for thread: 0x7afd8400
EBP=0x7ae0bc88 is pointing into the stack for thread: 0x7afd8400
ESI=0x00000000 is an unknown value
EDI=0x7afd8400 is a thread


Stack: [0x7adbc000,0x7ae0d000],  sp=0x7ae0bc60,  free space=319k
Native frames: (J=compiled Java code, j=interpreted, Vv=VM code, C=native code)
C  [libOpenNI.so+0x33d5a]  long long+0x1a
C  [libSimpleOpenNI.so+0x9a98c]  xn::MapGenerator::SetMapOutputMode(XnMapOutputMode const&)+0x26
C  [libSimpleOpenNI.so+0xa16f1]  sOpenNI::ContextWrapper::createDepth(bool)+0xdb
C  [libSimpleOpenNI.so+0xa1825]  sOpenNI::ContextWrapper::enableDepth()+0x6b
C  [libSimpleOpenNI.so+0x848c6]  Java_SimpleOpenNI_SimpleOpenNIJNI_ContextWrapper_1enableDepthSwigExplicitContextWrapper_1_1SWIG_10+0x3c
j  SimpleOpenNI.SimpleOpenNIJNI.ContextWrapper_enableDepthSwigExplicitContextWrapper__SWIG_0(JLSimpleOpenNI/ContextWrapper;)Z+0
j  SimpleOpenNI.ContextWrapper.enableDepth()Z+26
j  SimpleOpenNI.SimpleOpenNI.enableDepth()Z+1
j  remixlab.devices.Kinect.<init>(Lprocessing/core/PApplet;)V+36
j  devices3d.Devices3d.setup()V+18
j  processing.core.PApplet.handleDraw()V+65
j  processing.core.PApplet.run()V+72
j  java.lang.Thread.run()V+11
v  ~StubRoutines::call_stub
V  [libjvm.so+0x3dff01]  JavaCalls::call_helper(JavaValue*, methodHandle*, JavaCallArguments*, Thread*)+0x1c1
V  [libjvm.so+0x5e1298]  os::os_exception_wrapper(void (*)(JavaValue*, methodHandle*, JavaCallArguments*, Thread*), JavaValue*, methodHandle*, JavaCallArguments*, Thread*)+0x18
V  [libjvm.so+0x3df775]  JavaCalls::call_virtual(JavaValue*, KlassHandle, symbolHandle, symbolHandle, JavaCallArguments*, Thread*)+0xc5
V  [libjvm.so+0x3df838]  JavaCalls::call_virtual(JavaValue*, Handle, KlassHandle, symbolHandle, symbolHandle, Thread*)+0x58
V  [libjvm.so+0x4642d7]  thread_entry(JavaThread*, Thread*)+0xa7
V  [libjvm.so+0x6e16bf]  JavaThread::run()+0x11f
V  [libjvm.so+0x5e2aee]  java_start(Thread*)+0x14e
C  [libpthread.so.0+0x6d31]  short+0xd1

Java frames: (J=compiled Java code, j=interpreted, Vv=VM code)
j  SimpleOpenNI.SimpleOpenNIJNI.ContextWrapper_enableDepthSwigExplicitContextWrapper__SWIG_0(JLSimpleOpenNI/ContextWrapper;)Z+0
j  SimpleOpenNI.ContextWrapper.enableDepth()Z+26
j  SimpleOpenNI.SimpleOpenNI.enableDepth()Z+1
j  remixlab.devices.Kinect.<init>(Lprocessing/core/PApplet;)V+36
j  devices3d.Devices3d.setup()V+18
j  processing.core.PApplet.handleDraw()V+65
j  processing.core.PApplet.run()V+72
j  java.lang.Thread.run()V+11
v  ~StubRoutines::call_stub

---------------  P R O C E S S  ---------------

Java Threads: ( => current thread )
=>0x7afd8400 JavaThread "Animation Thread" [_thread_in_native, id=4699, stack(0x7adbc000,0x7ae0d000)]
  0x7afd7c00 JavaThread "AWT-EventQueue-1" [_thread_blocked, id=4698, stack(0x7ae0d000,0x7ae5e000)]
  0x7afd3000 JavaThread "DestroyJavaVM" [_thread_blocked, id=4676, stack(0xb69f6000,0xb6a47000)]
  0x7af69400 JavaThread "AWT-EventQueue-0" [_thread_blocked, id=4696, stack(0x7ae5e000,0x7aeaf000)]
  0x7af67800 JavaThread "AWT-Shutdown" [_thread_blocked, id=4695, stack(0x7aeaf000,0x7af00000)]
  0x7af63400 JavaThread "thread applet-devices3d.Devices3d.class" [_thread_blocked, id=4694, stack(0x7b0d7000,0x7b128000)]
  0x7af4c800 JavaThread "AWT-XAWT" daemon [_thread_in_native, id=4692, stack(0x7b128000,0x7b179000)]
  0x7b58dc00 JavaThread "Java2D Disposer" daemon [_thread_blocked, id=4691, stack(0x7b1cc000,0x7b21d000)]
  0x7beab000 JavaThread "Low Memory Detector" daemon [_thread_blocked, id=4689, stack(0x7b6b0000,0x7b701000)]
  0x7bea9400 JavaThread "C2 CompilerThread1" daemon [_thread_blocked, id=4688, stack(0x7b701000,0x7b782000)]
  0x7bea7400 JavaThread "C2 CompilerThread0" daemon [_thread_blocked, id=4687, stack(0x7b782000,0x7b803000)]
  0x7bea5c00 JavaThread "Signal Dispatcher" daemon [_thread_blocked, id=4686, stack(0x7b803000,0x7b854000)]
  0x7be97800 JavaThread "Finalizer" daemon [_thread_blocked, id=4685, stack(0x7bbc6000,0x7bc17000)]
  0x7be96000 JavaThread "Reference Handler" daemon [_thread_blocked, id=4684, stack(0x7bc17000,0x7bc68000)]

Other Threads:
  0x7be92400 VMThread [stack: 0x7bf0a000,0x7bf8b000] [id=4683]
  0x7beb5000 WatcherThread [stack: 0x7b62f000,0x7b6b0000] [id=4690]

VM state:not at safepoint (normal execution)

VM Mutex/Monitor currently owned by a thread: None

Heap
 PSYoungGen      total 64448K, used 41186K [0xa2760000, 0xab160000, 0xb38b0000)
  eden space 27520K, 15% used [0xa2760000,0xa2b8c940,0xa4240000)
  from space 36928K, 99% used [0xa72d0000,0xa96dc0e0,0xa96e0000)
  to   space 49728K, 0% used [0xa4240000,0xa4240000,0xa72d0000)
 PSOldGen        total 118272K, used 88223K [0x804b0000, 0x87830000, 0xa2760000)
  object space 118272K, 74% used [0x804b0000,0x85ad7e80,0x87830000)
 PSPermGen       total 17408K, used 8005K [0x7c4b0000, 0x7d5b0000, 0x804b0000)
  object space 17408K, 45% used [0x7c4b0000,0x7cc817c0,0x7d5b0000)

Code Cache  [0xb397a000, 0xb3bba000, 0xb697a000)
 total_blobs=348 nmethods=61 adapters=242 free_code_cache=49853440 largest_free_block=7424

Dynamic libraries:
08048000-08052000 r-xp 00000000 08:08 1181081    /usr/lib/jvm/java-6-sun-1.6.0.26/jre/bin/java
08052000-08053000 rwxp 00009000 08:08 1181081    /usr/lib/jvm/java-6-sun-1.6.0.26/jre/bin/java
09496000-09a2b000 rwxp 00000000 00:00 0          [heap]
6cffe000-6cfff000 ---p 00000000 00:00 0 
6cfff000-6d7ff000 rwxp 00000000 00:00 0 
6dc00000-6dcca000 rwxp 00000000 00:00 0 
6dcca000-6dd00000 ---p 00000000 00:00 0 
6de00000-6defd000 rwxp 00000000 00:00 0 
6defd000-6df00000 ---p 00000000 00:00 0 
6dfa5000-6e200000 rwxp 00000000 00:00 0 
6e200000-6e2fd000 rwxp 00000000 00:00 0 
6e2fd000-6e300000 ---p 00000000 00:00 0 
6e349000-6e800000 rwxp 00000000 00:00 0 
6e800000-6e8ff000 rwxp 00000000 00:00 0 
6e8ff000-6e900000 ---p 00000000 00:00 0 
6e969000-6ea00000 rwxp 00000000 00:00 0 
6ea00000-6eafa000 rwxp 00000000 00:00 0 
6eafa000-6eb00000 ---p 00000000 00:00 0 
6eb69000-6ec00000 rwxp 00000000 00:00 0 
6ec00000-6ee00000 rwxp 00000000 00:00 0 
6ee00000-6effc000 rwxp 00000000 00:00 0 
6effc000-6f000000 ---p 00000000 00:00 0 
6f000000-6f100000 rwxp 00000000 00:00 0 
6f113000-6f57a000 rwxp 00000000 00:00 0 
6f57a000-6f8fe000 r-xs 00000000 00:12 46840      /run/shm/4701_045e.02ae@1.7_Depth
6f8fe000-6f8ff000 ---p 00000000 00:00 0 
6f8ff000-70500000 rwxp 00000000 00:00 0 
70500000-70572000 rwxp 00000000 00:00 0 
70572000-70600000 ---p 00000000 00:00 0 
70669000-70700000 rwxp 00000000 00:00 0 
70700000-707fd000 rwxp 00000000 00:00 0 
707fd000-70800000 ---p 00000000 00:00 0 
70869000-70900000 rwxp 00000000 00:00 0 
70900000-709fd000 rwxp 00000000 00:00 0 
709fd000-70a00000 ---p 00000000 00:00 0 
70a85000-71100000 rwxp 00000000 00:00 0 
71100000-711dd000 rwxp 00000000 00:00 0 
711dd000-71200000 ---p 00000000 00:00 0 
71200000-712fb000 rwxp 00000000 00:00 0 
712fb000-71300000 ---p 00000000 00:00 0 
71369000-71400000 rwxp 00000000 00:00 0 
71400000-71600000 rwxp 00000000 00:00 0 
71600000-716ff000 rwxp 00000000 00:00 0 
716ff000-71700000 ---p 00000000 00:00 0 
71700000-717fb000 rwxp 00000000 00:00 0 
717fb000-71800000 ---p 00000000 00:00 0 
71800000-719fc000 rwxp 00000000 00:00 0 
719fc000-71a00000 ---p 00000000 00:00 0 
71a00000-71b00000 rwxp 00000000 00:00 0 
71b7c000-71fe3000 rwxp 00000000 00:00 0 
71fe3000-72367000 r-xs 00000000 00:12 46840      /run/shm/4701_045e.02ae@1.7_Depth
72367000-723fe000 rwxp 00000000 00:00 0 
723fe000-723ff000 ---p 00000000 00:00 0 
723ff000-73000000 rwxp 00000000 00:00 0 
73000000-73200000 rwxp 00000000 00:00 0 
73200000-732fb000 rwxp 00000000 00:00 0 
732fb000-73300000 ---p 00000000 00:00 0 
7330e000-73600000 rwxp 00000000 00:00 0 
73600000-736fb000 rwxp 00000000 00:00 0 
736fb000-73700000 ---p 00000000 00:00 0 
73749000-73c00000 rwxp 00000000 00:00 0 
73c00000-73cff000 rwxp 00000000 00:00 0 
73cff000-73d00000 ---p 00000000 00:00 0 
73d69000-73e00000 rwxp 00000000 00:00 0 
73e00000-73edc000 rwxp 00000000 00:00 0 
73edc000-73f00000 ---p 00000000 00:00 0 
73f69000-74000000 rwxp 00000000 00:00 0 
74000000-740f7000 rwxp 00000000 00:00 0 
740f7000-74100000 ---p 00000000 00:00 0 
74100000-74200000 rwxp 00000000 00:00 0 
74200000-74400000 rwxp 00000000 00:00 0 
74400000-74600000 rwxp 00000000 00:00 0 
74600000-74700000 rwxp 00000000 00:00 0 
74713000-74b7a000 rwxp 00000000 00:00 0 
74b7a000-74efe000 r-xs 00000000 00:12 46840      /run/shm/4701_045e.02ae@1.7_Depth
74efe000-74eff000 ---p 00000000 00:00 0 
74eff000-75b00000 rwxp 00000000 00:00 0 
75b00000-75c00000 rwxp 00000000 00:00 0 
75c4b000-76100000 rwxp 00000000 00:00 0 
76100000-761f3000 rwxp 00000000 00:00 0 
761f3000-76200000 ---p 00000000 00:00 0 
76269000-76300000 rwxp 00000000 00:00 0 
76300000-763f9000 rwxp 00000000 00:00 0 
763f9000-76400000 ---p 00000000 00:00 0 
76457000-76c00000 rwxp 00000000 00:00 0 
76c00000-76cfe000 rwxp 00000000 00:00 0 
76cfe000-76d00000 ---p 00000000 00:00 0 
76d69000-76e00000 rwxp 00000000 00:00 0 
76e00000-76efa000 rwxp 00000000 00:00 0 
76efa000-76f00000 ---p 00000000 00:00 0 
76f69000-77000000 rwxp 00000000 00:00 0 
77000000-77200000 rwxp 00000000 00:00 0 
77200000-772ff000 rwxp 00000000 00:00 0 
772ff000-77300000 ---p 00000000 00:00 0 
7733b000-77500000 rwxp 00000000 00:00 0 
77500000-776e7000 rwxp 00000000 00:00 0 
776e7000-77700000 ---p 00000000 00:00 0 
77700000-777fc000 rwxp 00000000 00:00 0 
777fc000-77800000 ---p 00000000 00:00 0 
77800000-778f7000 rwxp 00000000 00:00 0 
778f7000-77900000 ---p 00000000 00:00 0 
77900000-77af8000 rwxp 00000000 00:00 0 
77af8000-77b00000 ---p 00000000 00:00 0 
77b00000-77d00000 rwxp 00000000 00:00 0 
77d00000-77e00000 rwxp 00000000 00:00 0 
77e70000-782d7000 rwxp 00000000 00:00 0 
782d7000-7865b000 r-xs 00000000 00:12 46840      /run/shm/4701_045e.02ae@1.7_Depth
7865b000-786f2000 rwxp 00000000 00:00 0 
786f2000-786f3000 ---p 00000000 00:00 0 
786f3000-792f4000 rwxp 00000000 00:00 0 
792f4000-7937d000 r-xp 00000000 08:08 1070238    /usr/lib/libXnDeviceSensorV2KM.so
7937d000-79386000 r-xp 00088000 08:08 1070238    /usr/lib/libXnDeviceSensorV2KM.so
79386000-79387000 rwxp 00091000 08:08 1070238    /usr/lib/libXnDeviceSensorV2KM.so
79387000-79467000 r-xp 00000000 08:08 1064091    /usr/lib/libXnVHandGenerator_1_5_0.so
79467000-7946a000 r-xp 000df000 08:08 1064091    /usr/lib/libXnVHandGenerator_1_5_0.so
7946a000-7946b000 rwxp 000e2000 08:08 1064091    /usr/lib/libXnVHandGenerator_1_5_0.so
7946b000-79477000 rwxp 00000000 00:00 0 
79477000-7986a000 r-xp 00000000 08:08 1064087    /usr/lib/libXnVFeatures_1_5_0.so
7986a000-7986b000 ---p 003f3000 08:08 1064087    /usr/lib/libXnVFeatures_1_5_0.so
7986b000-79873000 r-xp 003f3000 08:08 1064087    /usr/lib/libXnVFeatures_1_5_0.so
79873000-79874000 rwxp 003fb000 08:08 1064087    /usr/lib/libXnVFeatures_1_5_0.so
79874000-79888000 rwxp 00000000 00:00 0 
79888000-798b5000 r-xp 00000000 08:08 1064003    /usr/lib/libXnDeviceFile.so
798b5000-798b6000 r-xp 0002d000 08:08 1064003    /usr/lib/libXnDeviceFile.so
798b6000-798b7000 rwxp 0002e000 08:08 1064003    /usr/lib/libXnDeviceFile.so
798b7000-79909000 r-xp 00000000 08:08 1064002    /usr/lib/libXnDDK.so
79909000-7990b000 r-xp 00051000 08:08 1064002    /usr/lib/libXnDDK.so
7990b000-7990c000 rwxp 00053000 08:08 1064002    /usr/lib/libXnDDK.so
7990c000-79930000 r-xp 00000000 08:08 1064005    /usr/lib/libXnFormats.so
79930000-79931000 r-xp 00023000 08:08 1064005    /usr/lib/libXnFormats.so
79931000-79932000 rwxp 00024000 08:08 1064005    /usr/lib/libXnFormats.so
79932000-79952000 rwxp 00000000 00:00 0 
7996e000-79a07000 r-xp 00000000 08:08 1064004    /usr/lib/libXnDeviceSensorV2.so
79a07000-79a10000 r-xp 00098000 08:08 1064004    /usr/lib/libXnDeviceSensorV2.so
79a10000-79a11000 rwxp 000a1000 08:08 1064004    /usr/lib/libXnDeviceSensorV2.so
79a11000-79af4000 r-xp 00000000 08:08 1064000    /usr/lib/libXnVHandGenerator_1_5_2.so
79af4000-79af7000 r-xp 000e3000 08:08 1064000    /usr/lib/libXnVHandGenerator_1_5_2.so
79af7000-79af8000 rwxp 000e6000 08:08 1064000    /usr/lib/libXnVHandGenerator_1_5_2.so
79af8000-79b04000 rwxp 00000000 00:00 0 
79b04000-79bd9000 r-xp 00000000 08:08 1063997    /usr/lib/libXnVHandGenerator_1_4_2.so
79bd9000-79bda000 ---p 000d5000 08:08 1063997    /usr/lib/libXnVHandGenerator_1_4_2.so
79bda000-79bdc000 r-xp 000d5000 08:08 1063997    /usr/lib/libXnVHandGenerator_1_4_2.so
79bdc000-79bdd000 rwxp 000d7000 08:08 1063997    /usr/lib/libXnVHandGenerator_1_4_2.so
79bdd000-79bdf000 rwxp 00000000 00:00 0 
79bdf000-79cb3000 r-xp 00000000 08:08 1063994    /usr/lib/libXnVHandGenerator_1_4_1.so
79cb3000-79cb4000 ---p 000d4000 08:08 1063994    /usr/lib/libXnVHandGenerator_1_4_1.so
79cb4000-79cb6000 r-xp 000d4000 08:08 1063994    /usr/lib/libXnVHandGenerator_1_4_1.so
79cb6000-79cb7000 rwxp 000d6000 08:08 1063994    /usr/lib/libXnVHandGenerator_1_4_1.so
79cb7000-79cb9000 rwxp 00000000 00:00 0 
79cb9000-79d97000 r-xp 00000000 08:08 1063991    /usr/lib/libXnVHandGenerator_1_3_1.so
79d97000-79d9a000 r-xp 000dd000 08:08 1063991    /usr/lib/libXnVHandGenerator_1_3_1.so
79d9a000-79d9b000 rwxp 000e0000 08:08 1063991    /usr/lib/libXnVHandGenerator_1_3_1.so
79d9b000-79d9d000 rwxp 00000000 00:00 0 
79d9d000-7a19e000 r-xp 00000000 08:08 1063984    /usr/lib/libXnVFeatures_1_5_2.so
7a19e000-7a19f000 ---p 00401000 08:08 1063984    /usr/lib/libXnVFeatures_1_5_2.so
7a19f000-7a1a7000 r-xp 00401000 08:08 1063984    /usr/lib/libXnVFeatures_1_5_2.so
7a1a7000-7a1a8000 rwxp 00409000 08:08 1063984    /usr/lib/libXnVFeatures_1_5_2.so
7a1a8000-7a1bc000 rwxp 00000000 00:00 0 
7a1bc000-7a3a3000 r-xp 00000000 08:08 1063973    /usr/lib/libXnVFeatures_1_4_2.so
7a3a3000-7a3a6000 r-xp 001e6000 08:08 1063973    /usr/lib/libXnVFeatures_1_4_2.so
7a3a6000-7a3a7000 rwxp 001e9000 08:08 1063973    /usr/lib/libXnVFeatures_1_4_2.so
7a3a7000-7a3ac000 rwxp 00000000 00:00 0 
7a3ac000-7a593000 r-xp 00000000 08:08 1063968    /usr/lib/libXnVFeatures_1_4_1.so
7a593000-7a596000 r-xp 001e6000 08:08 1063968    /usr/lib/libXnVFeatures_1_4_1.so
7a596000-7a597000 rwxp 001e9000 08:08 1063968    /usr/lib/libXnVFeatures_1_4_1.so
7a597000-7a59c000 rwxp 00000000 00:00 0 
7a59c000-7a7ba000 r-xp 00000000 08:08 1063963    /usr/lib/libXnVFeatures_1_3_1.so
7a7ba000-7a7bb000 ---p 0021e000 08:08 1063963    /usr/lib/libXnVFeatures_1_3_1.so
7a7bb000-7a7be000 r-xp 0021e000 08:08 1063963    /usr/lib/libXnVFeatures_1_3_1.so
7a7be000-7a7bf000 rwxp 00221000 08:08 1063963    /usr/lib/libXnVFeatures_1_3_1.so
7a7bf000-7a7c4000 rwxp 00000000 00:00 0 
7a7c4000-7a7e7000 r-xp 00000000 08:08 1063813    /usr/lib/libnimRecorder.so
7a7e7000-7a7e8000 r-xp 00023000 08:08 1063813    /usr/lib/libnimRecorder.so
7a7e8000-7a7e9000 rwxp 00024000 08:08 1063813    /usr/lib/libnimRecorder.so
7a7e9000-7a81d000 r-xp 00000000 08:08 1063811    /usr/lib/libnimCodecs.so
7a81d000-7a81e000 ---p 00034000 08:08 1063811    /usr/lib/libnimCodecs.so
7a81e000-7a820000 r-xp 00034000 08:08 1063811    /usr/lib/libnimCodecs.so
7a820000-7a821000 rwxp 00036000 08:08 1063811    /usr/lib/libnimCodecs.so
7a821000-7a841000 rwxp 00000000 00:00 0 
7a841000-7a91f000 r-xp 00000000 08:08 1056768    /usr/lib/i386-linux-gnu/libstdc++.so.6.0.16
7a91f000-7a920000 ---p 000de000 08:08 1056768    /usr/lib/i386-linux-gnu/libstdc++.so.6.0.16
7a920000-7a924000 r-xp 000de000 08:08 1056768    /usr/lib/i386-linux-gnu/libstdc++.so.6.0.16
7a924000-7a925000 rwxp 000e2000 08:08 1056768    /usr/lib/i386-linux-gnu/libstdc++.so.6.0.16
7a925000-7a92c000 rwxp 00000000 00:00 0 
7a92c000-7a9fc000 r-xp 00000000 08:08 1063882    /usr/lib/libXnVNite_1_3_1.so
7a9fc000-7a9ff000 r-xp 000cf000 08:08 1063882    /usr/lib/libXnVNite_1_3_1.so
7a9ff000-7aa00000 rwxp 000d2000 08:08 1063882    /usr/lib/libXnVNite_1_3_1.so
7aa00000-7ab00000 rwxp 00000000 00:00 0 
7ab18000-7abfa000 r-xp 00000000 08:08 1588310    /home/alejo/Dropbox/code/devices3d/lib/user/SimpleOpenNI/libSimpleOpenNI.so
7abfa000-7abfb000 ---p 000e2000 08:08 1588310    /home/alejo/Dropbox/code/devices3d/lib/user/SimpleOpenNI/libSimpleOpenNI.so
7abfb000-7abfd000 r-xp 000e2000 08:08 1588310    /home/alejo/Dropbox/code/devices3d/lib/user/SimpleOpenNI/libSimpleOpenNI.so
7abfd000-7ac00000 rwxp 000e4000 08:08 1588310    /home/alejo/Dropbox/code/devices3d/lib/user/SimpleOpenNI/libSimpleOpenNI.so
7ac00000-7ad00000 rwxp 00000000 00:00 0 
7ad04000-7ad35000 r-xp 00000000 08:08 1063812    /usr/lib/libnimMockNodes.so
7ad35000-7ad3b000 r-xp 00031000 08:08 1063812    /usr/lib/libnimMockNodes.so
7ad3b000-7ad3c000 rwxp 00037000 08:08 1063812    /usr/lib/libnimMockNodes.so
7ad3c000-7adb8000 r-xp 00000000 08:08 1063815    /usr/lib/libOpenNI.so
7adb8000-7adba000 r-xp 0007c000 08:08 1063815    /usr/lib/libOpenNI.so
7adba000-7adbc000 rwxp 0007e000 08:08 1063815    /usr/lib/libOpenNI.so
7adbc000-7adbf000 ---p 00000000 00:00 0 
7adbf000-7ae0d000 rwxp 00000000 00:00 0 
7ae0d000-7ae10000 ---p 00000000 00:00 0 
7ae10000-7ae5e000 rwxp 00000000 00:00 0 
7ae5e000-7ae61000 ---p 00000000 00:00 0 
7ae61000-7aeaf000 rwxp 00000000 00:00 0 
7aeaf000-7aeb2000 ---p 00000000 00:00 0 
7aeb2000-7af00000 rwxp 00000000 00:00 0 
7af00000-7b000000 rwxp 00000000 00:00 0 
7b01a000-7b036000 r-xp 00000000 08:08 1573816    /lib/i386-linux-gnu/libgcc_s.so.1
7b036000-7b037000 r-xp 0001b000 08:08 1573816    /lib/i386-linux-gnu/libgcc_s.so.1
7b037000-7b038000 rwxp 0001c000 08:08 1573816    /lib/i386-linux-gnu/libgcc_s.so.1
7b038000-7b039000 r-xs 00000000 08:08 1188895    /var/cache/fontconfig/c05880de57d1f5e948fdfacc138775d9-le32d4.cache-3
7b039000-7b03f000 r-xs 00000000 08:08 1188892    /var/cache/fontconfig/945677eb7aeaf62f1d50efc3fb3ec7d8-le32d4.cache-3
7b03f000-7b041000 r-xs 00000000 08:08 1188893    /var/cache/fontconfig/99e8ed0e538f840c565b6ed5dad60d56-le32d4.cache-3
7b041000-7b044000 r-xs 00000000 08:08 1206717    /var/cache/fontconfig/e383d7ea5fbe662a33d9b44caf393297-le32d4.cache-3
7b044000-7b047000 r-xs 00000000 08:08 1188879    /var/cache/fontconfig/2cd17615ca594fa2959ae173292e504c-le32d4.cache-3
7b047000-7b048000 r-xs 00000000 08:08 1188903    /var/cache/fontconfig/e7071f4a29fa870f4323321c154eba04-le32d4.cache-3
7b048000-7b04a000 r-xs 00000000 08:08 1191776    /var/cache/fontconfig/b5ea634b0fb353b8ea17632d1f9ef766-le32d4.cache-3
7b04a000-7b04e000 r-xs 00000000 08:08 1188889    /var/cache/fontconfig/6eb3985aa4124903f6ff08ba781cd364-le32d4.cache-3
7b04e000-7b052000 r-xs 00000000 08:08 1188894    /var/cache/fontconfig/a755afe4a08bf5b97852ceb7400b47bc-le32d4.cache-3
7b052000-7b056000 r-xs 00000000 08:08 1188884    /var/cache/fontconfig/515ca1ebc4b18308bea979be5704f9db-le32d4.cache-3
7b056000-7b05d000 r-xs 00000000 08:08 1188888    /var/cache/fontconfig/6d41288fd70b0be22e8c3a91e032eec0-le32d4.cache-3
7b05d000-7b068000 r-xs 00000000 08:08 1188877    /var/cache/fontconfig/0f34bcd4b6ee430af32735b75db7f02b-le32d4.cache-3
7b068000-7b08a000 r-xs 00000000 08:08 1206716    /var/cache/fontconfig/365b55f210c0a22e9a19e35191240f32-le32d4.cache-3
7b08a000-7b097000 r-xs 00000000 08:08 1188899    /var/cache/fontconfig/d52a8644073d54c13679302ca1180695-le32d4.cache-3
7b097000-7b0a5000 r-xs 00000000 08:08 1190496    /var/cache/fontconfig/e13b20fdb08344e0e664864cc2ede53d-le32d4.cache-3
7b0a7000-7b0b2000 r-xp 00000000 08:08 408705     /opt/microchip/mplabx/mplab_ide/mplablibs/modules/lib/libusb-1.0.so.0.0.0
7b0b2000-7b0b3000 rwxp 0000a000 08:08 408705     /opt/microchip/mplabx/mplab_ide/mplablibs/modules/lib/libusb-1.0.so.0.0.0
7b0ce000-7b0cf000 rwxp 00000000 00:00 0 
7b0cf000-7b0d6000 r-xp 00000000 08:08 1181319    /usr/lib/jvm/java-6-sun-1.6.0.26/jre/lib/i386/libnio.so
7b0d6000-7b0d7000 rwxp 00006000 08:08 1181319    /usr/lib/jvm/java-6-sun-1.6.0.26/jre/lib/i386/libnio.so
7b0d7000-7b0da000 ---p 00000000 00:00 0 
7b0da000-7b128000 rwxp 00000000 00:00 0 
7b128000-7b12b000 ---p 00000000 00:00 0 
7b12b000-7b179000 rwxp 00000000 00:00 0 
7b179000-7b17d000 r-xp 00000000 08:08 1056426    /usr/lib/i386-linux-gnu/libXfixes.so.3.1.0
7b17d000-7b17e000 r-xp 00003000 08:08 1056426    /usr/lib/i386-linux-gnu/libXfixes.so.3.1.0
7b17e000-7b17f000 rwxp 00004000 08:08 1056426    /usr/lib/i386-linux-gnu/libXfixes.so.3.1.0
7b17f000-7b188000 r-xp 00000000 08:08 1056446    /usr/lib/i386-linux-gnu/libXrender.so.1.3.0
7b188000-7b189000 r-xp 00008000 08:08 1056446    /usr/lib/i386-linux-gnu/libXrender.so.1.3.0
7b189000-7b18a000 rwxp 00009000 08:08 1056446    /usr/lib/i386-linux-gnu/libXrender.so.1.3.0
7b18a000-7b193000 r-xp 00000000 08:08 1056410    /usr/lib/i386-linux-gnu/libXcursor.so.1.0.2
7b193000-7b194000 r-xp 00008000 08:08 1056410    /usr/lib/i386-linux-gnu/libXcursor.so.1.0.2
7b194000-7b195000 rwxp 00009000 08:08 1056410    /usr/lib/i386-linux-gnu/libXcursor.so.1.0.2
7b195000-7b198000 r-xp 00000000 08:08 1064001    /usr/lib/libXnCore.so
7b198000-7b199000 r-xp 00002000 08:08 1064001    /usr/lib/libXnCore.so
7b199000-7b19a000 rwxp 00003000 08:08 1064001    /usr/lib/libXnCore.so
7b19a000-7b19b000 r-xp 00000000 08:08 1181308    /usr/lib/jvm/java-6-sun-1.6.0.26/jre/lib/i386/libjawt.so
7b19b000-7b19c000 rwxp 00000000 08:08 1181308    /usr/lib/jvm/java-6-sun-1.6.0.26/jre/lib/i386/libjawt.so
7b19c000-7b1b0000 r-xp 00000000 08:08 1181318    /usr/lib/jvm/java-6-sun-1.6.0.26/jre/lib/i386/libnet.so
7b1b0000-7b1b1000 rwxp 00013000 08:08 1181318    /usr/lib/jvm/java-6-sun-1.6.0.26/jre/lib/i386/libnet.so
7b1b1000-7b1b2000 r-xs 00000000 08:08 1188883    /var/cache/fontconfig/4c73fe0c47614734b17d736dbde7580a-le32d4.cache-3
7b1b2000-7b1b5000 r-xs 00000000 08:08 1188900    /var/cache/fontconfig/d60319d88cac85ba9e1a07bd06cfbb8c-le32d4.cache-3
7b1b5000-7b1bb000 r-xs 00000000 08:08 1206713    /var/cache/fontconfig/153bb866d4d26e7cd19eee2129f8d8d2-le32d4.cache-3
7b1bb000-7b1be000 r-xs 00000000 08:08 1206715    /var/cache/fontconfig/7ef2298fde41cc6eeb7af42e48b7d293-le32d4.cache-3
7b1be000-7b1cc000 r-xs 00000000 08:08 1190505    /var/cache/fontconfig/865f88548240fee46819705c6468c165-le32d4.cache-3
7b1cc000-7b1cf000 ---p 00000000 00:00 0 
7b1cf000-7b21d000 rwxp 00000000 00:00 0 
7b21d000-7b296000 r-xp 00000000 08:08 1181295    /usr/lib/jvm/java-6-sun-1.6.0.26/jre/lib/i386/libfontmanager.so
7b296000-7b2a0000 rwxp 00078000 08:08 1181295    /usr/lib/jvm/java-6-sun-1.6.0.26/jre/lib/i386/libfontmanager.so
7b2a0000-7b2a5000 rwxp 00000000 00:00 0 
7b2a5000-7b2c2000 r-xp 00000000 08:08 1056813    /usr/lib/i386-linux-gnu/libxcb.so.1.1.0
7b2c2000-7b2c3000 r-xp 0001c000 08:08 1056813    /usr/lib/i386-linux-gnu/libxcb.so.1.1.0
7b2c3000-7b2c4000 rwxp 0001d000 08:08 1056813    /usr/lib/i386-linux-gnu/libxcb.so.1.1.0
7b2c4000-7b2d2000 r-xp 00000000 08:08 1056434    /usr/lib/i386-linux-gnu/libXi.so.6.1.0
7b2d2000-7b2d3000 r-xp 0000d000 08:08 1056434    /usr/lib/i386-linux-gnu/libXi.so.6.1.0
7b2d3000-7b2d4000 rwxp 0000e000 08:08 1056434    /usr/lib/i386-linux-gnu/libXi.so.6.1.0
7b2d4000-7b405000 r-xp 00000000 08:08 1056398    /usr/lib/i386-linux-gnu/libX11.so.6.3.0
7b405000-7b406000 ---p 00131000 08:08 1056398    /usr/lib/i386-linux-gnu/libX11.so.6.3.0
7b406000-7b407000 r-xp 00131000 08:08 1056398    /usr/lib/i386-linux-gnu/libX11.so.6.3.0
7b407000-7b409000 rwxp 00132000 08:08 1056398    /usr/lib/i386-linux-gnu/libX11.so.6.3.0
7b409000-7b40a000 rwxp 00000000 00:00 0 
7b40a000-7b44d000 r-xp 00000000 08:08 1181341    /usr/lib/jvm/java-6-sun-1.6.0.26/jre/lib/i386/xawt/libmawt.so
7b44d000-7b44f000 rwxp 00043000 08:08 1181341    /usr/lib/jvm/java-6-sun-1.6.0.26/jre/lib/i386/xawt/libmawt.so
7b44f000-7b450000 rwxp 00000000 00:00 0 
7b450000-7b4d5000 r-xp 00000000 08:08 1181290    /usr/lib/jvm/java-6-sun-1.6.0.26/jre/lib/i386/libawt.so
7b4d5000-7b4dc000 rwxp 00085000 08:08 1181290    /usr/lib/jvm/java-6-sun-1.6.0.26/jre/lib/i386/libawt.so
7b4dc000-7b500000 rwxp 00000000 00:00 0 
7b500000-7b5fa000 rwxp 00000000 00:00 0 
7b5fa000-7b600000 ---p 00000000 00:00 0 
7b600000-7b611000 r-xp 00000000 08:08 1056422    /usr/lib/i386-linux-gnu/libXext.so.6.4.0
7b611000-7b612000 r-xp 00010000 08:08 1056422    /usr/lib/i386-linux-gnu/libXext.so.6.4.0
7b612000-7b613000 rwxp 00011000 08:08 1056422    /usr/lib/i386-linux-gnu/libXext.so.6.4.0
7b613000-7b614000 r-xs 00000000 08:08 1188876    /var/cache/fontconfig/0d8c3b2ac0904cb8a57a757ad11a4a08-le32d4.cache-3
7b614000-7b618000 r-xs 00020000 08:08 1588311    /home/alejo/Dropbox/code/devices3d/lib/user/SimpleOpenNI/SimpleOpenNI.jar
7b618000-7b62f000 r-xs 0015b000 08:08 1588306    /home/alejo/Dropbox/code/devices3d/lib/base/core/ant.jar
7b62f000-7b630000 ---p 00000000 00:00 0 
7b630000-7b6b0000 rwxp 00000000 00:00 0 
7b6b0000-7b6b3000 ---p 00000000 00:00 0 
7b6b3000-7b701000 rwxp 00000000 00:00 0 
7b701000-7b704000 ---p 00000000 00:00 0 
7b704000-7b782000 rwxp 00000000 00:00 0 
7b782000-7b785000 ---p 00000000 00:00 0 
7b785000-7b803000 rwxp 00000000 00:00 0 
7b803000-7b806000 ---p 00000000 00:00 0 
7b806000-7b854000 rwxp 00000000 00:00 0 
7b854000-7b855000 r-xp 00571000 08:08 1057169    /usr/lib/locale/locale-archive
7b855000-7b986000 r-xp 0043d000 08:08 1057169    /usr/lib/locale/locale-archive
7b986000-7b9c6000 r-xp 002bd000 08:08 1057169    /usr/lib/locale/locale-archive
7b9c6000-7bbc6000 r-xp 00000000 08:08 1057169    /usr/lib/locale/locale-archive
7bbc6000-7bbc9000 ---p 00000000 00:00 0 
7bbc9000-7bc17000 rwxp 00000000 00:00 0 
7bc17000-7bc1a000 ---p 00000000 00:00 0 
7bc1a000-7bc68000 rwxp 00000000 00:00 0 
7bc68000-7be00000 r-xs 03029000 08:08 1181157    /usr/lib/jvm/java-6-sun-1.6.0.26/jre/lib/rt.jar
7be00000-7bf00000 rwxp 00000000 00:00 0 
7bf00000-7bf03000 r-xs 00017000 08:08 1588322    /home/alejo/Dropbox/code/devices3d/lib/user/proscene/proscene.jar
7bf03000-7bf08000 r-xp 00000000 08:08 1056418    /usr/lib/i386-linux-gnu/libXdmcp.so.6.0.0
7bf08000-7bf09000 r-xp 00004000 08:08 1056418    /usr/lib/i386-linux-gnu/libXdmcp.so.6.0.0
7bf09000-7bf0a000 rwxp 00005000 08:08 1056418    /usr/lib/i386-linux-gnu/libXdmcp.so.6.0.0
7bf0a000-7bf0b000 ---p 00000000 00:00 0 
7bf0b000-7bfbf000 rwxp 00000000 00:00 0 
7bfbf000-7bfc0000 ---p 00000000 00:00 0 
7bfc0000-7c040000 rwxp 00000000 00:00 0 
7c040000-7c041000 ---p 00000000 00:00 0 
7c041000-7c0c1000 rwxp 00000000 00:00 0 
7c0c1000-7c0c2000 ---p 00000000 00:00 0 
7c0c2000-7c142000 rwxp 00000000 00:00 0 
7c142000-7c143000 ---p 00000000 00:00 0 
7c143000-7c1cc000 rwxp 00000000 00:00 0 
7c1cc000-7c1e3000 rwxp 00000000 00:00 0 
7c1e3000-7c21d000 rwxp 00000000 00:00 0 
7c21d000-7c2f5000 rwxp 00000000 00:00 0 
7c2f5000-7c2fe000 rwxp 00000000 00:00 0 
7c2fe000-7c315000 rwxp 00000000 00:00 0 
7c315000-7c34f000 rwxp 00000000 00:00 0 
7c34f000-7c426000 rwxp 00000000 00:00 0 
7c426000-7c46c000 rwxp 00000000 00:00 0 
7c46c000-7c4af000 rwxp 00000000 00:00 0 
7c4af000-7d5b0000 rwxp 00000000 00:00 0 
7d5b0000-7d670000 ---p 00000000 00:00 0 
7d670000-804b0000 rwxp 00000000 00:00 0 
804b0000-87830000 rwxp 00000000 00:00 0 
87830000-a2760000 rwxp 00000000 00:00 0 
a2760000-ab160000 rwxp 00000000 00:00 0 
ab160000-b38b0000 rwxp 00000000 00:00 0 
b38b0000-b38b1000 r-xs 00000000 08:08 1188887    /var/cache/fontconfig/6a53c69dea097a2d716e069445527da8-le32d4.cache-3
b38b1000-b38b3000 r-xs 0002b000 08:08 1588308    /home/alejo/Dropbox/code/devices3d/lib/base/core/core.jar
b38b3000-b38b8000 r-xp 00000000 08:08 1052626    /usr/lib/libXtst.so.6.1.0
b38b8000-b38b9000 r-xp 00004000 08:08 1052626    /usr/lib/libXtst.so.6.1.0
b38b9000-b38ba000 rwxp 00005000 08:08 1052626    /usr/lib/libXtst.so.6.1.0
b38ba000-b38c3000 rwxp 00000000 00:00 0 
b38c3000-b397a000 rwxp 00000000 00:00 0 
b397a000-b3bba000 rwxp 00000000 00:00 0 
b3bba000-b697a000 rwxp 00000000 00:00 0 
b697a000-b6985000 r-xp 00000000 08:08 1573836    /lib/i386-linux-gnu/libnss_files-2.13.so
b6985000-b6986000 r-xp 0000a000 08:08 1573836    /lib/i386-linux-gnu/libnss_files-2.13.so
b6986000-b6987000 rwxp 0000b000 08:08 1573836    /lib/i386-linux-gnu/libnss_files-2.13.so
b6987000-b6991000 r-xp 00000000 08:08 1573840    /lib/i386-linux-gnu/libnss_nis-2.13.so
b6991000-b6992000 r-xp 00009000 08:08 1573840    /lib/i386-linux-gnu/libnss_nis-2.13.so
b6992000-b6993000 rwxp 0000a000 08:08 1573840    /lib/i386-linux-gnu/libnss_nis-2.13.so
b6993000-b69a8000 r-xp 00000000 08:08 1573830    /lib/i386-linux-gnu/libnsl-2.13.so
b69a8000-b69a9000 r-xp 00015000 08:08 1573830    /lib/i386-linux-gnu/libnsl-2.13.so
b69a9000-b69aa000 rwxp 00016000 08:08 1573830    /lib/i386-linux-gnu/libnsl-2.13.so
b69aa000-b69ac000 rwxp 00000000 00:00 0 
b69ac000-b69ad000 r-xs 00000000 08:08 1193307    /var/cache/fontconfig/4794a0821666d79190d59a36cb4f44b5-le32d4.cache-3
b69ad000-b69af000 r-xs 00002000 08:08 1588307    /home/alejo/Dropbox/code/devices3d/lib/base/core/ant-launcher.jar
b69af000-b69be000 r-xp 00000000 08:08 1181329    /usr/lib/jvm/java-6-sun-1.6.0.26/jre/lib/i386/libzip.so
b69be000-b69c0000 rwxp 0000e000 08:08 1181329    /usr/lib/jvm/java-6-sun-1.6.0.26/jre/lib/i386/libzip.so
b69c0000-b69c8000 rwxs 00000000 08:08 411590     /tmp/hsperfdata_alejo/4671
b69c8000-b69eb000 r-xp 00000000 08:08 1181303    /usr/lib/jvm/java-6-sun-1.6.0.26/jre/lib/i386/libjava.so
b69eb000-b69ed000 rwxp 00023000 08:08 1181303    /usr/lib/jvm/java-6-sun-1.6.0.26/jre/lib/i386/libjava.so
b69ed000-b69f4000 r-xp 00000000 08:08 1573859    /lib/i386-linux-gnu/librt-2.13.so
b69f4000-b69f5000 r-xp 00006000 08:08 1573859    /lib/i386-linux-gnu/librt-2.13.so
b69f5000-b69f6000 rwxp 00007000 08:08 1573859    /lib/i386-linux-gnu/librt-2.13.so
b69f6000-b69f9000 ---p 00000000 00:00 0 
b69f9000-b6a47000 rwxp 00000000 00:00 0 
b6a47000-b6a6f000 r-xp 00000000 08:08 1573825    /lib/i386-linux-gnu/libm-2.13.so
b6a6f000-b6a70000 r-xp 00028000 08:08 1573825    /lib/i386-linux-gnu/libm-2.13.so
b6a70000-b6a71000 rwxp 00029000 08:08 1573825    /lib/i386-linux-gnu/libm-2.13.so
b6a71000-b7223000 r-xp 00000000 08:08 1181340    /usr/lib/jvm/java-6-sun-1.6.0.26/jre/lib/i386/server/libjvm.so
b7223000-b7277000 rwxp 007b1000 08:08 1181340    /usr/lib/jvm/java-6-sun-1.6.0.26/jre/lib/i386/server/libjvm.so
b7277000-b7696000 rwxp 00000000 00:00 0 
b7696000-b780c000 r-xp 00000000 08:08 1573795    /lib/i386-linux-gnu/libc-2.13.so
b780c000-b780e000 r-xp 00176000 08:08 1573795    /lib/i386-linux-gnu/libc-2.13.so
b780e000-b780f000 rwxp 00178000 08:08 1573795    /lib/i386-linux-gnu/libc-2.13.so
b780f000-b7812000 rwxp 00000000 00:00 0 
b7812000-b7815000 r-xp 00000000 08:08 1573806    /lib/i386-linux-gnu/libdl-2.13.so
b7815000-b7816000 r-xp 00002000 08:08 1573806    /lib/i386-linux-gnu/libdl-2.13.so
b7816000-b7817000 rwxp 00003000 08:08 1573806    /lib/i386-linux-gnu/libdl-2.13.so
b7817000-b781e000 r-xp 00000000 08:08 1181335    /usr/lib/jvm/java-6-sun-1.6.0.26/jre/lib/i386/jli/libjli.so
b781e000-b7820000 rwxp 00006000 08:08 1181335    /usr/lib/jvm/java-6-sun-1.6.0.26/jre/lib/i386/jli/libjli.so
b7820000-b7821000 rwxp 00000000 00:00 0 
b7821000-b7838000 r-xp 00000000 08:08 1573855    /lib/i386-linux-gnu/libpthread-2.13.so
b7838000-b7839000 r-xp 00016000 08:08 1573855    /lib/i386-linux-gnu/libpthread-2.13.so
b7839000-b783a000 rwxp 00017000 08:08 1573855    /lib/i386-linux-gnu/libpthread-2.13.so
b783a000-b783c000 rwxp 00000000 00:00 0 
b783c000-b783e000 r-xp 00000000 08:08 1056402    /usr/lib/i386-linux-gnu/libXau.so.6.0.0
b783e000-b783f000 r-xp 00001000 08:08 1056402    /usr/lib/i386-linux-gnu/libXau.so.6.0.0
b783f000-b7840000 rwxp 00002000 08:08 1056402    /usr/lib/i386-linux-gnu/libXau.so.6.0.0
b7840000-b7848000 r-xp 00000000 08:08 1573832    /lib/i386-linux-gnu/libnss_compat-2.13.so
b7848000-b7849000 r-xp 00007000 08:08 1573832    /lib/i386-linux-gnu/libnss_compat-2.13.so
b7849000-b784a000 rwxp 00008000 08:08 1573832    /lib/i386-linux-gnu/libnss_compat-2.13.so
b784a000-b784b000 rwxp 00000000 00:00 0 
b784b000-b784c000 r-xp 00000000 00:00 0 
b784c000-b7857000 r-xp 00000000 08:08 1181328    /usr/lib/jvm/java-6-sun-1.6.0.26/jre/lib/i386/libverify.so
b7857000-b7858000 rwxp 0000b000 08:08 1181328    /usr/lib/jvm/java-6-sun-1.6.0.26/jre/lib/i386/libverify.so
b7858000-b785a000 rwxp 00000000 00:00 0 
b785a000-b785b000 r-xp 00000000 00:00 0          [vdso]
b785b000-b7879000 r-xp 00000000 08:08 1573782    /lib/i386-linux-gnu/ld-2.13.so
b7879000-b787a000 r-xp 0001d000 08:08 1573782    /lib/i386-linux-gnu/ld-2.13.so
b787a000-b787b000 rwxp 0001e000 08:08 1573782    /lib/i386-linux-gnu/ld-2.13.so
bf890000-bf8b1000 rwxp 00000000 00:00 0          [stack]

VM Arguments:
jvm_args: -Djava.library.path=/home/alejo/Dropbox/code/devices3d/lib/base/core:/home/alejo/Dropbox/code/devices3d/lib/base/core:/home/alejo/Dropbox/code/devices3d/lib/base/core:/home/alejo/Dropbox/code/devices3d/lib/user/SimpleOpenNI:/home/alejo/Dropbox/code/devices3d/lib/user/proscene -Djava.security.policy=java.policy.applet -Dfile.encoding=UTF-8 
java_command: sun.applet.AppletViewer devices3d.Devices3d1333477851718.html
Launcher Type: SUN_STANDARD

Environment Variables:
PATH=/opt/microchip/mplabc32/v2.02/bin:/opt/microchip/mplabc30/v3.30c/bin:/usr/lib/lightdm/lightdm:/usr/local/sbin:/usr/local/bin:/usr/sbin:/usr/bin:/sbin:/bin:/usr/games
USERNAME=alejo
LD_LIBRARY_PATH=/usr/lib/jvm/java-6-sun-1.6.0.26/jre/lib/i386/server:/usr/lib/jvm/java-6-sun-1.6.0.26/jre/lib/i386:/usr/lib/jvm/java-6-sun-1.6.0.26/jre/../lib/i386:/usr/lib/jvm/java-6-sun-1.6.0.26/jre/lib/i386/client:/usr/lib/jvm/java-6-sun-1.6.0.26/jre/lib/i386:
SHELL=/bin/bash
DISPLAY=:0.0

Signal Handlers:
SIGSEGV: [libjvm.so+0x725510], sa_mask[0]=0x7ffbfeff, sa_flags=0x10000004
SIGBUS: [libjvm.so+0x725510], sa_mask[0]=0x7ffbfeff, sa_flags=0x10000004
SIGFPE: [libjvm.so+0x5dff20], sa_mask[0]=0x7ffbfeff, sa_flags=0x10000004
SIGPIPE: [libjvm.so+0x5dff20], sa_mask[0]=0x7ffbfeff, sa_flags=0x10000004
SIGXFSZ: [libjvm.so+0x5dff20], sa_mask[0]=0x7ffbfeff, sa_flags=0x10000004
SIGILL: [libjvm.so+0x5dff20], sa_mask[0]=0x7ffbfeff, sa_flags=0x10000004
SIGUSR1: SIG_DFL, sa_mask[0]=0x00000000, sa_flags=0x00000000
SIGUSR2: [libjvm.so+0x5e3160], sa_mask[0]=0x00000004, sa_flags=0x10000004
SIGHUP: [libjvm.so+0x5e2d40], sa_mask[0]=0x7ffbfeff, sa_flags=0x10000004
SIGINT: [libjvm.so+0x5e2d40], sa_mask[0]=0x7ffbfeff, sa_flags=0x10000004
SIGTERM: [libjvm.so+0x5e2d40], sa_mask[0]=0x7ffbfeff, sa_flags=0x10000004
SIGQUIT: [libjvm.so+0x5e2d40], sa_mask[0]=0x7ffbfeff, sa_flags=0x10000004


---------------  S Y S T E M  ---------------

OS:wheezy/sid

uname:Linux 3.0.0-12-generic #20-Ubuntu SMP Fri Oct 7 14:50:42 UTC 2011 i686
libc:glibc 2.13 NPTL 2.13 
rlimit: STACK 8192k, CORE 0k, NPROC 26110, NOFILE 4096, AS infinity
load average:0.01 0.07 0.12

/proc/meminfo:
MemTotal:        3356112 kB
MemFree:          232420 kB
Buffers:          280524 kB
Cached:          1028620 kB
SwapCached:          644 kB
Active:          1727940 kB
Inactive:        1038360 kB
Active(anon):    1247244 kB
Inactive(anon):   223140 kB
Active(file):     480696 kB
Inactive(file):   815220 kB
Unevictable:           0 kB
Mlocked:               0 kB
HighTotal:       2497096 kB
HighFree:          64836 kB
LowTotal:         859016 kB
LowFree:          167584 kB
SwapTotal:      14645240 kB
SwapFree:       14643936 kB
Dirty:               432 kB
Writeback:             0 kB
AnonPages:       1456888 kB
Mapped:           312936 kB
Shmem:             13076 kB
Slab:             116656 kB
SReclaimable:      97204 kB
SUnreclaim:        19452 kB
KernelStack:        3952 kB
PageTables:        13656 kB
NFS_Unstable:          0 kB
Bounce:                0 kB
WritebackTmp:          0 kB
CommitLimit:    16323296 kB
Committed_AS:    3428232 kB
VmallocTotal:     122880 kB
VmallocUsed:       59148 kB
VmallocChunk:      58372 kB
HardwareCorrupted:     0 kB
AnonHugePages:         0 kB
HugePages_Total:       0
HugePages_Free:        0
HugePages_Rsvd:        0
HugePages_Surp:        0
Hugepagesize:       4096 kB
DirectMap4k:       12280 kB
DirectMap4M:      897024 kB


CPU:total 4 (4 cores per cpu, 1 threads per core) family 16 model 4 stepping 3, cmov, cx8, fxsr, mmx, sse, sse2, sse3, popcnt, mmxext, 3dnow, 3dnowext, lzcnt, sse4a

/proc/cpuinfo:
processor	: 0
vendor_id	: AuthenticAMD
cpu family	: 16
model		: 4
model name	: AMD Phenom(tm) II X4 945 Processor
stepping	: 3
cpu MHz		: 3010.453
cache size	: 512 KB
physical id	: 0
siblings	: 4
core id		: 0
cpu cores	: 4
apicid		: 0
initial apicid	: 0
fdiv_bug	: no
hlt_bug		: no
f00f_bug	: no
coma_bug	: no
fpu		: yes
fpu_exception	: yes
cpuid level	: 5
wp		: yes
flags		: fpu vme de pse tsc msr pae mce cx8 apic mtrr pge mca cmov pat pse36 clflush mmx fxsr sse sse2 ht syscall nx mmxext fxsr_opt pdpe1gb rdtscp lm 3dnowext 3dnow constant_tsc nonstop_tsc extd_apicid pni monitor cx16 popcnt lahf_lm cmp_legacy svm extapic cr8_legacy abm sse4a misalignsse 3dnowprefetch osvw ibs skinit wdt npt lbrv svm_lock nrip_save
bogomips	: 6020.90
clflush size	: 64
cache_alignment	: 64
address sizes	: 48 bits physical, 48 bits virtual
power management: ts ttp tm stc 100mhzsteps hwpstate

processor	: 1
vendor_id	: AuthenticAMD
cpu family	: 16
model		: 4
model name	: AMD Phenom(tm) II X4 945 Processor
stepping	: 3
cpu MHz		: 3010.453
cache size	: 512 KB
physical id	: 0
siblings	: 4
core id		: 1
cpu cores	: 4
apicid		: 1
initial apicid	: 1
fdiv_bug	: no
hlt_bug		: no
f00f_bug	: no
coma_bug	: no
fpu		: yes
fpu_exception	: yes
cpuid level	: 5
wp		: yes
flags		: fpu vme de pse tsc msr pae mce cx8 apic mtrr pge mca cmov pat pse36 clflush mmx fxsr sse sse2 ht syscall nx mmxext fxsr_opt pdpe1gb rdtscp lm 3dnowext 3dnow constant_tsc nonstop_tsc extd_apicid pni monitor cx16 popcnt lahf_lm cmp_legacy svm extapic cr8_legacy abm sse4a misalignsse 3dnowprefetch osvw ibs skinit wdt npt lbrv svm_lock nrip_save
bogomips	: 6020.55
clflush size	: 64
cache_alignment	: 64
address sizes	: 48 bits physical, 48 bits virtual
power management: ts ttp tm stc 100mhzsteps hwpstate

processor	: 2
vendor_id	: AuthenticAMD
cpu family	: 16
model		: 4
model name	: AMD Phenom(tm) II X4 945 Processor
stepping	: 3
cpu MHz		: 3010.453
cache size	: 512 KB
physical id	: 0
siblings	: 4
core id		: 2
cpu cores	: 4
apicid		: 2
initial apicid	: 2
fdiv_bug	: no
hlt_bug		: no
f00f_bug	: no
coma_bug	: no
fpu		: yes
fpu_exception	: yes
cpuid level	: 5
wp		: yes
flags		: fpu vme de pse tsc msr pae mce cx8 apic mtrr pge mca cmov pat pse36 clflush mmx fxsr sse sse2 ht syscall nx mmxext fxsr_opt pdpe1gb rdtscp lm 3dnowext 3dnow constant_tsc nonstop_tsc extd_apicid pni monitor cx16 popcnt lahf_lm cmp_legacy svm extapic cr8_legacy abm sse4a misalignsse 3dnowprefetch osvw ibs skinit wdt npt lbrv svm_lock nrip_save
bogomips	: 6020.54
clflush size	: 64
cache_alignment	: 64
address sizes	: 48 bits physical, 48 bits virtual
power management: ts ttp tm stc 100mhzsteps hwpstate

processor	: 3
vendor_id	: AuthenticAMD
cpu family	: 16
model		: 4
model name	: AMD Phenom(tm) II X4 945 Processor
stepping	: 3
cpu MHz		: 3010.453
cache size	: 512 KB
physical id	: 0
siblings	: 4
core id		: 3
cpu cores	: 4
apicid		: 3
initial apicid	: 3
fdiv_bug	: no
hlt_bug		: no
f00f_bug	: no
coma_bug	: no
fpu		: yes
fpu_exception	: yes
cpuid level	: 5
wp		: yes
flags		: fpu vme de pse tsc msr pae mce cx8 apic mtrr pge mca cmov pat pse36 clflush mmx fxsr sse sse2 ht syscall nx mmxext fxsr_opt pdpe1gb rdtscp lm 3dnowext 3dnow constant_tsc nonstop_tsc extd_apicid pni monitor cx16 popcnt lahf_lm cmp_legacy svm extapic cr8_legacy abm sse4a misalignsse 3dnowprefetch osvw ibs skinit wdt npt lbrv svm_lock nrip_save
bogomips	: 6020.55
clflush size	: 64
cache_alignment	: 64
address sizes	: 48 bits physical, 48 bits virtual
power management: ts ttp tm stc 100mhzsteps hwpstate



Memory: 4k page, physical 3356112k(232420k free), swap 14645240k(14643936k free)

vm_info: Java HotSpot(TM) Server VM (20.1-b02) for linux-x86 JRE (1.6.0_26-b03), built on May  4 2011 01:04:10 by "java_re" with gcc 3.2.1-7a (J2SE release)

time: Tue Apr  3 13:30:55 2012
elapsed time: 3 seconds

