#
# A fatal error has been detected by the Java Runtime Environment:
#
#  SIGSEGV (0xb) at pc=0x7ab29d5a, pid=6760, tid=2060450672
#
# JRE version: 6.0_26-b03
# Java VM: Java HotSpot(TM) Server VM (20.1-b02 mixed mode linux-x86 )
# Problematic frame:
# C  [libOpenNI.so+0x33d5a]  long long+0x1a
#
# If you would like to submit a bug report, please visit:
#   http://java.sun.com/webapps/bugreport/crash.jsp
# The crash happened outside the Java Virtual Machine in native code.
# See problematic frame for where to report the bug.
#

---------------  T H R E A D  ---------------

Current thread (0x0821dc00):  JavaThread "Animation Thread" [_thread_in_native, id=6787, stack(0x7acaf000,0x7ad00000)]

siginfo:si_signo=SIGSEGV: si_errno=0, si_code=1 (SEGV_MAPERR), si_addr=0x00000000

Registers:
EAX=0x00000000, EBX=0x7ab73ff4, ECX=0x00000001, EDX=0x7afc6350
ESP=0x7acfebc0, EBP=0x7acfebe8, ESI=0x00000000, EDI=0x0821dc00
EIP=0x7ab29d5a, EFLAGS=0x00010202, CR2=0x00000000

Top of Stack: (sp=0x7acfebc0)
0x7acfebc0:   7aaf8dec 7ac5aff4 7ccb5e48 0821dc00
0x7acfebd0:   7acfec08 b7867c30 7afc6350 7ab29d40
0x7acfebe0:   7ac5aff4 7ccb5e48 7acfec08 7ac1098c
0x7acfebf0:   00000000 7afc6350 7afc6350 7ac10966
0x7acfec00:   7afc62e0 7ac5aff4 7acfec38 7ac176f1
0x7acfec10:   7afc62e0 7afc6350 00000000 00000000
0x7acfec20:   7acfec58 b7867c30 0821dc00 7ac17601
0x7acfec30:   7ac5aff4 7ccb5e48 7acfec58 7ac17825 

Instructions: (pc=0x7ab29d5a)
0x7ab29d3a:   bc 27 00 00 00 00 55 89 e5 83 ec 28 89 75 fc 8b
0x7ab29d4a:   75 08 89 5d f8 e8 13 a8 fd ff 81 c3 a0 a2 04 00
0x7ab29d5a:   8b 06 8b 50 08 85 d2 74 0c 8b 40 04 8b 00 a9 00
0x7ab29d6a:   00 01 00 75 11 8b 5d f8 b8 12 00 01 00 8b 75 fc 

Register to memory mapping:

EAX=0x00000000 is an unknown value
EBX=0x7ab73ff4: <offset 0x7dff4> in /usr/lib/libOpenNI.so at 0x7aaf6000
ECX=0x00000001 is an unknown value
EDX=0x7afc6350 is an unknown value
ESP=0x7acfebc0 is pointing into the stack for thread: 0x0821dc00
EBP=0x7acfebe8 is pointing into the stack for thread: 0x0821dc00
ESI=0x00000000 is an unknown value
EDI=0x0821dc00 is a thread


Stack: [0x7acaf000,0x7ad00000],  sp=0x7acfebc0,  free space=318k
Native frames: (J=compiled Java code, j=interpreted, Vv=VM code, C=native code)
C  [libOpenNI.so+0x33d5a]  long long+0x1a
C  [libSimpleOpenNI.so+0x9a98c]  xn::MapGenerator::SetMapOutputMode(XnMapOutputMode const&)+0x26
C  [libSimpleOpenNI.so+0xa16f1]  sOpenNI::ContextWrapper::createDepth(bool)+0xdb
C  [libSimpleOpenNI.so+0xa1825]  sOpenNI::ContextWrapper::enableDepth()+0x6b
C  [libSimpleOpenNI.so+0x848c6]  Java_SimpleOpenNI_SimpleOpenNIJNI_ContextWrapper_1enableDepthSwigExplicitContextWrapper_1_1SWIG_10+0x3c
j  SimpleOpenNI.SimpleOpenNIJNI.ContextWrapper_enableDepthSwigExplicitContextWrapper__SWIG_0(JLSimpleOpenNI/ContextWrapper;)Z+0
j  SimpleOpenNI.ContextWrapper.enableDepth()Z+26
j  SimpleOpenNI.SimpleOpenNI.enableDepth()Z+1
j  remixlab.devices.Kinect.<init>(Lprocessing/core/PApplet;Lremixlab/proscene/Scene;)V+56
j  devices3d.Devices3d.setup()V+226
j  processing.core.PApplet.handleDraw()V+65
j  processing.core.PApplet.run()V+72
j  java.lang.Thread.run()V+11
v  ~StubRoutines::call_stub
V  [libjvm.so+0x3dff01]  JavaCalls::call_helper(JavaValue*, methodHandle*, JavaCallArguments*, Thread*)+0x1c1
V  [libjvm.so+0x5e1298]  os::os_exception_wrapper(void (*)(JavaValue*, methodHandle*, JavaCallArguments*, Thread*), JavaValue*, methodHandle*, JavaCallArguments*, Thread*)+0x18
V  [libjvm.so+0x3df775]  JavaCalls::call_virtual(JavaValue*, KlassHandle, symbolHandle, symbolHandle, JavaCallArguments*, Thread*)+0xc5
V  [libjvm.so+0x3df838]  JavaCalls::call_virtual(JavaValue*, Handle, KlassHandle, symbolHandle, symbolHandle, Thread*)+0x58
V  [libjvm.so+0x4642d7]  thread_entry(JavaThread*, Thread*)+0xa7
V  [libjvm.so+0x6e16bf]  JavaThread::run()+0x11f
V  [libjvm.so+0x5e2aee]  java_start(Thread*)+0x14e
C  [libpthread.so.0+0x6d31]  short+0xd1

Java frames: (J=compiled Java code, j=interpreted, Vv=VM code)
j  SimpleOpenNI.SimpleOpenNIJNI.ContextWrapper_enableDepthSwigExplicitContextWrapper__SWIG_0(JLSimpleOpenNI/ContextWrapper;)Z+0
j  SimpleOpenNI.ContextWrapper.enableDepth()Z+26
j  SimpleOpenNI.SimpleOpenNI.enableDepth()Z+1
j  remixlab.devices.Kinect.<init>(Lprocessing/core/PApplet;Lremixlab/proscene/Scene;)V+56
j  devices3d.Devices3d.setup()V+226
j  processing.core.PApplet.handleDraw()V+65
j  processing.core.PApplet.run()V+72
j  java.lang.Thread.run()V+11
v  ~StubRoutines::call_stub

---------------  P R O C E S S  ---------------

Java Threads: ( => current thread )
=>0x0821dc00 JavaThread "Animation Thread" [_thread_in_native, id=6787, stack(0x7acaf000,0x7ad00000)]
  0x0821a400 JavaThread "AWT-EventQueue-1" [_thread_blocked, id=6786, stack(0x7ae0d000,0x7ae5e000)]
  0x7af9e800 JavaThread "DestroyJavaVM" [_thread_blocked, id=6765, stack(0xb69ef000,0xb6a40000)]
  0x7af34c00 JavaThread "AWT-EventQueue-0" [_thread_blocked, id=6783, stack(0x7ae5e000,0x7aeaf000)]
  0x7af32c00 JavaThread "AWT-Shutdown" [_thread_blocked, id=6782, stack(0x7aeaf000,0x7af00000)]
  0x7af2ec00 JavaThread "thread applet-devices3d.Devices3d.class" [_thread_blocked, id=6781, stack(0x7b0b8000,0x7b109000)]
  0x7af28400 JavaThread "AWT-XAWT" daemon [_thread_in_native, id=6779, stack(0x7b109000,0x7b15a000)]
  0x7b5cec00 JavaThread "Java2D Disposer" daemon [_thread_blocked, id=6778, stack(0x7b1ae000,0x7b1ff000)]
  0x7beab000 JavaThread "Low Memory Detector" daemon [_thread_blocked, id=6776, stack(0x7b6b0000,0x7b701000)]
  0x7bea9400 JavaThread "C2 CompilerThread1" daemon [_thread_blocked, id=6775, stack(0x7b701000,0x7b782000)]
  0x7bea7400 JavaThread "C2 CompilerThread0" daemon [_thread_blocked, id=6774, stack(0x7b782000,0x7b803000)]
  0x7bea5c00 JavaThread "Signal Dispatcher" daemon [_thread_blocked, id=6773, stack(0x7b803000,0x7b854000)]
  0x7be97800 JavaThread "Finalizer" daemon [_thread_blocked, id=6772, stack(0x7bbc6000,0x7bc17000)]
  0x7be96000 JavaThread "Reference Handler" daemon [_thread_blocked, id=6771, stack(0x7bc17000,0x7bc68000)]

Other Threads:
  0x7be92400 VMThread [stack: 0x7bf0a000,0x7bf8b000] [id=6770]
  0x7beb5000 WatcherThread [stack: 0x7b62f000,0x7b6b0000] [id=6777]

VM state:not at safepoint (normal execution)

VM Mutex/Monitor currently owned by a thread: None

Heap
 PSYoungGen      total 15296K, used 10113K [0xa2760000, 0xa4540000, 0xb38b0000)
  eden space 13120K, 64% used [0xa2760000,0xa2fafeb0,0xa3430000)
  from space 2176K, 73% used [0xa3430000,0xa35c06b8,0xa3650000)
  to   space 2176K, 0% used [0xa4320000,0xa4320000,0xa4540000)
 PSOldGen        total 35008K, used 5968K [0x804b0000, 0x826e0000, 0xa2760000)
  object space 35008K, 17% used [0x804b0000,0x80a84310,0x826e0000)
 PSPermGen       total 16384K, used 8334K [0x7c4b0000, 0x7d4b0000, 0x804b0000)
  object space 16384K, 50% used [0x7c4b0000,0x7ccd3b40,0x7d4b0000)

Code Cache  [0xb3973000, 0xb3bb3000, 0xb6973000)
 total_blobs=329 nmethods=40 adapters=244 free_code_cache=49886720 largest_free_block=11776

Dynamic libraries:
08048000-08052000 r-xp 00000000 08:08 1181081    /usr/lib/jvm/java-6-sun-1.6.0.26/jre/bin/java
08052000-08053000 rwxp 00009000 08:08 1181081    /usr/lib/jvm/java-6-sun-1.6.0.26/jre/bin/java
081a3000-085c1000 rwxp 00000000 00:00 0          [heap]
793b2000-7943b000 r-xp 00000000 08:08 1070238    /usr/lib/libXnDeviceSensorV2KM.so
7943b000-79444000 r-xp 00088000 08:08 1070238    /usr/lib/libXnDeviceSensorV2KM.so
79444000-79445000 rwxp 00091000 08:08 1070238    /usr/lib/libXnDeviceSensorV2KM.so
79445000-79525000 r-xp 00000000 08:08 1064091    /usr/lib/libXnVHandGenerator_1_5_0.so
79525000-79528000 r-xp 000df000 08:08 1064091    /usr/lib/libXnVHandGenerator_1_5_0.so
79528000-79529000 rwxp 000e2000 08:08 1064091    /usr/lib/libXnVHandGenerator_1_5_0.so
79529000-79535000 rwxp 00000000 00:00 0 
79535000-79928000 r-xp 00000000 08:08 1064087    /usr/lib/libXnVFeatures_1_5_0.so
79928000-79929000 ---p 003f3000 08:08 1064087    /usr/lib/libXnVFeatures_1_5_0.so
79929000-79931000 r-xp 003f3000 08:08 1064087    /usr/lib/libXnVFeatures_1_5_0.so
79931000-79932000 rwxp 003fb000 08:08 1064087    /usr/lib/libXnVFeatures_1_5_0.so
79932000-79946000 rwxp 00000000 00:00 0 
79946000-79973000 r-xp 00000000 08:08 1064003    /usr/lib/libXnDeviceFile.so
79973000-79974000 r-xp 0002d000 08:08 1064003    /usr/lib/libXnDeviceFile.so
79974000-79975000 rwxp 0002e000 08:08 1064003    /usr/lib/libXnDeviceFile.so
79975000-799c7000 r-xp 00000000 08:08 1064002    /usr/lib/libXnDDK.so
799c7000-799c9000 r-xp 00051000 08:08 1064002    /usr/lib/libXnDDK.so
799c9000-799ca000 rwxp 00053000 08:08 1064002    /usr/lib/libXnDDK.so
799ca000-799ee000 r-xp 00000000 08:08 1064005    /usr/lib/libXnFormats.so
799ee000-799ef000 r-xp 00023000 08:08 1064005    /usr/lib/libXnFormats.so
799ef000-799f0000 rwxp 00024000 08:08 1064005    /usr/lib/libXnFormats.so
799f0000-79a10000 rwxp 00000000 00:00 0 
79a2c000-79ac5000 r-xp 00000000 08:08 1064004    /usr/lib/libXnDeviceSensorV2.so
79ac5000-79ace000 r-xp 00098000 08:08 1064004    /usr/lib/libXnDeviceSensorV2.so
79ace000-79acf000 rwxp 000a1000 08:08 1064004    /usr/lib/libXnDeviceSensorV2.so
79acf000-79bb2000 r-xp 00000000 08:08 1064000    /usr/lib/libXnVHandGenerator_1_5_2.so
79bb2000-79bb5000 r-xp 000e3000 08:08 1064000    /usr/lib/libXnVHandGenerator_1_5_2.so
79bb5000-79bb6000 rwxp 000e6000 08:08 1064000    /usr/lib/libXnVHandGenerator_1_5_2.so
79bb6000-79bc2000 rwxp 00000000 00:00 0 
79bc2000-79c97000 r-xp 00000000 08:08 1063997    /usr/lib/libXnVHandGenerator_1_4_2.so
79c97000-79c98000 ---p 000d5000 08:08 1063997    /usr/lib/libXnVHandGenerator_1_4_2.so
79c98000-79c9a000 r-xp 000d5000 08:08 1063997    /usr/lib/libXnVHandGenerator_1_4_2.so
79c9a000-79c9b000 rwxp 000d7000 08:08 1063997    /usr/lib/libXnVHandGenerator_1_4_2.so
79c9b000-79c9d000 rwxp 00000000 00:00 0 
79c9d000-79d71000 r-xp 00000000 08:08 1063994    /usr/lib/libXnVHandGenerator_1_4_1.so
79d71000-79d72000 ---p 000d4000 08:08 1063994    /usr/lib/libXnVHandGenerator_1_4_1.so
79d72000-79d74000 r-xp 000d4000 08:08 1063994    /usr/lib/libXnVHandGenerator_1_4_1.so
79d74000-79d75000 rwxp 000d6000 08:08 1063994    /usr/lib/libXnVHandGenerator_1_4_1.so
79d75000-79d77000 rwxp 00000000 00:00 0 
79d77000-79e55000 r-xp 00000000 08:08 1063991    /usr/lib/libXnVHandGenerator_1_3_1.so
79e55000-79e58000 r-xp 000dd000 08:08 1063991    /usr/lib/libXnVHandGenerator_1_3_1.so
79e58000-79e59000 rwxp 000e0000 08:08 1063991    /usr/lib/libXnVHandGenerator_1_3_1.so
79e59000-79e5b000 rwxp 00000000 00:00 0 
79e5b000-7a25c000 r-xp 00000000 08:08 1063984    /usr/lib/libXnVFeatures_1_5_2.so
7a25c000-7a25d000 ---p 00401000 08:08 1063984    /usr/lib/libXnVFeatures_1_5_2.so
7a25d000-7a265000 r-xp 00401000 08:08 1063984    /usr/lib/libXnVFeatures_1_5_2.so
7a265000-7a266000 rwxp 00409000 08:08 1063984    /usr/lib/libXnVFeatures_1_5_2.so
7a266000-7a27a000 rwxp 00000000 00:00 0 
7a27a000-7a461000 r-xp 00000000 08:08 1063973    /usr/lib/libXnVFeatures_1_4_2.so
7a461000-7a464000 r-xp 001e6000 08:08 1063973    /usr/lib/libXnVFeatures_1_4_2.so
7a464000-7a465000 rwxp 001e9000 08:08 1063973    /usr/lib/libXnVFeatures_1_4_2.so
7a465000-7a46a000 rwxp 00000000 00:00 0 
7a46a000-7a651000 r-xp 00000000 08:08 1063968    /usr/lib/libXnVFeatures_1_4_1.so
7a651000-7a654000 r-xp 001e6000 08:08 1063968    /usr/lib/libXnVFeatures_1_4_1.so
7a654000-7a655000 rwxp 001e9000 08:08 1063968    /usr/lib/libXnVFeatures_1_4_1.so
7a655000-7a65a000 rwxp 00000000 00:00 0 
7a65a000-7a878000 r-xp 00000000 08:08 1063963    /usr/lib/libXnVFeatures_1_3_1.so
7a878000-7a879000 ---p 0021e000 08:08 1063963    /usr/lib/libXnVFeatures_1_3_1.so
7a879000-7a87c000 r-xp 0021e000 08:08 1063963    /usr/lib/libXnVFeatures_1_3_1.so
7a87c000-7a87d000 rwxp 00221000 08:08 1063963    /usr/lib/libXnVFeatures_1_3_1.so
7a87d000-7a882000 rwxp 00000000 00:00 0 
7a882000-7a8a5000 r-xp 00000000 08:08 1063813    /usr/lib/libnimRecorder.so
7a8a5000-7a8a6000 r-xp 00023000 08:08 1063813    /usr/lib/libnimRecorder.so
7a8a6000-7a8a7000 rwxp 00024000 08:08 1063813    /usr/lib/libnimRecorder.so
7a8a7000-7a8db000 r-xp 00000000 08:08 1063811    /usr/lib/libnimCodecs.so
7a8db000-7a8dc000 ---p 00034000 08:08 1063811    /usr/lib/libnimCodecs.so
7a8dc000-7a8de000 r-xp 00034000 08:08 1063811    /usr/lib/libnimCodecs.so
7a8de000-7a8df000 rwxp 00036000 08:08 1063811    /usr/lib/libnimCodecs.so
7a8df000-7a8ff000 rwxp 00000000 00:00 0 
7a8ff000-7a930000 r-xp 00000000 08:08 1063812    /usr/lib/libnimMockNodes.so
7a930000-7a936000 r-xp 00031000 08:08 1063812    /usr/lib/libnimMockNodes.so
7a936000-7a937000 rwxp 00037000 08:08 1063812    /usr/lib/libnimMockNodes.so
7a937000-7aa15000 r-xp 00000000 08:08 1056768    /usr/lib/i386-linux-gnu/libstdc++.so.6.0.16
7aa15000-7aa16000 ---p 000de000 08:08 1056768    /usr/lib/i386-linux-gnu/libstdc++.so.6.0.16
7aa16000-7aa1a000 r-xp 000de000 08:08 1056768    /usr/lib/i386-linux-gnu/libstdc++.so.6.0.16
7aa1a000-7aa1b000 rwxp 000e2000 08:08 1056768    /usr/lib/i386-linux-gnu/libstdc++.so.6.0.16
7aa1b000-7aa22000 rwxp 00000000 00:00 0 
7aa22000-7aaf2000 r-xp 00000000 08:08 1063882    /usr/lib/libXnVNite_1_3_1.so
7aaf2000-7aaf5000 r-xp 000cf000 08:08 1063882    /usr/lib/libXnVNite_1_3_1.so
7aaf5000-7aaf6000 rwxp 000d2000 08:08 1063882    /usr/lib/libXnVNite_1_3_1.so
7aaf6000-7ab72000 r-xp 00000000 08:08 1063815    /usr/lib/libOpenNI.so
7ab72000-7ab74000 r-xp 0007c000 08:08 1063815    /usr/lib/libOpenNI.so
7ab74000-7ab76000 rwxp 0007e000 08:08 1063815    /usr/lib/libOpenNI.so
7ab76000-7ac58000 r-xp 00000000 08:08 1199735    /home/alejo/Dropbox/code/devices3d/lib/user/SimpleOpenNI/libSimpleOpenNI.so
7ac58000-7ac59000 ---p 000e2000 08:08 1199735    /home/alejo/Dropbox/code/devices3d/lib/user/SimpleOpenNI/libSimpleOpenNI.so
7ac59000-7ac5b000 r-xp 000e2000 08:08 1199735    /home/alejo/Dropbox/code/devices3d/lib/user/SimpleOpenNI/libSimpleOpenNI.so
7ac5b000-7ac5e000 rwxp 000e4000 08:08 1199735    /home/alejo/Dropbox/code/devices3d/lib/user/SimpleOpenNI/libSimpleOpenNI.so
7ac5e000-7ac61000 ---p 00000000 00:00 0 
7ac61000-7acaf000 rwxp 00000000 00:00 0 
7acaf000-7acb2000 ---p 00000000 00:00 0 
7acb2000-7ad00000 rwxp 00000000 00:00 0 
7ad00000-7ade1000 rwxp 00000000 00:00 0 
7ade1000-7ae00000 ---p 00000000 00:00 0 
7ae0d000-7ae10000 ---p 00000000 00:00 0 
7ae10000-7ae5e000 rwxp 00000000 00:00 0 
7ae5e000-7ae61000 ---p 00000000 00:00 0 
7ae61000-7aeaf000 rwxp 00000000 00:00 0 
7aeaf000-7aeb2000 ---p 00000000 00:00 0 
7aeb2000-7af00000 rwxp 00000000 00:00 0 
7af00000-7afe1000 rwxp 00000000 00:00 0 
7afe1000-7b000000 ---p 00000000 00:00 0 
7b002000-7b01e000 r-xp 00000000 08:08 1573816    /lib/i386-linux-gnu/libgcc_s.so.1
7b01e000-7b01f000 r-xp 0001b000 08:08 1573816    /lib/i386-linux-gnu/libgcc_s.so.1
7b01f000-7b020000 rwxp 0001c000 08:08 1573816    /lib/i386-linux-gnu/libgcc_s.so.1
7b020000-7b021000 r-xs 00000000 08:08 1188895    /var/cache/fontconfig/c05880de57d1f5e948fdfacc138775d9-le32d4.cache-3
7b021000-7b027000 r-xs 00000000 08:08 1188892    /var/cache/fontconfig/945677eb7aeaf62f1d50efc3fb3ec7d8-le32d4.cache-3
7b027000-7b029000 r-xs 00000000 08:08 1188893    /var/cache/fontconfig/99e8ed0e538f840c565b6ed5dad60d56-le32d4.cache-3
7b029000-7b02c000 r-xs 00000000 08:08 1206717    /var/cache/fontconfig/e383d7ea5fbe662a33d9b44caf393297-le32d4.cache-3
7b02c000-7b02f000 r-xs 00000000 08:08 1188879    /var/cache/fontconfig/2cd17615ca594fa2959ae173292e504c-le32d4.cache-3
7b02f000-7b030000 r-xs 00000000 08:08 1188903    /var/cache/fontconfig/e7071f4a29fa870f4323321c154eba04-le32d4.cache-3
7b030000-7b032000 r-xs 00000000 08:08 1191776    /var/cache/fontconfig/b5ea634b0fb353b8ea17632d1f9ef766-le32d4.cache-3
7b032000-7b036000 r-xs 00000000 08:08 1188889    /var/cache/fontconfig/6eb3985aa4124903f6ff08ba781cd364-le32d4.cache-3
7b036000-7b037000 r-xs 00000000 08:08 1188883    /var/cache/fontconfig/4c73fe0c47614734b17d736dbde7580a-le32d4.cache-3
7b037000-7b038000 r-xs 00000000 08:08 1188876    /var/cache/fontconfig/0d8c3b2ac0904cb8a57a757ad11a4a08-le32d4.cache-3
7b038000-7b03c000 r-xs 00000000 08:08 1188894    /var/cache/fontconfig/a755afe4a08bf5b97852ceb7400b47bc-le32d4.cache-3
7b03c000-7b040000 r-xs 00000000 08:08 1188884    /var/cache/fontconfig/515ca1ebc4b18308bea979be5704f9db-le32d4.cache-3
7b040000-7b047000 r-xs 00000000 08:08 1188888    /var/cache/fontconfig/6d41288fd70b0be22e8c3a91e032eec0-le32d4.cache-3
7b047000-7b052000 r-xs 00000000 08:08 1188877    /var/cache/fontconfig/0f34bcd4b6ee430af32735b75db7f02b-le32d4.cache-3
7b052000-7b074000 r-xs 00000000 08:08 1206716    /var/cache/fontconfig/365b55f210c0a22e9a19e35191240f32-le32d4.cache-3
7b074000-7b081000 r-xs 00000000 08:08 1188899    /var/cache/fontconfig/d52a8644073d54c13679302ca1180695-le32d4.cache-3
7b081000-7b087000 r-xs 00000000 08:08 1206713    /var/cache/fontconfig/153bb866d4d26e7cd19eee2129f8d8d2-le32d4.cache-3
7b088000-7b093000 r-xp 00000000 08:08 408705     /opt/microchip/mplabx/mplab_ide/mplablibs/modules/lib/libusb-1.0.so.0.0.0
7b093000-7b094000 rwxp 0000a000 08:08 408705     /opt/microchip/mplabx/mplab_ide/mplablibs/modules/lib/libusb-1.0.so.0.0.0
7b0af000-7b0b0000 rwxp 00000000 00:00 0 
7b0b0000-7b0b7000 r-xp 00000000 08:08 1181319    /usr/lib/jvm/java-6-sun-1.6.0.26/jre/lib/i386/libnio.so
7b0b7000-7b0b8000 rwxp 00006000 08:08 1181319    /usr/lib/jvm/java-6-sun-1.6.0.26/jre/lib/i386/libnio.so
7b0b8000-7b0bb000 ---p 00000000 00:00 0 
7b0bb000-7b109000 rwxp 00000000 00:00 0 
7b109000-7b10c000 ---p 00000000 00:00 0 
7b10c000-7b15a000 rwxp 00000000 00:00 0 
7b15a000-7b15e000 r-xp 00000000 08:08 1056426    /usr/lib/i386-linux-gnu/libXfixes.so.3.1.0
7b15e000-7b15f000 r-xp 00003000 08:08 1056426    /usr/lib/i386-linux-gnu/libXfixes.so.3.1.0
7b15f000-7b160000 rwxp 00004000 08:08 1056426    /usr/lib/i386-linux-gnu/libXfixes.so.3.1.0
7b160000-7b169000 r-xp 00000000 08:08 1056446    /usr/lib/i386-linux-gnu/libXrender.so.1.3.0
7b169000-7b16a000 r-xp 00008000 08:08 1056446    /usr/lib/i386-linux-gnu/libXrender.so.1.3.0
7b16a000-7b16b000 rwxp 00009000 08:08 1056446    /usr/lib/i386-linux-gnu/libXrender.so.1.3.0
7b16b000-7b174000 r-xp 00000000 08:08 1056410    /usr/lib/i386-linux-gnu/libXcursor.so.1.0.2
7b174000-7b175000 r-xp 00008000 08:08 1056410    /usr/lib/i386-linux-gnu/libXcursor.so.1.0.2
7b175000-7b176000 rwxp 00009000 08:08 1056410    /usr/lib/i386-linux-gnu/libXcursor.so.1.0.2
7b176000-7b179000 r-xp 00000000 08:08 1064001    /usr/lib/libXnCore.so
7b179000-7b17a000 r-xp 00002000 08:08 1064001    /usr/lib/libXnCore.so
7b17a000-7b17b000 rwxp 00003000 08:08 1064001    /usr/lib/libXnCore.so
7b17b000-7b17c000 r-xp 00000000 08:08 1181308    /usr/lib/jvm/java-6-sun-1.6.0.26/jre/lib/i386/libjawt.so
7b17c000-7b17d000 rwxp 00000000 08:08 1181308    /usr/lib/jvm/java-6-sun-1.6.0.26/jre/lib/i386/libjawt.so
7b17d000-7b191000 r-xp 00000000 08:08 1181318    /usr/lib/jvm/java-6-sun-1.6.0.26/jre/lib/i386/libnet.so
7b191000-7b192000 rwxp 00013000 08:08 1181318    /usr/lib/jvm/java-6-sun-1.6.0.26/jre/lib/i386/libnet.so
7b192000-7b1a0000 r-xs 00000000 08:08 1190496    /var/cache/fontconfig/e13b20fdb08344e0e664864cc2ede53d-le32d4.cache-3
7b1a0000-7b1ae000 r-xs 00000000 08:08 1190505    /var/cache/fontconfig/865f88548240fee46819705c6468c165-le32d4.cache-3
7b1ae000-7b1b1000 ---p 00000000 00:00 0 
7b1b1000-7b1ff000 rwxp 00000000 00:00 0 
7b1ff000-7b278000 r-xp 00000000 08:08 1181295    /usr/lib/jvm/java-6-sun-1.6.0.26/jre/lib/i386/libfontmanager.so
7b278000-7b282000 rwxp 00078000 08:08 1181295    /usr/lib/jvm/java-6-sun-1.6.0.26/jre/lib/i386/libfontmanager.so
7b282000-7b287000 rwxp 00000000 00:00 0 
7b287000-7b29e000 r-xs 0015b000 08:08 1199687    /home/alejo/Dropbox/code/devices3d/lib/base/core/ant.jar
7b29e000-7b2a3000 r-xp 00000000 08:08 1056418    /usr/lib/i386-linux-gnu/libXdmcp.so.6.0.0
7b2a3000-7b2a4000 r-xp 00004000 08:08 1056418    /usr/lib/i386-linux-gnu/libXdmcp.so.6.0.0
7b2a4000-7b2a5000 rwxp 00005000 08:08 1056418    /usr/lib/i386-linux-gnu/libXdmcp.so.6.0.0
7b2a5000-7b2c2000 r-xp 00000000 08:08 1056813    /usr/lib/i386-linux-gnu/libxcb.so.1.1.0
7b2c2000-7b2c3000 r-xp 0001c000 08:08 1056813    /usr/lib/i386-linux-gnu/libxcb.so.1.1.0
7b2c3000-7b2c4000 rwxp 0001d000 08:08 1056813    /usr/lib/i386-linux-gnu/libxcb.so.1.1.0
7b2c4000-7b2d2000 r-xp 00000000 08:08 1056434    /usr/lib/i386-linux-gnu/libXi.so.6.1.0
7b2d2000-7b2d3000 r-xp 0000d000 08:08 1056434    /usr/lib/i386-linux-gnu/libXi.so.6.1.0
7b2d3000-7b2d4000 rwxp 0000e000 08:08 1056434    /usr/lib/i386-linux-gnu/libXi.so.6.1.0
7b2d4000-7b405000 r-xp 00000000 08:08 1056398    /usr/lib/i386-linux-gnu/libX11.so.6.3.0
7b405000-7b406000 ---p 00131000 08:08 1056398    /usr/lib/i386-linux-gnu/libX11.so.6.3.0
7b406000-7b407000 r-xp 00131000 08:08 1056398    /usr/lib/i386-linux-gnu/libX11.so.6.3.0
7b407000-7b409000 rwxp 00132000 08:08 1056398    /usr/lib/i386-linux-gnu/libX11.so.6.3.0
7b409000-7b40a000 rwxp 00000000 00:00 0 
7b40a000-7b44d000 r-xp 00000000 08:08 1181341    /usr/lib/jvm/java-6-sun-1.6.0.26/jre/lib/i386/xawt/libmawt.so
7b44d000-7b44f000 rwxp 00043000 08:08 1181341    /usr/lib/jvm/java-6-sun-1.6.0.26/jre/lib/i386/xawt/libmawt.so
7b44f000-7b450000 rwxp 00000000 00:00 0 
7b450000-7b4d5000 r-xp 00000000 08:08 1181290    /usr/lib/jvm/java-6-sun-1.6.0.26/jre/lib/i386/libawt.so
7b4d5000-7b4dc000 rwxp 00085000 08:08 1181290    /usr/lib/jvm/java-6-sun-1.6.0.26/jre/lib/i386/libawt.so
7b4dc000-7b500000 rwxp 00000000 00:00 0 
7b500000-7b5ff000 rwxp 00000000 00:00 0 
7b5ff000-7b600000 ---p 00000000 00:00 0 
7b600000-7b611000 r-xp 00000000 08:08 1056422    /usr/lib/i386-linux-gnu/libXext.so.6.4.0
7b611000-7b612000 r-xp 00010000 08:08 1056422    /usr/lib/i386-linux-gnu/libXext.so.6.4.0
7b612000-7b613000 rwxp 00011000 08:08 1056422    /usr/lib/i386-linux-gnu/libXext.so.6.4.0
7b613000-7b616000 r-xs 00000000 08:08 1188900    /var/cache/fontconfig/d60319d88cac85ba9e1a07bd06cfbb8c-le32d4.cache-3
7b616000-7b619000 r-xs 00000000 08:08 1206715    /var/cache/fontconfig/7ef2298fde41cc6eeb7af42e48b7d293-le32d4.cache-3
7b619000-7b61c000 r-xs 00017000 08:08 1199756    /home/alejo/Dropbox/code/devices3d/lib/user/proscene/proscene.jar
7b61c000-7b61e000 r-xs 00003000 08:08 1199742    /home/alejo/Dropbox/code/devices3d/lib/user/fullscreen/fullscreen.jar
7b61e000-7b622000 r-xs 00020000 08:08 1199717    /home/alejo/Dropbox/code/devices3d/lib/user/SimpleOpenNI/SimpleOpenNI.jar
7b622000-7b62d000 r-xs 00108000 08:08 1326150    /home/alejo/Dropbox/code/devices3d/lib/base/opengl/jogl.jar
7b62d000-7b62e000 r-xs 00004000 08:08 1326149    /home/alejo/Dropbox/code/devices3d/lib/base/opengl/gluegen-rt.jar
7b62e000-7b62f000 r-xs 00003000 08:08 1326148    /home/alejo/Dropbox/code/devices3d/lib/base/opengl/opengl.jar
7b62f000-7b630000 ---p 00000000 00:00 0 
7b630000-7b6b0000 rwxp 00000000 00:00 0 
7b6b0000-7b6b3000 ---p 00000000 00:00 0 
7b6b3000-7b701000 rwxp 00000000 00:00 0 
7b701000-7b704000 ---p 00000000 00:00 0 
7b704000-7b782000 rwxp 00000000 00:00 0 
7b782000-7b785000 ---p 00000000 00:00 0 
7b785000-7b803000 rwxp 00000000 00:00 0 
7b803000-7b806000 ---p 00000000 00:00 0 
7b806000-7b854000 rwxp 00000000 00:00 0 
7b854000-7b855000 r-xp 00571000 08:08 1057169    /usr/lib/locale/locale-archive
7b855000-7b986000 r-xp 0043d000 08:08 1057169    /usr/lib/locale/locale-archive
7b986000-7b9c6000 r-xp 002bd000 08:08 1057169    /usr/lib/locale/locale-archive
7b9c6000-7bbc6000 r-xp 00000000 08:08 1057169    /usr/lib/locale/locale-archive
7bbc6000-7bbc9000 ---p 00000000 00:00 0 
7bbc9000-7bc17000 rwxp 00000000 00:00 0 
7bc17000-7bc1a000 ---p 00000000 00:00 0 
7bc1a000-7bc68000 rwxp 00000000 00:00 0 
7bc68000-7be00000 r-xs 03029000 08:08 1181157    /usr/lib/jvm/java-6-sun-1.6.0.26/jre/lib/rt.jar
7be00000-7bf00000 rwxp 00000000 00:00 0 
7bf00000-7bf03000 r-xs 00029000 08:08 2123900    /home/alejo/Dropbox/code/devices3d/lib/user/procontroll/procontroll.jar
7bf03000-7bf08000 r-xp 00000000 08:08 1052626    /usr/lib/libXtst.so.6.1.0
7bf08000-7bf09000 r-xp 00004000 08:08 1052626    /usr/lib/libXtst.so.6.1.0
7bf09000-7bf0a000 rwxp 00005000 08:08 1052626    /usr/lib/libXtst.so.6.1.0
7bf0a000-7bf0b000 ---p 00000000 00:00 0 
7bf0b000-7bfbf000 rwxp 00000000 00:00 0 
7bfbf000-7bfc0000 ---p 00000000 00:00 0 
7bfc0000-7c040000 rwxp 00000000 00:00 0 
7c040000-7c041000 ---p 00000000 00:00 0 
7c041000-7c0c1000 rwxp 00000000 00:00 0 
7c0c1000-7c0c2000 ---p 00000000 00:00 0 
7c0c2000-7c142000 rwxp 00000000 00:00 0 
7c142000-7c143000 ---p 00000000 00:00 0 
7c143000-7c1cb000 rwxp 00000000 00:00 0 
7c1cb000-7c1e3000 rwxp 00000000 00:00 0 
7c1e3000-7c1f5000 rwxp 00000000 00:00 0 
7c1f5000-7c2f5000 rwxp 00000000 00:00 0 
7c2f5000-7c2fd000 rwxp 00000000 00:00 0 
7c2fd000-7c315000 rwxp 00000000 00:00 0 
7c315000-7c327000 rwxp 00000000 00:00 0 
7c327000-7c426000 rwxp 00000000 00:00 0 
7c426000-7c436000 rwxp 00000000 00:00 0 
7c436000-7c4af000 rwxp 00000000 00:00 0 
7c4af000-7d4b0000 rwxp 00000000 00:00 0 
7d4b0000-804b0000 rwxp 00000000 00:00 0 
804b0000-826e0000 rwxp 00000000 00:00 0 
826e0000-a2760000 rwxp 00000000 00:00 0 
a2760000-a4540000 rwxp 00000000 00:00 0 
a4540000-b38b0000 rwxp 00000000 00:00 0 
b38b0000-b38b1000 r-xs 00000000 08:08 1188887    /var/cache/fontconfig/6a53c69dea097a2d716e069445527da8-le32d4.cache-3
b38b1000-b38b3000 r-xs 0002b000 08:08 1199690    /home/alejo/Dropbox/code/devices3d/lib/base/core/core.jar
b38b3000-b38bc000 rwxp 00000000 00:00 0 
b38bc000-b3973000 rwxp 00000000 00:00 0 
b3973000-b3bb3000 rwxp 00000000 00:00 0 
b3bb3000-b6973000 rwxp 00000000 00:00 0 
b6973000-b697e000 r-xp 00000000 08:08 1573836    /lib/i386-linux-gnu/libnss_files-2.13.so
b697e000-b697f000 r-xp 0000a000 08:08 1573836    /lib/i386-linux-gnu/libnss_files-2.13.so
b697f000-b6980000 rwxp 0000b000 08:08 1573836    /lib/i386-linux-gnu/libnss_files-2.13.so
b6980000-b698a000 r-xp 00000000 08:08 1573840    /lib/i386-linux-gnu/libnss_nis-2.13.so
b698a000-b698b000 r-xp 00009000 08:08 1573840    /lib/i386-linux-gnu/libnss_nis-2.13.so
b698b000-b698c000 rwxp 0000a000 08:08 1573840    /lib/i386-linux-gnu/libnss_nis-2.13.so
b698c000-b69a1000 r-xp 00000000 08:08 1573830    /lib/i386-linux-gnu/libnsl-2.13.so
b69a1000-b69a2000 r-xp 00015000 08:08 1573830    /lib/i386-linux-gnu/libnsl-2.13.so
b69a2000-b69a3000 rwxp 00016000 08:08 1573830    /lib/i386-linux-gnu/libnsl-2.13.so
b69a3000-b69a5000 rwxp 00000000 00:00 0 
b69a5000-b69a6000 r-xs 00000000 08:08 1193307    /var/cache/fontconfig/4794a0821666d79190d59a36cb4f44b5-le32d4.cache-3
b69a6000-b69a8000 r-xs 00002000 08:08 1199642    /home/alejo/Dropbox/code/devices3d/lib/base/core/ant-launcher.jar
b69a8000-b69b7000 r-xp 00000000 08:08 1181329    /usr/lib/jvm/java-6-sun-1.6.0.26/jre/lib/i386/libzip.so
b69b7000-b69b9000 rwxp 0000e000 08:08 1181329    /usr/lib/jvm/java-6-sun-1.6.0.26/jre/lib/i386/libzip.so
b69b9000-b69c1000 rwxs 00000000 08:08 411589     /tmp/hsperfdata_alejo/6760
b69c1000-b69e4000 r-xp 00000000 08:08 1181303    /usr/lib/jvm/java-6-sun-1.6.0.26/jre/lib/i386/libjava.so
b69e4000-b69e6000 rwxp 00023000 08:08 1181303    /usr/lib/jvm/java-6-sun-1.6.0.26/jre/lib/i386/libjava.so
b69e6000-b69ed000 r-xp 00000000 08:08 1573859    /lib/i386-linux-gnu/librt-2.13.so
b69ed000-b69ee000 r-xp 00006000 08:08 1573859    /lib/i386-linux-gnu/librt-2.13.so
b69ee000-b69ef000 rwxp 00007000 08:08 1573859    /lib/i386-linux-gnu/librt-2.13.so
b69ef000-b69f2000 ---p 00000000 00:00 0 
b69f2000-b6a40000 rwxp 00000000 00:00 0 
b6a40000-b6a68000 r-xp 00000000 08:08 1573825    /lib/i386-linux-gnu/libm-2.13.so
b6a68000-b6a69000 r-xp 00028000 08:08 1573825    /lib/i386-linux-gnu/libm-2.13.so
b6a69000-b6a6a000 rwxp 00029000 08:08 1573825    /lib/i386-linux-gnu/libm-2.13.so
b6a6a000-b721c000 r-xp 00000000 08:08 1181340    /usr/lib/jvm/java-6-sun-1.6.0.26/jre/lib/i386/server/libjvm.so
b721c000-b7270000 rwxp 007b1000 08:08 1181340    /usr/lib/jvm/java-6-sun-1.6.0.26/jre/lib/i386/server/libjvm.so
b7270000-b768f000 rwxp 00000000 00:00 0 
b768f000-b7805000 r-xp 00000000 08:08 1573795    /lib/i386-linux-gnu/libc-2.13.so
b7805000-b7807000 r-xp 00176000 08:08 1573795    /lib/i386-linux-gnu/libc-2.13.so
b7807000-b7808000 rwxp 00178000 08:08 1573795    /lib/i386-linux-gnu/libc-2.13.so
b7808000-b780b000 rwxp 00000000 00:00 0 
b780b000-b780e000 r-xp 00000000 08:08 1573806    /lib/i386-linux-gnu/libdl-2.13.so
b780e000-b780f000 r-xp 00002000 08:08 1573806    /lib/i386-linux-gnu/libdl-2.13.so
b780f000-b7810000 rwxp 00003000 08:08 1573806    /lib/i386-linux-gnu/libdl-2.13.so
b7810000-b7817000 r-xp 00000000 08:08 1181335    /usr/lib/jvm/java-6-sun-1.6.0.26/jre/lib/i386/jli/libjli.so
b7817000-b7819000 rwxp 00006000 08:08 1181335    /usr/lib/jvm/java-6-sun-1.6.0.26/jre/lib/i386/jli/libjli.so
b7819000-b781a000 rwxp 00000000 00:00 0 
b781a000-b7831000 r-xp 00000000 08:08 1573855    /lib/i386-linux-gnu/libpthread-2.13.so
b7831000-b7832000 r-xp 00016000 08:08 1573855    /lib/i386-linux-gnu/libpthread-2.13.so
b7832000-b7833000 rwxp 00017000 08:08 1573855    /lib/i386-linux-gnu/libpthread-2.13.so
b7833000-b7835000 rwxp 00000000 00:00 0 
b7835000-b7837000 r-xp 00000000 08:08 1056402    /usr/lib/i386-linux-gnu/libXau.so.6.0.0
b7837000-b7838000 r-xp 00001000 08:08 1056402    /usr/lib/i386-linux-gnu/libXau.so.6.0.0
b7838000-b7839000 rwxp 00002000 08:08 1056402    /usr/lib/i386-linux-gnu/libXau.so.6.0.0
b7839000-b7841000 r-xp 00000000 08:08 1573832    /lib/i386-linux-gnu/libnss_compat-2.13.so
b7841000-b7842000 r-xp 00007000 08:08 1573832    /lib/i386-linux-gnu/libnss_compat-2.13.so
b7842000-b7843000 rwxp 00008000 08:08 1573832    /lib/i386-linux-gnu/libnss_compat-2.13.so
b7843000-b7844000 rwxp 00000000 00:00 0 
b7844000-b7845000 r-xp 00000000 00:00 0 
b7845000-b7850000 r-xp 00000000 08:08 1181328    /usr/lib/jvm/java-6-sun-1.6.0.26/jre/lib/i386/libverify.so
b7850000-b7851000 rwxp 0000b000 08:08 1181328    /usr/lib/jvm/java-6-sun-1.6.0.26/jre/lib/i386/libverify.so
b7851000-b7853000 rwxp 00000000 00:00 0 
b7853000-b7854000 r-xp 00000000 00:00 0          [vdso]
b7854000-b7872000 r-xp 00000000 08:08 1573782    /lib/i386-linux-gnu/ld-2.13.so
b7872000-b7873000 r-xp 0001d000 08:08 1573782    /lib/i386-linux-gnu/ld-2.13.so
b7873000-b7874000 rwxp 0001e000 08:08 1573782    /lib/i386-linux-gnu/ld-2.13.so
bf818000-bf839000 rwxp 00000000 00:00 0          [stack]

VM Arguments:
jvm_args: -Djava.library.path=/home/alejo/Dropbox/code/devices3d/lib/base/opengl:/home/alejo/Dropbox/code/devices3d/lib/base/opengl:/home/alejo/Dropbox/code/devices3d/lib/base/opengl:/home/alejo/Dropbox/code/devices3d/lib/base/core:/home/alejo/Dropbox/code/devices3d/lib/base/core:/home/alejo/Dropbox/code/devices3d/lib/base/core:/home/alejo/Dropbox/code/devices3d/lib/user/procontroll:/home/alejo/Dropbox/code/devices3d/lib/user/SimpleOpenNI:/home/alejo/Dropbox/code/devices3d/lib/user/fullscreen:/home/alejo/Dropbox/code/devices3d/lib/user/proscene -Djava.security.policy=java.policy.applet -Dfile.encoding=UTF-8 
java_command: sun.applet.AppletViewer devices3d.Devices3d1333675967485.html
Launcher Type: SUN_STANDARD

Environment Variables:
PATH=/opt/microchip/mplabc32/v2.02/bin:/opt/microchip/mplabc30/v3.30c/bin:/usr/lib/lightdm/lightdm:/usr/local/sbin:/usr/local/bin:/usr/sbin:/usr/bin:/sbin:/bin:/usr/games
USERNAME=alejo
LD_LIBRARY_PATH=/usr/lib/jvm/java-6-sun-1.6.0.26/jre/lib/i386/server:/usr/lib/jvm/java-6-sun-1.6.0.26/jre/lib/i386:/usr/lib/jvm/java-6-sun-1.6.0.26/jre/../lib/i386:/usr/lib/jvm/java-6-sun-1.6.0.26/jre/lib/i386/client:/usr/lib/jvm/java-6-sun-1.6.0.26/jre/lib/i386:
SHELL=/bin/bash
DISPLAY=:0.0

Signal Handlers:
SIGSEGV: [libjvm.so+0x725510], sa_mask[0]=0x7ffbfeff, sa_flags=0x10000004
SIGBUS: [libjvm.so+0x725510], sa_mask[0]=0x7ffbfeff, sa_flags=0x10000004
SIGFPE: [libjvm.so+0x5dff20], sa_mask[0]=0x7ffbfeff, sa_flags=0x10000004
SIGPIPE: [libjvm.so+0x5dff20], sa_mask[0]=0x7ffbfeff, sa_flags=0x10000004
SIGXFSZ: [libjvm.so+0x5dff20], sa_mask[0]=0x7ffbfeff, sa_flags=0x10000004
SIGILL: [libjvm.so+0x5dff20], sa_mask[0]=0x7ffbfeff, sa_flags=0x10000004
SIGUSR1: SIG_DFL, sa_mask[0]=0x00000000, sa_flags=0x00000000
SIGUSR2: [libjvm.so+0x5e3160], sa_mask[0]=0x00000004, sa_flags=0x10000004
SIGHUP: [libjvm.so+0x5e2d40], sa_mask[0]=0x7ffbfeff, sa_flags=0x10000004
SIGINT: [libjvm.so+0x5e2d40], sa_mask[0]=0x7ffbfeff, sa_flags=0x10000004
SIGTERM: [libjvm.so+0x5e2d40], sa_mask[0]=0x7ffbfeff, sa_flags=0x10000004
SIGQUIT: [libjvm.so+0x5e2d40], sa_mask[0]=0x7ffbfeff, sa_flags=0x10000004


---------------  S Y S T E M  ---------------

OS:wheezy/sid

uname:Linux 3.0.0-12-generic #20-Ubuntu SMP Fri Oct 7 14:50:42 UTC 2011 i686
libc:glibc 2.13 NPTL 2.13 
rlimit: STACK 8192k, CORE 0k, NPROC 26110, NOFILE 4096, AS infinity
load average:0.11 0.08 0.12

/proc/meminfo:
MemTotal:        3356112 kB
MemFree:          438620 kB
Buffers:          311456 kB
Cached:          1043348 kB
SwapCached:            0 kB
Active:          1546208 kB
Inactive:         994832 kB
Active(anon):    1188640 kB
Inactive(anon):    11964 kB
Active(file):     357568 kB
Inactive(file):   982868 kB
Unevictable:          16 kB
Mlocked:              16 kB
HighTotal:       2497096 kB
HighFree:          42268 kB
LowTotal:         859016 kB
LowFree:          396352 kB
SwapTotal:      14645240 kB
SwapFree:       14645240 kB
Dirty:               584 kB
Writeback:             0 kB
AnonPages:       1186424 kB
Mapped:           328776 kB
Shmem:             14356 kB
Slab:              98064 kB
SReclaimable:      76424 kB
SUnreclaim:        21640 kB
KernelStack:        4456 kB
PageTables:        22172 kB
NFS_Unstable:          0 kB
Bounce:                0 kB
WritebackTmp:          0 kB
CommitLimit:    16323296 kB
Committed_AS:    4305264 kB
VmallocTotal:     122880 kB
VmallocUsed:       59252 kB
VmallocChunk:      58104 kB
HardwareCorrupted:     0 kB
AnonHugePages:         0 kB
HugePages_Total:       0
HugePages_Free:        0
HugePages_Rsvd:        0
HugePages_Surp:        0
Hugepagesize:       4096 kB
DirectMap4k:       12280 kB
DirectMap4M:      897024 kB


CPU:total 4 (4 cores per cpu, 1 threads per core) family 16 model 4 stepping 3, cmov, cx8, fxsr, mmx, sse, sse2, sse3, popcnt, mmxext, 3dnow, 3dnowext, lzcnt, sse4a

/proc/cpuinfo:
processor	: 0
vendor_id	: AuthenticAMD
cpu family	: 16
model		: 4
model name	: AMD Phenom(tm) II X4 945 Processor
stepping	: 3
cpu MHz		: 3010.822
cache size	: 512 KB
physical id	: 0
siblings	: 4
core id		: 0
cpu cores	: 4
apicid		: 0
initial apicid	: 0
fdiv_bug	: no
hlt_bug		: no
f00f_bug	: no
coma_bug	: no
fpu		: yes
fpu_exception	: yes
cpuid level	: 5
wp		: yes
flags		: fpu vme de pse tsc msr pae mce cx8 apic mtrr pge mca cmov pat pse36 clflush mmx fxsr sse sse2 ht syscall nx mmxext fxsr_opt pdpe1gb rdtscp lm 3dnowext 3dnow constant_tsc nonstop_tsc extd_apicid pni monitor cx16 popcnt lahf_lm cmp_legacy svm extapic cr8_legacy abm sse4a misalignsse 3dnowprefetch osvw ibs skinit wdt npt lbrv svm_lock nrip_save
bogomips	: 6021.64
clflush size	: 64
cache_alignment	: 64
address sizes	: 48 bits physical, 48 bits virtual
power management: ts ttp tm stc 100mhzsteps hwpstate

processor	: 1
vendor_id	: AuthenticAMD
cpu family	: 16
model		: 4
model name	: AMD Phenom(tm) II X4 945 Processor
stepping	: 3
cpu MHz		: 3010.822
cache size	: 512 KB
physical id	: 0
siblings	: 4
core id		: 1
cpu cores	: 4
apicid		: 1
initial apicid	: 1
fdiv_bug	: no
hlt_bug		: no
f00f_bug	: no
coma_bug	: no
fpu		: yes
fpu_exception	: yes
cpuid level	: 5
wp		: yes
flags		: fpu vme de pse tsc msr pae mce cx8 apic mtrr pge mca cmov pat pse36 clflush mmx fxsr sse sse2 ht syscall nx mmxext fxsr_opt pdpe1gb rdtscp lm 3dnowext 3dnow constant_tsc nonstop_tsc extd_apicid pni monitor cx16 popcnt lahf_lm cmp_legacy svm extapic cr8_legacy abm sse4a misalignsse 3dnowprefetch osvw ibs skinit wdt npt lbrv svm_lock nrip_save
bogomips	: 6020.55
clflush size	: 64
cache_alignment	: 64
address sizes	: 48 bits physical, 48 bits virtual
power management: ts ttp tm stc 100mhzsteps hwpstate

processor	: 2
vendor_id	: AuthenticAMD
cpu family	: 16
model		: 4
model name	: AMD Phenom(tm) II X4 945 Processor
stepping	: 3
cpu MHz		: 3010.822
cache size	: 512 KB
physical id	: 0
siblings	: 4
core id		: 2
cpu cores	: 4
apicid		: 2
initial apicid	: 2
fdiv_bug	: no
hlt_bug		: no
f00f_bug	: no
coma_bug	: no
fpu		: yes
fpu_exception	: yes
cpuid level	: 5
wp		: yes
flags		: fpu vme de pse tsc msr pae mce cx8 apic mtrr pge mca cmov pat pse36 clflush mmx fxsr sse sse2 ht syscall nx mmxext fxsr_opt pdpe1gb rdtscp lm 3dnowext 3dnow constant_tsc nonstop_tsc extd_apicid pni monitor cx16 popcnt lahf_lm cmp_legacy svm extapic cr8_legacy abm sse4a misalignsse 3dnowprefetch osvw ibs skinit wdt npt lbrv svm_lock nrip_save
bogomips	: 6020.55
clflush size	: 64
cache_alignment	: 64
address sizes	: 48 bits physical, 48 bits virtual
power management: ts ttp tm stc 100mhzsteps hwpstate

processor	: 3
vendor_id	: AuthenticAMD
cpu family	: 16
model		: 4
model name	: AMD Phenom(tm) II X4 945 Processor
stepping	: 3
cpu MHz		: 3010.822
cache size	: 512 KB
physical id	: 0
siblings	: 4
core id		: 3
cpu cores	: 4
apicid		: 3
initial apicid	: 3
fdiv_bug	: no
hlt_bug		: no
f00f_bug	: no
coma_bug	: no
fpu		: yes
fpu_exception	: yes
cpuid level	: 5
wp		: yes
flags		: fpu vme de pse tsc msr pae mce cx8 apic mtrr pge mca cmov pat pse36 clflush mmx fxsr sse sse2 ht syscall nx mmxext fxsr_opt pdpe1gb rdtscp lm 3dnowext 3dnow constant_tsc nonstop_tsc extd_apicid pni monitor cx16 popcnt lahf_lm cmp_legacy svm extapic cr8_legacy abm sse4a misalignsse 3dnowprefetch osvw ibs skinit wdt npt lbrv svm_lock nrip_save
bogomips	: 6020.55
clflush size	: 64
cache_alignment	: 64
address sizes	: 48 bits physical, 48 bits virtual
power management: ts ttp tm stc 100mhzsteps hwpstate



Memory: 4k page, physical 3356112k(438620k free), swap 14645240k(14645240k free)

vm_info: Java HotSpot(TM) Server VM (20.1-b02) for linux-x86 JRE (1.6.0_26-b03), built on May  4 2011 01:04:10 by "java_re" with gcc 3.2.1-7a (J2SE release)

time: Thu Apr  5 20:32:47 2012
elapsed time: 0 seconds

