#
# A fatal error has been detected by the Java Runtime Environment:
#
#  SIGSEGV (0xb) at pc=0x7a97ad5a, pid=4735, tid=2058353520
#
# JRE version: 6.0_26-b03
# Java VM: Java HotSpot(TM) Server VM (20.1-b02 mixed mode linux-x86 )
# Problematic frame:
# C  [libOpenNI.so+0x33d5a]  long long+0x1a
#
# If you would like to submit a bug report, please visit:
#   http://java.sun.com/webapps/bugreport/crash.jsp
# The crash happened outside the Java Virtual Machine in native code.
# See problematic frame for where to report the bug.
#

---------------  T H R E A D  ---------------

Current thread (0x08228400):  JavaThread "Animation Thread" [_thread_in_native, id=4763, stack(0x7aaaf000,0x7ab00000)]

siginfo:si_signo=SIGSEGV: si_errno=0, si_code=1 (SEGV_MAPERR), si_addr=0x00000000

Registers:
EAX=0x00000000, EBX=0x7a9c4ff4, ECX=0x00000001, EDX=0x7ac5fdb0
ESP=0x7aafec40, EBP=0x7aafec68, ESI=0x00000000, EDI=0x08228400
EIP=0x7a97ad5a, EFLAGS=0x00010202, CR2=0x00000000

Top of Stack: (sp=0x7aafec40)
0x7aafec40:   7a949dec 7aaabff4 7cb92e90 08228400
0x7aafec50:   7aafec88 b7750c30 7ac5fdb0 7a97ad40
0x7aafec60:   7aaabff4 7cb92e90 7aafec88 7aa6198c
0x7aafec70:   00000000 7ac5fdb0 7ac5fdb0 7aa61966
0x7aafec80:   7ac5fd40 7aaabff4 7aafecb8 7aa686f1
0x7aafec90:   7ac5fd40 7ac5fdb0 00000000 00000000
0x7aafeca0:   7aafecd8 b7750c30 08228400 7aa68601
0x7aafecb0:   7aaabff4 7cb92e90 7aafecd8 7aa68825 

Instructions: (pc=0x7a97ad5a)
0x7a97ad3a:   bc 27 00 00 00 00 55 89 e5 83 ec 28 89 75 fc 8b
0x7a97ad4a:   75 08 89 5d f8 e8 13 a8 fd ff 81 c3 a0 a2 04 00
0x7a97ad5a:   8b 06 8b 50 08 85 d2 74 0c 8b 40 04 8b 00 a9 00
0x7a97ad6a:   00 01 00 75 11 8b 5d f8 b8 12 00 01 00 8b 75 fc 

Register to memory mapping:

EAX=0x00000000 is an unknown value
EBX=0x7a9c4ff4: <offset 0x7dff4> in /usr/lib/libOpenNI.so at 0x7a947000
ECX=0x00000001 is an unknown value
EDX=0x7ac5fdb0 is an unknown value
ESP=0x7aafec40 is pointing into the stack for thread: 0x08228400
EBP=0x7aafec68 is pointing into the stack for thread: 0x08228400
ESI=0x00000000 is an unknown value
EDI=0x08228400 is a thread


Stack: [0x7aaaf000,0x7ab00000],  sp=0x7aafec40,  free space=319k
Native frames: (J=compiled Java code, j=interpreted, Vv=VM code, C=native code)
C  [libOpenNI.so+0x33d5a]  long long+0x1a
C  [libSimpleOpenNI.so+0x9a98c]  xn::MapGenerator::SetMapOutputMode(XnMapOutputMode const&)+0x26
C  [libSimpleOpenNI.so+0xa16f1]  sOpenNI::ContextWrapper::createDepth(bool)+0xdb
C  [libSimpleOpenNI.so+0xa1825]  sOpenNI::ContextWrapper::enableDepth()+0x6b
C  [libSimpleOpenNI.so+0x848c6]  Java_SimpleOpenNI_SimpleOpenNIJNI_ContextWrapper_1enableDepthSwigExplicitContextWrapper_1_1SWIG_10+0x3c
j  SimpleOpenNI.SimpleOpenNIJNI.ContextWrapper_enableDepthSwigExplicitContextWrapper__SWIG_0(JLSimpleOpenNI/ContextWrapper;)Z+0
j  SimpleOpenNI.ContextWrapper.enableDepth()Z+26
j  SimpleOpenNI.SimpleOpenNI.enableDepth()Z+1
j  remixlab.devices.Kinect.<init>(Lprocessing/core/PApplet;Lremixlab/proscene/Scene;)V+56
j  devices3d.Devices3d.setup()V+170
j  processing.core.PApplet.handleDraw()V+65
j  processing.core.PApplet.run()V+72
j  java.lang.Thread.run()V+11
v  ~StubRoutines::call_stub
V  [libjvm.so+0x3dff01]  JavaCalls::call_helper(JavaValue*, methodHandle*, JavaCallArguments*, Thread*)+0x1c1
V  [libjvm.so+0x5e1298]  os::os_exception_wrapper(void (*)(JavaValue*, methodHandle*, JavaCallArguments*, Thread*), JavaValue*, methodHandle*, JavaCallArguments*, Thread*)+0x18
V  [libjvm.so+0x3df775]  JavaCalls::call_virtual(JavaValue*, KlassHandle, symbolHandle, symbolHandle, JavaCallArguments*, Thread*)+0xc5
V  [libjvm.so+0x3df838]  JavaCalls::call_virtual(JavaValue*, Handle, KlassHandle, symbolHandle, symbolHandle, Thread*)+0x58
V  [libjvm.so+0x4642d7]  thread_entry(JavaThread*, Thread*)+0xa7
V  [libjvm.so+0x6e16bf]  JavaThread::run()+0x11f
V  [libjvm.so+0x5e2aee]  java_start(Thread*)+0x14e
C  [libpthread.so.0+0x6d31]  short+0xd1

Java frames: (J=compiled Java code, j=interpreted, Vv=VM code)
j  SimpleOpenNI.SimpleOpenNIJNI.ContextWrapper_enableDepthSwigExplicitContextWrapper__SWIG_0(JLSimpleOpenNI/ContextWrapper;)Z+0
j  SimpleOpenNI.ContextWrapper.enableDepth()Z+26
j  SimpleOpenNI.SimpleOpenNI.enableDepth()Z+1
j  remixlab.devices.Kinect.<init>(Lprocessing/core/PApplet;Lremixlab/proscene/Scene;)V+56
j  devices3d.Devices3d.setup()V+170
j  processing.core.PApplet.handleDraw()V+65
j  processing.core.PApplet.run()V+72
j  java.lang.Thread.run()V+11
v  ~StubRoutines::call_stub

---------------  P R O C E S S  ---------------

Java Threads: ( => current thread )
=>0x08228400 JavaThread "Animation Thread" [_thread_in_native, id=4763, stack(0x7aaaf000,0x7ab00000)]
  0x080dac00 JavaThread "AWT-EventQueue-1" [_thread_blocked, id=4762, stack(0x7ad0d000,0x7ad5e000)]
  0x7ac27400 JavaThread "DestroyJavaVM" [_thread_blocked, id=4741, stack(0xb68d8000,0xb6929000)]
  0x7aee7400 JavaThread "AWT-EventQueue-0" [_thread_blocked, id=4759, stack(0x7ad5e000,0x7adaf000)]
  0x7aee5400 JavaThread "AWT-Shutdown" [_thread_blocked, id=4758, stack(0x7adaf000,0x7ae00000)]
  0x7aee1400 JavaThread "thread applet-devices3d.Devices3d.class" [_thread_blocked, id=4757, stack(0x7af93000,0x7afe4000)]
  0x7aeda800 JavaThread "AWT-XAWT" daemon [_thread_in_native, id=4755, stack(0x7afe4000,0x7b035000)]
  0x7b145c00 JavaThread "Java2D Disposer" daemon [_thread_blocked, id=4754, stack(0x7b21a000,0x7b26b000)]
  0x7bd13000 JavaThread "Low Memory Detector" daemon [_thread_blocked, id=4752, stack(0x7b58d000,0x7b5de000)]
  0x7bd11400 JavaThread "C2 CompilerThread1" daemon [_thread_blocked, id=4751, stack(0x7b5de000,0x7b65f000)]
  0x7bd0f400 JavaThread "C2 CompilerThread0" daemon [_thread_blocked, id=4750, stack(0x7b65f000,0x7b6e0000)]
  0x7bd0d800 JavaThread "Signal Dispatcher" daemon [_thread_blocked, id=4749, stack(0x7b6e0000,0x7b731000)]
  0x08182000 JavaThread "Finalizer" daemon [_thread_blocked, id=4748, stack(0x7be4e000,0x7be9f000)]
  0x0817d400 JavaThread "Reference Handler" daemon [_thread_blocked, id=4747, stack(0x7ba62000,0x7bab3000)]

Other Threads:
  0x08179800 VMThread [stack: 0x7bab3000,0x7bb34000] [id=4746]
  0x7bd1d000 WatcherThread [stack: 0x7b50c000,0x7b58d000] [id=4753]

VM state:not at safepoint (normal execution)

VM Mutex/Monitor currently owned by a thread: None

Heap
 PSYoungGen      total 15296K, used 10200K [0xa2640000, 0xa4420000, 0xb3790000)
  eden space 13120K, 65% used [0xa2640000,0xa2ea1c08,0xa3310000)
  from space 2176K, 74% used [0xa3310000,0xa34a46b8,0xa3530000)
  to   space 2176K, 0% used [0xa4200000,0xa4200000,0xa4420000)
 PSOldGen        total 35008K, used 5968K [0x80390000, 0x825c0000, 0xa2640000)
  object space 35008K, 17% used [0x80390000,0x80964310,0x825c0000)
 PSPermGen       total 16384K, used 8323K [0x7c390000, 0x7d390000, 0x80390000)
  object space 16384K, 50% used [0x7c390000,0x7cbb0c50,0x7d390000)

Code Cache  [0xb385c000, 0xb3a9c000, 0xb685c000)
 total_blobs=330 nmethods=41 adapters=244 free_code_cache=49881920 largest_free_block=11776

Dynamic libraries:
08048000-08052000 r-xp 00000000 08:08 1181081    /usr/lib/jvm/java-6-sun-1.6.0.26/jre/bin/java
08052000-08053000 rwxp 00009000 08:08 1181081    /usr/lib/jvm/java-6-sun-1.6.0.26/jre/bin/java
080d4000-083c3000 rwxp 00000000 00:00 0          [heap]
7920a000-79293000 r-xp 00000000 08:08 1070238    /usr/lib/libXnDeviceSensorV2KM.so
79293000-7929c000 r-xp 00088000 08:08 1070238    /usr/lib/libXnDeviceSensorV2KM.so
7929c000-7929d000 rwxp 00091000 08:08 1070238    /usr/lib/libXnDeviceSensorV2KM.so
7929d000-7937d000 r-xp 00000000 08:08 1064091    /usr/lib/libXnVHandGenerator_1_5_0.so
7937d000-79380000 r-xp 000df000 08:08 1064091    /usr/lib/libXnVHandGenerator_1_5_0.so
79380000-79381000 rwxp 000e2000 08:08 1064091    /usr/lib/libXnVHandGenerator_1_5_0.so
79381000-7938d000 rwxp 00000000 00:00 0 
7938d000-79780000 r-xp 00000000 08:08 1064087    /usr/lib/libXnVFeatures_1_5_0.so
79780000-79781000 ---p 003f3000 08:08 1064087    /usr/lib/libXnVFeatures_1_5_0.so
79781000-79789000 r-xp 003f3000 08:08 1064087    /usr/lib/libXnVFeatures_1_5_0.so
79789000-7978a000 rwxp 003fb000 08:08 1064087    /usr/lib/libXnVFeatures_1_5_0.so
7978a000-7979e000 rwxp 00000000 00:00 0 
7979e000-797cb000 r-xp 00000000 08:08 1064003    /usr/lib/libXnDeviceFile.so
797cb000-797cc000 r-xp 0002d000 08:08 1064003    /usr/lib/libXnDeviceFile.so
797cc000-797cd000 rwxp 0002e000 08:08 1064003    /usr/lib/libXnDeviceFile.so
797cd000-7981f000 r-xp 00000000 08:08 1064002    /usr/lib/libXnDDK.so
7981f000-79821000 r-xp 00051000 08:08 1064002    /usr/lib/libXnDDK.so
79821000-79822000 rwxp 00053000 08:08 1064002    /usr/lib/libXnDDK.so
79822000-79846000 r-xp 00000000 08:08 1064005    /usr/lib/libXnFormats.so
79846000-79847000 r-xp 00023000 08:08 1064005    /usr/lib/libXnFormats.so
79847000-79848000 rwxp 00024000 08:08 1064005    /usr/lib/libXnFormats.so
79848000-79868000 rwxp 00000000 00:00 0 
79884000-7991d000 r-xp 00000000 08:08 1064004    /usr/lib/libXnDeviceSensorV2.so
7991d000-79926000 r-xp 00098000 08:08 1064004    /usr/lib/libXnDeviceSensorV2.so
79926000-79927000 rwxp 000a1000 08:08 1064004    /usr/lib/libXnDeviceSensorV2.so
79927000-79a0a000 r-xp 00000000 08:08 1064000    /usr/lib/libXnVHandGenerator_1_5_2.so
79a0a000-79a0d000 r-xp 000e3000 08:08 1064000    /usr/lib/libXnVHandGenerator_1_5_2.so
79a0d000-79a0e000 rwxp 000e6000 08:08 1064000    /usr/lib/libXnVHandGenerator_1_5_2.so
79a0e000-79a1a000 rwxp 00000000 00:00 0 
79a1a000-79aef000 r-xp 00000000 08:08 1063997    /usr/lib/libXnVHandGenerator_1_4_2.so
79aef000-79af0000 ---p 000d5000 08:08 1063997    /usr/lib/libXnVHandGenerator_1_4_2.so
79af0000-79af2000 r-xp 000d5000 08:08 1063997    /usr/lib/libXnVHandGenerator_1_4_2.so
79af2000-79af3000 rwxp 000d7000 08:08 1063997    /usr/lib/libXnVHandGenerator_1_4_2.so
79af3000-79af5000 rwxp 00000000 00:00 0 
79af5000-79bc9000 r-xp 00000000 08:08 1063994    /usr/lib/libXnVHandGenerator_1_4_1.so
79bc9000-79bca000 ---p 000d4000 08:08 1063994    /usr/lib/libXnVHandGenerator_1_4_1.so
79bca000-79bcc000 r-xp 000d4000 08:08 1063994    /usr/lib/libXnVHandGenerator_1_4_1.so
79bcc000-79bcd000 rwxp 000d6000 08:08 1063994    /usr/lib/libXnVHandGenerator_1_4_1.so
79bcd000-79bcf000 rwxp 00000000 00:00 0 
79bcf000-79cad000 r-xp 00000000 08:08 1063991    /usr/lib/libXnVHandGenerator_1_3_1.so
79cad000-79cb0000 r-xp 000dd000 08:08 1063991    /usr/lib/libXnVHandGenerator_1_3_1.so
79cb0000-79cb1000 rwxp 000e0000 08:08 1063991    /usr/lib/libXnVHandGenerator_1_3_1.so
79cb1000-79cb3000 rwxp 00000000 00:00 0 
79cb3000-7a0b4000 r-xp 00000000 08:08 1063984    /usr/lib/libXnVFeatures_1_5_2.so
7a0b4000-7a0b5000 ---p 00401000 08:08 1063984    /usr/lib/libXnVFeatures_1_5_2.so
7a0b5000-7a0bd000 r-xp 00401000 08:08 1063984    /usr/lib/libXnVFeatures_1_5_2.so
7a0bd000-7a0be000 rwxp 00409000 08:08 1063984    /usr/lib/libXnVFeatures_1_5_2.so
7a0be000-7a0d2000 rwxp 00000000 00:00 0 
7a0d2000-7a2b9000 r-xp 00000000 08:08 1063973    /usr/lib/libXnVFeatures_1_4_2.so
7a2b9000-7a2bc000 r-xp 001e6000 08:08 1063973    /usr/lib/libXnVFeatures_1_4_2.so
7a2bc000-7a2bd000 rwxp 001e9000 08:08 1063973    /usr/lib/libXnVFeatures_1_4_2.so
7a2bd000-7a2c2000 rwxp 00000000 00:00 0 
7a2c2000-7a4a9000 r-xp 00000000 08:08 1063968    /usr/lib/libXnVFeatures_1_4_1.so
7a4a9000-7a4ac000 r-xp 001e6000 08:08 1063968    /usr/lib/libXnVFeatures_1_4_1.so
7a4ac000-7a4ad000 rwxp 001e9000 08:08 1063968    /usr/lib/libXnVFeatures_1_4_1.so
7a4ad000-7a4b2000 rwxp 00000000 00:00 0 
7a4b2000-7a6d0000 r-xp 00000000 08:08 1063963    /usr/lib/libXnVFeatures_1_3_1.so
7a6d0000-7a6d1000 ---p 0021e000 08:08 1063963    /usr/lib/libXnVFeatures_1_3_1.so
7a6d1000-7a6d4000 r-xp 0021e000 08:08 1063963    /usr/lib/libXnVFeatures_1_3_1.so
7a6d4000-7a6d5000 rwxp 00221000 08:08 1063963    /usr/lib/libXnVFeatures_1_3_1.so
7a6d5000-7a6da000 rwxp 00000000 00:00 0 
7a6da000-7a70e000 r-xp 00000000 08:08 1063811    /usr/lib/libnimCodecs.so
7a70e000-7a70f000 ---p 00034000 08:08 1063811    /usr/lib/libnimCodecs.so
7a70f000-7a711000 r-xp 00034000 08:08 1063811    /usr/lib/libnimCodecs.so
7a711000-7a712000 rwxp 00036000 08:08 1063811    /usr/lib/libnimCodecs.so
7a712000-7a732000 rwxp 00000000 00:00 0 
7a732000-7a763000 r-xp 00000000 08:08 1063812    /usr/lib/libnimMockNodes.so
7a763000-7a769000 r-xp 00031000 08:08 1063812    /usr/lib/libnimMockNodes.so
7a769000-7a76a000 rwxp 00037000 08:08 1063812    /usr/lib/libnimMockNodes.so
7a76a000-7a786000 r-xp 00000000 08:08 1573816    /lib/i386-linux-gnu/libgcc_s.so.1
7a786000-7a787000 r-xp 0001b000 08:08 1573816    /lib/i386-linux-gnu/libgcc_s.so.1
7a787000-7a788000 rwxp 0001c000 08:08 1573816    /lib/i386-linux-gnu/libgcc_s.so.1
7a788000-7a866000 r-xp 00000000 08:08 1056768    /usr/lib/i386-linux-gnu/libstdc++.so.6.0.16
7a866000-7a867000 ---p 000de000 08:08 1056768    /usr/lib/i386-linux-gnu/libstdc++.so.6.0.16
7a867000-7a86b000 r-xp 000de000 08:08 1056768    /usr/lib/i386-linux-gnu/libstdc++.so.6.0.16
7a86b000-7a86c000 rwxp 000e2000 08:08 1056768    /usr/lib/i386-linux-gnu/libstdc++.so.6.0.16
7a86c000-7a873000 rwxp 00000000 00:00 0 
7a873000-7a943000 r-xp 00000000 08:08 1063882    /usr/lib/libXnVNite_1_3_1.so
7a943000-7a946000 r-xp 000cf000 08:08 1063882    /usr/lib/libXnVNite_1_3_1.so
7a946000-7a947000 rwxp 000d2000 08:08 1063882    /usr/lib/libXnVNite_1_3_1.so
7a947000-7a9c3000 r-xp 00000000 08:08 1063815    /usr/lib/libOpenNI.so
7a9c3000-7a9c5000 r-xp 0007c000 08:08 1063815    /usr/lib/libOpenNI.so
7a9c5000-7a9c7000 rwxp 0007e000 08:08 1063815    /usr/lib/libOpenNI.so
7a9c7000-7aaa9000 r-xp 00000000 08:08 1199735    /home/alejo/Dropbox/code/devices3d/lib/user/SimpleOpenNI/libSimpleOpenNI.so
7aaa9000-7aaaa000 ---p 000e2000 08:08 1199735    /home/alejo/Dropbox/code/devices3d/lib/user/SimpleOpenNI/libSimpleOpenNI.so
7aaaa000-7aaac000 r-xp 000e2000 08:08 1199735    /home/alejo/Dropbox/code/devices3d/lib/user/SimpleOpenNI/libSimpleOpenNI.so
7aaac000-7aaaf000 rwxp 000e4000 08:08 1199735    /home/alejo/Dropbox/code/devices3d/lib/user/SimpleOpenNI/libSimpleOpenNI.so
7aaaf000-7aab2000 ---p 00000000 00:00 0 
7aab2000-7ab00000 rwxp 00000000 00:00 0 
7ab00000-7ab83000 rwxp 00000000 00:00 0 
7ab83000-7ac00000 ---p 00000000 00:00 0 
7ac00000-7acfb000 rwxp 00000000 00:00 0 
7acfb000-7ad00000 ---p 00000000 00:00 0 
7ad01000-7ad0c000 r-xp 00000000 08:08 408705     /opt/microchip/mplabx/mplab_ide/mplablibs/modules/lib/libusb-1.0.so.0.0.0
7ad0c000-7ad0d000 rwxp 0000a000 08:08 408705     /opt/microchip/mplabx/mplab_ide/mplablibs/modules/lib/libusb-1.0.so.0.0.0
7ad0d000-7ad10000 ---p 00000000 00:00 0 
7ad10000-7ad5e000 rwxp 00000000 00:00 0 
7ad5e000-7ad61000 ---p 00000000 00:00 0 
7ad61000-7adaf000 rwxp 00000000 00:00 0 
7adaf000-7adb2000 ---p 00000000 00:00 0 
7adb2000-7ae00000 rwxp 00000000 00:00 0 
7ae00000-7aefa000 rwxp 00000000 00:00 0 
7aefa000-7af00000 ---p 00000000 00:00 0 
7af06000-7af0c000 r-xs 00000000 08:08 1188892    /var/cache/fontconfig/945677eb7aeaf62f1d50efc3fb3ec7d8-le32d4.cache-3
7af0c000-7af0e000 r-xs 00000000 08:08 1188893    /var/cache/fontconfig/99e8ed0e538f840c565b6ed5dad60d56-le32d4.cache-3
7af0e000-7af11000 r-xs 00000000 08:08 1206717    /var/cache/fontconfig/e383d7ea5fbe662a33d9b44caf393297-le32d4.cache-3
7af11000-7af14000 r-xs 00000000 08:08 1188879    /var/cache/fontconfig/2cd17615ca594fa2959ae173292e504c-le32d4.cache-3
7af14000-7af16000 r-xs 00000000 08:08 1191776    /var/cache/fontconfig/b5ea634b0fb353b8ea17632d1f9ef766-le32d4.cache-3
7af16000-7af1a000 r-xs 00000000 08:08 1188889    /var/cache/fontconfig/6eb3985aa4124903f6ff08ba781cd364-le32d4.cache-3
7af1a000-7af1e000 r-xs 00000000 08:08 1188894    /var/cache/fontconfig/a755afe4a08bf5b97852ceb7400b47bc-le32d4.cache-3
7af1e000-7af22000 r-xs 00000000 08:08 1188884    /var/cache/fontconfig/515ca1ebc4b18308bea979be5704f9db-le32d4.cache-3
7af22000-7af29000 r-xs 00000000 08:08 1188888    /var/cache/fontconfig/6d41288fd70b0be22e8c3a91e032eec0-le32d4.cache-3
7af29000-7af4b000 r-xs 00000000 08:08 1206716    /var/cache/fontconfig/365b55f210c0a22e9a19e35191240f32-le32d4.cache-3
7af4b000-7af58000 r-xs 00000000 08:08 1188899    /var/cache/fontconfig/d52a8644073d54c13679302ca1180695-le32d4.cache-3
7af58000-7af66000 r-xs 00000000 08:08 1190496    /var/cache/fontconfig/e13b20fdb08344e0e664864cc2ede53d-le32d4.cache-3
7af66000-7af89000 r-xp 00000000 08:08 1063813    /usr/lib/libnimRecorder.so
7af89000-7af8a000 r-xp 00023000 08:08 1063813    /usr/lib/libnimRecorder.so
7af8a000-7af8b000 rwxp 00024000 08:08 1063813    /usr/lib/libnimRecorder.so
7af8b000-7af92000 r-xp 00000000 08:08 1181319    /usr/lib/jvm/java-6-sun-1.6.0.26/jre/lib/i386/libnio.so
7af92000-7af93000 rwxp 00006000 08:08 1181319    /usr/lib/jvm/java-6-sun-1.6.0.26/jre/lib/i386/libnio.so
7af93000-7af96000 ---p 00000000 00:00 0 
7af96000-7afe4000 rwxp 00000000 00:00 0 
7afe4000-7afe7000 ---p 00000000 00:00 0 
7afe7000-7b035000 rwxp 00000000 00:00 0 
7b035000-7b03e000 r-xp 00000000 08:08 1056410    /usr/lib/i386-linux-gnu/libXcursor.so.1.0.2
7b03e000-7b03f000 r-xp 00008000 08:08 1056410    /usr/lib/i386-linux-gnu/libXcursor.so.1.0.2
7b03f000-7b040000 rwxp 00009000 08:08 1056410    /usr/lib/i386-linux-gnu/libXcursor.so.1.0.2
7b042000-7b045000 r-xp 00000000 08:08 1064001    /usr/lib/libXnCore.so
7b045000-7b046000 r-xp 00002000 08:08 1064001    /usr/lib/libXnCore.so
7b046000-7b047000 rwxp 00003000 08:08 1064001    /usr/lib/libXnCore.so
7b047000-7b05b000 r-xp 00000000 08:08 1181318    /usr/lib/jvm/java-6-sun-1.6.0.26/jre/lib/i386/libnet.so
7b05b000-7b05c000 rwxp 00013000 08:08 1181318    /usr/lib/jvm/java-6-sun-1.6.0.26/jre/lib/i386/libnet.so
7b05c000-7b067000 r-xs 00000000 08:08 1188877    /var/cache/fontconfig/0f34bcd4b6ee430af32735b75db7f02b-le32d4.cache-3
7b067000-7b06a000 r-xs 00000000 08:08 1206715    /var/cache/fontconfig/7ef2298fde41cc6eeb7af42e48b7d293-le32d4.cache-3
7b06a000-7b078000 r-xs 00000000 08:08 1190505    /var/cache/fontconfig/865f88548240fee46819705c6468c165-le32d4.cache-3
7b078000-7b0f1000 r-xp 00000000 08:08 1181295    /usr/lib/jvm/java-6-sun-1.6.0.26/jre/lib/i386/libfontmanager.so
7b0f1000-7b0fb000 rwxp 00078000 08:08 1181295    /usr/lib/jvm/java-6-sun-1.6.0.26/jre/lib/i386/libfontmanager.so
7b0fb000-7b100000 rwxp 00000000 00:00 0 
7b100000-7b1f9000 rwxp 00000000 00:00 0 
7b1f9000-7b200000 ---p 00000000 00:00 0 
7b202000-7b205000 r-xs 00000000 08:08 1188900    /var/cache/fontconfig/d60319d88cac85ba9e1a07bd06cfbb8c-le32d4.cache-3
7b207000-7b208000 r-xp 00000000 08:08 1181308    /usr/lib/jvm/java-6-sun-1.6.0.26/jre/lib/i386/libjawt.so
7b208000-7b209000 rwxp 00000000 08:08 1181308    /usr/lib/jvm/java-6-sun-1.6.0.26/jre/lib/i386/libjawt.so
7b209000-7b20d000 r-xp 00000000 08:08 1056426    /usr/lib/i386-linux-gnu/libXfixes.so.3.1.0
7b20d000-7b20e000 r-xp 00003000 08:08 1056426    /usr/lib/i386-linux-gnu/libXfixes.so.3.1.0
7b20e000-7b20f000 rwxp 00004000 08:08 1056426    /usr/lib/i386-linux-gnu/libXfixes.so.3.1.0
7b20f000-7b218000 r-xp 00000000 08:08 1056446    /usr/lib/i386-linux-gnu/libXrender.so.1.3.0
7b218000-7b219000 r-xp 00008000 08:08 1056446    /usr/lib/i386-linux-gnu/libXrender.so.1.3.0
7b219000-7b21a000 rwxp 00009000 08:08 1056446    /usr/lib/i386-linux-gnu/libXrender.so.1.3.0
7b21a000-7b21d000 ---p 00000000 00:00 0 
7b21d000-7b26b000 rwxp 00000000 00:00 0 
7b26b000-7b282000 r-xs 0015b000 08:08 1199687    /home/alejo/Dropbox/code/devices3d/lib/base/core/ant.jar
7b282000-7b29f000 r-xp 00000000 08:08 1056813    /usr/lib/i386-linux-gnu/libxcb.so.1.1.0
7b29f000-7b2a0000 r-xp 0001c000 08:08 1056813    /usr/lib/i386-linux-gnu/libxcb.so.1.1.0
7b2a0000-7b2a1000 rwxp 0001d000 08:08 1056813    /usr/lib/i386-linux-gnu/libxcb.so.1.1.0
7b2a1000-7b2af000 r-xp 00000000 08:08 1056434    /usr/lib/i386-linux-gnu/libXi.so.6.1.0
7b2af000-7b2b0000 r-xp 0000d000 08:08 1056434    /usr/lib/i386-linux-gnu/libXi.so.6.1.0
7b2b0000-7b2b1000 rwxp 0000e000 08:08 1056434    /usr/lib/i386-linux-gnu/libXi.so.6.1.0
7b2b1000-7b3e2000 r-xp 00000000 08:08 1056398    /usr/lib/i386-linux-gnu/libX11.so.6.3.0
7b3e2000-7b3e3000 ---p 00131000 08:08 1056398    /usr/lib/i386-linux-gnu/libX11.so.6.3.0
7b3e3000-7b3e4000 r-xp 00131000 08:08 1056398    /usr/lib/i386-linux-gnu/libX11.so.6.3.0
7b3e4000-7b3e6000 rwxp 00132000 08:08 1056398    /usr/lib/i386-linux-gnu/libX11.so.6.3.0
7b3e6000-7b3e7000 rwxp 00000000 00:00 0 
7b3e7000-7b3f8000 r-xp 00000000 08:08 1056422    /usr/lib/i386-linux-gnu/libXext.so.6.4.0
7b3f8000-7b3f9000 r-xp 00010000 08:08 1056422    /usr/lib/i386-linux-gnu/libXext.so.6.4.0
7b3f9000-7b3fa000 rwxp 00011000 08:08 1056422    /usr/lib/i386-linux-gnu/libXext.so.6.4.0
7b3fa000-7b3fb000 rwxp 00000000 00:00 0 
7b3fb000-7b3fc000 r-xs 00000000 08:08 1188895    /var/cache/fontconfig/c05880de57d1f5e948fdfacc138775d9-le32d4.cache-3
7b3fc000-7b402000 r-xs 00000000 08:08 1206713    /var/cache/fontconfig/153bb866d4d26e7cd19eee2129f8d8d2-le32d4.cache-3
7b402000-7b405000 r-xs 00017000 08:08 1199756    /home/alejo/Dropbox/code/devices3d/lib/user/proscene/proscene.jar
7b405000-7b407000 r-xs 00003000 08:08 1199742    /home/alejo/Dropbox/code/devices3d/lib/user/fullscreen/fullscreen.jar
7b407000-7b40b000 r-xs 00020000 08:08 1199717    /home/alejo/Dropbox/code/devices3d/lib/user/SimpleOpenNI/SimpleOpenNI.jar
7b40b000-7b416000 r-xs 00108000 08:08 1326150    /home/alejo/Dropbox/code/devices3d/lib/base/opengl/jogl.jar
7b416000-7b459000 r-xp 00000000 08:08 1181341    /usr/lib/jvm/java-6-sun-1.6.0.26/jre/lib/i386/xawt/libmawt.so
7b459000-7b45b000 rwxp 00043000 08:08 1181341    /usr/lib/jvm/java-6-sun-1.6.0.26/jre/lib/i386/xawt/libmawt.so
7b45b000-7b45c000 rwxp 00000000 00:00 0 
7b45c000-7b4e1000 r-xp 00000000 08:08 1181290    /usr/lib/jvm/java-6-sun-1.6.0.26/jre/lib/i386/libawt.so
7b4e1000-7b4e8000 rwxp 00085000 08:08 1181290    /usr/lib/jvm/java-6-sun-1.6.0.26/jre/lib/i386/libawt.so
7b4e8000-7b50c000 rwxp 00000000 00:00 0 
7b50c000-7b50d000 ---p 00000000 00:00 0 
7b50d000-7b58d000 rwxp 00000000 00:00 0 
7b58d000-7b590000 ---p 00000000 00:00 0 
7b590000-7b5de000 rwxp 00000000 00:00 0 
7b5de000-7b5e1000 ---p 00000000 00:00 0 
7b5e1000-7b65f000 rwxp 00000000 00:00 0 
7b65f000-7b662000 ---p 00000000 00:00 0 
7b662000-7b6e0000 rwxp 00000000 00:00 0 
7b6e0000-7b6e3000 ---p 00000000 00:00 0 
7b6e3000-7b731000 rwxp 00000000 00:00 0 
7b731000-7b862000 r-xp 0043d000 08:08 1057169    /usr/lib/locale/locale-archive
7b862000-7ba62000 r-xp 00000000 08:08 1057169    /usr/lib/locale/locale-archive
7ba62000-7ba65000 ---p 00000000 00:00 0 
7ba65000-7bab3000 rwxp 00000000 00:00 0 
7bab3000-7bab4000 ---p 00000000 00:00 0 
7bab4000-7bb68000 rwxp 00000000 00:00 0 
7bb68000-7bd00000 r-xs 03029000 08:08 1181157    /usr/lib/jvm/java-6-sun-1.6.0.26/jre/lib/rt.jar
7bd00000-7bdfa000 rwxp 00000000 00:00 0 
7bdfa000-7be00000 ---p 00000000 00:00 0 
7be00000-7be01000 r-xs 00000000 08:08 1188903    /var/cache/fontconfig/e7071f4a29fa870f4323321c154eba04-le32d4.cache-3
7be01000-7be02000 r-xs 00000000 08:08 1188883    /var/cache/fontconfig/4c73fe0c47614734b17d736dbde7580a-le32d4.cache-3
7be02000-7be05000 r-xs 00029000 08:08 2123900    /home/alejo/Dropbox/code/devices3d/lib/user/procontroll/procontroll.jar
7be05000-7be07000 r-xs 0002b000 08:08 1199690    /home/alejo/Dropbox/code/devices3d/lib/base/core/core.jar
7be07000-7be0c000 r-xp 00000000 08:08 1056418    /usr/lib/i386-linux-gnu/libXdmcp.so.6.0.0
7be0c000-7be0d000 r-xp 00004000 08:08 1056418    /usr/lib/i386-linux-gnu/libXdmcp.so.6.0.0
7be0d000-7be0e000 rwxp 00005000 08:08 1056418    /usr/lib/i386-linux-gnu/libXdmcp.so.6.0.0
7be0e000-7be4e000 r-xp 002bd000 08:08 1057169    /usr/lib/locale/locale-archive
7be4e000-7be51000 ---p 00000000 00:00 0 
7be51000-7be9f000 rwxp 00000000 00:00 0 
7be9f000-7bea0000 ---p 00000000 00:00 0 
7bea0000-7bf20000 rwxp 00000000 00:00 0 
7bf20000-7bf21000 ---p 00000000 00:00 0 
7bf21000-7bfa1000 rwxp 00000000 00:00 0 
7bfa1000-7bfa2000 ---p 00000000 00:00 0 
7bfa2000-7c022000 rwxp 00000000 00:00 0 
7c022000-7c023000 ---p 00000000 00:00 0 
7c023000-7c0ab000 rwxp 00000000 00:00 0 
7c0ab000-7c0c3000 rwxp 00000000 00:00 0 
7c0c3000-7c0d5000 rwxp 00000000 00:00 0 
7c0d5000-7c1d5000 rwxp 00000000 00:00 0 
7c1d5000-7c1dd000 rwxp 00000000 00:00 0 
7c1dd000-7c1f5000 rwxp 00000000 00:00 0 
7c1f5000-7c207000 rwxp 00000000 00:00 0 
7c207000-7c306000 rwxp 00000000 00:00 0 
7c306000-7c316000 rwxp 00000000 00:00 0 
7c316000-7c38f000 rwxp 00000000 00:00 0 
7c38f000-7d390000 rwxp 00000000 00:00 0 
7d390000-80390000 rwxp 00000000 00:00 0 
80390000-825c0000 rwxp 00000000 00:00 0 
825c0000-a2640000 rwxp 00000000 00:00 0 
a2640000-a4420000 rwxp 00000000 00:00 0 
a4420000-b3790000 rwxp 00000000 00:00 0 
b3790000-b3791000 r-xs 00000000 08:08 1188876    /var/cache/fontconfig/0d8c3b2ac0904cb8a57a757ad11a4a08-le32d4.cache-3
b3791000-b3793000 r-xp 00000000 08:08 1056402    /usr/lib/i386-linux-gnu/libXau.so.6.0.0
b3793000-b3794000 r-xp 00001000 08:08 1056402    /usr/lib/i386-linux-gnu/libXau.so.6.0.0
b3794000-b3795000 rwxp 00002000 08:08 1056402    /usr/lib/i386-linux-gnu/libXau.so.6.0.0
b3795000-b379a000 r-xp 00000000 08:08 1052626    /usr/lib/libXtst.so.6.1.0
b379a000-b379b000 r-xp 00004000 08:08 1052626    /usr/lib/libXtst.so.6.1.0
b379b000-b379c000 rwxp 00005000 08:08 1052626    /usr/lib/libXtst.so.6.1.0
b379c000-b37a5000 rwxp 00000000 00:00 0 
b37a5000-b385c000 rwxp 00000000 00:00 0 
b385c000-b3a9c000 rwxp 00000000 00:00 0 
b3a9c000-b685c000 rwxp 00000000 00:00 0 
b685c000-b6867000 r-xp 00000000 08:08 1573836    /lib/i386-linux-gnu/libnss_files-2.13.so
b6867000-b6868000 r-xp 0000a000 08:08 1573836    /lib/i386-linux-gnu/libnss_files-2.13.so
b6868000-b6869000 rwxp 0000b000 08:08 1573836    /lib/i386-linux-gnu/libnss_files-2.13.so
b6869000-b6873000 r-xp 00000000 08:08 1573840    /lib/i386-linux-gnu/libnss_nis-2.13.so
b6873000-b6874000 r-xp 00009000 08:08 1573840    /lib/i386-linux-gnu/libnss_nis-2.13.so
b6874000-b6875000 rwxp 0000a000 08:08 1573840    /lib/i386-linux-gnu/libnss_nis-2.13.so
b6875000-b688a000 r-xp 00000000 08:08 1573830    /lib/i386-linux-gnu/libnsl-2.13.so
b688a000-b688b000 r-xp 00015000 08:08 1573830    /lib/i386-linux-gnu/libnsl-2.13.so
b688b000-b688c000 rwxp 00016000 08:08 1573830    /lib/i386-linux-gnu/libnsl-2.13.so
b688c000-b688e000 rwxp 00000000 00:00 0 
b688e000-b688f000 r-xs 00000000 08:08 1188887    /var/cache/fontconfig/6a53c69dea097a2d716e069445527da8-le32d4.cache-3
b688f000-b6891000 r-xs 00002000 08:08 1199642    /home/alejo/Dropbox/code/devices3d/lib/base/core/ant-launcher.jar
b6891000-b68a0000 r-xp 00000000 08:08 1181329    /usr/lib/jvm/java-6-sun-1.6.0.26/jre/lib/i386/libzip.so
b68a0000-b68a2000 rwxp 0000e000 08:08 1181329    /usr/lib/jvm/java-6-sun-1.6.0.26/jre/lib/i386/libzip.so
b68a2000-b68aa000 rwxs 00000000 08:08 407533     /tmp/hsperfdata_alejo/4735
b68aa000-b68cd000 r-xp 00000000 08:08 1181303    /usr/lib/jvm/java-6-sun-1.6.0.26/jre/lib/i386/libjava.so
b68cd000-b68cf000 rwxp 00023000 08:08 1181303    /usr/lib/jvm/java-6-sun-1.6.0.26/jre/lib/i386/libjava.so
b68cf000-b68d6000 r-xp 00000000 08:08 1573859    /lib/i386-linux-gnu/librt-2.13.so
b68d6000-b68d7000 r-xp 00006000 08:08 1573859    /lib/i386-linux-gnu/librt-2.13.so
b68d7000-b68d8000 rwxp 00007000 08:08 1573859    /lib/i386-linux-gnu/librt-2.13.so
b68d8000-b68db000 ---p 00000000 00:00 0 
b68db000-b6929000 rwxp 00000000 00:00 0 
b6929000-b6951000 r-xp 00000000 08:08 1573825    /lib/i386-linux-gnu/libm-2.13.so
b6951000-b6952000 r-xp 00028000 08:08 1573825    /lib/i386-linux-gnu/libm-2.13.so
b6952000-b6953000 rwxp 00029000 08:08 1573825    /lib/i386-linux-gnu/libm-2.13.so
b6953000-b7105000 r-xp 00000000 08:08 1181340    /usr/lib/jvm/java-6-sun-1.6.0.26/jre/lib/i386/server/libjvm.so
b7105000-b7159000 rwxp 007b1000 08:08 1181340    /usr/lib/jvm/java-6-sun-1.6.0.26/jre/lib/i386/server/libjvm.so
b7159000-b7578000 rwxp 00000000 00:00 0 
b7578000-b76ee000 r-xp 00000000 08:08 1573795    /lib/i386-linux-gnu/libc-2.13.so
b76ee000-b76f0000 r-xp 00176000 08:08 1573795    /lib/i386-linux-gnu/libc-2.13.so
b76f0000-b76f1000 rwxp 00178000 08:08 1573795    /lib/i386-linux-gnu/libc-2.13.so
b76f1000-b76f4000 rwxp 00000000 00:00 0 
b76f4000-b76f7000 r-xp 00000000 08:08 1573806    /lib/i386-linux-gnu/libdl-2.13.so
b76f7000-b76f8000 r-xp 00002000 08:08 1573806    /lib/i386-linux-gnu/libdl-2.13.so
b76f8000-b76f9000 rwxp 00003000 08:08 1573806    /lib/i386-linux-gnu/libdl-2.13.so
b76f9000-b7700000 r-xp 00000000 08:08 1181335    /usr/lib/jvm/java-6-sun-1.6.0.26/jre/lib/i386/jli/libjli.so
b7700000-b7702000 rwxp 00006000 08:08 1181335    /usr/lib/jvm/java-6-sun-1.6.0.26/jre/lib/i386/jli/libjli.so
b7702000-b7703000 rwxp 00000000 00:00 0 
b7703000-b771a000 r-xp 00000000 08:08 1573855    /lib/i386-linux-gnu/libpthread-2.13.so
b771a000-b771b000 r-xp 00016000 08:08 1573855    /lib/i386-linux-gnu/libpthread-2.13.so
b771b000-b771c000 rwxp 00017000 08:08 1573855    /lib/i386-linux-gnu/libpthread-2.13.so
b771c000-b771e000 rwxp 00000000 00:00 0 
b771e000-b771f000 r-xs 00000000 08:08 1193307    /var/cache/fontconfig/4794a0821666d79190d59a36cb4f44b5-le32d4.cache-3
b771f000-b7720000 r-xs 00004000 08:08 1326149    /home/alejo/Dropbox/code/devices3d/lib/base/opengl/gluegen-rt.jar
b7720000-b7721000 r-xs 00003000 08:08 1326148    /home/alejo/Dropbox/code/devices3d/lib/base/opengl/opengl.jar
b7721000-b7722000 r-xp 00571000 08:08 1057169    /usr/lib/locale/locale-archive
b7722000-b772a000 r-xp 00000000 08:08 1573832    /lib/i386-linux-gnu/libnss_compat-2.13.so
b772a000-b772b000 r-xp 00007000 08:08 1573832    /lib/i386-linux-gnu/libnss_compat-2.13.so
b772b000-b772c000 rwxp 00008000 08:08 1573832    /lib/i386-linux-gnu/libnss_compat-2.13.so
b772c000-b772d000 rwxp 00000000 00:00 0 
b772d000-b772e000 r-xp 00000000 00:00 0 
b772e000-b7739000 r-xp 00000000 08:08 1181328    /usr/lib/jvm/java-6-sun-1.6.0.26/jre/lib/i386/libverify.so
b7739000-b773a000 rwxp 0000b000 08:08 1181328    /usr/lib/jvm/java-6-sun-1.6.0.26/jre/lib/i386/libverify.so
b773a000-b773c000 rwxp 00000000 00:00 0 
b773c000-b773d000 r-xp 00000000 00:00 0          [vdso]
b773d000-b775b000 r-xp 00000000 08:08 1573782    /lib/i386-linux-gnu/ld-2.13.so
b775b000-b775c000 r-xp 0001d000 08:08 1573782    /lib/i386-linux-gnu/ld-2.13.so
b775c000-b775d000 rwxp 0001e000 08:08 1573782    /lib/i386-linux-gnu/ld-2.13.so
bfe48000-bfe69000 rwxp 00000000 00:00 0          [stack]

VM Arguments:
jvm_args: -Djava.library.path=/home/alejo/Dropbox/code/devices3d/lib/base/opengl:/home/alejo/Dropbox/code/devices3d/lib/base/opengl:/home/alejo/Dropbox/code/devices3d/lib/base/opengl:/home/alejo/Dropbox/code/devices3d/lib/base/core:/home/alejo/Dropbox/code/devices3d/lib/base/core:/home/alejo/Dropbox/code/devices3d/lib/base/core:/home/alejo/Dropbox/code/devices3d/lib/user/procontroll:/home/alejo/Dropbox/code/devices3d/lib/user/SimpleOpenNI:/home/alejo/Dropbox/code/devices3d/lib/user/fullscreen:/home/alejo/Dropbox/code/devices3d/lib/user/proscene -Djava.security.policy=java.policy.applet -Dfile.encoding=UTF-8 
java_command: sun.applet.AppletViewer devices3d.Devices3d1333674236973.html
Launcher Type: SUN_STANDARD

Environment Variables:
PATH=/opt/microchip/mplabc32/v2.02/bin:/opt/microchip/mplabc30/v3.30c/bin:/usr/lib/lightdm/lightdm:/usr/local/sbin:/usr/local/bin:/usr/sbin:/usr/bin:/sbin:/bin:/usr/games
USERNAME=alejo
LD_LIBRARY_PATH=/usr/lib/jvm/java-6-sun-1.6.0.26/jre/lib/i386/server:/usr/lib/jvm/java-6-sun-1.6.0.26/jre/lib/i386:/usr/lib/jvm/java-6-sun-1.6.0.26/jre/../lib/i386:/usr/lib/jvm/java-6-sun-1.6.0.26/jre/lib/i386/client:/usr/lib/jvm/java-6-sun-1.6.0.26/jre/lib/i386:
SHELL=/bin/bash
DISPLAY=:0.0

Signal Handlers:
SIGSEGV: [libjvm.so+0x725510], sa_mask[0]=0x7ffbfeff, sa_flags=0x10000004
SIGBUS: [libjvm.so+0x725510], sa_mask[0]=0x7ffbfeff, sa_flags=0x10000004
SIGFPE: [libjvm.so+0x5dff20], sa_mask[0]=0x7ffbfeff, sa_flags=0x10000004
SIGPIPE: [libjvm.so+0x5dff20], sa_mask[0]=0x7ffbfeff, sa_flags=0x10000004
SIGXFSZ: [libjvm.so+0x5dff20], sa_mask[0]=0x7ffbfeff, sa_flags=0x10000004
SIGILL: [libjvm.so+0x5dff20], sa_mask[0]=0x7ffbfeff, sa_flags=0x10000004
SIGUSR1: SIG_DFL, sa_mask[0]=0x00000000, sa_flags=0x00000000
SIGUSR2: [libjvm.so+0x5e3160], sa_mask[0]=0x00000004, sa_flags=0x10000004
SIGHUP: [libjvm.so+0x5e2d40], sa_mask[0]=0x7ffbfeff, sa_flags=0x10000004
SIGINT: [libjvm.so+0x5e2d40], sa_mask[0]=0x7ffbfeff, sa_flags=0x10000004
SIGTERM: [libjvm.so+0x5e2d40], sa_mask[0]=0x7ffbfeff, sa_flags=0x10000004
SIGQUIT: [libjvm.so+0x5e2d40], sa_mask[0]=0x7ffbfeff, sa_flags=0x10000004


---------------  S Y S T E M  ---------------

OS:wheezy/sid

uname:Linux 3.0.0-12-generic #20-Ubuntu SMP Fri Oct 7 14:50:42 UTC 2011 i686
libc:glibc 2.13 NPTL 2.13 
rlimit: STACK 8192k, CORE 0k, NPROC 26110, NOFILE 4096, AS infinity
load average:0.13 0.14 0.14

/proc/meminfo:
MemTotal:        3356112 kB
MemFree:          891620 kB
Buffers:          254264 kB
Cached:           977504 kB
SwapCached:            0 kB
Active:          1251072 kB
Inactive:         895640 kB
Active(anon):     917620 kB
Inactive(anon):    11404 kB
Active(file):     333452 kB
Inactive(file):   884236 kB
Unevictable:          16 kB
Mlocked:              16 kB
HighTotal:       2497096 kB
HighFree:         426544 kB
LowTotal:         859016 kB
LowFree:          465076 kB
SwapTotal:      14645240 kB
SwapFree:       14645240 kB
Dirty:               364 kB
Writeback:             0 kB
AnonPages:        915132 kB
Mapped:           319768 kB
Shmem:             13828 kB
Slab:              92044 kB
SReclaimable:      71908 kB
SUnreclaim:        20136 kB
KernelStack:        4040 kB
PageTables:        14872 kB
NFS_Unstable:          0 kB
Bounce:                0 kB
WritebackTmp:          0 kB
CommitLimit:    16323296 kB
Committed_AS:    3399360 kB
VmallocTotal:     122880 kB
VmallocUsed:       59252 kB
VmallocChunk:      58104 kB
HardwareCorrupted:     0 kB
AnonHugePages:         0 kB
HugePages_Total:       0
HugePages_Free:        0
HugePages_Rsvd:        0
HugePages_Surp:        0
Hugepagesize:       4096 kB
DirectMap4k:       12280 kB
DirectMap4M:      897024 kB


CPU:total 4 (4 cores per cpu, 1 threads per core) family 16 model 4 stepping 3, cmov, cx8, fxsr, mmx, sse, sse2, sse3, popcnt, mmxext, 3dnow, 3dnowext, lzcnt, sse4a

/proc/cpuinfo:
processor	: 0
vendor_id	: AuthenticAMD
cpu family	: 16
model		: 4
model name	: AMD Phenom(tm) II X4 945 Processor
stepping	: 3
cpu MHz		: 3010.822
cache size	: 512 KB
physical id	: 0
siblings	: 4
core id		: 0
cpu cores	: 4
apicid		: 0
initial apicid	: 0
fdiv_bug	: no
hlt_bug		: no
f00f_bug	: no
coma_bug	: no
fpu		: yes
fpu_exception	: yes
cpuid level	: 5
wp		: yes
flags		: fpu vme de pse tsc msr pae mce cx8 apic mtrr pge mca cmov pat pse36 clflush mmx fxsr sse sse2 ht syscall nx mmxext fxsr_opt pdpe1gb rdtscp lm 3dnowext 3dnow constant_tsc nonstop_tsc extd_apicid pni monitor cx16 popcnt lahf_lm cmp_legacy svm extapic cr8_legacy abm sse4a misalignsse 3dnowprefetch osvw ibs skinit wdt npt lbrv svm_lock nrip_save
bogomips	: 6021.64
clflush size	: 64
cache_alignment	: 64
address sizes	: 48 bits physical, 48 bits virtual
power management: ts ttp tm stc 100mhzsteps hwpstate

processor	: 1
vendor_id	: AuthenticAMD
cpu family	: 16
model		: 4
model name	: AMD Phenom(tm) II X4 945 Processor
stepping	: 3
cpu MHz		: 3010.822
cache size	: 512 KB
physical id	: 0
siblings	: 4
core id		: 1
cpu cores	: 4
apicid		: 1
initial apicid	: 1
fdiv_bug	: no
hlt_bug		: no
f00f_bug	: no
coma_bug	: no
fpu		: yes
fpu_exception	: yes
cpuid level	: 5
wp		: yes
flags		: fpu vme de pse tsc msr pae mce cx8 apic mtrr pge mca cmov pat pse36 clflush mmx fxsr sse sse2 ht syscall nx mmxext fxsr_opt pdpe1gb rdtscp lm 3dnowext 3dnow constant_tsc nonstop_tsc extd_apicid pni monitor cx16 popcnt lahf_lm cmp_legacy svm extapic cr8_legacy abm sse4a misalignsse 3dnowprefetch osvw ibs skinit wdt npt lbrv svm_lock nrip_save
bogomips	: 6020.55
clflush size	: 64
cache_alignment	: 64
address sizes	: 48 bits physical, 48 bits virtual
power management: ts ttp tm stc 100mhzsteps hwpstate

processor	: 2
vendor_id	: AuthenticAMD
cpu family	: 16
model		: 4
model name	: AMD Phenom(tm) II X4 945 Processor
stepping	: 3
cpu MHz		: 3010.822
cache size	: 512 KB
physical id	: 0
siblings	: 4
core id		: 2
cpu cores	: 4
apicid		: 2
initial apicid	: 2
fdiv_bug	: no
hlt_bug		: no
f00f_bug	: no
coma_bug	: no
fpu		: yes
fpu_exception	: yes
cpuid level	: 5
wp		: yes
flags		: fpu vme de pse tsc msr pae mce cx8 apic mtrr pge mca cmov pat pse36 clflush mmx fxsr sse sse2 ht syscall nx mmxext fxsr_opt pdpe1gb rdtscp lm 3dnowext 3dnow constant_tsc nonstop_tsc extd_apicid pni monitor cx16 popcnt lahf_lm cmp_legacy svm extapic cr8_legacy abm sse4a misalignsse 3dnowprefetch osvw ibs skinit wdt npt lbrv svm_lock nrip_save
bogomips	: 6020.55
clflush size	: 64
cache_alignment	: 64
address sizes	: 48 bits physical, 48 bits virtual
power management: ts ttp tm stc 100mhzsteps hwpstate

processor	: 3
vendor_id	: AuthenticAMD
cpu family	: 16
model		: 4
model name	: AMD Phenom(tm) II X4 945 Processor
stepping	: 3
cpu MHz		: 3010.822
cache size	: 512 KB
physical id	: 0
siblings	: 4
core id		: 3
cpu cores	: 4
apicid		: 3
initial apicid	: 3
fdiv_bug	: no
hlt_bug		: no
f00f_bug	: no
coma_bug	: no
fpu		: yes
fpu_exception	: yes
cpuid level	: 5
wp		: yes
flags		: fpu vme de pse tsc msr pae mce cx8 apic mtrr pge mca cmov pat pse36 clflush mmx fxsr sse sse2 ht syscall nx mmxext fxsr_opt pdpe1gb rdtscp lm 3dnowext 3dnow constant_tsc nonstop_tsc extd_apicid pni monitor cx16 popcnt lahf_lm cmp_legacy svm extapic cr8_legacy abm sse4a misalignsse 3dnowprefetch osvw ibs skinit wdt npt lbrv svm_lock nrip_save
bogomips	: 6020.55
clflush size	: 64
cache_alignment	: 64
address sizes	: 48 bits physical, 48 bits virtual
power management: ts ttp tm stc 100mhzsteps hwpstate



Memory: 4k page, physical 3356112k(891620k free), swap 14645240k(14645240k free)

vm_info: Java HotSpot(TM) Server VM (20.1-b02) for linux-x86 JRE (1.6.0_26-b03), built on May  4 2011 01:04:10 by "java_re" with gcc 3.2.1-7a (J2SE release)

time: Thu Apr  5 20:03:58 2012
elapsed time: 1 seconds

